epsilon_k[0] 0.1
epsilon_k[0] 2.18e-05
epsilon_k[0] 7.08e-05
epsilon_k[0] 2.54e-05
epsilon_k[0] 1e-05
epsilon_k[0] 7.8e-06
epsilon_k[0] 0.218
omega_x0 0.28
omega_y0 0.31
dx 0.01
n_theta 100
dtheta 0.00785398
epsilon 16
max_turns 10000000
from_angle 88
to_angle 96
0.69115 1e+07 1.54716e+06 2728 2055 1457 942 
0.699004 1e+07 2.17306e+06 2727 2041 1301 945 
0.706858 1e+07 570279 2727 2038 1293 944 
0.714712 1e+07 413554 2727 2038 1235 940 
0.722566 1e+07 2.68586e+06 2727 2041 1233 938 
0.73042 1e+07 1.05853e+06 2736 2062 1231 943 
0.738274 1e+07 501458 2728 2096 1228 937 
0.746128 1e+07 370477 2728 2182 1226 936 
0.753982 1e+07 2.36006e+06 2727 2157 1226 935 
