epsilon_k[0] 0.1
epsilon_k[0] 2.18e-05
epsilon_k[0] 7.08e-05
epsilon_k[0] 2.54e-05
epsilon_k[0] 1e-05
epsilon_k[0] 7.8e-06
epsilon_k[0] 0.218
omega_x0 0.28
omega_y0 0.31
dx 0.01
n_theta 100
dtheta 0.00785398
epsilon 6
max_turns 10000000
from_angle 56
to_angle 64
0.439823 1e+07 13343 4244 3096 2112 1215 1094 771 
0.447677 1e+07 13917 4304 3097 2125 1243 1086 771 
0.455531 1e+07 15136 4440 3099 2197 1248 1067 771 
0.463385 1e+07 17125 4460 3297 2333 1243 1065 771 
0.471239 1e+07 20670 4569 3215 2426 1241 1065 771 
0.479093 1e+07 110775 4592 3216 3216 1246 1064 772 
0.486947 1e+07 38453 4591 3259 3259 1247 1064 772 
0.494801 1e+07 31643 4595 3305 3305 1257 1064 772 
