epsilon_k[0] 0.0001
epsilon_k[1] 2.18e-05
epsilon_k[2] 7.08e-05
epsilon_k[3] 2.54e-05
epsilon_k[4] 1e-05
epsilon_k[5] 7.8e-06
epsilon_k[6] 2.18e-05
omega_x0 0.31
omega_y0 0.32
dx 0.01
epsilon 64
max_turns 10000000
from_y 8
to_y 16
0.08 1e+07 1e+07 1e+07 1e+07 1e+07 1e+07 1e+07 1e+07 1e+07 1e+07 1e+07 9595 9595 4399 3594 909 
0.09 1e+07 1e+07 1e+07 1e+07 1e+07 1e+07 1e+07 1e+07 1e+07 1e+07 1e+07 8682 8682 8682 5232 880 
0.1 1e+07 1e+07 1e+07 1e+07 1e+07 1e+07 1e+07 1e+07 9.79242e+06 338624 338624 5225 2683 1852 1852 878 
0.11 1e+07 1e+07 1e+07 1e+07 1e+07 6.28434e+06 6.28434e+06 1.1685e+06 298688 216184 11294 4365 4365 3514 878 
0.12 1e+07 1e+07 1e+07 1e+07 1.64512e+06 1.26747e+06 223151 72066 7820 7820 3491 3491 3491 3491 628 
0.13 27810 27810 27810 27810 27810 27810 27810 22611 17384 17384 6124 6124 2626 2056 88 
0.14 2639 2639 2639 2639 2639 2639 2639 2639 2639 1765 1755 1755 1755 1755 39 
0.15 871 
