epsilon_k[0] 0.0001
epsilon_k[1] 2.18e-05
epsilon_k[2] 7.08e-05
epsilon_k[3] 2.54e-05
epsilon_k[4] 1e-05
epsilon_k[5] 7.8e-06
epsilon_k[6] 2.18e-05
omega_x0 0.28
omega_y0 0.31
dx 0.001
epsilon 12
max_turns 10000000
from_y 400
to_y 480
0.4 19 20 20 20 21 21 22 23 24 27 78 235 96 567 207 399 405 276 146 78 185 59 51 49 49 49 51 244 1902 904 644 374 1071 152 870 810 127 128 95 574 1818 839 2694 582 1475 884 3524 60756 2566 1803 2638 13984 26896 27822 3601 16531 13912 65410 20844 61622 39129 81070 43489 120632 13577 13895 12178 34592 12742 28670 9639 18102 15642 12432 6083 2482 7545 2554 4080 5179 
0.401 19 19 19 20 20 20 21 21 22 23 24 27 148 321 96 672 352 1971 314 152 106 78 350 52 50 49 49 49 52 228 1659 554 808 109 1747 601 592 130 8714 93 316 870 156 907 1727 795 22608 1127 2627 15933 22540 3131 3785 3183 4933 17032 8656 26992 41920 26773 13821 13257 38127 15612 24156 47748 11337 40909 15578 14888 26905 3571 15642 17390 4601 1822 5182 29482 4933 5242 
0.402 18 19 19 19 19 20 20 20 21 22 22 23 25 27 55 142 101 285 304 201 315 100 385 109 554 50 49 48 48 50 55 2654 906 139 79 134 147 810 69 100 93 944 1726 586 371 306 948 803 5217 3480 5154 24167 3760 22611 34713 6075 11296 6331 29510 43546 13849 22519 24464 7759 23826 14862 3639 24546 7751 10619 75858 11288 50364 3616 1848 1507 2643 4585 2625 2654 
0.403 18 18 18 19 19 19 19 20 20 21 21 22 22 23 25 28 55 85 222 197 140 316 325 447 77 126 52 49 48 48 49 50 81 2625 146 82 878 90 306 66 66 95 226 788 212 835 286 753 1571 14676 20287 5361 5426 11010 3503 2503 9710 13946 6121 28901 2623 3754 4561 8123 14691 17671 4293 15615 36435 4016 15354 3449 18946 3783 10717 2485 2014 1828 1732 2550 
0.404 18 18 18 18 18 19 19 19 19 20 20 21 21 22 22 23 25 29 1344 318 121 203 136 199 350 255 79 87 50 48 48 48 49 52 1741 1697 253 187 158 294 65 64 169 2062 219 236 1773 3282 3409 4949 2266 2613 4267 1209 3567 1125 2319 6122 3707 4741 5039 2829 13049 1723 2050 1109 3228 4340 4418 4467 7562 3111 15645 2566 3330 3235 1154 11425 909 580 
0.405 17 18 18 18 18 18 18 19 19 19 19 20 20 21 21 22 22 23 25 31 183 95 389 397 139 364 287 164 287 52 49 48 48 48 50 593 580 524 76 105 448 66 63 155 252 206 1785 242 730 1111 2293 955 1531 730 2325 3200 2675 1042 2534 1444 1160 1675 1965 4131 8462 3439 5789 4441 4189 3496 1117 2367 72980 6076 4941 1476 2955 931 763 740 
0.406 17 17 17 18 18 18 18 18 18 19 19 19 19 20 20 21 21 22 23 24 26 63 307 99 139 717 159 769 93 76 156 50 48 48 48 48 51 631 887 83 1043 353 67 62 227 487 109 597 725 1005 1790 2706 2590 1711 415 376 763 1763 691 2743 2604 1731 1849 1435 2053 2379 1164 2527 2427 5211 1873 1104 2330 1740 3123 1399 1597 1764 9923 513 
0.407 17 17 17 17 17 18 18 18 18 18 18 19 19 19 20 20 20 21 21 22 23 24 26 74 69 544 190 322 730 455 145 136 53 49 48 47 48 49 94 322 269 77 88 536 62 863 441 111 137 222 6090 952 1460 3117 987 1011 308 678 789 206 494 934 865 970 3522 5836 1677 1695 865 1025 1735 7731 572 1114 1583 946 845 1658 1166 613 
0.408 17 17 17 17 17 17 17 18 18 18 18 18 18 19 19 19 20 20 20 21 21 22 23 24 27 54 188 204 164 228 172 144 81 343 50 48 47 47 48 50 122 735 75 483 250 61 65 135 137 694 319 857 1006 2311 813 154 125 332 347 1747 244 561 125 153 553 911 2411 1393 1021 309 612 1449 1147 1611 541 313 824 763 563 298 
0.409 16 17 17 17 17 17 17 17 17 18 18 18 18 18 19 19 19 19 20 20 20 21 21 22 23 25 28 100 99 110 134 635 238 90 76 54 49 47 47 47 48 56 1550 297 211 511 61 63 121 182 495 526 572 2005 584 876 231 371 79 80 80 79 79 19760 1757 140 328 2851 980 297 652 264 250 267 2072 1125 152 138 622 215 
0.41 16 16 16 17 17 17 17 17 17 17 17 18 18 18 18 18 19 19 19 19 20 20 20 21 21 22 23 25 31 70 109 108 262 173 331 130 123 50 48 47 47 47 50 172 281 75 149 62 62 153 297 194 690 581 1258 590 127 79 387 94 97 102 92 538 1692 78 108 124 671 656 1056 297 95 96 94 141 411 316 137 109 
0.411 16 16 16 16 16 17 17 17 17 17 17 17 17 18 18 18 18 18 19 19 19 19 20 20 20 21 22 22 24 26 259 71 133 108 286 183 1175 76 58 49 47 47 47 48 55 162 75 214 63 61 90 117 702 132 943 640 402 79 93 264 67 66 66 67 666 444 1594 82 82 123 437 628 136 399 297 137 331 576 937 126 
0.412 16 16 16 16 16 16 16 17 17 17 17 17 17 17 17 18 18 18 18 18 19 19 19 19 20 20 21 21 22 23 24 26 55 121 208 184 262 632 89 340 50 48 47 47 47 49 120 104 216 71 60 118 81 245 949 227 274 600 94 67 66 68 69 69 66 65 65 69 147 390 79 417 444 250 575 81 80 82 188 648 
0.413 16 16 16 16 16 16 16 16 16 17 17 17 17 17 17 17 17 18 18 18 18 18 19 19 19 19 20 20 21 21 22 23 24 28 107 344 429 278 119 175 243 85 49 47 46 47 48 56 160 74 158 60 100 78 375 114 612 254 167 66 69 267 229 112 115 271 156 69 64 65 309 108 81 453 391 264 91 310 120 80 
0.414 16 16 16 16 16 16 16 16 16 16 16 17 17 17 17 17 17 17 17 18 18 18 18 18 19 19 19 19 20 20 21 21 22 23 25 31 69 1290 179 95 108 545 76 51 47 47 46 47 49 207 76 87 60 63 78 179 104 780 97 77 71 113 48 42 42 42 46 89 116 903 65 64 184 502 183 157 95 499 60 88 
0.415 15 15 16 16 16 16 16 16 16 16 16 16 16 17 17 17 17 17 17 17 18 18 18 18 18 18 19 19 19 20 20 20 21 22 22 23 26 104 202 975 106 92 172 92 288 49 47 46 46 48 64 277 160 61 61 79 106 102 247 79 66 112 42 40 39 38 38 39 40 44 111 228 66 63 632 79 249 293 127 55 
0.416 15 15 15 15 16 16 16 16 16 16 16 16 16 16 16 17 17 17 17 17 17 17 18 18 18 18 18 18 19 19 19 20 20 20 21 22 23 24 27 130 1792 2856 142 95 209 75 51 47 46 46 47 49 292 73 67 60 318 103 102 380 93 111 43 39 38 37 37 37 37 38 38 41 85 128 66 63 194 76 117 82 
0.417 15 15 15 15 15 15 16 16 16 16 16 16 16 16 16 16 16 17 17 17 17 17 17 17 18 18 18 18 18 19 19 19 19 20 20 21 21 22 23 25 29 70 879 211 91 95 150 117 48 47 46 46 48 85 313 104 60 92 130 156 219 68 115 40 38 37 36 36 36 36 36 37 38 40 86 421 65 63 90 93 
0.418 15 15 15 15 15 15 15 15 16 16 16 16 16 16 16 16 16 16 16 17 17 17 17 17 17 17 18 18 18 18 18 19 19 19 19 20 20 21 21 22 23 25 215 1792 1747 281 205 8939 79 51 47 46 46 47 50 118 328 60 166 331 156 120 66 42 38 37 36 36 35 35 35 35 36 36 37 39 87 255 63 65 
0.419 15 15 15 15 15 15 15 15 15 15 16 16 16 16 16 16 16 16 16 16 16 17 17 17 17 17 17 17 18 18 18 18 18 19 19 19 20 20 20 21 22 22 24 27 122 149 11325 348 71 172 169 48 46 46 46 48 160 73 61 62 94 257 106 71 40 37 36 36 35 35 35 35 35 35 35 36 37 40 204 299 
0.42 15 15 15 15 15 15 15 15 15 15 15 15 16 16 16 16 16 16 16 16 16 16 16 17 17 17 17 17 17 17 18 18 18 18 18 19 19 19 20 20 20 21 22 23 24 29 271 1116 948 109 124 110 51 47 46 46 47 51 210 120 60 115 142 160 168 39 37 36 35 35 34 34 34 34 34 35 35 36 37 41 
0.421 15 15 15 15 15 15 15 15 15 15 15 15 15 15 16 16 16 16 16 16 16 16 16 16 17 17 17 17 17 17 17 17 18 18 18 18 18 19 19 19 20 20 21 21 22 23 25 123 124 537 175 67 1832 108 48 46 46 46 48 231 101 59 76 74 100 125 38 36 35 35 34 34 34 34 34 34 34 35 35 36 
0.422 15 15 15 15 15 15 15 15 15 15 15 15 15 15 15 15 16 16 16 16 16 16 16 16 16 16 17 17 17 17 17 17 17 18 18 18 18 18 19 19 19 19 20 20 21 22 22 24 27 67 869 1749 91 66 88 51 47 46 46 47 55 73 60 140 71 112 250 38 36 35 34 34 34 33 33 33 34 34 34 34 
0.423 14 14 14 15 15 15 15 15 15 15 15 15 15 15 15 15 15 15 16 16 16 16 16 16 16 16 16 16 17 17 17 17 17 17 17 18 18 18 18 18 19 19 19 20 20 20 21 22 23 25 31 156 331 910 67 108 145 48 46 45 46 48 159 62 64 71 59 87 37 36 35 34 34 33 33 33 33 33 33 34 
0.424 14 14 14 14 14 15 15 15 15 15 15 15 15 15 15 15 15 15 15 15 16 16 16 16 16 16 16 16 16 16 17 17 17 17 17 17 17 18 18 18 18 18 19 19 19 20 20 21 21 22 23 26 54 895 733 104 64 89 50 46 45 45 47 147 86 60 121 56 50 37 35 34 34 33 33 33 33 33 33 33 
0.425 14 14 14 14 14 14 14 15 15 15 15 15 15 15 15 15 15 15 15 15 15 15 16 16 16 16 16 16 16 16 16 16 17 17 17 17 17 17 17 18 18 18 18 18 19 19 19 20 20 21 22 23 24 28 118 747 214 69 68 187 47 46 45 46 50 73 59 168 55 115 37 35 34 34 33 33 33 33 33 33 
0.426 14 14 14 14 14 14 14 14 14 15 15 15 15 15 15 15 15 15 15 15 15 15 15 15 16 16 16 16 16 16 16 16 16 16 17 17 17 17 17 17 17 18 18 18 18 19 19 19 20 20 20 21 22 23 25 66 374 174 146 64 156 50 46 45 45 47 91 60 75 55 145 37 35 34 33 33 33 32 32 32 
0.427 14 14 14 14 14 14 14 14 14 14 14 15 15 15 15 15 15 15 15 15 15 15 15 15 15 15 16 16 16 16 16 16 16 16 16 16 17 17 17 17 17 17 18 18 18 18 18 19 19 19 20 20 21 21 22 24 27 84 813 120 824 65 99 47 45 45 46 80 84 108 57 94 37 35 34 33 33 33 32 32 
0.428 14 14 14 14 14 14 14 14 14 14 14 14 14 15 15 15 15 15 15 15 15 15 15 15 15 15 15 15 16 16 16 16 16 16 16 16 16 17 17 17 17 17 17 17 18 18 18 18 18 19 19 19 20 20 21 22 23 25 35 746 906 933 63 207 49 46 45 45 48 72 60 82 70 37 35 34 33 33 32 32 
0.429 14 14 14 14 14 14 14 14 14 14 14 14 14 14 14 15 15 15 15 15 15 15 15 15 15 15 15 15 15 15 16 16 16 16 16 16 16 16 16 17 17 17 17 17 17 17 18 18 18 18 19 19 19 20 20 21 21 22 23 26 95 627 124 88 64 83 46 45 45 47 92 59 68 67 37 35 34 33 33 32 
0.43 14 14 14 14 14 14 14 14 14 14 14 14 14 14 14 14 14 15 15 15 15 15 15 15 15 15 15 15 15 15 15 15 16 16 16 16 16 16 16 16 16 17 17 17 17 17 17 18 18 18 18 18 19 19 19 20 20 21 22 23 24 31 613 1275 121 62 87 48 45 45 46 54 61 155 74 38 35 34 33 32 
0.431 14 14 14 14 14 14 14 14 14 14 14 14 14 14 14 14 14 14 14 15 15 15 15 15 15 15 15 15 15 15 15 15 15 16 16 16 16 16 16 16 16 16 16 17 17 17 17 17 17 18 18 18 18 18 19 19 19 20 20 21 22 23 26 69 755 118 92 63 52 46 45 45 48 77 78 54 38 35 34 33 
0.432 14 14 14 14 14 14 14 14 14 14 14 14 14 14 14 14 14 14 14 14 14 15 15 15 15 15 15 15 15 15 15 15 15 15 15 16 16 16 16 16 16 16 16 16 17 17 17 17 17 17 17 18 18 18 18 19 19 19 20 20 21 21 22 24 30 913 309 83 62 76 47 45 45 46 89 60 53 39 35 34 
0.433 13 13 14 14 14 14 14 14 14 14 14 14 14 14 14 14 14 14 14 14 14 14 14 15 15 15 15 15 15 15 15 15 15 15 15 15 15 16 16 16 16 16 16 16 16 16 17 17 17 17 17 17 17 18 18 18 18 19 19 19 20 20 21 22 23 26 72 390 120 69 63 49 45 45 45 53 58 55 40 35 
0.434 13 13 13 13 14 14 14 14 14 14 14 14 14 14 14 14 14 14 14 14 14 14 14 14 14 15 15 15 15 15 15 15 15 15 15 15 15 15 15 16 16 16 16 16 16 16 16 16 17 17 17 17 17 17 18 18 18 18 18 19 19 20 20 21 21 22 24 30 897 243 80 61 99 46 45 45 47 63 68 42 
0.435 13 13 13 13 13 13 14 14 14 14 14 14 14 14 14 14 14 14 14 14 14 14 14 14 14 14 14 15 15 15 15 15 15 15 15 15 15 15 15 15 15 16 16 16 16 16 16 16 16 16 17 17 17 17 17 17 18 18 18 18 19 19 19 20 20 21 22 23 26 141 876 117 65 65 48 45 45 46 74 91 
0.436 13 13 13 13 13 13 13 13 14 14 14 14 14 14 14 14 14 14 14 14 14 14 14 14 14 14 14 14 14 15 15 15 15 15 15 15 15 15 15 15 15 15 15 16 16 16 16 16 16 16 16 17 17 17 17 17 17 18 18 18 18 18 19 19 20 20 21 21 22 24 31 8710 380 79 61 53 45 44 45 80 
0.437 13 13 13 13 13 13 13 13 13 13 13 14 14 14 14 14 14 14 14 14 14 14 14 14 14 14 14 14 14 14 14 15 15 15 15 15 15 15 15 15 15 15 15 15 16 16 16 16 16 16 16 16 16 17 17 17 17 17 17 18 18 18 18 19 19 19 20 20 21 22 23 26 866 760 133 62 126 47 45 45 
0.438 13 13 13 13 13 13 13 13 13 13 13 13 13 14 14 14 14 14 14 14 14 14 14 14 14 14 14 14 14 14 14 14 14 15 15 15 15 15 15 15 15 15 15 15 15 15 16 16 16 16 16 16 16 16 16 17 17 17 17 17 17 18 18 18 18 19 19 19 20 21 21 22 24 34 870 149 623 61 49 45 
0.439 13 13 13 13 13 13 13 13 13 13 13 13 13 13 13 14 14 14 14 14 14 14 14 14 14 14 14 14 14 14 14 14 14 14 14 15 15 15 15 15 15 15 15 15 15 15 15 15 16 16 16 16 16 16 16 16 17 17 17 17 17 17 18 18 18 18 19 19 19 20 20 21 22 23 26 49 903 79 61 73 
0.44 13 13 13 13 13 13 13 13 13 13 13 13 13 13 13 13 13 14 14 14 14 14 14 14 14 14 14 14 14 14 14 14 14 14 14 14 14 15 15 15 15 15 15 15 15 15 15 15 15 15 16 16 16 16 16 16 16 16 17 17 17 17 17 17 18 18 18 18 19 19 19 20 21 21 22 25 62 916 96 84 
0.441 13 13 13 13 13 13 13 13 13 13 13 13 13 13 13 13 13 13 13 14 14 14 14 14 14 14 14 14 14 14 14 14 14 14 14 14 14 14 14 15 15 15 15 15 15 15 15 15 15 15 15 16 16 16 16 16 16 16 16 16 17 17 17 17 17 18 18 18 18 19 19 19 20 20 21 22 23 27 48 861 
0.442 13 13 13 13 13 13 13 13 13 13 13 13 13 13 13 13 13 13 13 13 13 14 14 14 14 14 14 14 14 14 14 14 14 14 14 14 14 14 14 14 14 15 15 15 15 15 15 15 15 15 15 15 15 16 16 16 16 16 16 16 16 17 17 17 17 17 17 18 18 18 18 19 19 19 20 21 21 23 25 82 
0.443 13 13 13 13 13 13 13 13 13 13 13 13 13 13 13 13 13 13 13 13 13 13 13 14 14 14 14 14 14 14 14 14 14 14 14 14 14 14 14 14 14 14 14 15 15 15 15 15 15 15 15 15 15 15 15 16 16 16 16 16 16 16 16 17 17 17 17 17 17 18 18 18 19 19 19 20 20 21 22 24 
0.444 13 13 13 13 13 13 13 13 13 13 13 13 13 13 13 13 13 13 13 13 13 13 13 13 13 13 14 14 14 14 14 14 14 14 14 14 14 14 14 14 14 14 14 14 14 15 15 15 15 15 15 15 15 15 15 15 16 16 16 16 16 16 16 16 17 17 17 17 17 17 18 18 18 18 19 19 20 20 21 22 
0.445 13 13 13 13 13 13 13 13 13 13 13 13 13 13 13 13 13 13 13 13 13 13 13 13 13 13 13 13 14 14 14 14 14 14 14 14 14 14 14 14 14 14 14 14 14 14 15 15 15 15 15 15 15 15 15 15 15 15 16 16 16 16 16 16 16 16 17 17 17 17 17 17 18 18 18 19 19 19 20 20 
0.446 13 13 13 13 13 13 13 13 13 13 13 13 13 13 13 13 13 13 13 13 13 13 13 13 13 13 13 13 13 13 14 14 14 14 14 14 14 14 14 14 14 14 14 14 14 14 14 14 15 15 15 15 15 15 15 15 15 15 15 15 16 16 16 16 16 16 16 16 17 17 17 17 17 18 18 18 18 19 19 20 
0.447 12 12 13 13 13 13 13 13 13 13 13 13 13 13 13 13 13 13 13 13 13 13 13 13 13 13 13 13 13 13 13 13 14 14 14 14 14 14 14 14 14 14 14 14 14 14 14 14 14 14 15 15 15 15 15 15 15 15 15 15 15 16 16 16 16 16 16 16 16 17 17 17 17 17 17 18 18 18 19 19 
0.448 12 12 12 12 13 13 13 13 13 13 13 13 13 13 13 13 13 13 13 13 13 13 13 13 13 13 13 13 13 13 13 13 13 13 14 14 14 14 14 14 14 14 14 14 14 14 14 14 14 14 14 14 15 15 15 15 15 15 15 15 15 15 15 16 16 16 16 16 16 16 16 17 17 17 17 17 18 18 18 18 
0.449 12 12 12 12 12 12 13 13 13 13 13 13 13 13 13 13 13 13 13 13 13 13 13 13 13 13 13 13 13 13 13 13 13 13 13 13 14 14 14 14 14 14 14 14 14 14 14 14 14 14 14 14 14 14 15 15 15 15 15 15 15 15 15 15 15 16 16 16 16 16 16 16 17 17 17 17 17 17 18 18 
0.45 12 12 12 12 12 12 12 12 12 13 13 13 13 13 13 13 13 13 13 13 13 13 13 13 13 13 13 13 13 13 13 13 13 13 13 13 13 13 14 14 14 14 14 14 14 14 14 14 14 14 14 14 14 14 14 15 15 15 15 15 15 15 15 15 15 15 16 16 16 16 16 16 16 16 17 17 17 17 17 18 
0.451 12 12 12 12 12 12 12 12 12 12 12 13 13 13 13 13 13 13 13 13 13 13 13 13 13 13 13 13 13 13 13 13 13 13 13 13 13 13 13 13 14 14 14 14 14 14 14 14 14 14 14 14 14 14 14 14 14 15 15 15 15 15 15 15 15 15 15 15 16 16 16 16 16 16 16 17 17 17 17 17 
0.452 12 12 12 12 12 12 12 12 12 12 12 12 12 13 13 13 13 13 13 13 13 13 13 13 13 13 13 13 13 13 13 13 13 13 13 13 13 13 13 13 13 13 14 14 14 14 14 14 14 14 14 14 14 14 14 14 14 14 14 15 15 15 15 15 15 15 15 15 15 16 16 16 16 16 16 16 16 17 17 17 
0.453 12 12 12 12 12 12 12 12 12 12 12 12 12 12 12 12 13 13 13 13 13 13 13 13 13 13 13 13 13 13 13 13 13 13 13 13 13 13 13 13 13 13 13 14 14 14 14 14 14 14 14 14 14 14 14 14 14 14 14 14 15 15 15 15 15 15 15 15 15 15 15 16 16 16 16 16 16 16 17 17 
0.454 12 12 12 12 12 12 12 12 12 12 12 12 12 12 12 12 12 12 13 13 13 13 13 13 13 13 13 13 13 13 13 13 13 13 13 13 13 13 13 13 13 13 13 13 13 14 14 14 14 14 14 14 14 14 14 14 14 14 14 14 14 14 15 15 15 15 15 15 15 15 15 15 15 16 16 16 16 16 16 16 
0.455 12 12 12 12 12 12 12 12 12 12 12 12 12 12 12 12 12 12 12 12 13 13 13 13 13 13 13 13 13 13 13 13 13 13 13 13 13 13 13 13 13 13 13 13 13 13 13 14 14 14 14 14 14 14 14 14 14 14 14 14 14 14 14 14 15 15 15 15 15 15 15 15 15 15 16 16 16 16 16 16 
0.456 12 12 12 12 12 12 12 12 12 12 12 12 12 12 12 12 12 12 12 12 12 12 13 13 13 13 13 13 13 13 13 13 13 13 13 13 13 13 13 13 13 13 13 13 13 13 13 13 13 14 14 14 14 14 14 14 14 14 14 14 14 14 14 14 14 14 15 15 15 15 15 15 15 15 15 15 16 16 16 16 
0.457 12 12 12 12 12 12 12 12 12 12 12 12 12 12 12 12 12 12 12 12 12 12 12 12 12 13 13 13 13 13 13 13 13 13 13 13 13 13 13 13 13 13 13 13 13 13 13 13 13 13 13 14 14 14 14 14 14 14 14 14 14 14 14 14 14 14 14 15 15 15 15 15 15 15 15 15 15 16 16 16 
0.458 12 12 12 12 12 12 12 12 12 12 12 12 12 12 12 12 12 12 12 12 12 12 12 12 12 12 12 13 13 13 13 13 13 13 13 13 13 13 13 13 13 13 13 13 13 13 13 13 13 13 13 13 13 14 14 14 14 14 14 14 14 14 14 14 14 14 14 14 14 15 15 15 15 15 15 15 15 15 15 16 
0.459 12 12 12 12 12 12 12 12 12 12 12 12 12 12 12 12 12 12 12 12 12 12 12 12 12 12 12 12 12 13 13 13 13 13 13 13 13 13 13 13 13 13 13 13 13 13 13 13 13 13 13 13 13 13 13 14 14 14 14 14 14 14 14 14 14 14 14 14 14 14 15 15 15 15 15 15 15 15 15 15 
0.46 12 12 12 12 12 12 12 12 12 12 12 12 12 12 12 12 12 12 12 12 12 12 12 12 12 12 12 12 12 12 12 13 13 13 13 13 13 13 13 13 13 13 13 13 13 13 13 13 13 13 13 13 13 13 13 13 14 14 14 14 14 14 14 14 14 14 14 14 14 14 14 14 15 15 15 15 15 15 15 15 
0.461 12 12 12 12 12 12 12 12 12 12 12 12 12 12 12 12 12 12 12 12 12 12 12 12 12 12 12 12 12 12 12 12 12 13 13 13 13 13 13 13 13 13 13 13 13 13 13 13 13 13 13 13 13 13 13 13 13 13 14 14 14 14 14 14 14 14 14 14 14 14 14 14 14 14 15 15 15 15 15 15 
0.462 12 12 12 12 12 12 12 12 12 12 12 12 12 12 12 12 12 12 12 12 12 12 12 12 12 12 12 12 12 12 12 12 12 12 12 13 13 13 13 13 13 13 13 13 13 13 13 13 13 13 13 13 13 13 13 13 13 13 13 13 14 14 14 14 14 14 14 14 14 14 14 14 14 14 14 15 15 15 15 15 
0.463 12 12 12 12 12 12 12 12 12 12 12 12 12 12 12 12 12 12 12 12 12 12 12 12 12 12 12 12 12 12 12 12 12 12 12 12 12 13 13 13 13 13 13 13 13 13 13 13 13 13 13 13 13 13 13 13 13 13 13 13 13 13 14 14 14 14 14 14 14 14 14 14 14 14 14 14 14 15 15 15 
0.464 12 12 12 12 12 12 12 12 12 12 12 12 12 12 12 12 12 12 12 12 12 12 12 12 12 12 12 12 12 12 12 12 12 12 12 12 12 12 12 13 13 13 13 13 13 13 13 13 13 13 13 13 13 13 13 13 13 13 13 13 13 13 13 14 14 14 14 14 14 14 14 14 14 14 14 14 14 14 15 15 
0.465 11 12 12 12 12 12 12 12 12 12 12 12 12 12 12 12 12 12 12 12 12 12 12 12 12 12 12 12 12 12 12 12 12 12 12 12 12 12 12 12 12 13 13 13 13 13 13 13 13 13 13 13 13 13 13 13 13 13 13 13 13 13 13 13 13 14 14 14 14 14 14 14 14 14 14 14 14 14 14 14 
0.466 11 11 11 12 12 12 12 12 12 12 12 12 12 12 12 12 12 12 12 12 12 12 12 12 12 12 12 12 12 12 12 12 12 12 12 12 12 12 12 12 12 12 12 13 13 13 13 13 13 13 13 13 13 13 13 13 13 13 13 13 13 13 13 13 13 13 13 14 14 14 14 14 14 14 14 14 14 14 14 14 
0.467 11 11 11 11 11 11 12 12 12 12 12 12 12 12 12 12 12 12 12 12 12 12 12 12 12 12 12 12 12 12 12 12 12 12 12 12 12 12 12 12 12 12 12 12 12 13 13 13 13 13 13 13 13 13 13 13 13 13 13 13 13 13 13 13 13 13 13 13 13 14 14 14 14 14 14 14 14 14 14 14 
0.468 11 11 11 11 11 11 11 11 12 12 12 12 12 12 12 12 12 12 12 12 12 12 12 12 12 12 12 12 12 12 12 12 12 12 12 12 12 12 12 12 12 12 12 12 12 12 12 13 13 13 13 13 13 13 13 13 13 13 13 13 13 13 13 13 13 13 13 13 13 13 14 14 14 14 14 14 14 14 14 14 
0.469 11 11 11 11 11 11 11 11 11 11 11 12 12 12 12 12 12 12 12 12 12 12 12 12 12 12 12 12 12 12 12 12 12 12 12 12 12 12 12 12 12 12 12 12 12 12 12 12 12 13 13 13 13 13 13 13 13 13 13 13 13 13 13 13 13 13 13 13 13 13 13 13 14 14 14 14 14 14 14 14 
0.47 11 11 11 11 11 11 11 11 11 11 11 11 11 12 12 12 12 12 12 12 12 12 12 12 12 12 12 12 12 12 12 12 12 12 12 12 12 12 12 12 12 12 12 12 12 12 12 12 12 12 12 13 13 13 13 13 13 13 13 13 13 13 13 13 13 13 13 13 13 13 13 13 13 13 14 14 14 14 14 14 
0.471 11 11 11 11 11 11 11 11 11 11 11 11 11 11 11 11 12 12 12 12 12 12 12 12 12 12 12 12 12 12 12 12 12 12 12 12 12 12 12 12 12 12 12 12 12 12 12 12 12 12 12 12 12 13 13 13 13 13 13 13 13 13 13 13 13 13 13 13 13 13 13 13 13 13 13 14 14 14 14 14 
0.472 11 11 11 11 11 11 11 11 11 11 11 11 11 11 11 11 11 11 12 12 12 12 12 12 12 12 12 12 12 12 12 12 12 12 12 12 12 12 12 12 12 12 12 12 12 12 12 12 12 12 12 12 12 12 12 13 13 13 13 13 13 13 13 13 13 13 13 13 13 13 13 13 13 13 13 13 13 14 14 14 
0.473 11 11 11 11 11 11 11 11 11 11 11 11 11 11 11 11 11 11 11 11 11 12 12 12 12 12 12 12 12 12 12 12 12 12 12 12 12 12 12 12 12 12 12 12 12 12 12 12 12 12 12 12 12 12 12 12 12 13 13 13 13 13 13 13 13 13 13 13 13 13 13 13 13 13 13 13 13 13 13 14 
0.474 11 11 11 11 11 11 11 11 11 11 11 11 11 11 11 11 11 11 11 11 11 11 11 12 12 12 12 12 12 12 12 12 12 12 12 12 12 12 12 12 12 12 12 12 12 12 12 12 12 12 12 12 12 12 12 12 12 12 12 13 13 13 13 13 13 13 13 13 13 13 13 13 13 13 13 13 13 13 13 13 
0.475 11 11 11 11 11 11 11 11 11 11 11 11 11 11 11 11 11 11 11 11 11 11 11 11 11 12 12 12 12 12 12 12 12 12 12 12 12 12 12 12 12 12 12 12 12 12 12 12 12 12 12 12 12 12 12 12 12 12 12 12 13 13 13 13 13 13 13 13 13 13 13 13 13 13 13 13 13 13 13 13 
0.476 11 11 11 11 11 11 11 11 11 11 11 11 11 11 11 11 11 11 11 11 11 11 11 11 11 11 11 12 12 12 12 12 12 12 12 12 12 12 12 12 12 12 12 12 12 12 12 12 12 12 12 12 12 12 12 12 12 12 12 12 12 12 13 13 13 13 13 13 13 13 13 13 13 13 13 13 13 13 13 13 
0.477 11 11 11 11 11 11 11 11 11 11 11 11 11 11 11 11 11 11 11 11 11 11 11 11 11 11 11 11 11 11 12 12 12 12 12 12 12 12 12 12 12 12 12 12 12 12 12 12 12 12 12 12 12 12 12 12 12 12 12 12 12 12 12 12 13 13 13 13 13 13 13 13 13 13 13 13 13 13 13 13 
0.478 11 11 11 11 11 11 11 11 11 11 11 11 11 11 11 11 11 11 11 11 11 11 11 11 11 11 11 11 11 11 11 11 12 12 12 12 12 12 12 12 12 12 12 12 12 12 12 12 12 12 12 12 12 12 12 12 12 12 12 12 12 12 12 12 12 12 13 13 13 13 13 13 13 13 13 13 13 13 13 13 
0.479 11 11 11 11 11 11 11 11 11 11 11 11 11 11 11 11 11 11 11 11 11 11 11 11 11 11 11 11 11 11 11 11 11 11 12 12 12 12 12 12 12 12 12 12 12 12 12 12 12 12 12 12 12 12 12 12 12 12 12 12 12 12 12 12 12 12 12 12 13 13 13 13 13 13 13 13 13 13 13 13 
