epsilon_k[0] 0.1
epsilon_k[0] 2.18e-05
epsilon_k[0] 7.08e-05
epsilon_k[0] 2.54e-05
epsilon_k[0] 1e-05
epsilon_k[0] 7.8e-06
epsilon_k[0] 0.218
omega_x0 0.168
omega_y0 0.201
dx 0.01
n_theta 100
dtheta 0.00785398
epsilon 12
max_turns 10000000
from_angle 24
to_angle 32
0.188496 1e+07 1e+07 2658 1760 1472 844 
0.19635 1e+07 1e+07 2678 1760 1474 838 
0.204204 1e+07 4.659e+06 2863 1760 1476 841 
0.212058 1e+07 1.43256e+06 2867 1762 1490 906 
0.219911 1e+07 296719 2879 1765 1536 1536 626 
0.227765 1e+07 5.64295e+06 2908 1764 1548 979 
0.235619 1e+07 74380 2877 1766 1575 942 
0.243473 1e+07 458480 2872 1769 1586 982 
