epsilon_k[0] 0.0001
epsilon_k[1] 2.18e-05
epsilon_k[2] 7.08e-05
epsilon_k[3] 2.54e-05
epsilon_k[4] 1e-05
epsilon_k[5] 7.8e-06
epsilon_k[6] 2.18e-05
omega_x0 0.168
omega_y0 0.201
dx 0.01
epsilon 6
max_turns 10000000
from_y 64
to_y 72
0.64 170 435 229 308 186 81 69 294 1614 490 152 104 182 24 77 24 73 123 36 48 165 220 82 145 18 38 47 28 32 36 24 18 20 73 11 10 9 9 9 9 9 9 9 9 9 9 10 42 16 20 13 16 14 13 17 24 43 14 15 12 11 18 12 11 9 9 9 9 8 8 8 8 9 9 9 13 12 12 14 10 
0.65 827 283 756 332 438 311 91 210 145 136 72 52 37 127 61 32 67 34 44 99 116 273 87 25 19 167 45 28 65 20 23 12 9 9 9 8 8 8 8 8 8 8 8 8 8 8 8 8 9 9 20 33 14 12 21 12 14 17 18 13 14 11 11 15 12 10 9 9 9 8 8 8 8 8 9 9 12 11 17 28 
0.66 442 233 145 643 97 128 54 129 81 370 123 105 83 81 22 114 37 34 54 56 43 36 37 17 53 52 103 23 21 12 9 9 8 8 8 8 8 8 8 7 7 7 7 7 7 7 8 8 8 8 8 9 10 14 14 11 14 12 15 11 12 13 22 11 16 14 10 9 9 8 8 8 8 8 8 9 9 12 11 15 
0.67 59 225 61 456 234 121 73 33 97 116 52 269 750 29 19 95 49 106 66 88 56 423 17 80 77 24 61 60 10 9 8 8 8 8 8 7 7 7 7 7 7 7 7 7 7 7 7 7 7 7 7 8 8 8 9 11 13 11 14 12 12 10 12 13 12 11 12 10 9 9 8 8 8 8 8 8 9 9 12 11 
0.68 238 61 78 81 211 352 111 165 123 177 127 79 64 70 26 69 36 41 46 31 66 23 27 52 26 60 24 9 8 8 8 8 7 7 7 7 7 7 7 7 7 7 7 7 7 7 7 7 7 7 7 7 7 7 7 8 8 9 18 10 13 19 10 10 20 16 11 14 12 9 9 8 8 8 8 8 8 9 9 12 
0.69 222 99 94 45 93 101 98 63 116 92 37 49 36 17 92 46 35 73 45 27 48 17 59 34 45 13 9 8 8 8 7 7 7 7 7 7 7 7 7 7 7 7 7 7 7 7 7 7 7 7 7 7 7 7 7 7 7 8 8 9 12 10 13 13 10 10 19 12 12 15 9 9 8 8 8 8 8 8 9 9 
0.7 52 40 89 309 57 233 125 33 44 95 63 144 42 17 39 55 247 49 36 38 24 48 96 29 55 9 8 8 8 7 7 7 7 7 7 7 7 7 7 7 7 7 7 6 6 6 6 6 6 6 7 7 7 7 7 7 7 7 7 7 8 8 10 10 12 10 10 10 12 11 12 10 9 8 8 8 8 8 8 9 
0.71 28 111 143 114 67 38 68 90 34 54 35 156 49 16 28 26 100 37 20 62 22 233 15 44 9 8 8 8 7 7 7 7 7 7 7 7 7 7 6 6 6 6 6 6 6 6 6 6 6 6 6 6 6 6 6 7 7 7 7 7 7 7 8 8 9 10 15 9 9 12 11 14 10 9 8 8 8 8 8 8 
