epsilon_k[0] 0.1
epsilon_k[0] 2.18e-05
epsilon_k[0] 7.08e-05
epsilon_k[0] 2.54e-05
epsilon_k[0] 1e-05
epsilon_k[0] 7.8e-06
epsilon_k[0] 0.218
omega_x0 0.31
omega_y0 0.32
dx 0.01
n_theta 100
dtheta 0.00785398
epsilon 10
max_turns 10000000
from_angle 72
to_angle 80
0.565487 1e+07 16077 7846 7846 1947 1787 1098 705 
0.573341 1e+07 16112 7828 7828 1951 1397 1129 629 
0.581195 1e+07 16252 7822 7822 1963 1355 1303 565 
0.589049 1e+07 16445 7821 7821 2004 1353 1353 558 
0.596903 1e+07 16470 8162 8162 1983 1318 1274 557 
0.604757 1e+07 16745 8188 8188 1985 1305 1028 532 
0.612611 1e+07 16738 7428 7428 1992 1290 1132 530 
0.620465 1e+07 17541 7128 7128 2011 1289 1289 490 
0.628319 1e+07 17591 7123 7123 2030 1217 895 
