epsilon_k[0] 0.0001
epsilon_k[1] 2.18e-05
epsilon_k[2] 7.08e-05
epsilon_k[3] 2.54e-05
epsilon_k[4] 1e-05
epsilon_k[5] 7.8e-06
epsilon_k[6] 2.18e-05
omega_x0 0.168
omega_y0 0.201
dx 0.001
epsilon 6
max_turns 10000000
from_y 640
to_y 720
0.64 170 752 2813 340 747 892 4716 358 662 480 435 124 166 530 210 198 674 371 559 186 229 269 475 97 633 142 1398 262 287 371 308 2213 1015 166 318 93 65 108 168 295 186 135 110 137 661 178 278 334 88 69 81 164 218 83 71 329 104 65 52 613 69 65 376 164 75 64 211 393 200 262 294 266 126 99 21588 573 788 145 250 83 
0.641 898 353 192 210 287 280 568 253 903 736 818 424 332 158 159 231 311 787 219 159 143 439 1425 381 214 116 174 323 83 361 351 408 4277 229 109 161 58 86 245 303 457 134 136 110 112 272 422 83 90 199 64 90 281 137 228 478 101 93 101 46 51 85 77 52 243 115 356 266 162 147 137 74 140 106 114 242 259 381 198 82 
0.642 603 257 263 157 1341 6414 226 213 352 604 2292 1272 328 498 2764 533 276 394 341 398 2901 156 437 96 145 2012 123 280 227 89 564 367 242 63 54 219 411 385 391 410 388 178 116 113 215 272 113 64 154 144 131 242 103 90 320 293 137 123 179 74 151 198 44 209 61 357 73 492 129 98 111 129 275 82 51 80 736 121 260 299 
0.643 257 440 863 1015 359 129 373 573 340 672 251 771 465 185 372 2223 305 270 453 199 209 418 1124 212 102 628 404 160 227 520 610 131 63 577 136 615 54 300 159 65 85 123 143 129 149 160 253 84 288 212 105 77 90 166 178 180 264 60 72 71 72 56 46 275 155 95 209 269 176 120 115 91 473 69 147 205 117 69 182 150 
0.644 220 569 223 309 617 1732 977 315 289 492 420 989 554 221 188 638 387 172 433 676 709 299 2247 1160 1419 243 150 162 135 203 88 596 143 65 211 387 437 329 74 210 180 258 811 207 271 148 177 197 279 134 257 283 126 69 122 180 71 97 256 141 183 53 197 43 124 88 161 103 205 218 72 203 145 93 84 359 275 86 98 164 
0.645 90 123 112 175 389 2366 996 4050 1034 160 414 245 347 4097 609 544 578 1081 228 457 269 215 548 348 199 250 704 379 217 88 1447 1009 314 2758 62 115 142 101 102 140 62 207 75 210 366 83 84 211 89 111 92 210 176 156 507 182 182 208 248 58 115 75 44 39 547 181 176 192 109 226 112 270 298 150 68 476 120 346 152 119 
0.646 220 227 99 594 124 216 207 330 125 670 286 519 732 2166 7962 362 583 514 238 160 224 188 249 2412 111 211 183 114 127 132 220 263 200 162 724 376 155 187 907 76 197 111 100 123 265 74 259 252 539 120 355 168 125 243 653 198 67 107 83 67 51 65 232 383 47 57 90 342 111 209 863 3438 95 197 112 42 139 239 73 179 
0.647 133 177 251 121 145 164 518 632 648 164 402 161 247 278 558 606 260 1058 1707 132 141 481 182 370 219 338 257 115 204 153 96 111 321 113 259 96 159 153 153 55 179 76 83 124 261 253 179 85 193 539 173 159 146 140 97 295 138 160 245 78 76 102 146 360 39 93 60 99 345 122 120 96 127 151 74 43 144 164 66 89 
0.648 194 2447 125 262 527 86 116 300 131 177 486 390 161 528 485 498 687 543 210 317 236 304 110 205 345 349 206 89 127 94 122 956 150 436 89 476 321 156 516 92 84 74 119 144 98 83 3671 68 120 941 126 120 77 199 253 147 70 163 286 118 94 74 51 142 57 61 223 67 294 734 125 301 96 227 276 42 325 426 365 123 
0.649 294 5091 237 115 405 149 176 189 398 287 1111 169 556 392 527 512 737 260 793 200 431 275 172 472 614 152 663 91 216 111 347 91 292 67 66 262 242 168 128 219 128 114 162 76 92 100 1577 100 9341 257 1848 209 204 108 391 140 158 442 124 61 198 51 47 73 104 242 93 69 474 140 393 532 162 759 180 42 147 130 101 169 
0.65 827 348 401 303 151 185 303 114 84 127 283 622 251 330 362 104 158 253 639 251 756 161 461 275 385 310 109 154 104 82 332 892 123 214 122 252 90 116 365 485 438 17860 215 114 163 145 137 140 139 105 311 87 101 117 209 125 101 267 93 65 91 174 45 79 161 159 52 147 57 105 210 122 183 142 105 88 100 6130 205 98 
0.651 297 209 161 361 198 256 506 162 160 156 110 104 655 408 230 267 559 223 708 192 480 588 119 137 880 248 242 163 110 248 744 87 263 726 86 276 182 106 65 173 126 220 56 145 52 84 146 109 247 116 1786 198 191 246 92 229 99 139 183 489 60 266 119 66 40 86 75 190 113 114 211 235 196 122 163 131 52 158 119 170 
0.652 147 1264 101 218 169 1540 213 135 186 330 843 276 236 432 431 315 223 189 273 542 308 12057 272 910 228 204 90 153 158 230 105 110 547 219 198 109 638 682 268 1938 96 618 228 85 205 83 61 193 194 2410 152 222 400 72 436 120 261 153 76 73 137 165 68 45 38 64 38 67 247 227 521 235 190 95 131 257 36 374 142 257 
0.653 269 197 1624 779 311 309 123 504 201 236 174 154 266 107 131 241 451 209 600 541 1302 542 1177 176 123 486 780 871 135 172 324 223 270 150 196 234 260 579 191 260 528 66 566 206 178 53 248 130 104 160 182 140 129 402 628 158 76 72 149 349 154 312 52 85 73 53 65 52 71 98 364 81 98 226 193 47 35 99 87 187 
0.654 188 151 131 178 821 225 230 276 101 99 173 168 629 146 113 368 417 346 338 382 379 175 127 451 657 267 6322 1660 138 156 316 99 1071 209 116 206 713 307 328 1572 96 283 191 252 169 229 159 305 67 140 194 214 110 152 202 136 96 55 80 385 189 91 290 49 93 47 103 76 288 63 85 70 152 312 220 152 35 68 70 88 
0.655 148 102 223 1654 263 176 239 164 257 126 125 143 208 177 252 118 141 173 151 428 986 570 417 210 222 312 210 110 79 256 595 736 103 222 332 341 112 159 238 247 156 4842 119 188 68 115 129 110 128 394 93 455 161 125 101 201 148 347 54 65 98 120 95 135 123 40 63 141 111 386 307 84 212 256 515 53 35 321 152 219 
0.656 220 89 110 309 261 498 311 899 86 133 219 91 116 148 555 335 388 420 166 131 261 188 405 189 339 201 147 387 453 88 94 319 1103 440 748 177 512 2191 108 232 141 149 733 298 91 1823 443 116 256 158 3956 287 541 276 578 91 141 211 102 137 194 288 93 78 198 85 146 69 430 83 258 232 363 137 118 171 35 190 198 64 
0.657 118 146 145 71 851 447 344 371 170 164 103 229 142 107 98 85 313 445 131 158 173 167 302 296 213 119 363 152 188 152 110 183 152 151 143 170 198 199 132 3876 263 441 1813 235 346 104 148 207 241 462 59 270 125 246 351 244 212 197 53 62 60 271 99 60 247 39 33 96 96 116 68 345 255 89 114 135 35 36 339 176 
0.658 245 95 140 264 93 139 110 115 222 118 122 107 93 146 124 94 165 177 204 1661 470 363 126 158 588 140 294 875 391 693 146 115 230 139 259 396 451 181 166 169 437 117 641 283 352 171 136 441 76 71 79 100 128 197 101 96 240 117 102 80 97 131 145 51 66 114 33 35 64 153 206 170 434 109 202 128 36 36 69 112 
0.659 153 172 178 91 166 205 102 89 101 142 302 104 85 208 92 143 114 93 144 102 95 102 182 185 179 603 215 69 220 112 116 139 131 247 730 699 15617 232 147 167 117 248 236 289 427 456 606 203 69 139 149 1901 82 570 85 242 87 198 126 61 80 88 162 75 106 106 35 32 83 57 77 72 166 216 185 87 56 38 508 58 
0.66 442 93 62 246 130 95 202 158 133 181 233 187 86 85 156 97 240 110 102 105 145 258 141 174 230 106 2961 201 247 496 643 144 128 241 657 4020 184 95 146 195 97 6019 141 295 309 454 228 369 226 284 128 357 59 66 106 154 197 165 135 55 54 74 92 120 221 207 122 32 40 43 129 223 232 222 46 91 159 129 104 274 
0.661 232 248 168 137 91 83 101 184 134 954 376 123 85 194 155 146 98 156 111 164 202 387 178 94 330 138 1148 13818 187 126 372 156 89 323 4263 205 133 433 120 174 1811 78 155 402 375 1478 222 360 1049 187 272 131 136 66 180 1099 291 133 225 96 63 48 59 126 106 53 52 32 33 52 309 117 436 257 155 134 41 42 172 113 
0.662 92 142 184 325 296 90 100 235 83 81 296 251 130 131 130 159 113 201 135 116 131 97 161 87 135 178 149 2297 235 135 191 132 438 69 290 465 174 337 538 267 149 100 292 391 368 1622 628 147 163 185 183 744 77 132 59 250 157 87 612 179 67 81 95 140 109 78 259 32 32 96 125 51 83 80 65 68 47 42 76 121 
0.663 268 288 177 657 166 185 154 2200 102 194 154 152 173 180 208 75 198 118 112 280 195 269 164 359 127 198 352 175 1588 247 178 190 202 1017 270 459 550 195 148 101 199 173 352 256 203 90 117 304 255 656 114 168 97 231 66 91 120 169 112 292 190 51 50 43 105 51 166 34 32 160 61 66 57 137 178 342 80 135 57 2564 
0.664 132 104 287 431 153 251 171 244 75 129 103 71 90 185 366 137 122 135 70 93 209 95 136 93 211 158 175 205 213 316 217 583 2988 200 79 272 403 140 183 117 1161 102 175 2965 102 69 243 311 1281 219 198 177 325 116 74 134 199 171 137 2464 166 123 75 80 182 92 174 39 32 32 39 85 84 207 90 89 77 35 36 74 
0.665 128 248 298 308 385 118 283 92 103 81 112 105 153 239 155 205 72 112 108 71 210 288 120 118 138 180 116 178 154 512 343 148 115 354 371 246 332 177 199 122 284 160 130 1169 230 73 91 185 859 537 161 212 89 100 161 524 140 165 132 81 171 166 65 235 41 231 63 50 32 32 58 123 88 79 57 105 128 35 38 531 
0.666 118 423 229 153 99 762 186 354 132 68 84 62 121 158 468 174 223 73 320 204 74 71 144 132 86 113 138 144 539 252 702 170 144 124 154 114 282 248 264 194 108 434 428 319 161 106 377 142 125 620 548 366 197 141 162 315 543 126 73 291 114 100 222 48 77 107 60 73 32 32 40 60 110 93 183 99 114 35 105 113 
0.667 224 148 217 544 141 115 197 217 172 106 120 98 310 143 124 160 249 156 90 159 83 623 126 94 87 108 140 93 167 301 100 199 127 336 161 254 433 111 190 108 128 246 134 149 129 267 320 208 74 173 217 129 125 295 134 239 310 73 301 406 215 169 118 60 77 41 73 155 39 32 32 44 83 47 209 208 101 97 48 138 
0.668 2067 183 154 386 213 169 149 136 82 93 299 127 94 122 71 171 179 128 76 65 81 105 631 87 153 88 86 120 85 120 337 510 390 233 304 128 726 161 270 152 207 133 102 244 148 114 271 250 392 182 282 196 242 179 179 409 211 170 152 316 151 178 81 133 46 77 98 54 141 32 32 67 329 111 64 110 161 204 248 207 
0.669 135 53 55 67 128 68 155 227 83 64 166 271 227 167 159 139 99 132 65 93 68 265 136 175 218 165 115 85 128 199 163 117 150 259 214 606 167 184 155 212 97 175 224 190 425 179 168 258 84 141 471 263 79 90 127 193 272 260 118 153 143 982 196 347 820 76 62 181 57 32 32 77 139 93 1541 91 249 81 55 111 
0.67 59 49 94 235 49 49 144 69 122 70 225 214 200 102 144 116 82 197 473 142 61 112 162 133 204 93 112 131 87 132 456 169 247 385 2283 532 54 142 193 349 234 138 139 216 273 138 174 93 162 3239 121 227 415 222 3345 417 478 490 168 284 73 108 274 221 148 97 49 216 53 32 33 33 74 68 72 299 167 104 65 250 
0.671 79 100 128 259 61 112 41 202 186 441 140 66 137 167 169 111 299 76 167 59 66 125 2161 155 232 260 93 115 148 86 288 85 639 163 330 253 110 277 217 100 230 228 143 219 98 228 54 368 562 208 434 142 272 1825 2295 247 152 153 111 167 468 207 91 109 84 160 58 151 182 84 33 32 38 153 180 53 152 75 279 107 
0.672 55 221 150 94 81 210 51 66 40 109 97 142 81 191 192 911 99 2698 103 181 105 84 62 69 282 132 94 383 124 263 87 405 241 254 278 503 121 55 853 131 258 430 264 84 112 321 53 101 215 136 152 573 270 396 237 110 193 258 196 319 132 284 152 162 62 247 50 41 96 77 32 32 212 346 203 48 182 158 1658 36 
0.673 192 120 63 233 487 68 42 57 118 99 47 59 151 70 109 1590 197 117 115 208 163 519 66 111 88 74 176 385 147 78 128 121 284 99 281 214 78 169 216 341 128 115 90 77 281 338 74 145 541 138 164 69 268 1005 241 117 2413 168 153 182 76 139 92 99 550 882 109 104 90 45 32 67 103 81 57 53 43 99 35 60 
0.674 53 73 146 60 142 81 189 214 222 68 83 40 52 337 126 98 66 74 168 62 186 75 184 196 117 106 82 123 172 197 122 88 222 154 120 298 121 212 47 193 231 149 174 88 132 80 99 55 1204 94 225 219 122 226 181 560 341 213 307 107 106 76 93 66 125 147 172 48 118 71 81 94 32 61 70 329 111 166 35 305 
0.675 55 146 60 96 50 99 123 101 478 42 62 201 47 59 445 195 102 134 470 141 174 131 281 297 87 138 140 72 86 295 145 73 215 167 133 4051 147 301 130 116 211 432 215 265 157 105 280 106 90 12262 115 262 120 145 1548 630 226 71 165 186 150 193 73 87 263 309 141 119 129 227 88 61 32 40 119 82 61 159 72 62 
0.676 70 57 84 52 81 87 49 130 102 162 49 54 215 257 40 70 98 146 322 4441 422 94 1957 389 103 71 102 348 426 67 160 289 408 122 233 664 200 389 124 46 528 73 157 154 119 135 120 56 153 141 318 114 130 100 150 129 111 312 65 183 100 519 69 72 91 119 83 90 45 97 47 32 158 73 79 64 38 70 99 81 
0.677 292 64 86 55 69 50 79 69 49 111 188 127 47 121 75 40 190 152 178 473 282 87 84 256 199 181 182 177 85 107 65 415 113 183 740 326 169 117 200 73 83 443 91 66 94 131 68 61 124 56 244 98 136 53 214 261 402 109 501 227 170 61 69 100 56 137 78 127 128 171 95 32 69 35 69 106 74 129 126 76 
0.678 76 66 87 63 73 55 95 52 86 235 70 507 95 141 118 73 186 68 78 92 119 267 272 148 108 185 341 149 858 146 471 66 160 200 167 131 119 138 106 133 48 265 106 952 125 155 194 272 162 68 221 76 41 59 51 115 122 277 201 55 79 333 234 88 131 137 147 124 85 61 46 228 120 32 348 124 44 48 418 225 
0.679 59 77 85 98 82 54 86 124 66 50 75 146 166 65 83 59 54 369 41 116 125 60 186 503 72 179 102 322 145 2325 294 346 86 137 80 76 214 130 3253 134 234 203 81 249 129 130 153 180 117 105 135 76 80 70 279 1660 253 106 74 106 667 481 84 55 146 68 65 62 110 176 340 49 198 33 39 88 98 61 80 191 
0.68 238 172 59 59 65 117 71 57 109 362 61 50 76 53 92 66 156 81 67 39 78 147 98 158 293 183 304 873 220 110 81 293 90 67 332 71 393 107 325 426 211 135 315 173 592 70 74 64 208 129 352 46 74 1975 197 432 114 138 265 225 111 151 125 56 75 97 110 177 105 49 165 83 32 134 97 225 77 87 72 69 
0.681 79 144 120 79 59 65 70 73 58 88 139 85 58 335 86 413 66 41 75 45 40 56 114 123 69 266 461 223 84 94 137 368 222 93 263 454 99 308 141 848 483 189 278 185 96 95 100 122 157 72 390 63 165 474 172 151 239 209 463 170 398 2585 205 946 87 171 69 112 348 139 41 46 32 78 37 98 51 92 237 35 
0.682 169 65 68 190 560 123 59 89 98 89 54 170 62 121 49 118 758 69 126 131 60 62 46 106 64 132 419 264 90 105 93 135 79 387 71 138 197 191 528 268 133 227 80 152 265 566 429 78 59 79 174 350 77 116 306 314 193 56 111 132 73 106 763 170 66 223 402 169 159 159 560 858 111 66 32 190 97 76 136 37 
0.683 601 181 66 74 841 188 140 66 72 72 79 76 93 82 61 67 69 60 75 380 170 40 97 205 91 80 82 110 168 2323 3602 110 138 132 400 264 128 127 192 333 71 201 103 127 394 210 169 271 186 818 535 98 80 121 80 137 140 82 152 111 172 61 74 444 55 169 137 62 60 149 116 87 95 270 36 46 202 89 198 86 
0.684 98 95 72 66 88 1210 158 208 116 59 101 88 78 55 88 68 54 49 73 211 88 58 40 89 153 119 120 100 253 2754 103 344 125 66 154 197 343 335 404 132 601 237 573 143 117 139 112 104 91 62 440 155 84 476 708 127 80 91 87 54 4466 193 467 71 63 321 243 200 130 60 225 43 47 32 78 85 183 189 187 40 
0.685 109 234 161 66 76 96 299 314 239 107 94 60 77 74 179 57 54 60 102 62 69 354 47 40 62 49 120 79 77 126 167 2141 105 94 129 310 90 221 112 124 220 92 583 93 119 144 223 108 168 130 54 92 154 91 71 120 60 209 165 93 868 56 163 105 100 70 281 108 90 273 145 67 48 77 135 41 84 102 204 64 
0.686 178 126 1385 76 95 108 73 137 123 137 159 211 59 62 74 465 54 55 67 81 54 49 63 40 40 86 49 79 117 674 77 149 87 203 85 73 152 3113 73 220 319 310 143 127 88 254 61 99 190 115 53 67 119 111 94 79 115 75 388 124 675 210 142 99 60 56 1126 263 53 120 84 52 161 87 186 32 175 47 96 55 
0.687 137 143 158 223 248 135 72 65 65 107 152 1385 180 228 59 112 73 71 56 60 736 49 86 92 306 41 44 54 688 88 147 880 77 84 187 329 103 99 66 95 196 66 149 194 152 197 416 135 277 171 139 163 55 41 96 67 121 63 144 100 81 243 78 6912 107 46 135 112 59 151 72 95 118 104 91 35 78 51 37 337 
0.688 260 417 128 193 110 151 177 81 191 120 114 121 65 267 91 70 59 103 95 54 54 62 124 65 86 65 83 266 51 90 121 203 158 108 131 66 96 133 219 82 84 580 76 76 110 177 220 69 294 120 207 429 123 92 71 53 174 127 77 76 1040 72 82 2233 136 58 79 263 123 88 113 399 52 128 32 45 271 112 73 78 
0.689 146 200 182 192 161 204 340 720 234 140 68 66 80 76 229 117 81 204 64 117 74 54 61 74 69 68 97 53 41 70 84 63 371 132 106 96 226 107 556 259 64 204 127 258 1002 118 96 115 249 137 133 73 137 60 125 54 693 87 49 156 52 80 691 96 153 44 85 161 775 53 113 121 45 78 69 190 218 110 108 282 
0.69 222 327 284 128 185 144 104 65 109 90 99 146 65 215 173 138 104 99 90 72 94 101 54 102 171 213 230 204 174 40 45 300 245 135 164 135 80 215 127 75 93 106 192 82 258 95 63 181 75 291 101 236 67 95 72 123 149 53 65 130 98 49 157 103 245 105 216 315 83 68 63 87 93 42 93 51 33 151 91 152 
0.691 129 1581 258 230 287 108 143 87 138 203 71 65 132 118 131 91 73 174 69 66 94 138 103 58 184 99 55 133 58 114 40 71 105 230 378 110 66 43 64 104 276 74 166 198 302 178 291 45 55 141 118 76 70 45 116 68 36 286 125 37 35 85 64 333 110 52 67 49 249 285 47 95 352 56 78 39 33 63 159 54 
0.692 182 158 114 196 5778 383 435 82 93 58 84 77 100 260 183 116 1052 138 84 205 101 67 110 100 116 55 178 49 90 58 60 40 55 68 123 155 103 101 94 142 106 66 115 101 211 94 244 266 270 126 242 480 83 79 41 109 215 92 50 592 37 191 43 242 78 209 85 126 105 108 46 107 48 44 39 32 138 72 282 69 
0.693 307 179 121 133 69 161 531 734 85 121 69 162 71 69 72 1128 134 124 99 89 305 184 299 87 188 256 80 109 75 53 97 69 93 55 134 127 203 235 64 56 221 106 215 92 425 379 101 187 47 75 186 130 96 187 258 129 109 59 214 192 34 30 61 35 41 92 455 140 40 118 105 575 57 91 62 70 296 276 112 37 
0.694 50 132 192 317 157 141 77 158 247 108 66 89 62 62 78 55 94 167 139 155 157 96 188 120 444 161 125 73 68 73 63 62 62 44 117 59 71 62 52 37 134 143 101 130 599 117 99 74 97 503 136 193 98 71 144 52 41 108 37 125 29 28 28 30 35 34 236 41 123 135 76 84 76 111 193 49 52 64 70 38 
0.695 34 39 41 65 56 135 272 83 213 255 203 88 103 64 70 105 108 194 62 254 140 754 355 351 269 105 275 310 122 223 222 68 97 55 250 64 279 105 115 61 36 149 113 165 58 67 109 148 100 136 98 170 129 159 123 35 52 53 71 30 29 29 28 28 29 42 69 58 42 45 129 61 117 56 68 207 51 32 64 419 
0.696 40 50 34 34 51 97 98 246 71 77 192 163 232 54 94 137 132 256 116 234 230 177 144 240 136 101 154 79 151 114 227 63 52 64 99 56 51 51 159 248 36 36 62 127 111 101 129 90 75 132 102 348 122 128 200 283 151 153 91 29 38 32 28 28 27 29 334 87 34 59 79 108 76 176 116 73 40 119 142 67 
0.697 152 248 53 52 36 34 74 55 113 350 114 212 308 145 81 80 144 279 64 133 469 323 174 191 125 160 134 120 131 119 286 441 128 109 289 40 40 51 63 257 67 37 37 58 98 80 72 222 214 336 54 136 373 212 66 141 81 41 88 29 467 37 38 28 27 27 37 33 109 136 44 114 126 41 98 44 32 261 143 53 
0.698 243 259 113 52 103 40 48 33 50 94 137 70 77 184 198 73 156 143 61 214 299 201 206 191 240 200 321 122 112 213 140 80 108 77 131 104 117 65 101 122 61 45 84 39 89 163 68 68 306 110 111 71 139 582 98 393 36 210 111 29 37 95 137 37 28 27 27 492 48 34 78 84 1318 76 64 57 64 84 115 65 
0.699 52 55 127 264 200 342 59 49 44 34 39 253 134 142 131 225 54 93 115 74 183 88 132 73 266 107 477 231 146 211 154 536 123 218 60 65 60 41 182 72 44 116 36 42 1495 167 181 151 160 66 66 68 433 256 112 77 91 221 130 28 53 35 34 93 33 27 27 27 118 149 38 39 90 181 150 81 69 471 76 84 
0.7 52 58 32 49 87 66 111 70 67 48 40 34 249 157 131 122 378 195 153 71 89 77 144 91 110 346 374 115 199 294 309 121 353 160 79 75 64 93 42 66 57 51 50 209 60 56 55 214 65 238 233 573 63 412 230 75 695 121 90 28 125 42 75 61 153 28 27 27 29 76 33 125 89 348 78 204 41 44 33 154 
0.701 38 116 112 103 73 32 52 61 68 49 172 39 34 49 101 94 263 317 102 57 53 184 206 65 112 121 114 92 225 185 379 114 81 1360 141 181 127 48 52 42 225 51 139 38 129 37 259 64 167 112 90 61 73 80 176 288 188 34 154 28 36 40 72 96 101 50 27 27 27 34 76 75 47 299 46 43 71 31 60 62 
0.702 61 39 31 31 204 84 164 33 47 54 331 53 93 47 33 91 228 172 144 153 140 74 55 179 167 211 179 176 330 150 215 130 88 227 160 199 123 87 48 85 51 355 99 89 37 48 307 232 80 91 134 171 95 55 124 152 196 117 397 28 203 143 79 81 53 75 59 27 27 27 33 33 45 122 155 160 64 158 223 55 
0.703 27 28 111 57 31 31 46 141 79 48 77 62 62 224 51 46 43 193 70 136 68 57 88 137 317 137 131 172 159 567 166 100 75 134 247 102 92 249 134 48 161 52 159 109 58 124 98 102 111 69 92 99 77 68 887 186 409 112 52 36 29 143 153 33 32 243 91 28 27 27 35 60 47 131 248 43 337 147 202 356 
0.704 27 26 26 26 27 49 95 39 30 206 76 75 68 130 130 41 57 33 116 164 79 214 334 91 113 81 259 66 94 119 672 148 86 130 1511 208 425 65 178 186 195 224 99 447 198 37 69 103 93 67 86 66 82 104 59 163 112 126 33 202 28 46 42 60 44 36 59 111 27 26 27 34 33 39 76 65 82 76 74 190 
0.705 42 39 46 50 27 26 26 27 32 32 30 92 52 60 53 67 190 40 43 163 78 249 491 169 256 194 53 98 101 118 320 131 81 110 69 336 59 116 362 79 227 63 73 111 1154 107 39 54 83 97 77 85 121 76 165 148 191 76 89 99 27 34 34 72 63 236 64 76 32 26 26 30 80 111 50 857 94 105 77 33 
0.706 37 42 132 50 65 32 34 27 26 26 36 188 30 136 58 32 78 98 69 58 33 113 239 256 90 117 78 57 283 111 124 379 93 186 110 59 285 92 302 59 107 120 50 41 76 135 143 74 54 275 77 101 91 66 198 85 574 124 174 48 28 173 38 1137 45 45 123 32 75 27 26 27 33 36 48 92 40 43 54 106 
0.707 149 193 91 63 37 69 57 47 72 30 26 26 39 100 30 874 51 33 116 81 41 34 170 271 429 185 61 109 80 78 158 345 256 238 168 405 123 60 54 80 514 92 3494 89 51 46 83 37 52 37 99 207 73 130 203 45 148 77 85 32 185 31 57 63 41 261 61 221 65 75 26 26 29 116 52 71 68 309 81 98 
0.708 64 33 31 59 74 140 51 37 111 214 45 64 26 26 47 51 30 192 40 52 74 65 44 77 268 285 517 56 68 112 85 902 86 170 139 139 239 64 127 62 158 86 102 107 46 62 145 88 148 52 55 202 247 106 69 75 127 65 89 168 34 27 156 3808 60 68 148 86 50 70 27 26 27 34 158 324 146 82 48 87 
0.709 48 35 28 27 29 39 41 246 78 66 48 626 81 71 26 26 61 32 40 52 32 176 122 131 33 55 69 135 580 219 47 70 125 290 332 229 74 197 109 171 81 68 432 823 63 297 50 123 42 68 166 63 123 181 66 61 133 90 220 64 48 27 57 153 109 214 114 97 45 33 35 26 26 30 32 79 97 55 46 85 
0.71 28 35 41 207 62 35 27 27 37 96 111 60 58 109 42 60 26 26 36 39 143 37 46 66 106 34 54 69 127 141 114 140 47 102 959 189 486 87 388 92 67 148 69 555 68 87 106 60 64 37 38 174 90 214 236 104 895 393 128 121 68 29 77 78 117 119 116 192 211 139 90 27 26 26 99 48 182 91 132 169 
0.711 24 91 57 80 36 58 205 39 267 27 37 32 61 60 38 59 68 55 26 27 45 31 75 32 96 93 41 40 75 126 177 48 41 104 104 232 152 457 110 81 109 150 273 90 303 202 94 37 69 89 106 41 261 168 90 73 69 60 406 70 169 54 28 456 253 78 72 68 129 49 32 76 26 26 47 37 260 49 57 46 
0.712 21 22 22 22 23 27 79 39 29 61 45 36 27 31 103 47 59 56 60 28 26 35 34 60 102 53 114 212 47 407 145 108 41 40 94 155 297 80 83 100 92 108 321 58 103 102 209 70 120 90 46 47 60 102 99 90 73 163 303 368 163 70 27 38 68 167 194 353 76 138 123 71 27 26 27 422 122 55 66 40 
0.713 21 21 21 21 21 21 22 22 25 30 37 144 55 77 27 44 90 94 42 107 49 27 26 43 31 89 66 141 76 34 539 621 210 40 40 475 133 122 77 70 77 74 82 254 71 73 69 100 46 50 97 37 57 62 368 112 72 71 64 271 77 108 27 73 73 73 67 41 69 105 82 33 29 26 26 40 72 81 96 53 
0.714 21 21 21 21 21 21 21 21 21 22 23 58 67 68 45 66 27 45 51 100 90 119 34 26 33 42 137 32 54 50 33 120 118 392 40 41 109 162 154 122 135 85 115 72 64 59 101 65 124 60 94 57 171 61 87 90 171 178 289 410 126 88 51 78 40 51 64 77 39 64 49 1846 34 26 26 27 74 118 101 231 
0.715 20 20 21 21 21 21 21 21 21 21 21 22 22 25 51 28 58 42 27 31 312 60 78 415 27 26 50 263 40 97 133 35 117 116 188 41 41 68 85 51 176 157 49 70 51 79 71 89 150 375 36 100 37 38 44 71 86 126 101 188 104 131 83 27 111 315 56 70 48 69 45 67 143 27 26 26 51 82 131 48 
0.716 20 20 20 20 20 20 21 21 21 21 21 21 21 22 22 24 37 29 44 79 28 43 201 52 50 111 26 43 31 81 48 71 57 112 252 273 42 41 62 130 85 198 62 178 74 72 90 60 127 112 164 184 43 37 108 91 66 126 83 166 145 61 102 26 33 589 544 66 133 40 99 51 99 43 26 26 44 66 108 67 
0.717 20 20 20 20 20 20 20 20 21 21 21 21 21 21 21 21 22 24 43 68 39 28 41 85 70 106 136 27 27 31 702 32 94 117 52 308 242 67 41 161 115 186 73 153 92 52 83 99 72 97 128 58 120 74 55 62 94 187 517 88 87 65 148 126 53 60 150 48 68 40 71 38 89 74 27 26 26 68 85 41 
0.718 21 21 20 20 20 20 20 20 20 20 21 21 21 21 21 21 21 21 22 25 60 79 47 27 31 74 366 125 34 26 46 73 56 62 218 77 177 400 49 42 124 137 89 78 48 65 40 86 190 102 81 116 35 165 450 37 59 57 99 98 111 63 59 95 27 64 52 959 40 83 79 67 125 52 28 26 26 84 164 167 
0.719 21 21 21 21 21 21 21 21 21 20 20 20 21 21 21 21 21 21 21 22 22 136 36 133 35 31 119 164 59 119 26 53 31 64 329 80 41 120 70 358 43 166 90 406 292 130 34 69 56 79 70 120 1389 60 52 56 79 68 46 105 78 299 146 66 26 218 49 148 28 28 37 85 422 54 63 26 26 29 66 59 
