epsilon_k[0] 0.0001
epsilon_k[1] 2.18e-05
epsilon_k[2] 7.08e-05
epsilon_k[3] 2.54e-05
epsilon_k[4] 1e-05
epsilon_k[5] 7.8e-06
epsilon_k[6] 2.18e-05
omega_x0 0.28
omega_y0 0.31
dx 0.01
epsilon 64
max_turns 10000000
from_y 32
to_y 40
0.32 406294 406294 406294 406294 406294 406294 406294 406294 406294 406294 254371 254371 93775 60783 1752 1752 1752 878 
0.33 39952 39952 39952 39952 39952 39952 39952 39952 39952 39952 39952 39952 19126 892 
0.34 10429 2643 2643 2643 2643 2643 2643 2643 2643 2643 2643 2643 2643 2625 873 
0.35 25 
0.36 19 
0.37 17 
0.38 16 
0.39 15 
