epsilon_k[0]0.1
epsilon_k[0]2.18e-05
epsilon_k[0]7.08e-05
epsilon_k[0]2.54e-05
epsilon_k[0]1e-05
epsilon_k[0]7.8e-06
epsilon_k[0]0.218
omega_x01.94779
omega_y02.01062
dx 0.01
n_theta 100
dtheta 0.00785398
epsilon 64
max_turns 10000000
from_angle 24
to_angle 32
0.188496 1e+07 79924 22662 8253 4873 4873 2944 862 
0.19635 1e+07 79224 22567 8148 4872 4872 2803 862 
0.204204 1e+07 79047 22601 8056 4852 4852 2630 862 
0.212058 1e+07 77888 22065 8103 4785 4785 2453 863 
0.219911 1e+07 76503 22021 8055 4781 4781 2334 875 
0.227765 1e+07 75570 21471 7907 4751 4751 2349 867 
0.235619 1e+07 75282 21299 7905 4754 4754 2359 869 
0.243473 1e+07 74248 21442 7901 4718 4718 2447 876 
