epsilon_k[0] 0.0001
epsilon_k[1] 2.18e-05
epsilon_k[2] 7.08e-05
epsilon_k[3] 2.54e-05
epsilon_k[4] 1e-05
epsilon_k[5] 7.8e-06
epsilon_k[6] 2.18e-05
omega_x0 0.168
omega_y0 0.201
dx 0.01
n_theta 100
dtheta 0.015708
epsilon 28
max_turns 10000000
from_angle 85
to_angle 90
1.33518 1e+07 1e+07 1e+07 1e+07 1e+07 1e+07 1e+07 1e+07 1e+07 1e+07 1e+07 1e+07 1e+07 1e+07 1e+07 1e+07 1e+07 1e+07 1e+07 1e+07 1e+07 1e+07 1e+07 1e+07 1e+07 1e+07 1e+07 1e+07 1e+07 1e+07 1e+07 1e+07 1e+07 1e+07 1e+07 1e+07 1e+07 3.70721e+06 3.83869e+06 845548 728286 660046 392755 1e+07 1.29757e+06 99268 55108 7279 6412 9613 12563 34233 2900 3487 731 200 404 879 994 4143 123 337 42 26 209 41 26 84 104 35 42 57 1313 22 17 17 23 29 27 15 23 21 19 9 8 8 7 7 7 7 7 7 6 6 6 6 6 6 6 6 
1.35088 1e+07 1e+07 1e+07 1e+07 1e+07 1e+07 1e+07 1e+07 1e+07 1e+07 1e+07 1e+07 1e+07 1e+07 1e+07 1e+07 1e+07 1e+07 1e+07 1e+07 1e+07 1e+07 1e+07 1e+07 1e+07 1e+07 1e+07 1e+07 1e+07 1e+07 1e+07 1e+07 1e+07 1e+07 1e+07 7.76775e+06 1e+07 1e+07 3.28773e+06 897661 3.02073e+06 424704 857483 499201 1.07611e+06 38053 20249 67081 10476 6879 1149 1650 2859 3024 1650 224 393 935 1428 382 287 104 93 78 25 293 24 25 107 25 65 28 46 64 40 22 35 17 17 15 19 14 19 14 15 10 8 8 8 7 7 7 7 7 7 6 6 6 6 6 
1.36659 1e+07 1e+07 1e+07 1e+07 1e+07 1e+07 1e+07 1e+07 1e+07 1e+07 1e+07 1e+07 1e+07 1e+07 1e+07 1e+07 1e+07 1e+07 1e+07 1e+07 1e+07 1e+07 1e+07 1e+07 1e+07 1e+07 1e+07 1e+07 1e+07 1e+07 1e+07 1e+07 1e+07 1e+07 1e+07 1e+07 1e+07 1e+07 1e+07 3.0416e+06 3.27355e+06 379499 667046 194308 74325 166107 14289 7994 20616 4356 15820 3077 3420 1352 5657 291 298 299 268 165 145 148 52 180 85 23 271 36 21 18 50 29 93 34 131 89 18 39 17 13 14 16 27 13 19 15 14 12 11 9 8 8 7 7 7 7 7 7 7 6 
1.3823 1e+07 1e+07 1e+07 1e+07 1e+07 1e+07 1e+07 1e+07 1e+07 1e+07 1e+07 1e+07 1e+07 1e+07 1e+07 1e+07 1e+07 1e+07 1e+07 1e+07 1e+07 1e+07 1e+07 1e+07 1e+07 1e+07 1e+07 1e+07 1e+07 1e+07 1e+07 1e+07 1e+07 1e+07 1e+07 1e+07 1e+07 1e+07 1e+07 9.31588e+06 5.04712e+06 2.40364e+06 2.22681e+06 3.52579e+06 106341 93218 137076 50627 13088 3502 8056 2205 2243 39567 1355 1709 808 417 418 321 409 710 1387 92 260 33 58 36 23 185 19 17 17 35 33 62 25 31 18 29 13 12 11 11 12 14 22 12 19 13 15 13 10 9 8 8 7 7 7 7 
1.39801 1e+07 1e+07 1e+07 1e+07 1e+07 1e+07 1e+07 1e+07 1e+07 1e+07 1e+07 1e+07 1e+07 1e+07 1e+07 1e+07 1e+07 1e+07 1e+07 1e+07 1e+07 1e+07 1e+07 1e+07 1e+07 1e+07 1e+07 1e+07 1e+07 1e+07 1e+07 1e+07 1e+07 1e+07 1e+07 1e+07 1e+07 1e+07 4.53749e+06 3.6488e+06 1.39169e+06 1e+07 2.30478e+06 139402 400289 783901 212406 98305 45394 2914 24814 1663 1402 7791 16566 818 427 321 1100 279 1534 388 393 136 73 217 36 44 99 69 64 48 38 19 16 16 21 21 24 16 46 25 47 12 11 11 11 10 11 11 12 16 12 21 12 10 10 10 9 8 
1.41372 1e+07 1e+07 1e+07 1e+07 1e+07 1e+07 1e+07 1e+07 1e+07 1e+07 1e+07 1e+07 1e+07 1e+07 1e+07 1e+07 1e+07 1e+07 1e+07 1e+07 1e+07 1e+07 1e+07 1e+07 1e+07 1e+07 1e+07 1e+07 1e+07 1e+07 1e+07 1e+07 1e+07 1e+07 1e+07 1e+07 1e+07 1e+07 1e+07 2.63849e+06 2.19481e+06 4.18419e+06 1e+07 5.13309e+06 297020 388289 556079 447512 38254 13523 14538 45390 655 482 2688 5803 1571 1890 376 328 125 769 166 186 726 743 185 167 65 89 59 24 135 188 112 126 18 24 16 15 19 28 21 14 21 23 34 14 11 11 10 10 10 10 10 10 10 10 10 11 
