epsilon_k[0]0.1
epsilon_k[0]2.18e-05
epsilon_k[0]7.08e-05
epsilon_k[0]2.54e-05
epsilon_k[0]1e-05
epsilon_k[0]7.8e-06
epsilon_k[0]0.218
omega_x01.94779
omega_y02.01062
dx 0.01
n_theta 100
dtheta 0.00785398
epsilon 12
max_turns 10000000
from_angle 40
to_angle 48
0.314159 1e+07 310925 97891 9315 4229 2840 2086 1558 577 
0.322013 1e+07 1.57519e+06 90846 16095 4226 3614 1967 1967 574 
0.329867 1e+07 1.89876e+06 153254 9843 4267 4053 1911 1160 574 
0.337721 1e+07 3.2958e+06 201004 9201 6257 4379 1953 1089 573 
0.345575 1e+07 3.86328e+06 96508 8964 4330 3362 1841 1111 573 
0.353429 1e+07 3.54547e+06 138987 8972 4184 2736 1805 1058 575 
0.361283 1e+07 3.45465e+06 263163 9554 4146 2594 1826 1059 584 
0.369137 1e+07 1.55448e+06 107430 9656 4203 2510 1941 1059 779 
