epsilon_k[0] 0.0001
epsilon_k[1] 2.18e-05
epsilon_k[2] 7.08e-05
epsilon_k[3] 2.54e-05
epsilon_k[4] 1e-05
epsilon_k[5] 7.8e-06
epsilon_k[6] 2.18e-05
omega_x0 0.168
omega_y0 0.201
dx 0.01
n_theta 100
dtheta 0.015708
epsilon 30
max_turns 10000000
from_angle 25
to_angle 30
0.392699 1e+07 1e+07 1e+07 1e+07 1e+07 1e+07 1e+07 1e+07 1e+07 1e+07 1e+07 1e+07 1e+07 1e+07 1e+07 1e+07 1e+07 1e+07 1e+07 1e+07 1e+07 1e+07 1e+07 1e+07 1e+07 1e+07 1e+07 1e+07 1e+07 1e+07 1e+07 1e+07 1e+07 1e+07 1e+07 1e+07 1e+07 1e+07 1e+07 1e+07 1e+07 1e+07 9.52138e+06 7.87788e+06 2.02728e+06 1.93311e+06 5.97209e+06 3.23128e+06 759580 131767 89136 43959 198064 57692 17393 11824 27135 3694 6074 10751 3072 1723 4423 441 4875 1007 3683 982 288 178 510 169 179 26 98 27 645 104 155 109 44 26 34 271 15 13 12 12 12 12 55 167 138 84 65 29 75 18 29 39 
0.408407 1e+07 1e+07 1e+07 1e+07 1e+07 1e+07 1e+07 1e+07 1e+07 1e+07 1e+07 1e+07 1e+07 1e+07 1e+07 1e+07 1e+07 1e+07 1e+07 1e+07 1e+07 1e+07 1e+07 1e+07 1e+07 1e+07 1e+07 1e+07 1e+07 1e+07 1e+07 1e+07 1e+07 1e+07 1e+07 1e+07 1e+07 1e+07 1e+07 7.58543e+06 1e+07 1e+07 1e+07 1e+07 1.07878e+06 2.63169e+06 8.14972e+06 371099 525736 805039 359103 49573 325004 10068 445687 15287 6431 3425 2644 1238 1603 4031 759 867 614 471 264 298 180 80 107 44 809 77 53 133 91 104 44 28 45 81 42 253 21 20 13 12 12 11 11 12 12 20 42 18 92 164 37 16 
0.424115 1e+07 1e+07 1e+07 1e+07 1e+07 1e+07 1e+07 1e+07 1e+07 1e+07 1e+07 1e+07 1e+07 1e+07 1e+07 1e+07 1e+07 1e+07 1e+07 1e+07 1e+07 1e+07 1e+07 1e+07 1e+07 1e+07 1e+07 1e+07 1e+07 1e+07 1e+07 1e+07 1e+07 1e+07 1e+07 1e+07 1e+07 1e+07 1e+07 1e+07 1e+07 1e+07 1.79357e+06 1.27474e+06 1e+07 1e+07 4.60543e+06 1.79557e+06 6.86923e+06 2.28514e+06 78719 54044 56734 32451 12901 144791 4553 10905 2799 4788 3470 2030 543 4500 1284 781 1190 212 153 385 152 180 59 542 77 59 53 71 41 23 34 71 18 108 49 66 32 35 15 12 11 11 11 11 11 11 13 25 19 15 
0.439823 1e+07 1e+07 1e+07 1e+07 1e+07 1e+07 1e+07 1e+07 1e+07 1e+07 1e+07 1e+07 1e+07 1e+07 1e+07 1e+07 1e+07 1e+07 1e+07 1e+07 1e+07 1e+07 1e+07 1e+07 1e+07 1e+07 1e+07 1e+07 1e+07 1e+07 1e+07 1e+07 1e+07 1e+07 1e+07 1e+07 1e+07 1e+07 2.85976e+06 1e+07 7.97376e+06 1e+07 5.33639e+06 1e+07 1.47968e+06 1e+07 1e+07 1.71646e+06 479462 1.47193e+06 184616 48602 80885 15338 17294 13177 7696 2806 1551 1752 1015 3449 494 1281 1350 4794 666 450 1466 63 91 210 82 82 224 55 121 132 765 198 59 31 2347 67 21 23 17 31 88 20 22 13 11 11 11 10 10 10 10 11 
0.455531 1e+07 1e+07 1e+07 1e+07 1e+07 1e+07 1e+07 1e+07 1e+07 1e+07 1e+07 1e+07 1e+07 1e+07 1e+07 1e+07 1e+07 1e+07 1e+07 1e+07 1e+07 1e+07 1e+07 1e+07 1e+07 1e+07 1e+07 1e+07 1e+07 1e+07 1e+07 1e+07 1e+07 1e+07 1e+07 1e+07 1e+07 7.9257e+06 1e+07 1e+07 1e+07 1e+07 1e+07 4.53531e+06 1e+07 3.38186e+06 1e+07 1e+07 381862 162522 152649 213416 104174 47684 29073 25071 15764 9035 2150 2327 4132 40269 822 5195 9201 506 770 109 204 41 99 494 59 243 77 32 114 55 70 86 69 47 57 24 37 59 29 16 33 25 20 19 35 20 17 11 11 10 10 10 
