epsilon_k[0] 0.0001
epsilon_k[1] 2.18e-05
epsilon_k[2] 7.08e-05
epsilon_k[3] 2.54e-05
epsilon_k[4] 1e-05
epsilon_k[5] 7.8e-06
epsilon_k[6] 2.18e-05
omega_x0 0.168
omega_y0 0.201
dx 0.01
n_theta 100
dtheta 0.015708
epsilon 40
max_turns 10000000
from_angle 75
to_angle 80
1.1781 1e+07 1e+07 1e+07 1e+07 1e+07 1e+07 1e+07 1e+07 1e+07 1e+07 1e+07 1e+07 1e+07 1e+07 1e+07 1e+07 1e+07 1e+07 1e+07 1e+07 1e+07 1e+07 1e+07 1e+07 1e+07 1e+07 1e+07 1e+07 1e+07 1e+07 1e+07 1e+07 1e+07 1e+07 3.34326e+06 3.79749e+06 1.41553e+06 417987 936089 180348 12269 20098 21862 4587 97706 9485 9726 5299 1405 22947 1774 9014 1047 2754 2625 445 493 134 509 343 170 560 160 37 30 208 143 150 115 47 133 32 32 103 9 8 7 7 7 7 7 6 6 6 6 6 6 6 6 6 6 6 6 5 5 5 5 5 5 5 
1.19381 1e+07 1e+07 1e+07 1e+07 1e+07 1e+07 1e+07 1e+07 1e+07 1e+07 1e+07 1e+07 1e+07 1e+07 1e+07 1e+07 1e+07 1e+07 1e+07 1e+07 1e+07 1e+07 1e+07 1e+07 1e+07 1e+07 1e+07 1e+07 1e+07 1e+07 1e+07 1e+07 1e+07 1e+07 1e+07 1.25182e+06 2.77924e+06 838474 2.14606e+06 550580 35826 33863 4391 10713 2127 4046 28023 11967 4760 10914 1235 5650 1418 1463 596 820 693 969 168 536 75 66 190 88 66 43 149 24 77 18 62 68 80 19 9 8 8 7 7 7 7 7 6 6 6 6 6 6 6 6 6 6 6 5 5 5 5 5 5 5 
1.20951 1e+07 1e+07 1e+07 1e+07 1e+07 1e+07 1e+07 1e+07 1e+07 1e+07 1e+07 1e+07 1e+07 1e+07 1e+07 1e+07 1e+07 1e+07 1e+07 1e+07 1e+07 1e+07 1e+07 1e+07 1e+07 1e+07 1e+07 1e+07 1e+07 1e+07 1e+07 1e+07 1e+07 7.95286e+06 1e+07 3.33201e+06 4.5264e+06 1.21078e+06 297724 542785 12231 14283 7085 27521 14115 6417 4470 6182 2122 1801 1742 621 83140 605 602 2399 1678 342 58 137 53 152 56 35 42 352 596 43 49 19 29 23 81 24 10 8 8 7 7 7 7 7 6 6 6 6 6 6 6 6 6 6 6 6 5 5 5 5 5 5 
1.22522 1e+07 1e+07 1e+07 1e+07 1e+07 1e+07 1e+07 1e+07 1e+07 1e+07 1e+07 1e+07 1e+07 1e+07 1e+07 1e+07 1e+07 1e+07 1e+07 1e+07 1e+07 1e+07 1e+07 1e+07 1e+07 1e+07 1e+07 1e+07 1e+07 1e+07 1e+07 1e+07 1e+07 1e+07 4.21523e+06 1e+07 766273 6.5988e+06 151645 803917 58149 8878 11206 3325 3558 7508 14167 82256 1826 3216 1971 3721 682 3199 1672 620 337 284 348 310 464 34 44 47 658 64 56 35 43 38 17 35 106 15 25 9 8 8 7 7 7 7 7 6 6 6 6 6 6 6 6 6 6 6 6 5 5 5 5 5 
1.24093 1e+07 1e+07 1e+07 1e+07 1e+07 1e+07 1e+07 1e+07 1e+07 1e+07 1e+07 1e+07 1e+07 1e+07 1e+07 1e+07 1e+07 1e+07 1e+07 1e+07 1e+07 1e+07 1e+07 1e+07 1e+07 1e+07 1e+07 1e+07 1e+07 1e+07 1e+07 1e+07 1e+07 3.86417e+06 658952 2.73355e+06 4.72163e+06 640083 2.45623e+06 1.00019e+06 221282 72169 28732 11780 10954 17316 3690 1921 1927 3629 2693 4112 1627 1102 840 564 1459 365 192 161 520 33 59 48 58 262 91 34 33 58 23 17 42 55 30 10 8 8 7 7 7 7 7 7 6 6 6 6 6 6 6 6 6 6 6 6 5 5 5 5 
1.25664 1e+07 1e+07 1e+07 1e+07 1e+07 1e+07 1e+07 1e+07 1e+07 1e+07 1e+07 1e+07 1e+07 1e+07 1e+07 1e+07 1e+07 1e+07 1e+07 1e+07 1e+07 1e+07 1e+07 1e+07 1e+07 1e+07 1e+07 1e+07 1e+07 1e+07 1e+07 1e+07 1e+07 1e+07 1e+07 1e+07 746372 1.43316e+06 3.07344e+06 280573 61321 84403 192614 17135 10363 6427 37161 3830 4797 8013 1721 5349 3336 3958 238 257 329 347 130 64 89 33 135 161 77 161 77 34 316 90 14519 24 22 25 43 34 9 8 8 7 7 7 7 7 6 6 6 6 6 6 6 6 6 6 6 6 6 5 5 5 
