epsilon_k[0]0.1
epsilon_k[0]2.18e-05
epsilon_k[0]7.08e-05
epsilon_k[0]2.54e-05
epsilon_k[0]1e-05
epsilon_k[0]7.8e-06
epsilon_k[0]0.218
omega_x01.05558
omega_y01.26292
dx 0.01
n_theta 100
dtheta 0.00785398
epsilon 64
max_turns 10000000
from_angle 24
to_angle 32
0.188496 1e+07 10630 3416 1763 1184 965 
0.19635 1e+07 10700 3353 1606 1170 975 
0.204204 1e+07 10705 3319 1608 1176 974 
0.212058 1e+07 10692 3315 1615 1179 973 
0.219911 1e+07 10764 3316 1627 1180 973 
0.227765 1e+07 10735 3319 1609 1183 977 
0.235619 1e+07 10789 3397 1738 1200 981 
0.243473 1e+07 10865 3376 1732 1200 1003 1003 1003 1003 586 
