epsilon_k[0] 0.0001
epsilon_k[1] 2.18e-05
epsilon_k[2] 7.08e-05
epsilon_k[3] 2.54e-05
epsilon_k[4] 1e-05
epsilon_k[5] 7.8e-06
epsilon_k[6] 2.18e-05
omega_x0 0.168
omega_y0 0.201
dx 0.01
n_theta 100
dtheta 0.015708
epsilon 18
max_turns 10000000
from_angle 30
to_angle 35
0.471239 1e+07 1e+07 1e+07 1e+07 1e+07 1e+07 1e+07 1e+07 1e+07 1e+07 1e+07 1e+07 1e+07 1e+07 1e+07 1e+07 1e+07 1e+07 1e+07 1e+07 1e+07 1e+07 1e+07 1e+07 1e+07 1e+07 1e+07 1e+07 1e+07 1e+07 1e+07 1e+07 1e+07 1e+07 1e+07 1e+07 1e+07 1e+07 1e+07 1e+07 1e+07 1e+07 4.43295e+06 1e+07 1e+07 1e+07 2.99838e+06 2.49531e+06 1e+07 411035 137703 273633 54203 129613 7562 15801 14323 3273 2513 3564 4875 17286 890 5188 232 513 623 310 208 32 89 204 56 84 109 80 141 53 46 66 37 95 128 67 150 219 81 51 31 30 24 15 14 13 13 18 16 14 17 11 
0.486947 1e+07 1e+07 1e+07 1e+07 1e+07 1e+07 1e+07 1e+07 1e+07 1e+07 1e+07 1e+07 1e+07 1e+07 1e+07 1e+07 1e+07 1e+07 1e+07 1e+07 1e+07 1e+07 1e+07 1e+07 1e+07 1e+07 1e+07 1e+07 1e+07 1e+07 1e+07 1e+07 1e+07 1e+07 1e+07 1e+07 1e+07 1e+07 1e+07 1e+07 1e+07 1e+07 1e+07 1e+07 1e+07 1e+07 3.34804e+06 7.09173e+06 6.19325e+06 1.22591e+06 592039 243136 289987 35412 35989 3336 10942 3350 1703 7366 527 7733 1299 5466 9214 576 1207 518 79 90 32 32 84 172 38 32 50 295 78 197 67 64 129 51 100 57 34 44 45 58 28 27 61 20 21 27 20 21 26 16 
0.502655 1e+07 1e+07 1e+07 1e+07 1e+07 1e+07 1e+07 1e+07 1e+07 1e+07 1e+07 1e+07 1e+07 1e+07 1e+07 1e+07 1e+07 1e+07 1e+07 1e+07 1e+07 1e+07 1e+07 1e+07 1e+07 1e+07 1e+07 1e+07 1e+07 1e+07 1e+07 1e+07 1e+07 1e+07 1e+07 1e+07 1e+07 1e+07 1e+07 1e+07 1e+07 1e+07 1e+07 1e+07 1e+07 6.29835e+06 3.07715e+06 2.42065e+06 537077 2.21142e+06 144554 160709 2.14702e+06 67582 12656 8062 6588 4964 3639 3700 975 3839 6643 9218 716 166 2107 231 252 140 99 50 43 54 71 51 66 125 51 37 72 63 145 64 34 69 810 22 17 15 15 15 17 26 18 17 21 21 21 17 
0.518363 1e+07 1e+07 1e+07 1e+07 1e+07 1e+07 1e+07 1e+07 1e+07 1e+07 1e+07 1e+07 1e+07 1e+07 1e+07 1e+07 1e+07 1e+07 1e+07 1e+07 1e+07 1e+07 1e+07 1e+07 1e+07 1e+07 1e+07 1e+07 1e+07 1e+07 1e+07 1e+07 1e+07 1e+07 1e+07 1e+07 1e+07 1e+07 1e+07 1e+07 9.05725e+06 1e+07 1e+07 1e+07 1e+07 1e+07 4.41967e+06 2.33596e+06 5.49009e+06 2.81431e+06 143290 37964 178994 70821 66159 6027 4856 2161 8092 2104 20155 4233 1779 666 516 495 247 1853 356 199 160 213 858 46 281 64 111 149 48 63 37 97 119 89 65 22 23 31 18 63 29 22 34 48 19 11 10 9 9 9 
0.534071 1e+07 1e+07 1e+07 1e+07 1e+07 1e+07 1e+07 1e+07 1e+07 1e+07 1e+07 1e+07 1e+07 1e+07 1e+07 1e+07 1e+07 1e+07 1e+07 1e+07 1e+07 1e+07 1e+07 1e+07 1e+07 1e+07 1e+07 1e+07 1e+07 1e+07 1e+07 1e+07 1e+07 1e+07 1e+07 1e+07 1e+07 1e+07 1e+07 1e+07 1e+07 1e+07 1e+07 1e+07 1e+07 9.95636e+06 9.14359e+06 6.28087e+06 2.76346e+06 430727 146923 265574 89642 15920 99105 41580 7240 5102 4875 2527 2559 23067 3952 1357 3919 1124 457 401 170 1123 123 51 197 77 88 93 78 41 46 81 122 69 136 125 222 37 21 19 57 19 24 29 11 10 9 9 9 8 8 8 
