epsilon_k[0] 0.1
epsilon_k[0] 2.18e-05
epsilon_k[0] 7.08e-05
epsilon_k[0] 2.54e-05
epsilon_k[0] 1e-05
epsilon_k[0] 7.8e-06
epsilon_k[0] 0.218
omega_x0 0.31
omega_y0 0.32
dx 0.01
n_theta 100
dtheta 0.00785398
epsilon 12
max_turns 10000000
from_angle 88
to_angle 96
0.69115 1e+07 808503 32956 10611 2257 1754 1371 1371 1371 1371 1371 703 
0.699004 1e+07 533979 32894 11481 2263 1625 1364 1364 1364 1364 1364 702 
0.706858 1e+07 325717 32944 13853 2243 1583 1363 1363 1363 1363 1363 697 
0.714712 1e+07 282331 33232 22260 2260 1558 1363 1363 1363 1363 1363 696 
0.722566 1e+07 727638 36026 12067 2302 1548 1363 1363 1363 1363 1363 696 
0.73042 1e+07 168522 86984 11420 2396 1546 1364 1364 1364 1356 1356 696 
0.738274 1e+07 633052 38368 12613 2422 1588 1366 1366 1366 1358 1358 696 
0.746128 1e+07 336868 34616 16207 2702 1558 1369 1369 1344 1328 1328 699 
0.753982 1e+07 191934 34353 11465 2294 1572 1372 1372 1365 1335 1323 693 
