epsilon_k[0]0.1
epsilon_k[0]2.18e-05
epsilon_k[0]7.08e-05
epsilon_k[0]2.54e-05
epsilon_k[0]1e-05
epsilon_k[0]7.8e-06
epsilon_k[0]0.218
omega_x01.94779
omega_y02.01062
dx 0.01
n_theta 100
dtheta 0.00785398
epsilon 16
max_turns 10000000
from_angle 80
to_angle 88
0.628319 1e+07 23907 17732 10448 2752 1772 1457 1160 1105 680 
0.636173 1e+07 25506 17716 9498 2728 1828 1826 1114 1114 680 
0.644026 1e+07 27672 17722 9396 2718 1846 1846 1522 1123 686 
0.65188 1e+07 29347 17732 9300 2718 1876 1876 1196 1124 692 
0.659734 1e+07 35687 18565 9294 2680 1838 1838 938 
0.667588 1e+07 90834 17981 9424 2672 1845 1845 964 
0.675442 1e+07 88805 19467 9649 2668 1855 1855 900 
0.683296 1e+07 88605 19996 9676 2667 1887 1887 889 
0.69115 1e+07 68903 20952 9751 2669 1918 1717 917 
