epsilon_k[0] 0.1
epsilon_k[0] 2.18e-05
epsilon_k[0] 7.08e-05
epsilon_k[0] 2.54e-05
epsilon_k[0] 1e-05
epsilon_k[0] 7.8e-06
epsilon_k[0] 0.218
omega_x0 0.28
omega_y0 0.31
dx 0.01
n_theta 100
dtheta 0.00785398
epsilon 4
max_turns 10000000
from_angle 64
to_angle 72
0.502655 1e+07 44686 36414 9038 6889 6889 1543 1199 676 
0.510509 1e+07 43807 23853 9154 7209 6902 1699 1210 628 
0.518363 1e+07 51222 13650 9924 7705 7705 1738 1499 559 
0.526217 1e+07 158876 10825 9593 7284 6558 2001 1541 674 
0.534071 1e+07 55034 15317 9817 6946 6946 3179 1135 619 
0.541925 1e+07 43824 9927 9589 6763 6763 4146 1135 687 
0.549779 1e+07 59590 13598 9508 6705 6705 2948 823 
0.557633 1e+07 51551 10111 9728 6703 6703 2934 823 
0.565487 1e+07 60651 12170 9576 6702 6702 3491 700 
