epsilon_k[0] 0.0001
epsilon_k[1] 2.18e-05
epsilon_k[2] 7.08e-05
epsilon_k[3] 2.54e-05
epsilon_k[4] 1e-05
epsilon_k[5] 7.8e-06
epsilon_k[6] 2.18e-05
omega_x0 0.168
omega_y0 0.201
dx 0.01
n_theta 100
dtheta 0.015708
epsilon 32
max_turns 10000000
from_angle 25
to_angle 30
0.392699 1e+07 1e+07 1e+07 1e+07 1e+07 1e+07 1e+07 1e+07 1e+07 1e+07 1e+07 1e+07 1e+07 1e+07 1e+07 1e+07 1e+07 1e+07 1e+07 1e+07 1e+07 1e+07 1e+07 1e+07 1e+07 1e+07 1e+07 1e+07 1e+07 1e+07 1e+07 1e+07 1e+07 1e+07 1e+07 3.35532e+06 1e+07 7.3221e+06 3.719e+06 5.29453e+06 1e+07 9.92337e+06 2.07494e+06 1.11455e+06 6.4301e+06 2.73938e+06 425712 1.55473e+06 175416 485810 159330 58814 30632 97051 7121 23255 8613 11313 10261 10335 489 1807 1305 33022 3429 2800 347 526 22828 119 497 105 202 26 87 27 34 170 211 261 414 25 28 81 15 13 12 12 12 12 34 90 25 783 40 32 134 18 34 37 
0.408407 1e+07 1e+07 1e+07 1e+07 1e+07 1e+07 1e+07 1e+07 1e+07 1e+07 1e+07 1e+07 1e+07 1e+07 1e+07 1e+07 1e+07 1e+07 1e+07 1e+07 1e+07 1e+07 1e+07 1e+07 1e+07 1e+07 1e+07 1e+07 1e+07 1e+07 1e+07 1e+07 1e+07 1e+07 1e+07 1e+07 1e+07 8.60129e+06 3.7511e+06 9.51051e+06 9.20135e+06 6.39487e+06 5.74913e+06 9.71886e+06 7.52471e+06 1e+07 364225 1e+07 2.67776e+06 466013 39285 239241 19360 29315 38710 68790 6084 13425 14755 572 3821 939 965 1054 660 1263 1783 801 91 104 50 49 218 158 49 79 51 84 55 51 293 127 157 66 20 78 14 12 12 11 11 12 12 55 64 17 61 32 21 16 
0.424115 1e+07 1e+07 1e+07 1e+07 1e+07 1e+07 1e+07 1e+07 1e+07 1e+07 1e+07 1e+07 1e+07 1e+07 1e+07 1e+07 1e+07 1e+07 1e+07 1e+07 1e+07 1e+07 1e+07 1e+07 1e+07 1e+07 1e+07 1e+07 1e+07 1e+07 1e+07 1e+07 1e+07 1e+07 1e+07 1e+07 1e+07 1e+07 7.71228e+06 8.65606e+06 1e+07 1e+07 5.35627e+06 3.83984e+06 4.91935e+06 275835 1.86023e+06 7.77715e+06 209389 1.11638e+06 481123 84553 552341 11901 21971 6433 3611 5568 3171 6812 11415 3005 2128 5988 1061 590 302 429 200 109 56 141 45 149 111 39 204 99 83 23 160 28 18 87 115 44 44 55 16 12 11 11 11 11 11 11 13 18 22 16 
0.439823 1e+07 1e+07 1e+07 1e+07 1e+07 1e+07 1e+07 1e+07 1e+07 1e+07 1e+07 1e+07 1e+07 1e+07 1e+07 1e+07 1e+07 1e+07 1e+07 1e+07 1e+07 1e+07 1e+07 1e+07 1e+07 1e+07 1e+07 1e+07 1e+07 1e+07 1e+07 1e+07 1e+07 1e+07 1e+07 1e+07 1e+07 6.21455e+06 1e+07 9.91265e+06 4.0615e+06 5.95581e+06 1e+07 5.10227e+06 1.76981e+06 5.16701e+06 1e+07 3.81943e+06 1.09247e+06 209628 86823 1.04624e+06 29829 32453 6738 20369 21602 2084 4178 2984 4548 2013 514 2646 743 4404 219 1023 252 143 81 339 128 57 107 46 722 70 112 220 56 31 114 54 21 29 17 39 32 21 25 13 11 11 11 10 10 10 10 11 
0.455531 1e+07 1e+07 1e+07 1e+07 1e+07 1e+07 1e+07 1e+07 1e+07 1e+07 1e+07 1e+07 1e+07 1e+07 1e+07 1e+07 1e+07 1e+07 1e+07 1e+07 1e+07 1e+07 1e+07 1e+07 1e+07 1e+07 1e+07 1e+07 1e+07 1e+07 1e+07 1e+07 1e+07 1e+07 1e+07 1e+07 1e+07 1e+07 1e+07 1e+07 3.97442e+06 1e+07 1e+07 3.18062e+06 2.69115e+06 6.87289e+06 1e+07 1.1913e+06 540893 375130 45804 59490 697031 34471 6305 7544 10182 7550 1767 1014 1829 2246 12179 749 2120 529 270 154 236 216 56 556 52 206 85 32 121 52 75 91 127 67 76 24 70 42 19 16 17 29 21 17 35 19 17 11 11 10 10 10 
