epsilon_k[0] 0.0001
epsilon_k[1] 2.18e-05
epsilon_k[2] 7.08e-05
epsilon_k[3] 2.54e-05
epsilon_k[4] 1e-05
epsilon_k[5] 7.8e-06
epsilon_k[6] 2.18e-05
omega_x0 0.168
omega_y0 0.201
dx 0.001
epsilon 1
max_turns 10000000
from_y 720
to_y 800
0.72 21 21 21 21 21 21 21 21 21 21 21 21 21 21 21 21 21 21 21 21 21 22 23 330 32 47 130 208 50 120 132 91 26 41 66 45 367 34 133 608 41 98 129 76 116 98 113 84 34 143 79 66 89 46 65 820 98 42 69 238 90 128 38 143 26 64 78 28 34 188 27 43 89 82 29 27 26 26 30 35 
0.721 22 22 22 22 22 21 21 21 21 21 21 21 21 21 21 21 21 21 21 21 21 21 21 22 23 85 132 92 27 49 113 60 80 26 59 105 39 61 34 105 58 42 125 571 114 125 218 50 49 33 92 92 85 62 102 59 54 40 74 48 116 81 318 92 66 33 102 58 74 45 38 30 56 44 144 27 26 26 47 91 
0.722 98 29 119 32 23 22 22 22 21 21 21 21 21 21 21 21 21 21 21 21 21 21 21 21 22 22 25 63 60 87 40 129 56 47 27 28 50 38 223 34 101 166 105 86 139 76 51 44 97 64 33 113 55 60 159 50 38 37 81 262 126 197 514 169 39 134 82 53 113 55 102 28 58 68 118 26 27 26 27 199 
0.723 30 28 29 218 91 36 37 118 23 22 22 21 21 21 21 21 21 21 21 21 21 21 21 21 21 21 22 23 73 31 65 27 256 70 84 35 27 35 221 151 34 198 48 92 44 78 52 61 46 171 302 36 117 115 59 112 57 96 81 128 477 76 112 39 190 26 48 46 67 32 70 27 79 55 216 26 26 26 26 39 
0.724 72 69 239 117 53 37 28 128 497 103 25 23 22 22 21 21 21 21 21 21 21 21 21 21 21 21 21 21 22 24 46 49 36 33 215 259 34 26 32 53 47 34 157 41 56 46 275 136 69 75 107 51 67 103 95 196 53 37 67 87 126 61 139 81 69 55 68 181 47 56 28 51 31 45 97 26 26 27 26 45 
0.725 167 48 49 135 71 57 100 48 36 29 48 63 30 23 22 22 21 21 21 21 21 21 21 21 21 21 21 21 21 22 23 41 39 52 29 105 47 54 26 45 270 102 34 247 41 81 117 153 76 32 40 109 33 60 54 1003 60 68 111 74 45 134 56 90 71 118 33 308 27 35 52 51 35 36 48 26 26 27 26 50 
0.726 28 28 38 36 114 304 64 81 88 81 43 29 124 49 92 23 22 22 21 21 21 21 21 21 21 21 21 21 21 21 21 22 24 93 122 28 98 72 124 27 40 76 74 35 424 42 127 189 48 68 32 58 87 76 86 112 115 40 149 40 77 157 71 426 34 72 26 58 57 45 29 28 27 62 53 26 26 26 27 26 
0.727 96 93 102 50 144 29 44 56 179 43 133 1002 91 31 72 42 54 23 22 22 21 21 21 21 21 21 21 21 21 21 21 21 22 23 31 35 37 33 211 98 27 33 73 53 42 356 247 90 78 91 31 34 98 38 67 72 186 58 106 58 37 44 285 55 81 85 47 53 86 62 34 29 50 70 75 26 26 26 27 26 
0.728 75 47 71 48 114 159 106 36 29 49 34 312 80 193 55 36 68 279 35 23 22 22 21 21 21 21 21 21 21 21 21 21 21 21 22 24 31 72 31 85 51 301 58 78 94 101 326 145 57 89 59 57 45 71 51 47 135 185 54 50 44 287 58 75 115 49 42 98 136 440 39 24 31 30 47 26 26 26 27 26 
0.729 65 60 40 58 72 57 66 82 132 99 29 36 58 47 158 142 125 29 70 51 30 23 22 22 21 21 21 21 21 21 21 21 21 21 21 22 23 84 67 28 103 54 92 40 110 108 66 51 171 49 101 31 55 61 46 171 67 147 149 130 49 42 44 62 74 235 108 26 150 34 32 22 42 27 38 26 26 26 26 28 
0.73 34 36 76 62 39 42 131 46 162 67 147 44 29 37 34 220 62 98 147 28 286 32 103 23 22 22 21 21 21 21 21 21 21 21 21 21 21 22 33 73 58 98 79 61 40 116 117 164 41 154 484 65 103 79 55 39 39 51 80 283 108 52 38 45 59 70 47 206 64 28 35 21 24 41 50 26 27 28 26 30 
0.731 72 142 43 34 121 41 41 68 142 57 156 72 204 162 29 110 46 81 65 54 532 28 51 30 26 22 22 22 21 21 21 21 21 21 21 21 21 21 22 23 31 41 93 48 33 134 112 285 94 43 149 104 44 73 117 33 33 45 108 60 39 78 64 64 131 85 33 100 87 92 30 21 22 49 81 27 38 35 26 28 
0.732 100 149 49 56 106 40 35 76 101 86 55 316 51 52 186 861 29 140 68 59 143 82 84 43 72 105 24 22 22 22 21 21 21 21 21 21 21 21 21 22 23 45 87 53 94 98 80 107 133 128 93 62 310 75 45 58 41 45 40 440 221 36 80 65 59 68 190 279 26 90 123 21 21 33 43 38 39 38 31 26 
0.733 38 111 81 37 88 133 140 47 41 95 160 166 163 61 82 53 410 29 76 33 96 76 293 41 28 302 94 52 23 22 22 21 21 21 21 21 21 21 21 21 21 22 104 48 104 65 76 44 39 36 167 75 193 58 60 53 39 44 30 34 171 35 53 772 42 59 50 39 70 93 36 21 21 23 27 91 32 30 33 26 
0.734 92 75 65 87 38 60 115 50 121 34 72 48 62 71 48 58 138 101 40 29 58 45 131 177 60 100 28 155 199 31 23 22 22 21 21 21 21 21 21 21 21 21 22 24 60 28 164 40 33 57 35 47 108 77 31 47 42 37 28 32 51 131 47 65 53 263 135 51 48 88 27 22 21 21 43 38 29 73 31 26 
0.735 31 31 43 51 54 66 183 73 178 106 96 49 52 143 41 97 53 133 74 35 28 132 33 277 183 481 64 53 30 51 29 55 23 22 22 21 21 21 21 21 21 21 21 22 23 31 28 50 33 103 1554 197 44 48 157 35 38 49 28 27 39 78 53 49 53 192 131 171 36 26 284 60 21 21 28 73 26 177 71 37 
0.736 32 31 31 31 32 52 74 275 38 37 122 46 34 55 54 78 186 73 63 72 129 29 29 45 53 184 208 41 39 29 123 53 29 45 23 22 22 21 21 21 21 21 21 21 21 22 31 28 172 72 32 142 499 1529 87 58 76 41 28 27 28 34 128 39 41 56 136 428 44 27 50 48 21 20 27 68 26 43 41 30 
0.737 58 39 44 36 32 31 33 39 54 51 148 39 37 33 79 49 65 157 206 44 58 81 669 28 35 44 85 130 164 101 34 28 58 82 29 66 23 22 22 21 21 21 21 21 21 21 22 47 28 56 205 171 73 117 83 104 86 48 34 27 27 28 241 307 37 82 89 65 46 164 106 119 21 20 21 31 26 51 53 49 
0.738 54 78 64 52 41 40 32 31 39 46 146 280 133 37 33 74 317 96 36 92 40 56 53 67 28 143 77 75 71 106 72 69 34 28 48 110 29 55 23 22 22 21 21 21 21 21 21 22 221 29 55 27 93 35 42 53 36 53 71 28 28 27 89 162 84 45 57 54 68 53 33 29 21 20 21 305 30 41 41 31 
0.739 89 266 58 262 117 55 42 40 32 57 182 52 43 39 59 34 90 74 40 35 104 101 193 45 173 28 29 130 89 130 186 45 141 61 46 29 30 85 30 38 23 22 21 21 21 21 21 21 22 73 28 179 26 38 109 98 48 31 116 41 30 30 27 70 326 33 57 42 59 216 26 71 23 20 20 27 111 46 83 33 
0.74 1651 113 136 58 44 43 51 88 94 32 35 102 59 39 48 60 44 42 182 37 35 771 70 120 40 502 28 28 60 59 49 291 234 81 52 45 42 52 28 43 30 37 22 22 21 21 21 21 21 22 64 28 48 27 38 549 77 47 36 124 28 77 29 31 73 132 50 78 53 64 31 62 28 20 20 23 103 85 41 59 
0.741 41 48 108 149 67 92 89 100 55 75 33 48 179 83 97 57 57 41 53 111 34 35 84 119 154 328 114 28 28 30 67 33 54 130 57 49 59 61 45 41 28 43 29 24 22 21 21 21 21 21 22 52 29 185 69 136 268 106 73 35 29 34 100 28 37 45 37 179 59 51 31 58 50 20 20 21 38 28 67 52 
0.742 905 72 127 39 39 39 39 38 38 65 51 34 78 52 39 46 36 33 51 161 34 34 53 326 51 106 85 425 28 28 28 83 57 51 44 41 327 67 90 68 146 39 28 49 52 23 22 21 21 21 21 22 62 55 81 48 34 189 120 38 45 47 121 150 28 82 37 108 61 56 59 25 56 21 20 20 26 40 36 114 
0.743 87 130 64 150 124 210 38 38 37 37 55 41 35 97 233 38 55 72 63 39 76 35 34 41 129 41 39 172 77 28 28 28 28 30 93 129 102 51 54 47 94 56 123 33 28 48 65 22 21 21 21 21 22 30 179 36 65 144 77 63 46 28 51 56 32 70 56 46 95 153 54 55 68 22 20 20 32 25 37 35 
0.744 46 161 49 93 91 139 160 40 38 37 37 1417 38 36 38 74 62 77 63 50 95 36 36 52 92 62 72 34 58 35 28 28 27 27 28 28 28 28 100 36 98 38 132 64 99 33 29 29 22 21 21 21 21 22 37 85 26 164 75 41 32 68 61 34 266 28 39 90 118 61 94 31 185 28 20 20 23 45 67 32 
0.745 93 55 75 65 55 93 162 161 47 38 37 37 123 54 39 55 39 71 41 66 95 91 45 34 41 50 32 39 254 35 77 28 28 28 27 27 27 27 27 27 27 27 28 54 144 119 68 88 91 24 22 21 21 21 22 264 49 49 35 116 64 35 29 54 34 83 49 37 59 32 124 80 25 51 20 20 21 36 36 31 
0.746 27 33 184 51 60 138 87 85 149 60 39 38 37 140 99 38 56 54 187 44 47 61 131 35 61 60 32 37 84 49 35 29 28 28 28 28 29 71 40 51 131 46 50 28 27 29 35 90 76 29 82 22 21 21 21 22 94 66 69 140 66 205 84 103 49 63 28 38 36 31 175 170 39 47 21 20 20 35 33 31 
0.747 32 33 54 42 92 107 104 157 154 156 78 101 38 229 57 115 38 65 31 52 52 139 43 42 61 58 31 43 52 37 40 29 28 28 30 35 34 87 40 45 37 32 32 38 33 38 28 28 90 44 115 30 22 21 21 21 23 90 27 42 111 42 28 46 39 59 57 38 48 59 54 59 31 40 21 20 20 32 47 31 
0.748 27 44 35 2618 267 52 159 62 91 177 80 73 44 37 49 51 38 122 31 42 44 79 43 36 42 46 31 95 46 69 28 28 28 28 29 57 238 33 32 31 107 47 75 121 96 47 43 34 29 28 130 41 33 22 21 21 21 31 91 36 76 67 37 96 58 54 56 28 128 71 1753 209 81 51 28 20 20 24 32 31 
0.749 94 57 27 60 35 78 87 557 44 64 70 58 373 45 58 183 38 48 32 43 60 53 36 35 84 35 60 37 30 28 27 27 27 27 28 89 45 51 30 59 66 43 184 67 80 58 54 65 65 53 28 33 64 45 22 21 21 21 88 55 40 75 47 27 143 77 49 53 50 40 31 44 182 40 27 20 20 21 25 39 
0.75 55 51 39 27 90 35 70 130 46 201 160 283 195 61 85 211 39 47 31 45 42 46 75 79 71 37 56 28 27 27 27 27 27 27 27 28 34 33 31 87 33 54 51 58 42 72 55 37 48 60 49 57 29 81 50 22 21 21 21 424 28 115 47 33 48 56 83 63 28 39 40 32 47 66 89 20 19 20 38 51 
0.751 23 36 36 39 27 42 45 121 64 81 85 254 61 72 37 53 77 44 31 45 42 54 266 80 31 115 28 27 28 78 176 78 34 30 27 27 28 51 30 92 197 35 37 27 36 42 49 50 84 49 100 53 32 27 46 47 22 21 21 22 129 81 68 135 27 38 60 71 66 54 42 57 119 40 56 21 20 20 35 44 
0.752 21 22 31 37 43 39 111 88 42 164 91 210 149 72 51 97 65 43 40 35 98 38 189 48 63 28 27 36 46 48 91 166 83 80 45 28 27 29 48 49 60 87 27 28 72 144 46 51 54 41 62 36 53 101 29 125 58 21 21 21 92 105 99 164 42 92 50 87 49 28 47 32 50 57 25 37 20 20 26 25 
0.753 21 21 22 74 88 57 67 45 377 117 150 967 191 73 43 38 51 106 33 57 33 68 64 52 28 28 33 69 252 38 88 56 38 80 97 175 37 27 40 30 43 85 27 58 66 46 63 157 34 34 43 34 49 100 87 51 77 134 21 21 21 42 26 51 150 27 176 311 68 87 38 72 43 41 43 50 20 19 21 38 
0.754 21 21 22 22 115 626 28 97 68 86 54 71 490 131 41 38 40 39 70 34 44 76 31 30 28 48 196 90 123 55 41 34 50 52 46 210 176 58 27 57 62 111 27 48 138 38 86 41 59 49 60 48 55 34 32 47 55 144 29 21 21 22 134 68 77 35 30 56 128 39 35 96 48 76 146 64 20 19 20 25 
0.755 22 22 21 22 23 30 44 99 60 110 71 77 81 73 133 52 39 80 38 99 113 141 39 28 47 39 422 43 28 29 55 151 162 28 44 98 45 94 54 27 30 32 27 27 49 81 74 104 53 38 45 71 105 48 51 46 90 34 46 30 21 21 30 181 165 44 36 236 81 75 74 361 106 45 55 34 21 19 20 41 
0.756 30 23 22 21 22 31 237 67 56 101 63 95 60 247 243 59 169 31 43 88 61 41 27 42 69 33 28 153 35 177 53 64 42 29 142 56 69 60 64 34 27 38 35 26 41 102 53 48 76 38 135 73 37 283 172 58 115 28 52 45 22 21 21 31 45 92 41 50 55 114 38 62 66 110 67 31 81 19 19 26 
0.757 53 29 22 22 22 23 60 27 54 240 106 216 79 142 64 69 77 33 56 48 91 28 34 56 34 60 29 607 23 23 22 22 22 23 24 31 67 28 84 48 42 43 44 26 41 39 39 82 81 143 133 114 71 56 138 46 45 35 28 60 62 21 21 22 56 39 43 71 108 45 39 47 67 98 546 35 63 20 19 23 
0.758 46 35 55 22 22 22 91 126 548 143 162 119 102 152 99 216 44 62 32 48 120 85 40 93 52 93 23 22 22 22 22 21 22 22 22 22 23 64 38 31 44 27 44 60 26 73 85 87 67 145 161 108 148 103 141 100 56 39 33 28 28 56 21 21 30 27 484 41 67 74 52 53 38 67 48 31 31 20 19 20 
0.759 42 41 79 24 22 22 331 179 81 58 73 171 139 120 58 313 45 37 40 40 27 94 52 69 24 22 22 21 21 21 21 21 21 21 21 21 22 22 23 33 39 45 27 55 26 34 293 131 73 270 71 456 127 103 353 67 468 42 156 38 76 36 53 21 21 197 35 77 35 59 44 38 28 49 170 42 25 21 19 20 
0.76 37 41 67 36 22 22 23 87 33 68 176 219 194 103 65 38 31 61 49 55 50 102 132 24 22 21 21 21 21 21 21 21 21 21 21 21 21 21 22 22 61 35 85 27 51 26 63 44 406 189 73 307 40 34 34 39 58 59 61 33 33 51 156 21 20 24 26 42 69 45 28 43 59 42 35 188 41 53 19 19 
0.761 41 34 37 71 23 22 22 15517 398 115 178 101 206 193 38 38 51 46 41 27 69 94 24 22 21 21 21 21 21 21 21 21 21 21 21 21 21 21 21 21 22 30 33 95 32 26 137 73 72 132 112 88 36 38 43 43 47 39 138 45 38 71 53 32 21 21 68 55 69 30 73 28 81 77 73 32 25 39 19 19 
0.762 47 33 63 75 29 22 22 117 28 35 116 438 44 89 62 60 34 111 99 144 30 74 22 21 21 21 21 21 22 22 22 22 22 22 22 21 21 21 21 21 21 22 39 48 52 52 26 49 78 66 304 32 46 39 84 39 67 117 33 184 151 31 40 35 40 20 22 27 87 26 42 42 75 116 59 58 93 69 20 19 
0.763 339 99 48 28 169 22 22 102 29 36 59 413 66 114 63 50 57 40 27 64 53 22 21 21 21 21 22 22 23 30 77 29 29 114 43 23 22 22 21 21 21 21 21 27 56 27 36 44 37 278 114 32 37 36 35 36 41 38 65 161 341 157 48 37 36 21 20 55 87 200 61 43 27 46 38 38 36 35 21 19 
0.764 109 40 40 39 30 23 22 36 78 67 58 161 104 47 68 33 46 122 57 30 22 21 21 21 21 22 25 31 50 29 55 214 149 275 29 46 86 31 22 21 21 21 21 21 28 72 27 25 51 989 81 32 102 56 44 35 35 42 39 65 74 2481 267 33 44 37 21 21 81 75 41 33 43 42 61 158 101 25 55 19 
0.765 40 56 39 34 45 85 22 23 97 48 50 53 304 62 52 70 35 27 67 34 21 21 21 21 22 53 34 353 59 163 286 58 40 47 78 204 76 193 171 67 22 21 21 21 21 39 48 40 61 71 2031 48 67 40 40 40 35 38 38 50 72 67 68 46 39 35 22 20 44 61 44 35 49 33 57 47 51 33 33 19 
0.766 65 37 69 73 28 126 22 23 38 59 98 40 210 43 52 110 155 50 96 22 21 21 21 23 76 31 92 80 40 38 56 57 40 60 85 35 29 35 187 96 44 22 21 21 21 21 42 73 43 45 173 82 37 46 56 41 34 37 38 99 38 42 38 53 39 45 43 21 21 27 73 91 69 129 56 35 32 256 25 20 
0.767 22 39 554 38 52 81 22 22 46 79 224 39 232 49 37 80 119 45 47 21 21 21 22 82 256 288 46 147 143 53 157 128 41 47 71 40 45 129 74 28 91 111 45 21 21 21 21 38 27 25 71 50 31 41 35 41 38 48 50 43 48 42 104 37 180 41 69 40 20 85 82 37 37 27 34 28 96 51 34 21 
0.768 25 24 51 41 60 48 22 22 389 60 923 40 155 37 31 48 28 28 22 21 21 22 53 172 44 141 561 46 49 233 73 75 47 127 134 35 39 43 86 35 31 29 58 32 21 21 21 21 27 29 62 108 76 49 35 48 42 38 26 26 33 35 68 45 123 47 32 27 21 21 26 98 48 26 26 50 36 51 23 37 
0.769 37 23 52 83 58 73 23 22 280 36 63 39 238 32 57 76 106 39 21 21 22 36 43 83 1154 81 144 147 42 78 33 43 33 31 31 32 32 31 33 45 293 26 37 60 35 22 21 21 22 51 26 60 52 60 35 158 234 26 37 65 45 36 167 38 72 32 41 46 28 20 131 80 26 34 26 74 86 27 58 35 
0.77 75 145 69 85 79 27 26 22 66 35 111 143 60 48 62 42 40 22 21 21 23 29 88 93 87 118 169 80 36 46 42 37 33 33 33 39 52 67 55 37 39 34 27 37 27 40 22 21 21 22 30 26 375 102 34 50 40 26 31 55 33 50 32 76 37 41 90 36 76 21 21 31 130 36 48 28 92 31 223 24 
0.771 128 27 23 68 39 34 40 22 133 42 59 103 41 51 36 28 81 21 21 22 78 72 732 78 77 56 50 40 33 43 57 35 40 54 198 169 85 60 62 35 54 38 62 50 25 38 57 22 21 21 28 32 40 63 40 39 32 26 29 110 22 23 35 38 108 36 48 49 31 59 20 27 64 57 63 29 83 33 77 34 
0.772 634 58 23 53 80 97 37 22 118 309 41 68 61 36 136 98 23 21 21 31 88 542 106 53 40 146 38 54 36 59 61 65 262 177 158 70 61 136 93 91 114 125 57 38 35 38 40 35 22 21 21 30 25 131 37 47 53 34 29 22 22 22 22 24 29 59 40 45 49 49 21 21 36 29 33 23 42 54 26 77 
0.773 58 51 48 59 66 47 59 22 60 57 60 60 43 33 64 32 21 21 22 77 155 281 41 101 55 33 35 58 34 34 64 86 85 86 36 42 122 155 36 36 101 99 34 183 183 36 50 25 42 21 21 21 48 70 66 34 39 36 33 22 21 22 22 22 23 55 127 47 124 49 59 20 44 43 43 20 26 71 47 37 
0.774 41 67 57 23 354 51 83 22 174 57 53 120 48 34 37 56 21 21 92 162 42 42 45 55 41 84 47 37 36 48 169 93 58 79 340 125 265 37 107 36 185 30 29 37 120 42 44 43 24 77 21 20 21 31 102 37 56 53 25 22 21 22 25 22 22 23 43 35 38 62 29 21 21 25 73 28 89 73 56 30 
0.775 25 32 43 23 50 79 29 22 76 204 114 45 31 32 133 22 21 21 30 99 53 136 57 33 63 37 63 73 57 71 64 251 32 32 32 31 68 46 183 38 191 95 50 43 29 35 49 60 34 24 42 21 20 26 24 75 43 58 44 24 21 32 32 31 61 22 26 1296 38 32 32 71 20 30 52 46 20 39 38 25 
0.776 23 89 65 42 43 43 66 22 195 97 84 59 46 82 111 21 21 24 210 85 73 157 41 79 76 33 46 111 43 38 186 43 35 47 42 32 70 88 32 74 72 64 116 50 84 56 47 44 201 45 24 36 21 21 28 41 66 36 31 28 21 33 70 53 97 33 22 33 90 42 45 28 21 23 107 28 19 112 32 26 
0.777 19 25 494 38 101 177 40 22 47 91 197 61 35 103 28 21 21 485 54 93 50 54 97 33 32 39 50 63 34 47 31 42 33 44 97 81 318 53 95 33 35 88 31 36 39 54 210 35 28 37 32 24 28 21 21 33 50 40 41 24 21 130 318 47 32 55 39 22 30 48 37 48 47 20 46 25 21 20 36 45 
0.778 18 31 26 38 61 56 54 22 246 42 212 75 47 103 30 21 22 81 50 62 50 55 48 31 112 33 49 36 52 51 189 63 37 66 75 76 51 59 124 154 77 49 58 31 31 36 160 36 73 33 27 54 24 28 20 22 32 42 47 34 22 25 47 40 52 82 74 51 22 61 34 184 28 20 40 38 33 19 31 41 
0.779 17 20 61 764 23 49 26 22 49 304 95 62 35 28 22 21 31 63 74 61 68 43 33 201 34 95 44 34 82 37 80 60 40 31 31 33 36 40 55 31 31 33 79 77 48 55 91 47 144 63 71 27 39 24 22 20 27 53 50 42 31 21 57 28 39 46 45 61 24 40 40 61 29 28 20 25 165 19 75 156 
0.78 16 19 324 167 23 99 26 22 46 84 38 39 34 1101 21 21 53 37 68 46 45 318 32 81 70 36 83 55 189 122 31 31 42 36 35 31 117 37 54 38 49 104 35 31 32 36 38 57 40 80 48 81 31 67 25 21 21 24 78 37 28 21 63 28 25 22 29 32 45 22 293 36 68 53 20 32 28 20 19 62 
0.781 16 17 73 50 23 65 36 22 51 98 128 41 36 84 21 21 328 112 101 36 32 32 105 47 27 61 66 40 31 37 80 45 37 42 33 34 29 25 24 24 25 107 49 48 47 31 32 30 31 38 37 76 38 45 35 26 20 22 37 50 151 23 30 29 26 34 31 22 38 26 22 68 97 30 23 21 87 27 19 32 
0.782 16 17 28 24 33 81 54 22 221 38 141 40 47 37 21 24 35 55 63 40 80 76 80 26 54 62 64 84 57 38 37 29 33 25 33 78 46 27 26 26 26 34 45 24 24 35 93 118 114 31 56 38 74 28 34 31 32 20 34 36 41 25 22 33 27 32 29 45 22 39 57 83 50 44 41 20 25 42 19 29 
0.783 16 16 20 30 154 64 31 22 118 136 104 30 39 22 21 54 72 78 48 34 32 66 34 30 73 108 80 31 40 33 34 25 31 44 608 96 82 33 28 80 82 27 31 37 41 42 23 56 31 193 44 68 56 40 34 25 33 21 20 59 35 30 21 27 28 47 22 26 30 23 68 22 87 33 31 21 27 31 19 19 
0.784 16 16 18 178 40 84 33 22 58 51 108 41 29 21 21 182 57 53 73 90 57 60 28 100 45 60 38 94 39 32 67 33 43 57 151 47 22 21 21 20 20 20 20 21 22 32 92 32 23 37 270 59 31 34 26 29 25 23 20 27 27 50 24 30 34 33 24 19 21 30 26 26 30 39 213 54 20 60 27 18 
0.785 15 16 17 90 63 29 35 22 28 65 58 70 33 21 21 119 96 60 31 33 55 26 34 91 140 41 67 30 36 46 26 43 62 25 21 20 20 20 20 20 20 20 20 20 20 20 20 25 47 37 35 31 59 59 57 101 32 53 26 20 24 55 32 21 27 25 21 18 17 22 28 34 22 40 30 51 20 27 32 18 
0.786 15 16 17 25 456 84 32 22 27 35 58 30 57 21 23 27 592 33 87 35 51 35 45 31 40 36 56 42 30 47 30 53 21 21 20 20 21 21 21 21 21 21 21 20 20 20 20 20 20 24 35 23 57 43 66 306 50 38 36 23 21 28 34 30 29 22 22 17 17 17 25 22 40 75 31 27 91 22 27 19 
0.787 15 16 16 26 44 32 37 22 29 33 173 46 28 21 158 53 60 49 32 47 26 39 53 32 51 33 71 29 57 27 23 21 20 21 21 22 41 37 27 36 37 45 55 38 27 38 21 20 20 20 20 26 26 40 37 32 56 21 29 27 20 29 38 30 22 28 20 17 16 16 17 28 30 23 118 50 69 20 77 48 
0.788 15 15 16 22 96 23 43 22 121 33 45 113 47 21 201 55 132 53 58 69 45 32 285 48 36 40 38 181 28 22 21 21 21 22 75 28 134 31 26 84 23 23 23 23 23 46 32 38 23 20 20 20 21 26 31 41 30 26 20 34 24 20 43 29 22 30 21 17 16 16 16 17 29 41 54 33 26 21 29 27 
0.789 15 15 16 19 24 23 84 22 35 40 31 41 22 21 123 144 37 104 72 32 62 48 45 54 43 61 42 27 22 21 21 21 61 27 75 28 143 23 24 29 50 55 56 184 32 37 33 23 23 62 22 20 19 20 28 29 38 171 38 20 30 22 25 35 28 24 21 18 16 16 16 16 19 43 24 36 32 27 20 27 
0.79 15 15 16 17 98 23 116 22 62 52 32 34 21 21 27 124 42 105 42 25 53 47 35 34 67 26 32 22 21 21 22 125 40 63 29 23 38 37 237 37 24 27 54 54 27 46 24 41 127 28 22 25 20 19 20 36 30 104 33 20 46 29 20 38 57 21 21 21 16 16 16 16 16 26 60 53 26 30 20 49 
0.791 15 15 16 17 36 24 157 22 73 49 31 98 21 22 46 146 32 82 53 78 78 32 34 65 36 47 28 21 21 22 68 63 27 34 24 42 125 24 209 31 23 19 18 18 18 18 18 20 27 27 40 32 31 27 19 19 24 34 34 31 19 26 32 21 56 26 32 20 16 16 16 16 16 17 23 23 31 28 22 35 
0.792 15 15 15 17 35 137 54 22 176 44 32 29 20 31 133 79 89 28 28 100 38 63 35 33 117 51 21 21 22 42 40 27 24 38 36 35 35 47 19 18 18 17 17 17 17 17 17 17 17 18 20 35 40 22 32 20 19 24 38 41 34 19 34 20 24 22 21 24 17 16 16 15 16 16 33 52 71 25 549 20 
0.793 15 15 15 16 37 27 59 23 58 37 52 47 20 28 100 33 47 28 25 91 31 38 40 27 27 21 20 21 411 45 27 24 32 116 26 29 20 18 18 17 17 17 17 17 17 17 17 17 17 17 17 18 20 24 29 35 20 19 33 35 48 20 20 26 20 40 35 21 18 16 16 15 15 16 17 23 22 34 25 20 
0.794 15 15 15 16 20 44 323 23 70 47 29 131 20 46 101 45 29 33 42 174 30 39 97 97 23 20 21 84 39 28 25 42 108 35 105 19 18 17 17 17 17 17 17 17 17 17 17 17 17 17 17 17 17 18 26 26 30 20 19 25 26 28 19 26 22 23 21 22 22 16 16 15 15 15 16 28 70 158 49 33 
0.795 14 15 15 16 19 32 86 26 57 236 78 68 20 76 50 35 29 34 49 33 47 86 26 80 20 20 80 106 130 45 32 44 38 28 19 18 17 17 17 17 17 17 17 17 16 16 16 16 16 16 16 16 17 17 17 19 35 22 20 19 23 26 26 19 26 20 32 28 20 17 16 15 15 15 16 17 31 22 48 32 
0.796 14 15 15 16 18 50 46 40 87 75 35 80 20 83 77 49 36 25 139 26 39 57 36 21 20 21 108 71 31 25 40 75 51 19 18 17 17 17 17 17 17 17 17 17 16 16 16 16 16 16 16 16 16 16 17 17 18 23 22 19 19 23 30 19 19 26 24 20 30 18 16 15 15 15 15 16 30 39 66 75 
0.797 14 15 15 16 17 70 46 29 43 59 30 24 21 47 52 117 29 26 49 29 36 63 55 20 20 28 41 65 24 45 41 43 19 18 17 17 17 17 17 17 17 17 17 17 17 17 17 16 16 16 16 16 16 16 16 16 17 18 23 22 19 20 28 40 19 26 20 40 24 25 16 15 15 15 15 15 17 65 29 25 
0.798 14 15 15 15 17 37 186 87 56 139 44 22 21 36 36 30 27 35 38 36 59 42 21 20 22 1670 63 101 32 74 89 20 18 17 17 17 17 17 17 17 17 17 17 17 17 17 17 17 17 16 16 16 16 16 16 16 16 17 17 24 23 19 25 31 30 19 23 27 20 20 17 15 15 15 15 15 16 23 44 52 
0.799 14 14 15 15 17 32 28 1613 35 46 38 21 23 46 31 64 31 44 26 39 216 27 20 20 107 184 79 26 50 35 67 18 18 17 17 17 17 17 17 17 17 17 17 17 17 17 17 17 17 17 17 17 16 16 16 16 16 16 17 17 23 28 19 24 30 19 28 20 45 21 19 16 15 15 15 15 15 17 72 119 
