epsilon_k[0] 0.0001
epsilon_k[1] 2.18e-05
epsilon_k[2] 7.08e-05
epsilon_k[3] 2.54e-05
epsilon_k[4] 1e-05
epsilon_k[5] 7.8e-06
epsilon_k[6] 2.18e-05
omega_x0 0.168
omega_y0 0.201
dx 0.01
epsilon 10
max_turns 10000000
from_y 16
to_y 24
0.16 1e+07 1e+07 1e+07 1e+07 1e+07 1e+07 1e+07 1e+07 1e+07 1e+07 1e+07 1e+07 1e+07 1e+07 1e+07 1e+07 1e+07 1e+07 1e+07 1e+07 1e+07 1e+07 1e+07 1e+07 1e+07 1e+07 1e+07 1e+07 1e+07 1e+07 1e+07 1e+07 1e+07 1e+07 1e+07 1e+07 1e+07 1e+07 1e+07 1e+07 1e+07 1e+07 1e+07 1e+07 1e+07 1e+07 8.61215e+06 1.93274e+06 187109 306924 30524 73927 66166 43360 19100 8820 2561 41784 2634 8944 17037 1072 4187 1344 19148 845 1903 591 1346 1459 1211 429 619 595 289 435 176 648 545 93 
0.17 1e+07 1e+07 1e+07 1e+07 1e+07 1e+07 1e+07 1e+07 1e+07 1e+07 1e+07 1e+07 1e+07 1e+07 1e+07 1e+07 1e+07 1e+07 1e+07 1e+07 1e+07 1e+07 1e+07 1e+07 1e+07 1e+07 1e+07 1e+07 1e+07 1e+07 1e+07 1e+07 1e+07 1e+07 1e+07 1e+07 1e+07 1e+07 1e+07 1e+07 1e+07 7.32433e+06 1e+07 1e+07 5.74321e+06 1.25236e+06 1.41156e+06 3.17661e+06 236569 131724 24421 89589 52421 28023 314818 5682 5098 44802 1221 3354 8059 1692 7516 17324 953 1179 587 1985 4082 2055 652 1366 226 747 439 1140 109 352 378 73 
0.18 1e+07 1e+07 1e+07 1e+07 1e+07 1e+07 1e+07 1e+07 1e+07 1e+07 1e+07 1e+07 1e+07 1e+07 1e+07 1e+07 1e+07 1e+07 1e+07 1e+07 1e+07 1e+07 1e+07 1e+07 1e+07 1e+07 1e+07 1e+07 1e+07 1e+07 1e+07 1e+07 1e+07 1e+07 1e+07 1e+07 1e+07 1e+07 1e+07 1e+07 1e+07 1e+07 2.6584e+06 5.72524e+06 6.12629e+06 879234 5.34273e+06 1.34139e+06 93948 355822 134169 21155 17030 46932 2309 4832 3430 3073 11328 9399 1104 1155 1649 5178 784 20192 812 625 4723 9203 1182 1079 1126 81 153 627 711 100 245 349 
0.19 1e+07 1e+07 1e+07 1e+07 1e+07 1e+07 1e+07 1e+07 1e+07 1e+07 1e+07 1e+07 1e+07 1e+07 1e+07 1e+07 1e+07 1e+07 1e+07 1e+07 1e+07 1e+07 1e+07 1e+07 1e+07 1e+07 1e+07 1e+07 1e+07 1e+07 1e+07 1e+07 1e+07 1e+07 1e+07 1e+07 1e+07 1e+07 1e+07 1e+07 1e+07 6.99733e+06 3.91984e+06 4.6386e+06 1e+07 1.82522e+06 3.13971e+06 188183 102698 500064 14520 47582 14265 110121 8812 39988 8551 3348 2604 3365 6241 2341 2767 3018 6137 355 13536 996 1277 1145 1500 143 2060 801 137 269 86 242 641 117 
0.2 1e+07 1e+07 1e+07 1e+07 1e+07 1e+07 1e+07 1e+07 1e+07 1e+07 1e+07 1e+07 1e+07 1e+07 1e+07 1e+07 1e+07 1e+07 1e+07 1e+07 1e+07 1e+07 1e+07 1e+07 1e+07 1e+07 1e+07 1e+07 1e+07 1e+07 1e+07 1e+07 1e+07 1e+07 1e+07 1e+07 1e+07 1e+07 1e+07 1e+07 1e+07 1e+07 3.60024e+06 1.63251e+06 1e+07 594629 276702 94830 51449 34460 80553 19710 8857 5955 8727 3992 6869 2204 1759 5866 6802 2334 21306 449 23716 2113 2343 214 1136 2168 687 1309 129 476 266 379 342 367 93 2156 
0.21 1e+07 1e+07 1e+07 1e+07 1e+07 1e+07 1e+07 1e+07 1e+07 1e+07 1e+07 1e+07 1e+07 1e+07 1e+07 1e+07 1e+07 1e+07 1e+07 1e+07 1e+07 1e+07 1e+07 1e+07 1e+07 1e+07 1e+07 1e+07 1e+07 1e+07 1e+07 1e+07 1e+07 1e+07 1e+07 1e+07 1e+07 1e+07 4.60839e+06 5.85486e+06 1e+07 3.26962e+06 4.29848e+06 1e+07 249983 2.30468e+06 3.01175e+06 214414 69751 18883 318581 8378 18124 15703 2760 8267 4005 4662 8389 1843 740 725 1085 1129 723 867 9371 913 852 300 318 341 2263 156 223 5455 671 243 44 53 
0.22 1e+07 1e+07 1e+07 1e+07 1e+07 1e+07 1e+07 1e+07 1e+07 1e+07 1e+07 1e+07 1e+07 1e+07 1e+07 1e+07 1e+07 1e+07 1e+07 1e+07 1e+07 1e+07 1e+07 1e+07 1e+07 1e+07 1e+07 1e+07 1e+07 1e+07 1e+07 1e+07 1e+07 1e+07 1e+07 1e+07 1e+07 1e+07 1e+07 1e+07 1e+07 3.99683e+06 3.13891e+06 1.84438e+06 552929 2.07144e+06 155277 313249 84525 9676 25737 24863 21274 19795 5077 5429 613 3012 2293 2986 4150 1936 1452 8599 1938 528 232 966 600 416 236 2079 133 201 162 1937 162 10060 73 239 
0.23 1e+07 1e+07 1e+07 1e+07 1e+07 1e+07 1e+07 1e+07 1e+07 1e+07 1e+07 1e+07 1e+07 1e+07 1e+07 1e+07 1e+07 1e+07 1e+07 1e+07 1e+07 1e+07 1e+07 1e+07 1e+07 1e+07 1e+07 1e+07 1e+07 1e+07 1e+07 1e+07 1e+07 1e+07 1e+07 1e+07 6.60735e+06 1e+07 1e+07 1e+07 1e+07 1.41182e+06 2.46094e+06 1e+07 1e+07 215468 86272 26973 188055 10894 271065 24312 14243 25808 6112 1867 5624 1493 3215 1451 5656 826 93 742 216 1201 1621 342 85 351 321 267 375 129 334 121 111 389 260 108 
