epsilon_k[0] 0.0001
epsilon_k[1] 2.18e-05
epsilon_k[2] 7.08e-05
epsilon_k[3] 2.54e-05
epsilon_k[4] 1e-05
epsilon_k[5] 7.8e-06
epsilon_k[6] 2.18e-05
omega_x0 0.28
omega_y0 0.31
dx 0.01
epsilon 16
max_turns 10000000
from_y 24
to_y 32
0.24 1e+07 1e+07 1e+07 1e+07 1e+07 1e+07 1e+07 1e+07 1e+07 1e+07 1e+07 1e+07 1e+07 1e+07 1e+07 1e+07 1e+07 1e+07 1e+07 1e+07 9.16563e+06 1e+07 1.96987e+06 1.05569e+06 55991 38252 1753 891 910 121 70 55 53 41 39 38 42 29 26 24 22 22 18 16 14 13 12 12 13 28 12 11 10 10 9 9 9 8 8 8 8 8 7 7 7 7 7 7 7 7 7 7 7 7 7 7 6 6 6 6 
0.25 1e+07 1e+07 1e+07 1e+07 1e+07 1e+07 1e+07 1e+07 1e+07 1e+07 1e+07 1e+07 1e+07 1e+07 1e+07 1e+07 1e+07 1e+07 8.69338e+06 5.42315e+06 6.20708e+06 7.10557e+06 382421 310473 187487 19139 922 898 2676 103 67 53 43 39 38 33 28 25 24 23 24 17 15 13 12 12 12 12 15 13 11 10 9 9 9 9 8 8 8 8 8 7 7 7 7 7 7 7 7 7 7 7 7 7 6 6 6 6 6 6 
0.26 1e+07 1e+07 1e+07 1e+07 1e+07 1e+07 1e+07 1e+07 1e+07 1e+07 1e+07 1e+07 1e+07 1e+07 1e+07 1e+07 1e+07 2.5792e+06 1e+07 5.76694e+06 2.89868e+06 309065 271745 23286 8199 7901 631 163 955 88 59 56 40 38 33 28 26 24 23 31 16 14 13 12 12 12 12 13 13 11 10 9 9 9 9 8 8 8 8 8 7 7 7 7 7 7 7 7 7 7 7 7 6 6 6 6 6 6 6 6 
0.27 1e+07 1e+07 1e+07 1e+07 1e+07 1e+07 1e+07 1e+07 1e+07 1e+07 1e+07 1e+07 1e+07 1e+07 1e+07 1e+07 3.5654e+06 4.02421e+06 1e+07 1.20421e+06 1.12074e+06 8.78793e+06 180937 18241 5332 861 109 150 1000 81 55 43 39 38 28 26 24 23 23 16 14 13 12 12 11 11 12 12 11 10 9 9 9 9 8 8 8 8 8 7 7 7 7 7 7 7 7 7 7 7 6 6 6 6 6 6 6 6 6 6 
0.28 1e+07 1e+07 1e+07 1e+07 1e+07 1e+07 1e+07 1e+07 1e+07 1e+07 1e+07 1e+07 1e+07 1e+07 1e+07 1e+07 4.31024e+06 1e+07 1.28711e+06 463603 1.60343e+06 4.8641e+06 59950 12370 3554 297 94 196 175 69 54 41 39 29 26 25 24 24 16 14 13 12 12 11 11 11 11 11 10 9 9 9 9 8 8 8 8 8 7 7 7 7 7 7 7 7 7 7 7 6 6 6 6 6 6 6 6 6 6 6 
0.29 1e+07 1e+07 1e+07 1e+07 1e+07 1e+07 1e+07 1e+07 1e+07 1e+07 1e+07 1e+07 1e+07 1e+07 1e+07 1e+07 1e+07 3.57492e+06 1e+07 6.36509e+06 76493 5287 8754 2657 11332 82 91 156 123 69 46 40 31 27 25 24 31 16 14 13 12 12 11 11 11 11 12 10 10 9 9 9 8 8 8 8 8 7 7 7 7 7 7 7 7 7 7 6 6 6 6 6 6 6 6 6 6 6 6 6 
0.3 1e+07 1e+07 1e+07 1e+07 1e+07 1e+07 1e+07 1e+07 1e+07 1e+07 1e+07 1e+07 1e+07 1e+07 1e+07 1e+07 1e+07 2.42209e+06 9.29067e+06 1.87777e+06 6089 6945 9240 714 77 69 91 177 97 56 42 40 29 26 25 26 16 14 13 12 12 11 11 11 11 11 10 10 9 9 9 8 8 8 8 8 7 7 7 7 7 7 7 7 7 7 6 6 6 6 6 6 6 6 6 6 6 6 6 6 
0.31 1e+07 1e+07 1e+07 1e+07 1e+07 1e+07 1e+07 1e+07 1e+07 1e+07 1e+07 1e+07 1e+07 1e+07 1e+07 1e+07 1e+07 1e+07 1.26533e+06 901969 10425 545 13137 59 66 65 244 235 83 54 41 32 27 25 25 17 15 13 12 12 11 11 11 11 11 11 10 9 9 9 8 8 8 8 8 7 7 7 7 7 7 7 7 7 7 6 6 6 6 6 6 6 6 6 6 6 6 6 6 6 
