epsilon_k[0] 0.0001
epsilon_k[1] 2.18e-05
epsilon_k[2] 7.08e-05
epsilon_k[3] 2.54e-05
epsilon_k[4] 1e-05
epsilon_k[5] 7.8e-06
epsilon_k[6] 2.18e-05
omega_x0 0.28
omega_y0 0.31
dx 0.01
epsilon 14
max_turns 10000000
from_y 32
to_y 40
0.32 1e+07 1e+07 1e+07 1e+07 1e+07 1e+07 1e+07 1e+07 1e+07 1e+07 1e+07 1e+07 1e+07 1e+07 1e+07 1e+07 4.93006e+06 3.33794e+06 316017 11285 609 91 83 56 51 64 77 218 82 55 40 29 26 25 35 16 14 13 12 11 11 11 11 11 11 10 9 9 9 8 8 8 8 8 7 7 7 7 7 7 7 7 7 7 6 6 6 6 6 6 6 6 6 6 6 6 6 6 6 6 
0.33 1e+07 1e+07 1e+07 1e+07 1e+07 1e+07 1e+07 1e+07 1e+07 1e+07 1e+07 1e+07 1e+07 1e+07 1e+07 1e+07 4.09406e+06 253501 55567 3453 377 43 42 65 50 73 76 800 70 44 41 28 26 25 17 14 13 12 11 11 11 11 10 10 10 10 9 9 9 8 8 8 8 8 7 7 7 7 7 7 7 7 7 6 6 6 6 6 6 6 6 6 6 6 6 6 6 6 6 6 
0.34 1e+07 1e+07 1e+07 1e+07 1e+07 1e+07 1e+07 1e+07 1e+07 1e+07 1e+07 1e+07 1e+07 1e+07 1e+07 1.27617e+06 304726 276943 38918 1358 99 39 38 40 50 52 76 198 84 42 32 27 25 20 15 14 12 12 11 11 11 10 10 10 10 9 9 9 8 8 8 8 8 7 7 7 7 7 7 7 7 7 6 6 6 6 6 6 6 6 6 6 6 6 6 6 6 6 6 6 
0.35 1e+07 1e+07 1e+07 1e+07 1e+07 1e+07 1e+07 1e+07 1e+07 1e+07 1e+07 8.87221e+06 6.53175e+06 1e+07 2.71526e+06 1.60779e+06 403676 9576 58 96 391 38 37 37 65 50 76 134 56 41 29 26 25 16 14 13 12 11 11 11 10 10 10 10 9 9 9 8 8 8 8 8 7 7 7 7 7 7 7 7 7 6 6 6 6 6 6 6 6 6 6 6 6 6 6 6 6 6 6 6 
0.36 1e+07 3.90398e+06 1e+07 1e+07 1e+07 1e+07 1e+07 1e+07 4.89448e+06 2.36829e+06 1e+07 1e+07 1.33258e+06 473155 289974 48629 921 34 63 81 55 39 36 36 40 49 77 110 54 40 28 26 21 15 14 12 12 11 11 10 10 10 10 10 9 9 9 8 8 8 8 8 7 7 7 7 7 7 7 7 6 6 6 6 6 6 6 6 6 6 6 6 6 6 6 6 6 6 6 6 
0.37 954087 4.78359e+06 932379 1e+07 1e+07 1e+07 1e+07 1e+07 1e+07 1e+07 1.94808e+06 1.62254e+06 6.77134e+06 298645 35 28 27 26 26 27 34 55 36 35 37 48 80 86 47 37 27 25 17 14 13 12 11 11 11 10 10 10 10 9 9 9 8 8 8 8 8 7 7 7 7 7 7 7 7 6 6 6 6 6 6 6 6 6 6 6 6 6 6 6 6 6 6 6 5 5 
0.38 158008 74658 50369 1.06347e+06 5.08725e+06 1e+07 1e+07 3.00718e+06 1e+07 1.21798e+06 196205 1e+07 18243 1731 27 25 24 24 24 25 26 30 39 35 36 48 89 83 43 31 27 29 15 14 12 12 11 11 10 10 10 10 10 9 9 9 8 8 8 8 7 7 7 7 7 7 7 7 7 6 6 6 6 6 6 6 6 6 6 6 6 6 6 6 6 6 5 5 5 5 
0.39 887 4662 7789 12152 97240 134551 4.33799e+06 689359 52901 21710 4378 872 2333 28 25 24 23 23 23 23 24 25 115 35 35 49 89 69 42 29 26 19 15 13 12 11 11 10 10 10 10 10 9 9 9 8 8 8 8 8 7 7 7 7 7 7 7 7 6 6 6 6 6 6 6 6 6 6 6 6 6 6 6 6 6 5 5 5 5 5 
