epsilon_k[0] 0.1
epsilon_k[0] 2.18e-05
epsilon_k[0] 7.08e-05
epsilon_k[0] 2.54e-05
epsilon_k[0] 1e-05
epsilon_k[0] 7.8e-06
epsilon_k[0] 0.218
omega_x0 0.28
omega_y0 0.31
dx 0.01
n_theta 100
dtheta 0.00785398
epsilon 4
max_turns 10000000
from_angle 72
to_angle 80
0.565487 1e+07 60651 12170 9576 6702 6702 3491 700 
0.573341 1e+07 56696 18311 9578 6702 6702 4357 747 
0.581195 1e+07 52040 9891 9586 6704 6704 4519 795 
0.589049 1e+07 98720 8441 8441 6899 6899 3277 1048 1048 558 
0.596903 1e+07 52431 10179 9880 6880 6880 4895 884 
0.604757 1e+07 107333 9641 9641 6703 6702 3232 1135 1135 378 
0.612611 1e+07 36076 9311 9311 7569 6699 6699 1494 1269 377 
0.620465 1e+07 42299 9960 9814 6901 6681 6681 1208 1208 380 
0.628319 1e+07 70876 9889 9889 6877 6412 4966 1203 1203 355 
