epsilon_k[0] 0.0001
epsilon_k[1] 2.18e-05
epsilon_k[2] 7.08e-05
epsilon_k[3] 2.54e-05
epsilon_k[4] 1e-05
epsilon_k[5] 7.8e-06
epsilon_k[6] 2.18e-05
omega_x0 0.31
omega_y0 0.32
dx 0.01
epsilon 14
max_turns 10000000
from_y 24
to_y 32
0.24 21 22 23 24 25 27 31 48 96 50 44 42 42 44 53 907 27 23 20 19 17 16 15 15 14 14 13 13 12 12 12 11 11 11 11 10 10 10 10 9 9 9 9 9 9 9 8 8 8 8 8 8 8 8 8 8 7 7 7 7 7 7 7 7 7 7 7 7 6 6 6 6 6 6 6 6 6 6 6 6 
0.25 20 20 21 22 23 24 26 29 36 124 46 42 42 43 51 68 26 22 20 18 17 16 15 15 14 13 13 13 12 12 11 11 11 11 10 10 10 10 10 9 9 9 9 9 9 9 8 8 8 8 8 8 8 8 8 7 7 7 7 7 7 7 7 7 7 7 7 6 6 6 6 6 6 6 6 6 6 6 6 6 
0.26 19 19 19 20 21 22 23 25 27 33 84 43 42 43 50 37 25 21 19 18 17 16 15 14 14 13 13 12 12 12 11 11 11 11 10 10 10 10 9 9 9 9 9 9 9 8 8 8 8 8 8 8 8 8 7 7 7 7 7 7 7 7 7 7 7 7 6 6 6 6 6 6 6 6 6 6 6 6 6 6 
0.27 18 18 18 19 19 20 21 22 24 26 31 261 42 42 49 32 24 21 19 17 16 15 15 14 14 13 13 12 12 12 11 11 11 10 10 10 10 10 9 9 9 9 9 9 8 8 8 8 8 8 8 8 8 7 7 7 7 7 7 7 7 7 7 7 7 6 6 6 6 6 6 6 6 6 6 6 6 6 6 6 
0.28 17 17 17 18 18 19 19 20 21 23 25 30 49 42 47 30 23 20 18 17 16 15 15 14 13 13 12 12 12 11 11 11 11 10 10 10 10 9 9 9 9 9 9 8 8 8 8 8 8 8 8 8 8 7 7 7 7 7 7 7 7 7 7 7 6 6 6 6 6 6 6 6 6 6 6 6 6 6 6 6 
0.29 16 16 16 17 17 18 18 19 19 21 22 24 29 44 46 29 23 20 18 17 16 15 14 14 13 13 12 12 12 11 11 11 10 10 10 10 9 9 9 9 9 9 9 8 8 8 8 8 8 8 8 8 7 7 7 7 7 7 7 7 7 7 7 6 6 6 6 6 6 6 6 6 6 6 6 6 6 6 6 6 
0.3 15 15 16 16 16 17 17 18 18 19 20 21 24 30 44 29 22 20 18 17 16 15 14 14 13 13 12 12 11 11 11 11 10 10 10 10 9 9 9 9 9 9 8 8 8 8 8 8 8 8 8 7 7 7 7 7 7 7 7 7 7 7 6 6 6 6 6 6 6 6 6 6 6 6 6 6 6 6 6 6 
0.31 15 15 15 15 15 16 16 17 17 18 18 19 21 24 33 30 22 20 18 17 16 15 14 13 13 12 12 12 11 11 11 10 10 10 10 10 9 9 9 9 9 8 8 8 8 8 8 8 8 8 7 7 7 7 7 7 7 7 7 7 7 7 6 6 6 6 6 6 6 6 6 6 6 6 6 6 6 6 6 6 
