epsilon_k[0] 0.1
epsilon_k[0] 2.18e-05
epsilon_k[0] 7.08e-05
epsilon_k[0] 2.54e-05
epsilon_k[0] 1e-05
epsilon_k[0] 7.8e-06
epsilon_k[0] 0.218
omega_x0 0.31
omega_y0 0.32
dx 0.01
n_theta 100
dtheta 0.00785398
epsilon 6
max_turns 10000000
from_angle 16
to_angle 24
0.125664 1e+07 1e+07 5744 4537 4537 3850 1404 979 
0.133518 1e+07 1e+07 5769 4537 4537 3667 1287 913 
0.141372 1e+07 1e+07 5907 4537 4537 3587 1258 936 
0.149226 1e+07 1e+07 6913 4537 4537 3507 1278 839 
0.15708 1e+07 1e+07 12162 4537 4537 3511 1244 837 
0.164934 1e+07 1e+07 9943 4537 4537 3503 1344 838 
0.172788 1e+07 1e+07 15530 4537 4537 3668 1281 835 
0.180642 1e+07 1e+07 8063 4537 4537 3507 1517 834 
