epsilon_k[0] 0.0001
epsilon_k[1] 2.18e-05
epsilon_k[2] 7.08e-05
epsilon_k[3] 2.54e-05
epsilon_k[4] 1e-05
epsilon_k[5] 7.8e-06
epsilon_k[6] 2.18e-05
omega_x0 0.168
omega_y0 0.201
dx 0.01
n_theta 100
dtheta 0.015708
epsilon 6
max_turns 10000000
from_angle 50
to_angle 55
0.785398 1e+07 1e+07 1e+07 1e+07 1e+07 1e+07 1e+07 1e+07 1e+07 1e+07 1e+07 1e+07 1e+07 1e+07 1e+07 1e+07 1e+07 1e+07 1e+07 1e+07 1e+07 1e+07 1e+07 1e+07 1e+07 1e+07 1e+07 1e+07 1e+07 1e+07 1e+07 1e+07 1e+07 1e+07 1e+07 1e+07 1e+07 1e+07 1e+07 1e+07 1e+07 2.58952e+06 399454 623510 726449 246264 416934 238893 11935 35433 12289 9194 4013 3816 6152 45508 361 340 153 380 300 133 416 171 97 41 19 324 47 13 12 11 11 11 10 10 10 10 10 10 10 10 10 9 9 9 9 9 9 9 9 9 10 10 10 10 11 12 13 12 
0.801106 1e+07 1e+07 1e+07 1e+07 1e+07 1e+07 1e+07 1e+07 1e+07 1e+07 1e+07 1e+07 1e+07 1e+07 1e+07 1e+07 1e+07 1e+07 1e+07 1e+07 1e+07 1e+07 1e+07 1e+07 1e+07 1e+07 1e+07 1e+07 1e+07 1e+07 1e+07 1e+07 1e+07 1e+07 1e+07 1e+07 1e+07 1e+07 1.7534e+06 1e+07 1e+07 1.97366e+06 2.58474e+06 946007 80778 228948 82633 374317 31689 4239 20774 13592 12687 625 2949 438 1227 282 120 919 66 119 99 286 268 58 20 57 20 14 12 11 11 11 11 11 10 10 10 10 10 10 10 10 11 11 12 12 15 12 13 14 13 11 11 11 15 12 13 11 
0.816814 1e+07 1e+07 1e+07 1e+07 1e+07 1e+07 1e+07 1e+07 1e+07 1e+07 1e+07 1e+07 1e+07 1e+07 1e+07 1e+07 1e+07 1e+07 1e+07 1e+07 1e+07 1e+07 1e+07 1e+07 1e+07 1e+07 1e+07 1e+07 1e+07 1e+07 1e+07 1e+07 1e+07 1e+07 1e+07 1e+07 1e+07 1e+07 1e+07 1e+07 1e+07 589486 3.95307e+06 420054 1.17746e+06 173492 725366 76576 6485 2813 5757 2571 6996 1071 2060 1514 276 1308 566 454 98 120 145 42 145 105 101 19 123 20 28 13 12 12 12 12 12 12 13 20 14 20 18 13 16 15 16 12 11 11 12 20 13 15 10 10 10 10 10 14 
0.832522 1e+07 1e+07 1e+07 1e+07 1e+07 1e+07 1e+07 1e+07 1e+07 1e+07 1e+07 1e+07 1e+07 1e+07 1e+07 1e+07 1e+07 1e+07 1e+07 1e+07 1e+07 1e+07 1e+07 1e+07 1e+07 1e+07 1e+07 1e+07 1e+07 1e+07 1e+07 1e+07 1e+07 1e+07 1e+07 1e+07 1e+07 7.26839e+06 8.59564e+06 801359 1.12041e+06 4.84013e+06 8.99538e+06 217384 86285 172232 236676 35777 10259 6500 1430 6865 4284 782 989 209 1388 3072 184 2202 28 242 409 80 668 69 131 54 98 19 18 18 18 20 25 34 17 18 14 14 20 15 14 12 11 12 15 30 13 24 11 10 11 17 12 11 9 9 9 8 
0.84823 1e+07 1e+07 1e+07 1e+07 1e+07 1e+07 1e+07 1e+07 1e+07 1e+07 1e+07 1e+07 1e+07 1e+07 1e+07 1e+07 1e+07 1e+07 1e+07 1e+07 1e+07 1e+07 1e+07 1e+07 1e+07 1e+07 1e+07 1e+07 1e+07 1e+07 1e+07 1e+07 1e+07 1e+07 1e+07 1e+07 1e+07 9.70316e+06 1.46669e+06 1e+07 565064 1.22225e+06 1e+07 421734 236273 409850 177841 807917 53181 22191 11738 4969 1096 659 975 7675 900 250 444 101 320 32 19 26 27 156 241 44 32 39 100 41 16 20 31 16 23 19 16 13 12 12 12 22 17 14 35 12 15 15 12 11 10 11 9 8 7 7 7 7 
