epsilon_k[0] 0.0001
epsilon_k[1] 2.18e-05
epsilon_k[2] 7.08e-05
epsilon_k[3] 2.54e-05
epsilon_k[4] 1e-05
epsilon_k[5] 7.8e-06
epsilon_k[6] 2.18e-05
omega_x0 0.168
omega_y0 0.201
dx 0.01
n_theta 100
dtheta 0.015708
epsilon 18
max_turns 10000000
from_angle 20
to_angle 25
0.314159 1e+07 1e+07 1e+07 1e+07 1e+07 1e+07 1e+07 1e+07 1e+07 1e+07 1e+07 1e+07 1e+07 1e+07 1e+07 1e+07 1e+07 1e+07 1e+07 1e+07 1e+07 1e+07 1e+07 1e+07 1e+07 1e+07 1e+07 1e+07 1e+07 1e+07 1e+07 1e+07 1e+07 1e+07 1e+07 1e+07 1e+07 1e+07 1e+07 1e+07 1e+07 1e+07 1e+07 1e+07 1e+07 1e+07 5.81914e+06 1.41769e+06 569536 168697 47041 34840 177899 30147 31706 13886 5484 14738 19655 17569 1214 1796 3548 1851 11699 2626 1277 5625 611 374 2657 78 82 504 325 584 224 57 66 105 112 22 89 362 396 143 107 40 25 27 243 46 52 83 13 27 93 29 122 72 
0.329867 1e+07 1e+07 1e+07 1e+07 1e+07 1e+07 1e+07 1e+07 1e+07 1e+07 1e+07 1e+07 1e+07 1e+07 1e+07 1e+07 1e+07 1e+07 1e+07 1e+07 1e+07 1e+07 1e+07 1e+07 1e+07 1e+07 1e+07 1e+07 1e+07 1e+07 1e+07 1e+07 1e+07 1e+07 1e+07 1e+07 1e+07 1e+07 1e+07 1e+07 1e+07 1e+07 1e+07 1e+07 1e+07 3.7451e+06 1e+07 6.04243e+06 5.21342e+06 538760 260322 67895 236235 136753 15236 6656 10574 34956 59520 778 5357 17026 1206 12573 723 998 1446 1323 1262 451 1258 662 292 133 171 350 380 139 96 59 34 146 38 81 73 93 76 165 40 41 133 71 26 32 31 25 13 14 29 24 
0.345575 1e+07 1e+07 1e+07 1e+07 1e+07 1e+07 1e+07 1e+07 1e+07 1e+07 1e+07 1e+07 1e+07 1e+07 1e+07 1e+07 1e+07 1e+07 1e+07 1e+07 1e+07 1e+07 1e+07 1e+07 1e+07 1e+07 1e+07 1e+07 1e+07 1e+07 1e+07 1e+07 1e+07 1e+07 1e+07 1e+07 1e+07 1e+07 1e+07 1e+07 1e+07 1e+07 1e+07 1e+07 1e+07 1e+07 1.38581e+06 256485 913097 1.19539e+06 942900 115680 350925 39255 32160 31204 28889 9433 3374 7105 5404 11280 3492 14976 1149 530 1031 560 889 13777 133 639 880 159 178 79 52 589 69 32 24 18 29 120 20 123 118 53 91 617 38 31 77 64 82 29 18 21 12 12 
0.361283 1e+07 1e+07 1e+07 1e+07 1e+07 1e+07 1e+07 1e+07 1e+07 1e+07 1e+07 1e+07 1e+07 1e+07 1e+07 1e+07 1e+07 1e+07 1e+07 1e+07 1e+07 1e+07 1e+07 1e+07 1e+07 1e+07 1e+07 1e+07 1e+07 1e+07 1e+07 1e+07 1e+07 1e+07 1e+07 1e+07 1e+07 1e+07 1e+07 1e+07 1e+07 1e+07 1e+07 1e+07 1e+07 1e+07 1e+07 1.07381e+06 1e+07 914322 317327 855864 197148 15725 120782 8413 6369 10771 3415 10303 3959 11922 1150 9245 1353 649 1593 245 466 428 222 316 239 208 239 77 62 33 97 321 25 55 14 13 14 21 20 87 22 50 69 25 48 24 41 34 29 71 59 20 
0.376991 1e+07 1e+07 1e+07 1e+07 1e+07 1e+07 1e+07 1e+07 1e+07 1e+07 1e+07 1e+07 1e+07 1e+07 1e+07 1e+07 1e+07 1e+07 1e+07 1e+07 1e+07 1e+07 1e+07 1e+07 1e+07 1e+07 1e+07 1e+07 1e+07 1e+07 1e+07 1e+07 1e+07 1e+07 1e+07 1e+07 1e+07 1e+07 1e+07 1e+07 1e+07 1e+07 6.66205e+06 1e+07 1e+07 4.80417e+06 1.57856e+06 2.9301e+06 4.02422e+06 433317 180431 172344 25148 54766 11540 14612 9261 14270 4095 7531 1441 6029 876 3752 1981 585 745 556 258 412 166 114 297 189 92 120 5635 87 46 229 28 34 22 13 13 13 13 216 19 200 56 36 86 82 29 50 132 85 33 35 
