epsilon_k[0] 0.0001
epsilon_k[1] 2.18e-05
epsilon_k[2] 7.08e-05
epsilon_k[3] 2.54e-05
epsilon_k[4] 1e-05
epsilon_k[5] 7.8e-06
epsilon_k[6] 2.18e-05
omega_x0 0.168
omega_y0 0.201
dx 0.001
epsilon 12
max_turns 10000000
from_y 720
to_y 800
0.72 21 21 21 21 21 21 21 21 20 20 20 20 20 20 20 20 21 21 21 21 21 22 23 150 39 65 27 65 122 140 33 26 37 62 31 38 109 58 104 120 41 41 334 72 54 57 74 34 77 101 48 132 120 68 70 37 33 110 74 110 130 59 40 83 118 27 60 60 72 48 41 49 51 66 64 27 26 27 30 137 
0.721 21 21 21 21 21 21 21 21 21 21 21 20 20 20 20 20 20 20 21 21 21 21 21 22 125 125 83 41 37 63 50 55 27 27 30 34 64 85 219 164 357 65 42 426 278 95 54 37 33 82 107 93 352 68 99 42 77 37 156 118 149 65 1291 99 64 26 62 50 52 168 74 44 55 91 80 28 26 26 32 112 
0.722 23 23 22 22 22 21 21 21 21 21 21 21 21 21 20 20 20 20 20 21 21 21 21 21 22 23 55 34 59 27 76 107 140 40 26 37 41 87 126 123 224 164 57 42 85 91 51 109 72 33 261 59 102 59 185 99 122 33 93 64 108 72 98 57 87 56 40 313 74 113 28 50 116 61 38 682 26 26 54 87 
0.723 48 59 341 29 37 24 23 22 22 21 21 21 21 21 21 21 21 20 20 20 20 21 21 21 21 21 22 24 53 65 224 60 78 70 32 26 32 50 77 144 66 160 112 121 42 52 133 42 63 125 33 51 110 94 61 78 45 76 36 102 48 97 42 43 51 75 42 42 142 36 27 41 41 37 115 59 27 26 26 39 
0.724 316 177 36 29 126 59 321 30 59 23 22 22 21 21 21 21 21 21 21 21 20 20 21 21 21 21 21 21 22 52 31 60 28 234 91 56 26 33 168 101 357 97 362 586 94 96 74 137 43 118 48 34 91 66 75 61 33 43 42 73 149 96 56 192 48 110 26 78 112 87 27 27 30 37 183 44 28 26 26 36 
0.725 67 44 185 109 270 48 215 28 36 70 44 24 22 22 21 21 21 21 21 21 21 21 21 21 21 21 21 21 21 22 24 65 74 27 63 46 93 27 47 108 59 67 105 320 89 375 105 100 56 52 65 101 75 262 57 59 183 51 51 36 91 101 132 74 51 272 29 136 50 76 29 29 47 172 72 33 54 27 26 48 
0.726 42 101 36 145 54 98 109 50 152 376 28 48 30 66 22 22 21 21 21 21 21 21 21 21 21 21 21 21 21 21 21 22 36 35 153 32 60 132 73 28 119 228 63 125 184 126 454 256 49 74 47 103 63 57 101 57 67 54 41 65 49 165 152 187 282 285 51 76 127 225 120 87 27 45 102 66 36 27 26 26 
0.727 35 58 29 28 28 34 34 52 108 63 60 144 29 70 219 43 23 22 21 21 21 21 21 21 21 21 21 21 21 21 21 21 22 24 207 45 28 64 67 63 27 51 355 938 362 40 208 70 73 85 51 39 61 33 73 58 65 48 40 495 38 63 146 106 55 114 40 26 69 69 35 178 81 43 136 107 102 27 27 26 
0.728 123 106 267 163 69 35 30 28 34 76 45 103 89 111 29 34 86 35 22 22 21 21 21 21 21 21 21 21 21 21 21 21 21 21 23 327 290 27 82 45 33 26 104 64 60 79 352 157 98 48 82 32 174 45 61 60 81 68 94 47 75 120 187 125 42 188 56 27 114 81 366 70 45 27 52 284 104 27 27 26 
0.729 169 104 88 242 110 48 177 73 48 29 53 48 80 247 117 198 29 87 30 29 22 22 21 21 21 21 21 21 21 21 21 21 21 21 21 22 55 68 45 32 112 47 26 54 43 51 187 327 145 80 138 33 33 141 33 64 58 112 104 40 4928 117 135 78 86 178 80 58 39 50 27 56 40 28 56 44 40 27 27 26 
0.73 34 34 35 71 371 168 87 217 200 57 226 30 33 180 246 193 99 200 28 155 30 24 22 22 21 21 21 21 21 21 21 21 21 21 21 21 22 23 111 45 41 47 185 26 56 79 99 443 70 121 101 142 33 40 33 40 36 40 62 100 379 74 73 80 116 123 33 84 26 92 27 64 28 38 30 47 77 26 27 27 
0.731 56 96 58 35 35 34 35 146 56 51 42 65 211 30 37 34 81 71 57 107 29 63 62 23 22 22 21 21 21 21 21 21 21 21 21 21 21 21 22 66 66 28 58 188 26 38 84 34 270 450 78 88 47 66 132 36 36 61 58 95 58 88 61 68 101 56 1065 81 26 58 274 63 62 39 27 104 68 26 26 29 
0.732 43 13014 83 405 118 153 34 91 35 43 68 128 48 60 36 29 35 94 49 76 66 31 71 37 53 23 22 21 21 21 21 21 21 21 21 21 21 21 21 22 51 61 27 43 231 26 75 36 100 52 254 57 307 81 43 33 65 51 61 77 60 165 51 231 94 78 67 38 91 110 169 862 32 111 29 79 37 26 26 28 
0.733 47 55 49 55 61 60 44 107 34 89 329 56 80 50 88 74 37 29 86 61 104 76 105 28 372 29 25 22 22 21 21 21 21 21 21 21 21 21 21 21 22 23 29 29 63 53 26 66 35 73 177 172 224 256 55 48 32 38 68 34 67 106 449 40 43 65 104 33 104 256 70 95 29 47 39 63 66 26 26 27 
0.734 39 40 66 77 53 169 170 90 45 48 63 189 41 214 39 97 327 215 29 38 38 73 119 116 35 73 72 42 23 22 22 21 21 21 21 21 21 21 21 21 21 21 23 36 35 58 102 26 505 36 46 124 118 132 31 41 52 33 29 48 70 85 45 31 44 59 118 50 63 25 70 28 40 23 39 30 44 26 26 26 
0.735 30 30 31 32 51 58 66 124 76 54 98 34 53 370 162 58 52 132 66 918 30 84 86 98 98 46 28 65 35 30 23 22 22 21 21 21 21 21 21 21 21 21 21 22 77 75 86 60 26 203 41 67 128 114 85 168 36 36 28 28 47 92 45 56 36 552 62 184 33 54 87 32 132 22 39 26 38 26 26 26 
0.736 33 31 31 30 30 31 42 63 78 2895 220 51 39 59 71 117 58 52 67 44 125 29 67 69 56 159 144 301 28 141 29 31 23 22 22 21 21 21 21 21 21 21 21 21 22 37 187 114 227 26 32 218 55 157 612 39 185 44 35 27 28 34 141 481 30 47 102 192 55 71 66 59 28 22 23 143 51 26 26 26 
0.737 61 53 51 37 32 31 30 32 126 57 47 126 99 38 52 45 108 44 108 76 132 37 29 61 93 48 70 80 210 30 613 51 31 27 22 22 21 21 21 21 21 21 21 21 21 22 71 42 226 73 28 97 34 92 202 42 50 60 33 27 27 30 52 69 54 192 145 88 83 64 25 306 375 22 21 38 56 27 26 26 
0.738 38 37 37 37 84 51 34 31 31 44 42 133 37 67 48 78 45 90 56 113 81 512 107 29 145 126 41 134 62 279 37 28 78 73 37 25 22 22 21 21 21 21 21 21 21 21 21 24 68 130 49 32 42 86 88 355 201 35 45 28 27 27 97 57 50 36 63 70 65 63 35 47 33 22 21 35 41 38 28 41 
0.739 43 37 37 69 83 43 37 383 31 30 38 41 48 99 148 64 70 52 74 119 99 70 204 103 30 29 224 155 84 87 108 139 65 28 139 54 104 24 22 22 21 21 21 21 21 21 21 21 24 169 44 44 39 34 132 113 57 52 56 42 27 28 28 73 57 65 51 99 140 41 141 361 28 22 21 22 26 39 29 37 
0.74 60 181 224 37 60 45 111 41 81 39 31 42 51 46 37 67 39 55 54 48 118 48 49 96 553 43 28 47 54 243 51 218 120 54 67 28 124 93 51 24 22 22 21 21 21 21 21 21 21 23 58 87 52 75 123 40 52 81 38 65 27 29 28 51 80 46 150 110 65 130 92 26 99 29 21 21 33 47 27 30 
0.741 60 171 69 434 37 54 57 92 94 37 47 31 38 78 62 129 199 33 49 51 52 90 40 46 391 241 31 28 53 63 45 172 104 127 98 69 37 28 161 67 48 23 22 21 21 21 21 21 21 21 23 50 50 26 38 35 111 142 32 47 30 36 62 28 56 130 57 74 44 79 103 56 68 120 21 21 27 64 26 74 
0.742 85 93 287 83 70 37 39 50 64 50 38 45 31 83 40 49 96 45 116 48 100 815 82 40 85 48 429 30 28 44 44 39 41 58 96 181 58 53 66 29 53 41 47 23 22 21 21 21 21 21 21 23 93 120 26 40 97 88 129 28 42 28 34 219 29 94 42 60 98 138 102 46 35 55 21 20 25 37 26 56 
0.743 77 59 56 120 53 101 38 41 55 67 69 37 34 31 56 48 49 40 33 1762 123 50 93 161 46 48 457 75 29 28 30 69 139 71 41 208 114 301 104 47 186 55 30 111 49 22 21 21 21 21 21 21 23 42 44 32 36 45 64 55 50 28 77 96 29 34 61 32 55 157 153 45 34 27 21 20 21 32 25 42 
0.744 42 45 67 39 47 65 45 37 43 78 52 85 48 31 39 44 38 54 45 69 45 71 37 92 78 54 78 246 180 28 28 29 52 73 53 41 59 43 93 82 483 76 84 53 65 47 23 22 21 21 21 21 21 25 27 50 88 42 118 43 81 47 39 52 54 28 79 53 86 95 72 51 25 72 22 20 21 34 26 48 
0.745 78 45 83 82 67 39 40 40 37 43 49 51 80 44 31 61 47 38 37 76 42 60 37 42 448 60 288 114 35 130 28 28 28 29 36 87 65 56 126 97 61 124 222 44 63 35 95 40 22 21 21 21 21 21 137 86 49 43 102 92 35 34 28 39 44 58 35 142 49 89 96 75 29 63 84 20 20 31 30 41 
0.746 28 90 82 54 43 70 182 39 38 38 51 56 180 38 32 40 38 39 106 33 42 53 35 35 123 40 133 291 78 36 28 28 28 28 28 28 28 28 29 30 103 66 40 77 203 47 52 28 52 23 21 21 21 21 21 51 64 26 37 59 87 53 39 51 34 51 28 57 38 57 176 99 47 56 50 20 20 23 46 35 
0.747 25 25 73 47 126 44 57 46 38 38 105 60 42 103 47 31 65 37 64 48 55 105 34 34 696 44 113 41 57 161 28 28 28 28 28 28 28 28 28 28 28 28 28 28 36 35 60 65 61 82 24 21 21 21 21 21 63 39 31 69 39 54 27 42 56 34 33 34 48 66 48 99 169 25 28 21 20 21 41 43 
0.748 37 34 25 26 73 35 119 90 88 38 39 64 52 53 37 31 73 56 77 36 42 58 34 34 278 44 97 144 291 29 28 28 28 28 28 28 28 28 28 356 42 52 41 91 31 28 28 72 160 54 28 84 22 21 21 21 21 44 88 31 70 83 106 48 47 55 61 29 39 56 70 83 83 35 81 21 20 20 27 32 
0.749 45 27 30 27 26 48 56 37 72 81 38 47 53 46 93 32 37 52 37 36 152 91 34 38 81 46 42 91 125 28 28 28 28 28 27 27 28 28 35 59 262 34 36 139 47 35 82 55 28 93 708 35 29 22 21 21 21 22 27 26 39 114 34 26 60 42 88 60 35 45 67 94 54 30 37 38 20 20 32 25 
0.75 28 45 46 48 34 27 45 42 81 255 39 65 103 112 91 54 57 67 37 37 46 36 34 70 121 86 232 36 28 28 28 29 30 29 28 27 27 28 54 108 43 31 39 54 73 58 94 49 47 216 28 90 53 38 22 21 21 21 25 40 42 42 103 31 35 73 47 43 29 49 117 92 170 51 28 60 20 20 24 26 
0.751 23 39 271 72 37 38 33 111 192 90 179 80 135 117 43 52 95 43 163 33 58 34 34 141 75 45 98 28 28 60 98 201 59 53 175 28 27 27 37 130 35 51 106 48 42 35 36 35 459 48 139 29 129 45 292 22 21 21 21 29 48 44 240 40 26 227 49 104 133 39 292 125 54 75 36 90 20 20 21 40 
0.752 21 22 43 483 44 53 27 48 44 267 87 58 71 84 44 189 86 41 66 51 131 35 86 61 85 51 28 44 40 206 63 395 289 91 37 45 29 27 28 114 32 50 68 125 45 55 41 41 147 35 34 48 58 29 200 87 22 21 20 21 63 26 184 123 31 29 37 97 83 29 65 44 958 69 80 61 21 20 20 31 
0.753 21 21 22 30 32 27 36 33 118 39 107 46 55 96 53 72 79 58 71 60 36 35 153 41 44 28 83 39 85 120 101 50 67 91 98 2709 33 32 27 47 39 73 65 60 56 37 53 34 32 32 35 53 35 33 28 365 165 21 21 20 22 42 31 77 86 26 56 63 72 53 50 41 32 70 35 39 30 20 20 26 
0.754 21 21 21 22 41 61 32 48 50 77 236 139 78 76 64 37 56 38 32 45 60 35 39 64 28 66 111 93 62 46 43 65 77 66 45 62 85 53 30 27 98 34 47 49 37 91 32 102 55 52 40 143 32 48 127 34 151 51 21 21 21 30 48 29 93 40 29 44 55 218 30 43 49 38 73 25 71 20 20 26 
0.755 22 21 21 21 23 57 27 102 114 65 355 46 105 103 171 37 37 43 36 63 36 81 59 28 76 391 55 63 39 28 28 28 28 28 45 45 45 58 112 28 28 92 113 69 28 44 96 44 45 89 69 230 35 34 32 39 35 153 217 21 20 21 47 26 55 44 36 61 65 62 42 47 67 31 37 109 32 20 20 21 
0.756 37 22 21 21 22 45 73 66 39 73 78 120 76 61 42 40 42 37 62 34 34 134 30 49 109 66 113 29 221 35 32 29 32 34 82 31 143 83 51 69 27 34 41 41 27 37 100 34 46 31 40 38 100 36 34 56 87 73 241 41 21 20 21 42 55 48 30 72 45 140 60 51 33 83 93 123 44 21 20 20 
0.757 100 34 22 21 21 23 102 28 199 138 48 170 194 51 56 66 38 46 44 91 149 92 64 94 75 28 57 37 37 23 23 23 23 23 33 80 48 29 31 71 41 27 42 108 41 27 76 47 36 55 164 192 43 81 36 38 48 37 72 190 22 21 20 35 76 260 183 42 83 87 71 35 48 130 375 39 219 23 20 20 
0.758 40 68 47 22 21 22 49 29 42 99 56 80 50 69 55 37 44 32 54 35 42 28 90 85 28 42 25 22 22 22 22 22 22 22 22 22 24 51 138 49 67 41 27 31 44 26 49 41 44 93 156 63 579 71 132 41 54 39 43 41 55 21 20 21 27 38 45 385 95 38 88 98 53 40 166 51 49 53 20 20 
0.759 47 44 215 22 21 21 190 82 53 130 44 192 70 47 50 31 65 44 67 54 57 36 78 29 62 23 22 22 21 21 21 21 21 21 21 22 22 22 25 33 28 60 33 29 60 26 132 57 40 45 99 38 70 47 45 96 145 34 67 38 29 28 21 20 22 32 121 70 34 44 85 124 146 172 54 184 80 53 20 19 
0.76 42 55 68 40 22 21 23 40 74 85 38 280 92 63 57 31 39 35 62 65 52 224 28 54 22 22 21 21 21 21 21 21 21 21 21 21 21 21 22 23 50 28 49 59 38 35 26 49 38 94 38 116 126 54 162 126 116 41 37 41 37 28 35 21 20 43 32 48 26 53 31 64 45 41 50 160 38 31 20 19 
0.761 103 38 37 62 22 21 22 33 51 69 40 109 182 50 53 107 60 34 41 29 49 75 68 22 21 21 21 21 21 21 21 21 21 21 21 21 21 21 21 21 22 36 28 38 27 55 26 50 46 234 96 119 593 103 73 125 96 62 41 37 44 38 64 22 20 21 35 50 54 29 44 33 57 48 29 43 164 25 22 19 
0.762 34 65 44 44 100 21 22 143 48 209 39 91 106 44 40 247 33 151 257 52 40 57 22 21 21 21 21 21 21 22 22 22 22 22 22 21 21 21 21 21 21 22 35 28 180 27 76 26 54 46 80 216 204 153 81 198 75 196 49 44 70 40 82 48 21 20 39 31 62 25 35 29 59 216 43 48 63 43 39 19 
0.763 123 33 35 122 76 22 21 60 27 46 38 47 121 97 35 37 35 34 51 45 291 22 21 21 21 21 21 22 22 23 27 66 35 48 23 22 22 22 21 21 21 21 22 35 28 79 36 26 40 52 84 220 247 39 62 40 55 51 89 184 72 53 38 238 73 20 20 63 27 61 93 28 28 94 198 46 54 24 38 20 
0.764 49 51 36 86 29 22 21 37 27 64 216 62 102 114 37 44 34 43 74 65 24 21 21 21 21 22 22 57 106 49 70 30 29 32 34 101 66 24 22 21 21 21 21 22 43 31 41 43 26 62 60 196 634 69 42 42 54 39 44 117 123 47 196 98 28 22 20 22 32 49 27 42 43 61 55 43 49 45 80 20 
0.765 26 61 46 72 78 31 21 23 65 84 188 41 90 47 31 31 90 134 78 34 22 21 21 21 22 24 112 55 61 517 658 196 135 122 50 49 63 30 36 23 22 21 21 21 21 36 97 27 26 53 83 109 75 45 47 46 55 67 39 39 58 45 84 38 45 58 21 20 75 35 38 35 87 34 85 79 44 41 25 22 
0.766 34 35 72 64 36 29 21 22 164 51 416 48 275 56 63 80 73 93 108 22 21 21 21 22 132 44 98 50 67 61 82 42 92 66 330 126 47 196 62 28 29 22 21 21 21 21 38 68 29 25 39 89 763 33 47 45 57 53 58 223 38 58 73 38 63 154 32 20 21 40 43 43 40 36 56 88 45 141 39 48 
0.767 23 75 38 46 46 137 22 22 49 160 1476 45 144 42 34 44 45 256 29 21 21 21 22 66 35 74 51 65 153 157 133 102 181 124 106 172 96 142 50 83 66 52 23 21 21 21 21 79 760 34 63 146 100 44 124 180 102 49 39 40 68 62 65 74 45 55 28 21 20 38 202 45 35 38 41 84 43 49 24 31 
0.768 22 32 39 41 35 29 22 22 168 56 75 53 54 42 50 77 28 66 22 21 21 21 233 30 88 90 82 196 92 64 42 149 48 58 212 53 42 42 44 162 29 283 259 37 22 21 21 22 39 26 25 65 228 38 37 35 35 189 143 82 116 95 58 51 59 85 55 43 20 21 111 80 56 28 26 44 281 32 39 37 
0.769 76 22 26 182 31 48 22 22 43 47 103 176 40 42 32 49 79 34 21 21 21 23 81 386 141 55 45 41 148 90 90 59 68 42 70 161 133 49 42 38 77 71 35 41 49 22 21 21 22 37 38 35 98 353 37 42 46 41 53 61 53 56 80 72 396 91 36 65 22 20 36 74 25 49 26 67 75 31 111 39 
0.77 42 22 57 104 41 47 22 22 51 58 116 51 51 30 52 50 50 22 21 21 22 53 63 34 43 96 78 526 37 64 39 36 39 42 35 84 39 38 47 45 35 43 38 34 173 104 22 21 21 22 44 25 103 60 31 42 66 34 48 36 64 68 235 84 162 86 238 46 168 20 21 34 43 41 32 33 54 47 37 23 
0.771 48 97 24 52 68 34 23 21 43 54 39 190 190 36 40 28 116 21 21 21 32 139 154 82 54 122 71 63 45 33 39 60 48 35 35 55 140 39 46 31 38 69 90 87 54 56 35 22 21 21 32 26 28 152 57 45 63 63 57 49 44 49 128 51 57 44 94 58 47 22 20 33 39 28 27 26 166 39 44 35 
0.772 36 52 22 27 60 48 30 21 57 74 46 100 86 33 52 74 24 21 21 23 45 111 118 40 75 115 39 33 42 167 40 49 35 34 227 49 61 47 38 66 50 32 131 31 33 37 29 28 21 21 21 34 31 91 62 37 42 40 70 27 73 29 59 35 50 95 44 37 37 34 20 21 24 29 29 81 61 190 149 37 
0.773 28 41 23 28 81 37 29 21 50 50 70 70 68 48 117 58 21 21 21 206 77 55 40 124 60 44 39 56 47 33 32 32 42 55 35 215 50 184 104 102 52 52 47 41 58 33 25 28 28 21 21 21 42 25 984 183 48 36 84 27 46 37 109 50 50 131 109 32 31 59 35 20 42 60 28 21 63 41 30 47 
0.774 22 64 38 29 46 38 49 21 39 53 1124 80 49 59 84 224 21 21 23 143 27 140 99 67 44 94 50 31 39 32 31 47 38 45 52 55 95 97 36 36 65 167 64 1393 86 97 47 26 73 28 21 21 22 26 57 66 45 57 40 26 37 23 23 37 75 51 68 53 52 78 28 20 22 25 25 70 106 162 62 52 
0.775 38 26 48 23 41 39 558 21 58 369 119 53 36 50 80 23 21 21 91 94 159 355 660 39 58 34 53 50 32 32 32 33 34 34 32 34 55 144 74 273 36 37 45 51 118 89 53 37 44 45 45 21 21 31 25 153 31 41 43 25 32 22 22 22 22 46 139 44 45 102 98 32 20 25 52 35 20 31 41 33 
0.776 21 23 47 22 49 53 61 21 52 151 47 64 30 71 45 21 21 22 75 113 34 107 40 89 44 53 41 56 39 54 78 78 72 35 54 36 48 39 41 66 112 57 56 110 40 36 34 40 34 36 31 37 21 21 34 59 51 46 80 34 58 22 21 22 22 22 174 69 52 32 62 61 20 34 39 48 20 28 48 38 
0.777 19 23 51 23 42 31 29 21 33 51 38 74 44 127 28 21 21 89 180 57 41 56 62 43 40 43 37 48 53 36 40 56 61 82 37 39 35 37 34 54 37 43 140 96 34 34 30 60 125 86 29 33 24 21 21 36 64 45 52 42 31 22 22 23 23 22 22 37 151 57 32 33 24 20 26 25 41 20 54 41 
0.778 18 33 59 78 32 32 41 21 38 55 75 36 34 108 37 21 21 36 58 41 68 37 41 33 41 43 39 36 42 34 47 41 43 39 31 242 53 31 36 46 41 43 40 41 36 47 76 81 28 47 44 42 27 22 20 26 25 49 47 36 25 22 22 35 27 39 22 22 54 58 38 41 57 20 34 32 63 19 25 65 
0.779 17 20 31 38 51 39 112 21 27 47 70 118 36 29 21 21 23 75 50 46 118 51 32 60 44 60 27 42 98 57 32 91 94 74 56 34 32 74 37 86 316 113 42 55 43 104 125 66 77 34 172 44 30 39 21 21 48 204 37 40 37 22 22 30 79 55 28 22 24 80 52 50 54 22 20 24 33 19 68 39 
0.78 17 18 22 55 89 166 103 21 27 64 122 39 39 225 21 21 161 27 60 52 63 96 100 40 48 27 33 40 51 52 63 31 49 42 31 34 52 35 82 38 31 31 39 64 35 44 35 75 127 55 35 30 90 37 73 21 21 25 58 41 42 33 21 26 57 40 123 38 22 41 193 49 36 27 20 29 35 21 19 61 
0.781 16 18 22 34 23 129 68 21 34 51 133 30 151 48 21 21 124 85 195 47 36 40 49 35 26 58 112 118 60 43 52 31 31 44 30 41 140 45 49 62 38 42 31 31 32 70 61 31 331 129 48 56 28 133 25 34 20 30 100 38 45 24 21 26 47 57 37 52 31 22 263 38 47 82 21 21 70 46 19 25 
0.782 16 17 27 45 22 67 70 21 31 98 93 43 41 41 20 23 51 34 140 60 49 40 55 26 40 90 70 31 55 36 30 41 36 29 40 58 34 25 25 25 25 96 41 45 36 46 45 77 41 32 53 68 73 27 39 24 22 20 26 51 37 30 22 28 80 47 44 43 44 46 22 70 41 27 32 20 23 29 19 20 
0.783 16 17 21 50 22 73 197 21 44 58 57 50 82 21 20 83 43 41 46 71 167 44 52 63 88 203 67 52 31 37 49 56 88 34 39 40 32 28 26 26 27 42 47 24 24 42 31 31 33 52 63 40 54 47 28 170 26 21 21 50 34 48 35 23 32 49 28 27 46 348 22 60 38 50 70 20 26 28 20 19 
0.784 16 16 19 27 23 172 48 21 59 40 40 34 28 21 21 99 52 62 54 44 65 118 26 54 169 46 41 34 29 738 33 70 80 27 33 625 79 36 31 27 27 35 32 39 26 36 24 33 55 53 54 35 151 162 36 27 42 35 20 30 48 45 28 21 28 35 22 24 22 32 58 22 73 31 26 379 20 52 29 18 
0.785 15 16 18 26 73 53 48 21 33 32 38 45 64 21 21 44 77 55 33 50 56 26 55 61 270 31 34 56 32 31 63 26 55 45 27 35 25 22 21 21 21 21 21 22 33 26 36 36 23 37 31 105 49 52 41 29 30 27 27 20 24 43 33 22 36 28 22 30 34 22 32 29 53 38 47 52 20 31 28 18 
0.786 15 16 17 22 44 48 39 21 26 32 43 46 55 20 23 29 3866 78 46 42 59 37 93 41 92 31 34 46 37 105 255 45 347 53 21 21 21 20 20 20 20 20 20 20 20 20 21 27 55 34 26 30 65 32 82 132 35 25 24 21 22 71 29 24 25 29 22 26 23 27 22 74 22 91 41 41 22 22 29 19 
0.787 15 16 17 21 32 110 50 21 26 43 46 41 49 20 44 86 83 34 53 32 26 50 212 32 44 29 44 154 40 64 29 69 21 21 21 21 21 21 21 21 21 21 21 21 20 20 20 20 20 27 29 23 30 50 37 30 29 58 40 31 20 34 31 32 21 36 22 35 20 21 43 36 34 23 49 32 67 20 35 26 
0.788 15 15 16 21 28 25 31 21 26 38 40 58 22 20 48 64 62 29 82 54 34 48 89 35 47 39 106 55 52 36 22 21 21 21 21 22 42 53 36 27 70 44 41 27 60 25 21 20 20 20 20 30 34 38 89 30 52 27 28 38 40 20 32 29 34 36 25 25 18 18 21 58 33 23 98 35 56 20 32 38 
0.789 15 15 16 21 37 39 43 21 63 38 40 160 21 21 56 40 36 148 40 36 46 67 45 48 58 77 53 39 112 21 21 21 21 24 88 27 161 44 36 26 33 29 34 28 28 33 47 29 21 20 20 20 23 25 48 95 40 49 45 66 28 20 32 41 37 21 25 21 18 17 17 23 23 105 23 33 30 45 20 60 
0.79 15 15 16 20 26 35 39 21 66 42 65 60 21 21 46 43 33 60 76 25 65 39 48 35 263 79 74 38 21 21 21 22 28 27 70 69 27 112 23 23 24 32 32 87 27 26 23 23 25 41 21 20 20 20 47 33 40 34 278 23 30 26 20 30 31 23 41 32 18 17 16 17 40 26 33 64 31 39 20 23 
0.791 15 15 16 18 25 28 48 21 41 48 67 27 20 29 128 58 26 36 42 48 53 27 69 32 80 40 87 21 20 21 23 206 104 46 27 32 23 46 35 54 67 35 26 24 24 34 65 68 37 23 28 31 20 20 20 26 57 28 29 39 23 38 21 24 42 43 25 22 18 16 16 16 17 35 221 23 37 26 21 24 
0.792 15 15 16 17 31 23 30 21 57 45 114 48 20 44 63 48 66 27 34 57 32 33 78 34 26 27 21 20 21 94 43 99 32 36 24 33 47 114 50 42 30 49 43 35 28 31 29 31 27 60 45 23 25 22 20 20 25 28 33 27 21 91 26 20 32 175 21 23 23 16 16 16 16 18 35 28 54 183 181 20 
0.793 15 15 15 17 21 22 29 21 45 43 31 52 20 31 105 50 44 27 25 77 26 49 65 403 52 22 20 21 24 68 114 133 54 24 51 79 49 28 34 22 19 18 18 18 18 18 18 18 18 19 33 23 33 22 26 20 19 26 35 32 29 20 30 32 21 35 27 34 20 17 16 16 16 16 49 71 30 25 31 20 
0.794 15 15 15 16 20 22 33 21 46 39 65 36 20 52 58 29 28 32 162 38 25 35 120 38 28 20 20 22 65 57 326 133 24 34 145 50 114 52 18 18 17 17 17 17 17 17 17 17 17 17 18 18 26 50 28 66 20 19 24 41 61 25 20 31 20 32 48 21 22 17 16 16 16 16 17 23 35 36 52 30 
0.795 14 15 15 16 19 21 144 21 204 40 36 23 20 27 177 27 42 41 37 31 31 53 108 37 21 20 21 312 80 151 80 25 34 68 27 29 19 18 18 17 17 17 17 17 17 17 17 17 17 17 17 17 17 18 27 28 25 20 19 34 31 158 20 22 23 20 29 26 20 19 16 16 16 16 16 158 95 47 25 55 
0.796 14 15 15 16 18 22 43 21 71 49 80 21 20 102 98 40 105 25 144 25 29 94 137 22 20 20 54 49 155 59 25 47 41 28 35 19 18 17 17 17 17 17 17 17 17 17 17 17 16 16 17 17 17 17 18 66 39 24 20 19 29 26 29 19 27 21 45 34 24 20 16 16 15 15 16 17 23 22 30 26 
0.797 14 15 15 16 18 24 44 21 100 31 52 21 21 25 53 29 53 36 36 26 101 92 27 20 20 22 28 47 40 26 38 69 27 110 19 18 17 17 17 17 17 17 17 17 17 17 16 16 16 16 16 16 16 17 17 17 19 28 22 20 19 22 39 46 19 28 20 28 25 24 17 16 15 15 15 16 49 49 44 42 
0.798 14 14 15 15 17 28 39 21 41 32 39 20 52 41 45 45 27 274 29 63 33 51 21 20 21 149 175 53 37 41 340 31 40 19 18 17 17 17 17 17 17 17 17 17 17 17 17 16 16 16 16 16 16 16 16 17 17 18 23 22 19 20 31 25 19 33 22 47 26 29 18 16 15 15 15 16 17 52 22 38 
0.799 14 14 15 15 17 27 35 21 58 36 52 20 45 44 25 43 35 51 25 39 52 29 20 20 61 58 45 62 31 120 48 43 19 18 17 17 17 17 17 17 17 17 17 17 17 17 17 17 17 16 16 16 16 16 16 16 16 17 18 23 24 19 22 26 37 19 45 20 33 21 23 16 15 15 15 15 16 25 25 36 
