epsilon_k[0] 0.1
epsilon_k[0] 2.18e-05
epsilon_k[0] 7.08e-05
epsilon_k[0] 2.54e-05
epsilon_k[0] 1e-05
epsilon_k[0] 7.8e-06
epsilon_k[0] 0.218
omega_x0 0.28
omega_y0 0.31
dx 0.01
n_theta 100
dtheta 0.00785398
epsilon 64
max_turns 10000000
from_angle 48
to_angle 56
0.376991 1e+07 35985 9155 7073 2970 2970 1844 1334 763 
0.384845 1e+07 35984 8942 6490 2984 2984 1840 1281 763 
0.392699 1e+07 35995 9566 6163 3072 3072 1829 1273 812 
0.400553 1e+07 36099 8946 5549 2868 2868 1815 1271 771 
0.408407 1e+07 36260 8854 5698 2854 2854 1799 1270 768 
0.416261 1e+07 36294 8865 5452 2856 2856 1787 1270 768 
0.424115 1e+07 36437 8869 7424 2927 2927 1755 1271 770 
0.431969 1e+07 37326 8949 5036 2845 2845 1744 1272 771 
