epsilon_k[0]0.1
epsilon_k[0]2.18e-05
epsilon_k[0]7.08e-05
epsilon_k[0]2.54e-05
epsilon_k[0]1e-05
epsilon_k[0]7.8e-06
epsilon_k[0]0.218
omega_x01.05558
omega_y01.26292
dx 0.01
n_theta 100
dtheta 0.00785398
epsilon 12
max_turns 10000000
from_angle 88
to_angle 96
0.69115 1e+07 1e+07 14577 14577 2807 976 
0.699004 1e+07 1.94792e+06 14934 14934 2747 970 
0.706858 1e+07 6.84444e+06 16461 16461 2582 963 
0.714712 1e+07 1e+07 20801 8826 2572 949 
0.722566 1e+07 7.37379e+06 21508 8042 2443 978 
0.73042 1e+07 4.37992e+06 29242 7922 2442 949 
0.738274 1e+07 4.73983e+06 27771 7862 2646 957 
0.746128 1e+07 4.76186e+06 25936 8312 2646 941 
0.753982 1e+07 1e+07 27293 7387 3639 940 
