epsilon_k[0] 0.0001
epsilon_k[1] 2.18e-05
epsilon_k[2] 7.08e-05
epsilon_k[3] 2.54e-05
epsilon_k[4] 1e-05
epsilon_k[5] 7.8e-06
epsilon_k[6] 2.18e-05
omega_x0 0.31
omega_y0 0.32
dx 0.01
epsilon 2
max_turns 10000000
from_y 24
to_y 32
0.24 22 23 24 26 29 35 59 78 74 47 42 41 40 41 43 52 243 28 22 20 18 17 16 15 15 14 13 13 13 12 12 11 11 11 11 10 10 10 10 10 9 9 9 9 9 9 9 8 8 8 8 8 8 8 8 8 7 7 7 7 7 7 7 7 7 7 7 7 6 6 6 6 6 6 6 6 6 6 6 6 
0.25 21 21 22 23 25 27 30 52 64 53 43 40 40 40 42 50 99 26 22 19 18 17 16 15 14 14 13 13 12 12 12 11 11 11 11 10 10 10 10 9 9 9 9 9 9 9 8 8 8 8 8 8 8 8 8 7 7 7 7 7 7 7 7 7 7 7 7 6 6 6 6 6 6 6 6 6 6 6 6 6 
0.26 19 20 20 21 22 23 25 28 34 60 46 41 39 39 41 48 65 25 21 19 17 16 15 15 14 14 13 13 12 12 11 11 11 11 10 10 10 10 9 9 9 9 9 9 9 8 8 8 8 8 8 8 8 8 7 7 7 7 7 7 7 7 7 7 7 7 6 6 6 6 6 6 6 6 6 6 6 6 6 6 
0.27 18 18 19 20 20 21 22 24 26 31 59 42 39 39 40 47 38 24 20 18 17 16 15 14 14 13 13 12 12 12 11 11 11 10 10 10 10 10 9 9 9 9 9 9 8 8 8 8 8 8 8 8 8 8 7 7 7 7 7 7 7 7 7 7 7 6 6 6 6 6 6 6 6 6 6 6 6 6 6 6 
0.28 17 17 18 18 19 19 20 21 23 25 29 60 41 39 40 46 32 23 20 18 17 16 15 14 14 13 13 12 12 12 11 11 11 10 10 10 10 9 9 9 9 9 9 9 8 8 8 8 8 8 8 8 8 7 7 7 7 7 7 7 7 7 7 7 6 6 6 6 6 6 6 6 6 6 6 6 6 6 6 6 
0.29 16 17 17 17 18 18 19 19 20 22 24 27 65 39 39 45 30 22 20 18 17 16 15 14 13 13 12 12 12 11 11 11 11 10 10 10 10 9 9 9 9 9 9 8 8 8 8 8 8 8 8 8 7 7 7 7 7 7 7 7 7 7 7 6 6 6 6 6 6 6 6 6 6 6 6 6 6 6 6 6 
0.3 16 16 16 16 17 17 18 18 19 20 21 23 27 61 39 43 29 22 19 18 16 15 15 14 13 13 12 12 12 11 11 11 10 10 10 10 9 9 9 9 9 9 8 8 8 8 8 8 8 8 8 7 7 7 7 7 7 7 7 7 7 7 6 6 6 6 6 6 6 6 6 6 6 6 6 6 6 6 6 6 
0.31 15 15 15 16 16 16 17 17 18 18 19 20 22 26 43 41 29 22 19 17 16 15 14 14 13 13 12 12 11 11 11 11 10 10 10 10 9 9 9 9 9 9 8 8 8 8 8 8 8 8 8 7 7 7 7 7 7 7 7 7 7 7 6 6 6 6 6 6 6 6 6 6 6 6 6 6 6 6 6 6 
