epsilon_k[0] 0.0001
epsilon_k[1] 2.18e-05
epsilon_k[2] 7.08e-05
epsilon_k[3] 2.54e-05
epsilon_k[4] 1e-05
epsilon_k[5] 7.8e-06
epsilon_k[6] 2.18e-05
omega_x0 0.168
omega_y0 0.201
dx 0.01
epsilon 2
max_turns 10000000
from_y 32
to_y 40
0.32 1e+07 1e+07 1e+07 1e+07 1e+07 1e+07 1e+07 1e+07 1e+07 1e+07 1e+07 1e+07 1e+07 1e+07 1e+07 1e+07 1e+07 1e+07 1e+07 1e+07 1e+07 1e+07 1e+07 1e+07 1e+07 5.99567e+06 375528 1.18399e+06 1.48382e+06 4.47655e+06 1.62545e+06 6.61419e+06 275205 142437 31593 3.14458e+06 410913 35728 28652 47499 17209 48931 14627 10269 7825 2921 6149 9955 1527 1710 3331 348 391 398 1437 273 404 430 682 67 102 92 83 247 185 288 209 133 672 109 176 25 25 33 145 61 155 166 13 12 
0.33 1e+07 1e+07 1e+07 1e+07 1e+07 1e+07 1e+07 1e+07 1e+07 1e+07 1e+07 1e+07 1e+07 1e+07 1e+07 1e+07 1e+07 1e+07 1e+07 1e+07 1e+07 1e+07 1e+07 1e+07 1e+07 347430 1.7524e+06 1.27038e+06 2.88805e+06 2.26252e+06 1.09968e+06 90196 91168 266302 70160 17206 115351 33119 8649 9032 5115 15225 4762 102691 3566 4382 760 5262 9534 1078 2151 2107 571 444 289 285 1179 1446 108 467 50 139 31 236 141 302 130 33 56 110 67 139 121 40 29 35 131 34 13 12 
0.34 1e+07 1e+07 1e+07 1e+07 1e+07 1e+07 1e+07 1e+07 1e+07 1e+07 1e+07 1e+07 1e+07 1e+07 1e+07 1e+07 1e+07 1e+07 1e+07 1e+07 1e+07 1e+07 1e+07 1e+07 1e+07 142995 3.15578e+06 1.06454e+06 408372 3.9784e+06 1e+07 120355 21046 11457 49467 30690 14041 69624 19823 24242 7470 6275 3769 2386 4936 6973 805 367 2019 952 1908 709 1756 6750 615 7481 286 279 261 362 103 135 101 37 31 46 79 71 39 51 52 149 83 56 51 19 44 26 206 12 
0.35 1e+07 1e+07 1e+07 1e+07 1e+07 1e+07 1e+07 1e+07 1e+07 1e+07 1e+07 1e+07 1e+07 1e+07 1e+07 1e+07 1e+07 1e+07 1e+07 1e+07 1e+07 1e+07 1e+07 1e+07 3.75906e+06 212921 9.92815e+06 1.02597e+06 950430 1.71414e+06 214989 83890 12371 16523 4781 4238 2906 5695 80166 5274 7355 3345 2731 470 774 1764 1219 699 1122 912 782 617 209 1220 901 723 418 5053 377 402 182 129 63 223 137 90 340 31 722 118 38 289 112 66 32 23 18 41 19 15 
0.36 1e+07 1e+07 1e+07 1e+07 1e+07 1e+07 1e+07 1e+07 1e+07 1e+07 1e+07 1e+07 1e+07 1e+07 1e+07 1e+07 1e+07 1e+07 1e+07 1e+07 4.00442e+06 3.61536e+06 4.67862e+06 3.01434e+06 222602 51197 229215 1.49494e+06 304702 30038 50004 59254 18056 6532 8528 17374 13413 2318 1585 2319 2170 688 1412 3689 5602 738 370 742 155 1139 806 295 548 417 1089 382 316 681 504 547 65 84 177 176 104 141 57 622 343 178 31 64 44 119 25 39 35 18 74 40 
0.37 1e+07 1e+07 1e+07 1e+07 1e+07 1e+07 1e+07 1e+07 1e+07 1e+07 1e+07 6.17179e+06 1e+07 1e+07 1e+07 1e+07 1e+07 3.35314e+06 1e+07 1e+07 1.36873e+06 82207 145770 224301 185443 450817 69988 38150 38874 18676 157954 31868 27517 8868 19551 78007 8944 1772 4624 2723 655 4971 6399 8159 263 998 2094 442 185 271 1117 3702 217 148 285 400 355 314 4927 104 115 95 39 101 257 157 60 1225 145 104 105 77 783 58 164 74 74 111 17 49 
0.38 1e+07 1e+07 1e+07 1e+07 1e+07 1e+07 1e+07 1e+07 1e+07 7.88026e+06 7.63545e+06 1e+07 1e+07 4.37616e+06 5.73607e+06 1e+07 2.9164e+06 623813 1e+07 1e+07 2.65879e+06 71365 222557 58352 24632 15766 269565 28388 18750 14150 9758 31145 4206 7741 9047 818 1358 2000 5641 1274 1649 14359 580 547 799 406 5246 225 671 249 116 224 150 1231 532 138 486 465 186 180 155 58 138 162 152 248 36 41 112 89 53 82 91 57 78 54 42 45 41 17 
0.39 1e+07 1e+07 1e+07 1e+07 1e+07 1e+07 1e+07 1e+07 1e+07 1e+07 2.11771e+06 1.21568e+06 1.12461e+06 425992 524105 318969 80485 150189 2.73254e+06 78360 10396 24197 52156 17016 7658 24280 17542 9168 17766 9415 5455 7509 16810 45927 12809 1554 15852 2878 2137 426 1185 822 115 185 3153 284 1898 444 3568 3337 140 125 301 816 77 555 223 193 2555 148 128 416 260 59 42 62 119 98 35 94 36 434 75 219 114 69 43 42 43 27 
