epsilon_k[0] 0.0001
epsilon_k[1] 2.18e-05
epsilon_k[2] 7.08e-05
epsilon_k[3] 2.54e-05
epsilon_k[4] 1e-05
epsilon_k[5] 7.8e-06
epsilon_k[6] 2.18e-05
omega_x0 0.168
omega_y0 0.201
dx 0.01
n_theta 100
dtheta 0.015708
epsilon 32
max_turns 10000000
from_angle 30
to_angle 35
0.471239 1e+07 1e+07 1e+07 1e+07 1e+07 1e+07 1e+07 1e+07 1e+07 1e+07 1e+07 1e+07 1e+07 1e+07 1e+07 1e+07 1e+07 1e+07 1e+07 1e+07 1e+07 1e+07 1e+07 1e+07 1e+07 1e+07 1e+07 1e+07 1e+07 1e+07 1e+07 1e+07 1e+07 1e+07 1e+07 1e+07 1e+07 1e+07 1e+07 8.68692e+06 1e+07 1e+07 9.99715e+06 1e+07 1e+07 1.00948e+06 1.60311e+06 3.34662e+06 1.03427e+06 4.65156e+06 2.07463e+06 125520 24499 77268 85632 8987 5499 1918 3177 11513 840 14340 2610 1586 1162 556 1486 377 80 312 109 495 51 104 137 171 306 54 397 457 31 44 31 30 171 137 143 62 24 38 26 17 14 13 13 13 17 19 14 13 
0.486947 1e+07 1e+07 1e+07 1e+07 1e+07 1e+07 1e+07 1e+07 1e+07 1e+07 1e+07 1e+07 1e+07 1e+07 1e+07 1e+07 1e+07 1e+07 1e+07 1e+07 1e+07 1e+07 1e+07 1e+07 1e+07 1e+07 1e+07 1e+07 1e+07 1e+07 1e+07 1e+07 1e+07 1e+07 1e+07 1e+07 1e+07 1e+07 5.29721e+06 9.23747e+06 4.26377e+06 2.19983e+06 1.57031e+06 1e+07 7.61617e+06 748634 1e+07 5.57927e+06 574249 774929 87975 471725 118033 57278 11985 23058 6274 3988 4924 1239 5949 729 17909 627 616 640 183 288 1079 133 420 31 87 144 48 145 30 88 81 120 130 114 146 620 44 163 227 82 263 167 183 27 35 22 27 20 16 15 15 16 
0.502655 1e+07 1e+07 1e+07 1e+07 1e+07 1e+07 1e+07 1e+07 1e+07 1e+07 1e+07 1e+07 1e+07 1e+07 1e+07 1e+07 1e+07 1e+07 1e+07 1e+07 1e+07 1e+07 1e+07 1e+07 1e+07 1e+07 1e+07 1e+07 1e+07 1e+07 1e+07 1e+07 1e+07 1e+07 1e+07 1e+07 7.48384e+06 1e+07 1e+07 1e+07 1.45062e+06 1e+07 5.87269e+06 5.75528e+06 2.71252e+06 7.05065e+06 3.23366e+06 1e+07 653158 245236 633968 48835 66898 138749 31926 8996 11677 9363 9478 5499 5582 19042 794 2147 844 3930 1250 519 125 6171 137 51 81 55 94 53 150 138 122 74 68 85 104 92 86 271 52 48 40 15 15 15 22 20 23 35 17 20 27 15 
0.518363 1e+07 1e+07 1e+07 1e+07 1e+07 1e+07 1e+07 1e+07 1e+07 1e+07 1e+07 1e+07 1e+07 1e+07 1e+07 1e+07 1e+07 1e+07 1e+07 1e+07 1e+07 1e+07 1e+07 1e+07 1e+07 1e+07 1e+07 1e+07 1e+07 1e+07 1e+07 1e+07 1e+07 1e+07 1e+07 1e+07 1e+07 1e+07 1e+07 1e+07 7.63883e+06 1e+07 1.69755e+06 1e+07 1e+07 3.11338e+06 4.94535e+06 1.46213e+06 503471 2.39739e+06 119544 115885 64919 3.82724e+06 60695 25569 40286 10779 11713 44150 7691 1791 3670 499 788 4416 423 396 226 633 97 149 161 55 75 86 53 34 544 52 33 112 288 63 71 45 27 26 20 23 32 30 27 29 21 11 10 9 9 9 
0.534071 1e+07 1e+07 1e+07 1e+07 1e+07 1e+07 1e+07 1e+07 1e+07 1e+07 1e+07 1e+07 1e+07 1e+07 1e+07 1e+07 1e+07 1e+07 1e+07 1e+07 1e+07 1e+07 1e+07 1e+07 1e+07 1e+07 1e+07 1e+07 1e+07 1e+07 1e+07 1e+07 1e+07 1e+07 1e+07 3.23964e+06 1e+07 1e+07 3.49744e+06 3.54515e+06 1.19471e+06 7.00455e+06 1.60062e+06 6.27648e+06 2.67377e+06 3.16145e+06 322952 9.70124e+06 343624 428013 2.37093e+06 59414 385032 17342 39367 9413 5174 10216 5377 9601 5273 3685 829 2502 543 4223 263 750 155 251 100 645 65 39 526 90 126 112 33 41 206 48 71 40 70 40 42 18 94 27 17 54 12 10 9 9 8 8 8 8 
