epsilon_k[0]0.1
epsilon_k[0]2.18e-05
epsilon_k[0]7.08e-05
epsilon_k[0]2.54e-05
epsilon_k[0]1e-05
epsilon_k[0]7.8e-06
epsilon_k[0]0.218
omega_x01.75929
omega_y01.94779
dx 0.01
n_theta 100
dtheta 0.00785398
epsilon 6
max_turns 10000000
from_angle 72
to_angle 80
0.565487 1e+07 32046 5326 4086 4086 2129 1559 773 
0.573341 1e+07 33037 5644 4086 4086 2481 1215 773 
0.581195 1e+07 46733 5318 4242 4070 2436 1319 775 
0.589049 1e+07 62289 5517 4309 4085 2488 1608 794 
0.596903 1e+07 91007 5467 4945 3892 2841 1287 792 
0.604757 1e+07 67615 5531 4649 3922 3306 1288 824 
0.612611 1e+07 163231 5928 5110 3937 3937 1385 820 
0.620465 1e+07 146983 5825 5313 3940 3363 1252 809 
0.628319 1e+07 201193 5976 5562 4029 3291 1246 809 
