epsilon_k[0] 0.0001
epsilon_k[1] 2.18e-05
epsilon_k[2] 7.08e-05
epsilon_k[3] 2.54e-05
epsilon_k[4] 1e-05
epsilon_k[5] 7.8e-06
epsilon_k[6] 2.18e-05
omega_x0 0.168
omega_y0 0.201
dx 0.01
n_theta 100
dtheta 0.015708
epsilon 44
max_turns 10000000
from_angle 80
to_angle 85
1.25664 1e+07 1e+07 1e+07 1e+07 1e+07 1e+07 1e+07 1e+07 1e+07 1e+07 1e+07 1e+07 1e+07 1e+07 1e+07 1e+07 1e+07 1e+07 1e+07 1e+07 1e+07 1e+07 1e+07 1e+07 1e+07 1e+07 1e+07 1e+07 1e+07 1e+07 1e+07 1e+07 4.5436e+06 8.78287e+06 1.22402e+06 975649 1e+07 794576 433466 657607 341444 647156 188688 10494 20307 6346 2759 4496 4088 4512 2479 3722 1439 1432 196 3538 275 380 271 264 245 33 185 158 405 1181 122 39 920 140 137 27 34 32 29 41 10 8 8 7 7 7 7 7 6 6 6 6 6 6 6 6 6 6 6 6 6 5 5 5 
1.27235 1e+07 1e+07 1e+07 1e+07 1e+07 1e+07 1e+07 1e+07 1e+07 1e+07 1e+07 1e+07 1e+07 1e+07 1e+07 1e+07 1e+07 1e+07 1e+07 1e+07 1e+07 1e+07 1e+07 1e+07 1e+07 1e+07 1e+07 1e+07 1e+07 1e+07 1e+07 1e+07 1e+07 1e+07 3.19611e+06 578813 442814 700114 6.67418e+06 168037 1.37794e+06 42499 22182 261095 25841 16029 7968 6394 5420 5241 2088 4333 3632 3461 179 1375 557 1439 871 173 198 159 135 30 38 82 189 35 46 104 38 58 75 19 41 59 26 9 8 8 7 7 7 7 7 7 6 6 6 6 6 6 6 6 6 6 6 6 5 5 
1.28805 1e+07 1e+07 1e+07 1e+07 1e+07 1e+07 1e+07 1e+07 1e+07 1e+07 1e+07 1e+07 1e+07 1e+07 1e+07 1e+07 1e+07 1e+07 1e+07 1e+07 1e+07 1e+07 1e+07 1e+07 1e+07 1e+07 1e+07 1e+07 1e+07 1e+07 1e+07 1e+07 1e+07 3.35134e+06 2.39604e+06 4.01501e+06 1.59027e+06 336362 220586 439125 264131 189136 45914 7929 7362 14969 2685 9134 4993 1996 4541 855 11176 2181 319 448 202 87 2269 56 72 62 112 40 75 28 70 50 135 87 28 132 62 48 19 16 120 19 10 8 8 7 7 7 7 7 7 6 6 6 6 6 6 6 6 6 6 6 6 6 
1.30376 1e+07 1e+07 1e+07 1e+07 1e+07 1e+07 1e+07 1e+07 1e+07 1e+07 1e+07 1e+07 1e+07 1e+07 1e+07 1e+07 1e+07 1e+07 1e+07 1e+07 1e+07 1e+07 1e+07 1e+07 1e+07 1e+07 1e+07 1e+07 1e+07 1e+07 1e+07 1e+07 4.82e+06 3.29371e+06 3.14137e+06 9.32067e+06 1e+07 4.87642e+06 3.16352e+06 1.38995e+06 88767 153152 449705 27001 23710 14505 8406 5783 8348 1663 938 680 753 421 3473 289 1560 388 251 537 272 62 76 121 129 74 33 90 66 45 29 132 221 36 31 17 14 823 23 11 9 8 8 7 7 7 7 7 6 6 6 6 6 6 6 6 6 6 6 6 
1.31947 1e+07 1e+07 1e+07 1e+07 1e+07 1e+07 1e+07 1e+07 1e+07 1e+07 1e+07 1e+07 1e+07 1e+07 1e+07 1e+07 1e+07 1e+07 1e+07 1e+07 1e+07 1e+07 1e+07 1e+07 1e+07 1e+07 1e+07 1e+07 1e+07 1e+07 1e+07 1e+07 1e+07 1e+07 3.29512e+06 1.23223e+06 1e+07 1.36261e+06 754372 1.16989e+06 1.38232e+06 204013 271507 24417 52583 5856 7022 3957 11659 15093 14752 1035 255 418 1324 357 397 463 339 245 317 110 58 62 278 170 424 40 57 59 66 30 43 22 36 17 21 14 24 23 19 9 8 8 7 7 7 7 7 7 6 6 6 6 6 6 6 6 6 6 
1.33518 1e+07 1e+07 1e+07 1e+07 1e+07 1e+07 1e+07 1e+07 1e+07 1e+07 1e+07 1e+07 1e+07 1e+07 1e+07 1e+07 1e+07 1e+07 1e+07 1e+07 1e+07 1e+07 1e+07 1e+07 1e+07 1e+07 1e+07 1e+07 1e+07 1e+07 1e+07 1e+07 1e+07 1e+07 1e+07 4.77089e+06 3.69139e+06 1e+07 922023 450632 7.63284e+06 961449 109467 54963 13272 38879 13601 4740 3471 65338 5633 2546 2178 4135 1134 639 389 1702 1098 157 566 174 85 25 47 150 24 188 24 69 66 46 27 38 19 18 17 15 16 13 38 14 19 10 8 8 7 7 7 7 7 7 6 6 6 6 6 6 6 6 
