epsilon_k[0]0.1
epsilon_k[0]2.18e-05
epsilon_k[0]7.08e-05
epsilon_k[0]2.54e-05
epsilon_k[0]1e-05
epsilon_k[0]7.8e-06
epsilon_k[0]0.218
omega_x01.94779
omega_y02.01062
dx 0.01
n_theta 100
dtheta 0.00785398
epsilon 1
max_turns 10000000
from_angle 80
to_angle 88
0.628319 1e+07 1e+07 1e+07 3249 1081 896 
0.636173 1e+07 1e+07 1e+07 3506 1081 896 
0.644026 1e+07 1e+07 1e+07 4052 1081 896 
0.65188 1e+07 1e+07 1e+07 7389 1082 896 
0.659734 1e+07 1e+07 1e+07 4255 1082 896 
0.667588 1e+07 1e+07 1e+07 3922 1083 897 
0.675442 1e+07 1e+07 1e+07 3922 1083 897 
0.683296 1e+07 1e+07 1e+07 3980 1084 897 
0.69115 1e+07 1e+07 1e+07 4374 1086 897 
