epsilon_k[0]0.1
epsilon_k[0]2.18e-05
epsilon_k[0]7.08e-05
epsilon_k[0]2.54e-05
epsilon_k[0]1e-05
epsilon_k[0]7.8e-06
epsilon_k[0]0.218
omega_x01.75929
omega_y01.94779
dx 0.01
n_theta 100
dtheta 0.00785398
epsilon 16
max_turns 10000000
from_angle 32
to_angle 40
0.251327 1e+07 54823 6680 2190 1422 1227 1205 1190 576 
0.259181 1e+07 56764 6718 2199 1421 1213 1072 1038 572 
0.267035 1e+07 59463 6748 2173 1426 1091 1050 958 
0.274889 1e+07 54116 6747 2161 1416 1085 992 
0.282743 1e+07 53297 6794 2160 1382 1086 948 
0.290597 1e+07 100925 6831 2159 1384 1076 916 
0.298451 1e+07 87180 6832 2160 1458 1070 926 
0.306305 1e+07 53568 6832 2167 1464 1067 907 
