epsilon_k[0]0.1
epsilon_k[0]2.18e-05
epsilon_k[0]7.08e-05
epsilon_k[0]2.54e-05
epsilon_k[0]1e-05
epsilon_k[0]7.8e-06
epsilon_k[0]0.218
omega_x01.94779
omega_y02.01062
dx 0.01
n_theta 100
dtheta 0.00785398
epsilon 10
max_turns 10000000
from_angle 16
to_angle 24
0.125664 1e+07 13880 9123 6119 1964 994 
0.133518 1e+07 13883 9211 6121 2003 999 
0.141372 1e+07 13886 9118 6123 2511 1045 761 
0.149226 1e+07 13895 9128 6124 2429 1006 760 
0.15708 1e+07 13931 9995 6125 2311 1006 760 
0.164934 1e+07 13934 9524 6136 2416 1008 760 
0.172788 1e+07 13936 10075 6166 2052 1009 762 
0.180642 1e+07 13937 9259 6222 2259 1011 773 
