epsilon_k[0] 0.0001
epsilon_k[1] 2.18e-05
epsilon_k[2] 7.08e-05
epsilon_k[3] 2.54e-05
epsilon_k[4] 1e-05
epsilon_k[5] 7.8e-06
epsilon_k[6] 2.18e-05
omega_x0 0.168
omega_y0 0.201
dx 0.01
n_theta 100
dtheta 0.015708
epsilon 10
max_turns 10000000
from_angle 90
to_angle 95
1.41372 1e+07 1e+07 1e+07 1e+07 1e+07 1e+07 1e+07 1e+07 1e+07 1e+07 1e+07 1e+07 1e+07 1e+07 1e+07 1e+07 1e+07 1e+07 1e+07 1e+07 1e+07 1e+07 1e+07 1e+07 1e+07 1e+07 1e+07 1e+07 1e+07 1e+07 1e+07 1e+07 1e+07 1e+07 1e+07 1e+07 1e+07 1e+07 1e+07 1e+07 1e+07 8.34235e+06 1e+07 2.12711e+06 1.3539e+06 169194 638180 37858 91937 1e+07 2718 4031 19592 1987 532 5242 858 2065 1099 1247 408 1058 136 449 171 133 1117 63 910 305 88 30 146 48 37 20 27 19 15 16 21 32 15 15 18 21 66 12 11 10 10 10 10 10 10 10 10 10 10 11 
1.42942 1e+07 1e+07 1e+07 1e+07 1e+07 1e+07 1e+07 1e+07 1e+07 1e+07 1e+07 1e+07 1e+07 1e+07 1e+07 1e+07 1e+07 1e+07 1e+07 1e+07 1e+07 1e+07 1e+07 1e+07 1e+07 1e+07 1e+07 1e+07 1e+07 1e+07 1e+07 1e+07 1e+07 1e+07 1e+07 1e+07 1e+07 1e+07 1e+07 1e+07 1e+07 1e+07 1e+07 1e+07 1e+07 705398 285573 173596 79450 24791 85786 1931 11182 1815 3643 2104 786 498 546 151 273 75 68 61 307 169 146 149 88 197 37 53 87 86 33 38 16 14 14 14 14 14 19 18 17 15 15 18 19 13 13 13 17 13 12 11 10 10 10 10 
1.44513 1e+07 1e+07 1e+07 1e+07 1e+07 1e+07 1e+07 1e+07 1e+07 1e+07 1e+07 1e+07 1e+07 1e+07 1e+07 1e+07 1e+07 1e+07 1e+07 1e+07 1e+07 1e+07 1e+07 1e+07 1e+07 1e+07 1e+07 1e+07 1e+07 1e+07 1e+07 1e+07 1e+07 1e+07 1e+07 1e+07 1e+07 1e+07 1e+07 1e+07 1e+07 1e+07 7.16351e+06 6.85642e+06 6.84722e+06 1e+07 248311 348445 177665 46498 24354 44988 10942 14540 1572 574 21224 4296 970 2067 287 4861 485 219 228 98 138 119 90 115 78 326 58 51 34 24 53 47 32 25 25 14 13 13 13 12 12 12 12 12 12 12 11 11 11 11 11 11 11 11 
1.46084 1e+07 1e+07 1e+07 1e+07 1e+07 1e+07 1e+07 1e+07 1e+07 1e+07 1e+07 1e+07 1e+07 1e+07 1e+07 1e+07 1e+07 1e+07 1e+07 1e+07 1e+07 1e+07 1e+07 1e+07 1e+07 1e+07 1e+07 1e+07 1e+07 1e+07 1e+07 1e+07 1e+07 1e+07 1e+07 1e+07 1e+07 1e+07 1e+07 1e+07 1e+07 1e+07 1e+07 1e+07 4.58523e+06 3.82015e+06 2.44574e+06 224477 905446 117120 155578 26568 4030 16327 1097 5110 1350 1004 826 262 348 296 179 174 85 136 153 96 122 46 54 164 287 40 26 26 31 35 50 49 26 18 24 28 16 18 21 14 13 13 13 17 17 17 12 11 10 10 10 9 
1.47655 1e+07 1e+07 1e+07 1e+07 1e+07 1e+07 1e+07 1e+07 1e+07 1e+07 1e+07 1e+07 1e+07 1e+07 1e+07 1e+07 1e+07 1e+07 1e+07 1e+07 1e+07 1e+07 1e+07 1e+07 1e+07 1e+07 1e+07 1e+07 1e+07 1e+07 1e+07 1e+07 1e+07 1e+07 1e+07 1e+07 1e+07 1e+07 1e+07 1e+07 1e+07 1e+07 1e+07 1e+07 5.19054e+06 4.70347e+06 9.43555e+06 407391 644183 1.24439e+06 137431 45395 124991 11052 701 3591 1447 1067 402 520 158 650 294 108 88 49 108 123 161 92 1993 32 535 228 26 106 524 53 29 31 17 15 15 17 16 18 17 11 10 10 10 10 9 9 9 9 9 9 9 8 
1.49226 1e+07 1e+07 1e+07 1e+07 1e+07 1e+07 1e+07 1e+07 1e+07 1e+07 1e+07 1e+07 1e+07 1e+07 1e+07 1e+07 1e+07 1e+07 1e+07 1e+07 1e+07 1e+07 1e+07 1e+07 1e+07 1e+07 1e+07 1e+07 1e+07 1e+07 1e+07 1e+07 1e+07 1e+07 1e+07 1e+07 1e+07 1e+07 1e+07 1e+07 1e+07 1e+07 1e+07 1e+07 1e+07 6.30913e+06 3.3939e+06 5.32772e+06 392172 185174 86915 11361 19883 5966 5240 1256 1923 3023 1459 1036 636 843 350 139 208 155 581 288 59 504 190 88 198 75 51 39 143 40 21 29 25 16 49 18 12 11 10 10 10 9 9 9 9 9 9 9 9 9 8 8 
