epsilon_k[0] 0.0001
epsilon_k[1] 2.18e-05
epsilon_k[2] 7.08e-05
epsilon_k[3] 2.54e-05
epsilon_k[4] 1e-05
epsilon_k[5] 7.8e-06
epsilon_k[6] 2.18e-05
omega_x0 0.168
omega_y0 0.201
dx 0.01
n_theta 100
dtheta 0.015708
epsilon 16
max_turns 10000000
from_angle 55
to_angle 60
0.863938 1e+07 1e+07 1e+07 1e+07 1e+07 1e+07 1e+07 1e+07 1e+07 1e+07 1e+07 1e+07 1e+07 1e+07 1e+07 1e+07 1e+07 1e+07 1e+07 1e+07 1e+07 1e+07 1e+07 1e+07 1e+07 1e+07 1e+07 1e+07 1e+07 1e+07 1e+07 1e+07 1e+07 1e+07 1e+07 6.55417e+06 1e+07 1.61616e+06 733037 368722 457494 342464 197731 48147 117741 457406 199420 35893 84500 29713 5261 29930 2094 2253 777 1849 1032 419 397 200 78 657 27 19 18 18 18 17 17 23 20 58 36 27 20 15 23 13 12 12 15 16 19 15 18 14 13 21 11 11 10 8 8 7 7 7 7 7 6 6 
0.879646 1e+07 1e+07 1e+07 1e+07 1e+07 1e+07 1e+07 1e+07 1e+07 1e+07 1e+07 1e+07 1e+07 1e+07 1e+07 1e+07 1e+07 1e+07 1e+07 1e+07 1e+07 1e+07 1e+07 1e+07 1e+07 1e+07 1e+07 1e+07 1e+07 1e+07 1e+07 1e+07 1e+07 1e+07 1e+07 1e+07 1e+07 3.62075e+06 6.16659e+06 576727 145388 106306 889475 809040 51418 106366 201475 144635 39495 15689 8005 14902 2949 1490 1044 1665 1556 3992 2013 72 271 215 222 66 46 371 47 34 67 87 138 28 23 15 22 13 12 13 25 73 20 15 19 19 13 13 12 11 9 8 7 7 7 7 7 6 6 6 6 6 
0.895354 1e+07 1e+07 1e+07 1e+07 1e+07 1e+07 1e+07 1e+07 1e+07 1e+07 1e+07 1e+07 1e+07 1e+07 1e+07 1e+07 1e+07 1e+07 1e+07 1e+07 1e+07 1e+07 1e+07 1e+07 1e+07 1e+07 1e+07 1e+07 1e+07 1e+07 1e+07 1e+07 1e+07 1e+07 1e+07 1e+07 1e+07 1e+07 376175 409590 218562 246771 28059 57861 38390 97257 225895 32651 88003 27539 10945 169071 1850 1209 1002 1670 1241 3614 918 261 262 107 132 51 52 42 124 134 65 59 22 16 21 24 13 13 39 27 33 20 24 13 16 12 13 11 8 8 7 7 7 7 6 6 6 6 6 6 6 6 
0.911062 1e+07 1e+07 1e+07 1e+07 1e+07 1e+07 1e+07 1e+07 1e+07 1e+07 1e+07 1e+07 1e+07 1e+07 1e+07 1e+07 1e+07 1e+07 1e+07 1e+07 1e+07 1e+07 1e+07 1e+07 1e+07 1e+07 1e+07 1e+07 1e+07 1e+07 1e+07 1e+07 1e+07 1e+07 1e+07 1e+07 1e+07 1e+07 373381 365105 88369 234734 173113 118508 40695 49943 12698 19676 27177 17999 4659 8806 668 1518 3384 1152 1372 1125 371 400 45 65 47 90 73 53 41 56 36 17 16 33 15 14 17 23 52 37 18 13 16 13 14 11 8 8 7 7 7 7 7 6 6 6 6 6 6 6 6 6 
0.92677 1e+07 1e+07 1e+07 1e+07 1e+07 1e+07 1e+07 1e+07 1e+07 1e+07 1e+07 1e+07 1e+07 1e+07 1e+07 1e+07 1e+07 1e+07 1e+07 1e+07 1e+07 1e+07 1e+07 1e+07 1e+07 1e+07 1e+07 1e+07 1e+07 1e+07 1e+07 1e+07 1e+07 1e+07 1e+07 1e+07 1e+07 1e+07 1e+07 202005 100307 693600 350716 168340 39880 21935 107161 45935 257555 15515 4883 4420 2691 3988 6493 3244 481 1460 382 124 114 270 71 146 114 34 123 23 16 30 34 23 15 48 44 164 28 30 14 18 22 11 9 8 7 7 7 7 7 6 6 6 6 6 6 6 6 6 6 6 
