epsilon_k[0] 0.0001
epsilon_k[1] 2.18e-05
epsilon_k[2] 7.08e-05
epsilon_k[3] 2.54e-05
epsilon_k[4] 1e-05
epsilon_k[5] 7.8e-06
epsilon_k[6] 2.18e-05
omega_x0 0.168
omega_y0 0.201
dx 0.01
n_theta 100
dtheta 0.015708
epsilon 14
max_turns 10000000
from_angle 90
to_angle 95
1.41372 1e+07 1e+07 1e+07 1e+07 1e+07 1e+07 1e+07 1e+07 1e+07 1e+07 1e+07 1e+07 1e+07 1e+07 1e+07 1e+07 1e+07 1e+07 1e+07 1e+07 1e+07 1e+07 1e+07 1e+07 1e+07 1e+07 1e+07 1e+07 1e+07 1e+07 1e+07 1e+07 1e+07 1e+07 1e+07 1e+07 1e+07 1e+07 1e+07 1e+07 1e+07 3.27073e+06 3.3717e+06 4.04959e+06 848286 1e+07 584676 31661 183623 14888 29535 1511 2216 1600 324 2630 1224 960 2016 1262 2960 185 123 487 133 82 71 43 241 94 35 109 53 50 43 20 19 19 15 16 19 37 15 15 40 22 27 12 11 10 10 10 10 10 10 10 10 10 10 11 
1.42942 1e+07 1e+07 1e+07 1e+07 1e+07 1e+07 1e+07 1e+07 1e+07 1e+07 1e+07 1e+07 1e+07 1e+07 1e+07 1e+07 1e+07 1e+07 1e+07 1e+07 1e+07 1e+07 1e+07 1e+07 1e+07 1e+07 1e+07 1e+07 1e+07 1e+07 1e+07 1e+07 1e+07 1e+07 1e+07 1e+07 1e+07 1e+07 1e+07 1e+07 1e+07 1e+07 1e+07 1.8557e+06 2.57585e+06 1e+07 437240 344832 46308 21577 15212 4879 831 1014 1190 961 1651 711 547 235 146 170 76 304 108 71 376 94 98 52 77 45 38 904 21 70 31 14 14 14 14 14 22 20 17 15 15 17 32 13 13 13 18 13 12 11 10 10 10 10 
1.44513 1e+07 1e+07 1e+07 1e+07 1e+07 1e+07 1e+07 1e+07 1e+07 1e+07 1e+07 1e+07 1e+07 1e+07 1e+07 1e+07 1e+07 1e+07 1e+07 1e+07 1e+07 1e+07 1e+07 1e+07 1e+07 1e+07 1e+07 1e+07 1e+07 1e+07 1e+07 1e+07 1e+07 1e+07 1e+07 1e+07 1e+07 1e+07 1e+07 1e+07 1e+07 1e+07 3.90312e+06 2.15267e+06 1.90666e+06 738228 2.3799e+06 419853 96597 124615 20362 30373 2737 1084 12247 4428 388 1394 4769 743 369 268 1292 195 153 66 49 141 43 169 255 101 152 113 57 23 35 33 24 19 20 15 13 13 13 12 12 12 12 12 12 12 11 11 11 11 11 11 11 11 
1.46084 1e+07 1e+07 1e+07 1e+07 1e+07 1e+07 1e+07 1e+07 1e+07 1e+07 1e+07 1e+07 1e+07 1e+07 1e+07 1e+07 1e+07 1e+07 1e+07 1e+07 1e+07 1e+07 1e+07 1e+07 1e+07 1e+07 1e+07 1e+07 1e+07 1e+07 1e+07 1e+07 1e+07 1e+07 1e+07 1e+07 1e+07 1e+07 1e+07 1e+07 1e+07 1e+07 1e+07 1e+07 1.89214e+06 2.83048e+06 1.02229e+06 694192 764474 430372 175821 27230 16573 4900 2079 1532 2463 2444 232 879 719 190 235 77 116 173 181 231 156 87 64 45 193 57 26 26 68 36 25 22 31 18 39 32 17 19 19 14 13 13 13 17 18 19 12 11 10 10 10 9 
1.47655 1e+07 1e+07 1e+07 1e+07 1e+07 1e+07 1e+07 1e+07 1e+07 1e+07 1e+07 1e+07 1e+07 1e+07 1e+07 1e+07 1e+07 1e+07 1e+07 1e+07 1e+07 1e+07 1e+07 1e+07 1e+07 1e+07 1e+07 1e+07 1e+07 1e+07 1e+07 1e+07 1e+07 1e+07 1e+07 1e+07 1e+07 1e+07 1e+07 1e+07 1e+07 1e+07 1e+07 1e+07 4.20556e+06 1e+07 8.11855e+06 1.68695e+06 176262 221008 295802 105874 78102 7058 1353 727 459 1026 46039 3208 148 235 169 257 71 105 67 54 58 78 310 55 417 66 51 194 152 43 33 34 17 15 15 17 16 18 18 11 10 10 10 10 9 9 9 9 9 9 9 9 
1.49226 1e+07 1e+07 1e+07 1e+07 1e+07 1e+07 1e+07 1e+07 1e+07 1e+07 1e+07 1e+07 1e+07 1e+07 1e+07 1e+07 1e+07 1e+07 1e+07 1e+07 1e+07 1e+07 1e+07 1e+07 1e+07 1e+07 1e+07 1e+07 1e+07 1e+07 1e+07 1e+07 1e+07 1e+07 1e+07 1e+07 1e+07 1e+07 1e+07 1e+07 1e+07 1e+07 1e+07 1e+07 1e+07 9.03678e+06 2.03637e+06 1.01731e+06 284615 348328 197025 103287 7494 14898 12543 1671 1283 13497 2785 4066 642 99 174 137 106 99 155 435 157 63 168 1302 95 81 35 70 55 71 22 53 36 16 36 41 12 11 10 10 10 9 9 9 9 9 9 9 9 9 8 8 
