epsilon_k[0] 0.0001
epsilon_k[1] 2.18e-05
epsilon_k[2] 7.08e-05
epsilon_k[3] 2.54e-05
epsilon_k[4] 1e-05
epsilon_k[5] 7.8e-06
epsilon_k[6] 2.18e-05
omega_x0 0.168
omega_y0 0.201
dx 0.01
epsilon 6
max_turns 10000000
from_y 24
to_y 32
0.24 1e+07 1e+07 1e+07 1e+07 1e+07 1e+07 1e+07 1e+07 1e+07 1e+07 1e+07 1e+07 1e+07 1e+07 1e+07 1e+07 1e+07 1e+07 1e+07 1e+07 1e+07 1e+07 1e+07 1e+07 1e+07 1e+07 1e+07 1e+07 1e+07 1e+07 1e+07 1e+07 1e+07 1e+07 1e+07 1e+07 1e+07 1e+07 1e+07 1e+07 7.31015e+06 7.31015e+06 1.51428e+06 1.51428e+06 803616 669100 669100 203774 10743 10743 10743 8479 4292 4003 1316 1316 1316 1316 1316 646 
0.25 1e+07 1e+07 1e+07 1e+07 1e+07 1e+07 1e+07 1e+07 1e+07 1e+07 1e+07 1e+07 1e+07 1e+07 1e+07 1e+07 1e+07 1e+07 1e+07 1e+07 1e+07 1e+07 1e+07 1e+07 1e+07 1e+07 1e+07 1e+07 1e+07 1e+07 1e+07 1e+07 1e+07 1e+07 1e+07 1e+07 1e+07 1e+07 1e+07 1e+07 1e+07 1e+07 1e+07 680313 680313 296167 68642 68642 56940 2881 2343 2343 2025 2025 2025 1723 1723 1723 401 
0.26 1e+07 1e+07 1e+07 1e+07 1e+07 1e+07 1e+07 1e+07 1e+07 1e+07 1e+07 1e+07 1e+07 1e+07 1e+07 1e+07 1e+07 1e+07 1e+07 1e+07 1e+07 1e+07 1e+07 1e+07 1e+07 1e+07 1e+07 1e+07 1e+07 1e+07 1e+07 1e+07 1e+07 1e+07 1e+07 1e+07 1e+07 5.67155e+06 5.67155e+06 2.32177e+06 2.32177e+06 2.32177e+06 2.32177e+06 727408 727408 428243 150836 60682 13046 11996 8120 8120 1883 1883 1883 1247 1247 1247 1247 283 
0.27 1e+07 1e+07 1e+07 1e+07 1e+07 1e+07 1e+07 1e+07 1e+07 1e+07 1e+07 1e+07 1e+07 1e+07 1e+07 1e+07 1e+07 1e+07 1e+07 1e+07 1e+07 1e+07 1e+07 1e+07 1e+07 1e+07 1e+07 1e+07 1e+07 1e+07 1e+07 1e+07 1e+07 1e+07 1e+07 3.70453e+06 3.70453e+06 3.70453e+06 3.70453e+06 3.70453e+06 1.16334e+06 1.0727e+06 1.06718e+06 1.06718e+06 1.06718e+06 108310 23563 12277 5834 5834 3478 3478 2410 2410 2410 1216 1216 1216 869 
0.28 1e+07 1e+07 1e+07 1e+07 1e+07 1e+07 1e+07 1e+07 1e+07 1e+07 1e+07 1e+07 1e+07 1e+07 1e+07 1e+07 1e+07 1e+07 1e+07 1e+07 1e+07 1e+07 1e+07 1e+07 5.25904e+06 5.25904e+06 5.25904e+06 5.25904e+06 5.25904e+06 855928 855928 855928 855928 855928 855928 855928 855928 855928 855928 588692 588692 401345 250528 250528 142973 22487 18007 18007 7958 3709 3709 3146 3146 2132 1696 685 
0.29 1e+07 1e+07 1e+07 1e+07 1e+07 1e+07 1e+07 1e+07 1e+07 1e+07 1e+07 1e+07 1e+07 1e+07 1e+07 1e+07 1e+07 1e+07 1e+07 1e+07 1e+07 1e+07 1e+07 1e+07 1e+07 986287 986287 986287 986287 986287 424162 424162 424162 424162 424162 424162 424162 424162 424162 64819 64819 58057 58057 47493 42745 42745 13365 5019 5019 3495 3495 3495 3495 3495 2889 902 
0.3 1e+07 1e+07 1e+07 1e+07 1e+07 1e+07 1e+07 1e+07 1e+07 1e+07 1e+07 1e+07 1e+07 1e+07 1e+07 1e+07 1e+07 1e+07 1e+07 1e+07 1e+07 1e+07 1e+07 1e+07 956219 956219 956219 279048 279048 279048 259936 259936 259936 259936 259936 259936 259936 259936 117549 117549 77519 77519 77519 14573 14573 8159 8159 5370 5370 2159 2159 1074 1074 580 
0.31 1e+07 1e+07 1e+07 1e+07 1e+07 1e+07 1e+07 1e+07 1e+07 1e+07 1e+07 1e+07 1e+07 1e+07 1e+07 1e+07 1e+07 1e+07 1e+07 1e+07 1e+07 1e+07 1e+07 1e+07 1e+07 1.37654e+06 1.37654e+06 1.37654e+06 397535 397535 169153 169153 169153 169153 169153 101997 101997 46294 46198 46198 46198 19925 15190 15190 6217 6217 4751 2652 2652 2652 1481 1481 1208 1128 554 
