epsilon_k[0]0.1
epsilon_k[0]2.18e-05
epsilon_k[0]7.08e-05
epsilon_k[0]2.54e-05
epsilon_k[0]1e-05
epsilon_k[0]7.8e-06
epsilon_k[0]0.218
omega_x01.05558
omega_y01.26292
dx 0.01
n_theta 100
dtheta 0.00785398
epsilon 16
max_turns 10000000
from_angle 0
to_angle 8
0 1e+07 7.31413e+06 76328 53729 23912 2234 1267 846 
0.00785398 1e+07 106150 69367 39646 23032 2247 1254 846 
0.015708 1e+07 242327 78474 26978 26978 2268 1254 846 
0.0235619 1e+07 63530 63530 18052 18052 2282 1255 846 
0.0314159 1e+07 81083 81083 17676 17676 2416 1254 846 
0.0392699 1e+07 48600 48600 32909 30390 2452 1269 847 
0.0471239 1e+07 47710 40380 40380 17944 2426 1266 847 
0.0549779 1e+07 48062 48062 23847 17148 2281 1269 848 
0.0628319 1e+07 156736 44294 17374 10288 2225 1275 852 
