epsilon_k[0]0.1
epsilon_k[0]2.18e-05
epsilon_k[0]7.08e-05
epsilon_k[0]2.54e-05
epsilon_k[0]1e-05
epsilon_k[0]7.8e-06
epsilon_k[0]0.218
omega_x01.05558
omega_y01.26292
dx 0.01
n_theta 100
dtheta 0.00785398
epsilon 16
max_turns 10000000
from_angle 80
to_angle 88
0.628319 1e+07 60001 9580 5356 3164 1810 1051 878 
0.636173 1e+07 63470 9561 5385 3161 1768 1052 880 
0.644026 1e+07 104266 9565 5276 3161 1733 1052 882 
0.65188 1e+07 62705 9790 5267 3161 1718 1048 883 
0.659734 1e+07 103132 9632 5246 3161 1709 1053 883 
0.667588 1e+07 371153 9758 5245 3057 1644 1043 884 
0.675442 1e+07 73505 9740 5246 2947 1623 1038 884 
0.683296 1e+07 113204 10123 5260 2818 1545 1047 883 
0.69115 1e+07 226177 10154 5302 2849 1521 1050 882 
