epsilon_k[0] 0.1
epsilon_k[0] 2.18e-05
epsilon_k[0] 7.08e-05
epsilon_k[0] 2.54e-05
epsilon_k[0] 1e-05
epsilon_k[0] 7.8e-06
epsilon_k[0] 0.218
omega_x0 0.31
omega_y0 0.32
dx 0.01
n_theta 100
dtheta 0.00785398
epsilon 4
max_turns 10000000
from_angle 72
to_angle 80
0.565487 1e+07 4.71717e+06 6620 6620 6620 4034 1567 1567 901 
0.573341 1e+07 3.93922e+06 6767 6767 6767 4222 1568 1558 870 
0.581195 1e+07 1e+07 6759 6759 6759 5101 1568 1568 796 
0.589049 1e+07 7.31212e+06 6844 6844 6844 6844 1567 1269 733 
0.596903 1e+07 1e+07 7497 7497 7497 7497 1567 1214 729 
0.604757 1e+07 8.74562e+06 7672 7672 7672 7672 1567 1208 695 
0.612611 1e+07 9.86788e+06 9081 9081 7747 6421 1669 1206 710 
0.620465 1e+07 7.81197e+06 9948 9929 9929 9111 1649 1208 687 
0.628319 1e+07 5.07496e+06 10024 10024 10024 10024 1677 1210 694 
