epsilon_k[0] 0.0001
epsilon_k[1] 2.18e-05
epsilon_k[2] 7.08e-05
epsilon_k[3] 2.54e-05
epsilon_k[4] 1e-05
epsilon_k[5] 7.8e-06
epsilon_k[6] 2.18e-05
omega_x0 0.168
omega_y0 0.201
dx 0.01
n_theta 100
dtheta 0.015708
epsilon 28
max_turns 10000000
from_angle 55
to_angle 60
0.863938 1e+07 1e+07 1e+07 1e+07 1e+07 1e+07 1e+07 1e+07 1e+07 1e+07 1e+07 1e+07 1e+07 1e+07 1e+07 1e+07 1e+07 1e+07 1e+07 1e+07 1e+07 1e+07 1e+07 1e+07 1e+07 1e+07 1e+07 1e+07 1e+07 1e+07 1e+07 1e+07 1e+07 1e+07 1e+07 1e+07 9.05146e+06 1.84696e+06 380595 1.03343e+06 476677 75386 79326 215200 41577 27108 24858 8564 16881 14257 6756 3599 2015 3744 2367 4408 193 411 214 77 455 26 49 20 18 18 17 17 17 28 21 93 72 37 24 15 21 13 12 12 13 17 41 14 23 14 25 12 12 10 14 9 8 7 7 7 7 7 6 6 
0.879646 1e+07 1e+07 1e+07 1e+07 1e+07 1e+07 1e+07 1e+07 1e+07 1e+07 1e+07 1e+07 1e+07 1e+07 1e+07 1e+07 1e+07 1e+07 1e+07 1e+07 1e+07 1e+07 1e+07 1e+07 1e+07 1e+07 1e+07 1e+07 1e+07 1e+07 1e+07 1e+07 1e+07 1e+07 1e+07 1.57833e+06 702640 1e+07 1.6321e+06 519465 48466 91215 43306 82120 175378 45985 49957 28696 25966 16146 62804 8628 4627 3837 643 1325 1716 990 2951 146 109 128 103 38 67 41 23 22 47 92 49 72 20 15 18 14 12 12 49 18 18 15 15 16 12 17 11 15 9 8 7 7 7 7 7 6 6 6 6 6 
0.895354 1e+07 1e+07 1e+07 1e+07 1e+07 1e+07 1e+07 1e+07 1e+07 1e+07 1e+07 1e+07 1e+07 1e+07 1e+07 1e+07 1e+07 1e+07 1e+07 1e+07 1e+07 1e+07 1e+07 1e+07 1e+07 1e+07 1e+07 1e+07 1e+07 1e+07 1e+07 1e+07 1e+07 1e+07 1e+07 1e+07 488971 164115 1.59233e+06 465281 346260 171009 277255 32704 37323 483609 84842 17965 8890 49052 4068 2971 1218 47174 1958 4828 746 457 128 1679 369 191 66 90 77 98 90 64 40 187 36 16 21 33 13 13 15 29 24 27 41 14 14 13 14 15 9 8 7 7 7 7 7 6 6 6 6 6 6 6 
0.911062 1e+07 1e+07 1e+07 1e+07 1e+07 1e+07 1e+07 1e+07 1e+07 1e+07 1e+07 1e+07 1e+07 1e+07 1e+07 1e+07 1e+07 1e+07 1e+07 1e+07 1e+07 1e+07 1e+07 1e+07 1e+07 1e+07 1e+07 1e+07 1e+07 1e+07 1e+07 1e+07 1e+07 1e+07 1e+07 1e+07 1e+07 7.13543e+06 823124 162436 383300 1.17461e+06 47653 38587 80633 32590 102451 14430 11825 4499 11048 3501 740 5304 2377 639 320 1758 106 180 240 55 127 50 30 102 1237 142 115 41 16 18 44 13 14 23 52 26 29 15 15 25 28 13 9 8 7 7 7 7 7 6 6 6 6 6 6 6 6 6 
0.92677 1e+07 1e+07 1e+07 1e+07 1e+07 1e+07 1e+07 1e+07 1e+07 1e+07 1e+07 1e+07 1e+07 1e+07 1e+07 1e+07 1e+07 1e+07 1e+07 1e+07 1e+07 1e+07 1e+07 1e+07 1e+07 1e+07 1e+07 1e+07 1e+07 1e+07 1e+07 1e+07 1e+07 1e+07 1e+07 1e+07 1e+07 1e+07 1e+07 315391 126185 67143 310277 108113 26138 77640 31059 16497 66459 10727 79746 3928 1884 1847 411353 744 1033 728 350 140 394 161 77 77 373 34 85 28 17 17 41 30 14 22 23 49 35 36 13 16 19 26 9 8 7 7 7 7 7 6 6 6 6 6 6 6 6 6 6 6 
