epsilon_k[0] 0.0001
epsilon_k[1] 2.18e-05
epsilon_k[2] 7.08e-05
epsilon_k[3] 2.54e-05
epsilon_k[4] 1e-05
epsilon_k[5] 7.8e-06
epsilon_k[6] 2.18e-05
omega_x0 0.28
omega_y0 0.31
dx 0.01
epsilon 8
max_turns 10000000
from_y 40
to_y 48
0.4 23 543 49 184 1633 12885 120598 23487 1654 645 295 157 84 28 25 23 23 22 22 22 22 23 25 42 34 35 51 94 48 33 27 29 15 13 12 11 11 10 10 10 10 10 9 9 9 8 8 8 8 8 7 7 7 7 7 7 7 6 6 6 6 6 6 6 6 6 6 6 6 6 6 6 6 6 5 5 5 5 5 5 
0.41 17 19 24 78 75 351 108 139 314 90 42 197 138 27 24 23 22 21 21 21 21 22 23 26 34 34 49 86 44 31 26 20 15 13 12 11 11 10 10 10 10 10 9 9 9 8 8 8 8 7 7 7 7 7 7 7 7 6 6 6 6 6 6 6 6 6 6 6 6 6 6 6 6 5 5 5 5 5 5 5 
0.42 15 16 17 19 83 45 92 35 124 70 68 39 52 27 24 22 21 21 21 21 21 21 22 24 43 34 47 81 43 30 26 18 14 13 12 11 11 10 10 10 10 9 9 9 9 8 8 8 8 7 7 7 7 7 7 7 6 6 6 6 6 6 6 6 6 6 6 6 6 6 6 6 5 5 5 5 5 5 5 5 
0.43 14 14 15 16 17 20 62 55 31 36 68 39 40 30 24 22 21 21 20 20 20 21 21 22 26 33 47 80 42 29 26 17 14 12 11 11 10 10 10 10 10 9 9 9 8 8 8 8 7 7 7 7 7 7 7 6 6 6 6 6 6 6 6 6 6 6 6 6 6 6 5 5 5 5 5 5 5 5 5 5 
0.44 13 13 14 14 15 16 18 24 64 30 32 1647 36 67 24 22 21 20 20 20 20 20 20 21 23 33 37 80 42 29 25 16 14 12 11 11 10 10 10 10 10 9 9 9 8 8 8 8 7 7 7 7 7 7 7 6 6 6 6 6 6 6 6 6 6 6 6 6 6 5 5 5 5 5 5 5 5 5 5 5 
0.45 12 13 13 13 14 14 15 17 19 46 29 30 62 36 26 22 21 20 20 19 19 19 20 21 22 28 34 80 42 29 25 16 14 12 11 11 10 10 10 10 10 9 9 9 8 8 8 8 7 7 7 7 7 7 6 6 6 6 6 6 6 6 6 6 6 6 6 6 6 5 5 5 5 5 5 5 5 5 5 5 
0.46 12 12 12 13 13 13 14 15 16 18 113 29 29 50 50 23 21 20 19 19 19 19 19 20 21 24 33 85 42 30 25 15 14 12 11 11 10 10 10 10 9 9 9 9 8 8 8 7 7 7 7 7 7 7 6 6 6 6 6 6 6 6 6 6 6 6 6 6 5 5 5 5 5 5 5 5 5 5 5 5 
0.47 11 12 12 12 12 13 13 14 14 15 17 23 29 28 37 26 21 20 19 19 19 19 19 19 20 22 32 107 43 31 25 15 13 12 11 10 10 10 10 10 9 9 9 9 8 8 8 7 7 7 7 7 7 6 6 6 6 6 6 6 6 6 6 6 6 6 6 5 5 5 5 5 5 5 5 5 5 5 5 5 
