epsilon_k[0] 0.0001
epsilon_k[1] 2.18e-05
epsilon_k[2] 7.08e-05
epsilon_k[3] 2.54e-05
epsilon_k[4] 1e-05
epsilon_k[5] 7.8e-06
epsilon_k[6] 2.18e-05
omega_x0 0.168
omega_y0 0.201
dx 0.01
n_theta 100
dtheta 0.015708
epsilon 20
max_turns 10000000
from_angle 55
to_angle 60
0.863938 1e+07 1e+07 1e+07 1e+07 1e+07 1e+07 1e+07 1e+07 1e+07 1e+07 1e+07 1e+07 1e+07 1e+07 1e+07 1e+07 1e+07 1e+07 1e+07 1e+07 1e+07 1e+07 1e+07 1e+07 1e+07 1e+07 1e+07 1e+07 1e+07 1e+07 1e+07 1e+07 1e+07 1e+07 1e+07 1e+07 1e+07 3.1413e+06 7.63052e+06 5.28773e+06 187442 664636 118637 147544 25872 72791 155251 29189 27719 8709 3611 21237 8081 4457 1376 1815 7730 255 190 436 251 77 26 19 18 18 18 17 17 31 20 92 39 48 37 15 18 13 12 12 14 15 37 15 18 14 14 14 11 11 11 8 8 7 7 7 7 7 6 6 
0.879646 1e+07 1e+07 1e+07 1e+07 1e+07 1e+07 1e+07 1e+07 1e+07 1e+07 1e+07 1e+07 1e+07 1e+07 1e+07 1e+07 1e+07 1e+07 1e+07 1e+07 1e+07 1e+07 1e+07 1e+07 1e+07 1e+07 1e+07 1e+07 1e+07 1e+07 1e+07 1e+07 1e+07 1e+07 1e+07 1e+07 1e+07 381542 3.16009e+06 165962 152591 180891 87197 221315 100598 84822 63608 35570 98154 16427 22274 4231 2798 638 3366 1867 4959 6759 2253 125 362 163 311 48 199 98 24 23 41 143 57 28 25 15 19 13 12 13 19 18 28 15 16 18 13 46 11 12 9 8 7 7 7 7 7 6 6 6 6 6 
0.895354 1e+07 1e+07 1e+07 1e+07 1e+07 1e+07 1e+07 1e+07 1e+07 1e+07 1e+07 1e+07 1e+07 1e+07 1e+07 1e+07 1e+07 1e+07 1e+07 1e+07 1e+07 1e+07 1e+07 1e+07 1e+07 1e+07 1e+07 1e+07 1e+07 1e+07 1e+07 1e+07 1e+07 1e+07 1e+07 1e+07 1e+07 1e+07 251173 691759 1.02356e+06 668484 1.00369e+06 32768 37997 30181 51783 12947 382006 13191 9518 8767 1721 5793 1384 2474 160 145 144 445 220 242 108 51 56 52 309 42 53 57 25 16 29 29 13 13 79 36 29 26 19 13 16 12 15 13 8 8 7 7 7 7 7 6 6 6 6 6 6 6 
0.911062 1e+07 1e+07 1e+07 1e+07 1e+07 1e+07 1e+07 1e+07 1e+07 1e+07 1e+07 1e+07 1e+07 1e+07 1e+07 1e+07 1e+07 1e+07 1e+07 1e+07 1e+07 1e+07 1e+07 1e+07 1e+07 1e+07 1e+07 1e+07 1e+07 1e+07 1e+07 1e+07 1e+07 1e+07 1e+07 1e+07 1e+07 1e+07 502667 213947 49526 309431 331095 31374 13014 162073 87337 32052 29464 32168 11130 1637 701 3273 1545 6282 1335 869 190 269 52 79 151 51 55 307 34 71 30 18 16 36 16 13 15 32 51 57 20 14 22 14 14 12 8 8 7 7 7 7 7 6 6 6 6 6 6 6 6 6 
0.92677 1e+07 1e+07 1e+07 1e+07 1e+07 1e+07 1e+07 1e+07 1e+07 1e+07 1e+07 1e+07 1e+07 1e+07 1e+07 1e+07 1e+07 1e+07 1e+07 1e+07 1e+07 1e+07 1e+07 1e+07 1e+07 1e+07 1e+07 1e+07 1e+07 1e+07 1e+07 1e+07 1e+07 1e+07 1e+07 1e+07 1e+07 1e+07 1e+07 270578 154888 303961 58705 146728 280506 62275 89159 12484 9264 4614 4843 2557 778 3845 1247 1484 1172 181 6663 102 134 396 43 153 76 34 342 23 17 21 33 22 15 26 447 27 98 23 14 36 17 20 9 8 7 7 7 7 7 6 6 6 6 6 6 6 6 6 6 6 
