epsilon_k[0] 0.0001
epsilon_k[1] 2.18e-05
epsilon_k[2] 7.08e-05
epsilon_k[3] 2.54e-05
epsilon_k[4] 1e-05
epsilon_k[5] 7.8e-06
epsilon_k[6] 2.18e-05
omega_x0 0.168
omega_y0 0.201
dx 0.01
epsilon 4
max_turns 10000000
from_y 40
to_y 48
0.4 1e+07 1e+07 1e+07 1e+07 1e+07 1e+07 1e+07 1e+07 1e+07 1e+07 4.27786e+06 2.56259e+06 869648 57736 57736 32192 32192 32192 32192 32192 8262 8262 8262 3842 3842 3842 3842 3842 3842 3842 3106 3106 2413 1112 1112 1112 1112 342 
0.41 1e+07 1e+07 1e+07 1e+07 1e+07 1e+07 1e+07 3.45624e+06 3.45624e+06 1.27497e+06 1.27497e+06 478766 478766 478766 39804 39804 39804 19386 19386 15876 15876 15876 3809 3026 3026 3026 3026 3026 3026 3026 1694 1694 1206 593 
0.42 1e+07 1e+07 1e+07 1e+07 1e+07 1e+07 1e+07 3.8804e+06 1.77837e+06 384329 74467 74467 74467 32919 26273 9185 9185 8821 6107 6107 5251 5251 5251 4157 4157 4157 4157 4157 4157 4157 1233 720 
0.43 1e+07 1e+07 1e+07 1e+07 1e+07 1e+07 7.35324e+06 7.35324e+06 1.70137e+06 1.27051e+06 1.02633e+06 29517 29517 29517 29517 29517 25057 11078 11078 11078 3657 3657 3013 3013 3013 2056 2056 2056 2056 1741 464 
0.44 1e+07 1e+07 1e+07 1e+07 1e+07 7.60678e+06 7.60678e+06 1.06258e+06 1.06258e+06 484868 287566 154323 28293 28293 22742 5423 5423 2172 2172 2172 2172 2172 2172 2172 2172 2172 2172 2172 1341 1341 1341 1341 1341 1341 653 
0.45 1e+07 1e+07 1e+07 1e+07 1e+07 8.98421e+06 1.56067e+06 581302 49119 49119 49119 30637 30637 23292 6742 3073 3073 2121 2121 2121 2121 2121 2121 2121 2121 2121 2121 2121 1578 1578 1095 1095 1095 514 
0.46 1e+07 1e+07 1e+07 1e+07 2.0136e+06 980695 980695 445975 76458 76458 33600 10880 10880 10880 10880 10880 10880 2481 2481 2481 946 
0.47 1e+07 1e+07 1e+07 4.74028e+06 4.74028e+06 2.38031e+06 289386 289386 19515 19515 10630 10085 8727 4673 4673 4673 1274 1038 1038 1038 1038 1038 1038 1038 1038 1038 1038 1038 989 
