epsilon_k[0] 0.0001
epsilon_k[1] 2.18e-05
epsilon_k[2] 7.08e-05
epsilon_k[3] 2.54e-05
epsilon_k[4] 1e-05
epsilon_k[5] 7.8e-06
epsilon_k[6] 2.18e-05
omega_x0 0.168
omega_y0 0.201
dx 0.01
n_theta 100
dtheta 0.015708
epsilon 20
max_turns 10000000
from_angle 10
to_angle 15
0.15708 1e+07 1e+07 1e+07 1e+07 1e+07 1e+07 1e+07 1e+07 1e+07 1e+07 1e+07 1e+07 1e+07 1e+07 1e+07 1e+07 1e+07 1e+07 1e+07 1e+07 1e+07 1e+07 1e+07 1e+07 1e+07 1e+07 1e+07 1e+07 1e+07 1e+07 1e+07 1e+07 1e+07 1e+07 1e+07 1e+07 1e+07 1e+07 1e+07 1e+07 1e+07 1e+07 1e+07 1e+07 1.00924e+06 1e+07 707538 2.29571e+06 138895 1.22482e+06 1e+07 1e+07 1e+07 1e+07 1e+07 4.08776e+06 234026 127788 868419 219328 184638 12967 5971 6253 3233 3415 13797 1958 13730 8618 3504 1777 568 365 3880 302 356 163 818 1608 740 1112 2036 372 34 319 219 126 18 8 7 7 6 6 6 6 6 6 5 5 
0.172788 1e+07 1e+07 1e+07 1e+07 1e+07 1e+07 1e+07 1e+07 1e+07 1e+07 1e+07 1e+07 1e+07 1e+07 1e+07 1e+07 1e+07 1e+07 1e+07 1e+07 1e+07 1e+07 1e+07 1e+07 1e+07 1e+07 1e+07 1e+07 1e+07 1e+07 1e+07 1e+07 1e+07 1e+07 1e+07 1e+07 1e+07 1e+07 1e+07 1e+07 1e+07 1e+07 1e+07 1e+07 4.7161e+06 2.22898e+06 1e+07 610575 184651 526909 1e+07 1e+07 1e+07 6.8609e+06 1e+07 1.36151e+06 909032 302923 301022 121585 7805 14088 6641 1914 6049 2407 7092 11672 2293 4086 1970 1977 2087 7468 1016 753 399 183 299 115 299 518 394 1389 37 179 66 25 67 10 8 7 7 6 6 6 6 6 5 5 
0.188496 1e+07 1e+07 1e+07 1e+07 1e+07 1e+07 1e+07 1e+07 1e+07 1e+07 1e+07 1e+07 1e+07 1e+07 1e+07 1e+07 1e+07 1e+07 1e+07 1e+07 1e+07 1e+07 1e+07 1e+07 1e+07 1e+07 1e+07 1e+07 1e+07 1e+07 1e+07 1e+07 1e+07 1e+07 1e+07 1e+07 1e+07 1e+07 1e+07 1e+07 1e+07 1e+07 1e+07 1e+07 6.92111e+06 1.55153e+06 885069 244863 112595 659588 481001 1e+07 1e+07 2.26617e+06 5.49613e+06 1.69143e+06 133635 155018 93357 600720 11152 10206 67603 4484 4729 21031 1211 1665 9799 1261 2103 756 334 26312 1361 530 2083 152 928 170 85 46 245 49 296 8353 476 67 16 86 9 8 7 7 6 6 6 6 6 5 
0.204204 1e+07 1e+07 1e+07 1e+07 1e+07 1e+07 1e+07 1e+07 1e+07 1e+07 1e+07 1e+07 1e+07 1e+07 1e+07 1e+07 1e+07 1e+07 1e+07 1e+07 1e+07 1e+07 1e+07 1e+07 1e+07 1e+07 1e+07 1e+07 1e+07 1e+07 1e+07 1e+07 1e+07 1e+07 1e+07 1e+07 1e+07 1e+07 1e+07 1e+07 1e+07 1e+07 1e+07 1e+07 7.22694e+06 649878 798629 100524 890446 213213 69837 69717 571224 355772 1.03199e+06 723816 405715 534772 5757 23341 40181 45075 4887 1585 12836 1458 1731 1772 11032 5554 1038 1106 567 5083 875 1052 553 408 2817 529 174 223 432 128 59 27 79 244 65 15 32 9 7 7 7 6 6 6 6 6 
0.219911 1e+07 1e+07 1e+07 1e+07 1e+07 1e+07 1e+07 1e+07 1e+07 1e+07 1e+07 1e+07 1e+07 1e+07 1e+07 1e+07 1e+07 1e+07 1e+07 1e+07 1e+07 1e+07 1e+07 1e+07 1e+07 1e+07 1e+07 1e+07 1e+07 1e+07 1e+07 1e+07 1e+07 1e+07 1e+07 1e+07 1e+07 1e+07 1e+07 1e+07 1e+07 1e+07 1e+07 1e+07 5.69304e+06 854557 1.0975e+06 382605 399961 56079 36417 102871 96958 41625 8.35792e+06 395374 24390 31095 39452 8554 173926 29060 2843 12011 3916 2196 2704 1901 6058 45021 5548 3679 571 349 324 710 446 387 305 532 573 182 111 39 47 227 16 38 83 102 15 45 9 8 7 7 6 6 6 6 
0.235619 1e+07 1e+07 1e+07 1e+07 1e+07 1e+07 1e+07 1e+07 1e+07 1e+07 1e+07 1e+07 1e+07 1e+07 1e+07 1e+07 1e+07 1e+07 1e+07 1e+07 1e+07 1e+07 1e+07 1e+07 1e+07 1e+07 1e+07 1e+07 1e+07 1e+07 1e+07 1e+07 1e+07 1e+07 1e+07 1e+07 1e+07 1e+07 1e+07 1e+07 1e+07 1e+07 1e+07 1e+07 1e+07 8.01433e+06 1.62235e+06 178146 437503 245429 309493 68109 42490 280356 59269 2.87917e+06 37075 35891 27283 9726 7191 12375 2682 5189 5488 506 3706 587 2839 2546 1996 8538 1047 906 292 2215 376 249 880 625 229 110 97 110 77 101 994 15 66 206 41 15 55 10 8 7 7 6 6 6 
