epsilon_k[0] 0.0001
epsilon_k[1] 2.18e-05
epsilon_k[2] 7.08e-05
epsilon_k[3] 2.54e-05
epsilon_k[4] 1e-05
epsilon_k[5] 7.8e-06
epsilon_k[6] 2.18e-05
omega_x0 0.168
omega_y0 0.201
dx 0.01
n_theta 100
dtheta 0.015708
epsilon 30
max_turns 10000000
from_angle 80
to_angle 85
1.25664 1e+07 1e+07 1e+07 1e+07 1e+07 1e+07 1e+07 1e+07 1e+07 1e+07 1e+07 1e+07 1e+07 1e+07 1e+07 1e+07 1e+07 1e+07 1e+07 1e+07 1e+07 1e+07 1e+07 1e+07 1e+07 1e+07 1e+07 1e+07 1e+07 1e+07 1e+07 1e+07 1e+07 1e+07 1e+07 1e+07 5.06485e+06 1.97049e+06 490622 3.63317e+06 379326 355226 120760 93179 38979 7561 6612 5905 11762 1868 4586 829 1265 717 438 393 802 138 153 339 43 32 66 45 379 51 46 92 137 97 166 35 22 58 15 93 9 8 8 7 7 7 7 7 6 6 6 6 6 6 6 6 6 6 6 6 6 5 5 5 
1.27235 1e+07 1e+07 1e+07 1e+07 1e+07 1e+07 1e+07 1e+07 1e+07 1e+07 1e+07 1e+07 1e+07 1e+07 1e+07 1e+07 1e+07 1e+07 1e+07 1e+07 1e+07 1e+07 1e+07 1e+07 1e+07 1e+07 1e+07 1e+07 1e+07 1e+07 1e+07 1e+07 1e+07 1e+07 1e+07 4.71792e+06 1e+07 1.39707e+06 325561 1e+07 968112 103551 710483 390390 65905 10557 32089 6625 2834 6032 1904 3343 662 2238 634 303 427 211 319 243 124 194 113 546 136 158 171 38 175 79 204 184 18 40 728 15 122 9 8 8 7 7 7 7 7 6 6 6 6 6 6 6 6 6 6 6 6 6 5 5 
1.28805 1e+07 1e+07 1e+07 1e+07 1e+07 1e+07 1e+07 1e+07 1e+07 1e+07 1e+07 1e+07 1e+07 1e+07 1e+07 1e+07 1e+07 1e+07 1e+07 1e+07 1e+07 1e+07 1e+07 1e+07 1e+07 1e+07 1e+07 1e+07 1e+07 1e+07 1e+07 1e+07 1e+07 1e+07 1e+07 1e+07 6.51246e+06 6.83382e+06 1.29102e+06 1.32864e+06 898135 828144 33146 266238 21419 18374 15190 11992 4611 3261 1024 3045 1875 2784 1294 4165 327 158 560 600 363 45 208 38 61 73 217 131 41 77 34 34 31 26 21 26 15 21 9 8 8 7 7 7 7 7 7 6 6 6 6 6 6 6 6 6 6 6 6 6 
1.30376 1e+07 1e+07 1e+07 1e+07 1e+07 1e+07 1e+07 1e+07 1e+07 1e+07 1e+07 1e+07 1e+07 1e+07 1e+07 1e+07 1e+07 1e+07 1e+07 1e+07 1e+07 1e+07 1e+07 1e+07 1e+07 1e+07 1e+07 1e+07 1e+07 1e+07 1e+07 1e+07 1e+07 1e+07 9.08678e+06 1e+07 2.20046e+06 3.16223e+06 2.46574e+06 1.17372e+06 1.15329e+06 220260 498549 40554 66523 343609 8147 5695 3769 6311 4259 391 2245 1449 558 806 657 1438 214 106 78 97 44 119 449 37 139 209 139 64 68 203 31 61 46 28 26 22 19 10 8 8 8 7 7 7 7 7 6 6 6 6 6 6 6 6 6 6 6 6 
1.31947 1e+07 1e+07 1e+07 1e+07 1e+07 1e+07 1e+07 1e+07 1e+07 1e+07 1e+07 1e+07 1e+07 1e+07 1e+07 1e+07 1e+07 1e+07 1e+07 1e+07 1e+07 1e+07 1e+07 1e+07 1e+07 1e+07 1e+07 1e+07 1e+07 1e+07 1e+07 1e+07 1e+07 1e+07 1e+07 1e+07 1.62834e+06 1.69705e+06 1e+07 2.50279e+06 1.90624e+06 3.50945e+06 146803 59096 208312 75952 20520 7008 10102 9230 5373 2488 1262 12072 1104 794 149 211 4452 3136 667 122 25 31 207 263 188 1400 51 34 55 89 37 21 28 374 16 14 76 15 25 9 8 8 7 7 7 7 7 7 6 6 6 6 6 6 6 6 6 6 
1.33518 1e+07 1e+07 1e+07 1e+07 1e+07 1e+07 1e+07 1e+07 1e+07 1e+07 1e+07 1e+07 1e+07 1e+07 1e+07 1e+07 1e+07 1e+07 1e+07 1e+07 1e+07 1e+07 1e+07 1e+07 1e+07 1e+07 1e+07 1e+07 1e+07 1e+07 1e+07 1e+07 1e+07 1e+07 1e+07 1e+07 1e+07 6.07134e+06 1.1806e+06 4.14885e+06 502426 709455 725279 128963 39666 7124 15530 8361 29182 40429 1568 869 9866 2010 559 589 462 476 344 1442 124 473 32 25 191 64 25 111 83 63 28 41 45 23 17 17 25 33 29 14 25 24 18 9 8 8 7 7 7 7 7 7 6 6 6 6 6 6 6 6 
