epsilon_k[0] 0.0001
epsilon_k[1] 2.18e-05
epsilon_k[2] 7.08e-05
epsilon_k[3] 2.54e-05
epsilon_k[4] 1e-05
epsilon_k[5] 7.8e-06
epsilon_k[6] 2.18e-05
omega_x0 0.168
omega_y0 0.201
dx 0.01
n_theta 100
dtheta 0.015708
epsilon 52
max_turns 10000000
from_angle 85
to_angle 90
1.33518 1e+07 1e+07 1e+07 1e+07 1e+07 1e+07 1e+07 1e+07 1e+07 1e+07 1e+07 1e+07 1e+07 1e+07 1e+07 1e+07 1e+07 1e+07 1e+07 1e+07 1e+07 1e+07 1e+07 1e+07 1e+07 1e+07 1e+07 1e+07 1e+07 1e+07 1e+07 1e+07 1e+07 1e+07 1e+07 289194 3.64354e+06 1.6625e+06 125335 493664 336901 153033 157498 97843 20888 10562 37546 8808 3417 4935 5239 9290 2796 6016 1159 1155 313 475 212 15302 335 251 82 33 331 126 24 92 62 34 82 120 32 33 54 18 17 15 17 13 20 26 15 10 8 8 8 7 7 7 7 7 6 6 6 6 6 6 6 6 
1.35088 1e+07 1e+07 1e+07 1e+07 1e+07 1e+07 1e+07 1e+07 1e+07 1e+07 1e+07 1e+07 1e+07 1e+07 1e+07 1e+07 1e+07 1e+07 1e+07 1e+07 1e+07 1e+07 1e+07 1e+07 1e+07 1e+07 1e+07 1e+07 1e+07 1e+07 1e+07 1e+07 1e+07 1e+07 4.05272e+06 1.96955e+06 1e+07 2.3388e+06 1.20289e+06 587170 4.37813e+06 478150 163252 100828 52381 14422 4452 2057 2475 11140 829 1941 3584 5787 633 1096 353 170 250 309 300 426 486 426 25 124 37 68 90 141 44 48 101 52 31 19 45 21 16 22 25 13 23 23 16 17 9 8 8 7 7 7 7 7 7 6 6 6 6 6 
1.36659 1e+07 1e+07 1e+07 1e+07 1e+07 1e+07 1e+07 1e+07 1e+07 1e+07 1e+07 1e+07 1e+07 1e+07 1e+07 1e+07 1e+07 1e+07 1e+07 1e+07 1e+07 1e+07 1e+07 1e+07 1e+07 1e+07 1e+07 1e+07 1e+07 1e+07 1e+07 1e+07 1e+07 7.17789e+06 5.77806e+06 3.60621e+06 1e+07 3.72982e+06 1.74927e+06 285024 319593 521829 955066 129485 37399 12362 15738 6120 27840 4431 2627 666 2238 1493 989 635 2115 598 1172 474 97 12543 305 177 119 31 25 45 109 18 17 49 243 25 30 46 47 21 18 14 13 19 14 15 12 20 17 13 11 9 8 8 7 7 7 7 7 7 7 6 
1.3823 1e+07 1e+07 1e+07 1e+07 1e+07 1e+07 1e+07 1e+07 1e+07 1e+07 1e+07 1e+07 1e+07 1e+07 1e+07 1e+07 1e+07 1e+07 1e+07 1e+07 1e+07 1e+07 1e+07 1e+07 1e+07 1e+07 1e+07 1e+07 1e+07 1e+07 1e+07 1e+07 1e+07 1e+07 3.87652e+06 7.97557e+06 3.22169e+06 1e+07 1.14745e+06 1.16909e+06 199868 552269 166775 346868 141570 105568 63004 7979 32326 3486 2954 943 546 2216 1250 683 1026 1175 1889 244 117 697 178 71 190 330 95 47 23 29 32 17 16 19 41 22 28 26 39 34 30 12 11 11 11 13 13 13 12 15 11 18 10 9 8 8 8 7 7 7 
1.39801 1e+07 1e+07 1e+07 1e+07 1e+07 1e+07 1e+07 1e+07 1e+07 1e+07 1e+07 1e+07 1e+07 1e+07 1e+07 1e+07 1e+07 1e+07 1e+07 1e+07 1e+07 1e+07 1e+07 1e+07 1e+07 1e+07 1e+07 1e+07 1e+07 1e+07 1e+07 1e+07 1e+07 1e+07 6.30838e+06 3.74077e+06 2.87028e+06 3.65151e+06 638405 541105 2.84392e+06 1.71028e+06 184527 2.58658e+06 1.40469e+06 122623 44140 276543 10628 2741 6321 1548 579 563 574 2158 281 260 508 208 227 270 412 182 94 68 105 43 28 280 30 112 38 23 16 16 17 19 33 44 18 18 22 33 12 11 11 10 10 11 11 13 14 12 12 10 10 10 9 9 
1.41372 1e+07 1e+07 1e+07 1e+07 1e+07 1e+07 1e+07 1e+07 1e+07 1e+07 1e+07 1e+07 1e+07 1e+07 1e+07 1e+07 1e+07 1e+07 1e+07 1e+07 1e+07 1e+07 1e+07 1e+07 1e+07 1e+07 1e+07 1e+07 1e+07 1e+07 1e+07 1e+07 1e+07 1e+07 1e+07 8.59686e+06 4.38582e+06 8.06491e+06 760232 823015 2.73239e+06 289552 2.03523e+06 774867 281024 85734 60032 30778 14586 6326 4731 6316 876 724 977 2120 5232 640 301 365 423 160 147 155 11607 312 103 97 71 28 187 59 22 81 29 32 19 18 20 15 15 18 22 14 14 18 43 16 12 11 10 10 10 10 10 10 10 10 10 10 
