epsilon_k[0] 0.0001
epsilon_k[1] 2.18e-05
epsilon_k[2] 7.08e-05
epsilon_k[3] 2.54e-05
epsilon_k[4] 1e-05
epsilon_k[5] 7.8e-06
epsilon_k[6] 2.18e-05
omega_x0 0.168
omega_y0 0.201
dx 0.01
epsilon 6
max_turns 10000000
from_y 32
to_y 40
0.32 1e+07 1e+07 1e+07 1e+07 1e+07 1e+07 1e+07 1e+07 1e+07 1e+07 1e+07 1e+07 1e+07 1e+07 1e+07 1e+07 1e+07 1e+07 1e+07 1e+07 1e+07 1e+07 1e+07 1e+07 1e+07 236723 2.88404e+06 1.97884e+06 521815 1.39463e+06 69812 357876 472562 448840 52806 201206 18031 399798 54992 29979 4227 11268 8058 12045 4463 3879 9264 17359 3458 1767 2392 1606 667 1470 392 606 364 619 1247 1471 448 116 40 70 202 51 163 736 185 88 1041 25 25 391 106 38 154 22 13 12 
0.33 1e+07 1e+07 1e+07 1e+07 1e+07 1e+07 1e+07 1e+07 1e+07 1e+07 1e+07 1e+07 1e+07 1e+07 1e+07 1e+07 1e+07 1e+07 1e+07 1e+07 1e+07 1e+07 1e+07 1e+07 1e+07 259431 177778 622219 670903 151866 72259 452746 362209 343243 40613 254806 21861 259937 40724 39712 15499 11483 7039 3806 3480 3438 3460 2557 349 2175 14379 888 774 2521 1632 745 1053 615 888 167 51 115 31 374 69 97 65 33 41 815 113 136 103 53 20 297 55 127 14 12 
0.34 1e+07 1e+07 1e+07 1e+07 1e+07 1e+07 1e+07 1e+07 1e+07 1e+07 1e+07 1e+07 1e+07 1e+07 1e+07 1e+07 1e+07 1e+07 1e+07 1e+07 1e+07 1e+07 1e+07 1e+07 1.55052e+06 208244 646328 132282 143240 134799 140005 130464 24333 137028 113919 7719 22706 6923 19473 2881 4942 8768 3067 2339 1241 2687 1013 1797 441 1607 3370 868 2172 213 262 273 154 378 415 324 288 311 230 66 31 265 136 87 67 278 38 239 1495 175 103 19 35 76 21 13 
0.35 1e+07 1e+07 1e+07 1e+07 1e+07 1e+07 1e+07 1e+07 1e+07 1e+07 1e+07 1e+07 1e+07 1e+07 1e+07 1e+07 1e+07 1e+07 1e+07 1e+07 1.22587e+06 1e+07 2.54419e+06 8.52724e+06 67022 93092 113053 228327 833770 458118 78216 661181 15111 27582 258830 10278 99686 6136 5747 3800 5523 19368 1328 636 1647 1314 798 900 283 722 404 5174 397 462 248 347 431 145 258 160 289 96 86 50 52 180 90 87 61 699 115 110 83 42 32 23 18 41 19 20 
0.36 1e+07 1e+07 1e+07 1e+07 1e+07 1e+07 1e+07 1e+07 1e+07 1e+07 1e+07 5.72445e+06 6.99341e+06 1e+07 1e+07 1e+07 1e+07 1e+07 2.81358e+06 1e+07 1.10209e+06 1.2416e+06 701494 1.91998e+06 57241 137515 73467 28243 59762 765489 553062 111772 7491 6929 10775 6144 10057 2427 8247 4207 5472 1101 3453 4469 589 1068 358 287 242 1361 272 719 1725 101 1550 238 275 508 285 372 110 178 172 48 225 123 81 164 72 98 45 261 142 63 25 100 31 17 74 41 
0.37 1e+07 1e+07 1e+07 1e+07 1e+07 1e+07 1e+07 1e+07 1e+07 1e+07 1e+07 6.84588e+06 3.06699e+06 426460 1.19371e+06 6.33581e+06 6.65999e+06 1.25697e+06 2.32546e+06 1e+07 97938 393936 1.96142e+06 100920 379055 752878 121164 44281 46068 123553 771583 13405 22316 11542 7507 4523 8025 14074 3754 2425 2053 1296 767 4394 2873 986 11703 1886 792 547 1454 142 454 92 273 454 216 104 127 152 217 145 42 79 55 50 58 39 120 80 381 686 236 44 315 94 135 46 17 50 
0.38 1e+07 1e+07 1e+07 1e+07 1e+07 1e+07 1e+07 1e+07 1e+07 7.85219e+06 1e+07 1e+07 2.7971e+06 2.50126e+06 423253 6.2406e+06 478259 1.36238e+06 133410 641706 386726 81446 45549 24464 10398 18354 15159 20814 29171 21879 71151 171890 10443 9403 4731 10200 1138 2072 543 4074 1421 664 1433 169 809 1119 506 2858 352 874 1026 435 895 102 874 209 153 169 127 75 318 89 94 101 123 88 34 2455 135 361 43 99 339 86 254 49 62 37 22 17 
0.39 1e+07 1e+07 1e+07 1e+07 1e+07 1e+07 1e+07 1e+07 5.64731e+06 8.79659e+06 3.15401e+06 3.1438e+06 490734 308787 94590 395677 102284 307718 966316 112444 25151 22165 8640 5466 7898 15763 4995 7963 11918 8273 72068 25860 7559 5876 4611 684 4267 6468 3093 944 690 361 3037 326 130 987 516 360 1196 309 163 138 91 201 75 329 1213 525 578 151 73 116 63 121 81 100 91 46 115 54 90 58 450 97 43 148 42 57 67 45 
