epsilon_k[0] 0.0001
epsilon_k[1] 2.18e-05
epsilon_k[2] 7.08e-05
epsilon_k[3] 2.54e-05
epsilon_k[4] 1e-05
epsilon_k[5] 7.8e-06
epsilon_k[6] 2.18e-05
omega_x0 0.168
omega_y0 0.201
dx 0.01
n_theta 100
dtheta 0.015708
epsilon 12
max_turns 10000000
from_angle 90
to_angle 95
1.41372 1e+07 1e+07 1e+07 1e+07 1e+07 1e+07 1e+07 1e+07 1e+07 1e+07 1e+07 1e+07 1e+07 1e+07 1e+07 1e+07 1e+07 1e+07 1e+07 1e+07 1e+07 1e+07 1e+07 1e+07 1e+07 1e+07 1e+07 1e+07 1e+07 1e+07 1e+07 1e+07 1e+07 1e+07 1e+07 1e+07 1e+07 1e+07 1e+07 1e+07 1e+07 7.70935e+06 1.89545e+06 743349 1e+07 3.07309e+06 1.928e+06 116964 13341 9980 9151 3589 1911 991 716 2068 1134 1222 665 677 457 632 252 225 163 171 56 78 154 88 50 111 71 41 124 20 20 19 15 16 19 33 15 15 26 43 38 12 11 10 10 10 10 10 10 10 10 10 10 11 
1.42942 1e+07 1e+07 1e+07 1e+07 1e+07 1e+07 1e+07 1e+07 1e+07 1e+07 1e+07 1e+07 1e+07 1e+07 1e+07 1e+07 1e+07 1e+07 1e+07 1e+07 1e+07 1e+07 1e+07 1e+07 1e+07 1e+07 1e+07 1e+07 1e+07 1e+07 1e+07 1e+07 1e+07 1e+07 1e+07 1e+07 1e+07 1e+07 1e+07 1e+07 1e+07 1e+07 5.34543e+06 1e+07 1.94691e+06 2.06861e+06 1.11344e+06 526071 95110 97111 15369 29527 4804 448 382 4774 1647 359 685 164 513 295 130 132 85 88 306 256 96 765 70 156 135 43 22 84 17 14 14 14 14 14 19 20 17 15 15 17 29 13 13 13 18 13 12 11 10 10 10 10 
1.44513 1e+07 1e+07 1e+07 1e+07 1e+07 1e+07 1e+07 1e+07 1e+07 1e+07 1e+07 1e+07 1e+07 1e+07 1e+07 1e+07 1e+07 1e+07 1e+07 1e+07 1e+07 1e+07 1e+07 1e+07 1e+07 1e+07 1e+07 1e+07 1e+07 1e+07 1e+07 1e+07 1e+07 1e+07 1e+07 1e+07 1e+07 1e+07 1e+07 1e+07 1e+07 1e+07 1e+07 1e+07 5.82811e+06 1.77414e+06 1.52742e+06 423628 365484 2.17111e+06 30278 18392 9036 3503 1929 1853 2099 945 1880 1138 725 1528 227 130 148 54 56 236 52 62 380 80 80 851 71 23 187 47 30 19 24 14 13 13 13 12 12 12 12 12 12 12 11 11 11 11 11 11 11 11 
1.46084 1e+07 1e+07 1e+07 1e+07 1e+07 1e+07 1e+07 1e+07 1e+07 1e+07 1e+07 1e+07 1e+07 1e+07 1e+07 1e+07 1e+07 1e+07 1e+07 1e+07 1e+07 1e+07 1e+07 1e+07 1e+07 1e+07 1e+07 1e+07 1e+07 1e+07 1e+07 1e+07 1e+07 1e+07 1e+07 1e+07 1e+07 1e+07 1e+07 1e+07 1e+07 1e+07 5.37402e+06 1e+07 8.57005e+06 1e+07 636458 3.82424e+06 252324 466998 3.24529e+06 4924 4660 2442 1229 987 430 1800 1029 289 235 154 90 83 154 124 108 191 83 60 231 45 120 87 26 26 40 99 48 24 24 18 22 25 16 18 20 14 13 13 13 17 17 17 12 11 10 10 10 9 
1.47655 1e+07 1e+07 1e+07 1e+07 1e+07 1e+07 1e+07 1e+07 1e+07 1e+07 1e+07 1e+07 1e+07 1e+07 1e+07 1e+07 1e+07 1e+07 1e+07 1e+07 1e+07 1e+07 1e+07 1e+07 1e+07 1e+07 1e+07 1e+07 1e+07 1e+07 1e+07 1e+07 1e+07 1e+07 1e+07 1e+07 1e+07 1e+07 1e+07 1e+07 1e+07 1e+07 1e+07 1e+07 1e+07 1e+07 3.31296e+06 8.99569e+06 3.5697e+06 247353 110271 36046 847563 1941 1632 4918 2205 1619 1425 1589 471 753 1089 641 139 359 84 93 144 65 35 40 208 129 113 57 62 97 32 31 17 15 15 17 16 18 20 11 10 10 10 10 9 9 9 9 9 9 9 8 
1.49226 1e+07 1e+07 1e+07 1e+07 1e+07 1e+07 1e+07 1e+07 1e+07 1e+07 1e+07 1e+07 1e+07 1e+07 1e+07 1e+07 1e+07 1e+07 1e+07 1e+07 1e+07 1e+07 1e+07 1e+07 1e+07 1e+07 1e+07 1e+07 1e+07 1e+07 1e+07 1e+07 1e+07 1e+07 1e+07 1e+07 1e+07 1e+07 1e+07 1e+07 1e+07 1e+07 1e+07 1e+07 8.30908e+06 4.19584e+06 1.2655e+06 6.06317e+06 216640 281704 147200 40283 27603 4155 1498 520 1437 1620 2109 277 1430 297 2891 166 179 105 146 225 83 4268 358 54 109 79 35 39 52 128 21 45 29 16 32 28 12 11 10 10 10 9 9 9 9 9 9 9 9 9 8 8 
