epsilon_k[0] 0.0001
epsilon_k[1] 2.18e-05
epsilon_k[2] 7.08e-05
epsilon_k[3] 2.54e-05
epsilon_k[4] 1e-05
epsilon_k[5] 7.8e-06
epsilon_k[6] 2.18e-05
omega_x0 0.168
omega_y0 0.201
dx 0.01
n_theta 100
dtheta 0.015708
epsilon 64
max_turns 10000000
from_angle 30
to_angle 35
0.471239 1e+07 1e+07 1e+07 1e+07 1e+07 1e+07 1e+07 1e+07 1e+07 1e+07 1e+07 1e+07 1e+07 1e+07 1e+07 1e+07 1e+07 1e+07 1e+07 1e+07 1e+07 1e+07 1e+07 1e+07 5.36202e+06 4.09496e+06 992972 1.47921e+06 2.55413e+06 2.83844e+06 2.16455e+06 848716 763198 566644 1.11696e+06 134850 885207 678965 3.20744e+06 510775 883114 551404 878715 117622 1.20531e+06 299450 64724 1.05374e+06 323842 123462 150919 384259 71730 25396 49316 12097 5861 390006 8052 1677 7014 2185 6320 303 1247 2692 1475 199 169 271 241 88 150 224 258 86 34 194 100 119 43 66 53 24 27 38 92 50 22 30 29 18 21 14 13 13 13 13 18 16 
0.486947 1e+07 1e+07 1e+07 1e+07 1e+07 1e+07 1e+07 1e+07 1e+07 1e+07 1e+07 1e+07 1e+07 1e+07 1e+07 1e+07 1e+07 1e+07 1e+07 1e+07 1e+07 1e+07 1e+07 1e+07 1e+07 5.989e+06 2.38679e+06 1.18416e+06 4.06317e+06 946806 1.10694e+06 5.38642e+06 200885 1.48293e+06 6.59251e+06 2.40079e+06 1.05535e+06 1.50097e+06 1.54395e+06 206685 3.2704e+06 2.92255e+06 626447 1.15119e+06 3.6443e+06 77537 1.05646e+06 230321 121720 402899 1.27648e+06 178970 104339 413597 447669 9384 12187 2406 6778 279427 13996 2446 4867 610 1163 5259 576 698 271 158 261 128 224 45 164 32 74 37 41 47 29 77 70 71 37 33 28 48 77 29 57 35 38 20 21 17 16 23 18 20 
0.502655 1e+07 1e+07 1e+07 1e+07 1e+07 1e+07 1e+07 1e+07 1e+07 1e+07 1e+07 1e+07 1e+07 1e+07 1e+07 1e+07 1e+07 1e+07 1e+07 1e+07 1e+07 1e+07 1e+07 1e+07 1e+07 7.25948e+06 1e+07 1.48105e+06 1.33274e+06 1.81365e+06 2.57912e+06 1.16998e+06 1.62968e+06 2.99732e+06 1.22414e+06 766198 2.12331e+06 173026 2.01986e+06 364300 1.88875e+06 248516 325393 3.59278e+06 1.2752e+06 70583 105566 389157 112260 248718 195422 314593 96835 34438 15569 3715 21260 4939 2757 9204 9703 3666 1452 614 380 1538 1363 286 336 203 301 67 99 85 102 941 34 33 34 55 62 137 186 79 53 205 114 28 44 16 15 16 19 21 17 28 13 13 12 13 
0.518363 1e+07 1e+07 1e+07 1e+07 1e+07 1e+07 1e+07 1e+07 1e+07 1e+07 1e+07 1e+07 1e+07 1e+07 1e+07 1e+07 1e+07 1e+07 1e+07 1e+07 1e+07 1e+07 1e+07 1e+07 1e+07 1e+07 4.36338e+06 3.61896e+06 2.64981e+06 1e+07 394481 771138 793445 2.27861e+06 1.09505e+06 183328 1.59181e+06 434304 3.23774e+06 2.05783e+06 1.58864e+06 996464 228830 711321 74543 468699 1.00107e+06 422258 127956 1.6952e+06 93110 42159 19366 71815 25116 30858 7879 4369 1702 7790 851 2748 3174 316 677 369 672 534 446 146 320 140 57 229 56 101 51 69 73 35 33 67 98 121 55 1056 25 22 21 19 79 25 17 46 19 10 9 9 9 8 
0.534071 1e+07 1e+07 1e+07 1e+07 1e+07 1e+07 1e+07 1e+07 1e+07 1e+07 1e+07 1e+07 1e+07 1e+07 1e+07 1e+07 1e+07 1e+07 1e+07 1e+07 1e+07 1e+07 1e+07 1e+07 8.5128e+06 6.9265e+06 8.18747e+06 1.70781e+06 3.64983e+06 1.49229e+06 3.84739e+06 2.88579e+06 737725 3.83061e+06 616623 1.30103e+06 858251 539235 547744 505881 501655 644676 434245 966756 777108 91365 138440 2.34324e+06 30385 244251 137933 48150 100455 48009 2636 4039 8057 6845 5724 13350 880 2552 3662 334 753 2733 572 349 224 217 470 144 191 159 163 39 105 66 73 30 55 415 61 54 49 68 38 22 23 92 19 15 19 10 9 9 8 8 8 8 
