epsilon_k[0]0.1
epsilon_k[0]2.18e-05
epsilon_k[0]7.08e-05
epsilon_k[0]2.54e-05
epsilon_k[0]1e-05
epsilon_k[0]7.8e-06
epsilon_k[0]0.218
omega_x01.94779
omega_y02.01062
dx 0.01
n_theta 100
dtheta 0.00785398
epsilon 2
max_turns 10000000
from_angle 16
to_angle 24
0.125664 1e+07 1e+07 1e+07 1e+07 6584 4879 4796 4796 1547 1301 1301 601 
0.133518 1e+07 1e+07 1e+07 1e+07 6721 4847 4789 4789 1628 1301 1301 599 
0.141372 1e+07 1e+07 1e+07 1e+07 7045 4814 4778 4778 1707 1305 1305 598 
0.149226 1e+07 1e+07 1e+07 1e+07 7380 4799 4776 4776 2408 1323 1323 597 
0.15708 1e+07 1e+07 1e+07 1e+07 7614 4797 4775 4775 2173 1319 1319 597 
0.164934 1e+07 1e+07 1e+07 1e+07 8319 4796 4775 4775 2454 1303 1303 597 
0.172788 1e+07 1e+07 1e+07 1e+07 10005 4794 4775 4775 2256 1301 1301 597 
0.180642 1e+07 1e+07 1e+07 1e+07 16152 4796 4778 4778 2209 1304 1304 597 
