epsilon_k[0]0.1
epsilon_k[0]2.18e-05
epsilon_k[0]7.08e-05
epsilon_k[0]2.54e-05
epsilon_k[0]1e-05
epsilon_k[0]7.8e-06
epsilon_k[0]0.218
omega_x01.75929
omega_y01.94779
dx 0.01
n_theta 100
dtheta 0.00785398
epsilon 32
max_turns 10000000
from_angle 8
to_angle 16
0.0628319 1e+07 10886 5623 2644 1804 1157 1080 745 
0.0706858 1e+07 10886 5388 2635 1802 1155 1097 747 
0.0785398 1e+07 10893 5120 2660 1803 1152 1152 815 
0.0863938 1e+07 10890 5072 2763 1871 1153 1153 876 
0.0942478 1e+07 10895 4969 2765 1907 1156 1156 775 
0.102102 1e+07 10937 4967 2950 1922 1166 1166 778 
0.109956 1e+07 10988 4962 3096 1957 1199 1199 783 
0.11781 1e+07 11056 4960 3915 2221 1215 1215 785 
0.125664 1e+07 11065 4961 3783 2292 1205 1205 783 
