epsilon_k[0]0.1
epsilon_k[0]2.18e-05
epsilon_k[0]7.08e-05
epsilon_k[0]2.54e-05
epsilon_k[0]1e-05
epsilon_k[0]7.8e-06
epsilon_k[0]0.218
omega_x01.75929
omega_y01.94779
dx 0.01
n_theta 100
dtheta 0.00785398
epsilon 12
max_turns 10000000
from_angle 48
to_angle 56
0.376991 1e+07 38505 38505 9229 5248 4763 2170 1412 1412 1412 927 
0.384845 1e+07 38542 38542 8787 5384 4739 2002 1392 1392 1392 820 
0.392699 1e+07 38575 38575 8759 5204 4636 2003 1355 1355 1355 811 
0.400553 1e+07 38619 38619 8713 4614 4614 2061 1336 1336 1336 797 
0.408407 1e+07 38644 30464 8491 4536 4536 1921 1317 1317 1317 798 
0.416261 1e+07 38693 28779 9187 4739 4563 1913 1311 1311 1311 837 
0.424115 1e+07 39700 28678 10852 5087 3942 1667 1305 1305 1272 774 
0.431969 1e+07 39480 28680 10259 4517 3578 1668 1303 1303 1201 745 
