epsilon_k[0] 0.0001
epsilon_k[1] 2.18e-05
epsilon_k[2] 7.08e-05
epsilon_k[3] 2.54e-05
epsilon_k[4] 1e-05
epsilon_k[5] 7.8e-06
epsilon_k[6] 2.18e-05
omega_x0 0.168
omega_y0 0.201
dx 0.01
n_theta 100
dtheta 0.015708
epsilon 28
max_turns 10000000
from_angle 80
to_angle 85
1.25664 1e+07 1e+07 1e+07 1e+07 1e+07 1e+07 1e+07 1e+07 1e+07 1e+07 1e+07 1e+07 1e+07 1e+07 1e+07 1e+07 1e+07 1e+07 1e+07 1e+07 1e+07 1e+07 1e+07 1e+07 1e+07 1e+07 1e+07 1e+07 1e+07 1e+07 1e+07 1e+07 1e+07 1e+07 1e+07 1e+07 1e+07 1e+07 1.17786e+06 457448 242817 36927 12125 23221 40372 7138 5286 8022 10228 2642 10310 1730 1275 2289 318 127 597 109 124 78 163 32 78 46 95 267 210 64 212 69 166 18 45 46 15 161 9 8 8 7 7 7 7 7 6 6 6 6 6 6 6 6 6 6 6 6 6 5 5 5 
1.27235 1e+07 1e+07 1e+07 1e+07 1e+07 1e+07 1e+07 1e+07 1e+07 1e+07 1e+07 1e+07 1e+07 1e+07 1e+07 1e+07 1e+07 1e+07 1e+07 1e+07 1e+07 1e+07 1e+07 1e+07 1e+07 1e+07 1e+07 1e+07 1e+07 1e+07 1e+07 1e+07 1e+07 1e+07 1e+07 1e+07 1e+07 1e+07 353765 424696 250743 249358 40714 170660 239526 10749 14500 21106 7896 3895 6708 7690 2675 2398 289 549 2107 341 100 249 139 124 151 152 33 44 153 32 484 68 84 506 17 36 26 15 17 9 8 8 7 7 7 7 7 6 6 6 6 6 6 6 6 6 6 6 6 6 5 5 
1.28805 1e+07 1e+07 1e+07 1e+07 1e+07 1e+07 1e+07 1e+07 1e+07 1e+07 1e+07 1e+07 1e+07 1e+07 1e+07 1e+07 1e+07 1e+07 1e+07 1e+07 1e+07 1e+07 1e+07 1e+07 1e+07 1e+07 1e+07 1e+07 1e+07 1e+07 1e+07 1e+07 1e+07 1e+07 1e+07 1e+07 1.44074e+06 701196 4.61157e+06 539276 629682 186759 239461 284457 118420 128946 15810 1513 5819 11071 3768 8297 998 986 612 298 961 275 599 135 97 35 5059 60 285 129 73 63 43 50 57 168 66 20 43 37 15 293 9 8 8 7 7 7 7 7 7 6 6 6 6 6 6 6 6 6 6 6 6 6 
1.30376 1e+07 1e+07 1e+07 1e+07 1e+07 1e+07 1e+07 1e+07 1e+07 1e+07 1e+07 1e+07 1e+07 1e+07 1e+07 1e+07 1e+07 1e+07 1e+07 1e+07 1e+07 1e+07 1e+07 1e+07 1e+07 1e+07 1e+07 1e+07 1e+07 1e+07 1e+07 1e+07 1e+07 1e+07 1e+07 1e+07 5.32038e+06 3.65034e+06 1e+07 945061 2.29065e+06 129937 190931 16647 82263 5568 52194 337240 1464 2453 10175 3963 890 1589 850 1046 769 450 2228 613 87 112 39 77 90 156 93 295 63 85 255 48 29 41 44 30 22 33 24 9 8 8 7 7 7 7 7 7 6 6 6 6 6 6 6 6 6 6 6 6 
1.31947 1e+07 1e+07 1e+07 1e+07 1e+07 1e+07 1e+07 1e+07 1e+07 1e+07 1e+07 1e+07 1e+07 1e+07 1e+07 1e+07 1e+07 1e+07 1e+07 1e+07 1e+07 1e+07 1e+07 1e+07 1e+07 1e+07 1e+07 1e+07 1e+07 1e+07 1e+07 1e+07 1e+07 1e+07 1e+07 1e+07 1e+07 3.70411e+06 1.89576e+06 754615 819691 487903 1.21822e+06 68656 83370 6600 8199 113066 28722 1794 3613 14610 7009 889 390 1717 404 729 1493 2053 95 387 25 38 388 331 179 162 37 31 103 51 158 21 42 51 16 14 40 15 136 9 8 8 7 7 7 7 7 7 6 6 6 6 6 6 6 6 6 6 
1.33518 1e+07 1e+07 1e+07 1e+07 1e+07 1e+07 1e+07 1e+07 1e+07 1e+07 1e+07 1e+07 1e+07 1e+07 1e+07 1e+07 1e+07 1e+07 1e+07 1e+07 1e+07 1e+07 1e+07 1e+07 1e+07 1e+07 1e+07 1e+07 1e+07 1e+07 1e+07 1e+07 1e+07 1e+07 1e+07 1e+07 1e+07 5.76266e+06 8.07923e+06 2.60396e+06 405187 204900 480548 324142 548513 89729 20657 30642 4937 11490 3229 12493 3229 3327 688 200 331 1055 3220 1132 123 337 42 26 211 41 26 84 104 35 42 57 648 22 17 17 23 29 27 15 23 21 19 9 8 8 7 7 7 7 7 7 6 6 6 6 6 6 6 6 
