epsilon_k[0]0.1
epsilon_k[0]2.18e-05
epsilon_k[0]7.08e-05
epsilon_k[0]2.54e-05
epsilon_k[0]1e-05
epsilon_k[0]7.8e-06
epsilon_k[0]0.218
omega_x01.05558
omega_y01.26292
dx 0.01
n_theta 100
dtheta 0.00785398
epsilon 4
max_turns 10000000
from_angle 16
to_angle 24
0.125664 1e+07 1e+07 3431 2721 2005 1060 607 
0.133518 1e+07 1.25557e+06 3431 2723 2006 1060 623 
0.141372 1e+07 1e+07 3431 2721 2007 1060 700 
0.149226 1e+07 1e+07 3431 2725 2143 1060 629 
0.15708 1e+07 1e+07 3431 2757 2138 1062 629 
0.164934 1e+07 1e+07 3431 2758 2194 1138 630 
0.172788 1e+07 1.51529e+06 3431 2795 2211 1139 654 
0.180642 1e+07 905718 3431 2722 2209 1281 742 
