epsilon_k[0] 0.0001
epsilon_k[1] 2.18e-05
epsilon_k[2] 7.08e-05
epsilon_k[3] 2.54e-05
epsilon_k[4] 1e-05
epsilon_k[5] 7.8e-06
epsilon_k[6] 2.18e-05
omega_x0 0.28
omega_y0 0.31
dx 0.01
epsilon 64
max_turns 10000000
from_y 0
to_y 8
0 1e+07 1e+07 1e+07 1e+07 1e+07 1e+07 1e+07 1e+07 1e+07 1e+07 1e+07 1e+07 1e+07 1e+07 1e+07 1e+07 1e+07 1e+07 1e+07 1e+07 1e+07 1e+07 1e+07 1e+07 1e+07 1e+07 1e+07 1e+07 1e+07 1e+07 1e+07 1e+07 1e+07 1e+07 1e+07 1e+07 1e+07 1e+07 1e+07 1e+07 1e+07 1e+07 1e+07 1e+07 1e+07 1e+07 1e+07 1.66718e+06 1.38332e+06 87220 1.91005e+06 34191 318984 47359 21825 197467 54892 13422 2940 8873 3885 407 185 176 132 127 90 41 56 26 18 18 34 20 15 15 14 14 14 14 
0.01 1e+07 1e+07 1e+07 1e+07 1e+07 1e+07 1e+07 1e+07 1e+07 1e+07 1e+07 1e+07 1e+07 1e+07 1e+07 1e+07 1e+07 1e+07 1e+07 1e+07 1e+07 1e+07 1e+07 1e+07 1e+07 1e+07 1e+07 1e+07 1e+07 1e+07 1e+07 1e+07 1e+07 1e+07 1e+07 1e+07 1e+07 1e+07 1e+07 1e+07 4.42742e+06 1e+07 156266 8704 1755 887 67 45 38 35 35 29 29 28 28 32 47 30 29 26 22 24 19 19 18 18 18 19 18 16 15 15 14 14 13 13 13 13 13 13 
0.02 1e+07 1e+07 1e+07 1e+07 1e+07 1e+07 1e+07 1e+07 1e+07 1e+07 1e+07 1e+07 1e+07 1e+07 1e+07 1e+07 1e+07 1e+07 1e+07 1e+07 1e+07 1e+07 1e+07 1e+07 1e+07 1e+07 1e+07 1e+07 1e+07 1e+07 1e+07 1e+07 1e+07 1e+07 1e+07 1e+07 1e+07 1e+07 1e+07 1e+07 3.86839e+06 1.06085e+06 17382 1759 892 849 37 34 29 28 42 29 23 22 21 21 21 20 20 20 19 18 18 17 17 17 17 17 15 14 14 13 13 12 12 12 12 12 12 12 
0.03 1e+07 1e+07 1e+07 1e+07 1e+07 1e+07 1e+07 1e+07 1e+07 1e+07 1e+07 1e+07 1e+07 1e+07 1e+07 1e+07 1e+07 1e+07 1e+07 1e+07 1e+07 1e+07 1e+07 1e+07 1e+07 1e+07 1e+07 1e+07 1e+07 544310 1e+07 1e+07 8.03521e+06 135921 1e+07 1e+07 1e+07 1e+07 1e+07 1e+07 499175 567767 1.33742e+06 1744 898 41 30 29 29 23 22 21 21 20 20 20 21 28 24 21 21 21 21 22 31 22 18 15 13 13 12 12 12 12 11 11 11 11 11 11 
0.04 1e+07 1e+07 1e+07 1e+07 1e+07 1e+07 1e+07 1e+07 1e+07 1e+07 1e+07 1e+07 1e+07 1e+07 1e+07 1e+07 1e+07 1e+07 1e+07 1e+07 1e+07 1e+07 1e+07 1e+07 1.86813e+06 1e+07 777858 1e+07 1e+07 8.30096e+06 1e+07 30196 202625 105806 246240 1e+07 1e+07 1e+07 1e+07 1e+07 275227 106815 1e+07 1777 40 31 39 27 22 21 21 20 21 27 24 21 17 16 15 15 15 15 15 16 18 15 14 13 12 12 12 11 11 11 11 11 11 11 10 10 
0.05 1e+07 1e+07 1e+07 1e+07 1e+07 1e+07 1e+07 1e+07 1e+07 1e+07 1e+07 1e+07 1e+07 1e+07 1e+07 1e+07 1e+07 1e+07 1e+07 1e+07 1e+07 1e+07 1e+07 1e+07 754403 6.51612e+06 2.00802e+06 114712 1e+07 32944 1.94272e+06 136483 280214 109264 1.54404e+06 769713 1e+07 1.28764e+06 2.96898e+06 4.83025e+06 187532 28659 2629 60 33 34 27 22 21 21 22 27 27 18 16 15 15 15 14 14 14 14 15 15 14 14 13 12 12 11 11 11 11 11 11 10 10 10 10 10 
0.06 1e+07 1e+07 1e+07 1e+07 1e+07 1e+07 1e+07 1e+07 1e+07 1e+07 1e+07 1e+07 1e+07 1e+07 1e+07 1e+07 1e+07 1e+07 1e+07 1e+07 1e+07 1e+07 1e+07 1e+07 1.37337e+06 512056 198019 47829 1e+07 57332 1e+07 39667 113431 37967 63042 6.88186e+06 1e+07 2.21684e+06 1.0987e+06 5.59245e+06 975863 38236 883 35 35 26 23 22 24 27 21 19 16 15 15 14 14 14 14 14 14 14 14 13 14 12 12 12 11 11 11 11 11 10 10 10 10 10 10 10 
0.07 1e+07 1e+07 1e+07 1e+07 1e+07 1e+07 1e+07 1e+07 1e+07 1e+07 1e+07 1e+07 1e+07 1e+07 1e+07 1e+07 1e+07 1e+07 1e+07 1e+07 1e+07 1e+07 1e+07 1.36037e+06 5.96227e+06 5.0421e+06 151068 230105 1e+07 52132 35753 3548 74096 7607 6546 219284 510422 811222 4.39404e+06 179129 39965 8722 756 38 25 24 24 48 22 20 17 16 15 15 14 14 14 13 13 13 13 13 13 13 12 12 12 11 11 11 11 11 11 10 10 10 10 10 10 10 
