epsilon_k[0] 0.1
epsilon_k[0] 2.18e-05
epsilon_k[0] 7.08e-05
epsilon_k[0] 2.54e-05
epsilon_k[0] 1e-05
epsilon_k[0] 7.8e-06
epsilon_k[0] 0.218
omega_x0 0.31
omega_y0 0.32
dx 0.01
n_theta 100
dtheta 0.00785398
epsilon 6
max_turns 10000000
from_angle 88
to_angle 96
0.69115 1e+07 1e+07 30276 10537 7933 2537 1098 652 
0.699004 1e+07 1e+07 29635 10088 6197 3098 1634 652 
0.706858 1e+07 1e+07 32840 16692 4537 3574 1569 652 
0.714712 1e+07 1e+07 32311 12603 4582 2993 1087 655 
0.722566 1e+07 1e+07 32238 19105 5721 3167 1064 650 
0.73042 1e+07 1e+07 33185 33185 11481 4272 1063 640 
0.738274 1e+07 1e+07 72168 18425 8123 4535 1065 632 
0.746128 1e+07 1e+07 50891 28433 8229 4616 1584 632 
0.753982 1e+07 1e+07 47063 19394 19394 4244 1480 636 
