epsilon_k[0] 0.0001
epsilon_k[1] 2.18e-05
epsilon_k[2] 7.08e-05
epsilon_k[3] 2.54e-05
epsilon_k[4] 1e-05
epsilon_k[5] 7.8e-06
epsilon_k[6] 2.18e-05
omega_x0 0.168
omega_y0 0.201
dx 0.01
n_theta 100
dtheta 0.015708
epsilon 52
max_turns 10000000
from_angle 30
to_angle 40
0.471239 1e+07 1e+07 1e+07 1e+07 1e+07 1e+07 1e+07 1e+07 1e+07 1e+07 1e+07 1e+07 1e+07 1e+07 1e+07 1e+07 1e+07 1e+07 1e+07 1e+07 1e+07 1e+07 1e+07 1e+07 1e+07 1e+07 8.14254e+06 8.14254e+06 2.21346e+06 1.39152e+06 1.39152e+06 1.39152e+06 1.39152e+06 1.39152e+06 1.39152e+06 1.39152e+06 1.10094e+06 1.10094e+06 1.10094e+06 1.10094e+06 586206 311243 311243 311243 311243 110493 110493 110493 110493 110493 63430 51597 51597 11585 11585 4456 3054 3054 3054 1978 1978 1978 929 
0.486947 1e+07 1e+07 1e+07 1e+07 1e+07 1e+07 1e+07 1e+07 1e+07 1e+07 1e+07 1e+07 1e+07 1e+07 1e+07 1e+07 1e+07 1e+07 1e+07 1e+07 1e+07 1e+07 1e+07 1e+07 1e+07 1e+07 8.89763e+06 8.89763e+06 8.89763e+06 6.26709e+06 6.26709e+06 5.46097e+06 5.46097e+06 2.18646e+06 2.18646e+06 2.18646e+06 2.18646e+06 1.72212e+06 1.72212e+06 1.72212e+06 1.72212e+06 1.72212e+06 1.42175e+06 1.42175e+06 417662 417662 417662 417662 417662 417662 148954 148954 38666 37278 37278 5205 5205 5205 5205 3320 1628 1628 751 
0.502655 1e+07 1e+07 1e+07 1e+07 1e+07 1e+07 1e+07 1e+07 1e+07 1e+07 1e+07 1e+07 1e+07 1e+07 1e+07 1e+07 1e+07 1e+07 1e+07 1e+07 1e+07 1e+07 1e+07 1e+07 1e+07 1e+07 1e+07 1.85775e+06 1.85775e+06 1.85775e+06 1.85775e+06 1.85775e+06 1.35569e+06 1.35569e+06 1.35569e+06 1.35569e+06 1.35569e+06 675083 675083 675083 675083 675083 675083 675083 362512 362512 251207 251207 54878 54878 54878 54878 54878 54878 41479 7179 6218 4991 4991 1628 1628 1294 433 
0.518363 1e+07 1e+07 1e+07 1e+07 1e+07 1e+07 1e+07 1e+07 1e+07 1e+07 1e+07 1e+07 1e+07 1e+07 1e+07 1e+07 1e+07 1e+07 1e+07 1e+07 1e+07 1e+07 1e+07 1e+07 1e+07 1e+07 1e+07 1e+07 1e+07 1e+07 3.7228e+06 3.7228e+06 3.36693e+06 3.36693e+06 859830 859830 859830 859830 859830 795728 653359 653359 653359 653359 653359 653359 242591 179722 179722 179722 120224 120224 46943 17872 17872 17872 9762 3205 3205 541 
0.534071 1e+07 1e+07 1e+07 1e+07 1e+07 1e+07 1e+07 1e+07 1e+07 1e+07 1e+07 1e+07 1e+07 1e+07 1e+07 1e+07 1e+07 1e+07 1e+07 1e+07 1e+07 1e+07 1e+07 1e+07 1e+07 1e+07 1e+07 4.17744e+06 1.92059e+06 1.92059e+06 1.92059e+06 1.92059e+06 1.92059e+06 1.92059e+06 1.92059e+06 1.54538e+06 1.54538e+06 1.54538e+06 1.54538e+06 1.15042e+06 1.15042e+06 1.15042e+06 1.15042e+06 1.15042e+06 990209 990209 199748 199748 199748 199748 199748 56939 43845 39069 39069 6399 3571 1865 1865 1865 1524 1524 1524 503 
0.549779 1e+07 1e+07 1e+07 1e+07 1e+07 1e+07 1e+07 1e+07 1e+07 1e+07 1e+07 1e+07 1e+07 1e+07 1e+07 1e+07 1e+07 1e+07 1e+07 1e+07 1e+07 1e+07 1e+07 1e+07 1e+07 1e+07 1e+07 1e+07 3.66365e+06 3.66365e+06 3.66365e+06 2.41665e+06 2.41665e+06 2.41665e+06 606950 606950 606950 606950 606950 606950 606950 606950 606950 561490 345135 345135 330534 330534 330534 330534 126030 126030 61660 61660 16688 16688 9445 3871 3871 1295 474 
0.565487 1e+07 1e+07 1e+07 1e+07 1e+07 1e+07 1e+07 1e+07 1e+07 1e+07 1e+07 1e+07 1e+07 1e+07 1e+07 1e+07 1e+07 1e+07 1e+07 1e+07 1e+07 1e+07 1e+07 1e+07 1e+07 1e+07 1e+07 1e+07 5.96162e+06 2.1874e+06 2.1874e+06 2.1874e+06 2.1874e+06 2.1874e+06 2.15198e+06 702360 702360 702360 702360 702360 702360 702360 702360 702360 574715 574715 574715 574715 121306 121306 106869 106869 75177 14631 14631 5253 5253 2858 983 
0.581195 1e+07 1e+07 1e+07 1e+07 1e+07 1e+07 1e+07 1e+07 1e+07 1e+07 1e+07 1e+07 1e+07 1e+07 1e+07 1e+07 1e+07 1e+07 1e+07 1e+07 1e+07 1e+07 1e+07 1e+07 1e+07 1e+07 1e+07 1e+07 1e+07 5.10876e+06 2.20924e+06 2.20924e+06 1.8997e+06 1.8997e+06 1.24038e+06 1.24038e+06 1.24038e+06 1.24038e+06 1.24038e+06 1.24038e+06 1.24038e+06 385640 385640 385640 385640 385640 268683 268683 80791 80791 80791 80791 21151 21151 21151 15052 4837 4837 2904 2904 605 
0.596903 1e+07 1e+07 1e+07 1e+07 1e+07 1e+07 1e+07 1e+07 1e+07 1e+07 1e+07 1e+07 1e+07 1e+07 1e+07 1e+07 1e+07 1e+07 1e+07 1e+07 1e+07 1e+07 1e+07 1e+07 1e+07 1e+07 6.90639e+06 6.90639e+06 6.90639e+06 6.90639e+06 3.90672e+06 3.90672e+06 3.90672e+06 1.56072e+06 1.56072e+06 650690 650690 650690 650690 623222 623222 623222 469929 317563 317563 317563 317563 317563 202121 202121 202121 202121 28564 28564 7323 7323 7323 5649 1457 1060 542 
0.612611 1e+07 1e+07 1e+07 1e+07 1e+07 1e+07 1e+07 1e+07 1e+07 1e+07 1e+07 1e+07 1e+07 1e+07 1e+07 1e+07 1e+07 1e+07 1e+07 1e+07 1e+07 1e+07 1e+07 1e+07 1e+07 1e+07 1e+07 1e+07 1e+07 1e+07 3.20726e+06 3.20726e+06 3.0425e+06 3.0425e+06 3.0425e+06 1.6221e+06 1.6221e+06 1.6221e+06 1.6221e+06 1.6221e+06 775797 775797 775797 775797 105992 105992 105992 105992 87569 87569 87569 82533 17724 4226 4226 2901 2901 2901 2017 2017 1160 1160 1160 105 
