epsilon_k[0] 0.1
epsilon_k[0] 2.18e-05
epsilon_k[0] 7.08e-05
epsilon_k[0] 2.54e-05
epsilon_k[0] 1e-05
epsilon_k[0] 7.8e-06
epsilon_k[0] 0.218
omega_x0 0.31
omega_y0 0.32
dx 0.01
n_theta 100
dtheta 0.00785398
epsilon 64
max_turns 10000000
from_angle 32
to_angle 40
0.251327 1e+07 74860 21170 7903 4722 4722 2599 912 
0.259181 1e+07 70951 21191 7905 4769 4769 2629 923 
0.267035 1e+07 70803 21188 7981 4770 4770 2803 938 
0.274889 1e+07 70761 21188 8030 4841 4841 3003 937 
0.282743 1e+07 70878 21171 8027 4949 4949 2857 985 
0.290597 1e+07 67294 21173 8041 5348 5348 2605 1209 826 
0.298451 1e+07 66143 21280 8085 5340 5340 2477 1013 812 
0.306305 1e+07 63252 21207 8166 5368 5075 2259 965 
