epsilon_k[0] 0.0001
epsilon_k[1] 2.18e-05
epsilon_k[2] 7.08e-05
epsilon_k[3] 2.54e-05
epsilon_k[4] 1e-05
epsilon_k[5] 7.8e-06
epsilon_k[6] 2.18e-05
omega_x0 0.168
omega_y0 0.201
dx 0.01
n_theta 100
dtheta 0.015708
epsilon 32
max_turns 10000000
from_angle 80
to_angle 85
1.25664 1e+07 1e+07 1e+07 1e+07 1e+07 1e+07 1e+07 1e+07 1e+07 1e+07 1e+07 1e+07 1e+07 1e+07 1e+07 1e+07 1e+07 1e+07 1e+07 1e+07 1e+07 1e+07 1e+07 1e+07 1e+07 1e+07 1e+07 1e+07 1e+07 1e+07 1e+07 1e+07 1e+07 1e+07 1e+07 1.90186e+06 1.94746e+06 1e+07 2.17771e+06 1.2213e+06 2.29338e+06 21404 21831 9983 24042 8724 14551 6451 8450 4303 3016 816 1236 229 221 263 333 145 423 153 53 32 51 33 156 187 100 116 241 81 212 46 20 84 16 25 9 8 8 7 7 7 7 7 6 6 6 6 6 6 6 6 6 6 6 6 6 5 5 5 
1.27235 1e+07 1e+07 1e+07 1e+07 1e+07 1e+07 1e+07 1e+07 1e+07 1e+07 1e+07 1e+07 1e+07 1e+07 1e+07 1e+07 1e+07 1e+07 1e+07 1e+07 1e+07 1e+07 1e+07 1e+07 1e+07 1e+07 1e+07 1e+07 1e+07 1e+07 1e+07 1e+07 1e+07 1e+07 1e+07 6.60922e+06 3.63251e+06 3.11825e+06 2.14974e+06 569526 476292 3.48524e+06 228918 13548 119040 5001 16200 20809 45248 6046 4648 4396 582 600 679 408 299 309 151 75 998 214 165 59 35 81 194 38 90 106 90 39 21 30 108 15 20 9 8 8 7 7 7 7 7 6 6 6 6 6 6 6 6 6 6 6 6 6 5 5 
1.28805 1e+07 1e+07 1e+07 1e+07 1e+07 1e+07 1e+07 1e+07 1e+07 1e+07 1e+07 1e+07 1e+07 1e+07 1e+07 1e+07 1e+07 1e+07 1e+07 1e+07 1e+07 1e+07 1e+07 1e+07 1e+07 1e+07 1e+07 1e+07 1e+07 1e+07 1e+07 1e+07 1e+07 1e+07 1e+07 1e+07 3.66504e+06 2.74026e+06 6.47007e+06 1.32482e+06 492090 356771 305538 10137 42518 17924 5400 17422 5238 10868 5955 23344 1495 2203 277 252 351 721 433 586 1661 42 131 54 75 48 36 50 65 127 71 33 68 22 28 47 15 24 9 8 8 7 7 7 7 7 7 6 6 6 6 6 6 6 6 6 6 6 6 6 
1.30376 1e+07 1e+07 1e+07 1e+07 1e+07 1e+07 1e+07 1e+07 1e+07 1e+07 1e+07 1e+07 1e+07 1e+07 1e+07 1e+07 1e+07 1e+07 1e+07 1e+07 1e+07 1e+07 1e+07 1e+07 1e+07 1e+07 1e+07 1e+07 1e+07 1e+07 1e+07 1e+07 1e+07 1e+07 1e+07 4.32088e+06 1.96134e+06 1.10633e+06 4.00541e+06 1.75874e+06 318342 1.2282e+06 79746 108559 25630 58121 7500 10242 15518 3316 4104 2647 6927 2364 1161 375 456 604 306 302 167 33 33 254 60 30 37 140 94 109 56 108 36 149 33 49 17 43 17 10 8 8 8 7 7 7 7 7 6 6 6 6 6 6 6 6 6 6 6 6 
1.31947 1e+07 1e+07 1e+07 1e+07 1e+07 1e+07 1e+07 1e+07 1e+07 1e+07 1e+07 1e+07 1e+07 1e+07 1e+07 1e+07 1e+07 1e+07 1e+07 1e+07 1e+07 1e+07 1e+07 1e+07 1e+07 1e+07 1e+07 1e+07 1e+07 1e+07 1e+07 1e+07 1e+07 1e+07 1e+07 6.1317e+06 9.57224e+06 3.7394e+06 3.10204e+06 1.3524e+06 450551 592289 692619 55732 276541 31392 6854 8020 2063 2657 2687 884 846 741 1221 369 651 765 434 3631 174 164 25 30 251 261 42 199 52 51 283 33 37 21 27 23 16 14 32 14 30 9 8 8 7 7 7 7 7 7 6 6 6 6 6 6 6 6 6 6 
1.33518 1e+07 1e+07 1e+07 1e+07 1e+07 1e+07 1e+07 1e+07 1e+07 1e+07 1e+07 1e+07 1e+07 1e+07 1e+07 1e+07 1e+07 1e+07 1e+07 1e+07 1e+07 1e+07 1e+07 1e+07 1e+07 1e+07 1e+07 1e+07 1e+07 1e+07 1e+07 1e+07 1e+07 1e+07 1e+07 1e+07 1e+07 1e+07 1.70429e+06 9.20182e+06 817421 6.59469e+06 765477 138670 19455 162201 30249 15579 7093 12784 20473 2919 70070 5396 923 452 275 474 393 306 234 138 89 25 149 35 24 54 81 34 28 36 89 76 18 17 20 29 21 14 27 15 19 9 8 8 7 7 7 7 7 7 6 6 6 6 6 6 6 6 
