epsilon_k[0] 0.0001
epsilon_k[1] 2.18e-05
epsilon_k[2] 7.08e-05
epsilon_k[3] 2.54e-05
epsilon_k[4] 1e-05
epsilon_k[5] 7.8e-06
epsilon_k[6] 2.18e-05
omega_x0 0.168
omega_y0 0.201
dx 0.01
n_theta 100
dtheta 0.015708
epsilon 64
max_turns 10000000
from_angle 65
to_angle 70
1.02102 1e+07 1e+07 1e+07 1e+07 1e+07 1e+07 1e+07 1e+07 1e+07 1e+07 1e+07 1e+07 1e+07 1e+07 1e+07 1e+07 1e+07 1e+07 1e+07 1e+07 1e+07 1e+07 1e+07 1e+07 1e+07 1e+07 1e+07 1e+07 1e+07 1e+07 1e+07 1e+07 1e+07 1e+07 1e+07 1e+07 1.11681e+06 204867 561513 27448 65566 14423 74000 18528 18966 6999 6620 2472 11724 711 2710 2072 1916 1774 740 1131 1718 1239 713 175 117 43 30 166 28 19 41 356 38 38 82 62 15 73 49 16 9 8 8 7 7 7 7 6 6 6 6 6 6 6 6 6 6 6 5 5 5 5 5 5 
1.03673 1e+07 1e+07 1e+07 1e+07 1e+07 1e+07 1e+07 1e+07 1e+07 1e+07 1e+07 1e+07 1e+07 1e+07 1e+07 1e+07 1e+07 1e+07 1e+07 1e+07 1e+07 1e+07 1e+07 1e+07 1e+07 1e+07 1e+07 1e+07 1e+07 1e+07 1e+07 1e+07 1e+07 5.07513e+06 2.92238e+06 732738 373394 744120 310033 157200 33101 32377 15604 112270 21494 2051 4993 8331 1421 3142 9438 1179 1086 990 256 2073 918 278 342 1515 376 475 31 203 19 24 328 48 202 38 51 36 15 24 21 10 8 8 7 7 7 7 6 6 6 6 6 6 6 6 6 6 6 5 5 5 5 5 5 5 
1.05243 1e+07 1e+07 1e+07 1e+07 1e+07 1e+07 1e+07 1e+07 1e+07 1e+07 1e+07 1e+07 1e+07 1e+07 1e+07 1e+07 1e+07 1e+07 1e+07 1e+07 1e+07 1e+07 1e+07 1e+07 1e+07 1e+07 1e+07 1e+07 1e+07 1e+07 1e+07 1e+07 7.68681e+06 2.25016e+06 1.11194e+06 598256 376841 107337 172055 106841 22007 36510 9793 2201 4422 3691 31066 5850 4432 14691 2855 1801 5582 517 624 1628 554 835 185 278 59 144 85 25 20 33 121 63 266 123 52 15 90 34 16 9 8 7 7 7 7 7 6 6 6 6 6 6 6 6 6 6 5 5 5 5 5 5 5 5 
1.06814 1e+07 1e+07 1e+07 1e+07 1e+07 1e+07 1e+07 1e+07 1e+07 1e+07 1e+07 1e+07 1e+07 1e+07 1e+07 1e+07 1e+07 1e+07 1e+07 1e+07 1e+07 1e+07 1e+07 1e+07 1e+07 1e+07 1e+07 1e+07 1e+07 1e+07 1e+07 1e+07 3.06456e+06 2.01793e+06 2.95206e+06 1e+07 639160 186037 54366 33891 444159 8503 57093 2798 10110 2404 7258 4509 1792 1123 1981 4653 751 648 365 352 410 221 340 5709 297 207 43 49 37 128 46 37 111 24 22 16 112 24 10 8 8 7 7 7 7 7 6 6 6 6 6 6 6 6 6 6 5 5 5 5 5 5 5 5 
1.08385 1e+07 1e+07 1e+07 1e+07 1e+07 1e+07 1e+07 1e+07 1e+07 1e+07 1e+07 1e+07 1e+07 1e+07 1e+07 1e+07 1e+07 1e+07 1e+07 1e+07 1e+07 1e+07 1e+07 1e+07 1e+07 1e+07 1e+07 1e+07 1e+07 1e+07 1e+07 1e+07 9.92497e+06 1e+07 1.77093e+06 314456 9.78735e+06 30836 294624 27058 23789 28512 8619 2783 6759 3551 5174 3540 8898 1897 6311 1470 253 708 389 1277 5797 135 123 675 43 658 125 52 25 91 124 58 68 201 59 90 34 108 9 8 8 7 7 7 7 6 6 6 6 6 6 6 6 6 6 6 5 5 5 5 5 5 5 5 
1.09956 1e+07 1e+07 1e+07 1e+07 1e+07 1e+07 1e+07 1e+07 1e+07 1e+07 1e+07 1e+07 1e+07 1e+07 1e+07 1e+07 1e+07 1e+07 1e+07 1e+07 1e+07 1e+07 1e+07 1e+07 1e+07 1e+07 1e+07 1e+07 1e+07 1e+07 1e+07 1e+07 1e+07 4.2536e+06 1e+07 187883 681000 118134 373524 12248 31502 17379 6094 2844 14776 5421 3972 1649 1560 1504 3385 758 362 1281 867 717 661 107 51 114 159 179 245 25 57 28 34 213 65 45 55 241 19 18 9 8 8 7 7 7 7 6 6 6 6 6 6 6 6 6 6 6 5 5 5 5 5 5 5 5 
