epsilon_k[0] 0.0001
epsilon_k[1] 2.18e-05
epsilon_k[2] 7.08e-05
epsilon_k[3] 2.54e-05
epsilon_k[4] 1e-05
epsilon_k[5] 7.8e-06
epsilon_k[6] 2.18e-05
omega_x0 0.168
omega_y0 0.201
dx 0.01
n_theta 100
dtheta 0.015708
epsilon 20
max_turns 10000000
from_angle 5
to_angle 10
0.0785398 1e+07 1e+07 1e+07 1e+07 1e+07 1e+07 1e+07 1e+07 1e+07 1e+07 1e+07 1e+07 1e+07 1e+07 1e+07 1e+07 1e+07 1e+07 1e+07 1e+07 1e+07 1e+07 1e+07 1e+07 1e+07 1e+07 1e+07 1e+07 1e+07 1e+07 1e+07 1e+07 1e+07 1e+07 1e+07 1e+07 1e+07 1e+07 1e+07 1e+07 1e+07 1e+07 1e+07 1e+07 1e+07 1e+07 4.10534e+06 1e+07 1e+07 1e+07 1e+07 1e+07 1e+07 1e+07 1e+07 1e+07 1e+07 754983 388890 2.19825e+06 54341 27799 10685 5204 11141 7025 5149 6668 10039 5007 3196 36534 5030 12273 1106 611 717 283 218 647 2006 138 304 143 978 298 9 8 7 7 6 6 6 6 6 5 5 5 5 5 
0.0942478 1e+07 1e+07 1e+07 1e+07 1e+07 1e+07 1e+07 1e+07 1e+07 1e+07 1e+07 1e+07 1e+07 1e+07 1e+07 1e+07 1e+07 1e+07 1e+07 1e+07 1e+07 1e+07 1e+07 1e+07 1e+07 1e+07 1e+07 1e+07 1e+07 1e+07 1e+07 1e+07 1e+07 1e+07 1e+07 1e+07 1e+07 1e+07 1e+07 1e+07 1e+07 1e+07 1e+07 1e+07 1e+07 4.18696e+06 2.8445e+06 4.88761e+06 1e+07 1e+07 1e+07 1e+07 1e+07 1e+07 1e+07 9.85754e+06 2.35413e+06 1.55688e+06 1.35654e+06 181860 94763 42380 10481 18178 12050 5544 45129 9635 3755 1668 931 2429 5310 16031 1013 217 751 216 1487 101 586 446 861 55 313 284 202 8 7 7 6 6 6 6 6 5 5 5 5 5 
0.109956 1e+07 1e+07 1e+07 1e+07 1e+07 1e+07 1e+07 1e+07 1e+07 1e+07 1e+07 1e+07 1e+07 1e+07 1e+07 1e+07 1e+07 1e+07 1e+07 1e+07 1e+07 1e+07 1e+07 1e+07 1e+07 1e+07 1e+07 1e+07 1e+07 1e+07 1e+07 1e+07 1e+07 1e+07 1e+07 1e+07 1e+07 1e+07 1e+07 1e+07 1e+07 1e+07 1e+07 1e+07 1e+07 5.68064e+06 2.77392e+06 1.37271e+06 1e+07 1e+07 1e+07 1e+07 1e+07 1e+07 8.80161e+06 7.48101e+06 5.13968e+06 2.28846e+06 2.53396e+06 211155 71294 4908 13163 2780 3839 10678 7286 3853 10478 3907 2103 2987 582 3702 38757 3549 269 78 326 276 101 5812 4490 237 1819 16 17 8 7 7 6 6 6 6 6 6 5 5 5 5 
0.125664 1e+07 1e+07 1e+07 1e+07 1e+07 1e+07 1e+07 1e+07 1e+07 1e+07 1e+07 1e+07 1e+07 1e+07 1e+07 1e+07 1e+07 1e+07 1e+07 1e+07 1e+07 1e+07 1e+07 1e+07 1e+07 1e+07 1e+07 1e+07 1e+07 1e+07 1e+07 1e+07 1e+07 1e+07 1e+07 1e+07 1e+07 1e+07 1e+07 1e+07 1e+07 1e+07 1e+07 1e+07 1e+07 1.00827e+06 1.25517e+06 1.82114e+06 2.75688e+06 1e+07 1e+07 1e+07 1e+07 1e+07 2.84711e+06 1e+07 922149 1.80564e+06 679143 278026 79486 76557 23543 20494 6806 14854 2403 2445 3974 1719 14633 4602 5141 4520 700 916 126 653 478 289 583 209 886 35 49 143 344 11 8 7 7 6 6 6 6 6 5 5 5 5 
0.141372 1e+07 1e+07 1e+07 1e+07 1e+07 1e+07 1e+07 1e+07 1e+07 1e+07 1e+07 1e+07 1e+07 1e+07 1e+07 1e+07 1e+07 1e+07 1e+07 1e+07 1e+07 1e+07 1e+07 1e+07 1e+07 1e+07 1e+07 1e+07 1e+07 1e+07 1e+07 1e+07 1e+07 1e+07 1e+07 1e+07 1e+07 1e+07 1e+07 1e+07 1e+07 1e+07 1e+07 1e+07 1e+07 462567 1.42677e+06 363084 577701 1e+07 1e+07 1e+07 1e+07 1e+07 6.93909e+06 1.12055e+06 1.67825e+06 460446 239794 29321 52219 7297 17583 1527 3115 1733 1805 3737 2548 2162 1687 1692 1426 1302 922 1149 839 272 83 132 165 223 3517 35 99 80 16 17 8 7 7 6 6 6 6 6 6 5 5 5 
0.15708 1e+07 1e+07 1e+07 1e+07 1e+07 1e+07 1e+07 1e+07 1e+07 1e+07 1e+07 1e+07 1e+07 1e+07 1e+07 1e+07 1e+07 1e+07 1e+07 1e+07 1e+07 1e+07 1e+07 1e+07 1e+07 1e+07 1e+07 1e+07 1e+07 1e+07 1e+07 1e+07 1e+07 1e+07 1e+07 1e+07 1e+07 1e+07 1e+07 1e+07 1e+07 1e+07 1e+07 1e+07 1e+07 6.5687e+06 822952 436512 350372 493257 1e+07 1e+07 1e+07 1e+07 8.72113e+06 4.08776e+06 659425 127788 868419 143360 184638 12967 13273 6253 2685 4256 13797 51348 1971 2193 78337 5105 401 399 5665 302 352 163 315 304 589 1533 406 403 34 230 258 126 18 8 7 7 6 6 6 6 6 6 5 5 
