epsilon_k[0] 0.1
epsilon_k[0] 2.18e-05
epsilon_k[0] 7.08e-05
epsilon_k[0] 2.54e-05
epsilon_k[0] 1e-05
epsilon_k[0] 7.8e-06
epsilon_k[0] 0.218
omega_x0 0.168
omega_y0 0.201
dx 0.01
n_theta 100
dtheta 0.00785398
epsilon 6
max_turns 10000000
from_angle 88
to_angle 96
0.69115 1e+07 31795 8202 1709 889 
0.699004 1e+07 32617 8231 1709 903 
0.706858 1e+07 30850 9219 1711 917 
0.714712 1e+07 31770 8583 1779 916 
0.722566 1e+07 31300 9221 1841 989 
0.73042 1e+07 32355 12373 1859 919 
0.738274 1e+07 31447 9208 1946 913 
0.746128 1e+07 29349 8403 1943 909 
0.753982 1e+07 29180 8881 1952 909 
