epsilon_k[0]0.1
epsilon_k[0]2.18e-05
epsilon_k[0]7.08e-05
epsilon_k[0]2.54e-05
epsilon_k[0]1e-05
epsilon_k[0]7.8e-06
epsilon_k[0]0.218
omega_x01.75929
omega_y01.94779
dx 0.01
n_theta 100
dtheta 0.00785398
epsilon 16
max_turns 10000000
from_angle 64
to_angle 72
0.502655 1e+07 2.75867e+06 3218 1983 1305 954 
0.510509 1e+07 116174 3171 1983 1327 965 
0.518363 1e+07 120487 3077 1984 1343 958 
0.526217 1e+07 167523 3012 1979 1339 962 
0.534071 1e+07 1.20746e+06 3067 1985 1306 954 
0.541925 1e+07 774936 3003 1972 1308 946 
0.549779 1e+07 103839 2977 1964 1364 947 
0.557633 1e+07 103547 2966 1962 1304 963 
0.565487 1e+07 328279 2961 1960 1234 942 
