epsilon_k[0] 0.1
epsilon_k[0] 2.18e-05
epsilon_k[0] 7.08e-05
epsilon_k[0] 2.54e-05
epsilon_k[0] 1e-05
epsilon_k[0] 7.8e-06
epsilon_k[0] 0.218
omega_x0 0.168
omega_y0 0.201
dx 0.01
n_theta 100
dtheta 0.00785398
epsilon 2
max_turns 10000000
from_angle 24
to_angle 32
0.188496 1e+07 1e+07 1e+07 1e+07 1e+07 1e+07 1e+07 1e+07 2.16818e+06 2.16818e+06 2.16818e+06 789456 789456 789456 113198 42942 42942 33394 33057 3953 3953 3646 2860 488 
0.19635 1e+07 1e+07 1e+07 1e+07 1e+07 1e+07 1e+07 1e+07 209553 209553 209553 209553 209553 209553 143427 21030 21030 21030 12570 5620 5620 1420 1420 1420 1420 482 
0.204204 1e+07 1e+07 1e+07 1e+07 1e+07 1e+07 1e+07 1e+07 1.1715e+06 1.1715e+06 1.1715e+06 1.1715e+06 402343 402343 161803 66534 25586 25586 13789 11695 11695 1356 480 
0.212058 1e+07 1e+07 1e+07 1e+07 1e+07 1e+07 1e+07 1e+07 3.79322e+06 3.79322e+06 3.79322e+06 2.75401e+06 681088 678343 197148 31804 19497 19497 6630 6630 6630 3012 406 
0.219911 1e+07 1e+07 1e+07 1e+07 1e+07 1e+07 1e+07 1e+07 914394 914394 914394 453967 453967 453967 118549 32523 31734 31734 31734 5545 5545 5545 408 
0.227765 1e+07 1e+07 1e+07 1e+07 1e+07 1e+07 1e+07 1e+07 411901 411901 411901 411901 411901 411901 211437 28035 28035 17764 17764 5617 2150 2150 1020 1020 1020 487 
0.235619 1e+07 1e+07 1e+07 1e+07 1e+07 1e+07 1e+07 1e+07 456780 456780 456780 456780 405821 405821 246081 207421 69061 17397 12559 3954 3954 1929 1274 1274 1274 487 
0.243473 1e+07 1e+07 1e+07 1e+07 1e+07 1e+07 1e+07 1e+07 315937 315937 315937 315937 281596 281596 139772 55173 23053 13503 13503 9954 4825 4825 1272 1272 1270 1202 482 
