epsilon_k[0] 0.1
epsilon_k[0] 2.18e-05
epsilon_k[0] 7.08e-05
epsilon_k[0] 2.54e-05
epsilon_k[0] 1e-05
epsilon_k[0] 7.8e-06
epsilon_k[0] 0.218
omega_x0 0.28
omega_y0 0.31
dx 0.01
n_theta 100
dtheta 0.00785398
epsilon 10
max_turns 10000000
from_angle 16
to_angle 24
0.125664 1e+07 39382 28827 4510 1517 345 
0.133518 1e+07 37734 33086 4537 1777 345 
0.141372 1e+07 40830 33032 4537 1923 347 
0.149226 1e+07 31327 29490 4726 1839 351 
0.15708 1e+07 30387 24498 4605 1758 367 
0.164934 1e+07 29881 24463 4615 1733 366 
0.172788 1e+07 29897 23926 4850 1731 366 
0.180642 1e+07 29882 23550 5250 1731 373 
