epsilon_k[0] 0.0001
epsilon_k[1] 2.18e-05
epsilon_k[2] 7.08e-05
epsilon_k[3] 2.54e-05
epsilon_k[4] 1e-05
epsilon_k[5] 7.8e-06
epsilon_k[6] 2.18e-05
omega_x0 0.168
omega_y0 0.201
dx 0.01
epsilon 12
max_turns 10000000
from_y 72
to_y 80
0.72 21 20 21 33 41 48 130 41 77 136 67 29 21 16 21 225 30 17 27 37 20 39 37 10 8 8 8 7 7 7 7 7 7 7 7 7 6 6 6 6 6 6 6 6 6 6 6 6 6 6 6 6 6 6 6 6 6 6 6 7 7 7 7 7 8 9 9 13 10 9 10 15 13 11 9 8 8 8 8 8 
0.73 34 226 30 21 41 101 379 27 26 36 46 31 21 18 42 26 18 21 18 20 346 15 11 9 8 8 7 7 7 7 7 7 7 7 6 6 6 6 6 6 6 6 6 6 6 6 6 6 6 6 6 6 6 6 6 6 6 6 6 6 6 6 7 7 7 7 8 9 10 11 9 9 12 11 14 9 8 8 8 8 
0.74 60 31 118 51 22 58 27 92 32 138 29 28 26 31 70 45 64 23 30 15 25 47 9 8 8 7 7 7 7 7 7 7 6 6 6 6 6 6 6 6 6 6 6 6 6 6 6 6 6 6 6 6 6 6 6 6 6 6 6 6 6 6 6 6 7 7 7 7 8 9 12 9 9 11 11 13 9 8 8 8 
0.75 28 39 46 28 43 28 42 117 43 31 20 32 21 20 23 18 21 21 16 22 15 10 8 8 7 7 7 7 7 7 7 6 6 6 6 6 6 6 6 6 6 6 6 6 6 6 6 6 6 6 6 6 6 6 6 6 6 6 6 6 6 6 6 6 6 6 7 7 7 8 8 10 10 9 10 13 14 9 8 8 
0.76 42 38 52 21 50 38 37 31 20 42 24 15 20 21 33 40 16 19 21 38 29 9 8 8 7 7 7 7 7 6 6 6 6 6 6 6 6 6 6 6 6 6 6 6 6 6 6 6 6 6 6 6 6 6 6 6 6 6 6 6 6 6 6 6 6 6 6 6 7 7 7 8 9 14 9 9 15 15 10 8 
0.77 42 116 22 39 35 44 64 21 89 49 64 14 19 30 101 21 15 15 14 23 10 8 8 7 7 7 7 7 6 6 6 6 6 6 6 6 6 6 6 6 6 6 6 6 6 6 6 6 6 6 6 6 6 6 6 6 6 6 6 6 6 6 6 6 6 6 6 6 6 6 7 7 7 8 13 9 9 12 17 10 
0.78 17 122 63 63 31 35 42 193 47 114 55 13 16 24 17 13 14 23 23 24 9 8 7 7 7 7 7 7 6 6 6 6 6 6 6 6 6 6 6 6 6 6 6 6 6 6 6 6 6 6 6 6 6 6 6 6 6 6 6 6 6 6 6 6 6 6 6 6 6 6 6 7 7 7 8 9 9 9 20 13 
0.79 15 65 65 21 24 21 30 16 48 28 28 13 16 52 26 12 15 27 27 62 8 8 7 7 7 7 7 6 6 6 6 6 6 6 6 6 6 6 6 6 6 6 6 6 6 6 6 6 6 6 6 5 5 5 5 6 6 6 6 6 6 6 6 6 6 6 6 6 6 6 6 6 6 7 7 8 9 10 9 11 
