epsilon_k[0] 0.0001
epsilon_k[1] 2.18e-05
epsilon_k[2] 7.08e-05
epsilon_k[3] 2.54e-05
epsilon_k[4] 1e-05
epsilon_k[5] 7.8e-06
epsilon_k[6] 2.18e-05
omega_x0 0.168
omega_y0 0.201
dx 0.01
n_theta 100
dtheta 0.015708
epsilon 6
max_turns 10000000
from_angle 85
to_angle 90
1.33518 1e+07 1e+07 1e+07 1e+07 1e+07 1e+07 1e+07 1e+07 1e+07 1e+07 1e+07 1e+07 1e+07 1e+07 1e+07 1e+07 1e+07 1e+07 1e+07 1e+07 1e+07 1e+07 1e+07 1e+07 1e+07 1e+07 1e+07 1e+07 1e+07 1e+07 1e+07 1e+07 1e+07 1e+07 1e+07 1e+07 1e+07 1e+07 1e+07 1e+07 1.91157e+06 3.58824e+06 7.65336e+06 1.52487e+06 776147 92781 137984 14954 13808 40779 6743 1045 1843 1710 315 916 283 1533 357 649 268 180 24 61 56 30 87 24 36 37 51 92 84 30 17 18 16 16 14 40 17 20 10 8 8 8 7 7 7 7 7 7 6 6 6 6 6 6 6 6 
1.35088 1e+07 1e+07 1e+07 1e+07 1e+07 1e+07 1e+07 1e+07 1e+07 1e+07 1e+07 1e+07 1e+07 1e+07 1e+07 1e+07 1e+07 1e+07 1e+07 1e+07 1e+07 1e+07 1e+07 1e+07 1e+07 1e+07 1e+07 1e+07 1e+07 1e+07 1e+07 1e+07 1e+07 1e+07 1e+07 1e+07 1e+07 1e+07 1e+07 1e+07 6.98515e+06 1e+07 4.33058e+06 485375 148637 137401 17944 17645 33923 4377 118139 6723 2278 1052 477 685 712 332 358 304 576 42 142 24 39 67 226 185 136 121 29 50 89 58 18 109 25 24 17 17 14 30 18 17 14 9 8 8 7 7 7 7 7 7 7 6 6 6 6 6 
1.36659 1e+07 1e+07 1e+07 1e+07 1e+07 1e+07 1e+07 1e+07 1e+07 1e+07 1e+07 1e+07 1e+07 1e+07 1e+07 1e+07 1e+07 1e+07 1e+07 1e+07 1e+07 1e+07 1e+07 1e+07 1e+07 1e+07 1e+07 1e+07 1e+07 1e+07 1e+07 1e+07 1e+07 1e+07 1e+07 1e+07 1e+07 1e+07 1e+07 1e+07 4.82001e+06 3.99652e+06 840703 429008 884821 1.025e+06 106524 9514 154085 19050 14075 11031 4666 728 1298 669 1793 202 406 279 1168 84 69 30 61 24 53 97 19 20 51 55 33 36 56 25 46 18 18 15 15 14 19 13 18 22 16 14 9 8 8 8 7 7 7 7 7 7 6 6 
1.3823 1e+07 1e+07 1e+07 1e+07 1e+07 1e+07 1e+07 1e+07 1e+07 1e+07 1e+07 1e+07 1e+07 1e+07 1e+07 1e+07 1e+07 1e+07 1e+07 1e+07 1e+07 1e+07 1e+07 1e+07 1e+07 1e+07 1e+07 1e+07 1e+07 1e+07 1e+07 1e+07 1e+07 1e+07 1e+07 1e+07 1e+07 1e+07 1e+07 1e+07 3.94499e+06 9.86535e+06 5.04336e+06 1.12202e+06 1.34453e+06 163228 411746 87188 89995 19193 3700 8428 15853 16643 11563 1619 411 556 249 799 270 636 211 145 42 45 64 24 31 195 17 17 63 50 92 26 40 42 32 21 12 12 11 12 16 18 12 14 17 15 13 11 9 8 8 8 7 7 7 7 
1.39801 1e+07 1e+07 1e+07 1e+07 1e+07 1e+07 1e+07 1e+07 1e+07 1e+07 1e+07 1e+07 1e+07 1e+07 1e+07 1e+07 1e+07 1e+07 1e+07 1e+07 1e+07 1e+07 1e+07 1e+07 1e+07 1e+07 1e+07 1e+07 1e+07 1e+07 1e+07 1e+07 1e+07 1e+07 1e+07 1e+07 1e+07 1e+07 1e+07 1e+07 1e+07 3.99833e+06 1e+07 1e+07 5.871e+06 2.45103e+06 80294 612871 13495 10546 7839 1203 8645 3827 1514 1178 6831 368 221 1670 315 107 148 60 61 125 370 93 160 125 46 37 27 16 16 24 37 58 18 45 17 25 13 11 11 11 11 11 11 12 13 12 12 13 11 10 10 10 9 8 
1.41372 1e+07 1e+07 1e+07 1e+07 1e+07 1e+07 1e+07 1e+07 1e+07 1e+07 1e+07 1e+07 1e+07 1e+07 1e+07 1e+07 1e+07 1e+07 1e+07 1e+07 1e+07 1e+07 1e+07 1e+07 1e+07 1e+07 1e+07 1e+07 1e+07 1e+07 1e+07 1e+07 1e+07 1e+07 1e+07 1e+07 1e+07 1e+07 1e+07 1e+07 1e+07 6.18793e+06 1e+07 6.68022e+06 2.01294e+06 620022 627980 95757 76687 8341 17998 1421 775 9343 683 3569 482 4724 698 561 880 455 362 324 135 107 56 50 374 77 101 58 137 48 262 19 22 17 15 17 37 184 15 15 17 35 39 12 11 10 10 10 10 10 10 10 10 10 10 12 
