epsilon_k[0] 0.0001
epsilon_k[1] 2.18e-05
epsilon_k[2] 7.08e-05
epsilon_k[3] 2.54e-05
epsilon_k[4] 1e-05
epsilon_k[5] 7.8e-06
epsilon_k[6] 2.18e-05
omega_x0 0.28
omega_y0 0.31
dx 0.01
epsilon 64
max_turns 10000000
from_y 32
to_y 40
0.32 406294 610302 545188 4.49514e+06 2.69899e+06 2.99938e+06 1.8274e+06 1.87428e+06 7.55701e+06 1.78228e+06 254371 751798 93775 60783 1752 21725 1753 878 52 854 59 857 864 5585 337 60 44 32 29 24 17 15 14 13 12 11 11 11 10 10 10 10 10 9 9 9 9 8 8 8 8 8 8 7 7 7 7 7 7 7 7 7 7 6 6 6 6 6 6 6 6 6 6 6 6 6 6 6 6 6 
0.33 39952 49502 218781 2.82228e+06 1.99756e+06 6.28086e+06 234425 899407 816912 708396 74687 197077 19126 892 1742 111126 863 48 43 44 62 64 113 899 90 49 48 31 29 18 15 14 13 12 12 11 11 10 10 10 10 10 9 9 9 9 9 8 8 8 8 8 7 7 7 7 7 7 7 7 7 7 6 6 6 6 6 6 6 6 6 6 6 6 6 6 6 6 6 6 
0.34 10429 2643 19975 179727 39948 101584 192743 2.71723e+06 91165 251787 104173 45157 32991 2625 873 859 855 872 41 41 585 56 85 901 75 46 34 30 22 16 14 13 13 12 11 11 10 10 10 10 10 9 9 9 9 9 8 8 8 8 8 7 7 7 7 7 7 7 7 7 7 6 6 6 6 6 6 6 6 6 6 6 6 6 6 6 6 6 6 6 
0.35 25 896 3505 2611 23451 54712 61648 467077 105935 6095 18244 8692 118081 33 32 32 854 63 42 40 42 54 83 1813 63 45 32 29 18 15 14 13 12 11 11 11 10 10 10 10 9 9 9 9 9 8 8 8 8 8 8 7 7 7 7 7 7 7 7 7 6 6 6 6 6 6 6 6 6 6 6 6 6 6 6 6 6 6 6 6 
0.36 19 21 33 872 8685 11309 24323 40811 6961 874 1756 1755 31 29 28 28 29 32 59 39 40 54 83 945 60 45 31 25 16 14 13 13 12 11 11 10 10 10 10 9 9 9 9 9 9 8 8 8 8 8 7 7 7 7 7 7 7 7 7 6 6 6 6 6 6 6 6 6 6 6 6 6 6 6 6 6 6 6 5 5 
0.37 17 18 19 22 2611 872 11312 22596 15627 907 5214 34 29 27 27 26 27 28 32 41 39 84 84 873 84 37 30 19 15 14 13 12 12 11 11 10 10 10 10 9 9 9 9 9 8 8 8 8 8 8 7 7 7 7 7 7 7 7 6 6 6 6 6 6 6 6 6 6 6 6 6 6 6 6 6 6 6 5 5 5 
0.38 16 16 17 18 20 26 864 908 3530 876 4381 34 28 26 26 25 25 26 28 40 38 43 78 112 48 34 29 17 15 13 13 12 11 11 10 10 10 10 9 9 9 9 9 9 8 8 8 8 8 7 7 7 7 7 7 7 7 6 6 6 6 6 6 6 6 6 6 6 6 6 6 6 6 6 6 5 5 5 5 5 
0.39 15 15 16 16 17 19 22 854 880 1761 299 952 28 26 25 25 24 25 26 28 39 40 69 89 46 32 25 16 14 13 12 12 11 11 10 10 10 9 9 9 9 9 9 8 8 8 8 8 7 7 7 7 7 7 7 7 7 6 6 6 6 6 6 6 6 6 6 6 6 6 6 6 6 6 5 5 5 5 5 5 
