epsilon_k[0] 0.0001
epsilon_k[1] 2.18e-05
epsilon_k[2] 7.08e-05
epsilon_k[3] 2.54e-05
epsilon_k[4] 1e-05
epsilon_k[5] 7.8e-06
epsilon_k[6] 2.18e-05
omega_x0 0.168
omega_y0 0.201
dx 0.01
epsilon 8
max_turns 10000000
from_y 24
to_y 32
0.24 1e+07 1e+07 1e+07 1e+07 1e+07 1e+07 1e+07 1e+07 1e+07 1e+07 1e+07 1e+07 1e+07 1e+07 1e+07 1e+07 1e+07 1e+07 1e+07 1e+07 1e+07 1e+07 1e+07 1e+07 1e+07 1e+07 1e+07 1e+07 1e+07 1e+07 1e+07 1e+07 1e+07 1e+07 1e+07 1e+07 1e+07 1e+07 1e+07 1e+07 1e+07 1e+07 1.64502e+06 3.51541e+06 494314 814805 175089 32555 14233 23526 13013 2299 14132 5828 2481 5649 5418 920 1194 3002 290 5688 140 535 195 916 835 242 1457 138 211 675 359 558 1140 66 23 519 272 126 
0.25 1e+07 1e+07 1e+07 1e+07 1e+07 1e+07 1e+07 1e+07 1e+07 1e+07 1e+07 1e+07 1e+07 1e+07 1e+07 1e+07 1e+07 1e+07 1e+07 1e+07 1e+07 1e+07 1e+07 1e+07 1e+07 1e+07 1e+07 1e+07 1e+07 1e+07 1e+07 1e+07 1e+07 1e+07 1e+07 1e+07 7.81152e+06 1e+07 9.74094e+06 3.01279e+06 9.65262e+06 1e+07 2.55824e+06 1.64304e+06 1e+07 491794 381176 95720 353983 12634 11395 3075 1051 1566 1123 6062 2714 1159 567 5663 6717 825 571 151 87 282 3724 182 303 60 244 84 100 66 23286 52 2600 91 407 109 
0.26 1e+07 1e+07 1e+07 1e+07 1e+07 1e+07 1e+07 1e+07 1e+07 1e+07 1e+07 1e+07 1e+07 1e+07 1e+07 1e+07 1e+07 1e+07 1e+07 1e+07 1e+07 1e+07 1e+07 1e+07 1e+07 1e+07 1e+07 1e+07 1e+07 1e+07 1e+07 1e+07 1e+07 1e+07 1e+07 1e+07 5.10025e+06 3.59979e+06 1.45826e+06 1e+07 1e+07 9.81531e+06 2.33082e+06 940744 5.48288e+06 335658 48171 49228 9839 14009 9056 7165 2056 1834 3352 307 9374 386 1730 1065 186 3180 2272 284 79 142 98 99 358 170 83 135 785 123 57 2012 143 69 91 193 
0.27 1e+07 1e+07 1e+07 1e+07 1e+07 1e+07 1e+07 1e+07 1e+07 1e+07 1e+07 1e+07 1e+07 1e+07 1e+07 1e+07 1e+07 1e+07 1e+07 1e+07 1e+07 1e+07 1e+07 1e+07 1e+07 1e+07 1e+07 1e+07 1e+07 1e+07 4.24221e+06 1e+07 7.56112e+06 9.51954e+06 1e+07 6.36088e+06 6.3799e+06 4.08026e+06 7.01671e+06 1.03856e+06 4.70005e+06 997022 521514 212875 1.13611e+06 531082 40202 23707 12570 5576 5536 2461 7748 1386 1683 5801 861 752 1840 388 331 795 76 267 496 442 405 601 299 109 463 61 555 237 368 78 24 24 20 138 
0.28 1e+07 1e+07 1e+07 1e+07 1e+07 1e+07 1e+07 1e+07 1e+07 1e+07 1e+07 1e+07 1e+07 1e+07 1e+07 1e+07 1e+07 1e+07 1e+07 1e+07 1e+07 1e+07 1e+07 1e+07 7.88173e+06 3.7322e+06 977733 2.21618e+06 1e+07 2.31819e+06 4.87982e+06 6.57756e+06 1e+07 3.77588e+06 1e+07 1.90928e+06 981702 762672 1.578e+06 509141 897984 450916 1.06834e+06 377688 679227 62757 7287 14792 5331 3059 6123 13263 1582 6589 2991 4207 3628 3868 144 1626 284 147 285 681 81 126 114 112 81 87 98 191 110 319 34 75 15 15 151 145 
0.29 1e+07 1e+07 1e+07 1e+07 1e+07 1e+07 1e+07 1e+07 1e+07 1e+07 1e+07 1e+07 1e+07 1e+07 1e+07 1e+07 1e+07 1e+07 1e+07 1e+07 1e+07 1e+07 1e+07 8.83094e+06 951666 1.14158e+06 2.45624e+06 1.80065e+06 1.0362e+06 1e+07 3.04238e+06 1e+07 205607 1.35491e+06 1.30131e+06 5.30845e+06 472484 2.11984e+06 512368 73110 171515 100401 1.59134e+06 63669 82809 20989 40455 26704 14452 2599 2043 4455 3473 1762 2320 400 185 208 760 447 230 1237 147 78 175 244 537 277 159 84 100 116 71 32 261 47 16 14 15 198 
0.3 1e+07 1e+07 1e+07 1e+07 1e+07 1e+07 1e+07 1e+07 1e+07 1e+07 1e+07 1e+07 1e+07 1e+07 1e+07 1e+07 1e+07 1e+07 1e+07 1e+07 1e+07 1e+07 1e+07 1e+07 2.07618e+06 1.25333e+06 381713 336107 353096 378767 294969 1.82293e+06 913043 3.95293e+06 765891 621313 167294 217385 67395 131877 144729 164297 41521 10244 7499 35486 5637 13047 7567 15105 3811 556 1599 896 1134 980 626 1649 167 519 307 258 1143 87 98 250 209 42 102 182 45 26 129 93 403 314 223 13 13 16 
0.31 1e+07 1e+07 1e+07 1e+07 1e+07 1e+07 1e+07 1e+07 1e+07 1e+07 1e+07 1e+07 1e+07 1e+07 1e+07 1e+07 1e+07 1e+07 1e+07 1e+07 1e+07 1e+07 1e+07 1e+07 9.37077e+06 1e+07 548148 162642 710699 82235 2.00432e+06 153720 551268 205152 1.52914e+06 607658 754983 248184 28572 21670 53057 17005 9095 3218 19408 5790 6700 10355 29332 1391 12319 10937 11860 1132 931 2200 669 196 172 307 473 42 138 673 112 6630 290 39 174 88 107 196 169 109 86 21 69 14 13 13 
