epsilon_k[0] 0.0001
epsilon_k[1] 2.18e-05
epsilon_k[2] 7.08e-05
epsilon_k[3] 2.54e-05
epsilon_k[4] 1e-05
epsilon_k[5] 7.8e-06
epsilon_k[6] 2.18e-05
omega_x0 0.168
omega_y0 0.201
dx 0.01
n_theta 100
dtheta 0.015708
epsilon 64
max_turns 10000000
from_angle 10
to_angle 15
0.15708 1e+07 1e+07 1e+07 1e+07 1e+07 1e+07 1e+07 1e+07 1e+07 1e+07 1e+07 1e+07 1e+07 1e+07 1e+07 1e+07 1e+07 1e+07 1e+07 1e+07 1e+07 1e+07 1e+07 1e+07 1e+07 1e+07 8.44599e+06 1e+07 1e+07 9.40895e+06 1e+07 1e+07 7.2027e+06 1e+07 5.51529e+06 3.9787e+06 1e+07 1e+07 1e+07 1e+07 1e+07 1e+07 1e+07 1e+07 413080 554877 83427 210300 55647 121510 65605 153387 1.43412e+06 318900 303192 122805 115572 25428 57378 254513 6422 23514 19748 984 12671 4145 3247 691 3601 4464 2014 2643 1268 897 1129 4799 406 213 368 105 127 189 214 342 237 67 140 1522 100 304 8 7 7 6 6 6 6 6 5 5 
0.172788 1e+07 1e+07 1e+07 1e+07 1e+07 1e+07 1e+07 1e+07 1e+07 1e+07 1e+07 1e+07 1e+07 1e+07 1e+07 1e+07 1e+07 1e+07 1e+07 1e+07 1e+07 1e+07 1e+07 1e+07 1e+07 1e+07 1e+07 1e+07 2.75865e+06 1e+07 1e+07 1e+07 6.51827e+06 1e+07 1e+07 1e+07 8.88766e+06 1.29846e+06 1.8486e+06 1e+07 1e+07 1e+07 1e+07 1e+07 526585 153553 428363 23225 89012 1.47182e+06 305615 296662 257196 2.04953e+06 69860 5.58304e+06 14221 129037 8961 36183 5908 12989 4485 2726 6035 1002 3818 1225 9485 1976 1676 762 1079 1764 3687 969 761 2060 388 202 124 63 108 131 493 226 124 33 450 96 123 8 7 7 6 6 6 6 6 5 
0.188496 1e+07 1e+07 1e+07 1e+07 1e+07 1e+07 1e+07 1e+07 1e+07 1e+07 1e+07 1e+07 1e+07 1e+07 1e+07 1e+07 1e+07 1e+07 1e+07 1e+07 1e+07 1e+07 1e+07 1e+07 1e+07 1e+07 1e+07 7.54159e+06 1e+07 1e+07 5.8502e+06 1e+07 1e+07 4.17761e+06 1e+07 1e+07 2.47519e+06 1.21229e+06 1.9325e+06 1e+07 1e+07 1e+07 1e+07 4.68283e+06 2.1296e+06 3.366e+06 148551 155067 74244 22875 25974 330276 128565 355051 95151 93441 75662 28849 23787 14998 9102 3807 4256 17012 13934 4113 3368 3457 5003 5557 1125 3193 7788 760 946 937 499 263 2941 369 215 166 107 379 83 2353 26 28 162 29 300 10 8 7 7 6 6 6 6 6 
0.204204 1e+07 1e+07 1e+07 1e+07 1e+07 1e+07 1e+07 1e+07 1e+07 1e+07 1e+07 1e+07 1e+07 1e+07 1e+07 1e+07 1e+07 1e+07 1e+07 1e+07 1e+07 1e+07 1e+07 1e+07 1e+07 1e+07 1e+07 1e+07 8.0425e+06 9.81424e+06 1e+07 4.93748e+06 3.61809e+06 2.80161e+06 1e+07 5.10034e+06 2.9979e+06 3.65303e+06 5.27781e+06 1e+07 9.37322e+06 3.87046e+06 1e+07 2.02403e+06 1.64813e+06 68096 195549 74371 84528 12136 14936 21641 23199 623360 47608 49868 128234 124316 31322 10803 4851 6754 9861 13711 10070 691 1203 34674 1871 1269 593 1379 2128 1955 1617 559 116 1247 371 661 1400 128 236 69 81 107 513 58 55 39 16 71 10 8 7 7 6 6 6 6 
0.219911 1e+07 1e+07 1e+07 1e+07 1e+07 1e+07 1e+07 1e+07 1e+07 1e+07 1e+07 1e+07 1e+07 1e+07 1e+07 1e+07 1e+07 1e+07 1e+07 1e+07 1e+07 1e+07 1e+07 1e+07 1e+07 1e+07 1e+07 1e+07 1e+07 1e+07 3.21372e+06 8.43348e+06 1e+07 2.89036e+06 8.349e+06 2.78955e+06 3.60825e+06 1.5728e+06 1e+07 756190 2.02726e+06 7.22829e+06 245798 1.06065e+06 1e+07 880071 270869 261330 24904 108452 30346 1.605e+06 73582 51444 12609 12421 19530 7232 9936 6329 7558 10880 5017 7558 2075 1807 3490 2790 523 526 620 3402 477 1110 982 1418 1079 900 598 472 102 52 64 224 163 34 99 18 112 57 230 16 275 104 8 7 7 6 6 6 
0.235619 1e+07 1e+07 1e+07 1e+07 1e+07 1e+07 1e+07 1e+07 1e+07 1e+07 1e+07 1e+07 1e+07 1e+07 1e+07 1e+07 1e+07 1e+07 1e+07 1e+07 1e+07 1e+07 1e+07 1e+07 1e+07 1e+07 1e+07 6.33019e+06 6.67324e+06 1e+07 1e+07 4.26854e+06 9.44665e+06 2.77783e+06 8.30187e+06 2.98225e+06 987406 788825 2.86045e+06 4.12463e+06 2.7755e+06 1.54143e+06 230667 2.82592e+06 3.25122e+06 1.98643e+06 276304 208009 26412 8358 53386 18061 10063 39532 24748 6557 49366 42736 17838 12523 1716 4655 30072 8316 2254 605 2094 238 1371 219 730 1424 402 875 1077 715 320 325 279 231 89 63 81 55 92 145 394 83 15 57 136 44 24 42 200 8 7 7 7 6 
