epsilon_k[0] 0.0001
epsilon_k[1] 2.18e-05
epsilon_k[2] 7.08e-05
epsilon_k[3] 2.54e-05
epsilon_k[4] 1e-05
epsilon_k[5] 7.8e-06
epsilon_k[6] 2.18e-05
omega_x0 0.168
omega_y0 0.201
dx 0.01
n_theta 100
dtheta 0.015708
epsilon 44
max_turns 10000000
from_angle 10
to_angle 15
0.15708 1e+07 1e+07 1e+07 1e+07 1e+07 1e+07 1e+07 1e+07 1e+07 1e+07 1e+07 1e+07 1e+07 1e+07 1e+07 1e+07 1e+07 1e+07 1e+07 1e+07 1e+07 1e+07 1e+07 1e+07 1e+07 1e+07 1e+07 1e+07 1e+07 1e+07 1e+07 1e+07 1e+07 1e+07 1e+07 1e+07 1e+07 1e+07 1e+07 1e+07 1e+07 1e+07 1e+07 1e+07 1e+07 266918 172522 55838 86402 583741 93467 339454 1.85067e+06 328449 115439 142699 742436 21239 25803 345428 24885 26713 23708 9828 1931 998 5775 5760 703 668 940 1693 495 588 1112 430 751 395 652 299 314 1033 366 51 586 166 389 215 88 9 8 7 7 6 6 6 6 6 5 5 
0.172788 1e+07 1e+07 1e+07 1e+07 1e+07 1e+07 1e+07 1e+07 1e+07 1e+07 1e+07 1e+07 1e+07 1e+07 1e+07 1e+07 1e+07 1e+07 1e+07 1e+07 1e+07 1e+07 1e+07 1e+07 1e+07 1e+07 1e+07 1e+07 1e+07 1e+07 1e+07 1e+07 1e+07 1e+07 1e+07 1e+07 1e+07 1e+07 1e+07 1e+07 1e+07 1e+07 1e+07 1e+07 1e+07 514030 127816 41398 145018 126805 25458 145195 3.39338e+06 218811 1.32835e+06 306987 425620 61183 24512 24504 12641 47230 27111 3257 4321 4786 9647 2205 1346 10045 2982 2147 1483 2346 546 131 241 601 251 186 1805 110 3772 219 653 34 166 236 15 16 8 7 7 7 6 6 6 6 6 5 
0.188496 1e+07 1e+07 1e+07 1e+07 1e+07 1e+07 1e+07 1e+07 1e+07 1e+07 1e+07 1e+07 1e+07 1e+07 1e+07 1e+07 1e+07 1e+07 1e+07 1e+07 1e+07 1e+07 1e+07 1e+07 1e+07 1e+07 1e+07 1e+07 1e+07 1e+07 1e+07 1e+07 1e+07 1e+07 1e+07 1e+07 1e+07 1e+07 1e+07 1e+07 1e+07 1e+07 6.41362e+06 1e+07 1e+07 660740 544640 66618 80902 228591 120320 76928 246539 155670 56597 107545 20269 411187 27254 13242 169389 11908 14766 1575 2641 1786 987 3629 4850 12009 733 1178 2481 288 437 528 274 470 2160 105 2614 39 54 314 176 73 97 46 47 19 276 8 7 7 6 6 6 6 6 6 
0.204204 1e+07 1e+07 1e+07 1e+07 1e+07 1e+07 1e+07 1e+07 1e+07 1e+07 1e+07 1e+07 1e+07 1e+07 1e+07 1e+07 1e+07 1e+07 1e+07 1e+07 1e+07 1e+07 1e+07 1e+07 1e+07 1e+07 1e+07 1e+07 1e+07 1e+07 1e+07 1e+07 1e+07 1e+07 1e+07 1e+07 1e+07 1e+07 1e+07 1e+07 1e+07 1e+07 736233 1e+07 1e+07 376256 46473 205933 135032 137048 103815 44885 31090 44686 65130 46678 41212 61710 28636 5233 7877 105799 2885 2411 2878 7567 2753 980 2331 3149 3031 1193 556 786 435 285 1105 4564 153 1580 147 215 134 35 427 34 395 86 1048 599 43 169 8 7 7 6 6 6 6 6 
0.219911 1e+07 1e+07 1e+07 1e+07 1e+07 1e+07 1e+07 1e+07 1e+07 1e+07 1e+07 1e+07 1e+07 1e+07 1e+07 1e+07 1e+07 1e+07 1e+07 1e+07 1e+07 1e+07 1e+07 1e+07 1e+07 1e+07 1e+07 1e+07 1e+07 1e+07 1e+07 1e+07 1e+07 1e+07 1e+07 1e+07 1e+07 1e+07 1e+07 1e+07 1e+07 3.55721e+06 1.72882e+06 683837 3.82942e+06 3.37909e+06 512415 87444 56914 21235 164464 235161 7916 11393 55141 53029 551165 51927 43706 14625 33919 18386 4725 13803 2920 3436 1510 4901 332 1648 1011 809 181 855 659 498 191 753 697 367 98 203 147 137 40 216 1875 18 29 82 147 54 42 8 7 7 7 6 6 6 
0.235619 1e+07 1e+07 1e+07 1e+07 1e+07 1e+07 1e+07 1e+07 1e+07 1e+07 1e+07 1e+07 1e+07 1e+07 1e+07 1e+07 1e+07 1e+07 1e+07 1e+07 1e+07 1e+07 1e+07 1e+07 1e+07 1e+07 1e+07 1e+07 1e+07 1e+07 1e+07 1e+07 1e+07 1e+07 1e+07 1e+07 1e+07 1e+07 1e+07 1e+07 8.822e+06 6.17828e+06 4.1905e+06 413851 787593 1e+07 116651 44582 255090 78885 438679 49824 25554 14823 5682 17697 33911 21282 36953 76667 12506 1307 4608 4534 1871 5693 2182 558 3185 3510 2134 860 283 369 4899 398 327 169 3957 1249 175 400 46 48 83 90 227 34 16 44 321 72 16 16 9 8 7 7 6 6 
