epsilon_k[0] 0.0001
epsilon_k[1] 2.18e-05
epsilon_k[2] 7.08e-05
epsilon_k[3] 2.54e-05
epsilon_k[4] 1e-05
epsilon_k[5] 7.8e-06
epsilon_k[6] 2.18e-05
omega_x0 0.28
omega_y0 0.31
dx 0.01
epsilon 10
max_turns 10000000
from_y 32
to_y 40
0.32 1e+07 1e+07 1e+07 1e+07 1e+07 1e+07 1e+07 1e+07 1e+07 1e+07 1e+07 1e+07 1e+07 1e+07 1e+07 1e+07 1e+07 8.26015e+06 1.70239e+06 1.70239e+06 1062 178 
0.33 1e+07 1e+07 1e+07 1e+07 1e+07 1e+07 1e+07 1e+07 1e+07 1e+07 1e+07 1e+07 1e+07 1e+07 1e+07 7.74656e+06 6.66371e+06 2.58352e+06 2.58352e+06 3487 178 
0.34 1e+07 1e+07 1e+07 1e+07 1e+07 1e+07 1e+07 1e+07 1e+07 1e+07 1e+07 1e+07 1e+07 1e+07 1e+07 1e+07 1.58262e+06 1.58262e+06 14749 320 
0.35 1e+07 1e+07 1e+07 1e+07 1e+07 1e+07 1e+07 1e+07 1e+07 1e+07 1e+07 1e+07 1e+07 1e+07 4.18697e+06 438474 171913 912 
0.36 9.41218e+06 9.41218e+06 9.41218e+06 9.41218e+06 9.41218e+06 9.41218e+06 9.41218e+06 9.41218e+06 9.41218e+06 9.41218e+06 9.41218e+06 7.35475e+06 2.74396e+06 1.35081e+06 1.11209e+06 104179 104179 764 
0.37 5.59592e+06 5.59592e+06 5.59592e+06 5.59592e+06 5.59592e+06 5.59592e+06 5.59592e+06 5.59592e+06 5.59592e+06 3.65137e+06 2.416e+06 2.416e+06 2.416e+06 375904 17361 29 
0.38 169248 169248 169248 169248 169248 169248 169248 169248 169248 169248 169248 169248 169248 1746 28 
0.39 80 
