epsilon_k[0] 0.1
epsilon_k[0] 2.18e-05
epsilon_k[0] 7.08e-05
epsilon_k[0] 2.54e-05
epsilon_k[0] 1e-05
epsilon_k[0] 7.8e-06
epsilon_k[0] 0.218
omega_x0 0.28
omega_y0 0.31
dx 0.01
n_theta 100
dtheta 0.00785398
epsilon 64
max_turns 10000000
from_angle 96
to_angle 101
0.753982 1e+07 60475 18918 3424 3424 1684 1593 1593 1217 1053 1053 748 
0.761836 1e+07 60369 18778 3384 3384 1686 1616 1616 1443 1160 1074 750 
0.76969 1e+07 59291 19243 3384 3384 1683 1593 1593 1336 1130 1063 873 
0.777544 1e+07 57102 24034 3354 3354 1682 1595 1595 1288 1134 1093 1093 1028 321 
0.785398 1e+07 56537 23982 3351 3351 1682 1561 1561 1285 1157 1036 1036 966 
0.793252 1e+07 57053 22840 3358 3358 1682 1565 1565 1285 1163 993 
