epsilon_k[0] 0.0001
epsilon_k[1] 2.18e-05
epsilon_k[2] 7.08e-05
epsilon_k[3] 2.54e-05
epsilon_k[4] 1e-05
epsilon_k[5] 7.8e-06
epsilon_k[6] 2.18e-05
omega_x0 0.168
omega_y0 0.201
dx 0.01
epsilon 8
max_turns 10000000
from_y 40
to_y 48
0.4 1e+07 1e+07 1e+07 1e+07 1e+07 1e+07 1e+07 7.04156e+06 5.0043e+06 732449 647346 647346 170694 170694 85170 85170 53133 53133 53133 14579 14579 10458 9723 6713 5350 5350 5350 5350 5350 1484 1484 1484 1484 1484 1484 1484 1117 1117 669 
0.41 1e+07 1e+07 1e+07 1e+07 1e+07 1e+07 1e+07 5.85645e+06 5.29632e+06 1.66616e+06 609686 72312 72312 72312 43737 43737 17017 17017 17017 5196 5196 5196 2036 1267 1267 1267 1267 1267 1267 1267 1267 1267 1267 1267 1267 273 
0.42 1e+07 1e+07 1e+07 1e+07 1e+07 9.55506e+06 6.61411e+06 6.61411e+06 6.61411e+06 235084 111172 111172 83158 83158 14424 14424 14424 7198 7198 7198 7198 1338 1338 1338 762 
0.43 1e+07 1e+07 1e+07 1e+07 1e+07 3.99488e+06 3.37095e+06 2.63383e+06 2.05791e+06 768242 768242 110063 60141 42814 42814 41869 12405 8570 8570 1674 1674 1674 1164 1164 1164 1164 1164 1164 1164 1164 1164 1164 459 
0.44 1e+07 1e+07 1e+07 1e+07 9.15414e+06 9.15414e+06 957722 957722 445682 445682 123771 38320 22466 4937 4937 4937 4937 4937 4937 1573 1573 1573 1573 1573 1573 1573 1573 1573 1573 1573 1573 1573 1573 624 
0.45 1e+07 1e+07 1e+07 6.26818e+06 2.57221e+06 2.17674e+06 2.17674e+06 578445 318676 297668 20689 20689 15675 14986 12581 6896 3533 3533 3533 3533 3533 1273 1273 1273 1273 1273 1273 1273 1273 1273 1273 1273 252 
0.46 1e+07 1e+07 8.1516e+06 6.38469e+06 1.61159e+06 1.42459e+06 221393 221393 221393 17052 17052 17052 13815 13815 6836 3901 1778 1778 1778 1433 1433 1433 1433 896 
0.47 8.60791e+06 3.80033e+06 3.80033e+06 3.80033e+06 1.91098e+06 559369 140876 140876 18545 5217 5217 5217 5217 5217 917 
