epsilon_k[0] 0.1
epsilon_k[0] 2.18e-05
epsilon_k[0] 7.08e-05
epsilon_k[0] 2.54e-05
epsilon_k[0] 1e-05
epsilon_k[0] 7.8e-06
epsilon_k[0] 0.218
omega_x0 0.168
omega_y0 0.201
dx 0.01
n_theta 100
dtheta 0.00785398
epsilon 2
max_turns 10000000
from_angle 48
to_angle 56
0.376991 1e+07 1e+07 1e+07 1e+07 1e+07 1e+07 1e+07 1e+07 1e+07 319947 319947 206877 206877 88881 88881 71596 71596 27250 10108 9233 2143 2143 2143 1411 1411 408 
0.384845 1e+07 1e+07 1e+07 1e+07 1e+07 1e+07 1e+07 1e+07 8.94111e+06 425789 425789 265725 230458 168031 111524 60955 24788 11767 11767 3954 3085 3085 3085 1678 1678 1678 627 
0.392699 1e+07 1e+07 1e+07 1e+07 1e+07 1e+07 1e+07 1e+07 2.17497e+06 1.10066e+06 250895 142708 142708 142708 142708 56044 56044 9164 4821 1817 1817 1817 1817 1817 1283 551 
0.400553 1e+07 1e+07 1e+07 1e+07 1e+07 1e+07 1e+07 1e+07 4.71872e+06 247103 247103 87149 87149 87149 47293 23054 23054 23054 22118 1992 1992 1992 1992 1992 1992 405 
0.408407 1e+07 1e+07 1e+07 1e+07 1e+07 1e+07 1e+07 1e+07 1e+07 8.5809e+06 521354 103708 103708 82656 82656 49093 49093 14366 3439 3439 3439 3437 3437 3002 978 
0.416261 1e+07 1e+07 1e+07 1e+07 1e+07 1e+07 1e+07 1e+07 7.16912e+06 326963 326963 105924 105924 105924 105924 105924 100964 9965 6473 6473 3952 3874 3868 3008 1842 1206 409 
0.424115 1e+07 1e+07 1e+07 1e+07 1e+07 1e+07 1e+07 1e+07 7.18504e+06 388450 388450 324217 79338 79338 79338 58425 32533 15961 15961 1350 1350 1350 1350 1350 1278 879 
0.431969 1e+07 1e+07 1e+07 1e+07 1e+07 1e+07 1e+07 9.1841e+06 969296 425865 425865 425865 67824 67824 37367 37367 37367 37367 7024 1349 1282 1282 1282 1282 1275 1275 1275 480 
