epsilon_k[0] 0.0001
epsilon_k[1] 2.18e-05
epsilon_k[2] 7.08e-05
epsilon_k[3] 2.54e-05
epsilon_k[4] 1e-05
epsilon_k[5] 7.8e-06
epsilon_k[6] 2.18e-05
omega_x0 0.168
omega_y0 0.201
dx 0.01
n_theta 100
dtheta 0.015708
epsilon 52
max_turns 10000000
from_angle 45
to_angle 50
0.706858 1e+07 1e+07 1e+07 1e+07 1e+07 1e+07 1e+07 1e+07 1e+07 1e+07 1e+07 1e+07 1e+07 1e+07 1e+07 1e+07 1e+07 1e+07 1e+07 1e+07 1e+07 1e+07 1e+07 1e+07 1e+07 1e+07 1e+07 5.26545e+06 1e+07 3.2512e+06 5.02289e+06 1.1436e+06 3.35905e+06 1e+07 805011 1.02764e+06 1.65435e+06 842148 223465 1.56336e+06 6.78461e+06 4.1517e+06 2.01967e+06 677415 1.79242e+06 84784 155930 102549 113158 9202 97599 3107 5086 3979 8028 2418 504 609 317 168 1172 763 7729 192 2662 89 100 35 71 67 73 37 67 51 49 347 18 18 85 40 24 24 15 14 13 12 11 11 11 11 10 10 10 10 10 10 11 11 13 12 
0.722566 1e+07 1e+07 1e+07 1e+07 1e+07 1e+07 1e+07 1e+07 1e+07 1e+07 1e+07 1e+07 1e+07 1e+07 1e+07 1e+07 1e+07 1e+07 1e+07 1e+07 1e+07 1e+07 1e+07 1e+07 1e+07 1e+07 1e+07 1e+07 5.19114e+06 7.21343e+06 7.96458e+06 2.17588e+06 577022 2.41558e+06 1.00135e+06 1.42805e+06 2.9372e+06 981419 5.14641e+06 1.73761e+06 910078 160456 784978 202084 621804 64180 281578 3.72272e+06 103399 9874 9768 2903 1344 2387 1697 1634 909 3922 2907 17880 256 230 3209 200 381 462 425 235 114 106 32 32 19 71 77 162 14 12 12 11 11 10 10 10 10 10 9 9 9 9 9 9 9 9 9 9 9 9 9 9 
0.738274 1e+07 1e+07 1e+07 1e+07 1e+07 1e+07 1e+07 1e+07 1e+07 1e+07 1e+07 1e+07 1e+07 1e+07 1e+07 1e+07 1e+07 1e+07 1e+07 1e+07 1e+07 1e+07 1e+07 1e+07 1e+07 1e+07 1e+07 1e+07 2.76327e+06 1.52833e+06 3.98787e+06 2.12816e+06 1e+07 1e+07 1.44759e+06 718948 1.61783e+06 371846 1.71876e+06 4.22442e+06 165491 101273 135632 775777 1.85116e+06 42070 98196 22325 131266 14990 3701 3090 589 3587 4939 5078 634 571 1554 508 608 384 114 637 128 56 82 500 168 91 78 93 74 13 12 11 11 11 10 10 10 10 10 9 9 9 9 9 9 9 9 9 9 9 8 8 8 8 8 8 
0.753982 1e+07 1e+07 1e+07 1e+07 1e+07 1e+07 1e+07 1e+07 1e+07 1e+07 1e+07 1e+07 1e+07 1e+07 1e+07 1e+07 1e+07 1e+07 1e+07 1e+07 1e+07 1e+07 1e+07 1e+07 1e+07 1e+07 1e+07 1e+07 1e+07 700763 2.98167e+06 3.3172e+06 6.83205e+06 3.26356e+06 314240 549909 2.27114e+06 4.80653e+06 670270 1.28581e+06 933620 107641 51227 131509 135327 194311 40490 17926 1.16824e+06 7608 111777 6538 3476 1138 1408 1297 821 183 793 1014 4068 155 491 194 182 32 106 239 19 46 20 13 12 11 11 11 10 10 10 10 10 9 9 9 9 9 9 9 9 9 9 9 8 8 8 8 8 8 8 8 
0.76969 1e+07 1e+07 1e+07 1e+07 1e+07 1e+07 1e+07 1e+07 1e+07 1e+07 1e+07 1e+07 1e+07 1e+07 1e+07 1e+07 1e+07 1e+07 1e+07 1e+07 1e+07 1e+07 1e+07 1e+07 1e+07 1e+07 1e+07 1e+07 6.43835e+06 1e+07 3.10006e+06 6.09849e+06 777047 1e+07 1.02799e+06 367826 2.61279e+06 637560 5.73361e+06 950638 295596 3.36444e+06 78834 6.32372e+06 97653 74757 192927 89781 21951 355375 16616 11812 11092 6111 6018 526 930 399 3210 412 154 165 961 142 48 77 1103 22 94 19 13 12 11 11 11 10 10 10 10 10 10 9 9 9 9 9 9 9 9 9 9 9 9 9 9 9 9 9 9 9 
