epsilon_k[0] 0.0001
epsilon_k[1] 2.18e-05
epsilon_k[2] 7.08e-05
epsilon_k[3] 2.54e-05
epsilon_k[4] 1e-05
epsilon_k[5] 7.8e-06
epsilon_k[6] 2.18e-05
omega_x0 0.168
omega_y0 0.201
dx 0.01
n_theta 100
dtheta 0.015708
epsilon 2
max_turns 10000000
from_angle 80
to_angle 85
1.25664 1e+07 1e+07 1e+07 1e+07 1e+07 1e+07 1e+07 1e+07 1e+07 1e+07 1e+07 1e+07 1e+07 1e+07 1e+07 1e+07 1e+07 1e+07 1e+07 1e+07 1e+07 1e+07 1e+07 1e+07 1e+07 1e+07 1e+07 1e+07 1e+07 1e+07 1e+07 1e+07 1e+07 1e+07 1e+07 1e+07 1e+07 1e+07 1e+07 1e+07 4.45854e+06 306885 438243 262958 43054 109838 3731 10053 30944 5746 9914 3264 248 4962 731 3083 408 556 291 271 34 39 78 196 107 36 48 211 671 109 168 18 29 62 76 10 8 8 8 7 7 7 7 7 6 6 6 6 6 6 6 6 6 6 6 6 6 5 5 5 
1.27235 1e+07 1e+07 1e+07 1e+07 1e+07 1e+07 1e+07 1e+07 1e+07 1e+07 1e+07 1e+07 1e+07 1e+07 1e+07 1e+07 1e+07 1e+07 1e+07 1e+07 1e+07 1e+07 1e+07 1e+07 1e+07 1e+07 1e+07 1e+07 1e+07 1e+07 1e+07 1e+07 1e+07 1e+07 1e+07 1e+07 1e+07 1e+07 1e+07 1e+07 3.36481e+06 426649 353441 78911 53232 255492 78279 54069 4288 887 2186 11828 1681 1571 843 457 313 2553 175 91 434 123 65 26 133 85 40 72 90 50 50 53 29 34 28 38 9 8 8 8 7 7 7 7 7 6 6 6 6 6 6 6 6 6 6 6 6 6 5 5 
1.28805 1e+07 1e+07 1e+07 1e+07 1e+07 1e+07 1e+07 1e+07 1e+07 1e+07 1e+07 1e+07 1e+07 1e+07 1e+07 1e+07 1e+07 1e+07 1e+07 1e+07 1e+07 1e+07 1e+07 1e+07 1e+07 1e+07 1e+07 1e+07 1e+07 1e+07 1e+07 1e+07 1e+07 1e+07 1e+07 1e+07 1e+07 1e+07 1e+07 1e+07 1.48071e+06 1.31073e+06 1.27801e+06 521261 129185 110783 28857 10916 22489 6453 4699 3073 15246 2349 1859 1299 1596 393 442 508 34 166 96 193 186 318 42 88 48 79 153 76 35 24 31 21 53 10 8 8 8 7 7 7 7 7 6 6 6 6 6 6 6 6 6 6 6 6 6 6 
1.30376 1e+07 1e+07 1e+07 1e+07 1e+07 1e+07 1e+07 1e+07 1e+07 1e+07 1e+07 1e+07 1e+07 1e+07 1e+07 1e+07 1e+07 1e+07 1e+07 1e+07 1e+07 1e+07 1e+07 1e+07 1e+07 1e+07 1e+07 1e+07 1e+07 1e+07 1e+07 1e+07 1e+07 1e+07 1e+07 1e+07 1e+07 7.44831e+06 1e+07 7.1787e+06 1.80199e+06 3.0101e+06 456739 319807 5.55459e+06 236890 101705 5944 30816 11334 2158 3002 1303 1065 880 234 432 445 302 45 194 26 281 119 1082 102 38 72 169 29 85 95 33 27 17 17 78 57 11 9 8 8 7 7 7 7 7 7 6 6 6 6 6 6 6 6 6 6 6 6 
1.31947 1e+07 1e+07 1e+07 1e+07 1e+07 1e+07 1e+07 1e+07 1e+07 1e+07 1e+07 1e+07 1e+07 1e+07 1e+07 1e+07 1e+07 1e+07 1e+07 1e+07 1e+07 1e+07 1e+07 1e+07 1e+07 1e+07 1e+07 1e+07 1e+07 1e+07 1e+07 1e+07 1e+07 1e+07 1e+07 1e+07 1e+07 1e+07 1e+07 4.02782e+06 9.71879e+06 3.18198e+06 3.29528e+06 1.05072e+06 339774 1.38951e+06 42014 14199 2313 8791 5724 12134 5249 1705 1006 1697 1287 913 192 392 336 27 103 269 101 90 76 411 49 48 80 155 44 38 24 22 33 54 23 38 9 8 8 8 7 7 7 7 7 7 6 6 6 6 6 6 6 6 6 6 
1.33518 1e+07 1e+07 1e+07 1e+07 1e+07 1e+07 1e+07 1e+07 1e+07 1e+07 1e+07 1e+07 1e+07 1e+07 1e+07 1e+07 1e+07 1e+07 1e+07 1e+07 1e+07 1e+07 1e+07 1e+07 1e+07 1e+07 1e+07 1e+07 1e+07 1e+07 1e+07 1e+07 1e+07 1e+07 1e+07 1e+07 1e+07 1e+07 1e+07 1e+07 1e+07 5.80429e+06 2.58881e+06 477709 1.46529e+06 121373 24487 29401 83969 24917 4060 2117 2148 458 1244 587 3175 2169 519 656 236 184 24 33 36 38 217 1991 56 295 118 32 412 30 17 22 16 16 14 33 15 45 9 8 8 8 7 7 7 7 7 7 6 6 6 6 6 6 6 6 
