epsilon_k[0] 0.0001
epsilon_k[1] 2.18e-05
epsilon_k[2] 7.08e-05
epsilon_k[3] 2.54e-05
epsilon_k[4] 1e-05
epsilon_k[5] 7.8e-06
epsilon_k[6] 2.18e-05
omega_x0 0.168
omega_y0 0.201
dx 0.01
epsilon 1
max_turns 10000000
from_y 48
to_y 56
0.48 1e+07 1e+07 1e+07 1e+07 1.37577e+06 2.03706e+06 900239 217428 15224 22890 3647 19235 11070 2300 4188 442 28739 4184 47875 3731 1378 3893 19177 1906 1952 3760 2721 328 1614 446 363 427 199 192 458 148 230 69 117 179 76 19 35 81 41 25 19 44 57 22 14 13 15 39 27 84 113 86 46 20 23 188 26 84 88 133 52 23 107 33 28 58 57 18 74 35 17 40 10 9 
0.49 1e+07 4.61881e+06 1.10956e+06 4.21292e+06 613789 110097 90894 4234 73558 14686 23668 19161 8371 1746 13273 7620 298 1758 973 806 3482 468 1104 321 670 182 712 178 227 130 169 294 276 236 251 315 77 112 232 95 24 179 18 105 38 46 20 27 15 12 12 12 12 12 12 14 103 20 57 46 24 58 83 256 96 26 172 39 49 36 22 22 141 48 26 30 15 12 10 9 
0.5 2.26821e+06 2.44755e+06 7.88627e+06 1.0817e+06 77809 570131 18457 17543 19056 44301 3460 3579 8131 1055 8080 2029 1945 618 1149 2491 565 262 346 232 349 517 125 810 921 101 168 1678 217 172 279 84 53 70 64 37 170 32 32 18 73 42 18 27 13 12 11 11 11 11 11 11 12 13 95 75 39 41 23 22 37 42 111 64 96 16 17 20 27 28 91 36 16 11 9 9 
0.51 1.61292e+06 1.61128e+06 338168 497631 66923 28880 38351 67891 24462 5298 9056 2511 1237 710 3269 4147 551 386 721 217 969 337 293 167 3964 137 65 196 124 72 322 278 234 314 400 50 67 140 273 41 64 38 32 26 18 32 23 61 15 12 11 11 11 11 11 11 11 11 12 41 34 42 42 18 42 15 202 124 35 16 16 17 22 31 26 27 30 12 9 9 
0.52 259405 100860 110952 96535 11657 15372 13273 150119 2664 4765 3764 11195 4469 422 1283 482 305 501 880 6756 1033 560 335 723 126 80 113 128 132 346 105 75 77 139 92 59 223 260 95 45 35 69 115 69 23 17 100 29 90 12 11 11 11 10 10 10 10 10 11 11 13 110 75 54 16 35 14 75 36 57 15 16 27 21 100 22 25 19 9 9 
0.53 853218 82305 14643 91172 22495 1601 4804 1746 5167 1633 1773 3524 425 968 860 697 7161 846 1106 424 408 125 96 490 701 664 221 570 242 74 72 31 143 180 81 475 163 103 36 214 68 74 34 93 156 138 17 42 22 41 12 11 10 10 10 10 10 10 10 10 11 12 18 20 27 16 14 14 224 355 16 16 16 20 46 47 25 19 10 9 
0.54 50115 13806 15000 3762 28200 1139 13682 1032 1307 956 9524 649 658 6746 262 1305 1839 363 74 127 2207 902 205 106 435 152 51 45 146 861 120 86 26 65 80 19 18 17 17 17 17 19 33 55 212 63 44 20 21 27 23 11 11 10 10 10 10 10 10 10 10 10 11 15 16 23 15 13 13 23 26 15 21 15 17 78 21 23 10 9 
0.55 19458 70215 3276 4355 1906 2236 4323 4609 1248 2228 1360 967 856 917 116 6987 188 536 66 305 71 205 187 36 145 111 173 122 414 61 81 25 25 38 62 24 44 113 107 42 39 38 17 16 16 164 45 33 47 17 48 17 11 10 10 10 10 10 10 10 10 10 10 10 12 32 15 15 13 13 23 20 16 23 16 28 59 15 16 9 
