epsilon_k[0] 0.0001
epsilon_k[1] 2.18e-05
epsilon_k[2] 7.08e-05
epsilon_k[3] 2.54e-05
epsilon_k[4] 1e-05
epsilon_k[5] 7.8e-06
epsilon_k[6] 2.18e-05
omega_x0 0.168
omega_y0 0.201
dx 0.01
epsilon 64
max_turns 10000000
from_y 0
to_y 8
0 1e+07 1e+07 1e+07 1e+07 1e+07 1e+07 1e+07 1e+07 1e+07 1e+07 1e+07 1e+07 1e+07 1e+07 1e+07 1e+07 1e+07 1e+07 1e+07 1e+07 1e+07 1e+07 1e+07 1e+07 1e+07 1e+07 1e+07 1e+07 1e+07 1e+07 1e+07 1e+07 1e+07 1e+07 1e+07 1e+07 1e+07 1e+07 1e+07 1e+07 1e+07 1e+07 1e+07 1e+07 1e+07 1e+07 1e+07 1e+07 1e+07 1e+07 1e+07 1e+07 1e+07 1e+07 1e+07 1e+07 1e+07 1e+07 1e+07 1e+07 1e+07 1e+07 27576 27576 27576 27576 27576 27576 27576 27576 27576 27576 27576 3635 960 
0.01 1e+07 1e+07 1e+07 1e+07 1e+07 1e+07 1e+07 1e+07 1e+07 1e+07 1e+07 1e+07 1e+07 1e+07 1e+07 1e+07 1e+07 1e+07 1e+07 1e+07 1e+07 1e+07 1e+07 1e+07 1e+07 1e+07 1e+07 1e+07 1e+07 1e+07 1e+07 1e+07 1e+07 1e+07 1e+07 1e+07 1e+07 1e+07 1e+07 1e+07 1e+07 1e+07 1e+07 1e+07 1e+07 1e+07 1e+07 1e+07 1e+07 1e+07 1e+07 1e+07 1e+07 1e+07 1e+07 5.81023e+06 5.81023e+06 859776 264129 107196 93137 23255 1759 1759 1759 1759 1759 1759 1264 1264 1264 1264 1264 1264 960 
0.02 1e+07 1e+07 1e+07 1e+07 1e+07 1e+07 1e+07 1e+07 1e+07 1e+07 1e+07 1e+07 1e+07 1e+07 1e+07 1e+07 1e+07 1e+07 1e+07 1e+07 1e+07 1e+07 1e+07 1e+07 1e+07 1e+07 1e+07 1e+07 1e+07 1e+07 1e+07 1e+07 1e+07 1e+07 1e+07 1e+07 1e+07 1e+07 1e+07 1e+07 1e+07 1e+07 1e+07 1e+07 1e+07 1e+07 1e+07 1e+07 1e+07 1e+07 1e+07 1e+07 1e+07 1e+07 1e+07 3.32633e+06 845722 446237 203026 141456 69256 28448 5101 5101 2878 2878 2878 2878 2878 1946 1042 1042 1042 1042 1042 1042 660 
0.03 1e+07 1e+07 1e+07 1e+07 1e+07 1e+07 1e+07 1e+07 1e+07 1e+07 1e+07 1e+07 1e+07 1e+07 1e+07 1e+07 1e+07 1e+07 1e+07 1e+07 1e+07 1e+07 1e+07 1e+07 1e+07 1e+07 1e+07 1e+07 1e+07 1e+07 1e+07 1e+07 1e+07 1e+07 1e+07 1e+07 1e+07 1e+07 1e+07 1e+07 1e+07 1e+07 1e+07 1e+07 1e+07 5.28617e+06 5.28617e+06 5.28617e+06 1.49022e+06 1.49022e+06 1.49022e+06 1.49022e+06 1.49022e+06 1.49022e+06 1.49022e+06 1.49022e+06 1.49022e+06 1.34988e+06 1.34988e+06 47385 29931 12768 12768 1272 1272 1272 1272 1272 1272 1272 1272 1272 1272 1272 1272 411 
0.04 1e+07 1e+07 1e+07 1e+07 1e+07 1e+07 1e+07 1e+07 1e+07 1e+07 1e+07 1e+07 1e+07 1e+07 1e+07 1e+07 1e+07 1e+07 1e+07 1e+07 1e+07 1e+07 1e+07 1e+07 1e+07 1e+07 1e+07 1e+07 1e+07 1e+07 1e+07 1e+07 9.91667e+06 9.91667e+06 9.91667e+06 9.91667e+06 9.91667e+06 9.91667e+06 9.91667e+06 9.91667e+06 9.91667e+06 9.91667e+06 9.91667e+06 9.91667e+06 1.64013e+06 1.64013e+06 1.64013e+06 1.0692e+06 749224 749224 749224 749224 749224 749224 749224 749224 749224 749224 282231 28032 28032 28032 12284 1332 1332 1332 1332 1332 1332 1332 1332 1332 616 
0.05 1e+07 1e+07 1e+07 1e+07 1e+07 1e+07 1e+07 1e+07 1e+07 1e+07 1e+07 1e+07 1e+07 1e+07 1e+07 1e+07 1e+07 1e+07 1e+07 1e+07 1e+07 1e+07 1e+07 1e+07 1e+07 1e+07 1e+07 1e+07 1e+07 8.25818e+06 6.24471e+06 6.24471e+06 5.59076e+06 5.59076e+06 5.59076e+06 5.43465e+06 5.43465e+06 5.43465e+06 5.43465e+06 5.43465e+06 5.43465e+06 5.43465e+06 5.43465e+06 5.43465e+06 796650 796650 796650 796650 796650 796650 796650 796650 796650 796650 796650 471535 471535 183879 136619 50103 50103 31732 16264 4709 4709 4709 3083 3083 2131 1365 925 
0.06 1e+07 1e+07 1e+07 1e+07 1e+07 1e+07 1e+07 1e+07 1e+07 1e+07 1e+07 1e+07 1e+07 1e+07 1e+07 1e+07 1e+07 1e+07 1e+07 1e+07 1e+07 1e+07 1e+07 1e+07 1e+07 1e+07 9.12097e+06 9.12097e+06 9.12097e+06 5.88397e+06 5.12346e+06 5.12346e+06 5.12346e+06 4.33531e+06 2.21806e+06 2.21806e+06 2.21806e+06 2.21806e+06 2.21806e+06 2.21806e+06 2.21806e+06 2.21806e+06 2.21806e+06 441805 441805 441805 204919 204919 204919 119607 119607 119607 119607 119607 119607 119607 119607 119607 72607 47546 7464 7464 2371 2340 2340 1086 1086 1086 1086 1086 380 
0.07 1e+07 1e+07 1e+07 1e+07 1e+07 1e+07 1e+07 1e+07 1e+07 1e+07 1e+07 1e+07 1e+07 1e+07 1e+07 1e+07 1e+07 1e+07 1e+07 1e+07 1e+07 1e+07 1e+07 1e+07 1e+07 9.93212e+06 9.93212e+06 3.5924e+06 3.5924e+06 3.5924e+06 1.97459e+06 1.97459e+06 1.97459e+06 1.97459e+06 1.97459e+06 1.97459e+06 1.97459e+06 1.97459e+06 1.97459e+06 1.97459e+06 1.97459e+06 1.97459e+06 1.97459e+06 1.97459e+06 100362 100362 100362 100362 100362 58298 49562 49562 49562 49562 49562 49562 49562 29524 29524 29524 17520 17440 17440 10786 4114 650 
