epsilon_k[0] 0.1
epsilon_k[0] 2.18e-05
epsilon_k[0] 7.08e-05
epsilon_k[0] 2.54e-05
epsilon_k[0] 1e-05
epsilon_k[0] 7.8e-06
epsilon_k[0] 0.218
omega_x0 0.28
omega_y0 0.31
dx 0.01
n_theta 100
dtheta 0.00785398
epsilon 4
max_turns 10000000
from_angle 32
to_angle 40
0.251327 1e+07 11910 5835 4197 4197 4197 2364 2364 604 
0.259181 1e+07 11915 5797 4485 4485 4485 2435 2435 621 
0.267035 1e+07 12424 5789 4746 4746 4746 3590 3590 622 
0.274889 1e+07 12717 5811 5811 5477 5477 5477 5477 626 
0.282743 1e+07 12781 5771 5771 5771 5771 5771 2364 626 
0.290597 1e+07 13648 5802 5802 5802 5802 2363 2080 625 
0.298451 1e+07 13648 5835 5835 5835 5835 2363 2067 629 
0.306305 1e+07 14511 5835 5835 5835 5835 2078 2004 808 
