epsilon_k[0] 0.0001
epsilon_k[1] 2.18e-05
epsilon_k[2] 7.08e-05
epsilon_k[3] 2.54e-05
epsilon_k[4] 1e-05
epsilon_k[5] 7.8e-06
epsilon_k[6] 2.18e-05
omega_x0 0.168
omega_y0 0.201
dx 0.01
n_theta 100
dtheta 0.015708
epsilon 48
max_turns 10000000
from_angle 50
to_angle 55
0.785398 1e+07 1e+07 1e+07 1e+07 1e+07 1e+07 1e+07 1e+07 1e+07 1e+07 1e+07 1e+07 1e+07 1e+07 1e+07 1e+07 1e+07 1e+07 1e+07 1e+07 1e+07 1e+07 1e+07 1e+07 1e+07 1e+07 1e+07 1e+07 6.50629e+06 1.92615e+06 1e+07 2.6107e+06 2.92429e+06 4.78713e+06 1e+07 1.79722e+06 2.24319e+06 724488 107206 3.51156e+06 379053 526661 59737 1.81754e+06 30199 54759 71952 40311 28604 34361 9489 21990 1729 2086 3942 160 666 1236 1387 236 306 59 122 201 170 139 69 19 164 168 12 11 11 11 10 10 10 10 10 10 10 10 10 9 9 9 9 9 9 9 9 9 10 10 10 10 11 12 14 13 
0.801106 1e+07 1e+07 1e+07 1e+07 1e+07 1e+07 1e+07 1e+07 1e+07 1e+07 1e+07 1e+07 1e+07 1e+07 1e+07 1e+07 1e+07 1e+07 1e+07 1e+07 1e+07 1e+07 1e+07 1e+07 1e+07 1e+07 1e+07 1e+07 8.76517e+06 6.71256e+06 1.01118e+06 1e+07 4.89642e+06 2.6001e+06 3.26407e+06 1.49802e+06 356729 384158 1.2712e+06 563434 505363 185988 191349 127417 52492 11286 64958 20178 13052 12255 8123 2382 7716 1127 3011 641 4732 4370 432 129 375 52 309 147 198 231 87 18 39 26 13 12 11 11 11 10 10 10 10 10 10 10 10 10 10 10 11 12 13 21 12 15 14 13 11 11 12 14 12 14 
0.816814 1e+07 1e+07 1e+07 1e+07 1e+07 1e+07 1e+07 1e+07 1e+07 1e+07 1e+07 1e+07 1e+07 1e+07 1e+07 1e+07 1e+07 1e+07 1e+07 1e+07 1e+07 1e+07 1e+07 1e+07 1e+07 1e+07 1e+07 9.56902e+06 1e+07 1e+07 1.60242e+06 5.52702e+06 1e+07 2.15701e+06 1e+07 657075 210488 7.24131e+06 918371 280621 3.38948e+06 1.57276e+06 90444 3.60562e+06 21604 36954 18838 50728 14748 120195 4558 4456 2408 23694 3221 960 3380 249 442 467 226 55 39 76 31 176 185 40 47 22 28 13 12 12 11 11 11 11 12 12 16 13 19 15 13 17 14 13 11 11 11 17 13 13 11 10 10 9 10 10 
0.832522 1e+07 1e+07 1e+07 1e+07 1e+07 1e+07 1e+07 1e+07 1e+07 1e+07 1e+07 1e+07 1e+07 1e+07 1e+07 1e+07 1e+07 1e+07 1e+07 1e+07 1e+07 1e+07 1e+07 1e+07 1e+07 1e+07 1e+07 1e+07 1e+07 7.68865e+06 1e+07 1e+07 3.08213e+06 662184 9.61688e+06 2.90248e+06 414298 317161 2.25701e+06 370127 1.3669e+06 38145 1.33004e+06 72940 28583 22667 11372 277288 21251 17208 7932 1853 1006 17196 2730 266 1277 476 870 457 268 237 28 27 85 156 47 47 33 20 18 19 21 17 23 21 23 16 20 14 15 22 15 13 12 11 12 26 14 15 13 10 10 10 16 12 10 9 9 8 
0.84823 1e+07 1e+07 1e+07 1e+07 1e+07 1e+07 1e+07 1e+07 1e+07 1e+07 1e+07 1e+07 1e+07 1e+07 1e+07 1e+07 1e+07 1e+07 1e+07 1e+07 1e+07 1e+07 1e+07 1e+07 1e+07 1e+07 1e+07 1e+07 1e+07 1e+07 9.16378e+06 7.99875e+06 1.49965e+06 5.34334e+06 2.17562e+06 750624 692240 1.38918e+06 116074 315631 422634 487369 55269 1.82082e+06 15367 6193 23896 2730 13306 14671 2358 29295 21179 48534 640 966 137 3709 192 5769 66 143 51 19 35 85 25 104 123 52 84 47 22 16 19 34 15 21 15 18 13 12 12 12 15 15 20 15 11 15 20 15 10 10 9 8 8 7 7 7 
