epsilon_k[0] 0.0001
epsilon_k[1] 2.18e-05
epsilon_k[2] 7.08e-05
epsilon_k[3] 2.54e-05
epsilon_k[4] 1e-05
epsilon_k[5] 7.8e-06
epsilon_k[6] 2.18e-05
omega_x0 0.28
omega_y0 0.31
dx 0.01
epsilon 1
max_turns 10000000
from_y 48
to_y 56
0.48 11 11 11 12 12 12 13 13 14 14 16 18 43 27 31 35 22 20 19 19 18 18 18 19 19 20 22 32 66 39 28 25 15 13 11 11 10 10 10 10 10 9 9 9 8 8 8 7 7 7 7 7 7 6 6 6 6 6 6 6 6 6 6 6 6 6 5 5 5 5 5 5 5 5 5 5 5 5 5 5 
0.49 11 11 11 11 11 12 12 12 13 13 14 15 17 109 26 36 30 21 19 19 18 18 18 18 18 19 21 33 81 39 29 24 15 13 11 11 10 10 10 10 10 9 9 9 8 8 8 7 7 7 7 7 7 6 6 6 6 6 6 6 6 6 6 6 6 5 5 5 5 5 5 5 5 5 5 5 5 5 5 5 
0.5 10 10 11 11 11 11 11 12 12 12 13 14 15 17 50 26 43 23 20 19 18 18 18 18 18 19 20 23 48 41 33 24 15 13 11 11 10 10 10 10 10 9 9 9 8 8 8 7 7 7 7 7 6 6 6 6 6 6 6 6 6 6 6 6 6 5 5 5 5 5 5 5 5 5 5 5 5 5 5 5 
0.51 10 10 10 10 10 11 11 11 11 12 12 13 13 14 16 39 25 32 21 19 18 18 17 17 18 18 19 21 32 44 37 25 16 13 11 11 10 10 10 10 10 9 9 9 8 8 7 7 7 7 7 7 6 6 6 6 6 6 6 6 6 6 6 6 5 5 5 5 5 5 5 5 5 5 5 5 5 5 5 5 
0.52 10 10 10 10 10 10 10 11 11 11 12 12 12 13 14 16 48 25 42 19 18 17 17 17 17 18 18 19 26 55 37 27 17 14 12 11 10 10 10 10 10 9 9 9 8 8 7 7 7 7 7 7 6 6 6 6 6 6 6 6 6 6 6 5 5 5 5 5 5 5 5 5 5 5 5 5 5 5 5 5 
0.53 9 9 10 10 10 10 10 10 10 11 11 11 12 12 13 14 16 93 25 22 18 17 17 17 17 17 18 18 21 169 37 38 26 15 12 11 10 10 10 10 10 10 10 9 8 8 7 7 7 7 7 6 6 6 6 6 6 6 6 6 6 6 6 5 5 5 5 5 5 5 5 5 5 5 5 5 5 5 5 5 
0.54 9 9 9 9 10 10 10 10 10 10 11 11 11 12 12 13 14 16 30 27 20 18 17 17 17 17 17 18 19 31 38 39 24 16 12 11 10 10 10 10 10 10 10 9 8 8 7 7 7 7 7 6 6 6 6 6 6 6 6 6 6 6 5 5 5 5 5 5 5 5 5 5 5 5 5 5 5 5 5 5 
0.55 9 9 9 9 9 9 9 10 10 10 10 10 11 11 11 12 13 14 16 25 31 18 17 17 16 16 17 17 18 21 86 38 29 17 13 11 11 10 10 11 11 10 12 9 8 8 7 7 7 7 7 6 6 6 6 6 6 6 6 6 6 6 5 5 5 5 5 5 5 5 5 5 5 5 5 5 5 5 5 5 
