epsilon_k[0] 0.0001
epsilon_k[1] 2.18e-05
epsilon_k[2] 7.08e-05
epsilon_k[3] 2.54e-05
epsilon_k[4] 1e-05
epsilon_k[5] 7.8e-06
epsilon_k[6] 2.18e-05
omega_x0 0.168
omega_y0 0.201
dx 0.01
epsilon 0
max_turns 10000000
from_y 32
to_y 40
0.32 1e+07 1e+07 1e+07 1e+07 1e+07 1e+07 1e+07 1e+07 1e+07 1e+07 1e+07 1e+07 1e+07 1e+07 1e+07 1e+07 1e+07 1e+07 1e+07 1e+07 1e+07 1e+07 1e+07 1e+07 1e+07 1e+07 1e+07 1e+07 1e+07 1e+07 1e+07 1e+07 485727 485727 157947 157947 157947 123850 44774 37354 24333 24333 16821 16821 6752 6473 3324 3324 3324 1801 1677 1677 390 
0.33 1e+07 1e+07 1e+07 1e+07 1e+07 1e+07 1e+07 1e+07 1e+07 1e+07 1e+07 1e+07 1e+07 1e+07 1e+07 1e+07 1e+07 1e+07 1e+07 1e+07 1e+07 1e+07 1e+07 1e+07 1e+07 8.20174e+06 8.20174e+06 8.20174e+06 8.20174e+06 8.20174e+06 8.20174e+06 495433 200596 106679 96935 14964 14964 7450 7450 3298 3298 3298 3298 3298 3298 3298 3298 3298 1490 1253 1253 495 
0.34 1e+07 1e+07 1e+07 1e+07 1e+07 1e+07 1e+07 1e+07 1e+07 1e+07 1e+07 1e+07 1e+07 1e+07 1e+07 1e+07 1e+07 1e+07 1e+07 1e+07 1e+07 1e+07 1e+07 1e+07 1e+07 1e+07 1e+07 1e+07 1e+07 1e+07 1.41386e+06 983162 88198 18379 18379 18379 6911 6911 6911 6911 3204 2478 2478 2478 2478 1023 1023 1023 435 
0.35 1e+07 1e+07 1e+07 1e+07 1e+07 1e+07 1e+07 1e+07 1e+07 1e+07 1e+07 1e+07 1e+07 1e+07 1e+07 1e+07 1e+07 1e+07 1e+07 1e+07 1e+07 1e+07 1e+07 1e+07 1e+07 430733 430733 430733 430733 430733 430733 71758 17714 17714 8476 8476 8476 8476 8476 8476 3485 3485 717 
0.36 1e+07 1e+07 1e+07 1e+07 1e+07 1e+07 1e+07 1e+07 1e+07 1e+07 1e+07 1e+07 1e+07 1e+07 1e+07 1e+07 1e+07 1e+07 1e+07 1e+07 1e+07 1e+07 1e+07 1e+07 127265 127265 127265 127265 127265 127265 127265 7195 7195 7195 6865 6001 6001 3999 2186 2186 2114 2114 2114 2114 2114 910 
0.37 1e+07 1e+07 1e+07 1e+07 1e+07 1e+07 1e+07 1e+07 1e+07 1e+07 1e+07 1e+07 1e+07 1e+07 1e+07 1e+07 1e+07 1e+07 1e+07 1e+07 1e+07 48128 48128 48128 32612 15238 15238 15238 15238 15238 15238 14759 8910 4334 2669 2134 2134 2134 1707 1707 1707 1315 1287 1287 974 
0.38 1e+07 1e+07 1e+07 1e+07 1e+07 1e+07 1e+07 1e+07 1e+07 1e+07 1e+07 1e+07 1e+07 1e+07 1e+07 1e+07 1e+07 1.30433e+06 1.30433e+06 1.30433e+06 1.30433e+06 15978 15978 15978 15978 15978 15978 15978 15978 9211 9211 4853 4853 4853 4757 4757 2754 1737 1737 1737 1737 613 
0.39 1e+07 1e+07 1e+07 1e+07 1e+07 1e+07 1e+07 1e+07 1e+07 1e+07 1e+07 1e+07 1e+07 1e+07 1e+07 1e+07 1.01208e+06 64351 64351 64351 35100 15138 15138 15138 8045 8045 8045 8045 8045 2807 2807 2807 2807 2807 1829 1405 1405 1405 1405 216 
