epsilon_k[0]0.1
epsilon_k[0]2.18e-05
epsilon_k[0]7.08e-05
epsilon_k[0]2.54e-05
epsilon_k[0]1e-05
epsilon_k[0]7.8e-06
epsilon_k[0]0.218
omega_x01.94779
omega_y02.01062
dx 0.01
n_theta 100
dtheta 0.00785398
epsilon 1
max_turns 10000000
from_angle 96
to_angle 101
0.753982 1e+07 1e+07 1e+07 50635 1155 897 
0.761836 1e+07 1e+07 1e+07 69481 1181 897 
0.76969 1e+07 1e+07 1e+07 60344 1235 898 
0.777544 1e+07 1e+07 1e+07 49543 1312 898 
0.785398 1e+07 1e+07 1e+07 16585 1388 898 
0.793252 1e+07 1e+07 1e+07 17806 1245 898 
