epsilon_k[0]0.1
epsilon_k[0]2.18e-05
epsilon_k[0]7.08e-05
epsilon_k[0]2.54e-05
epsilon_k[0]1e-05
epsilon_k[0]7.8e-06
epsilon_k[0]0.218
omega_x01.75929
omega_y01.94779
dx 0.01
n_theta 100
dtheta 0.00785398
epsilon 10
max_turns 10000000
from_angle 40
to_angle 48
0.314159 1e+07 39923 28647 16989 1937 858 
0.322013 1e+07 36151 19623 19623 1915 862 
0.329867 1e+07 31298 19083 19083 1882 866 
0.337721 1e+07 30561 18738 18738 1892 877 
0.345575 1e+07 30494 19088 19088 2403 895 
0.353429 1e+07 30589 19395 19395 2181 906 
0.361283 1e+07 31227 19473 19473 2380 914 
0.369137 1e+07 31302 19348 19348 2829 915 
