epsilon_k[0] 0.0001
epsilon_k[1] 2.18e-05
epsilon_k[2] 7.08e-05
epsilon_k[3] 2.54e-05
epsilon_k[4] 1e-05
epsilon_k[5] 7.8e-06
epsilon_k[6] 2.18e-05
omega_x0 0.28
omega_y0 0.31
dx 0.01
epsilon 8
max_turns 10000000
from_y 24
to_y 32
0.24 1e+07 1e+07 1e+07 1e+07 1e+07 1e+07 1e+07 1e+07 1e+07 1e+07 1e+07 1e+07 1e+07 1e+07 1e+07 1e+07 1e+07 1e+07 1e+07 1e+07 1e+07 1e+07 1e+07 1e+07 4.87513e+06 271901 13961 4691 186 319 93 66 52 44 39 38 37 30 27 25 23 22 21 19 16 14 13 13 13 16 14 11 10 10 9 9 9 8 8 8 8 8 8 7 7 7 7 7 7 7 7 7 7 7 7 7 7 6 6 6 
0.25 1e+07 1e+07 1e+07 1e+07 1e+07 1e+07 1e+07 1e+07 1e+07 1e+07 1e+07 1e+07 1e+07 1e+07 1e+07 1e+07 1e+07 1e+07 1e+07 3.22771e+06 1e+07 1e+07 1e+07 2.26406e+06 758827 9739 14841 135 170 185 80 57 53 40 38 38 29 26 24 23 22 24 17 15 13 13 12 12 15 14 11 10 10 9 9 9 8 8 8 8 8 7 7 7 7 7 7 7 7 7 7 7 7 7 7 6 6 6 6 6 
0.26 1e+07 1e+07 1e+07 1e+07 1e+07 1e+07 1e+07 1e+07 1e+07 1e+07 1e+07 1e+07 1e+07 1e+07 1e+07 1e+07 1e+07 1e+07 5.28774e+06 1e+07 760291 9.68126e+06 631180 462738 240204 3544 983 120 182 141 70 53 43 39 38 29 26 25 23 22 35 16 14 13 12 12 12 13 14 11 10 10 9 9 9 8 8 8 8 8 7 7 7 7 7 7 7 7 7 7 7 7 7 6 6 6 6 6 6 6 
0.27 1e+07 1e+07 1e+07 1e+07 1e+07 1e+07 1e+07 1e+07 1e+07 1e+07 1e+07 1e+07 1e+07 1e+07 1e+07 1e+07 1e+07 5.20007e+06 1e+07 1e+07 6.03694e+06 600874 403678 199743 11682 6130 95 104 192 113 67 53 40 38 30 27 25 24 23 21 16 14 13 12 12 12 12 13 11 10 10 9 9 9 8 8 8 8 8 7 7 7 7 7 7 7 7 7 7 7 7 6 6 6 6 6 6 6 6 6 
0.28 1e+07 1e+07 1e+07 1e+07 1e+07 1e+07 1e+07 1e+07 1e+07 1e+07 1e+07 1e+07 1e+07 1e+07 1e+07 1e+07 1e+07 5.80523e+06 1.81269e+06 2.73115e+06 4.74313e+06 92960 3.84127e+06 116385 35604 872 81 103 232 95 58 44 39 34 27 25 24 23 21 16 14 13 12 12 12 12 12 12 10 10 9 9 9 8 8 8 8 8 7 7 7 7 7 7 7 7 7 7 7 6 6 6 6 6 6 6 6 6 6 6 
0.29 1e+07 1e+07 1e+07 1e+07 1e+07 1e+07 1e+07 1e+07 1e+07 1e+07 1e+07 1e+07 1e+07 1e+07 1e+07 1e+07 1e+07 1e+07 8.90605e+06 1e+07 867251 2.69899e+06 29540 10781 36499 99 77 103 417 82 54 41 39 29 26 24 23 23 16 14 13 12 12 11 11 11 12 10 10 9 9 9 8 8 8 8 8 7 7 7 7 7 7 7 7 7 7 7 6 6 6 6 6 6 6 6 6 6 6 6 
0.3 1e+07 1e+07 1e+07 1e+07 1e+07 1e+07 1e+07 1e+07 1e+07 1e+07 1e+07 1e+07 1e+07 1e+07 1e+07 1e+07 1e+07 1e+07 4.75383e+06 3.38395e+06 7.23755e+06 22574 12942 1906 866 66 79 102 288 72 54 40 33 27 25 24 31 16 14 13 12 12 11 11 11 11 11 10 9 9 9 8 8 8 8 8 7 7 7 7 7 7 7 7 7 7 6 6 6 6 6 6 6 6 6 6 6 6 6 6 
0.31 1e+07 1e+07 1e+07 1e+07 1e+07 1e+07 1e+07 1e+07 1e+07 1e+07 1e+07 1e+07 1e+07 1e+07 1e+07 1e+07 1e+07 1e+07 5.30004e+06 3.12784e+06 37348 499 527 225 55 71 68 101 162 67 44 39 29 26 24 25 17 14 13 12 12 11 11 11 11 11 10 9 9 9 8 8 8 8 8 7 7 7 7 7 7 7 7 7 7 6 6 6 6 6 6 6 6 6 6 6 6 6 6 6 
