epsilon_k[0] 0.0001
epsilon_k[1] 2.18e-05
epsilon_k[2] 7.08e-05
epsilon_k[3] 2.54e-05
epsilon_k[4] 1e-05
epsilon_k[5] 7.8e-06
epsilon_k[6] 2.18e-05
omega_x0 0.168
omega_y0 0.201
dx 0.01
n_theta 100
dtheta 0.015708
epsilon 2
max_turns 10000000
from_angle 50
to_angle 55
0.785398 1e+07 1e+07 1e+07 1e+07 1e+07 1e+07 1e+07 1e+07 1e+07 1e+07 1e+07 1e+07 1e+07 1e+07 1e+07 1e+07 1e+07 1e+07 1e+07 1e+07 1e+07 1e+07 1e+07 1e+07 1e+07 1e+07 1e+07 1e+07 1e+07 1e+07 1e+07 1e+07 1e+07 1e+07 1e+07 1e+07 1e+07 1e+07 1e+07 1e+07 1e+07 3.74272e+06 1.69585e+06 2.15457e+06 1.01365e+06 308700 106111 59280 10829 105681 17388 3795 6736 4171 8010 945 1808 1370 1471 1060 720 53 257 121 78 227 19 822 65 13 12 11 11 11 10 10 10 10 10 10 10 10 10 9 9 9 9 9 9 9 9 10 10 10 10 10 11 13 13 12 
0.801106 1e+07 1e+07 1e+07 1e+07 1e+07 1e+07 1e+07 1e+07 1e+07 1e+07 1e+07 1e+07 1e+07 1e+07 1e+07 1e+07 1e+07 1e+07 1e+07 1e+07 1e+07 1e+07 1e+07 1e+07 1e+07 1e+07 1e+07 1e+07 1e+07 1e+07 1e+07 1e+07 1e+07 1e+07 1e+07 1e+07 1e+07 1e+07 1e+07 1e+07 1e+07 3.51213e+06 774381 1.80157e+06 1.72264e+06 6.74627e+06 115069 45109 13110 20334 46331 4997 2106 3609 1562 710 4321 1021 804 2034 294 279 50 1551 219 69 19 130 380 14 12 11 11 11 11 11 10 10 10 10 10 10 10 10 11 11 12 12 24 12 13 14 12 11 11 11 15 12 15 11 
0.816814 1e+07 1e+07 1e+07 1e+07 1e+07 1e+07 1e+07 1e+07 1e+07 1e+07 1e+07 1e+07 1e+07 1e+07 1e+07 1e+07 1e+07 1e+07 1e+07 1e+07 1e+07 1e+07 1e+07 1e+07 1e+07 1e+07 1e+07 1e+07 1e+07 1e+07 1e+07 1e+07 1e+07 1e+07 1e+07 1e+07 1e+07 1e+07 1e+07 1e+07 1e+07 2.85354e+06 1.81276e+06 6.03544e+06 531261 447300 205890 40537 33916 3141 9517 29573 4166 1411 4789 1049 2869 1601 293 84 454 47 135 48 124 108 187 19 52 21 109 13 12 12 12 12 12 13 13 16 14 18 16 13 19 14 14 12 11 11 13 16 13 15 10 10 10 10 10 14 
0.832522 1e+07 1e+07 1e+07 1e+07 1e+07 1e+07 1e+07 1e+07 1e+07 1e+07 1e+07 1e+07 1e+07 1e+07 1e+07 1e+07 1e+07 1e+07 1e+07 1e+07 1e+07 1e+07 1e+07 1e+07 1e+07 1e+07 1e+07 1e+07 1e+07 1e+07 1e+07 1e+07 1e+07 1e+07 1e+07 1e+07 1e+07 1e+07 5.78972e+06 1e+07 1e+07 1e+07 5.09217e+06 2.52861e+06 3.78136e+06 1e+07 290123 367874 23378 6940 6401 1671 2156 924 660 1000 424 313 140 295 36 788 73 217 288 112 190 32 49 19 18 18 18 20 27 24 16 22 14 15 27 15 13 12 11 12 18 17 13 16 11 10 11 13 12 11 9 9 9 8 
0.84823 1e+07 1e+07 1e+07 1e+07 1e+07 1e+07 1e+07 1e+07 1e+07 1e+07 1e+07 1e+07 1e+07 1e+07 1e+07 1e+07 1e+07 1e+07 1e+07 1e+07 1e+07 1e+07 1e+07 1e+07 1e+07 1e+07 1e+07 1e+07 1e+07 1e+07 1e+07 1e+07 1e+07 1e+07 1e+07 1e+07 1e+07 1e+07 9.98441e+06 3.86412e+06 1.37667e+06 5.80227e+06 1.18071e+06 7.44487e+06 648295 1.78616e+06 1.24601e+06 272991 53829 261848 21112 3321 2103 5230 36608 636 580 631 656 75 93 29 20 82 35 57 116 120 32 207 101 19 17 19 23 17 33 16 19 13 12 12 12 17 19 14 24 13 17 16 13 11 10 10 9 8 7 7 7 7 
