epsilon_k[0]0.1
epsilon_k[0]2.18e-05
epsilon_k[0]7.08e-05
epsilon_k[0]2.54e-05
epsilon_k[0]1e-05
epsilon_k[0]7.8e-06
epsilon_k[0]0.218
omega_x01.05558
omega_y01.26292
dx 0.01
n_theta 100
dtheta 0.00785398
epsilon 6
max_turns 10000000
from_angle 40
to_angle 48
0.314159 1e+07 1e+07 16175 2105 1290 848 
0.322013 1e+07 9.57782e+06 15671 2074 1191 843 
0.329867 1e+07 1.36245e+06 15673 2038 1165 774 
0.337721 1e+07 1.50718e+06 15819 1982 1162 1065 539 
0.345575 1e+07 1.97523e+06 15460 1951 1166 993 
0.353429 1e+07 1.01348e+06 15351 1934 1258 1072 539 
0.361283 1e+07 593253 15342 1930 1385 770 
0.369137 1e+07 690130 15341 1858 1858 763 
