epsilon_k[0] 0.0001
epsilon_k[1] 2.18e-05
epsilon_k[2] 7.08e-05
epsilon_k[3] 2.54e-05
epsilon_k[4] 1e-05
epsilon_k[5] 7.8e-06
epsilon_k[6] 2.18e-05
omega_x0 0.168
omega_y0 0.201
dx 0.01
epsilon 4
max_turns 10000000
from_y 56
to_y 64
0.56 7465 757 4698 1435 699 331 2036 6385 396 1294 512 390 611 339 902 489 197 310 202 1400 106 102 84 67 142 85 56 634 106 39 68 52 25 45 72 116 105 156 50 43 61 53 65 45 19 20 16 17 33 27 20 19 22 11 10 10 10 10 9 9 9 9 9 10 10 11 13 14 15 12 13 22 15 32 24 20 33 16 19 10 
0.57 3345 2044 14804 8507 737 418 1091 869 1036 306 366 421 382 105 449 498 260 415 62 62 166 50 33 151 86 67 603 64 84 127 110 115 270 95 975 64 148 37 37 81 820 65 87 15 14 14 51 85 19 15 21 15 20 15 11 10 10 10 9 9 9 9 9 9 9 10 10 12 13 14 12 13 26 15 23 29 20 47 14 19 
0.58 1162 1000 599 3339 1035 677 3446 875 524 286 413 516 1080 119 92 291 60 126 159 59 34 191 88 99 27 75 183 434 98 101 130 102 168 316 80 26 27 67 53 109 55 59 87 31 21 14 13 13 13 14 20 15 21 14 20 12 10 10 10 9 9 9 9 9 9 9 9 10 11 13 14 12 13 17 20 18 15 14 17 22 
0.59 1722 350 8483 213 585 226 1212 862 270 1952 450 362 115 141 60 52 26 53 137 83 64 241 416 115 125 225 706 135 105 82 434 144 24 30 68 52 45 62 84 50 37 35 32 157 376 55 64 24 14 13 12 12 22 15 15 17 16 10 10 9 9 9 9 9 9 9 9 9 10 11 12 14 12 14 15 20 14 16 27 12 
0.6 918 482 311 1066 525 757 575 313 195 323 386 164 69 188 122 25 139 87 47 236 168 57 1254 77 71 59 84 82 56 42 24 75 163 33 28 209 237 70 25 23 21 34 41 35 42 71 30 31 36 19 33 13 12 12 16 15 13 14 11 10 9 9 9 9 9 9 9 9 9 9 10 12 15 11 16 14 14 13 16 15 
0.61 18987 4016 1084 364 566 148 679 187 264 186 204 187 77 40 24 31 90 35 25 268 60 314 60 189 150 6627 133 86 82 154 66 37 41 35 37 55 47 101 70 37 33 15 14 14 15 21 35 41 43 65 42 23 23 13 12 12 18 20 19 11 10 9 9 9 9 9 9 9 9 9 9 10 13 20 11 15 28 11 13 12 
0.62 1830 2931 281 602 991 239 303 241 306 485 206 123 144 36 34 100 1526 47 196 52 57 116 40 134 53 32 26 35 29 22 56 56 33 86 86 29 48 29 30 38 165 45 58 48 27 18 15 13 16 17 18 29 18 17 15 13 12 12 16 13 12 10 9 9 9 9 9 9 9 9 9 9 10 13 15 11 17 24 11 14 
0.63 799 273 236 742 786 408 88 246 122 126 79 177 44 24 99 36 77 589 131 91 63 71 63 62 287 18 33 46 105 76 61 209 19 18 59 38 31 16 17 26 39 25 16 16 19 20 41 26 16 22 13 17 20 15 15 15 15 12 11 12 21 15 10 9 9 9 9 9 8 8 9 9 9 9 13 13 11 14 11 10 
