epsilon_k[0] 0.0001
epsilon_k[1] 2.18e-05
epsilon_k[2] 7.08e-05
epsilon_k[3] 2.54e-05
epsilon_k[4] 1e-05
epsilon_k[5] 7.8e-06
epsilon_k[6] 2.18e-05
omega_x0 0.168
omega_y0 0.201
dx 0.01
epsilon 32
max_turns 10000000
from_y 48
to_y 56
0.48 5.60365e+06 3.20117e+06 967778 259944 70520 70520 49014 38259 21212 3051 3051 1500 1500 1500 1500 989 
0.49 1.60372e+06 1.60372e+06 648821 191971 191971 49980 48200 10417 1274 1274 940 
0.5 146572 146572 94217 46447 46447 46447 43522 8304 1235 1235 1235 1235 1235 1023 1023 1023 369 
0.51 1.3309e+06 367681 48983 36045 36045 36045 21054 6848 3234 659 
0.52 450820 450820 56999 56999 9104 9104 5095 1061 1011 1011 1011 1011 1011 1011 1011 840 
0.53 102116 71562 20677 18949 2006 2006 2006 1020 768 
0.54 627737 31999 9832 2922 2244 2244 2244 2244 1527 1527 1527 333 
0.55 30377 5672 1603 1603 1116 714 
