epsilon_k[0] 0.1
epsilon_k[0] 2.18e-05
epsilon_k[0] 7.08e-05
epsilon_k[0] 2.54e-05
epsilon_k[0] 1e-05
epsilon_k[0] 7.8e-06
epsilon_k[0] 0.218
omega_x0 0.31
omega_y0 0.32
dx 0.01
n_theta 100
dtheta 0.00785398
epsilon 2
max_turns 10000000
from_angle 64
to_angle 72
0.502655 1e+07 1e+07 1e+07 1e+07 28379 7543 3204 2982 2815 2193 1373 1272 1272 1272 532 
0.510509 1e+07 1e+07 1e+07 1e+07 29247 7542 3206 2982 2911 2169 1370 1271 1271 1271 832 
0.518363 1e+07 1e+07 1e+07 1e+07 28310 7543 3274 2982 2917 2189 1382 1272 1272 1272 816 
0.526217 1e+07 1e+07 1e+07 1e+07 104278 7615 3531 2982 2845 2307 1685 1272 1272 1272 606 
0.534071 1e+07 1e+07 1e+07 1e+07 48182 7547 3678 2983 2702 2413 1909 1271 1271 1271 591 
0.541925 1e+07 1e+07 1e+07 1e+07 54190 7401 3924 2984 2730 2730 2730 1270 1270 1270 596 
0.549779 1e+07 1e+07 1e+07 1e+07 84117 7381 6927 3002 2967 2967 2243 1275 1275 1275 597 
0.557633 1e+07 1e+07 1e+07 1e+07 36897 7398 4146 3036 2845 2665 1908 1300 1300 1300 677 
0.565487 1e+07 1e+07 1e+07 1e+07 30696 7453 5805 3037 2381 2334 1908 1302 1302 1302 1302 567 
