epsilon_k[0] 0.0001
epsilon_k[1] 2.18e-05
epsilon_k[2] 7.08e-05
epsilon_k[3] 2.54e-05
epsilon_k[4] 1e-05
epsilon_k[5] 7.8e-06
epsilon_k[6] 2.18e-05
omega_x0 0.31
omega_y0 0.32
dx 0.01
epsilon 12
max_turns 10000000
from_y 0
to_y 8
0 1e+07 1e+07 1e+07 1e+07 1e+07 1e+07 1e+07 1e+07 1e+07 1e+07 1e+07 1e+07 1e+07 1e+07 1e+07 1e+07 1e+07 1e+07 1e+07 1e+07 1e+07 1e+07 1e+07 1e+07 1e+07 1e+07 1e+07 1e+07 1e+07 1e+07 1e+07 1e+07 1e+07 1e+07 1e+07 1e+07 1e+07 1e+07 1e+07 1e+07 1e+07 1e+07 1e+07 1e+07 1e+07 1e+07 1e+07 1e+07 1e+07 1e+07 90502 67377 8168 19330 19458 3416 3419 8277 9775 164 128 72 95 645 959 72 49 49 49 59 33 27 61 23 16 17 16 39 14 13 
0.01 1e+07 1e+07 1e+07 1e+07 1e+07 1e+07 1e+07 1e+07 1e+07 1e+07 1e+07 1e+07 1e+07 1e+07 1e+07 1e+07 1e+07 1e+07 1e+07 1e+07 1e+07 1e+07 1e+07 8728 81 55 48 47 37 34 32 30 29 28 27 26 26 24 22 20 20 19 18 18 17 17 16 16 16 16 16 15 15 15 14 14 14 14 14 14 14 14 14 14 14 14 15 16 16 15 14 14 13 13 12 12 12 12 11 10 
0.02 1e+07 1e+07 1e+07 1e+07 1e+07 1e+07 1e+07 1e+07 1e+07 1e+07 1e+07 1e+07 1e+07 1e+07 1e+07 1e+07 1e+07 1e+07 1e+07 1e+07 1e+07 1e+07 1e+07 921 55 47 38 34 32 30 28 27 27 26 23 21 20 19 18 17 17 16 16 16 15 15 14 14 14 13 13 13 13 13 13 13 13 13 13 13 12 12 12 12 12 12 12 12 12 12 13 17 13 12 11 11 11 11 10 10 
0.03 1e+07 1e+07 1e+07 1e+07 1e+07 1e+07 1e+07 1e+07 1e+07 1e+07 1e+07 1e+07 1e+07 1e+07 1e+07 1e+07 1e+07 1e+07 1e+07 1e+07 1e+07 1e+07 387223 74 49 37 33 31 29 28 28 25 22 20 19 18 18 17 16 16 15 15 15 14 14 14 13 13 13 13 13 13 13 12 12 12 12 11 11 11 11 11 11 11 10 10 10 10 11 11 11 12 14 12 11 11 11 10 9 9 
0.04 1e+07 1e+07 1e+07 1e+07 1e+07 1e+07 1e+07 1e+07 1e+07 1e+07 1e+07 1e+07 1e+07 1e+07 1e+07 1e+07 1e+07 1e+07 1e+07 25547 1e+07 1e+07 143213 54 39 34 31 29 28 28 23 21 20 19 18 17 16 16 15 15 15 14 14 13 13 13 13 13 12 12 12 12 12 11 11 11 11 11 10 10 10 10 10 10 10 10 10 10 10 10 11 11 13 13 13 11 10 9 9 8 
0.05 1e+07 1e+07 1e+07 1e+07 1e+07 1e+07 1e+07 1e+07 1e+07 1e+07 1e+07 1e+07 1e+07 1e+07 1e+07 1e+07 1e+07 1e+07 1e+07 1422 1e+07 1e+07 6988 48 35 32 30 29 26 22 21 19 18 17 17 16 16 15 15 14 14 13 13 13 13 12 12 12 12 12 11 11 11 11 11 10 10 10 10 10 10 10 10 10 10 10 10 10 10 10 11 12 14 13 10 9 9 9 8 8 
0.06 1e+07 1e+07 1e+07 1e+07 1e+07 1e+07 1e+07 1e+07 1e+07 1e+07 1e+07 1e+07 1e+07 1e+07 1e+07 1e+07 1e+07 1e+07 1e+07 491 3601 1e+07 78 38 33 31 30 25 22 20 19 18 17 16 16 15 15 14 14 14 13 13 13 13 12 12 12 12 11 11 11 11 11 10 10 10 10 10 10 10 10 10 9 9 9 10 10 10 10 11 11 11 11 10 9 9 8 8 8 8 
0.07 1e+07 1e+07 1e+07 1e+07 1e+07 1e+07 1e+07 1e+07 1e+07 1e+07 1e+07 1e+07 1e+07 1e+07 1e+07 1e+07 1e+07 1e+07 1931 370 5998 104202 57 35 32 32 25 22 20 19 18 17 16 16 15 15 14 14 13 13 13 13 12 12 12 12 11 11 11 11 11 10 10 10 10 10 10 10 10 9 9 9 9 9 9 9 9 10 10 10 10 10 12 9 9 8 8 8 8 8 
