epsilon_k[0] 0.0001
epsilon_k[1] 2.18e-05
epsilon_k[2] 7.08e-05
epsilon_k[3] 2.54e-05
epsilon_k[4] 1e-05
epsilon_k[5] 7.8e-06
epsilon_k[6] 2.18e-05
omega_x0 0.168
omega_y0 0.201
dx 0.01
epsilon 1
max_turns 10000000
from_y 40
to_y 48
0.4 1e+07 1e+07 1e+07 1e+07 1e+07 1e+07 1e+07 1e+07 1e+07 1e+07 1e+07 1e+07 1.05335e+06 617002 537210 134526 58713 43619 150566 745398 9988 9628 18166 320434 7132 436524 9554 7978 23440 24205 14986 15128 1456 1259 918 3273 4208 1138 472 1078 414 478 782 203 200 312 90 2957 354 130 205 90 200 124 100 628 639 546 358 656 143 107 111 29 48 45 40 68 61 33 72 188 197 52 52 112 130 31 45 42 
0.41 1e+07 1e+07 1e+07 1e+07 1e+07 1e+07 1e+07 1e+07 1e+07 1e+07 4.74606e+06 1e+07 3.16496e+06 84485 252228 112241 63272 34367 22880 14811 10464 5974 864 6743 4159 2767 90277 21338 12172 2645 3935 2080 2873 2091 734 725 7371 188 23878 314 1993 12332 520 467 2009 410 52 51 51 98 58 220 177 68 72 310 223 182 253 79 116 133 174 197 118 93 29 41 384 60 62 58 62 66 187 57 33 73 28 55 
0.42 1e+07 1e+07 1e+07 1e+07 1e+07 1e+07 1e+07 1e+07 1e+07 2.22107e+06 1.88421e+06 2.01249e+06 288026 106042 22245 63449 27996 228929 35796 49400 4758 4721 4739 1825 4290 16404 34238 31960 2438 1493 21511 4380 2796 1938 4527 797 1938 899 312 412 45 418 291 365 78 62 97 84 268 163 38 124 755 3388 81 564 114 281 225 185 36 36 193 53 62 37 36 42 159 61 120 189 45 24 50 18 19 27 33 63 
0.43 1e+07 1e+07 1e+07 1e+07 1e+07 1e+07 1e+07 9.47033e+06 1e+07 1e+07 654158 177958 35514 56623 110230 21229 19919 12252 18995 3552 7857 3888 3152 6495 9261 1582 18226 3364 3042 11148 854 13538 775 17358 1329 454 1066 248 193 178 89 73 96 242 59 216 53 33 267 109 27 112 80 116 87 44 42 515 73 76 65 132 169 103 51 83 44 28 32 133 66 51 489 80 24 34 27 31 15 26 
0.44 1e+07 1e+07 1e+07 1e+07 1e+07 1e+07 1e+07 1e+07 1e+07 613274 201262 46845 441198 71631 7727 14872 7496 20559 2921 3265 1421 14020 5095 3569 3786 1406 1015 3555 1741 11473 3656 524 837 635 213 667 419 2108 602 118 97 722 110 94 198 40 597 79 391 154 105 176 39 117 26 80 44 66 85 632 242 98 51 27 39 27 119 33 27 157 45 240 161 37 19 61 29 66 27 18 
0.45 1e+07 1e+07 1e+07 1e+07 1e+07 9.80052e+06 7.33744e+06 1e+07 1.39024e+06 131920 1.42686e+06 62215 76891 34965 12484 9276 8222 1546 1072 1657 21872 2044 8748 11193 1680 7473 4113 2453 2877 1317 3481 5823 521 2793 573 340 4159 270 190 54 38 57 115 205 90 189 615 133 191 247 302 280 339 38 89 141 20 76 311 221 716 314 39 40 145 198 67 40 52 48 104 166 49 22 39 44 22 19 19 26 
0.46 1e+07 1e+07 1e+07 1e+07 1e+07 3.80326e+06 622554 397048 873611 87141 15822 469938 62874 4097 3555 18216 15482 1223 5210 1122 1968 4785 2478 759 4586 1799 2032 24565 3800 1373 6833 823 484 3146 170 463 116 91 102 39 27 21 354 4665 153 62 34 26 20 19 19 119 197 157 214 66 26 18 86 197 118 60 84 57 451 49 39 86 79 35 28 58 77 18 37 26 22 18 75 27 
0.47 1e+07 1e+07 1e+07 1e+07 2.37464e+06 1e+07 1.13419e+06 46541 82223 5685 23126 38778 20187 9359 22577 1092 2867 980 6599 3500 1610 16798 2294 5824 1968 1394 16988 2262 898 903 878 1133 4395 177 671 182 269 39 65 276 71 19 27 478 135 77 43 20 73 495 39 133 73 19 26 221 193 358 18 53 450 37 24 82 46 57 38 22 22 21 25 90 39 18 62 25 22 26 12 10 
