epsilon_k[0] 0.0001
epsilon_k[1] 2.18e-05
epsilon_k[2] 7.08e-05
epsilon_k[3] 2.54e-05
epsilon_k[4] 1e-05
epsilon_k[5] 7.8e-06
epsilon_k[6] 2.18e-05
omega_x0 0.168
omega_y0 0.201
dx 0.01
epsilon 64
max_turns 10000000
from_y 64
to_y 72
0.64 100 2857 731 281 814 271 352 92 162 77 76 82 152 153 50 55 272 273 41 76 44 67 78 41 156 36 39 35 56 53 22 32 47 21 22 22 19 72 17 16 16 16 25 41 16 17 22 14 18 17 16 13 25 14 22 58 13 20 13 11 12 18 15 10 9 9 9 9 8 8 8 8 9 9 9 12 12 13 15 10 
0.65 231 328 486 140 162 412 123 150 235 96 55 53 62 24 46 41 159 24 143 108 59 84 54 121 24 18 29 21 24 51 127 19 18 25 22 10 9 9 9 9 9 9 9 9 9 9 10 17 19 13 13 12 15 13 14 14 30 18 14 19 13 11 17 13 11 10 9 9 8 8 8 8 8 9 9 9 12 11 24 11 
0.66 1030 129 126 146 138 72 141 417 47 36 109 47 51 23 24 25 42 41 195 79 39 99 44 78 18 30 48 23 43 20 19 83 10 9 9 8 8 8 8 8 8 8 8 8 8 8 8 8 8 9 10 15 13 11 12 16 12 15 11 12 15 17 12 11 19 13 10 9 9 8 8 8 8 8 8 9 10 12 11 12 
0.67 442 397 203 5261 110 92 123 137 102 31 266 43 60 35 34 56 47 139 91 288 156 40 88 33 22 35 60 39 27 40 10 9 8 8 8 8 8 8 7 7 7 7 7 7 7 7 7 7 8 8 8 8 8 9 10 12 11 13 12 18 11 11 15 17 11 17 13 10 9 9 8 8 8 8 8 8 9 10 15 11 
0.68 67 52 92 183 79 56 103 47 121 29 115 27 34 66 17 100 113 105 325 29 29 37 23 22 24 98 38 73 14 9 8 8 8 8 7 7 7 7 7 7 7 7 7 7 7 7 7 7 7 7 7 7 7 8 8 8 9 14 10 12 13 11 10 11 12 19 11 14 11 9 9 8 8 8 8 8 8 9 10 25 
0.69 59 87 56 80 289 1486 324 316 197 29 75 34 35 38 17 23 49 145 89 93 60 44 17 105 284 16 39 10 9 8 8 8 7 7 7 7 7 7 7 7 7 7 7 7 7 7 7 7 7 7 7 7 7 7 7 7 8 8 9 10 10 12 16 10 10 11 12 11 15 16 9 9 8 8 8 8 8 8 9 10 
0.7 78 66 89 63 86 105 52 106 43 29 129 44 35 31 17 60 48 34 40 47 53 48 20 46 16 53 10 8 8 8 8 7 7 7 7 7 7 7 7 7 7 7 7 7 7 7 7 7 7 7 7 7 7 7 7 7 7 7 7 8 8 10 9 12 12 10 10 12 17 12 19 10 9 8 8 8 8 8 8 9 
0.71 100 29 35 70 96 223 71 119 37 86 33 94 26 17 27 166 28 42 28 55 61 23 16 90 32 10 8 8 8 7 7 7 7 7 7 7 7 7 7 7 6 6 6 6 6 6 6 6 6 6 6 6 6 6 7 7 7 7 7 7 7 8 8 9 9 12 10 9 10 12 11 13 10 9 8 8 8 8 8 8 
