epsilon_k[0] 0.0001
epsilon_k[1] 2.18e-05
epsilon_k[2] 7.08e-05
epsilon_k[3] 2.54e-05
epsilon_k[4] 1e-05
epsilon_k[5] 7.8e-06
epsilon_k[6] 2.18e-05
omega_x0 0.168
omega_y0 0.201
dx 0.01
epsilon 10
max_turns 10000000
from_y 24
to_y 32
0.24 1e+07 1e+07 1e+07 1e+07 1e+07 1e+07 1e+07 1e+07 1e+07 1e+07 1e+07 1e+07 1e+07 1e+07 1e+07 1e+07 1e+07 1e+07 1e+07 1e+07 1e+07 1e+07 1e+07 1e+07 1e+07 1e+07 1e+07 1e+07 1e+07 1e+07 1e+07 1e+07 1e+07 1e+07 1e+07 1e+07 1e+07 1e+07 1e+07 5.24473e+06 5.24473e+06 1.63487e+06 1.63487e+06 643798 643798 151110 74110 31046 31046 19565 7467 6702 2293 1735 1735 1431 469 
0.25 1e+07 1e+07 1e+07 1e+07 1e+07 1e+07 1e+07 1e+07 1e+07 1e+07 1e+07 1e+07 1e+07 1e+07 1e+07 1e+07 1e+07 1e+07 1e+07 1e+07 1e+07 1e+07 1e+07 1e+07 1e+07 1e+07 1e+07 1e+07 1e+07 1e+07 1e+07 1e+07 1e+07 7.53931e+06 7.53931e+06 7.53931e+06 7.53931e+06 7.53931e+06 7.53931e+06 7.53931e+06 2.7975e+06 2.7975e+06 2.20376e+06 2.02536e+06 366472 366472 86921 86921 19362 13730 2452 2452 2452 2452 2452 2452 1595 1595 795 
0.26 1e+07 1e+07 1e+07 1e+07 1e+07 1e+07 1e+07 1e+07 1e+07 1e+07 1e+07 1e+07 1e+07 1e+07 1e+07 1e+07 1e+07 1e+07 1e+07 1e+07 1e+07 1e+07 1e+07 1e+07 1e+07 1e+07 1e+07 1e+07 1e+07 1e+07 5.10787e+06 5.10787e+06 5.10787e+06 5.10787e+06 5.10787e+06 5.10787e+06 5.10787e+06 5.10787e+06 5.10787e+06 2.01278e+06 2.01278e+06 2.01278e+06 267122 109037 109037 109037 38577 8361 8361 8361 8361 3236 3236 3236 953 
0.27 1e+07 1e+07 1e+07 1e+07 1e+07 1e+07 1e+07 1e+07 1e+07 1e+07 1e+07 1e+07 1e+07 1e+07 1e+07 1e+07 1e+07 1e+07 1e+07 1e+07 1e+07 1e+07 1e+07 1e+07 5.93991e+06 5.93991e+06 5.93991e+06 3.39412e+06 3.39412e+06 1.3434e+06 1.3434e+06 1.3434e+06 1.3434e+06 1.3434e+06 1.3434e+06 1.3434e+06 1.3434e+06 711156 711156 711156 711156 170551 170551 170551 159314 48618 48618 10400 10283 8906 4962 2557 2557 1243 1243 483 
0.28 1e+07 1e+07 1e+07 1e+07 1e+07 1e+07 1e+07 1e+07 1e+07 1e+07 1e+07 1e+07 1e+07 1e+07 1e+07 1e+07 1e+07 1e+07 1e+07 1e+07 1e+07 1e+07 1e+07 1e+07 678782 678782 678782 678782 678782 678782 678782 678782 678782 678782 659279 659279 659279 659279 383440 383440 383440 383440 383440 233952 103686 11581 11581 11581 11581 7752 7752 4678 976 
0.29 1e+07 1e+07 1e+07 1e+07 1e+07 1e+07 1e+07 1e+07 1e+07 1e+07 1e+07 1e+07 1e+07 1e+07 1e+07 1e+07 1e+07 1e+07 1e+07 1e+07 1e+07 1e+07 1e+07 1e+07 1e+07 665994 529088 230660 230660 230660 230660 230660 230660 230660 230660 230660 230660 230660 230660 111183 111183 55379 43597 43597 36642 10926 4194 4194 4173 4173 1867 1867 1867 305 
0.3 1e+07 1e+07 1e+07 1e+07 1e+07 1e+07 1e+07 1e+07 1e+07 1e+07 1e+07 1e+07 1e+07 1e+07 1e+07 1e+07 1e+07 1e+07 1e+07 1e+07 1e+07 1e+07 1e+07 2.3266e+06 1.16608e+06 326522 316060 316060 234465 209186 209186 209186 209186 209186 209186 209186 209186 209186 209186 209186 94152 28363 28363 7013 7013 7013 7013 7013 5488 4760 4760 2196 2196 1691 1691 1691 1435 663 
0.31 1e+07 1e+07 1e+07 1e+07 1e+07 1e+07 1e+07 1e+07 1e+07 1e+07 1e+07 1e+07 1e+07 1e+07 1e+07 1e+07 1e+07 1e+07 1e+07 1e+07 1e+07 1e+07 1e+07 1e+07 2.5747e+06 1.33889e+06 323542 323542 323542 107955 107955 107955 107955 107955 107955 107955 107955 104465 74153 74153 19628 19628 8381 8381 5241 5241 5241 5241 5241 2641 2641 2641 910 
