epsilon_k[0] 0.0001
epsilon_k[1] 2.18e-05
epsilon_k[2] 7.08e-05
epsilon_k[3] 2.54e-05
epsilon_k[4] 1e-05
epsilon_k[5] 7.8e-06
epsilon_k[6] 2.18e-05
omega_x0 0.168
omega_y0 0.201
dx 0.01
n_theta 100
dtheta 0.015708
epsilon 36
max_turns 10000000
from_angle 55
to_angle 60
0.863938 1e+07 1e+07 1e+07 1e+07 1e+07 1e+07 1e+07 1e+07 1e+07 1e+07 1e+07 1e+07 1e+07 1e+07 1e+07 1e+07 1e+07 1e+07 1e+07 1e+07 1e+07 1e+07 1e+07 1e+07 1e+07 1e+07 1e+07 1e+07 1e+07 1e+07 1e+07 1e+07 1e+07 1.50865e+06 5.40129e+06 730647 975213 297912 646237 179265 3.61354e+06 254580 135870 276807 58485 216883 43124 22953 29577 4064 4880 4725 7358 4756 2248 1963 569 315 321 74 1662 27 76 20 18 18 17 17 17 18 36 49 32 54 24 16 19 14 12 12 13 18 17 14 36 20 18 12 13 10 13 9 8 7 7 7 7 7 6 6 
0.879646 1e+07 1e+07 1e+07 1e+07 1e+07 1e+07 1e+07 1e+07 1e+07 1e+07 1e+07 1e+07 1e+07 1e+07 1e+07 1e+07 1e+07 1e+07 1e+07 1e+07 1e+07 1e+07 1e+07 1e+07 1e+07 1e+07 1e+07 1e+07 1e+07 1e+07 1e+07 1e+07 1e+07 1e+07 2.25537e+06 605167 1e+07 1.82314e+06 1e+07 507612 459780 156447 47304 83029 142447 35285 14722 20551 24159 11998 4628 3359 11809 158714 1448 1461 307 596 541 62 166 87 167 51 74 345 39 32 34 79 62 63 22 15 23 15 12 12 14 19 18 15 15 19 12 14 11 12 9 8 8 7 7 7 7 6 6 6 6 6 
0.895354 1e+07 1e+07 1e+07 1e+07 1e+07 1e+07 1e+07 1e+07 1e+07 1e+07 1e+07 1e+07 1e+07 1e+07 1e+07 1e+07 1e+07 1e+07 1e+07 1e+07 1e+07 1e+07 1e+07 1e+07 1e+07 1e+07 1e+07 1e+07 1e+07 1e+07 1e+07 1e+07 1e+07 1e+07 1e+07 1e+07 1.42574e+06 404618 817326 1.11766e+06 47547 2.24055e+06 42870 38379 36571 10904 48695 25680 16019 4876 4436 2965 4733 1196 9081 5467 191 3706 232 141 93 256 73 77 46 75 39 151 126 83 27 16 17 20 13 13 14 19 21 23 18 17 13 19 12 12 9 8 7 7 7 7 7 6 6 6 6 6 6 6 
0.911062 1e+07 1e+07 1e+07 1e+07 1e+07 1e+07 1e+07 1e+07 1e+07 1e+07 1e+07 1e+07 1e+07 1e+07 1e+07 1e+07 1e+07 1e+07 1e+07 1e+07 1e+07 1e+07 1e+07 1e+07 1e+07 1e+07 1e+07 1e+07 1e+07 1e+07 1e+07 1e+07 1e+07 1e+07 1e+07 1e+07 1.94771e+06 491869 1e+07 1e+07 241647 457059 435518 15796 308812 61777 8922 18389 42071 3206 1975 2912 1203 8616 816 668 4325 425 452 424 256 49 37 61 64 42 35 33 125 137 16 19 24 13 14 22 123 27 20 18 13 18 17 14 9 8 7 7 7 7 7 6 6 6 6 6 6 6 6 6 
0.92677 1e+07 1e+07 1e+07 1e+07 1e+07 1e+07 1e+07 1e+07 1e+07 1e+07 1e+07 1e+07 1e+07 1e+07 1e+07 1e+07 1e+07 1e+07 1e+07 1e+07 1e+07 1e+07 1e+07 1e+07 1e+07 1e+07 1e+07 1e+07 1e+07 1e+07 1e+07 1e+07 1e+07 1e+07 1e+07 1e+07 1e+07 3.45736e+06 147277 1e+07 885844 194620 19962 91913 33904 35915 6704 5272 255450 6699 1603 10047 3958 2058 1591 3416 5327 1306 270 152 1461 49 466 450 125 40 101 45 18 16 19 52 14 27 29 45 32 26 13 36 20 22 9 8 8 7 7 7 7 6 6 6 6 6 6 6 6 6 6 6 
