epsilon_k[0] 0.0001
epsilon_k[1] 2.18e-05
epsilon_k[2] 7.08e-05
epsilon_k[3] 2.54e-05
epsilon_k[4] 1e-05
epsilon_k[5] 7.8e-06
epsilon_k[6] 2.18e-05
omega_x0 0.28
omega_y0 0.31
dx 0.001
epsilon 2
max_turns 10000000
from_y 400
to_y 480
0.4 182 95 231 77 77 153 574 51 49 49 48 49 50 59 250 533 376 170 102 150 172 132 345 575 268 1056 208 498 95 382 402 141 548 1786 429 970 321 1782 3322 6011 1192 2550 5314 12520 146746 80730 61904 44519 146604 1.44117e+06 3.44653e+06 1.82096e+06 481689 1.65479e+06 4.52379e+06 1e+07 1e+07 1e+07 1e+07 1e+07 1e+07 1e+07 1e+07 1e+07 1e+07 8.68273e+06 1e+07 7.70291e+06 1e+07 186996 257545 129475 1.07088e+06 235043 444938 6354 8685 951 1096 855 
0.401 203 378 275 96 101 75 417 252 54 50 49 48 48 49 51 234 199 825 371 132 186 104 597 433 136 993 95 124 122 98 371 213 373 941 202 151 200 284 1570 8989 1745 1323 9900 2591 8329 2772 9253 1e+07 1.41876e+06 124657 4.08847e+06 5.32171e+06 1e+07 1e+07 1e+07 1e+07 1e+07 1e+07 1e+07 1e+07 1e+07 1e+07 1e+07 1e+07 1e+07 9.66941e+06 7.67387e+06 1.88489e+06 665243 905546 1.68841e+06 11553 6091 25821 45123 31077 21091 1490 2572 2494 
0.402 331 132 193 243 358 257 304 75 118 100 51 49 48 48 48 49 52 79 595 804 219 102 287 1042 310 528 375 94 67 123 577 237 545 395 606 154 1750 208 824 1239 715 2374 1434 8172 1471 4489 285837 8863 570096 151507 344969 2.21604e+06 5.05331e+06 6.41963e+06 6.02902e+06 1e+07 1.93209e+06 1e+07 1e+07 1e+07 1e+07 5.78568e+06 1e+07 5.99341e+06 4.75491e+06 8.72468e+06 1e+07 212284 351629 98941 161376 675051 13593 13786 3851 21765 9562 1924 5868 670 
0.403 173 267 307 140 238 248 141 868 124 75 218 56 50 48 48 48 48 49 54 105 677 1706 749 117 976 525 228 222 102 64 69 167 213 165 2029 179 272 225 979 554 222 703 446 457 3944 7079 1585 2681 13233 1.4364e+06 133617 1.96447e+06 689304 352034 1.34572e+06 852310 1.65966e+06 9.81428e+06 561750 777931 1.09473e+06 1.84704e+06 2.06067e+06 504366 1.03364e+06 3.54654e+06 1.25755e+06 2.98195e+06 1.50727e+06 323878 56231 110941 9544 2930 5276 935 841 631 5152 358 
0.404 64 55 203 93 119 153 402 235 116 485 77 111 247 52 49 48 47 47 48 50 301 624 471 144 146 943 127 87 250 622 63 64 119 633 105 963 509 390 682 225 262 1198 559 418 4876 11693 3360 4146 3329 18113 83634 8751 18732 69809 186113 432913 186179 303199 1.04154e+06 184532 1e+07 1.56877e+06 321379 164006 429790 379372 211061 175639 740327 810894 14400 12051 2618 5437 1020 680 440 994 716 550 
0.405 24 26 150 55 135 95 304 175 150 189 123 607 75 118 84 50 48 47 47 47 48 51 86 394 1497 101 76 796 997 334 173 62 63 720 217 131 151 1410 899 594 398 360 332 700 4180 2069 1518 4056 8494 2849 36733 5962 69574 12438 110154 881292 146132 204936 7.04932e+06 1e+07 1e+07 1e+07 1e+07 665286 783309 255084 272142 156003 76754 4226 24088 9299 3475 825 795 498 369 272 1055 788 
0.406 22 22 24 26 110 57 380 127 99 124 148 301 251 100 74 159 53 49 48 47 47 47 49 54 836 197 234 85 155 304 134 94 61 62 160 316 246 356 139 955 851 263 1129 3796 1623 4207 934 32891 1378 890 8668 3629 10243 4688 3725 21417 155810 735410 1e+07 1e+07 1e+07 1e+07 1e+07 1e+07 1e+07 1.34636e+06 2.81622e+06 10979 27119 14784 5426 5295 2103 2094 458 628 522 1205 250 1135 
0.407 21 21 22 22 24 26 109 88 239 112 94 112 148 251 90 363 77 122 50 48 47 47 47 47 49 80 211 282 103 75 521 305 180 61 61 161 154 917 107 301 134 529 686 808 954 1824 7305 880 1801 2112 2060 2638 866 7722 32127 393470 392844 1.57187e+06 1e+07 1e+07 1e+07 1e+07 1e+07 1e+07 1e+07 2.42232e+06 58312 99443 14076 12375 9392 4941 3701 1623 470 300 716 2780 204 568 
0.408 20 20 20 21 22 22 24 26 272 242 71 112 93 110 179 378 90 76 123 57 49 47 47 47 47 48 51 132 326 262 75 225 86 106 61 60 213 472 322 106 161 133 811 655 315 1341 2015 756 1696 648 531 525 1096 3579 1774 1286 5823 5210 10025 11793 60717 312005 350686 1.7859e+06 26953 57523 37400 27112 2301 2658 2759 2329 1677 1804 862 653 304 243 187 173 
0.409 19 19 20 20 20 21 22 22 24 26 221 81 69 110 92 109 215 224 159 74 116 51 48 47 46 46 47 48 215 316 568 250 80 261 673 61 60 65 92 717 106 193 148 1030 336 857 512 470 520 1051 312 636 264 256 1767 360 1937 4476 38514 29589 9139 62114 50450 553690 10062 20876 7385 1069 959 1428 915 849 1105 1915 2935 1161 366 486 189 210 
0.41 19 19 19 19 20 20 20 21 22 22 24 26 134 122 68 206 92 108 169 164 126 75 95 49 47 47 46 46 47 49 105 158 126 74 100 158 61 59 62 89 165 104 121 163 313 892 476 679 887 392 875 353 377 195 613 164 322 914 907 1960 3339 2258 13180 778 659 1267 1929 3280 585 616 586 290 1024 229 367 644 280 429 233 130 
0.411 18 18 19 19 19 19 20 20 20 21 22 22 24 26 89 259 69 122 91 107 170 114 159 157 53 48 47 46 46 47 48 52 118 344 76 172 125 63 59 61 88 134 112 138 201 391 660 1286 292 375 209 735 133 122 360 122 174 169 206 722 583 1261 678 723 602 660 246 299 275 1096 1063 463 153 1064 1016 180 224 178 180 190 
0.412 18 18 18 18 19 19 19 19 20 20 20 21 22 23 24 26 117 97 74 195 91 107 170 89 75 235 50 47 46 46 46 47 48 79 235 100 74 86 69 59 60 89 106 133 135 156 203 282 337 268 401 195 324 415 134 310 137 178 290 150 136 618 524 1808 367 296 154 137 137 154 604 1091 507 117 108 164 610 173 204 151 
0.413 17 18 18 18 18 18 19 19 19 19 20 20 20 21 22 23 24 27 53 67 128 94 91 114 149 89 74 84 49 47 46 46 46 47 50 162 235 73 99 123 59 59 116 866 118 179 181 671 195 224 344 122 107 77 78 84 116 80 77 76 512 559 230 241 225 307 354 117 98 92 93 155 609 379 137 122 273 390 188 124 
0.414 17 17 17 18 18 18 18 18 19 19 19 19 20 20 21 21 22 23 24 27 52 66 135 93 91 131 175 155 136 51 48 46 46 46 46 48 174 298 168 107 217 60 59 154 138 322 160 444 756 482 263 179 80 83 188 129 135 158 118 91 216 353 76 106 125 279 454 649 239 101 108 106 289 92 162 225 205 95 147 254 
0.415 17 17 17 17 17 18 18 18 18 18 19 19 19 19 20 20 21 21 22 23 24 28 56 67 92 94 91 144 14570 77 215 49 47 46 46 46 47 49 245 1073 72 85 61 58 66 113 134 1624 277 130 280 250 83 103 279 67 65 64 64 64 66 205 245 199 77 79 303 343 360 479 243 82 80 81 136 90 204 115 221 93 
0.416 17 17 17 17 17 17 17 18 18 18 18 18 19 19 19 19 20 20 21 21 22 23 25 30 79 222 90 167 91 320 90 74 55 48 46 46 46 46 47 66 159 75 100 64 58 61 184 221 221 254 153 391 95 105 72 64 65 68 72 69 66 64 63 64 144 94 339 76 120 181 151 110 80 166 84 78 167 90 146 103 
0.417 16 17 17 17 17 17 17 17 17 18 18 18 18 18 19 19 19 19 20 20 21 21 22 23 25 323 69 94 90 108 91 564 92 93 50 47 46 45 46 46 49 298 114 74 180 58 60 130 168 93 99 227 117 77 71 65 93 164 111 129 110 149 151 252 64 63 64 265 151 76 328 163 93 84 108 129 240 79 178 126 
0.418 16 16 16 16 17 17 17 17 17 17 17 18 18 18 18 18 19 19 19 19 20 20 21 21 22 23 26 244 65 93 90 243 136 143 239 111 48 46 45 45 46 47 54 172 72 85 59 59 210 251 88 101 150 185 157 65 169 169 42 41 40 41 42 71 157 167 127 63 63 176 119 87 105 136 82 56 54 55 319 79 
0.419 16 16 16 16 16 16 17 17 17 17 17 17 17 18 18 18 18 18 19 19 19 19 20 20 21 21 22 24 26 52 69 130 90 141 105 1746 74 51 47 46 45 45 46 48 118 100 823 60 58 90 183 115 171 135 133 65 753 45 40 38 38 37 37 38 38 40 72 110 95 63 62 178 202 330 163 82 55 52 51 53 
0.42 16 16 16 16 16 16 16 16 17 17 17 17 17 17 17 18 18 18 18 18 19 19 19 19 20 20 21 22 23 24 27 59 91 104 92 74 994 87 266 49 46 45 45 45 47 53 218 72 193 58 73 9651 207 209 116 119 67 201 39 37 37 36 36 36 36 36 37 38 42 219 179 63 62 175 74 130 123 56 51 50 
0.421 16 16 16 16 16 16 16 16 16 16 17 17 17 17 17 17 17 18 18 18 18 18 19 19 19 20 20 20 21 22 23 24 30 67 104 104 231 71 1761 79 55 47 46 45 45 46 48 131 75 88 58 60 75 138 94 121 153 218 40 37 36 36 35 35 35 35 35 36 36 37 40 159 296 63 62 96 76 154 104 51 
0.422 15 16 16 16 16 16 16 16 16 16 16 16 17 17 17 17 17 17 17 18 18 18 18 18 19 19 19 20 20 20 21 22 23 25 71 66 185 175 144 113 132 76 49 46 45 45 45 46 53 156 162 59 59 74 128 172 458 65 49 38 36 36 35 35 34 34 34 34 35 35 36 37 40 108 248 62 63 100 107 155 
0.423 15 15 15 16 16 16 16 16 16 16 16 16 16 16 17 17 17 17 17 17 17 18 18 18 18 18 19 19 19 20 20 21 21 22 23 26 53 125 158 92 67 94 87 93 47 46 45 45 45 48 187 72 63 58 388 84 82 147 65 41 37 36 35 34 34 34 34 34 34 34 34 35 36 37 40 109 90 61 96 73 
0.424 15 15 15 15 15 15 16 16 16 16 16 16 16 16 16 16 17 17 17 17 17 17 17 18 18 18 18 18 19 19 19 20 20 21 21 22 24 27 223 307 157 91 65 1205 74 50 46 45 45 45 46 55 182 94 58 91 85 82 153 159 39 36 35 34 34 34 33 33 33 33 33 34 34 35 35 37 41 408 67 61 
0.425 15 15 15 15 15 15 15 15 16 16 16 16 16 16 16 16 16 16 17 17 17 17 17 17 17 18 18 18 18 18 19 19 19 20 20 21 22 23 24 30 66 176 184 98 65 258 126 48 45 45 45 45 48 131 74 58 61 113 81 96 99 38 36 35 34 34 33 33 33 33 33 33 33 34 34 34 35 37 175 83 
0.426 15 15 15 15 15 15 15 15 15 15 16 16 16 16 16 16 16 16 16 16 17 17 17 17 17 17 17 18 18 18 18 19 19 19 19 20 20 21 22 23 25 93 189 203 102 65 69 114 51 46 45 45 45 46 85 73 60 58 91 128 84 109 37 36 34 34 33 33 33 33 33 33 33 33 33 33 34 35 36 38 
0.427 15 15 15 15 15 15 15 15 15 15 15 15 16 16 16 16 16 16 16 16 16 16 17 17 17 17 17 17 17 18 18 18 18 19 19 19 20 20 21 21 22 23 26 55 108 173 89 63 187 158 48 45 45 44 45 48 93 139 57 73 92 59 389 37 35 34 34 33 33 32 32 32 32 32 32 33 33 33 34 35 
0.428 15 15 15 15 15 15 15 15 15 15 15 15 15 15 16 16 16 16 16 16 16 16 16 16 17 17 17 17 17 17 18 18 18 18 18 19 19 19 20 20 21 21 22 24 29 67 106 306 74 63 197 53 46 45 44 45 46 301 71 57 115 68 56 260 37 35 34 33 33 32 32 32 32 32 32 32 32 32 33 33 
0.429 14 15 15 15 15 15 15 15 15 15 15 15 15 15 15 15 16 16 16 16 16 16 16 16 16 16 17 17 17 17 17 17 18 18 18 18 18 19 19 19 20 20 21 22 23 25 55 83 106 120 64 66 73 48 45 44 44 45 49 99 59 61 68 54 128 37 35 34 33 33 32 32 32 32 32 32 32 32 32 32 
0.43 14 14 14 15 15 15 15 15 15 15 15 15 15 15 15 15 15 15 16 16 16 16 16 16 16 16 16 16 17 17 17 17 17 17 18 18 18 18 18 19 19 19 20 20 21 22 23 26 78 105 105 88 62 218 57 46 45 44 45 46 145 102 58 82 53 272 37 35 34 33 32 32 32 32 32 31 31 32 32 32 
0.431 14 14 14 14 14 15 15 15 15 15 15 15 15 15 15 15 15 15 15 15 16 16 16 16 16 16 16 16 16 17 17 17 17 17 17 17 18 18 18 18 19 19 19 20 20 21 21 22 24 29 137 202 123 66 62 75 48 45 44 44 45 50 71 57 90 53 83 37 35 33 33 32 32 32 31 31 31 31 31 31 
0.432 14 14 14 14 14 14 14 14 15 15 15 15 15 15 15 15 15 15 15 15 15 15 16 16 16 16 16 16 16 16 16 17 17 17 17 17 17 17 18 18 18 18 19 19 19 20 20 21 22 23 25 88 119 104 123 62 92 84 46 44 44 44 47 89 58 77 55 67 37 35 33 33 32 32 31 31 31 31 31 31 
0.433 14 14 14 14 14 14 14 14 14 14 15 15 15 15 15 15 15 15 15 15 15 15 15 15 16 16 16 16 16 16 16 16 16 17 17 17 17 17 17 17 18 18 18 18 19 19 19 20 20 21 22 23 27 65 313 83 186 61 113 48 45 44 44 45 92 94 60 82 65 37 35 33 33 32 32 31 31 31 31 31 
0.434 14 14 14 14 14 14 14 14 14 14 14 14 15 15 15 15 15 15 15 15 15 15 15 15 15 15 16 16 16 16 16 16 16 16 16 17 17 17 17 17 17 18 18 18 18 18 19 19 20 20 21 21 22 24 32 261 186 102 62 64 81 46 44 44 44 47 71 57 66 88 37 35 33 32 32 31 31 31 31 31 
0.435 14 14 14 14 14 14 14 14 14 14 14 14 14 14 15 15 15 15 15 15 15 15 15 15 15 15 15 15 16 16 16 16 16 16 16 16 16 17 17 17 17 17 17 18 18 18 18 19 19 19 20 20 21 22 23 25 54 186 168 93 61 86 48 45 44 44 46 132 57 82 54 38 35 33 32 32 31 31 31 31 
0.436 14 14 14 14 14 14 14 14 14 14 14 14 14 14 14 14 15 15 15 15 15 15 15 15 15 15 15 15 15 15 16 16 16 16 16 16 16 16 16 17 17 17 17 17 17 18 18 18 18 19 19 19 20 20 21 22 24 28 224 174 78 63 62 188 46 44 44 45 50 68 75 52 39 35 33 32 32 31 31 31 
0.437 14 14 14 14 14 14 14 14 14 14 14 14 14 14 14 14 14 14 15 15 15 15 15 15 15 15 15 15 15 15 15 15 16 16 16 16 16 16 16 16 17 17 17 17 17 17 17 18 18 18 18 19 19 20 20 21 21 23 25 93 193 132 552 61 86 47 44 44 44 46 71 58 52 40 35 33 32 32 31 31 
0.438 14 14 14 14 14 14 14 14 14 14 14 14 14 14 14 14 14 14 14 14 15 15 15 15 15 15 15 15 15 15 15 15 15 15 16 16 16 16 16 16 16 16 17 17 17 17 17 17 18 18 18 18 19 19 19 20 20 21 22 23 27 136 138 78 64 61 53 45 44 44 45 154 57 97 47 35 33 32 32 31 
0.439 13 14 14 14 14 14 14 14 14 14 14 14 14 14 14 14 14 14 14 14 14 14 15 15 15 15 15 15 15 15 15 15 15 15 15 16 16 16 16 16 16 16 16 16 17 17 17 17 17 17 18 18 18 18 19 19 19 20 20 21 22 24 47 134 96 79 60 86 47 44 44 44 48 60 69 66 36 33 32 32 
0.44 13 13 13 14 14 14 14 14 14 14 14 14 14 14 14 14 14 14 14 14 14 14 14 14 15 15 15 15 15 15 15 15 15 15 15 15 15 16 16 16 16 16 16 16 16 16 17 17 17 17 17 17 18 18 18 18 19 19 20 20 21 22 23 26 123 205 80 65 60 50 45 44 44 45 71 75 56 36 34 32 
0.441 13 13 13 13 13 13 14 14 14 14 14 14 14 14 14 14 14 14 14 14 14 14 14 14 14 14 15 15 15 15 15 15 15 15 15 15 15 15 15 16 16 16 16 16 16 16 16 17 17 17 17 17 17 18 18 18 18 19 19 19 20 20 21 22 24 35 165 93 76 60 75 46 44 43 44 206 57 51 37 34 
0.442 13 13 13 13 13 13 13 13 14 14 14 14 14 14 14 14 14 14 14 14 14 14 14 14 14 14 14 14 15 15 15 15 15 15 15 15 15 15 15 15 15 16 16 16 16 16 16 16 16 17 17 17 17 17 17 18 18 18 18 19 19 19 20 21 22 23 26 98 195 124 64 60 48 44 43 44 47 57 52 38 
0.443 13 13 13 13 13 13 13 13 13 13 14 14 14 14 14 14 14 14 14 14 14 14 14 14 14 14 14 14 14 14 15 15 15 15 15 15 15 15 15 15 15 15 15 16 16 16 16 16 16 16 16 17 17 17 17 17 17 18 18 18 18 19 19 20 20 21 22 24 33 5299 98 75 60 191 45 44 43 45 73 66 
0.444 13 13 13 13 13 13 13 13 13 13 13 13 14 14 14 14 14 14 14 14 14 14 14 14 14 14 14 14 14 14 14 14 15 15 15 15 15 15 15 15 15 15 15 15 15 16 16 16 16 16 16 16 16 17 17 17 17 17 18 18 18 18 19 19 19 20 21 22 23 26 111 148 111 63 61 47 44 43 44 143 
0.445 13 13 13 13 13 13 13 13 13 13 13 13 13 13 13 14 14 14 14 14 14 14 14 14 14 14 14 14 14 14 14 14 14 14 15 15 15 15 15 15 15 15 15 15 15 15 16 16 16 16 16 16 16 16 17 17 17 17 17 17 18 18 18 18 19 19 20 20 21 22 24 34 860 120 75 59 56 45 43 44 
0.446 13 13 13 13 13 13 13 13 13 13 13 13 13 13 13 13 13 14 14 14 14 14 14 14 14 14 14 14 14 14 14 14 14 14 14 14 15 15 15 15 15 15 15 15 15 15 15 15 16 16 16 16 16 16 16 16 17 17 17 17 17 17 18 18 18 19 19 19 20 21 21 23 26 165 146 210 61 65 46 43 
0.447 13 13 13 13 13 13 13 13 13 13 13 13 13 13 13 13 13 13 13 14 14 14 14 14 14 14 14 14 14 14 14 14 14 14 14 14 14 14 15 15 15 15 15 15 15 15 15 15 15 15 16 16 16 16 16 16 16 16 17 17 17 17 17 18 18 18 18 19 19 20 20 21 22 24 48 268 131 76 59 48 
0.448 13 13 13 13 13 13 13 13 13 13 13 13 13 13 13 13 13 13 13 13 13 14 14 14 14 14 14 14 14 14 14 14 14 14 14 14 14 14 14 14 15 15 15 15 15 15 15 15 15 15 15 15 16 16 16 16 16 16 16 17 17 17 17 17 17 18 18 18 19 19 19 20 21 22 23 26 49 153 77 60 
0.449 13 13 13 13 13 13 13 13 13 13 13 13 13 13 13 13 13 13 13 13 13 13 13 14 14 14 14 14 14 14 14 14 14 14 14 14 14 14 14 14 14 14 15 15 15 15 15 15 15 15 15 15 15 16 16 16 16 16 16 16 16 17 17 17 17 17 18 18 18 18 19 19 20 20 21 22 24 119 8777 92 
0.45 13 13 13 13 13 13 13 13 13 13 13 13 13 13 13 13 13 13 13 13 13 13 13 13 13 14 14 14 14 14 14 14 14 14 14 14 14 14 14 14 14 14 14 14 15 15 15 15 15 15 15 15 15 15 15 16 16 16 16 16 16 16 16 17 17 17 17 17 18 18 18 18 19 19 20 21 22 23 27 45 
0.451 13 13 13 13 13 13 13 13 13 13 13 13 13 13 13 13 13 13 13 13 13 13 13 13 13 13 13 14 14 14 14 14 14 14 14 14 14 14 14 14 14 14 14 14 14 14 15 15 15 15 15 15 15 15 15 15 15 16 16 16 16 16 16 16 17 17 17 17 17 18 18 18 18 19 19 20 20 21 22 25 
0.452 13 13 13 13 13 13 13 13 13 13 13 13 13 13 13 13 13 13 13 13 13 13 13 13 13 13 13 13 13 14 14 14 14 14 14 14 14 14 14 14 14 14 14 14 14 14 14 15 15 15 15 15 15 15 15 15 15 15 15 16 16 16 16 16 16 16 17 17 17 17 17 18 18 18 18 19 19 20 21 22 
0.453 12 12 13 13 13 13 13 13 13 13 13 13 13 13 13 13 13 13 13 13 13 13 13 13 13 13 13 13 13 13 13 14 14 14 14 14 14 14 14 14 14 14 14 14 14 14 14 14 14 15 15 15 15 15 15 15 15 15 15 15 16 16 16 16 16 16 16 17 17 17 17 17 17 18 18 18 19 19 20 20 
0.454 12 12 12 12 12 13 13 13 13 13 13 13 13 13 13 13 13 13 13 13 13 13 13 13 13 13 13 13 13 13 13 13 13 13 14 14 14 14 14 14 14 14 14 14 14 14 14 14 14 14 14 15 15 15 15 15 15 15 15 15 15 15 16 16 16 16 16 16 16 17 17 17 17 17 18 18 18 18 19 19 
0.455 12 12 12 12 12 12 12 13 13 13 13 13 13 13 13 13 13 13 13 13 13 13 13 13 13 13 13 13 13 13 13 13 13 13 13 13 14 14 14 14 14 14 14 14 14 14 14 14 14 14 14 14 14 15 15 15 15 15 15 15 15 15 15 16 16 16 16 16 16 16 17 17 17 17 17 17 18 18 18 19 
0.456 12 12 12 12 12 12 12 12 12 12 13 13 13 13 13 13 13 13 13 13 13 13 13 13 13 13 13 13 13 13 13 13 13 13 13 13 13 13 14 14 14 14 14 14 14 14 14 14 14 14 14 14 14 14 14 15 15 15 15 15 15 15 15 15 15 16 16 16 16 16 16 16 17 17 17 17 17 18 18 18 
0.457 12 12 12 12 12 12 12 12 12 12 12 12 13 13 13 13 13 13 13 13 13 13 13 13 13 13 13 13 13 13 13 13 13 13 13 13 13 13 13 14 14 14 14 14 14 14 14 14 14 14 14 14 14 14 14 14 15 15 15 15 15 15 15 15 15 15 15 16 16 16 16 16 16 16 17 17 17 17 17 18 
0.458 12 12 12 12 12 12 12 12 12 12 12 12 12 12 13 13 13 13 13 13 13 13 13 13 13 13 13 13 13 13 13 13 13 13 13 13 13 13 13 13 13 14 14 14 14 14 14 14 14 14 14 14 14 14 14 14 14 14 15 15 15 15 15 15 15 15 15 15 16 16 16 16 16 16 16 17 17 17 17 17 
0.459 12 12 12 12 12 12 12 12 12 12 12 12 12 12 12 12 13 13 13 13 13 13 13 13 13 13 13 13 13 13 13 13 13 13 13 13 13 13 13 13 13 13 13 14 14 14 14 14 14 14 14 14 14 14 14 14 14 14 14 14 15 15 15 15 15 15 15 15 15 15 16 16 16 16 16 16 16 17 17 17 
0.46 12 12 12 12 12 12 12 12 12 12 12 12 12 12 12 12 12 12 12 13 13 13 13 13 13 13 13 13 13 13 13 13 13 13 13 13 13 13 13 13 13 13 13 13 13 14 14 14 14 14 14 14 14 14 14 14 14 14 14 14 14 14 15 15 15 15 15 15 15 15 15 15 16 16 16 16 16 16 17 17 
0.461 12 12 12 12 12 12 12 12 12 12 12 12 12 12 12 12 12 12 12 12 12 13 13 13 13 13 13 13 13 13 13 13 13 13 13 13 13 13 13 13 13 13 13 13 13 13 13 14 14 14 14 14 14 14 14 14 14 14 14 14 14 14 14 15 15 15 15 15 15 15 15 15 15 16 16 16 16 16 16 16 
0.462 12 12 12 12 12 12 12 12 12 12 12 12 12 12 12 12 12 12 12 12 12 12 12 13 13 13 13 13 13 13 13 13 13 13 13 13 13 13 13 13 13 13 13 13 13 13 13 13 13 14 14 14 14 14 14 14 14 14 14 14 14 14 14 14 14 15 15 15 15 15 15 15 15 15 15 16 16 16 16 16 
0.463 12 12 12 12 12 12 12 12 12 12 12 12 12 12 12 12 12 12 12 12 12 12 12 12 12 13 13 13 13 13 13 13 13 13 13 13 13 13 13 13 13 13 13 13 13 13 13 13 13 13 13 14 14 14 14 14 14 14 14 14 14 14 14 14 14 14 14 15 15 15 15 15 15 15 15 15 16 16 16 16 
0.464 12 12 12 12 12 12 12 12 12 12 12 12 12 12 12 12 12 12 12 12 12 12 12 12 12 12 12 13 13 13 13 13 13 13 13 13 13 13 13 13 13 13 13 13 13 13 13 13 13 13 13 13 13 14 14 14 14 14 14 14 14 14 14 14 14 14 14 14 15 15 15 15 15 15 15 15 15 15 16 16 
0.465 12 12 12 12 12 12 12 12 12 12 12 12 12 12 12 12 12 12 12 12 12 12 12 12 12 12 12 12 12 12 13 13 13 13 13 13 13 13 13 13 13 13 13 13 13 13 13 13 13 13 13 13 13 13 13 14 14 14 14 14 14 14 14 14 14 14 14 14 14 14 15 15 15 15 15 15 15 15 15 16 
0.466 12 12 12 12 12 12 12 12 12 12 12 12 12 12 12 12 12 12 12 12 12 12 12 12 12 12 12 12 12 12 12 12 13 13 13 13 13 13 13 13 13 13 13 13 13 13 13 13 13 13 13 13 13 13 13 13 14 14 14 14 14 14 14 14 14 14 14 14 14 14 14 14 15 15 15 15 15 15 15 15 
0.467 12 12 12 12 12 12 12 12 12 12 12 12 12 12 12 12 12 12 12 12 12 12 12 12 12 12 12 12 12 12 12 12 12 12 13 13 13 13 13 13 13 13 13 13 13 13 13 13 13 13 13 13 13 13 13 13 13 13 14 14 14 14 14 14 14 14 14 14 14 14 14 14 14 15 15 15 15 15 15 15 
0.468 12 12 12 12 12 12 12 12 12 12 12 12 12 12 12 12 12 12 12 12 12 12 12 12 12 12 12 12 12 12 12 12 12 12 12 12 13 13 13 13 13 13 13 13 13 13 13 13 13 13 13 13 13 13 13 13 13 13 13 13 14 14 14 14 14 14 14 14 14 14 14 14 14 14 14 15 15 15 15 15 
0.469 12 12 12 12 12 12 12 12 12 12 12 12 12 12 12 12 12 12 12 12 12 12 12 12 12 12 12 12 12 12 12 12 12 12 12 12 12 12 13 13 13 13 13 13 13 13 13 13 13 13 13 13 13 13 13 13 13 13 13 13 13 13 14 14 14 14 14 14 14 14 14 14 14 14 14 14 15 15 15 15 
0.47 11 12 12 12 12 12 12 12 12 12 12 12 12 12 12 12 12 12 12 12 12 12 12 12 12 12 12 12 12 12 12 12 12 12 12 12 12 12 12 12 13 13 13 13 13 13 13 13 13 13 13 13 13 13 13 13 13 13 13 13 13 13 13 13 14 14 14 14 14 14 14 14 14 14 14 14 14 14 15 15 
0.471 11 11 11 12 12 12 12 12 12 12 12 12 12 12 12 12 12 12 12 12 12 12 12 12 12 12 12 12 12 12 12 12 12 12 12 12 12 12 12 12 12 12 13 13 13 13 13 13 13 13 13 13 13 13 13 13 13 13 13 13 13 13 13 13 13 14 14 14 14 14 14 14 14 14 14 14 14 14 14 14 
0.472 11 11 11 11 11 11 12 12 12 12 12 12 12 12 12 12 12 12 12 12 12 12 12 12 12 12 12 12 12 12 12 12 12 12 12 12 12 12 12 12 12 12 12 12 13 13 13 13 13 13 13 13 13 13 13 13 13 13 13 13 13 13 13 13 13 13 13 14 14 14 14 14 14 14 14 14 14 14 14 14 
0.473 11 11 11 11 11 11 11 11 12 12 12 12 12 12 12 12 12 12 12 12 12 12 12 12 12 12 12 12 12 12 12 12 12 12 12 12 12 12 12 12 12 12 12 12 12 12 13 13 13 13 13 13 13 13 13 13 13 13 13 13 13 13 13 13 13 13 13 13 13 14 14 14 14 14 14 14 14 14 14 14 
0.474 11 11 11 11 11 11 11 11 11 11 11 12 12 12 12 12 12 12 12 12 12 12 12 12 12 12 12 12 12 12 12 12 12 12 12 12 12 12 12 12 12 12 12 12 12 12 12 12 13 13 13 13 13 13 13 13 13 13 13 13 13 13 13 13 13 13 13 13 13 13 14 14 14 14 14 14 14 14 14 14 
0.475 11 11 11 11 11 11 11 11 11 11 11 11 11 12 12 12 12 12 12 12 12 12 12 12 12 12 12 12 12 12 12 12 12 12 12 12 12 12 12 12 12 12 12 12 12 12 12 12 12 12 13 13 13 13 13 13 13 13 13 13 13 13 13 13 13 13 13 13 13 13 13 13 14 14 14 14 14 14 14 14 
0.476 11 11 11 11 11 11 11 11 11 11 11 11 11 11 11 11 12 12 12 12 12 12 12 12 12 12 12 12 12 12 12 12 12 12 12 12 12 12 12 12 12 12 12 12 12 12 12 12 12 12 12 12 13 13 13 13 13 13 13 13 13 13 13 13 13 13 13 13 13 13 13 13 13 13 14 14 14 14 14 14 
0.477 11 11 11 11 11 11 11 11 11 11 11 11 11 11 11 11 11 11 12 12 12 12 12 12 12 12 12 12 12 12 12 12 12 12 12 12 12 12 12 12 12 12 12 12 12 12 12 12 12 12 12 12 12 12 13 13 13 13 13 13 13 13 13 13 13 13 13 13 13 13 13 13 13 13 13 14 14 14 14 14 
0.478 11 11 11 11 11 11 11 11 11 11 11 11 11 11 11 11 11 11 11 11 11 12 12 12 12 12 12 12 12 12 12 12 12 12 12 12 12 12 12 12 12 12 12 12 12 12 12 12 12 12 12 12 12 12 12 12 13 13 13 13 13 13 13 13 13 13 13 13 13 13 13 13 13 13 13 13 13 14 14 14 
0.479 11 11 11 11 11 11 11 11 11 11 11 11 11 11 11 11 11 11 11 11 11 11 11 12 12 12 12 12 12 12 12 12 12 12 12 12 12 12 12 12 12 12 12 12 12 12 12 12 12 12 12 12 12 12 12 12 12 13 13 13 13 13 13 13 13 13 13 13 13 13 13 13 13 13 13 13 13 13 13 14 
