epsilon_k[0] 0.0001
epsilon_k[1] 2.18e-05
epsilon_k[2] 7.08e-05
epsilon_k[3] 2.54e-05
epsilon_k[4] 1e-05
epsilon_k[5] 7.8e-06
epsilon_k[6] 2.18e-05
omega_x0 0.168
omega_y0 0.201
dx 0.01
n_theta 100
dtheta 0.015708
epsilon 2
max_turns 10000000
from_angle 40
to_angle 45
0.628319 1e+07 1e+07 1e+07 1e+07 1e+07 1e+07 1e+07 1e+07 1e+07 1e+07 1e+07 1e+07 1e+07 1e+07 1e+07 1e+07 1e+07 1e+07 1e+07 1e+07 1e+07 1e+07 1e+07 1e+07 1e+07 1e+07 1e+07 1e+07 1e+07 1e+07 1e+07 1e+07 1e+07 1e+07 1e+07 1e+07 1e+07 1e+07 1e+07 1e+07 1e+07 1e+07 1e+07 1e+07 1e+07 1e+07 1e+07 7.48078e+06 1.04319e+06 1.6725e+06 114628 208133 55599 13039 6058 1354 5790 5330 1055 1551 935 1534 415 588 667 167 169 408 177 306 356 206 106 117 69 94 65 152 73 82 49 243 46 22 23 17 16 16 16 16 28 19 19 60 25 52 14 19 17 10 
0.644026 1e+07 1e+07 1e+07 1e+07 1e+07 1e+07 1e+07 1e+07 1e+07 1e+07 1e+07 1e+07 1e+07 1e+07 1e+07 1e+07 1e+07 1e+07 1e+07 1e+07 1e+07 1e+07 1e+07 1e+07 1e+07 1e+07 1e+07 1e+07 1e+07 1e+07 1e+07 1e+07 1e+07 1e+07 1e+07 1e+07 1e+07 1e+07 1e+07 1e+07 1e+07 1e+07 1e+07 1e+07 1e+07 7.26929e+06 4.55654e+06 672365 424770 518687 176771 72686 54778 7013 8837 9067 720 10068 336 1129 1859 339 643 159 330 188 226 389 1798 86 84 221 154 261 167 54 65 106 275 105 48 32 27 48 817 55 121 16 15 16 23 19 22 15 36 16 14 24 20 12 
0.659734 1e+07 1e+07 1e+07 1e+07 1e+07 1e+07 1e+07 1e+07 1e+07 1e+07 1e+07 1e+07 1e+07 1e+07 1e+07 1e+07 1e+07 1e+07 1e+07 1e+07 1e+07 1e+07 1e+07 1e+07 1e+07 1e+07 1e+07 1e+07 1e+07 1e+07 1e+07 1e+07 1e+07 1e+07 1e+07 1e+07 1e+07 1e+07 1e+07 1e+07 1e+07 1e+07 1e+07 1e+07 1e+07 1e+07 2.56005e+06 448884 532300 123232 42856 81071 34668 101231 5547 3049 3755 4662 947 365 734 1673 602 436 250 91 219 45 77 122 88 38 241 97 93 92 103 79 228 61 42 30 67 527 148 43 41 24 28 19 20 15 15 20 30 22 21 17 17 14 
0.675442 1e+07 1e+07 1e+07 1e+07 1e+07 1e+07 1e+07 1e+07 1e+07 1e+07 1e+07 1e+07 1e+07 1e+07 1e+07 1e+07 1e+07 1e+07 1e+07 1e+07 1e+07 1e+07 1e+07 1e+07 1e+07 1e+07 1e+07 1e+07 1e+07 1e+07 1e+07 1e+07 1e+07 1e+07 1e+07 1e+07 1e+07 1e+07 1e+07 1e+07 1e+07 1e+07 1e+07 1e+07 1e+07 1e+07 3.84333e+06 539820 1.16802e+06 46249 39326 12282 6888 10861 2534 3379 1884 2309 4181 6195 582 196 2400 383 176 417 95 87 343 39 87 27 50 19 19 19 125 57 63 22 20 244 37 28 15 13 13 13 13 13 13 14 35 21 23 20 14 16 33 12 
0.69115 1e+07 1e+07 1e+07 1e+07 1e+07 1e+07 1e+07 1e+07 1e+07 1e+07 1e+07 1e+07 1e+07 1e+07 1e+07 1e+07 1e+07 1e+07 1e+07 1e+07 1e+07 1e+07 1e+07 1e+07 1e+07 1e+07 1e+07 1e+07 1e+07 1e+07 1e+07 1e+07 1e+07 1e+07 1e+07 1e+07 1e+07 1e+07 1e+07 1e+07 1e+07 1e+07 1e+07 1e+07 7.10349e+06 1e+07 369148 1.19325e+06 725273 395159 27619 153143 3009 3254 2304 1328 8343 1149 499 385 93 592 270 312 417 98 158 41 102 135 33 31 79 44 87 33 50 26 27 44 22 21 22 22 21 30 18 24 15 14 14 21 22 13 12 12 11 11 11 12 
