epsilon_k[0] 0.0001
epsilon_k[1] 2.18e-05
epsilon_k[2] 7.08e-05
epsilon_k[3] 2.54e-05
epsilon_k[4] 1e-05
epsilon_k[5] 7.8e-06
epsilon_k[6] 2.18e-05
omega_x0 0.168
omega_y0 0.201
dx 0.01
epsilon 14
max_turns 10000000
from_y 64
to_y 72
0.64 140 613 140 200 626 255 268 188 261 203 87 55 66 23 37 24 54 44 46 32 71 163 83 142 26 20 21 38 182 273 43 18 66 23 23 10 10 9 9 9 9 9 9 9 9 10 17 18 20 17 15 23 13 15 14 17 27 14 14 12 11 21 12 11 9 9 9 9 8 8 8 8 9 9 9 13 12 12 14 10 
0.65 117 178 511 107 118 192 114 172 119 149 331 78 103 45 143 24 39 120 47 79 83 107 50 71 17 22 28 45 23 27 131 37 10 9 9 8 8 8 8 8 8 8 8 8 8 8 8 9 9 10 26 14 12 14 18 13 14 15 34 13 14 11 11 16 12 10 9 9 9 8 8 8 8 8 9 9 12 11 15 25 
0.66 469 276 268 1017 121 61 58 147 59 59 58 42 52 62 26 80 30 210 335 71 38 58 91 17 20 82 46 63 177 18 10 9 8 8 8 8 8 8 8 8 7 7 7 7 7 8 8 8 8 8 8 9 10 15 14 11 24 12 22 11 14 13 15 11 17 19 10 9 9 8 8 8 8 8 8 9 9 12 11 17 
0.67 139 183 64 115 126 149 65 90 148 127 68 138 155 53 18 24 32 148 28 63 52 176 18 20 23 84 42 19 10 9 8 8 8 8 8 7 7 7 7 7 7 7 7 7 7 7 7 7 7 7 7 8 8 8 9 11 14 11 13 13 11 11 23 13 12 11 12 10 9 9 8 8 8 8 8 8 9 9 12 11 
0.68 100 72 88 112 213 98 210 55 85 8405 50 492 38 57 19 59 35 38 293 82 73 22 26 31 44 36 127 9 9 8 8 8 7 7 7 7 7 7 7 7 7 7 7 7 7 7 7 7 7 7 7 7 7 7 8 8 8 9 13 10 13 14 10 10 14 15 11 14 11 9 9 8 8 8 8 8 8 9 9 13 
0.69 116 133 116 39 138 221 127 206 139 73 88 52 49 18 39 71 63 223 53 42 111 17 59 34 25 39 9 8 8 8 8 7 7 7 7 7 7 7 7 7 7 7 7 7 7 7 7 7 7 7 7 7 7 7 7 7 7 8 8 9 14 10 18 11 10 10 13 12 12 16 9 9 8 8 8 8 8 8 9 9 
0.7 32 33 56 154 53 444 29 97 84 86 91 23 41 17 24 53 71 176 42 66 21 38 58 15 59 9 8 8 8 7 7 7 7 7 7 7 7 7 7 7 7 7 7 6 6 6 6 6 6 7 7 7 7 7 7 7 7 7 7 7 8 9 10 10 12 10 10 10 13 11 12 10 9 8 8 8 8 8 8 9 
0.71 48 114 53 40 119 47 78 29 140 267 74 42 22 16 98 40 63 24 20 46 17 49 16 25 9 8 8 8 7 7 7 7 7 7 7 7 7 7 6 6 6 6 6 6 6 6 6 6 6 6 6 6 6 6 6 7 7 7 7 7 7 7 8 9 9 10 13 9 10 15 11 19 10 9 8 8 8 8 8 8 
