epsilon_k[0] 0.0001
epsilon_k[1] 2.18e-05
epsilon_k[2] 7.08e-05
epsilon_k[3] 2.54e-05
epsilon_k[4] 1e-05
epsilon_k[5] 7.8e-06
epsilon_k[6] 2.18e-05
omega_x0 0.168
omega_y0 0.201
dx 0.001
epsilon 16
max_turns 10000000
from_y 720
to_y 800
0.72 21 21 21 21 21 21 20 20 20 20 20 20 20 20 20 20 20 21 21 21 21 22 24 43 68 65 29 44 74 49 165 26 35 56 43 35 348 67 88 281 41 41 257 96 107 85 101 294 176 102 189 114 74 44 50 37 56 293 90 146 72 56 201 78 37 26 81 113 130 107 55 89 75 47 40 26 26 28 30 137 
0.721 21 21 21 21 21 21 21 21 21 21 20 20 20 20 20 20 20 20 21 21 21 21 21 22 30 29 52 27 30 47 51 129 26 32 92 47 34 539 87 145 196 82 41 191 142 121 41 34 56 170 93 152 78 114 49 71 64 78 59 47 152 42 148 76 45 28 47 56 395 133 108 42 62 77 46 28 26 26 58 76 
0.722 22 22 22 22 21 21 21 21 21 21 21 21 21 20 20 20 20 20 20 20 21 21 21 21 22 23 42 42 55 31 57 63 64 27 27 31 40 34 72 70 89 88 198 41 151 434 1912 36 83 35 72 200 80 99 119 46 198 49 56 58 71 107 40 41 164 60 34 39 77 464 35 152 68 112 58 53 26 26 45 41 
0.723 244 213 87 67 24 23 22 22 21 21 21 21 21 21 21 20 20 20 20 20 20 20 21 21 21 21 22 37 46 54 27 45 72 152 67 26 29 31 34 70 55 69 138 667 41 67 76 80 187 61 89 130 55 151 85 48 183 57 54 142 82 83 56 162 61 159 26 105 95 182 68 202 55 38 73 96 27 26 27 51 
0.724 158 181 28 44 79 173 29 30 23 22 22 21 21 21 21 21 21 21 20 20 20 20 20 21 21 21 21 21 22 30 34 165 47 41 43 32 26 56 38 34 117 70 47 41 54 48 54 583 132 818 39 43 107 97 217 252 34 58 38 88 147 246 81 75 152 1022 26 73 112 447 36 76 126 56 85 121 28 26 26 39 
0.725 52 142 72 181 91 42 29 102 116 30 53 23 22 21 21 21 21 21 21 21 20 20 20 20 20 21 21 21 21 22 28 38 47 27 44 44 67 26 37 76 35 131 58 267 103 55 177 88 72 72 46 45 290 78 135 59 130 73 247 70 55 57 316 51 46 80 89 53 125 113 28 27 33 59 154 68 239 27 26 40 
0.726 51 698 130 71 93 43 61 128 54 29 66 44 51 23 22 22 21 21 21 21 21 21 20 20 20 20 21 21 21 21 21 23 64 43 30 77 48 63 26 31 40 74 92 192 39 163 204 889 119 44 247 62 33 48 71 85 95 49 74 64 59 85 124 68 151 54 71 26 49 66 28 27 28 36 56 70 100 27 26 27 
0.727 37 28 27 28 35 54 49 54 138 90 66 81 29 72 66 23 22 22 21 21 21 21 21 21 20 20 20 21 21 21 21 21 22 112 28 121 41 41 58 27 47 207 65 170 83 95 570 60 51 83 46 101 223 51 131 58 96 48 114 39 75 48 54 415 157 60 184 26 154 105 28 29 27 33 36 152 195 28 26 26 
0.728 128 157 86 156 185 36 28 29 83 48 55 83 109 240 28 187 225 23 22 21 21 21 21 21 21 21 21 20 21 21 21 21 21 21 23 42 46 27 65 55 92 31 120 38 196 290 77 104 43 48 59 32 56 70 83 39 349 82 122 119 114 95 117 150 62 119 48 62 34 51 36 639 78 29 39 51 58 101 27 26 
0.729 146 55 967 96 149 166 42 76 36 28 35 57 60 115 182 103 29 59 223 23 22 21 21 21 21 21 21 21 21 21 21 21 21 21 21 22 67 50 28 55 83 63 27 148 35 67 177 117 96 46 197 146 52 101 32 57 82 90 81 33 37 612 63 106 184 142 37 38 28 82 371 149 450 27 105 112 33 174 28 26 
0.73 34 34 51 79 101 47 132 56 183 51 50 28 78 222 50 133 114 69 37 252 31 23 22 21 21 21 21 21 21 21 21 21 21 21 21 21 22 25 28 96 59 42 32 27 183 34 35 72 254 305 362 60 32 66 33 60 34 50 93 203 61 37 59 89 96 49 42 46 26 155 67 136 44 77 63 46 62 81 28 27 
0.731 66 41 41 35 34 34 148 46 52 59 280 54 36 28 34 53 43 69 49 31 34 37 40 22 22 21 21 21 21 21 21 21 21 21 21 21 21 21 23 38 37 32 45 64 26 155 34 35 76 85 196 47 37 44 102 33 41 57 123 113 99 243 36 267 124 95 179 38 39 85 54 34 60 37 27 48 696 35 27 28 
0.732 46 92 276 194 53 65 35 35 34 74 48 110 94 48 54 28 74 40 168 67 392 28 88 37 23 22 22 21 21 21 21 21 21 21 21 21 21 21 21 22 30 197 35 94 59 26 49 34 54 60 273 49 61 33 42 32 53 39 124 424 103 41 133 79 161 339 60 47 137 115 59 28 63 37 29 43 50 60 27 29 
0.733 39 53 65 136 43 225 76 159 34 72 35 79 39 80 196 102 53 159 34 41 64 515 95 63 42 52 23 22 21 21 21 21 21 21 21 21 21 21 21 21 22 32 71 27 47 95 26 77 39 149 41 199 311 58 55 79 32 44 77 34 78 104 70 106 94 148 213 68 50 25 48 27 200 57 62 32 48 57 26 28 
0.734 32 42 42 50 56 48 64 308 73 52 34 136 36 61 54 42 42 42 29 56 42 158 76 65 28 106 30 33 22 22 21 21 21 21 21 21 21 21 21 21 21 21 23 31 27 51 78 27 31 39 66 109 102 58 31 49 32 38 29 72 60 133 56 63 247 168 213 139 48 60 42 72 82 42 31 29 37 128 26 27 
0.735 30 30 30 31 49 128 57 56 63 43 79 35 74 105 83 75 130 58 139 31 291 67 46 87 129 159 29 62 37 24 22 22 21 21 21 21 21 21 21 21 21 21 21 22 82 29 40 78 31 39 40 81 89 410 97 60 89 44 28 28 52 121 85 37 47 44 72 43 32 58 202 495 178 50 38 27 82 79 26 26 
0.736 55 32 31 31 30 31 36 42 38 98 70 96 48 478 52 83 151 76 171 174 145 29 198 42 97 97 134 29 80 61 38 23 22 22 21 21 21 21 21 21 21 21 21 21 22 51 203 55 53 32 221 175 40 97 48 76 57 32 36 27 28 34 387 93 31 44 84 155 497 98 26 73 60 42 49 39 100 38 26 26 
0.737 41 41 69 75 41 31 30 31 54 122 92 54 62 39 59 74 47 102 39 66 139 184 29 44 122 59 98 56 87 28 61 65 46 23 22 21 21 21 21 21 21 21 21 21 21 22 50 158 51 130 34 40 178 92 306 55 43 55 322 27 27 58 55 85 51 36 636 173 60 55 26 52 29 63 22 32 35 139 26 26 
0.738 37 50 53 67 44 43 37 31 30 39 49 73 79 92 54 36 78 71 42 39 143 170 330 29 80 172 97 91 72 88 78 29 95 29 36 23 22 21 21 21 21 21 21 21 21 21 21 46 240 33 69 29 37 109 181 155 44 39 32 28 27 28 97 69 40 30 43 231 53 49 36 96 49 46 22 42 27 48 26 26 
0.739 38 37 89 201 64 71 50 68 43 30 31 44 42 107 58 73 218 74 85 214 67 74 69 61 29 91 157 41 169 98 86 80 29 53 94 31 26 22 22 21 21 21 21 21 21 21 21 21 124 54 33 118 57 309 77 58 45 69 66 35 27 27 28 51 187 95 75 212 82 70 165 34 74 28 21 23 33 38 26 26 
0.74 76 45 37 92 57 44 37 101 58 48 31 31 55 140 60 61 128 70 48 50 44 50 77 88 100 29 30 52 111 56 162 155 95 36 28 117 42 102 24 22 22 21 21 21 21 21 21 21 21 38 52 48 26 57 46 71 121 220 29 32 27 28 28 72 85 41 103 42 170 45 33 25 53 455 21 21 44 77 26 31 
0.741 58 72 43 37 54 52 45 79 40 44 51 31 31 53 80 37 59 40 41 93 52 164 45 128 43 188 29 29 59 39 137 81 141 77 70 35 28 37 45 43 24 22 22 21 21 21 21 21 21 21 87 66 44 26 87 58 144 50 31 36 30 29 49 28 170 441 37 38 44 55 70 31 46 33 21 21 33 75 26 35 
0.742 213 210 122 325 39 37 78 47 42 119 44 47 31 35 56 58 46 157 57 51 77 66 339 45 140 105 35 29 29 35 33 46 171 102 119 82 195 317 29 323 152 163 23 22 21 21 21 21 21 21 21 31 28 57 32 106 72 75 44 27 32 28 59 73 30 112 72 52 105 97 175 108 33 28 22 21 23 31 33 42 
0.743 59 65 81 67 117 149 37 49 114 45 43 43 178 30 38 37 75 116 37 46 67 111 153 42 114 53 95 89 29 28 57 140 38 41 76 118 257 71 59 45 52 29 211 33 23 22 21 21 21 21 21 21 44 27 118 29 84 53 55 48 70 28 34 34 29 34 85 58 56 57 42 230 25 132 65 21 21 62 31 37 
0.744 147 38 63 61 66 59 46 37 85 43 48 58 73 37 31 91 56 49 38 69 71 93 180 158 42 54 144 228 36 28 28 37 77 39 37 42 56 86 150 96 77 60 50 29 102 33 22 21 21 21 21 21 21 78 33 37 52 36 103 191 28 57 51 91 72 29 59 87 216 101 116 111 48 74 28 21 21 35 48 31 
0.745 34 40 36 81 41 268 87 38 42 136 189 48 43 37 31 48 38 110 72 33 51 80 40 528 47 102 167 67 37 30 28 28 35 64 52 62 33 38 41 202 163 70 58 61 69 48 29 23 21 21 21 21 21 21 40 78 26 56 82 43 92 42 28 49 74 35 84 45 30 73 46 88 67 47 305 21 20 29 52 30 
0.746 53 57 58 41 66 40 65 74 37 55 99 51 41 36 47 31 38 43 46 36 41 70 44 41 226 76 410 219 55 84 28 28 28 29 207 43 176 36 113 93 33 56 166 92 51 57 60 178 37 22 21 21 21 21 21 41 61 27 81 3787 59 35 37 84 34 54 29 55 37 79 103 52 54 26 27 21 20 21 36 26 
0.747 25 25 44 40 76 37 203 39 40 37 109 52 42 85 37 31 45 63 46 45 50 64 83 35 83 50 72 64 56 55 28 28 28 28 28 28 28 28 28 28 28 29 60 68 53 56 52 103 28 30 22 21 21 21 21 21 76 41 63 37 57 105 27 30 35 33 35 91 33 58 86 152 45 28 122 22 20 21 26 25 
0.748 35 46 25 26 39 78 46 99 39 38 66 45 43 52 44 31 120 39 56 41 63 69 61 35 206 46 47 131 36 30 28 28 28 28 28 28 28 28 28 28 28 28 28 28 28 30 75 202 44 34 70 22 21 21 20 21 22 28 50 52 198 172 44 46 59 100 67 29 526 43 96 377 62 148 56 163 20 20 34 26 
0.749 57 26 52 25 26 40 45 72 852 38 38 139 64 62 46 38 35 57 58 118 55 94 37 36 229 46 70 59 113 28 28 28 28 28 28 28 28 28 28 100 68 35 52 46 67 71 28 28 96 127 75 65 23 21 21 20 21 23 32 26 98 68 41 26 50 54 111 75 34 36 37 69 59 69 38 55 20 20 25 31 
0.75 27 50 34 29 26 26 42 41 108 39 38 42 65 52 45 64 31 68 47 41 211 64 34 42 55 68 84 42 28 28 29 92 36 51 29 28 28 28 29 98 52 36 37 60 33 41 37 46 48 28 58 128 28 27 21 21 20 21 56 38 49 75 51 138 41 79 53 34 31 40 30 112 531 63 25 27 21 20 21 71 
0.751 23 67 32 41 29 25 32 35 61 88 38 154 54 53 56 76 31 111 37 41 65 48 34 143 69 80 139 28 28 63 317 48 39 69 54 60 28 27 28 51 110 38 34 44 105 148 152 54 68 40 64 32 91 187 82 21 21 20 21 93 153 36 69 52 26 47 46 55 125 65 37 59 54 374 28 128 21 20 20 47 
0.752 21 22 38 42 68 54 26 42 97 119 39 77 55 170 45 44 31 130 68 34 228 34 35 51 63 35 28 30 73 37 80 233 84 89 116 56 119 28 27 35 92 31 114 100 39 34 68 75 34 59 45 116 28 99 63 37 21 21 20 21 27 26 61 47 51 28 42 96 44 31 54 56 186 76 134 46 63 20 20 27 
0.753 21 21 22 29 48 27 57 35 111 95 90 41 120 83 41 36 31 120 42 50 112 34 69 48 126 28 61 39 47 77 52 102 80 48 77 146 63 34 27 28 64 31 41 49 47 44 175 34 33 39 42 40 54 35 39 40 30 21 20 20 23 39 37 123 90 27 83 72 42 134 46 36 165 129 33 26 79 20 20 26 
0.754 21 21 21 22 40 39 29 26 85 64 189 40 118 85 53 36 31 88 106 49 51 34 87 143 28 34 137 152 139 65 75 40 60 43 425 60 104 80 53 27 50 63 41 39 35 71 85 32 50 73 49 34 42 40 62 59 47 32 21 20 21 28 34 25 44 32 29 44 69 52 73 56 66 42 75 32 28 20 20 21 
0.755 22 21 21 21 23 31 27 33 75 99 121 40 112 48 62 71 32 46 33 44 34 455 160 29 34 516 64 56 107 47 28 28 28 29 38 41 69 48 91 64 27 71 64 64 63 110 50 41 40 37 34 50 34 54 48 50 28 48 23 21 20 21 27 34 41 184 45 37 129 79 101 96 49 31 58 30 160 21 20 20 
0.756 46 22 21 21 22 51 44 50 47 153 178 49 274 58 38 36 76 38 33 56 34 65 92 36 49 44 150 28 62 83 33 48 213 49 52 29 42 60 66 80 54 28 40 55 40 30 33 53 34 65 47 34 86 34 34 167 41 28 54 22 21 20 22 36 25 84 85 379 61 101 71 42 58 31 69 54 78 23 20 20 
0.757 133 70 22 21 21 23 82 34 27 45 65 93 122 78 114 42 44 37 297 34 236 113 28 574 88 53 158 45 30 24 23 23 23 24 66 138 43 28 32 53 47 28 59 43 124 27 68 54 123 42 39 98 49 45 36 36 58 94 28 52 21 20 20 39 26 56 42 42 59 73 124 76 75 52 243 296 25 51 20 20 
0.758 48 84 24 21 21 22 61 28 76 63 90 84 125 283 144 73 105 44 51 34 39 28 255 65 28 68 60 23 22 22 22 22 22 22 22 22 24 93 73 35 75 156 27 36 33 27 37 87 38 36 61 82 258 39 162 55 56 64 91 29 28 21 20 21 59 65 123 34 67 68 58 91 91 31 50 396 155 71 20 20 
0.759 42 91 131 22 21 21 139 49 63 42 49 650 210 198 48 49 149 152 36 327 59 59 130 28 30 23 22 22 21 21 21 21 21 21 21 22 22 22 27 42 28 52 53 27 46 75 27 39 67 121 61 69 39 56 55 313 54 31 36 210 92 34 21 20 23 51 59 81 147 34 89 182 254 107 32 78 31 58 20 19 
0.76 36 47 78 81 22 21 23 40 58 49 64 81 200 42 101 31 38 49 35 40 28 179 29 29 22 22 21 21 21 21 21 21 21 21 21 21 21 21 22 23 30 28 67 68 79 32 26 57 86 86 84 55 37 66 56 68 37 46 70 47 85 68 22 20 20 48 30 54 25 60 74 61 57 38 80 108 45 37 22 19 
0.761 31 37 35 73 22 21 22 31 30 64 51 55 51 43 70 31 63 42 41 35 74 47 30 22 21 21 21 21 21 21 21 21 21 21 21 21 21 21 21 22 22 44 28 76 28 30 42 51 135 43 52 37 52 68 442 57 102 47 31 111 58 122 53 21 20 21 45 391 61 29 45 31 105 103 95 62 56 31 48 20 
0.762 41 37 53 80 37 21 21 36 37 41 57 48 103 105 43 105 32 34 69 171 107 59 22 21 21 21 21 21 21 21 22 22 22 22 22 21 21 21 21 21 21 22 82 28 82 27 41 26 48 39 196 46 309 224 118 206 184 103 146 37 38 34 39 28 21 20 29 58 56 25 51 28 159 46 45 37 90 47 74 20 
0.763 72 51 31 35 88 22 21 59 27 43 55 115 81 55 35 34 78 34 61 137 29 23 21 21 21 21 21 22 22 23 23 25 25 24 23 22 22 22 21 21 21 21 22 68 28 142 41 59 82 56 38 240 136 182 124 105 134 81 140 60 43 46 126 28 28 20 21 36 43 88 75 28 28 52 96 42 107 26 80 20 
0.764 48 39 31 34 31 22 21 116 27 69 212 476 286 39 43 43 103 109 44 71 59 21 21 21 21 21 22 24 36 151 41 34 75 35 50 52 115 23 22 21 21 21 21 22 51 40 38 39 25 46 144 55 264 144 39 196 176 112 68 69 66 35 39 37 44 21 20 99 41 104 27 52 46 36 48 41 122 72 25 21 
0.765 43 97 32 48 46 24 21 23 73 83 72 133 198 53 33 97 37 78 90 46 22 21 21 21 21 23 134 43 29 705 11246 56 50 119 73 69 55 48 29 23 22 21 21 21 22 51 73 27 35 329 76 45 83 82 79 53 58 58 61 99 189 85 39 42 110 86 20 20 33 31 32 40 58 32 35 356 263 117 39 96 
0.766 27 52 105 56 43 29 21 22 45 104 88 68 74 46 31 33 34 28 59 23 21 21 21 21 24 77 30 123 146 127 60 116 132 43 234 70 66 755 71 44 85 22 21 21 21 21 46 44 50 25 43 38 211 183 52 79 38 38 45 116 87 112 61 39 59 35 22 20 22 36 48 30 28 29 46 93 45 177 24 31 
0.767 23 25 80 31 44 64 21 22 149 42 97 48 82 38 51 46 85 48 33 21 21 21 21 24 114 56 119 48 31 61 65 56 242 182 306 688 101 37 52 334 54 191 23 21 21 21 21 32 73 64 38 106 117 87 33 65 45 85 39 38 39 61 99 66 30 34 70 21 20 34 41 31 29 65 42 137 53 71 105 32 
0.768 22 75 65 33 61 129 22 22 86 60 237 139 87 35 48 35 170 43 22 21 21 21 23 251 71 64 29 128 62 69 95 35 99 41 42 57 49 170 161 67 46 73 29 31 22 21 21 22 49 27 25 50 211 84 32 52 61 228 56 55 65 40 45 155 40 52 53 634 20 21 30 55 37 37 26 53 34 53 106 24 
0.769 42 22 26 82 48 1419 22 22 52 59 47 207 61 42 58 34 86 52 21 21 21 22 58 263 447 110 107 39 66 106 102 86 64 132 189 81 46 102 1388 139 48 68 59 85 29 22 21 21 22 31 42 26 220 353 33 51 45 66 103 59 38 84 81 50 54 59 65 28 21 20 51 39 25 29 26 59 44 44 48 29 
0.77 63 22 27 105 31 35 22 21 46 81 39 120 48 37 39 105 68 22 21 21 22 94 143 35 51 91 36 133 57 42 45 42 39 43 36 36 36 38 33 197 47 37 46 29 354 51 22 21 21 22 85 46 41 289 44 60 36 36 38 41 68 74 50 182 39 112 50 34 75 20 21 24 175 36 43 27 47 36 87 23 
0.771 29 31 67 48 33 69 23 21 45 42 39 100 31 31 43 35 28 21 21 21 30 101 72 52 59 141 261 41 65 44 33 43 42 48 59 59 45 51 42 32 40 41 64 200 78 57 95 22 21 21 39 28 25 38 65 58 40 43 48 40 48 46 50 66 410 33 118 30 67 21 20 44 427 28 26 26 72 34 32 54 
0.772 36 58 22 111 34 96 63 21 46 64 39 266 30 40 35 33 33 21 21 22 29 65 653 74 156 47 49 38 72 53 67 48 61 40 43 51 55 37 35 54 33 31 32 70 79 182 92 34 21 21 21 33 35 49 226 31 44 47 57 40 736 40 53 35 53 52 103 31 33 420 20 22 23 30 28 28 39 51 33 95 
0.773 31 28 22 46 67 90 75 21 50 40 39 88 30 77 215 160 21 21 21 32 409 126 47 124 65 51 33 98 37 37 32 32 32 31 166 38 44 34 72 107 85 57 33 141 32 34 35 88 52 21 21 21 63 25 38 133 42 43 34 33 74 36 36 152 61 254 78 60 31 112 22 20 36 39 28 22 54 117 39 35 
0.774 23 43 30 37 58 51 90 21 67 99 40 64 91 36 112 65 21 21 22 83 29 264 91 65 41 94 81 32 80 120 49 32 32 42 39 44 40 58 82 88 140 78 132 95 68 48 241 26 27 68 21 21 22 26 37 62 44 54 42 62 34 53 59 45 165 153 97 43 37 39 58 20 24 26 25 345 56 42 41 48 
0.775 21 37 64 24 114 36 463 21 59 44 55 66 41 39 29 23 21 21 129 173 164 41 59 51 56 48 132 228 47 47 38 37 37 51 43 33 217 36 126 36 74 49 36 54 80 67 36 53 25 27 66 21 21 31 45 38 75 58 38 37 43 42 23 24 144 72 46 75 33 56 52 22 20 25 41 59 20 31 54 198 
0.776 23 25 31 22 145 30 71 21 34 37 39 39 57 35 171 21 21 22 82 27 47 50 84 39 62 41 40 42 59 231 40 51 53 42 48 39 81 56 39 55 68 37 44 74 36 48 113 53 32 26 27 39 21 21 41 27 50 43 35 32 71 28 22 22 22 83 108 134 52 64 35 87 20 45 63 39 20 30 44 29 
0.777 19 22 38 22 35 37 62 21 28 72 37 52 35 108 29 21 21 53 44 141 407 82 33 199 32 40 56 53 46 191 47 32 30 41 48 138 39 34 48 35 35 33 35 78 55 37 32 34 35 34 37 27 22 21 21 28 45 48 47 64 26 23 22 22 22 22 79 39 39 41 43 39 21 20 24 25 44 20 44 37 
0.778 18 21 39 24 26 33 29 21 27 48 85 35 53 80 30 20 21 29 28 260 512 79 40 44 66 41 40 120 35 31 58 50 76 49 47 51 45 43 88 59 52 31 35 65 37 34 37 46 72 82 33 29 36 21 21 32 24 107 34 170 26 29 21 22 22 22 22 29 114 153 34 49 51 20 30 38 33 19 25 80 
0.779 17 28 28 30 38 43 267 21 27 77 362 40 49 28 21 20 22 45 49 128 51 86 35 51 42 44 27 49 41 53 37 42 97 67 75 50 103 86 118 138 66 40 43 33 56 91 35 59 35 28 51 38 25 55 21 21 44 103 31 37 29 39 21 23 39 44 23 22 127 56 44 55 45 21 20 24 48 19 21 45 
0.78 17 20 25 39 41 52 58 21 31 115 112 42 48 102 21 20 237 26 83 55 35 98 59 57 66 26 30 42 37 66 43 31 38 77 40 32 31 30 31 31 31 31 39 88 55 30 36 46 55 88 69 53 89 24 47 21 21 25 64 71 48 34 21 26 26 33 38 24 22 92 62 44 49 83 20 27 30 22 19 116 
0.781 16 19 23 27 30 52 435 21 31 39 86 49 34 41 20 21 62 74 705 83 40 73 48 47 26 44 41 115 110 32 41 43 32 30 40 35 30 30 30 37 36 30 38 34 284 71 40 35 32 66 53 84 43 118 24 34 20 27 32 36 99 46 22 24 62 53 74 26 23 23 70 51 44 69 20 22 93 38 19 37 
0.782 16 17 21 32 22 59 70 21 35 104 252 37 41 30 20 22 86 363 162 54 35 41 56 26 31 249 68 37 52 41 51 43 30 46 41 43 37 62 34 33 37 51 35 40 30 90 38 30 38 162 59 42 43 32 31 24 21 20 26 122 73 32 25 22 237 38 37 48 27 22 71 87 58 35 68 20 23 27 19 20 
0.783 16 17 21 27 22 50 56 21 66 63 45 48 234 21 20 42 36 46 66 31 40 44 56 33 88 250 31 40 69 54 33 35 77 33 51 55 37 43 56 71 44 42 24 25 34 56 30 66 50 193 57 78 67 43 42 37 27 21 21 38 43 134 26 21 69 40 32 40 39 26 22 68 51 32 33 20 30 42 20 19 
0.784 16 16 21 28 22 49 46 21 25 33 77 48 28 21 20 86 51 121 40 27 49 104 26 56 50 33 31 36 51 50 83 31 52 30 27 27 32 719 36 127 37 46 37 26 38 24 60 54 42 94 164 72 40 49 38 26 27 45 20 26 32 36 42 21 27 49 34 28 43 38 31 23 49 34 39 76 20 54 86 18 
0.785 15 16 19 41 23 51 36 21 25 32 31 58 54 20 21 69 382 75 31 56 57 26 61 68 31 37 37 41 43 33 267 37 26 183 68 27 54 97 54 25 24 30 63 41 29 88 26 24 50 47 87 39 52 235 63 38 36 30 22 20 24 30 41 34 47 47 31 22 22 27 104 23 49 179 45 60 20 28 49 18 
0.786 15 16 17 26 49 71 36 21 25 47 46 56 141 20 23 28 196 157 26 56 38 37 107 54 41 43 66 45 148 53 26 116 30 37 29 21 21 21 20 20 20 20 20 20 21 21 31 74 26 23 40 73 48 86 123 82 45 199 23 21 23 32 31 33 21 46 28 26 28 23 31 69 22 54 35 65 21 22 53 19 
0.787 15 16 17 22 44 108 97 21 26 43 38 50 55 20 48 54 71 37 42 31 26 34 41 32 32 34 62 42 31 44 44 51 23 21 21 21 21 21 21 21 21 21 20 20 20 20 20 20 27 36 45 80 34 60 35 45 34 29 68 40 20 25 35 41 21 28 30 29 31 32 23 52 41 70 40 123 28 20 53 41 
0.788 15 15 16 20 33 47 38 21 80 42 38 34 21 20 32 98 51 26 43 109 27 51 37 29 37 97 229 39 42 43 87 21 21 21 21 21 22 30 193 80 39 33 28 29 22 21 20 20 20 20 27 32 23 46 94 74 50 26 50 34 22 21 34 44 24 30 32 92 45 21 27 22 61 22 104 40 34 20 33 28 
0.789 15 15 16 19 31 35 31 21 39 42 31 41 21 20 83 54 36 84 37 56 34 39 31 42 52 33 87 53 27 23 21 21 21 22 30 173 28 51 52 43 67 61 47 86 48 52 81 22 20 20 20 20 33 23 55 47 33 44 37 27 24 20 26 47 72 21 40 33 20 18 19 35 37 25 325 35 27 79 20 66 
0.79 15 15 16 19 39 25 31 21 243 44 36 63 20 21 42 57 31 60 31 25 66 34 29 30 49 69 33 27 22 21 21 21 68 119 43 55 57 27 32 33 24 23 23 23 23 23 34 54 66 29 20 20 20 26 29 30 53 30 31 66 31 35 20 30 40 26 27 22 20 17 17 18 99 36 22 50 50 64 20 23 
0.791 15 15 16 18 26 25 45 21 56 38 110 28 20 29 37 114 25 28 32 34 52 26 61 41 53 36 27 22 20 21 22 28 28 122 52 54 61 24 24 38 36 58 43 70 106 41 54 30 22 28 49 21 20 20 21 28 30 85 46 47 26 38 21 29 62 39 32 27 22 17 17 17 20 22 35 80 28 25 20 24 
0.792 15 15 16 17 20 27 27 21 40 54 191 110 20 72 38 337 55 27 47 119 41 26 34 33 27 30 22 20 20 22 276 5384 461 28 73 24 57 34 56 39 25 35 50 32 41 45 29 24 43 33 23 31 26 20 20 20 28 38 29 31 22 29 23 20 39 32 21 30 20 17 16 16 17 24 40 22 41 35 27 20 
0.793 15 15 15 17 20 31 27 21 82 81 36 200 20 35 53 33 38 27 25 110 26 106 116 66 44 32 20 20 22 108 68 39 34 45 24 70 92 34 45 36 57 21 19 19 18 18 19 19 39 52 24 34 23 48 21 19 20 29 37 31 45 20 24 37 22 34 27 27 30 17 16 16 16 17 37 53 44 25 60 20 
0.794 15 15 15 16 19 22 27 21 37 39 37 29 20 32 46 25 31 29 74 37 25 40 86 105 49 20 20 21 54 67 46 128 160 46 292 102 48 52 37 19 18 18 17 17 17 17 17 17 17 18 19 27 24 58 23 24 19 20 35 39 35 132 21 29 20 41 28 21 30 18 16 16 16 16 21 37 22 51 28 22 
0.795 14 15 15 16 18 21 28 21 328 36 40 22 20 29 53 33 241 50 58 29 37 38 55 40 21 20 21 28 48 49 39 42 76 423 32 35 78 19 18 18 17 17 17 17 17 17 17 17 17 17 17 17 18 34 42 22 36 19 20 23 26 29 20 29 29 21 41 29 36 20 16 16 16 16 17 61 54 49 25 52 
0.796 14 15 15 16 18 21 29 21 66 32 47 21 20 25 70 80 41 26 96 25 31 49 49 24 20 20 52 56 46 112 66 60 47 32 56 27 18 18 17 17 17 17 17 17 17 17 17 17 17 17 17 17 17 17 19 23 27 42 19 20 23 27 131 19 25 20 36 34 25 25 16 16 16 16 16 18 70 22 27 25 
0.797 14 15 15 16 17 21 37 21 132 73 33 20 21 25 32 203 50 54 36 25 40 59 27 20 20 21 165 110 35 94 32 107 42 47 30 18 18 17 17 17 17 17 17 17 17 17 17 17 16 16 16 16 17 17 17 18 32 29 24 19 21 33 34 36 20 29 20 27 25 22 17 16 15 15 16 16 40 25 92 37 
0.798 14 14 15 15 17 21 35 21 80 51 146 20 35 62 26 65 27 56 27 47 39 32 21 20 20 157 65 37 56 74 37 84 51 274 18 18 17 17 17 17 17 17 17 17 17 17 17 16 16 16 16 16 16 16 17 17 17 24 30 25 19 24 30 34 19 24 21 31 26 40 19 16 15 15 15 16 17 40 22 27 
0.799 14 14 15 15 17 21 62 21 67 53 58 20 26 47 25 36 32 405 25 31 96 40 20 20 22 93 59 38 49 56 50 30 85 19 18 17 17 17 17 17 17 17 17 17 17 17 17 17 17 16 16 16 16 16 16 16 17 17 23 29 26 19 33 27 37 19 25 20 50 21 21 16 15 15 15 16 16 63 46 334 
