epsilon_k[0] 0.0001
epsilon_k[1] 2.18e-05
epsilon_k[2] 7.08e-05
epsilon_k[3] 2.54e-05
epsilon_k[4] 1e-05
epsilon_k[5] 7.8e-06
epsilon_k[6] 2.18e-05
omega_x0 0.168
omega_y0 0.201
dx 0.01
n_theta 100
dtheta 0.015708
epsilon 52
max_turns 10000000
from_angle 40
to_angle 45
0.628319 1e+07 1e+07 1e+07 1e+07 1e+07 1e+07 1e+07 1e+07 1e+07 1e+07 1e+07 1e+07 1e+07 1e+07 1e+07 1e+07 1e+07 1e+07 1e+07 1e+07 1e+07 1e+07 1e+07 1e+07 1e+07 1e+07 1e+07 1e+07 8.07254e+06 8.55472e+06 1e+07 3.86273e+06 9.44207e+06 4.9368e+06 1.62038e+06 6.83773e+06 2.54384e+06 633819 863268 2.44047e+06 1.54993e+06 9.39794e+06 2.7811e+06 893971 1.22905e+06 722367 398241 915514 779942 858197 27935 64710 13270 10972 3662 6268 10296 2286 409 773 1401 3502 6329 2319 2181 306 66 90 86 242 166 123 231 83 249 242 270 58 46 73 163 140 180 40 25 143 23 17 16 16 31 26 17 15 30 27 16 13 17 15 
0.644026 1e+07 1e+07 1e+07 1e+07 1e+07 1e+07 1e+07 1e+07 1e+07 1e+07 1e+07 1e+07 1e+07 1e+07 1e+07 1e+07 1e+07 1e+07 1e+07 1e+07 1e+07 1e+07 1e+07 1e+07 1e+07 1e+07 1e+07 1e+07 1e+07 1e+07 1e+07 1e+07 3.38292e+06 1e+07 6.09429e+06 824156 530747 681217 1.92844e+06 544711 2.61401e+06 1.41458e+06 949748 768145 792963 348959 8.48222e+06 201883 199422 947314 61295 391357 88579 31720 171055 5484 24242 3087 4092 317 962 930 1014 264 288 327 507 1761 223 243 172 174 98 93 121 182 42 78 78 29 235 52 36 65 27 59 19 33 22 16 16 19 18 20 15 23 17 13 16 46 
0.659734 1e+07 1e+07 1e+07 1e+07 1e+07 1e+07 1e+07 1e+07 1e+07 1e+07 1e+07 1e+07 1e+07 1e+07 1e+07 1e+07 1e+07 1e+07 1e+07 1e+07 1e+07 1e+07 1e+07 1e+07 1e+07 1e+07 1e+07 5.99486e+06 1e+07 1e+07 1e+07 1e+07 1e+07 1.20624e+06 7.05514e+06 2.85726e+06 1.94339e+06 2.24871e+06 1.36232e+06 829291 5.34775e+06 436503 2.34273e+06 238245 673697 112257 184639 532675 278530 391935 96919 4502 6605 67746 10057 2392 1469 2221 4555 1063 3031 1607 89 952 187 79 56 52 65 123 92 44 55 23 46 44 349 66 44 24 34 52 15 15 25 50 22 19 28 20 18 20 15 16 17 20 12 12 12 14 
0.675442 1e+07 1e+07 1e+07 1e+07 1e+07 1e+07 1e+07 1e+07 1e+07 1e+07 1e+07 1e+07 1e+07 1e+07 1e+07 1e+07 1e+07 1e+07 1e+07 1e+07 1e+07 1e+07 1e+07 1e+07 1e+07 5.24553e+06 1e+07 1e+07 1e+07 1e+07 2.01202e+06 5.91079e+06 1e+07 4.91454e+06 725290 2.97816e+06 1.98492e+06 1.66161e+06 3.25324e+06 1.88904e+06 260576 1.58339e+06 1.00266e+06 1.25659e+06 2.20153e+06 152606 69180 87671 142820 82525 57855 5602 26001 18226 21646 41986 2152 888 10178 509 113 3512 1951 736 290 224 70 624 30 225 27 20 18 17 17 17 16 16 17 22 21 18 22 28 26 14 13 12 12 12 12 12 13 16 15 22 14 14 18 11 
0.69115 1e+07 1e+07 1e+07 1e+07 1e+07 1e+07 1e+07 1e+07 1e+07 1e+07 1e+07 1e+07 1e+07 1e+07 1e+07 1e+07 1e+07 1e+07 1e+07 1e+07 1e+07 1e+07 1e+07 1e+07 1e+07 1e+07 1e+07 1e+07 1e+07 1e+07 1e+07 1.56062e+06 2.23713e+06 2.35889e+06 660243 726085 553089 284771 2.52999e+06 521664 1.70609e+06 163023 769582 186128 5.96593e+06 42203 64754 70920 643603 28633 20931 10378 8211 1769 4594 28381 10199 1014 859 296 736 2979 548 197 328 168 210 104 195 48 60 97 51 38 53 54 27 108 28 103 42 26 26 27 23 21 20 17 23 18 14 14 20 14 12 12 11 11 11 12 
