epsilon_k[0] 0.0001
epsilon_k[1] 2.18e-05
epsilon_k[2] 7.08e-05
epsilon_k[3] 2.54e-05
epsilon_k[4] 1e-05
epsilon_k[5] 7.8e-06
epsilon_k[6] 2.18e-05
omega_x0 0.168
omega_y0 0.201
dx 0.01
n_theta 100
dtheta 0.015708
epsilon 52
max_turns 10000000
from_angle 65
to_angle 70
1.02102 1e+07 1e+07 1e+07 1e+07 1e+07 1e+07 1e+07 1e+07 1e+07 1e+07 1e+07 1e+07 1e+07 1e+07 1e+07 1e+07 1e+07 1e+07 1e+07 1e+07 1e+07 1e+07 1e+07 1e+07 1e+07 1e+07 1e+07 1e+07 1e+07 1e+07 1e+07 1e+07 1e+07 1e+07 1e+07 1e+07 6.96253e+06 3.43522e+06 190002 150075 1.60088e+06 38911 27195 8908 38063 13008 6067 11280 3783 5507 1314 1559 3410 7665 2245 2081 1732 267 530 217 182 96 44 77 19 48 81 271 458 169 121 37 15 91 64 20 9 8 7 7 7 7 7 6 6 6 6 6 6 6 6 6 6 5 5 5 5 5 5 5 
1.03673 1e+07 1e+07 1e+07 1e+07 1e+07 1e+07 1e+07 1e+07 1e+07 1e+07 1e+07 1e+07 1e+07 1e+07 1e+07 1e+07 1e+07 1e+07 1e+07 1e+07 1e+07 1e+07 1e+07 1e+07 1e+07 1e+07 1e+07 1e+07 1e+07 1e+07 1e+07 1e+07 1e+07 1e+07 6.35053e+06 1e+07 1.62259e+06 3.00388e+06 85284 178803 192920 47826 9113 12787 8026 12863 5067 1982 2481 1316 421 1027 1264 2196 3050 1606 2480 335 119 112 244 268 755 25 19 33 36 141 114 146 163 16 72 30 32 9 8 8 7 7 7 7 6 6 6 6 6 6 6 6 6 6 6 5 5 5 5 5 5 5 
1.05243 1e+07 1e+07 1e+07 1e+07 1e+07 1e+07 1e+07 1e+07 1e+07 1e+07 1e+07 1e+07 1e+07 1e+07 1e+07 1e+07 1e+07 1e+07 1e+07 1e+07 1e+07 1e+07 1e+07 1e+07 1e+07 1e+07 1e+07 1e+07 1e+07 1e+07 1e+07 1e+07 1e+07 1e+07 5.39378e+06 1.78815e+06 2.22766e+06 1.53614e+06 859491 132531 207115 15879 19964 7776 14832 7220 6822 3914 3903 2396 602 1183 1510 1833 1731 1627 538 615 212 297 37 33 85 126 26 54 45 38 235 25 22 15 60 41 19 9 8 7 7 7 7 7 6 6 6 6 6 6 6 6 6 6 5 5 5 5 5 5 5 5 
1.06814 1e+07 1e+07 1e+07 1e+07 1e+07 1e+07 1e+07 1e+07 1e+07 1e+07 1e+07 1e+07 1e+07 1e+07 1e+07 1e+07 1e+07 1e+07 1e+07 1e+07 1e+07 1e+07 1e+07 1e+07 1e+07 1e+07 1e+07 1e+07 1e+07 1e+07 1e+07 1e+07 1e+07 8.12733e+06 1e+07 2.04072e+06 335577 361140 68292 16150 45754 5066 3487 8861 2791 2801 2511 1292 14030 23577 3812 6145 4933 1633 1136 1829 2721 321 179 37 94 32 95 98 32 97 39 67 168 40 34 43 51 20 9 8 8 7 7 7 7 7 6 6 6 6 6 6 6 6 6 6 5 5 5 5 5 5 5 5 
1.08385 1e+07 1e+07 1e+07 1e+07 1e+07 1e+07 1e+07 1e+07 1e+07 1e+07 1e+07 1e+07 1e+07 1e+07 1e+07 1e+07 1e+07 1e+07 1e+07 1e+07 1e+07 1e+07 1e+07 1e+07 1e+07 1e+07 1e+07 1e+07 1e+07 1e+07 1e+07 6.52446e+06 7.59549e+06 1e+07 4.707e+06 934217 1.06563e+06 383017 857473 194367 52492 35939 2646 5751 7083 7004 6619 8466 3067 21100 535 713 527 996 477 261 549 272 85 121 39 179 78 114 49 47 72 60 30 141 30 723 27 16 9 8 8 7 7 7 7 6 6 6 6 6 6 6 6 6 6 6 5 5 5 5 5 5 5 5 
1.09956 1e+07 1e+07 1e+07 1e+07 1e+07 1e+07 1e+07 1e+07 1e+07 1e+07 1e+07 1e+07 1e+07 1e+07 1e+07 1e+07 1e+07 1e+07 1e+07 1e+07 1e+07 1e+07 1e+07 1e+07 1e+07 1e+07 1e+07 1e+07 1e+07 1e+07 1e+07 1e+07 1e+07 1e+07 1.10902e+06 2.6962e+06 2.57236e+06 180816 45212 139663 43658 11335 13249 6702 3260 4805 2369 4114 733 3739 5515 1234 473 7818 645 683 424 1023 113 186 91 307 275 25 261 48 44 280 55 31 23 46 18 22 9 8 7 7 7 7 7 6 6 6 6 6 6 6 6 6 6 6 5 5 5 5 5 5 5 5 
