epsilon_k[0] 0.1
epsilon_k[0] 2.18e-05
epsilon_k[0] 7.08e-05
epsilon_k[0] 2.54e-05
epsilon_k[0] 1e-05
epsilon_k[0] 7.8e-06
epsilon_k[0] 0.218
omega_x0 0.168
omega_y0 0.201
dx 0.01
n_theta 100
dtheta 0.00785398
epsilon 2
max_turns 10000000
from_angle 0
to_angle 8
0 1e+07 1e+07 1e+07 1e+07 1e+07 1e+07 1e+07 1e+07 1e+07 1e+07 1e+07 1e+07 1e+07 882498 75140 75140 26302 13354 13354 2792 2792 487 
0.00785398 1e+07 1e+07 1e+07 1e+07 1e+07 1e+07 1e+07 1e+07 1e+07 7.37777e+06 7.37777e+06 7.37777e+06 3.2602e+06 1.86173e+06 123748 123748 122743 11625 11625 3015 3015 487 
0.015708 1e+07 1e+07 1e+07 1e+07 1e+07 1e+07 1e+07 1e+07 1e+07 6.77835e+06 6.77835e+06 6.77835e+06 2.575e+06 757411 42078 42078 42078 11617 11617 3079 3079 487 
0.0235619 1e+07 1e+07 1e+07 1e+07 1e+07 1e+07 1e+07 1e+07 1e+07 1e+07 1e+07 7.98678e+06 4.86289e+06 204495 68121 60385 60385 24136 24136 2935 2935 487 
0.0314159 1e+07 1e+07 1e+07 1e+07 1e+07 1e+07 1e+07 1e+07 1e+07 1e+07 1e+07 2.46674e+06 2.46674e+06 1.48316e+06 138512 128967 88886 21316 15962 3006 3006 487 
0.0392699 1e+07 1e+07 1e+07 1e+07 1e+07 1e+07 1e+07 1e+07 1e+07 2.028e+06 2.028e+06 2.028e+06 2.028e+06 416962 316259 55029 55029 22257 22257 3490 3490 486 
0.0471239 1e+07 1e+07 1e+07 1e+07 1e+07 1e+07 1e+07 1e+07 1e+07 3.49206e+06 3.49206e+06 2.38403e+06 2.38403e+06 536113 155945 38683 38683 38683 38683 4023 2218 486 
0.0549779 1e+07 1e+07 1e+07 1e+07 1e+07 1e+07 1e+07 1e+07 1e+07 1.95936e+06 1.95936e+06 1.95936e+06 1.95936e+06 1.79149e+06 121629 121629 17915 17915 10970 5389 5389 486 
0.0628319 1e+07 1e+07 1e+07 1e+07 1e+07 1e+07 1e+07 1e+07 1e+07 767825 767825 767825 767825 767825 169249 135040 75938 75938 29928 5826 5826 485 
