epsilon_k[0] 0.0001
epsilon_k[1] 2.18e-05
epsilon_k[2] 7.08e-05
epsilon_k[3] 2.54e-05
epsilon_k[4] 1e-05
epsilon_k[5] 7.8e-06
epsilon_k[6] 2.18e-05
omega_x0 0.168
omega_y0 0.201
dx 0.01
n_theta 100
dtheta 0.015708
epsilon 20
max_turns 10000000
from_angle 95
to_angle 101
1.49226 1e+07 1e+07 1e+07 1e+07 1e+07 1e+07 1e+07 1e+07 1e+07 1e+07 1e+07 1e+07 1e+07 1e+07 1e+07 1e+07 1e+07 1e+07 1e+07 1e+07 1e+07 1e+07 1e+07 1e+07 1e+07 1e+07 1e+07 1e+07 1e+07 1e+07 1e+07 1e+07 1e+07 1e+07 1e+07 1e+07 1e+07 1e+07 1e+07 1e+07 1e+07 1e+07 1e+07 7.50008e+06 3.65461e+06 3.16078e+06 979906 1.54588e+06 742598 206585 731108 44725 9625 9353 1769 1335 980 1719 10715 1424 373 337 195 303 117 173 92 225 78 39 162 44 91 81 40 25 32 39 252 154 30 16 37 20 12 11 10 10 10 10 9 9 9 9 9 9 9 9 8 8 
1.50796 1e+07 1e+07 1e+07 1e+07 1e+07 1e+07 1e+07 1e+07 1e+07 1e+07 1e+07 1e+07 1e+07 1e+07 1e+07 1e+07 1e+07 1e+07 1e+07 1e+07 1e+07 1e+07 1e+07 1e+07 1e+07 1e+07 1e+07 1e+07 1e+07 1e+07 1e+07 1e+07 1e+07 1e+07 1e+07 1e+07 1e+07 1e+07 1e+07 1e+07 1e+07 1e+07 1e+07 1e+07 3.36171e+06 1e+07 6.84881e+06 1.34809e+06 326479 468460 4.3322e+06 60547 106890 22061 22463 1510 4037 464 1617 607 400 1538 398 310 842 54 789 138 160 289 276 74 111 218 22 59 52 80 61 21 16 21 22 13 11 11 10 10 10 10 9 9 9 9 9 9 9 9 9 9 
1.52367 1e+07 1e+07 1e+07 1e+07 1e+07 1e+07 1e+07 1e+07 1e+07 1e+07 1e+07 1e+07 1e+07 1e+07 1e+07 1e+07 1e+07 1e+07 1e+07 1e+07 1e+07 1e+07 1e+07 1e+07 1e+07 1e+07 1e+07 1e+07 1e+07 1e+07 1e+07 1e+07 1e+07 1e+07 1e+07 1e+07 1e+07 1e+07 1e+07 1e+07 1e+07 1e+07 1e+07 1e+07 1e+07 2.60906e+06 563469 1.30271e+06 6.02472e+06 714014 162406 154221 63967 7329 6891 4646 2124 516 1356 246 782 517 265 382 94 116 224 75 138 97 75 146 38 21 40 28 22 60 42 27 17 22 23 20 16 12 11 11 10 10 10 10 10 10 10 10 10 10 10 11 
1.53938 1e+07 1e+07 1e+07 1e+07 1e+07 1e+07 1e+07 1e+07 1e+07 1e+07 1e+07 1e+07 1e+07 1e+07 1e+07 1e+07 1e+07 1e+07 1e+07 1e+07 1e+07 1e+07 1e+07 1e+07 1e+07 1e+07 1e+07 1e+07 1e+07 1e+07 1e+07 1e+07 1e+07 1e+07 1e+07 1e+07 1e+07 1e+07 1e+07 1e+07 1e+07 1e+07 1e+07 1e+07 3.88783e+06 1e+07 1e+07 1.17654e+06 2.37055e+06 1.20171e+06 771110 670910 584150 13705 13498 2070 1816 751 542 474 6778 4715 18002 342 172 173 191 173 146 93 90 37 28 21 142 264 32 28 43 34 110 40 165 38 22 28 22 19 22 23 18 27 40 23 14 17 13 12 11 11 
1.55509 1e+07 1e+07 1e+07 1e+07 1e+07 1e+07 1e+07 1e+07 1e+07 1e+07 1e+07 1e+07 1e+07 1e+07 1e+07 1e+07 1e+07 1e+07 1e+07 1e+07 1e+07 1e+07 1e+07 1e+07 1e+07 1e+07 1e+07 1e+07 1e+07 1e+07 1e+07 1e+07 1e+07 1e+07 1e+07 1e+07 1e+07 1e+07 1e+07 1e+07 1e+07 1e+07 1e+07 1e+07 1e+07 8.42418e+06 6.89096e+06 771768 471018 622468 721485 507910 46546 32014 11417 11094 3229 12842 3919 2550 1974 1106 1588 297 447 180 97 149 65 89 198 55 20 42 34 76 87 32 35 20 47 43 20 19 17 16 18 16 14 13 12 12 12 12 12 14 18 22 27 28 
1.5708 1e+07 1e+07 1e+07 1e+07 1e+07 1e+07 1e+07 1e+07 1e+07 1e+07 1e+07 1e+07 1e+07 1e+07 1e+07 1e+07 1e+07 1e+07 1e+07 1e+07 1e+07 1e+07 1e+07 1e+07 1e+07 1e+07 1e+07 1e+07 1e+07 1e+07 1e+07 1e+07 1e+07 1e+07 1e+07 1e+07 1e+07 1e+07 1e+07 1e+07 1e+07 1e+07 1e+07 1e+07 1e+07 6.30874e+06 2.43998e+06 1e+07 437725 6.46146e+06 349473 271026 420540 64648 42117 13592 6278 3323 1306 1912 853 243 487 1904 2266 350 79 70 131 283 196 75 21 35 43 28 31 59 17 15 14 14 13 13 13 13 13 13 13 40 52 16 28 22 22 23 31 12 11 11 
1.5865 1e+07 1e+07 1e+07 1e+07 1e+07 1e+07 1e+07 1e+07 1e+07 1e+07 1e+07 1e+07 1e+07 1e+07 1e+07 1e+07 1e+07 1e+07 1e+07 1e+07 1e+07 1e+07 1e+07 1e+07 1e+07 1e+07 1e+07 1e+07 1e+07 1e+07 1e+07 1e+07 1e+07 1e+07 1e+07 1e+07 1e+07 1e+07 1e+07 1e+07 1e+07 1e+07 1e+07 1e+07 9.77749e+06 5.89387e+06 2.75092e+06 1e+07 2.92336e+06 948923 2.70989e+06 333323 585822 69454 65729 42130 101298 10681 19786 5337 792 323 648 644 446 106 149 69 68 730 254 47 20 86 31 24 92 21 16 15 15 15 15 22 32 20 27 30 18 34 26 19 17 13 12 12 12 13 26 36 
