epsilon_k[0] 0.0001
epsilon_k[1] 2.18e-05
epsilon_k[2] 7.08e-05
epsilon_k[3] 2.54e-05
epsilon_k[4] 1e-05
epsilon_k[5] 7.8e-06
epsilon_k[6] 2.18e-05
omega_x0 0.168
omega_y0 0.201
dx 0.01
n_theta 100
dtheta 0.015708
epsilon 32
max_turns 10000000
from_angle 50
to_angle 55
0.785398 1e+07 1e+07 1e+07 1e+07 1e+07 1e+07 1e+07 1e+07 1e+07 1e+07 1e+07 1e+07 1e+07 1e+07 1e+07 1e+07 1e+07 1e+07 1e+07 1e+07 1e+07 1e+07 1e+07 1e+07 1e+07 1e+07 1e+07 1e+07 1e+07 7.20338e+06 1e+07 1e+07 3.04896e+06 1e+07 1e+07 9.10241e+06 636227 6.72678e+06 1e+07 2.22911e+06 163913 7.3919e+06 961546 560426 292406 22328 91157 15106 16823 4201 3855 20632 1300 4778 4291 1880 303 179 506 192 144 93 96 32 360 203 237 21 139 15 12 11 11 11 10 10 10 10 10 10 10 10 10 9 9 9 9 9 9 9 9 9 10 10 10 10 11 14 17 13 
0.801106 1e+07 1e+07 1e+07 1e+07 1e+07 1e+07 1e+07 1e+07 1e+07 1e+07 1e+07 1e+07 1e+07 1e+07 1e+07 1e+07 1e+07 1e+07 1e+07 1e+07 1e+07 1e+07 1e+07 1e+07 1e+07 1e+07 1e+07 1e+07 1e+07 8.97464e+06 1e+07 6.97066e+06 1e+07 1e+07 1e+07 2.57026e+06 2.39566e+06 2.38554e+06 431561 1.97746e+06 607676 442625 2.12015e+06 158396 187604 56431 2.03979e+06 240433 10401 22753 93117 26600 3248 22566 4052 3943 10976 1995 465 173 93 60 38 85 195 167 157 20 28 21 12 12 11 11 11 10 10 10 10 10 10 10 10 10 10 11 11 13 13 13 12 15 25 12 11 11 12 17 12 12 
0.816814 1e+07 1e+07 1e+07 1e+07 1e+07 1e+07 1e+07 1e+07 1e+07 1e+07 1e+07 1e+07 1e+07 1e+07 1e+07 1e+07 1e+07 1e+07 1e+07 1e+07 1e+07 1e+07 1e+07 1e+07 1e+07 1e+07 1e+07 1e+07 1e+07 1e+07 1e+07 1e+07 1e+07 734563 1e+07 1e+07 1e+07 4.21162e+06 685017 327348 4.05076e+06 236793 351427 124963 102850 115252 17940 6144 1e+07 15235 4524 7787 2015 1549 723 652 492 402 6913 616 1326 65 6630 168 906 57 47 19 29 33 20 13 12 12 12 11 12 12 12 13 17 14 15 13 13 16 15 12 11 11 12 14 12 15 11 10 10 9 10 10 
0.832522 1e+07 1e+07 1e+07 1e+07 1e+07 1e+07 1e+07 1e+07 1e+07 1e+07 1e+07 1e+07 1e+07 1e+07 1e+07 1e+07 1e+07 1e+07 1e+07 1e+07 1e+07 1e+07 1e+07 1e+07 1e+07 1e+07 1e+07 1e+07 1e+07 1e+07 1e+07 1e+07 3.88467e+06 1e+07 4.7043e+06 1.25073e+06 2.75252e+06 1e+07 3.36888e+06 593942 533120 191257 1.09609e+06 126338 118505 69411 24055 24958 5448 12099 7869 2899 810 3664 3544 1742 4346 530 928 832 149 439 105 110 110 199 64 59 24 19 18 18 18 17 22 18 24 16 18 14 18 16 18 12 11 11 12 14 13 16 11 10 10 11 16 16 10 9 9 8 
0.84823 1e+07 1e+07 1e+07 1e+07 1e+07 1e+07 1e+07 1e+07 1e+07 1e+07 1e+07 1e+07 1e+07 1e+07 1e+07 1e+07 1e+07 1e+07 1e+07 1e+07 1e+07 1e+07 1e+07 1e+07 1e+07 1e+07 1e+07 1e+07 1e+07 1e+07 1e+07 1e+07 8.56337e+06 4.06344e+06 895360 2.59702e+06 8.52717e+06 1.37224e+06 715126 1.8777e+06 69088 45228 209490 366131 413893 676596 33801 11542 7516 11518 44692 5858 1979 1233 1768 1407 363 1393 213 498 60 27 20 20 46 45 81 121 113 93 191 29 17 17 23 15 52 26 15 18 12 12 12 14 15 14 30 12 12 14 12 12 10 10 9 8 8 7 7 7 
