epsilon_k[0] 0.1
epsilon_k[0] 2.18e-05
epsilon_k[0] 7.08e-05
epsilon_k[0] 2.54e-05
epsilon_k[0] 1e-05
epsilon_k[0] 7.8e-06
epsilon_k[0] 0.218
omega_x0 0.31
omega_y0 0.32
dx 0.01
n_theta 100
dtheta 0.00785398
epsilon 8
max_turns 10000000
from_angle 72
to_angle 80
0.565487 1e+07 57444 20481 2971 986 
0.573341 1e+07 274855 10785 2970 985 
0.581195 1e+07 99123 21821 2971 954 
0.589049 1e+07 99846 9633 2992 950 
0.596903 1e+07 18682 12800 3016 949 
0.604757 1e+07 16539 10876 3184 949 
0.612611 1e+07 18148 9490 3185 952 
0.620465 1e+07 446379 8727 3196 989 
0.628319 1e+07 44347 13670 3213 984 
