epsilon_k[0] 0.1
epsilon_k[0] 2.18e-05
epsilon_k[0] 7.08e-05
epsilon_k[0] 2.54e-05
epsilon_k[0] 1e-05
epsilon_k[0] 7.8e-06
epsilon_k[0] 0.218
omega_x0 0.168
omega_y0 0.201
dx 0.01
n_theta 100
dtheta 0.00785398
epsilon 6
max_turns 10000000
from_angle 48
to_angle 56
0.376991 1e+07 349351 15343 1857 1453 761 
0.384845 1e+07 289432 15371 1854 1258 768 
0.392699 1e+07 215932 15897 1845 1536 704 
0.400553 1e+07 1.30363e+06 15595 1861 1453 702 
0.408407 1e+07 1.68209e+06 15530 1929 1411 702 
0.416261 1e+07 311230 15177 1857 1459 703 
0.424115 1e+07 248499 15079 1920 1401 714 
0.431969 1e+07 118264 14870 1781 1404 707 
