epsilon_k[0] 0.0001
epsilon_k[1] 2.18e-05
epsilon_k[2] 7.08e-05
epsilon_k[3] 2.54e-05
epsilon_k[4] 1e-05
epsilon_k[5] 7.8e-06
epsilon_k[6] 2.18e-05
omega_x0 0.28
omega_y0 0.31
dx 0.01
epsilon 0
max_turns 10000000
from_y 16
to_y 24
0.16 1e+07 1e+07 1e+07 1e+07 1e+07 1e+07 1e+07 1e+07 1e+07 1e+07 1e+07 1e+07 1e+07 1e+07 1e+07 1e+07 1e+07 1e+07 1e+07 1e+07 1e+07 1e+07 1e+07 1e+07 1e+07 1e+07 1e+07 1e+07 1e+07 1e+07 490 184 128 112 128 1e+07 1e+07 1e+07 1e+07 1e+07 1e+07 1e+07 57150 28417 14719 579 131 73 28 25 22 22 24 32 44 30 18 16 15 13 12 11 11 11 11 11 10 10 9 9 8 8 8 8 8 8 8 8 8 8 
0.17 1e+07 1e+07 1e+07 1e+07 1e+07 1e+07 1e+07 1e+07 1e+07 1e+07 1e+07 1e+07 1e+07 1e+07 1e+07 1e+07 1e+07 1e+07 1e+07 1e+07 1e+07 1e+07 1e+07 1e+07 1e+07 1e+07 1e+07 1e+07 1e+07 1e+07 575 169 116 95 93 1e+07 1e+07 1e+07 1e+07 1e+07 1e+07 1e+07 2845 1797 2501 72 338 61 33 35 29 40 34 23 19 17 16 15 13 12 11 11 11 11 10 9 9 9 8 8 8 8 8 8 8 8 7 7 7 7 
0.18 1e+07 1e+07 1e+07 1e+07 1e+07 1e+07 1e+07 1e+07 1e+07 1e+07 1e+07 1e+07 1e+07 1e+07 1e+07 1e+07 1e+07 1e+07 1e+07 1e+07 1e+07 1e+07 1e+07 1e+07 1e+07 1e+07 1e+07 1e+07 1e+07 1e+07 4099 143 103 93 78 89 1e+07 1e+07 1e+07 1e+07 108705 44234 215 885 93 121 136 64 83 36 30 22 19 18 17 15 14 13 12 11 11 10 10 9 9 9 8 8 8 8 8 8 8 7 7 7 7 7 7 7 
0.19 1e+07 1e+07 1e+07 1e+07 1e+07 1e+07 1e+07 1e+07 1e+07 1e+07 1e+07 1e+07 1e+07 1e+07 1e+07 1e+07 1e+07 1e+07 1e+07 1e+07 1e+07 1e+07 1e+07 1e+07 1e+07 1e+07 1e+07 1e+07 1e+07 266 523 130 91 77 68 67 92 1e+07 1e+07 6.61918e+06 1e+07 518 133 100 61 60 39 29 29 21 20 19 18 16 15 14 12 11 11 10 10 10 9 9 8 8 8 8 8 8 8 7 7 7 7 7 7 7 7 7 
0.2 1e+07 1e+07 1e+07 1e+07 1e+07 1e+07 1e+07 1e+07 1e+07 1e+07 1e+07 1e+07 1e+07 1e+07 1e+07 1e+07 1e+07 1e+07 1e+07 1e+07 1e+07 1e+07 1e+07 1e+07 1e+07 1e+07 1e+07 1e+07 1e+07 231 320 117 80 67 63 68 63 7371 2469 29377 1950 293 47 41 35 53 25 21 20 19 18 17 16 15 14 12 11 10 10 10 9 9 9 8 8 8 8 8 8 7 7 7 7 7 7 7 7 7 7 7 
0.21 1e+07 1e+07 1e+07 1e+07 1e+07 1e+07 1e+07 1e+07 1e+07 1e+07 1e+07 1e+07 1e+07 1e+07 1e+07 1e+07 1e+07 1e+07 1e+07 1e+07 1e+07 1e+07 1e+07 1e+07 1e+07 1e+07 1e+07 1e+07 1e+07 208 233 104 77 64 54 51 50 50 58 18430 70 70 55 34 25 22 21 20 19 18 18 17 15 14 12 11 10 10 9 9 9 8 8 8 8 8 8 7 7 7 7 7 7 7 7 7 7 7 7 7 
0.22 1e+07 1e+07 1e+07 1e+07 1e+07 1e+07 1e+07 1e+07 1e+07 1e+07 1e+07 1e+07 1e+07 1e+07 1e+07 1e+07 1e+07 1e+07 1e+07 1e+07 1e+07 1e+07 1e+07 1e+07 1e+07 1e+07 1e+07 1e+07 187 194 183 92 67 55 51 52 41 39 38 37 36 31 25 23 21 20 20 20 25 24 23 15 17 12 11 10 10 9 9 9 8 8 8 8 8 8 7 7 7 7 7 7 7 7 7 7 7 7 7 7 
0.23 1e+07 1e+07 1e+07 1e+07 1e+07 1e+07 1e+07 1e+07 1e+07 1e+07 1e+07 1e+07 1e+07 1e+07 1e+07 1e+07 1e+07 1e+07 1e+07 1e+07 1e+07 1e+07 1e+07 1e+07 1e+07 1e+07 1e+07 1e+07 144 202 151 81 65 52 66 40 38 37 36 31 26 24 22 21 20 21 21 17 15 16 25 43 12 11 10 10 9 9 9 8 8 8 8 8 7 7 7 7 7 7 7 7 7 7 7 7 7 7 7 7 
