epsilon_k[0] 0.1
epsilon_k[0] 2.18e-05
epsilon_k[0] 7.08e-05
epsilon_k[0] 2.54e-05
epsilon_k[0] 1e-05
epsilon_k[0] 7.8e-06
epsilon_k[0] 0.218
omega_x0 0.28
omega_y0 0.31
dx 0.01
n_theta 100
dtheta 0.00785398
epsilon 12
max_turns 10000000
from_angle 56
to_angle 64
0.439823 1e+07 39651 29615 10217 4420 3288 1664 1306 1306 1155 727 
0.447677 1e+07 40283 40283 8261 4409 3169 1651 1295 1295 1168 721 
0.455531 1e+07 41634 41634 7261 4354 3134 1586 1266 1266 1181 713 
0.463385 1e+07 41662 35173 6767 4333 3147 1581 1265 1265 1134 702 
0.471239 1e+07 41738 41738 6680 4309 2915 1552 1254 1254 1029 721 
0.479093 1e+07 42870 41657 7030 4309 2677 1432 1251 1251 1000 694 
0.486947 1e+07 42880 42880 6416 4264 2569 1411 1227 1227 975 
0.494801 1e+07 42897 32499 6373 4314 2548 1410 1212 1212 1011 687 
