epsilon_k[0] 0.0001
epsilon_k[1] 2.18e-05
epsilon_k[2] 7.08e-05
epsilon_k[3] 2.54e-05
epsilon_k[4] 1e-05
epsilon_k[5] 7.8e-06
epsilon_k[6] 2.18e-05
omega_x0 0.168
omega_y0 0.201
dx 0.01
n_theta 100
dtheta 0.015708
epsilon 24
max_turns 10000000
from_angle 40
to_angle 45
0.628319 1e+07 1e+07 1e+07 1e+07 1e+07 1e+07 1e+07 1e+07 1e+07 1e+07 1e+07 1e+07 1e+07 1e+07 1e+07 1e+07 1e+07 1e+07 1e+07 1e+07 1e+07 1e+07 1e+07 1e+07 1e+07 1e+07 1e+07 1e+07 1e+07 1e+07 1e+07 1e+07 1e+07 1e+07 1e+07 1e+07 1e+07 1e+07 8.17645e+06 1e+07 4.70807e+06 1e+07 1e+07 1e+07 1.60746e+06 1e+07 2.7564e+06 873359 533125 103849 132326 32900 22801 105416 17843 13382 8576 3148 6844 7748 4483 858 538 767 118 195 499 70 556 178 167 165 203 420 185 184 73 55 157 214 218 201 39 56 44 62 17 16 16 16 28 20 23 16 18 17 14 21 21 11 
0.644026 1e+07 1e+07 1e+07 1e+07 1e+07 1e+07 1e+07 1e+07 1e+07 1e+07 1e+07 1e+07 1e+07 1e+07 1e+07 1e+07 1e+07 1e+07 1e+07 1e+07 1e+07 1e+07 1e+07 1e+07 1e+07 1e+07 1e+07 1e+07 1e+07 1e+07 1e+07 1e+07 1e+07 1e+07 1e+07 1e+07 1e+07 1e+07 6.06347e+06 8.01669e+06 5.06651e+06 1e+07 1e+07 9.75842e+06 822701 1e+07 1.0073e+06 811520 475393 89022 300384 15748 17117 2821 5811 2230 17071 24161 1665 5368 1606 6441 517 803 285 872 232 201 72 44 152 321 372 217 96 1954 46 33 502 100 61 98 34 28 111 49 20 51 16 15 17 24 19 16 15 16 14 14 16 12 
0.659734 1e+07 1e+07 1e+07 1e+07 1e+07 1e+07 1e+07 1e+07 1e+07 1e+07 1e+07 1e+07 1e+07 1e+07 1e+07 1e+07 1e+07 1e+07 1e+07 1e+07 1e+07 1e+07 1e+07 1e+07 1e+07 1e+07 1e+07 1e+07 1e+07 1e+07 1e+07 1e+07 1e+07 1e+07 1e+07 8.47688e+06 1e+07 1e+07 1e+07 3.58275e+06 1e+07 6.97024e+06 1.10201e+06 644749 1e+07 960250 1.69269e+06 458538 225327 72467 47424 10825 5128 4148 8562 35464 9073 570 1482 183 273 528 401 377 256 169 106 108 887 134 437 142 63 90 131 44 385 122 32 59 55 62 105 22 58 27 52 29 22 54 20 15 15 25 17 27 13 13 17 14 
0.675442 1e+07 1e+07 1e+07 1e+07 1e+07 1e+07 1e+07 1e+07 1e+07 1e+07 1e+07 1e+07 1e+07 1e+07 1e+07 1e+07 1e+07 1e+07 1e+07 1e+07 1e+07 1e+07 1e+07 1e+07 1e+07 1e+07 1e+07 1e+07 1e+07 1e+07 1e+07 1e+07 1e+07 1e+07 1e+07 1e+07 1e+07 6.20912e+06 1e+07 4.15006e+06 6.11755e+06 2.16175e+06 3.38913e+06 2.37234e+06 1.91551e+06 2.75262e+06 264278 414210 100479 64822 497585 10998 6341 3246 106340 2792 5802 639 1110 261 6925 1156 186 1237 450 223 526 220 134 131 218 69 19 18 18 17 18 19 27 23 24 19 27 31 16 13 13 13 12 12 12 13 15 19 15 17 14 15 18 12 
0.69115 1e+07 1e+07 1e+07 1e+07 1e+07 1e+07 1e+07 1e+07 1e+07 1e+07 1e+07 1e+07 1e+07 1e+07 1e+07 1e+07 1e+07 1e+07 1e+07 1e+07 1e+07 1e+07 1e+07 1e+07 1e+07 1e+07 1e+07 1e+07 1e+07 1e+07 1e+07 1e+07 1e+07 1e+07 1e+07 1e+07 1e+07 3.37525e+06 7.3962e+06 1.3495e+06 2.44106e+06 2.25481e+06 997935 1e+07 1.1804e+06 110005 6.71826e+06 109803 178183 99647 42887 8576 22271 46180 1677 16954 1226 7620 1208 607 579 2066 1115 72 266 210 166 280 475 44 39 87 66 260 57 51 41 76 42 34 22 22 22 22 29 23 21 19 18 15 14 15 15 13 12 12 11 11 11 12 
