epsilon_k[0] 0.0001
epsilon_k[1] 2.18e-05
epsilon_k[2] 7.08e-05
epsilon_k[3] 2.54e-05
epsilon_k[4] 1e-05
epsilon_k[5] 7.8e-06
epsilon_k[6] 2.18e-05
omega_x0 0.168
omega_y0 0.201
dx 0.01
epsilon 2
max_turns 10000000
from_y 56
to_y 64
0.56 35688 9070 2849 2043 2866 896 1782 670 1481 1773 1081 331 253 205 1365 177 279 308 390 97 225 314 135 384 459 91 130 92 432 31 193 2010 25 45 41 395 70 609 68 163 157 31 30 64 20 30 16 16 63 23 28 20 20 11 10 10 10 10 9 9 9 9 9 10 10 11 14 14 15 12 13 42 15 23 22 24 42 16 23 10 
0.57 7060 1222 1656 865 1496 867 412 4743 2785 473 774 277 3627 168 511 265 190 376 267 220 58 34 35 67 70 57 101 289 113 60 204 284 98 49 664 39 201 70 52 57 348 78 77 16 14 14 17 22 22 15 22 15 23 15 12 10 10 10 9 9 9 9 9 9 9 10 10 12 13 15 12 13 31 15 24 20 22 19 14 18 
0.58 23932 19639 916 459 495 394 1558 1360 320 612 1122 558 358 279 129 149 32 85 39 39 243 34 213 67 26 232 318 45 127 352 103 227 81 118 82 25 27 74 68 73 127 113 67 71 22 15 13 13 13 13 24 15 24 14 19 12 10 10 10 9 9 9 9 9 9 9 9 10 11 13 14 12 13 18 30 19 15 14 16 20 
0.59 1955 2634 2428 226 320 373 4019 291 218 804 1530 328 451 2735 39 41 27 50 112 34 116 206 395 149 446 137 461 209 196 70 294 65 25 134 267 140 31 74 35 42 68 36 32 56 43 55 60 28 14 13 12 12 17 15 16 17 18 10 10 9 9 9 9 9 9 9 9 9 10 11 12 14 12 15 15 26 14 17 26 12 
0.6 845 949 16219 508 1579 429 345 562 329 621 152 919 307 184 65 25 38 51 34 55 76 135 509 172 43 1010 62 156 198 192 24 126 29 67 40 27 32 20 28 22 22 24 30 28 49 37 27 436 58 20 20 13 12 12 15 15 13 14 11 10 9 9 9 9 9 9 9 9 9 9 10 12 15 12 16 14 14 13 17 15 
0.61 806 637 384 14375 270 172 401 481 250 898 156 565 122 31 24 69 162 125 26 189 181 151 38 304 150 1474 82 1203 48 37 31 26 27 24 37 28 32 32 74 44 61 16 15 14 15 29 37 27 62 21 33 33 18 13 12 12 17 17 16 11 10 9 9 9 9 9 9 9 9 9 9 10 13 26 11 15 26 11 14 12 
0.62 1372 2495 1007 525 223 141 5993 160 286 353 232 145 47 100 168 55 105 116 51 124 261 224 41 102 70 374 22 103 40 23 46 44 88 197 132 40 36 89 277 32 52 24 106 37 23 17 16 14 15 17 18 40 25 18 15 13 12 12 17 13 12 10 9 9 9 9 9 9 9 9 9 9 10 13 15 11 17 32 11 15 
0.63 365 982 370 284 474 132 165 196 427 262 72 109 44 24 69 35 75 146 47 34 46 200 41 67 93 18 70 161 86 43 147 113 19 18 26 49 22 16 297 65 38 44 26 16 41 27 35 27 16 17 13 19 28 15 15 14 15 13 11 12 20 15 10 9 9 9 9 9 8 8 9 9 9 9 13 13 11 14 11 10 
