epsilon_k[0]0.1
epsilon_k[0]2.18e-05
epsilon_k[0]7.08e-05
epsilon_k[0]2.54e-05
epsilon_k[0]1e-05
epsilon_k[0]7.8e-06
epsilon_k[0]0.218
omega_x01.94779
omega_y02.01062
dx 0.01
n_theta 100
dtheta 0.00785398
epsilon 12
max_turns 10000000
from_angle 32
to_angle 40
0.251327 1e+07 3.21796e+06 46514 10567 4222 2484 1939 1919 571 
0.259181 1e+07 1.21011e+06 45106 10603 4226 2462 2462 1407 573 
0.267035 1e+07 2.33656e+06 49940 12118 4237 2399 2020 1215 581 
0.274889 1e+07 1.93786e+06 79432 10712 4261 2395 2058 1201 740 
0.282743 1e+07 725178 244153 11708 4292 2394 2236 1226 655 
0.290597 1e+07 529126 94179 9722 4305 2400 2203 1211 585 
0.298451 1e+07 476275 97806 9654 4279 2484 2255 1211 583 
0.306305 1e+07 1e+07 134382 19890 4257 2557 2491 1290 583 
