epsilon_k[0] 0.0001
epsilon_k[1] 2.18e-05
epsilon_k[2] 7.08e-05
epsilon_k[3] 2.54e-05
epsilon_k[4] 1e-05
epsilon_k[5] 7.8e-06
epsilon_k[6] 2.18e-05
omega_x0 0.28
omega_y0 0.31
dx 0.01
epsilon 32
max_turns 10000000
from_y 8
to_y 16
0.08 1e+07 1e+07 1e+07 1e+07 1e+07 1e+07 1e+07 1e+07 1e+07 1e+07 1e+07 1e+07 1e+07 1e+07 1e+07 1e+07 1e+07 1e+07 1e+07 1e+07 1e+07 1e+07 1e+07 1e+07 1e+07 1e+07 1e+07 1e+07 3.39092e+06 21689 1e+07 842 13699 1505 1e+07 1e+07 1e+07 1e+07 1e+07 1e+07 1e+07 1e+07 6.1437e+06 450494 31271 889 36 25 24 35 26 20 16 15 15 14 14 14 14 14 15 14 15 13 12 12 12 11 11 11 11 11 11 11 10 10 10 10 10 10 
0.09 1e+07 1e+07 1e+07 1e+07 1e+07 1e+07 1e+07 1e+07 1e+07 1e+07 1e+07 1e+07 1e+07 1e+07 1e+07 1e+07 1e+07 1e+07 1e+07 1e+07 1e+07 1e+07 1e+07 1e+07 1e+07 1e+07 1e+07 1e+07 14834 13960 1e+07 617 666 4145 1e+07 1e+07 1e+07 1e+07 1e+07 1e+07 4.02147e+06 8.31488e+06 250926 19131 4320 91 28 29 29 37 19 16 15 15 14 14 14 14 14 14 14 14 14 13 12 12 12 12 12 12 11 11 10 10 10 10 10 10 10 10 
0.1 1e+07 1e+07 1e+07 1e+07 1e+07 1e+07 1e+07 1e+07 1e+07 1e+07 1e+07 1e+07 1e+07 1e+07 1e+07 1e+07 1e+07 1e+07 1e+07 1e+07 1e+07 1e+07 1e+07 1e+07 1e+07 1e+07 1e+07 6.22968e+06 12194 8759 1e+07 357 539 1145 1e+07 1e+07 1e+07 1e+07 1e+07 2.84944e+06 1e+07 1e+07 93761 34749 883 35 40 30 23 19 16 15 15 14 14 14 14 13 14 14 15 15 13 13 12 12 13 13 11 11 10 10 10 10 10 10 10 10 10 10 
0.11 1e+07 1e+07 1e+07 1e+07 1e+07 1e+07 1e+07 1e+07 1e+07 1e+07 1e+07 1e+07 1e+07 1e+07 1e+07 1e+07 1e+07 1e+07 1e+07 1e+07 1e+07 1e+07 1e+07 1e+07 1e+07 1e+07 1e+07 346442 14779 15654 91358 294 424 1160 467594 2.04665e+06 1.16118e+06 6.43324e+06 1e+07 1.73406e+06 77311 167092 65168 6957 92 34 37 24 26 16 15 15 14 14 14 13 13 13 14 14 26 17 14 13 14 13 12 11 11 10 10 10 10 10 10 10 10 10 10 10 
0.12 1e+07 1e+07 1e+07 1e+07 1e+07 1e+07 1e+07 1e+07 1e+07 1e+07 1e+07 1e+07 1e+07 1e+07 1e+07 1e+07 1e+07 1e+07 1e+07 1e+07 1e+07 1e+07 1e+07 1e+07 1e+07 1e+07 1e+07 17434 2641 2540 936 238 362 1150 5840 1.24961e+06 1e+07 4.7048e+06 2.42207e+06 850966 27220 121527 84256 1473 75 64 29 20 17 16 15 14 14 14 14 13 13 13 14 15 25 21 15 13 12 11 11 10 10 10 10 10 10 10 10 10 10 9 9 9 
0.13 1e+07 1e+07 1e+07 1e+07 1e+07 1e+07 1e+07 1e+07 1e+07 1e+07 1e+07 1e+07 1e+07 1e+07 1e+07 1e+07 1e+07 1e+07 1e+07 1e+07 1e+07 1e+07 1e+07 1e+07 1e+07 2.0938e+06 1e+07 63375 2618 6033 228 196 338 1412 6695 66490 88190 258290 200103 79014 137395 15086 12230 874 119 28 20 23 17 16 15 14 14 14 14 14 14 14 15 28 23 15 13 12 11 11 10 10 10 10 11 10 10 10 9 9 8 8 8 8 
0.14 1e+07 1e+07 1e+07 1e+07 1e+07 1e+07 1e+07 1e+07 1e+07 1e+07 1e+07 1e+07 1e+07 1e+07 1e+07 1e+07 1e+07 1e+07 1e+07 1e+07 1e+07 1e+07 1e+07 1e+07 1e+07 2.58803e+06 828226 8752 63480 2707 173 158 338 491 514 28225 24811 2.17422e+06 1.36938e+06 39085 14581 6965 1674 851 43 23 19 19 17 16 15 15 14 14 14 14 16 55 24 17 14 13 12 11 11 11 11 11 13 12 10 9 9 8 8 8 8 8 8 8 
0.15 1e+07 1e+07 1e+07 1e+07 1e+07 1e+07 1e+07 1e+07 1e+07 1e+07 1e+07 1e+07 1e+07 1e+07 1e+07 1e+07 1e+07 1e+07 1e+07 1e+07 1e+07 1e+07 1e+07 1e+07 1.57999e+06 47502 149350 4441 3539 2645 147 134 426 241 503 66543 5689 20415 179784 37771 16716 3830 369 204 28 20 19 23 17 20 16 15 15 16 17 25 28 18 16 14 13 12 11 11 11 11 13 10 9 9 9 8 8 8 8 8 8 8 8 7 
