epsilon_k[0] 0.0001
epsilon_k[1] 2.18e-05
epsilon_k[2] 7.08e-05
epsilon_k[3] 2.54e-05
epsilon_k[4] 1e-05
epsilon_k[5] 7.8e-06
epsilon_k[6] 2.18e-05
omega_x0 0.168
omega_y0 0.201
dx 0.01
epsilon 6
max_turns 10000000
from_y 72
to_y 80
0.72 21 21 21 208 41 75 73 34 49 88 157 30 30 17 32 40 25 18 27 35 17 22 75 9 8 8 8 7 7 7 7 7 7 7 7 6 6 6 6 6 6 6 6 6 6 6 6 6 6 6 6 6 6 6 6 6 6 6 6 7 7 7 7 7 8 9 9 16 10 9 10 16 12 11 9 8 8 8 8 8 
0.73 34 84 87 21 27 120 46 107 26 130 24 36 25 118 44 40 18 21 17 19 42 25 10 8 8 8 7 7 7 7 7 7 7 6 6 6 6 6 6 6 6 6 6 6 6 6 6 6 6 6 6 6 6 6 6 6 6 6 6 6 6 6 7 7 7 7 8 9 9 15 9 9 12 11 14 9 8 8 8 8 
0.74 68 31 46 54 156 29 28 68 50 89 20 30 27 23 25 90 33 29 27 15 20 134 9 8 8 7 7 7 7 7 7 7 6 6 6 6 6 6 6 6 6 6 6 6 6 6 6 6 6 6 6 6 6 6 6 6 6 6 6 6 6 6 6 6 7 7 7 7 8 9 14 9 9 10 11 13 9 8 8 8 
0.75 85 152 42 28 63 90 26 47 52 26 21 25 20 36 30 37 19 17 16 36 33 10 8 8 7 7 7 7 7 7 7 6 6 6 6 6 6 6 6 6 6 6 6 6 6 6 6 6 6 6 6 6 6 6 6 6 6 6 6 6 6 6 6 6 6 6 7 7 7 7 8 9 10 9 10 16 17 9 8 8 
0.76 39 77 91 21 37 164 49 41 24 43 45 15 19 27 27 63 16 31 15 27 32 9 8 8 7 7 7 7 7 6 6 6 6 6 6 6 6 6 6 6 6 6 6 6 6 6 6 6 6 6 6 6 6 6 6 6 6 6 6 6 6 6 6 6 6 6 6 6 7 7 7 8 9 14 9 9 13 14 10 8 
0.77 37 129 23 54 41 43 32 21 21 47 21 14 16 34 25 18 15 15 14 15 10 8 8 7 7 7 7 7 6 6 6 6 6 6 6 6 6 6 6 6 6 6 6 6 6 6 6 6 6 6 6 6 6 6 6 6 6 6 6 6 6 6 6 6 6 6 6 6 6 6 7 7 7 8 12 9 9 12 40 10 
0.78 16 58 149 31 32 75 31 49 43 25 46 13 16 30 21 13 14 16 37 17 9 8 7 7 7 7 7 7 6 6 6 6 6 6 6 6 6 6 6 6 6 6 6 6 6 6 6 6 6 6 6 6 6 6 6 6 6 6 6 6 6 6 6 6 6 6 6 6 6 6 6 6 7 7 8 9 9 9 12 12 
0.79 15 47 43 21 93 36 29 16 20 33 20 13 15 16 37 12 18 17 25 19 8 8 7 7 7 7 7 6 6 6 6 6 6 6 6 6 6 6 6 6 6 6 6 6 6 6 6 6 6 6 6 5 5 5 5 6 6 6 6 6 6 6 6 6 6 6 6 6 6 6 6 6 6 7 7 8 9 10 9 11 
