epsilon_k[0] 0.0001
epsilon_k[1] 2.18e-05
epsilon_k[2] 7.08e-05
epsilon_k[3] 2.54e-05
epsilon_k[4] 1e-05
epsilon_k[5] 7.8e-06
epsilon_k[6] 2.18e-05
omega_x0 0.168
omega_y0 0.201
dx 0.01
n_theta 100
dtheta 0.015708
epsilon 16
max_turns 10000000
from_angle 80
to_angle 85
1.25664 1e+07 1e+07 1e+07 1e+07 1e+07 1e+07 1e+07 1e+07 1e+07 1e+07 1e+07 1e+07 1e+07 1e+07 1e+07 1e+07 1e+07 1e+07 1e+07 1e+07 1e+07 1e+07 1e+07 1e+07 1e+07 1e+07 1e+07 1e+07 1e+07 1e+07 1e+07 1e+07 1e+07 1e+07 1e+07 1e+07 1e+07 2.59725e+06 1.0032e+06 972137 1.01088e+06 83043 155771 162646 32674 9086 34367 126686 7232 2154 5880 1670 3772 1114 2293 2537 1180 337 154 218 111 72 32 66 124 54 35 52 135 51 118 17 32 64 16 14 9 8 8 7 7 7 7 7 6 6 6 6 6 6 6 6 6 6 6 6 6 5 5 5 
1.27235 1e+07 1e+07 1e+07 1e+07 1e+07 1e+07 1e+07 1e+07 1e+07 1e+07 1e+07 1e+07 1e+07 1e+07 1e+07 1e+07 1e+07 1e+07 1e+07 1e+07 1e+07 1e+07 1e+07 1e+07 1e+07 1e+07 1e+07 1e+07 1e+07 1e+07 1e+07 1e+07 1e+07 1e+07 1e+07 1e+07 1e+07 1e+07 5.36461e+06 3.4166e+06 4.48254e+06 1.79603e+06 120166 64552 104701 69037 32189 5691 5133 8944 4019 5478 17167 2588 623 1012 571 267 111 197 59 131 204 46 136 144 77 53 159 48 41 55 17 60 49 29 11 9 8 8 7 7 7 7 7 6 6 6 6 6 6 6 6 6 6 6 6 6 5 5 
1.28805 1e+07 1e+07 1e+07 1e+07 1e+07 1e+07 1e+07 1e+07 1e+07 1e+07 1e+07 1e+07 1e+07 1e+07 1e+07 1e+07 1e+07 1e+07 1e+07 1e+07 1e+07 1e+07 1e+07 1e+07 1e+07 1e+07 1e+07 1e+07 1e+07 1e+07 1e+07 1e+07 1e+07 1e+07 1e+07 9.99149e+06 1e+07 7.59767e+06 1.88266e+06 3.5712e+06 937569 388377 54688 57916 70578 20577 10377 5552 2854 2456 14327 1651 1383 373 872 927 3433 827 251 123 186 58 67 30 65 601 102 80 98 55 283 59 74 16 67 58 74 11 9 8 8 7 7 7 7 7 7 6 6 6 6 6 6 6 6 6 6 6 6 6 
1.30376 1e+07 1e+07 1e+07 1e+07 1e+07 1e+07 1e+07 1e+07 1e+07 1e+07 1e+07 1e+07 1e+07 1e+07 1e+07 1e+07 1e+07 1e+07 1e+07 1e+07 1e+07 1e+07 1e+07 1e+07 1e+07 1e+07 1e+07 1e+07 1e+07 1e+07 1e+07 1e+07 1e+07 1e+07 1e+07 1e+07 1e+07 2.6998e+06 4.99504e+06 5.53741e+06 1.86756e+06 1.1502e+06 686223 495103 46710 134641 9011 18975 16515 1.8669e+06 1630 7347 1183 8336 1630 1459 563 410 653 1480 444 26 94 132 49 25 43 70 40 51 1478 31 25 74 18 22 31 15 57 9 8 8 7 7 7 7 7 7 6 6 6 6 6 6 6 6 6 6 6 6 
1.31947 1e+07 1e+07 1e+07 1e+07 1e+07 1e+07 1e+07 1e+07 1e+07 1e+07 1e+07 1e+07 1e+07 1e+07 1e+07 1e+07 1e+07 1e+07 1e+07 1e+07 1e+07 1e+07 1e+07 1e+07 1e+07 1e+07 1e+07 1e+07 1e+07 1e+07 1e+07 1e+07 1e+07 1e+07 1e+07 1e+07 1e+07 1e+07 1e+07 2.33901e+06 1.06522e+06 1.84235e+06 1.01102e+06 207877 38885 124934 13537 27244 10157 14847 7070 1137 1076 3696 7422 6266 684 651 2118 3835 936 72 34 218 51 176 25 60 44 54 116 76 78 45 25 23 45 16 70 24 10 9 8 8 7 7 7 7 7 7 6 6 6 6 6 6 6 6 6 6 
1.33518 1e+07 1e+07 1e+07 1e+07 1e+07 1e+07 1e+07 1e+07 1e+07 1e+07 1e+07 1e+07 1e+07 1e+07 1e+07 1e+07 1e+07 1e+07 1e+07 1e+07 1e+07 1e+07 1e+07 1e+07 1e+07 1e+07 1e+07 1e+07 1e+07 1e+07 1e+07 1e+07 1e+07 1e+07 1e+07 1e+07 1e+07 1e+07 1e+07 1e+07 583628 4.93027e+06 1.31757e+06 102806 66939 13774 93119 10263 23014 4440 8127 1922 1215 416 577 725 313 683 776 94 247 179 60 68 135 36 40 29 72 381 82 26 129 24 17 17 37 19 14 24 22 19 10 9 8 8 7 7 7 7 7 7 6 6 6 6 6 6 6 6 
