epsilon_k[0] 0.0001
epsilon_k[1] 2.18e-05
epsilon_k[2] 7.08e-05
epsilon_k[3] 2.54e-05
epsilon_k[4] 1e-05
epsilon_k[5] 7.8e-06
epsilon_k[6] 2.18e-05
omega_x0 0.168
omega_y0 0.201
dx 0.01
epsilon 8
max_turns 10000000
from_y 8
to_y 16
0.08 1e+07 1e+07 1e+07 1e+07 1e+07 1e+07 1e+07 1e+07 1e+07 1e+07 1e+07 1e+07 1e+07 1e+07 1e+07 1e+07 1e+07 1e+07 1e+07 1e+07 1e+07 1e+07 1e+07 1e+07 1e+07 1e+07 1e+07 1e+07 1e+07 1e+07 1e+07 1e+07 1e+07 1e+07 1e+07 1e+07 1e+07 1e+07 1e+07 1e+07 1e+07 1e+07 1e+07 1e+07 1e+07 5.33663e+06 2.91172e+06 252249 7.43064e+06 1e+07 1e+07 1e+07 1e+07 1e+07 1e+07 1e+07 1.05629e+06 684914 343586 232666 84736 16929 51616 3203 8823 9408 2399 1724 2428 4458 3010 1356 470 1388 403 141 248 159 180 119 
0.09 1e+07 1e+07 1e+07 1e+07 1e+07 1e+07 1e+07 1e+07 1e+07 1e+07 1e+07 1e+07 1e+07 1e+07 1e+07 1e+07 1e+07 1e+07 1e+07 1e+07 1e+07 1e+07 1e+07 1e+07 1e+07 1e+07 1e+07 1e+07 1e+07 1e+07 1e+07 1e+07 1e+07 1e+07 1e+07 1e+07 1e+07 1e+07 1e+07 1e+07 1e+07 1e+07 1e+07 1e+07 1e+07 1e+07 1.43608e+06 419467 1.08291e+06 1e+07 1e+07 1e+07 1e+07 1e+07 1e+07 1e+07 735734 2.04912e+06 41597 33014 263934 19103 269085 4510 2537 1354 3262 768 9141 1557 6219 2671 986 406 598 780 255 209 672 162 
0.1 1e+07 1e+07 1e+07 1e+07 1e+07 1e+07 1e+07 1e+07 1e+07 1e+07 1e+07 1e+07 1e+07 1e+07 1e+07 1e+07 1e+07 1e+07 1e+07 1e+07 1e+07 1e+07 1e+07 1e+07 1e+07 1e+07 1e+07 1e+07 1e+07 1e+07 1e+07 1e+07 1e+07 1e+07 1e+07 1e+07 1e+07 1e+07 1e+07 1e+07 1e+07 1e+07 1e+07 1e+07 1e+07 1e+07 1.43693e+06 283528 319957 657424 1e+07 1e+07 1e+07 1e+07 1e+07 4.07572e+06 380523 379378 26463 11613 6723 24023 6226 2293 10563 5015 3920 1035 7797 1475 1089 623 1230 1106 377 473 641 312 99 396 
0.11 1e+07 1e+07 1e+07 1e+07 1e+07 1e+07 1e+07 1e+07 1e+07 1e+07 1e+07 1e+07 1e+07 1e+07 1e+07 1e+07 1e+07 1e+07 1e+07 1e+07 1e+07 1e+07 1e+07 1e+07 1e+07 1e+07 1e+07 1e+07 1e+07 1e+07 1e+07 1e+07 1e+07 1e+07 1e+07 1e+07 1e+07 1e+07 1e+07 1e+07 1e+07 1e+07 1e+07 1e+07 1e+07 1e+07 3.50224e+06 305609 198093 269118 5.16871e+06 1e+07 9.34728e+06 1e+07 3.35099e+06 1.72172e+06 653774 863589 93157 25605 7062 1849 6844 2633 3554 538 1531 30610 10277 29600 2128 1033 2102 2559 286 1330 9315 101 191 701 
0.12 1e+07 1e+07 1e+07 1e+07 1e+07 1e+07 1e+07 1e+07 1e+07 1e+07 1e+07 1e+07 1e+07 1e+07 1e+07 1e+07 1e+07 1e+07 1e+07 1e+07 1e+07 1e+07 1e+07 1e+07 1e+07 1e+07 1e+07 1e+07 1e+07 1e+07 1e+07 1e+07 1e+07 1e+07 1e+07 1e+07 1e+07 1e+07 1e+07 1e+07 1e+07 1e+07 1e+07 1e+07 1e+07 1e+07 689275 111136 929752 533797 906635 576491 7.82216e+06 3.53986e+06 193058 258741 55194 60413 11697 40288 41854 5027 14090 1790 3173 1940 2033 2839 2885 5699 942 3408 427 1410 898 500 1695 417 2128 2494 
0.13 1e+07 1e+07 1e+07 1e+07 1e+07 1e+07 1e+07 1e+07 1e+07 1e+07 1e+07 1e+07 1e+07 1e+07 1e+07 1e+07 1e+07 1e+07 1e+07 1e+07 1e+07 1e+07 1e+07 1e+07 1e+07 1e+07 1e+07 1e+07 1e+07 1e+07 1e+07 1e+07 1e+07 1e+07 1e+07 1e+07 1e+07 1e+07 1e+07 1e+07 1e+07 1e+07 1e+07 1e+07 1e+07 1e+07 5.1229e+06 330907 228761 201798 71302 180644 229197 437298 1.46315e+06 26152 113666 266777 5071 9892 19179 1558 2805 4510 1900 1830 32127 2960 4473 2057 3593 571 603 1925 677 816 157 53 1048 276 
0.14 1e+07 1e+07 1e+07 1e+07 1e+07 1e+07 1e+07 1e+07 1e+07 1e+07 1e+07 1e+07 1e+07 1e+07 1e+07 1e+07 1e+07 1e+07 1e+07 1e+07 1e+07 1e+07 1e+07 1e+07 1e+07 1e+07 1e+07 1e+07 1e+07 1e+07 1e+07 1e+07 1e+07 1e+07 1e+07 1e+07 1e+07 1e+07 1e+07 1e+07 1e+07 1e+07 1e+07 1e+07 1e+07 1e+07 1.17005e+06 272181 369016 772652 112356 181593 35023 153369 79096 48799 61832 19900 8325 8451 4115 3493 12258 3527 3681 1091 2499 11654 3782 20029 19301 2140 631 4960 557 1508 573 456 179 69 
0.15 1e+07 1e+07 1e+07 1e+07 1e+07 1e+07 1e+07 1e+07 1e+07 1e+07 1e+07 1e+07 1e+07 1e+07 1e+07 1e+07 1e+07 1e+07 1e+07 1e+07 1e+07 1e+07 1e+07 1e+07 1e+07 1e+07 1e+07 1e+07 1e+07 1e+07 1e+07 1e+07 1e+07 1e+07 1e+07 1e+07 1e+07 1e+07 1e+07 1e+07 1e+07 1e+07 1e+07 1e+07 1e+07 1e+07 8.01252e+06 143470 530574 514354 35743 28066 24767 105196 13324 11681 31098 5000 4927 9140 2980 1703 1424 528 4230 1296 957 1828 3951 3724 1311 14628 8610 1193 713 298 317 165 683 117 
