epsilon_k[0] 0.1
epsilon_k[0] 2.18e-05
epsilon_k[0] 7.08e-05
epsilon_k[0] 2.54e-05
epsilon_k[0] 1e-05
epsilon_k[0] 7.8e-06
epsilon_k[0] 0.218
omega_x0 0.168
omega_y0 0.201
dx 0.01
n_theta 100
dtheta 0.00785398
epsilon 32
max_turns 10000000
from_angle 64
to_angle 72
0.502655 1e+07 68089 5837 4194 2005 2005 1108 642 
0.510509 1e+07 89175 5025 4068 1965 1965 1170 643 
0.518363 1e+07 82772 4578 4578 1962 1962 1046 645 
0.526217 1e+07 62652 4279 4214 1982 1982 1037 646 
0.534071 1e+07 75013 4250 4116 1947 1912 1034 649 
0.541925 1e+07 57064 4221 4176 1916 1780 1036 650 
0.549779 1e+07 51372 4219 3945 1911 1749 1076 653 
0.557633 1e+07 53345 4240 3911 1899 1694 1021 658 
0.565487 1e+07 54384 4248 2457 1895 1680 999 
