epsilon_k[0] 0.0001
epsilon_k[1] 2.18e-05
epsilon_k[2] 7.08e-05
epsilon_k[3] 2.54e-05
epsilon_k[4] 1e-05
epsilon_k[5] 7.8e-06
epsilon_k[6] 2.18e-05
omega_x0 0.168
omega_y0 0.201
dx 0.01
epsilon 32
max_turns 10000000
from_y 32
to_y 40
0.32 1e+07 1e+07 1e+07 1e+07 1e+07 1e+07 1e+07 1e+07 1e+07 7.29237e+06 7.29237e+06 7.29237e+06 7.29237e+06 7.29237e+06 7.29237e+06 7.29237e+06 4.52564e+06 2.21768e+06 2.21768e+06 2.21768e+06 2.21768e+06 2.21768e+06 2.21768e+06 2.21768e+06 655917 49839 49839 49839 49839 49839 40870 38614 38614 38614 38614 19496 19496 19496 19496 14104 6538 6538 6538 6538 3596 3596 3538 1232 1232 1232 1232 1232 1232 1232 136 
0.33 1e+07 1e+07 1e+07 1e+07 1e+07 1e+07 1e+07 1e+07 1e+07 9.62896e+06 9.62896e+06 9.62896e+06 9.62896e+06 9.62896e+06 9.62896e+06 9.62896e+06 289877 289877 289877 202854 202854 202854 202854 49209 49209 49209 32981 32981 32981 32981 32981 10646 10646 10646 10646 10646 10646 10646 10646 10646 8217 5552 4511 4511 4511 3617 3466 3466 1147 1147 1147 1147 1047 800 
0.34 1e+07 1e+07 1e+07 1e+07 1e+07 1e+07 1e+07 1e+07 1e+07 8.00919e+06 8.00919e+06 4.18658e+06 4.18658e+06 914682 914682 914682 914682 222731 222731 69581 69581 69581 69581 69581 60938 55421 30145 16805 16805 16805 16805 16805 16805 16805 16805 16805 8327 8327 5877 5877 5877 2066 2066 2066 2066 2066 2066 1415 556 
0.35 1e+07 1e+07 1e+07 1e+07 1e+07 1e+07 1e+07 1e+07 8.1237e+06 1.76544e+06 1.76544e+06 1.76544e+06 1.76544e+06 1.03691e+06 1.03691e+06 571023 529341 529341 144706 144706 135046 67297 67297 44115 19380 19380 19380 9414 9414 9414 9414 9414 7808 7808 2566 2566 2566 2566 2566 2566 2566 2088 1029 892 
0.36 1e+07 1e+07 1e+07 1e+07 1e+07 1e+07 1e+07 1e+07 2.94489e+06 2.94489e+06 631206 631206 631206 212259 212259 212259 212259 123560 123560 123560 123560 77701 11313 7436 7436 7436 7436 7436 7436 7436 7436 7436 7436 7436 7436 5236 5236 5236 5236 4566 2624 851 
0.37 1e+07 1e+07 1e+07 1e+07 1e+07 1e+07 1e+07 6.04448e+06 6.04448e+06 6.04448e+06 1.63576e+06 151662 151662 105520 92735 92735 48698 44337 44337 44337 8219 8219 8219 8219 8219 8219 8219 8219 8219 6136 6136 6136 6136 6136 6136 3533 1958 1769 1769 1677 877 
0.38 1e+07 1e+07 1e+07 1e+07 1e+07 1e+07 2.87702e+06 2.87702e+06 1.52308e+06 1.52308e+06 470250 356126 61617 61617 61617 26132 5585 5585 5585 5585 5585 5585 5585 5585 5585 5585 5585 5585 5585 5585 5585 5585 5585 4356 2164 2164 691 
0.39 1e+07 1e+07 1e+07 1e+07 7.72863e+06 7.72863e+06 4.84922e+06 4.15151e+06 2.24046e+06 1.24964e+06 1.24964e+06 445605 55613 55613 22875 7857 7857 7857 7857 7857 7857 7857 7857 7857 5017 5017 5017 5017 5017 5017 5017 5017 5017 4841 4841 638 
