epsilon_k[0]0.1
epsilon_k[0]2.18e-05
epsilon_k[0]7.08e-05
epsilon_k[0]2.54e-05
epsilon_k[0]1e-05
epsilon_k[0]7.8e-06
epsilon_k[0]0.218
omega_x01.05558
omega_y01.26292
dx 0.01
n_theta 100
dtheta 0.00785398
epsilon 1
max_turns 10000000
from_angle 48
to_angle 56
0.376991 1e+07 1e+07 1e+07 1e+07 1e+07 1e+07 1e+07 1e+07 1e+07 1e+07 1e+07 1e+07 1e+07 1e+07 1e+07 1e+07 1e+07 1e+07 1e+07 1e+07 1.26343e+06 836985 402341 402341 204998 74818 51224 20951 20007 9798 9798 8860 8860 6391 6391 6391 6391 6391 6391 1997 1046 1046 1046 1046 1046 981 
0.384845 1e+07 1e+07 1e+07 1e+07 1e+07 1e+07 1e+07 1e+07 1e+07 1e+07 1e+07 1e+07 1e+07 1e+07 1e+07 1e+07 1e+07 1e+07 1e+07 1e+07 651273 436284 436284 436284 278056 68258 39075 39075 22976 13919 13211 13211 6272 6272 3581 3581 3581 2144 2144 2144 474 
0.392699 1e+07 1e+07 1e+07 1e+07 1e+07 1e+07 1e+07 1e+07 1e+07 1e+07 1e+07 1e+07 1e+07 1e+07 1e+07 1e+07 1e+07 1e+07 1e+07 2.65063e+06 1.14593e+06 238883 238883 238883 238883 174964 169770 20516 20516 4735 4735 4735 4735 4735 4735 4735 4735 2936 2067 2067 2067 1739 1739 1739 1127 962 
0.400553 1e+07 1e+07 1e+07 1e+07 1e+07 1e+07 1e+07 1e+07 1e+07 1e+07 1e+07 1e+07 1e+07 1e+07 1e+07 1e+07 1e+07 1e+07 1e+07 597374 597374 597374 597374 597374 154783 59042 46880 24389 16758 16758 5684 5684 5684 5684 5684 4351 4351 4351 1055 1055 1055 1055 1055 895 
0.408407 1e+07 1e+07 1e+07 1e+07 1e+07 1e+07 1e+07 1e+07 1e+07 1e+07 1e+07 1e+07 1e+07 1e+07 1e+07 1e+07 1e+07 1e+07 1e+07 2.56136e+06 1.1625e+06 389811 270030 270030 270030 99007 21246 21246 9643 9643 9643 9643 9643 8933 8933 8933 3072 3072 1989 1489 1489 548 
0.416261 1e+07 1e+07 1e+07 1e+07 1e+07 1e+07 1e+07 1e+07 1e+07 1e+07 1e+07 1e+07 1e+07 1e+07 1e+07 1e+07 1e+07 1e+07 1e+07 1.31264e+06 1.31264e+06 271113 205054 200658 129034 129034 67025 20059 20059 7342 7342 7342 7342 7342 7342 6414 6414 4740 2145 2145 2072 907 
0.424115 1e+07 1e+07 1e+07 1e+07 1e+07 1e+07 1e+07 1e+07 1e+07 1e+07 1e+07 1e+07 1e+07 1e+07 1e+07 1e+07 1e+07 1e+07 1e+07 2.1317e+06 2.1317e+06 678265 402703 72062 72062 72062 58426 33392 23416 20058 9642 9642 9642 9642 9642 9642 3656 3656 3656 1494 1261 1046 978 
0.431969 1e+07 1e+07 1e+07 1e+07 1e+07 1e+07 1e+07 1e+07 1e+07 1e+07 1e+07 1e+07 1e+07 1e+07 1e+07 1e+07 1e+07 1e+07 1e+07 3.45451e+06 3.45451e+06 384599 275307 211933 103482 103482 22245 22245 19578 19578 10824 9480 9480 9480 9480 9480 6263 6263 6263 1925 1925 1925 845 
