epsilon_k[0] 0.0001
epsilon_k[1] 2.18e-05
epsilon_k[2] 7.08e-05
epsilon_k[3] 2.54e-05
epsilon_k[4] 1e-05
epsilon_k[5] 7.8e-06
epsilon_k[6] 2.18e-05
omega_x0 0.31
omega_y0 0.32
dx 0.01
epsilon 16
max_turns 10000000
from_y 16
to_y 24
0.16 8.41558e+06 1e+07 1e+07 1e+07 1e+07 1e+07 1e+07 1e+07 1e+07 690203 82504 4371 865 8722 941 955 1017 95 51 26 23 21 19 18 17 16 15 15 14 14 13 13 13 12 12 12 11 11 11 11 10 10 10 10 10 10 9 9 9 9 9 9 9 9 9 8 8 8 8 8 8 8 8 8 8 7 7 7 7 7 7 7 7 7 7 7 7 6 6 6 
0.17 684114 1e+07 1e+07 1e+07 1e+07 4.41616e+06 6.45887e+06 4.53076e+06 1.13295e+06 663248 4.19652e+06 868 661 1431 137 151 1798 65 30 24 21 20 18 17 16 16 15 15 14 13 13 13 12 12 12 12 11 11 11 10 10 10 10 10 10 9 9 9 9 9 9 9 9 8 8 8 8 8 8 8 8 8 8 8 7 7 7 7 7 7 7 7 7 7 7 7 6 6 6 6 
0.18 18245 500074 1.24579e+06 1e+07 1e+07 2.87178e+06 316038 890718 59065 20839 3515 117 119 92 85 119 969 62 27 23 21 19 18 17 16 15 15 14 14 13 13 12 12 12 12 11 11 11 11 10 10 10 10 10 9 9 9 9 9 9 9 9 8 8 8 8 8 8 8 8 8 8 7 7 7 7 7 7 7 7 7 7 7 7 6 6 6 6 6 6 
0.19 306 2645 10426 93776 318627 32159 147637 21728 11324 3512 56 53 55 155 81 117 132 32 25 22 20 18 17 16 16 15 14 14 13 13 13 12 12 12 11 11 11 11 10 10 10 10 10 9 9 9 9 9 9 9 9 8 8 8 8 8 8 8 8 8 8 7 7 7 7 7 7 7 7 7 7 7 7 6 6 6 6 6 6 6 
0.2 34 50 74 1760 3520 11305 1744 906 1769 53 49 48 49 55 79 121 66 28 23 21 19 18 17 16 15 15 14 14 13 13 12 12 12 11 11 11 11 10 10 10 10 10 9 9 9 9 9 9 9 9 8 8 8 8 8 8 8 8 8 8 7 7 7 7 7 7 7 7 7 7 7 7 6 6 6 6 6 6 6 6 
0.21 28 30 35 194 68 837 773 86 60 49 46 46 46 50 79 148 42 26 22 20 19 17 16 16 15 14 14 13 13 13 12 12 12 11 11 11 11 10 10 10 10 9 9 9 9 9 9 9 9 8 8 8 8 8 8 8 8 8 8 7 7 7 7 7 7 7 7 7 7 7 7 6 6 6 6 6 6 6 6 6 
0.22 25 26 28 31 39 64 99 81 57 48 45 44 45 48 80 334 31 24 21 19 18 17 16 15 15 14 14 13 13 12 12 12 11 11 11 11 10 10 10 10 10 9 9 9 9 9 9 9 8 8 8 8 8 8 8 8 8 8 7 7 7 7 7 7 7 7 7 7 7 7 6 6 6 6 6 6 6 6 6 6 
0.23 23 23 25 26 29 33 79 106 136 48 44 43 44 46 84 896 28 23 21 19 18 17 16 15 14 14 13 13 12 12 12 12 11 11 11 10 10 10 10 10 9 9 9 9 9 9 9 8 8 8 8 8 8 8 8 8 8 7 7 7 7 7 7 7 7 7 7 7 7 6 6 6 6 6 6 6 6 6 6 6 
