epsilon_k[0]0.1
epsilon_k[0]2.18e-05
epsilon_k[0]7.08e-05
epsilon_k[0]2.54e-05
epsilon_k[0]1e-05
epsilon_k[0]7.8e-06
epsilon_k[0]0.218
omega_x01.94779
omega_y02.01062
dx 0.01
n_theta 100
dtheta 0.00785398
epsilon 12
max_turns 10000000
from_angle 80
to_angle 88
0.628319 1e+07 3.64295e+06 30921 14752 2276 1888 1363 1207 1207 1207 1207 1207 576 
0.636173 1e+07 865700 30972 14355 2274 2004 1361 1258 1258 1258 1258 1143 581 
0.644026 1e+07 1.41784e+06 47070 12805 2266 2266 1344 1259 1259 1259 1259 1023 586 
0.65188 1e+07 528694 37275 11191 2265 2265 1344 1303 1303 1303 1303 943 
0.659734 1e+07 1.02133e+06 38468 10442 2262 2262 1358 1358 1358 1358 1358 1137 587 
0.667588 1e+07 579440 38300 9657 2260 2054 1408 1408 1408 1408 1408 740 
0.675442 1e+07 454568 33373 9438 2262 1749 1404 1404 1404 1404 1404 718 
0.683296 1e+07 1.80146e+06 33007 9715 2257 1728 1371 1371 1371 1371 1371 705 
0.69115 1e+07 808503 32956 10611 2257 1754 1371 1371 1371 1371 1371 703 
