epsilon_k[0] 0.0001
epsilon_k[1] 2.18e-05
epsilon_k[2] 7.08e-05
epsilon_k[3] 2.54e-05
epsilon_k[4] 1e-05
epsilon_k[5] 7.8e-06
epsilon_k[6] 2.18e-05
omega_x0 0.168
omega_y0 0.201
dx 0.01
n_theta 100
dtheta 0.015708
epsilon 52
max_turns 10000000
from_angle 15
to_angle 20
0.235619 1e+07 1e+07 1e+07 1e+07 1e+07 1e+07 1e+07 1e+07 1e+07 1e+07 1e+07 1e+07 1e+07 1e+07 1e+07 1e+07 1e+07 1e+07 1e+07 1e+07 1e+07 1e+07 1e+07 1e+07 1e+07 1e+07 1e+07 1e+07 1e+07 1e+07 1e+07 3.84499e+06 6.01051e+06 1e+07 8.31767e+06 1e+07 1e+07 9.29827e+06 1e+07 1.93831e+06 6.83696e+06 1.06057e+06 1.47388e+06 869439 4.66241e+06 564678 745179 250386 45099 144386 17092 51519 80239 22064 15657 10095 7346 15320 7354 40979 24652 1671 3845 3032 31817 5545 324 852 820 426 4553 8436 381 873 693 574 3287 386 231 305 120 33 268 133 85 118 87 78 15 21 88 110 15 78 10 8 7 7 6 6 
0.251327 1e+07 1e+07 1e+07 1e+07 1e+07 1e+07 1e+07 1e+07 1e+07 1e+07 1e+07 1e+07 1e+07 1e+07 1e+07 1e+07 1e+07 1e+07 1e+07 1e+07 1e+07 1e+07 1e+07 1e+07 1e+07 1e+07 1e+07 1e+07 1e+07 5.13898e+06 1e+07 1e+07 1e+07 1e+07 8.83961e+06 7.59511e+06 1e+07 1e+07 1e+07 1e+07 1.11389e+06 814213 1.8944e+06 241909 1.89359e+06 2.11159e+06 343351 753912 28362 45264 14759 9404 8933 18615 6647 8868 7212 11122 15255 15394 8750 1280 2255 1194 5291 2565 3335 1764 237 4778 396 4354 496 700 735 8234 201 205 193 369 139 33 43 74 24 63 189 47 33 15 43 153 20 78 27 50 9 8 7 7 
0.267035 1e+07 1e+07 1e+07 1e+07 1e+07 1e+07 1e+07 1e+07 1e+07 1e+07 1e+07 1e+07 1e+07 1e+07 1e+07 1e+07 1e+07 1e+07 1e+07 1e+07 1e+07 1e+07 1e+07 1e+07 1e+07 1e+07 1e+07 1e+07 1e+07 1e+07 1e+07 1e+07 6.81031e+06 4.33152e+06 1e+07 1e+07 8.13576e+06 1e+07 6.78399e+06 1e+07 3.52143e+06 3.32505e+06 812076 492521 318386 515282 1.02188e+06 533406 101449 1.29352e+06 42461 23026 53051 60501 159916 75775 28636 26089 10456 3532 3242 2997 2220 2764 12102 960 1215 1299 820 802 411 199 1949 108 181 374 111 1365 209 365 437 212 70 53 310 27 22 191 85 86 14 350 45 23 118 15 29 16 8 8 
0.282743 1e+07 1e+07 1e+07 1e+07 1e+07 1e+07 1e+07 1e+07 1e+07 1e+07 1e+07 1e+07 1e+07 1e+07 1e+07 1e+07 1e+07 1e+07 1e+07 1e+07 1e+07 1e+07 1e+07 1e+07 1e+07 1e+07 1e+07 1e+07 1e+07 1e+07 1e+07 1e+07 1e+07 8.77936e+06 3.45435e+06 2.94612e+06 1e+07 4.18567e+06 6.06781e+06 2.50171e+06 1e+07 760519 707723 1.56367e+06 179596 1.15913e+06 79418 738269 115558 79430 556997 35396 13949 108719 153187 48453 8960 11546 4068 356066 16779 1622 1812 2572 2028 5166 7486 332 424 49065 1126 259 233 453 1851 154 107 153 89 56 96 580 99 53 172 43 1081 32 23 102 21 14 14 135 36 34 37 74 43 58 
0.298451 1e+07 1e+07 1e+07 1e+07 1e+07 1e+07 1e+07 1e+07 1e+07 1e+07 1e+07 1e+07 1e+07 1e+07 1e+07 1e+07 1e+07 1e+07 1e+07 1e+07 1e+07 1e+07 1e+07 1e+07 1e+07 1e+07 1e+07 6.16214e+06 7.10732e+06 1e+07 4.69365e+06 1e+07 7.474e+06 4.86479e+06 2.4801e+06 3.72843e+06 6.79536e+06 1e+07 6.5311e+06 6.6346e+06 4.30792e+06 4.00824e+06 147371 150724 816528 2.69853e+06 6.38134e+06 238458 106002 27844 40859 70385 29770 29867 16287 4476 13803 3871 9514 5377 11658 4031 5501 1216 641 2479 7259 4490 3379 2436 605 255 547 206 142 872 262 253 31 31 225 140 93 112 30 100 56 51 174 106 20 43 99 13 15 104 39 25 58 14 
