epsilon_k[0] 0.0001
epsilon_k[1] 2.18e-05
epsilon_k[2] 7.08e-05
epsilon_k[3] 2.54e-05
epsilon_k[4] 1e-05
epsilon_k[5] 7.8e-06
epsilon_k[6] 2.18e-05
omega_x0 0.168
omega_y0 0.201
dx 0.01
n_theta 100
dtheta 0.015708
epsilon 36
max_turns 10000000
from_angle 25
to_angle 30
0.392699 1e+07 1e+07 1e+07 1e+07 1e+07 1e+07 1e+07 1e+07 1e+07 1e+07 1e+07 1e+07 1e+07 1e+07 1e+07 1e+07 1e+07 1e+07 1e+07 1e+07 1e+07 1e+07 1e+07 1e+07 1e+07 1e+07 1e+07 1e+07 1e+07 1e+07 1e+07 1e+07 1e+07 1e+07 1e+07 1e+07 8.77256e+06 1e+07 3.79084e+06 1e+07 2.59188e+06 2.0304e+06 6.74606e+06 2.89523e+06 824483 2.53667e+06 7.82526e+06 1.84003e+06 1e+07 917209 203933 89561 84322 412653 11623 13571 251182 13127 3885 1306 2889 3930 1188 1135 270 793 5405 2841 58172 398 274 138 236 26 134 27 28 51 255 86 68 41 28 158 16 13 12 12 12 12 17 143 53 94 587 57 28 18 27 59 
0.408407 1e+07 1e+07 1e+07 1e+07 1e+07 1e+07 1e+07 1e+07 1e+07 1e+07 1e+07 1e+07 1e+07 1e+07 1e+07 1e+07 1e+07 1e+07 1e+07 1e+07 1e+07 1e+07 1e+07 1e+07 1e+07 1e+07 1e+07 1e+07 1e+07 1e+07 1e+07 1e+07 1e+07 1e+07 1e+07 1e+07 1e+07 1e+07 1e+07 7.50831e+06 5.60632e+06 6.37375e+06 1e+07 1e+07 1.0514e+06 1e+07 1e+07 305852 7.31674e+06 336368 213936 40556 80890 17462 22400 21046 13468 32710 9643 4908 1855 606 1068 1634 235 2947 662 252 271 343 81 88 71 117 52 96 61 285 91 21 38 104 58 102 19 62 14 12 12 11 11 11 12 31 41 18 70 70 140 16 
0.424115 1e+07 1e+07 1e+07 1e+07 1e+07 1e+07 1e+07 1e+07 1e+07 1e+07 1e+07 1e+07 1e+07 1e+07 1e+07 1e+07 1e+07 1e+07 1e+07 1e+07 1e+07 1e+07 1e+07 1e+07 1e+07 1e+07 1e+07 1e+07 1e+07 1e+07 1e+07 1e+07 1e+07 1e+07 1e+07 1e+07 5.97156e+06 4.44661e+06 1e+07 9.71328e+06 1e+07 1e+07 1e+07 501407 1.07753e+06 1e+07 1e+07 881367 1.33972e+06 204828 293474 102673 21798 11098 14037 4330 18480 6153 1722 3939 3940 7321 1056 383 477 458 4239 161 131 226 131 115 40 45 58 37 59 40 170 24 57 52 18 655 118 143 28 51 19 12 11 11 11 11 11 11 12 29 22 24 
0.439823 1e+07 1e+07 1e+07 1e+07 1e+07 1e+07 1e+07 1e+07 1e+07 1e+07 1e+07 1e+07 1e+07 1e+07 1e+07 1e+07 1e+07 1e+07 1e+07 1e+07 1e+07 1e+07 1e+07 1e+07 1e+07 1e+07 1e+07 1e+07 1e+07 1e+07 1e+07 1e+07 6.32041e+06 1e+07 4.16392e+06 6.71451e+06 6.15133e+06 1e+07 1e+07 1e+07 1e+07 9.93409e+06 1e+07 1e+07 7.38835e+06 1e+07 1.11496e+06 1.61628e+06 308965 148514 106828 486690 40386 218869 8111 40573 5852 9499 1599 27810 13459 1894 3558 831 1312 527 1176 662 128 82 413 233 51 63 77 1436 83 116 179 135 73 31 76 151 21 23 17 22 91 50 27 13 11 11 11 10 10 10 10 10 
0.455531 1e+07 1e+07 1e+07 1e+07 1e+07 1e+07 1e+07 1e+07 1e+07 1e+07 1e+07 1e+07 1e+07 1e+07 1e+07 1e+07 1e+07 1e+07 1e+07 1e+07 1e+07 1e+07 1e+07 1e+07 1e+07 1e+07 1e+07 1e+07 1e+07 1e+07 1e+07 1e+07 1e+07 1e+07 1e+07 9.03726e+06 1e+07 6.21501e+06 1e+07 1e+07 1e+07 5.27495e+06 5.56458e+06 6.24686e+06 8.53677e+06 3.57791e+06 2.29861e+06 8.97279e+06 513681 198377 211343 61051 178373 134146 22829 32603 18825 106869 4353 2787 1106 2850 683 1731 2466 776 508 193 132 107 91 209 78 70 436 49 90 51 88 125 1209 109 36 24 84 30 17 16 16 32 22 16 36 21 15 11 11 10 10 10 
