epsilon_k[0]0.1
epsilon_k[0]2.18e-05
epsilon_k[0]7.08e-05
epsilon_k[0]2.54e-05
epsilon_k[0]1e-05
epsilon_k[0]7.8e-06
epsilon_k[0]0.218
omega_x01.05558
omega_y01.26292
dx 0.01
n_theta 100
dtheta 0.00785398
epsilon 32
max_turns 10000000
from_angle 32
to_angle 40
0.251327 1e+07 59024 8917 4321 2082 2041 945 
0.259181 1e+07 49243 8917 4821 2136 2136 948 
0.267035 1e+07 54443 8908 5128 2157 2157 951 
0.274889 1e+07 55386 8905 8031 2288 2288 955 
0.282743 1e+07 59746 8895 4979 2381 2381 959 
0.290597 1e+07 67129 8891 4656 2534 2534 969 
0.298451 1e+07 89790 8888 4651 2679 2679 980 
0.306305 1e+07 124233 8886 4713 2733 2733 986 
