epsilon_k[0] 0.0001
epsilon_k[1] 2.18e-05
epsilon_k[2] 7.08e-05
epsilon_k[3] 2.54e-05
epsilon_k[4] 1e-05
epsilon_k[5] 7.8e-06
epsilon_k[6] 2.18e-05
omega_x0 0.168
omega_y0 0.201
dx 0.01
epsilon 64
max_turns 10000000
from_y 16
to_y 24
0.16 1e+07 1e+07 1e+07 1e+07 1e+07 1e+07 1e+07 1e+07 1e+07 1e+07 1e+07 1e+07 1e+07 1e+07 1e+07 1e+07 1e+07 1e+07 1e+07 1e+07 1e+07 3.09872e+06 4.56027e+06 3.73567e+06 3.53881e+06 2.90288e+06 806935 818768 594435 1.82625e+06 944696 559622 3.01709e+06 1.93278e+06 983404 403270 683185 1.04743e+06 1.32098e+06 304404 9.04657e+06 166102 883312 109844 152425 282941 10542 42185 22508 109295 26865 92536 252957 3997 79436 9425 7565 1440 11673 8747 2448 1724 1937 2706 9427 656 3852 388 646 1189 843 1408 1029 2611 729 470 827 435 322 260 
0.17 1e+07 1e+07 1e+07 1e+07 1e+07 1e+07 1e+07 1e+07 1e+07 1e+07 1e+07 1e+07 1e+07 1e+07 1e+07 1e+07 1e+07 1e+07 1e+07 1e+07 1e+07 1.57162e+06 1e+07 2.53495e+06 453485 369687 3.56316e+06 1.44107e+06 1.36717e+06 7.93589e+06 976126 577913 569191 1.86531e+06 1.12672e+06 232832 537225 362248 1.0132e+06 4.44977e+06 478955 490032 73639 560201 429829 433055 176005 12310 10846 104798 30649 52820 31430 30601 19346 6374 3671 6899 12239 2540 1352 1311 3074 1164 19312 515 745 20373 428 8738 1859 354 1662 348 520 835 136 442 179 96 
0.18 1e+07 1e+07 1e+07 1e+07 1e+07 1e+07 1e+07 1e+07 1e+07 1e+07 1e+07 1e+07 1e+07 1e+07 1e+07 1e+07 1e+07 1e+07 1e+07 1e+07 1e+07 4.15931e+06 1.95469e+06 1.36269e+06 1.0008e+06 1e+07 1.99594e+06 411247 1.262e+06 1.23842e+06 9.54486e+06 2.53251e+06 1.614e+06 3.40296e+06 173977 482550 830068 2.33222e+06 742926 1.36596e+06 231493 966992 118226 137022 2.09428e+06 19154 36595 70725 35572 20891 56594 87770 40363 14524 8748 3684 4065 5041 2489 4134 1946 4763 1252 1530 582 5387 1700 766 1339 504 2646 416 1196 3492 533 638 438 805 699 248 
0.19 1e+07 1e+07 1e+07 1e+07 1e+07 1e+07 1e+07 1e+07 1e+07 1e+07 1e+07 1e+07 1e+07 1e+07 1e+07 1e+07 1e+07 1e+07 1e+07 1e+07 1e+07 8.26581e+06 2.44404e+06 1.4334e+06 882734 1.43076e+06 753812 1.42647e+06 1.38423e+06 779301 1.39053e+06 2.27304e+06 587564 620708 402536 242157 1.96728e+06 108785 431918 410235 361743 96627 77126 192287 125777 19958 14490 41757 22944 28459 7289 4676 17456 21108 127326 14256 3693 16142 4589 19039 213 851 1316 3586 8363 770 2424 27139 1678 139 3166 1617 546 318 104 97 1967 268 133 168 
0.2 1e+07 1e+07 1e+07 1e+07 1e+07 1e+07 1e+07 1e+07 1e+07 1e+07 1e+07 1e+07 1e+07 1e+07 1e+07 1e+07 1e+07 1e+07 1e+07 1e+07 9.54067e+06 3.29383e+06 3.67604e+06 736116 700209 564034 1.9443e+06 1.19294e+06 1.11128e+06 695527 304001 159171 267384 1.95316e+06 203447 876447 991216 205173 352756 122766 583220 1.32199e+06 85659 510936 86967 360732 46913 28747 13640 12812 19630 8305 19498 3199 7590 1288 5488 2828 2084 8586 947 181 592 2241 1679 617 483 1351 293 53 218 440 10159 108 1535 398 210 728 4705 154 
0.21 1e+07 1e+07 1e+07 1e+07 1e+07 1e+07 1e+07 1e+07 1e+07 1e+07 1e+07 1e+07 1e+07 1e+07 1e+07 1e+07 1e+07 1e+07 1e+07 1e+07 1e+07 9.42798e+06 5.29484e+06 491802 2.24216e+06 1.00478e+06 1.79854e+06 589498 613890 5.54496e+06 364519 441061 1.97856e+06 2.84619e+06 209112 2.3086e+06 643189 456544 8.65181e+06 417404 1.31475e+06 703930 1.77198e+06 2.83202e+06 696618 142114 125324 14003 346735 23221 3169 10093 11052 5567 5108 9041 3788 798 1847 138423 545 214 1194 658 1349 621 4966 27578 2346 886 214 1747 642 4744 158 1075 179 5624 177 296 
0.22 1e+07 1e+07 1e+07 1e+07 1e+07 1e+07 1e+07 1e+07 1e+07 1e+07 1e+07 1e+07 1e+07 1e+07 1e+07 1e+07 1e+07 1e+07 1e+07 2.37649e+06 3.40532e+06 1e+07 2.78214e+06 381950 272657 1.74619e+06 384971 315464 1.51348e+06 328199 346705 1.05643e+06 88398 548022 550005 144005 209403 211412 600278 2.22364e+06 193651 261752 1.26828e+06 38117 27394 1.6107e+06 456390 137207 9192 7941 116189 4685 19904 6459 3172 3945 2016 4315 1652 8635 860 912 1495 635 398 413 1873 588 901 87 227 292 1061 36 89 125 89 86 453 64 
0.23 1e+07 1e+07 1e+07 1e+07 1e+07 1e+07 1e+07 1e+07 1e+07 1e+07 1e+07 1e+07 1e+07 1e+07 1e+07 1e+07 1e+07 1e+07 1e+07 1e+07 2.43708e+06 2.4975e+06 1.06265e+06 488271 2.12978e+06 271979 796562 520334 292922 422121 537570 670467 424621 2.41772e+06 154772 764717 181115 3.47118e+06 226948 136631 1.47758e+06 200711 832261 50513 211691 42846 49235 43752 15276 13082 6013 16931 6858 2814 16218 597 2367 1573 1038 1032 2188 1577 392 307 481 491 127 668 271 234 305 66 138 381 270 30 25 196 636 79 
