epsilon_k[0] 0.0001
epsilon_k[1] 2.18e-05
epsilon_k[2] 7.08e-05
epsilon_k[3] 2.54e-05
epsilon_k[4] 1e-05
epsilon_k[5] 7.8e-06
epsilon_k[6] 2.18e-05
omega_x0 0.168
omega_y0 0.201
dx 0.01
n_theta 100
dtheta 0.015708
epsilon 8
max_turns 10000000
from_angle 85
to_angle 90
1.33518 1e+07 1e+07 1e+07 1e+07 1e+07 1e+07 1e+07 1e+07 1e+07 1e+07 1e+07 1e+07 1e+07 1e+07 1e+07 1e+07 1e+07 1e+07 1e+07 1e+07 1e+07 1e+07 1e+07 1e+07 1e+07 1e+07 1e+07 1e+07 1e+07 1e+07 1e+07 1e+07 1e+07 1e+07 1e+07 1e+07 1e+07 1e+07 1e+07 1e+07 7.7063e+06 776690 190755 244081 211266 5.98728e+06 198507 23789 4111 7830 41122 2376 2011 52692 505 464 3948 535 176 210 132 175 25 43 53 57 75 24 30 28 98 38 37 34 17 17 16 17 14 56 20 38 10 9 8 8 7 7 7 7 7 7 6 6 6 6 6 6 6 6 
1.35088 1e+07 1e+07 1e+07 1e+07 1e+07 1e+07 1e+07 1e+07 1e+07 1e+07 1e+07 1e+07 1e+07 1e+07 1e+07 1e+07 1e+07 1e+07 1e+07 1e+07 1e+07 1e+07 1e+07 1e+07 1e+07 1e+07 1e+07 1e+07 1e+07 1e+07 1e+07 1e+07 1e+07 1e+07 1e+07 1e+07 1e+07 1e+07 9.93583e+06 1e+07 1e+07 2.86415e+06 586178 1.77063e+06 176615 310785 94825 10166 238903 35796 2677 8634 1086 343 645 739 2024 564 922 87 310 51 188 24 39 41 74 85 115 35 65 110 149 218 19 57 24 31 21 19 14 21 21 16 23 9 8 8 7 7 7 7 7 7 7 6 6 6 6 6 
1.36659 1e+07 1e+07 1e+07 1e+07 1e+07 1e+07 1e+07 1e+07 1e+07 1e+07 1e+07 1e+07 1e+07 1e+07 1e+07 1e+07 1e+07 1e+07 1e+07 1e+07 1e+07 1e+07 1e+07 1e+07 1e+07 1e+07 1e+07 1e+07 1e+07 1e+07 1e+07 1e+07 1e+07 1e+07 1e+07 1e+07 1e+07 1e+07 1e+07 1e+07 1e+07 1e+07 1.89955e+06 2.12124e+06 650630 133422 71651 227986 37160 12661 32025 34442 13675 1523 581 2111 375 1088 296 1282 132 287 85 32 35 24 54 66 19 19 87 43 29 26 41 28 21 22 18 14 15 14 19 13 19 17 26 14 9 8 8 8 7 7 7 7 7 7 6 6 
1.3823 1e+07 1e+07 1e+07 1e+07 1e+07 1e+07 1e+07 1e+07 1e+07 1e+07 1e+07 1e+07 1e+07 1e+07 1e+07 1e+07 1e+07 1e+07 1e+07 1e+07 1e+07 1e+07 1e+07 1e+07 1e+07 1e+07 1e+07 1e+07 1e+07 1e+07 1e+07 1e+07 1e+07 1e+07 1e+07 1e+07 1e+07 1e+07 1e+07 8.7292e+06 1e+07 1.25867e+06 2.93501e+06 2.46553e+06 566632 1.89637e+06 4.32458e+06 91373 11462 22217 6858 3520 2227 9691 1886 1595 601 1169 380 429 368 350 196 331 57 57 44 24 51 25 17 17 24 39 56 83 27 91 61 18 12 12 11 12 14 15 13 13 16 14 13 11 9 8 8 8 7 7 7 7 
1.39801 1e+07 1e+07 1e+07 1e+07 1e+07 1e+07 1e+07 1e+07 1e+07 1e+07 1e+07 1e+07 1e+07 1e+07 1e+07 1e+07 1e+07 1e+07 1e+07 1e+07 1e+07 1e+07 1e+07 1e+07 1e+07 1e+07 1e+07 1e+07 1e+07 1e+07 1e+07 1e+07 1e+07 1e+07 1e+07 1e+07 1e+07 1e+07 1e+07 1e+07 8.96822e+06 1e+07 6.65984e+06 3.02272e+06 1.98238e+06 219791 630082 412785 251515 7876 7986 2201 1505 4079 1034 961 1692 126 554 11105 385 253 246 83 53 105 66 107 563 41 68 31 34 16 16 61 28 94 28 43 17 40 13 11 11 11 11 11 11 12 13 13 12 13 11 10 10 10 9 8 
1.41372 1e+07 1e+07 1e+07 1e+07 1e+07 1e+07 1e+07 1e+07 1e+07 1e+07 1e+07 1e+07 1e+07 1e+07 1e+07 1e+07 1e+07 1e+07 1e+07 1e+07 1e+07 1e+07 1e+07 1e+07 1e+07 1e+07 1e+07 1e+07 1e+07 1e+07 1e+07 1e+07 1e+07 1e+07 1e+07 1e+07 1e+07 1e+07 1e+07 1e+07 1e+07 1e+07 1e+07 4.9791e+06 1.02735e+06 608206 204292 158272 23153 33777 54754 1400 5496 727 460 2391 6105 651 224 326 357 284 332 420 105 62 138 142 82 154 83 224 86 120 35 19 28 17 15 16 35 36 15 15 17 24 20 12 11 10 10 10 10 10 10 10 10 10 10 11 
