epsilon_k[0]0.1
epsilon_k[0]2.18e-05
epsilon_k[0]7.08e-05
epsilon_k[0]2.54e-05
epsilon_k[0]1e-05
epsilon_k[0]7.8e-06
epsilon_k[0]0.218
omega_x01.75929
omega_y01.94779
dx 0.01
n_theta 100
dtheta 0.00785398
epsilon 14
max_turns 10000000
from_angle 40
to_angle 48
0.314159 1e+07 42324 7702 4204 4099 766 
0.322013 1e+07 40396 7700 4376 3857 768 
0.329867 1e+07 40482 7729 4602 3782 777 
0.337721 1e+07 42461 7879 4796 3576 809 
0.345575 1e+07 42972 8092 5611 3533 786 
0.353429 1e+07 43109 10876 5721 3556 787 
0.361283 1e+07 43142 11735 5097 3557 894 
0.369137 1e+07 43971 13088 5096 3493 1180 620 
