epsilon_k[0]0.1
epsilon_k[0]2.18e-05
epsilon_k[0]7.08e-05
epsilon_k[0]2.54e-05
epsilon_k[0]1e-05
epsilon_k[0]7.8e-06
epsilon_k[0]0.218
omega_x01.75929
omega_y01.94779
dx 0.01
n_theta 100
dtheta 0.00785398
epsilon 4
max_turns 10000000
from_angle 48
to_angle 56
0.376991 1e+07 71939 7543 7280 7280 7280 1205 1205 1205 358 
0.384845 1e+07 32819 9116 7430 7430 7430 1207 1207 1207 380 
0.392699 1e+07 162963 9380 9162 9162 9162 1211 1209 1209 358 
0.400553 1e+07 82646 26589 9815 9055 9055 1210 1200 1200 356 
0.408407 1e+07 124628 25247 11010 10241 10241 1208 1208 1208 356 
0.416261 1e+07 299556 26126 7821 7821 7821 1206 1055 1055 375 
0.424115 1e+07 183769 25249 7693 7693 7693 1209 1034 1034 430 
0.431969 1e+07 125638 20588 7575 7575 7575 1208 1063 812 
