epsilon_k[0] 0.1
epsilon_k[0] 2.18e-05
epsilon_k[0] 7.08e-05
epsilon_k[0] 2.54e-05
epsilon_k[0] 1e-05
epsilon_k[0] 7.8e-06
epsilon_k[0] 0.218
omega_x0 0.168
omega_y0 0.201
dx 0.01
n_theta 100
dtheta 0.00785398
epsilon 1
max_turns 10000000
from_angle 56
to_angle 64
0.439823 1e+07 1e+07 1e+07 1e+07 1e+07 1e+07 1e+07 1e+07 1e+07 1e+07 1e+07 1e+07 1e+07 1e+07 1e+07 1e+07 1e+07 1e+07 1e+07 1.30865e+06 945715 115639 115639 115639 115639 115639 24243 24243 8620 8620 8620 8620 5537 5537 5537 3446 3446 3446 2144 2144 2144 1268 402 
0.447677 1e+07 1e+07 1e+07 1e+07 1e+07 1e+07 1e+07 1e+07 1e+07 1e+07 1e+07 1e+07 1e+07 1e+07 1e+07 1e+07 1e+07 1e+07 1e+07 6.46657e+06 330719 115633 115633 115633 77227 27827 11539 11539 11539 11539 11539 11539 11539 11539 11539 5533 2935 2935 2935 2622 947 
0.455531 1e+07 1e+07 1e+07 1e+07 1e+07 1e+07 1e+07 1e+07 1e+07 1e+07 1e+07 1e+07 1e+07 1e+07 1e+07 1e+07 1e+07 1e+07 7.4598e+06 7.4598e+06 4.18221e+06 943835 783940 146966 70796 70796 49086 14357 14357 14357 4452 4452 4452 4452 4452 4452 3493 3493 3493 2733 834 
0.463385 1e+07 1e+07 1e+07 1e+07 1e+07 1e+07 1e+07 1e+07 1e+07 1e+07 1e+07 1e+07 1e+07 1e+07 1e+07 1e+07 1e+07 1e+07 1e+07 1e+07 1.85014e+06 862371 442033 138437 73257 73257 73257 17607 17607 17607 17607 17607 17607 17607 7761 7761 2136 2136 2136 2136 1563 1563 1563 1182 397 
0.471239 1e+07 1e+07 1e+07 1e+07 1e+07 1e+07 1e+07 1e+07 1e+07 1e+07 1e+07 1e+07 1e+07 1e+07 1e+07 1e+07 1e+07 1e+07 1e+07 6.22649e+06 2.24853e+06 1.11218e+06 1.11218e+06 104355 104355 104355 38205 22185 22185 22185 10750 10750 10750 10750 6331 6092 6092 6092 2220 964 
0.479093 1e+07 1e+07 1e+07 1e+07 1e+07 1e+07 1e+07 1e+07 1e+07 1e+07 1e+07 1e+07 1e+07 1e+07 1e+07 1e+07 1e+07 1e+07 1e+07 1e+07 349174 210915 210915 66161 50539 50539 24713 24713 16821 16821 16821 16821 16821 16821 16821 13981 4967 2065 2065 2065 2065 2065 1895 828 
0.486947 1e+07 1e+07 1e+07 1e+07 1e+07 1e+07 1e+07 1e+07 1e+07 1e+07 1e+07 1e+07 1e+07 1e+07 1e+07 1e+07 1e+07 1e+07 1e+07 1e+07 1e+07 103712 103712 103712 103712 53366 7858 7858 7858 7858 7858 7203 7203 7203 7203 7203 2939 2939 2939 1751 1751 880 
0.494801 1e+07 1e+07 1e+07 1e+07 1e+07 1e+07 1e+07 1e+07 1e+07 1e+07 1e+07 1e+07 1e+07 1e+07 1e+07 1e+07 1e+07 1e+07 1e+07 1e+07 3.59442e+06 1.20146e+06 284703 284703 284703 284703 14289 14289 14289 14289 14289 14289 14289 14289 14289 2609 2609 2609 2609 2609 1344 1344 1344 1344 915 
