epsilon_k[0] 0.0001
epsilon_k[1] 2.18e-05
epsilon_k[2] 7.08e-05
epsilon_k[3] 2.54e-05
epsilon_k[4] 1e-05
epsilon_k[5] 7.8e-06
epsilon_k[6] 2.18e-05
omega_x0 0.168
omega_y0 0.201
dx 0.01
epsilon 32
max_turns 10000000
from_y 56
to_y 64
0.56 7225 11885 5027 3205 2435 837 540 1986 2053 1576 265 264 600 251 192 1112 1514 115 1474 215 215 179 73 33 106 83 89 473 54 25 100 24 62 24 66 36 23 70 108 30 52 43 32 18 20 16 16 19 40 16 19 33 14 11 10 10 10 10 9 9 9 9 9 10 10 11 13 13 14 12 12 20 18 21 17 38 14 17 25 12 
0.57 279724 29174 1657 476 632 361 4297 749 455 577 515 186 160 147 190 26174 245 101 445 1147 41 50 33 64 105 259 57 42 62 32 115 24 73 96 32 97 167 36 34 31 80 70 35 15 15 24 27 18 15 25 24 15 16 16 11 10 10 10 9 9 9 9 9 9 9 10 10 12 13 14 12 12 16 14 17 17 16 21 13 25 
0.58 1323 2194 1765 2334 269 962 233 1316 2615 1648 145 453 393 272 294 1338 716 69 161 32 155 41 33 47 84 85 328 52 36 56 26 83 341 47 96 88 38 25 24 23 23 110 83 16 14 13 13 13 13 21 16 19 17 21 14 11 10 10 10 9 9 9 9 9 9 9 9 10 11 12 14 12 12 23 15 18 20 14 15 16 
0.59 2710 1387 7636 3352 451 155 876 175 319 370 205 204 824 312 125 150 55 95 171 166 38 39 34 34 57 50 484 88 88 27 194 108 366 56 45 32 173 122 43 63 152 63 107 47 86 29 27 13 13 12 12 13 20 19 13 15 12 10 10 9 9 9 9 9 9 9 9 9 10 10 12 14 12 13 19 17 12 14 13 12 
0.6 778 877 752 4195 183 1271 437 452 1267 153 107 488 245 59 113 32 39 31 30 262 53 39 488 97 36 144 94 65 122 243 191 30 45 78 151 73 44 34 165 70 44 84 33 323 102 38 27 30 19 20 13 12 12 12 18 17 13 13 10 10 9 9 9 9 9 9 9 9 9 9 10 13 14 11 15 14 15 12 19 15 
0.61 2862 2133 1954 9627 205 241 705 355 365 156 1138 263 59 71 203 97 76 154 30 597 84 142 276 42 119 27 65 124 76 78 38 46 22 25 17 16 15 15 15 15 14 15 15 25 37 75 43 30 95 29 27 28 14 12 12 12 15 14 17 11 10 9 9 9 9 9 9 9 9 9 9 10 15 15 11 16 19 11 11 13 
0.62 1364 488 2021 283 2434 97 308 103 214 128 252 171 168 101 24 124 172 43 164 100 39 69 46 61 137 79 132 89 34 22 22 33 26 25 29 35 77 65 21 25 93 19 18 33 16 14 14 27 30 26 25 20 25 17 16 12 11 12 15 13 12 10 9 9 9 9 9 9 9 9 9 9 10 14 15 11 17 31 10 11 
0.63 503 166 351 563 310 94 259 506 745 75 116 196 210 37 154 96 45 30 388 46 108 52 105 41 29 37 21 44 62 30 78 217 84 375 59 23 34 45 92 89 34 23 87 23 18 18 17 22 19 13 16 23 15 15 14 17 18 12 11 13 14 13 10 9 9 9 9 9 8 8 9 9 9 9 14 13 11 13 11 10 
