epsilon_k[0] 0.0001
epsilon_k[1] 2.18e-05
epsilon_k[2] 7.08e-05
epsilon_k[3] 2.54e-05
epsilon_k[4] 1e-05
epsilon_k[5] 7.8e-06
epsilon_k[6] 2.18e-05
omega_x0 0.168
omega_y0 0.201
dx 0.01
n_theta 100
dtheta 0.015708
epsilon 28
max_turns 10000000
from_angle 5
to_angle 10
0.0785398 1e+07 1e+07 1e+07 1e+07 1e+07 1e+07 1e+07 1e+07 1e+07 1e+07 1e+07 1e+07 1e+07 1e+07 1e+07 1e+07 1e+07 1e+07 1e+07 1e+07 1e+07 1e+07 1e+07 1e+07 1e+07 1e+07 1e+07 1e+07 1e+07 1e+07 1e+07 1e+07 1e+07 1e+07 1e+07 1e+07 1e+07 1e+07 1e+07 1e+07 1e+07 1e+07 1e+07 1e+07 1e+07 1e+07 2.75618e+06 2.49602e+06 1e+07 1e+07 1e+07 1e+07 1e+07 1e+07 1e+07 1e+07 5.82932e+06 4.57639e+06 946651 100342 92700 21295 5591 3746 2230 4622 1873 5468 4762 7838 1363 3831 2724 1084 7854 1082 993 1848 174 873 661 190 654 459 276 77 10 8 7 7 6 6 6 6 6 5 5 5 5 5 
0.0942478 1e+07 1e+07 1e+07 1e+07 1e+07 1e+07 1e+07 1e+07 1e+07 1e+07 1e+07 1e+07 1e+07 1e+07 1e+07 1e+07 1e+07 1e+07 1e+07 1e+07 1e+07 1e+07 1e+07 1e+07 1e+07 1e+07 1e+07 1e+07 1e+07 1e+07 1e+07 1e+07 1e+07 1e+07 1e+07 1e+07 1e+07 1e+07 1e+07 1e+07 1e+07 1e+07 1e+07 1e+07 1e+07 547376 2.91836e+06 1.01889e+06 1e+07 1e+07 1e+07 1e+07 1e+07 1e+07 5.81032e+06 8.99564e+06 1.35732e+06 1.13452e+06 3.40967e+06 162132 34869 33717 7459 7578 3558 2543 3873 2646 3327 1092 24308 3174 4745 1945 4860 2074 1998 553 346 719 259 226 172 126 334 17 90 8 7 7 6 6 6 6 6 5 5 5 5 5 
0.109956 1e+07 1e+07 1e+07 1e+07 1e+07 1e+07 1e+07 1e+07 1e+07 1e+07 1e+07 1e+07 1e+07 1e+07 1e+07 1e+07 1e+07 1e+07 1e+07 1e+07 1e+07 1e+07 1e+07 1e+07 1e+07 1e+07 1e+07 1e+07 1e+07 1e+07 1e+07 1e+07 1e+07 1e+07 1e+07 1e+07 1e+07 1e+07 1e+07 1e+07 1e+07 1e+07 1e+07 1e+07 1e+07 593620 328264 391269 813753 1e+07 1e+07 1e+07 1e+07 4.8554e+06 1e+07 8.12923e+06 1.77722e+06 1e+07 751740 155454 113257 5403 15113 7344 4670 6214 24340 5507 569 4517 3216 1583 2336 755 1826 530 312 131 656 297 61 413 204 218 305 972 49 9 7 7 7 6 6 6 6 6 5 5 5 5 
0.125664 1e+07 1e+07 1e+07 1e+07 1e+07 1e+07 1e+07 1e+07 1e+07 1e+07 1e+07 1e+07 1e+07 1e+07 1e+07 1e+07 1e+07 1e+07 1e+07 1e+07 1e+07 1e+07 1e+07 1e+07 1e+07 1e+07 1e+07 1e+07 1e+07 1e+07 1e+07 1e+07 1e+07 1e+07 1e+07 1e+07 1e+07 1e+07 1e+07 1e+07 1e+07 1e+07 1e+07 1e+07 1e+07 187665 670328 371759 1.04674e+06 1e+07 1e+07 1e+07 1e+07 1e+07 1e+07 2.30771e+06 5.54954e+06 693405 542041 65341 50963 11131 481359 1933 4754 86934 6135 3510 3069 634 1915 988 2095 377 257 326 429 268 272 292 253 4144 52 16645 400 82 48 19 8 7 7 6 6 6 6 6 5 5 5 5 
0.141372 1e+07 1e+07 1e+07 1e+07 1e+07 1e+07 1e+07 1e+07 1e+07 1e+07 1e+07 1e+07 1e+07 1e+07 1e+07 1e+07 1e+07 1e+07 1e+07 1e+07 1e+07 1e+07 1e+07 1e+07 1e+07 1e+07 1e+07 1e+07 1e+07 1e+07 1e+07 1e+07 1e+07 1e+07 1e+07 1e+07 1e+07 1e+07 1e+07 1e+07 1e+07 1e+07 1e+07 1e+07 1e+07 5.14949e+06 774485 278979 728735 1.42022e+06 1e+07 1e+07 1e+07 1e+07 3.36938e+06 695500 1.67448e+06 1.43148e+06 171970 183436 45752 14706 3257 16422 6571 1487 3244 1810 5082 1329 3098 3718 8691 1152 418 1140 7578 197 217 100 130 114 756 54 48 327 182 89 9 8 7 7 6 6 6 6 6 5 5 5 
0.15708 1e+07 1e+07 1e+07 1e+07 1e+07 1e+07 1e+07 1e+07 1e+07 1e+07 1e+07 1e+07 1e+07 1e+07 1e+07 1e+07 1e+07 1e+07 1e+07 1e+07 1e+07 1e+07 1e+07 1e+07 1e+07 1e+07 1e+07 1e+07 1e+07 1e+07 1e+07 1e+07 1e+07 1e+07 1e+07 1e+07 1e+07 1e+07 1e+07 1e+07 1e+07 1e+07 1e+07 1e+07 3.45561e+06 2.01302e+06 283472 151005 163950 218605 1.45516e+06 2.04993e+06 1e+07 1e+07 7.94446e+06 1.17277e+06 9.01436e+06 301777 69012 102044 188682 451123 6975 3761 5847 1653 1404 1382 1465 1076 14149 1737 1295 3492 360 324 1372 130 321 430 47 165 156 452 83 57 204 16 133 8 7 7 6 6 6 6 6 6 5 5 
