epsilon_k[0] 0.1
epsilon_k[0] 2.18e-05
epsilon_k[0] 7.08e-05
epsilon_k[0] 2.54e-05
epsilon_k[0] 1e-05
epsilon_k[0] 7.8e-06
epsilon_k[0] 0.218
omega_x0 0.31
omega_y0 0.32
dx 0.01
n_theta 100
dtheta 0.00785398
epsilon 2
max_turns 10000000
from_angle 0
to_angle 8
0 1e+07 1e+07 1e+07 1e+07 10230 5377 4877 4877 1467 1304 1304 929 
0.00785398 1e+07 1e+07 1e+07 1e+07 9130 5169 4876 4253 1466 1304 1304 823 
0.015708 1e+07 1e+07 1e+07 1e+07 7542 5088 4876 4147 1466 1304 1304 823 
0.0235619 1e+07 1e+07 1e+07 1e+07 6897 5014 4877 4150 1465 1304 1304 960 
0.0314159 1e+07 1e+07 1e+07 1e+07 7327 4983 4884 4072 1465 1303 1303 902 
0.0392699 1e+07 1e+07 1e+07 1e+07 7542 4945 4876 4112 1465 1303 1303 822 
0.0471239 1e+07 1e+07 1e+07 1e+07 6823 4940 4883 4579 1465 1303 1303 747 
0.0549779 1e+07 1e+07 1e+07 1e+07 6726 4938 4916 4582 1465 1303 1303 744 
0.0628319 1e+07 1e+07 1e+07 1e+07 6673 4937 4937 4719 1465 1303 1303 1108 394 
