epsilon_k[0] 0.0001
epsilon_k[1] 2.18e-05
epsilon_k[2] 7.08e-05
epsilon_k[3] 2.54e-05
epsilon_k[4] 1e-05
epsilon_k[5] 7.8e-06
epsilon_k[6] 2.18e-05
omega_x0 0.28
omega_y0 0.31
dx 0.01
epsilon 10
max_turns 10000000
from_y 8
to_y 16
0.08 1e+07 1e+07 1e+07 1e+07 1e+07 1e+07 1e+07 1e+07 1e+07 1e+07 1e+07 1e+07 1e+07 1e+07 1e+07 1e+07 1e+07 1e+07 1e+07 1e+07 1e+07 1e+07 1e+07 1e+07 1e+07 1e+07 1e+07 1e+07 1e+07 1e+07 1e+07 544 2405 1e+07 1e+07 1e+07 1e+07 1e+07 1e+07 1e+07 1e+07 1e+07 966936 110091 304705 37102 466770 117766 2324 34 30 46 26 27 19 16 16 16 16 17 18 15 14 13 12 12 12 11 11 11 11 11 11 11 11 11 10 10 10 10 
0.09 1e+07 1e+07 1e+07 1e+07 1e+07 1e+07 1e+07 1e+07 1e+07 1e+07 1e+07 1e+07 1e+07 1e+07 1e+07 1e+07 1e+07 1e+07 1e+07 1e+07 1e+07 1e+07 1e+07 1e+07 1e+07 1e+07 1e+07 1e+07 1e+07 1e+07 473266 410 882 1e+07 1e+07 1e+07 1e+07 1e+07 1e+07 1e+07 1e+07 1e+07 4.63674e+06 1.34161e+06 136328 122497 75169 2650 243 32 46 25 25 17 16 15 15 15 15 20 17 15 13 13 12 12 12 12 12 12 12 11 11 11 10 10 10 10 10 10 
0.1 1e+07 1e+07 1e+07 1e+07 1e+07 1e+07 1e+07 1e+07 1e+07 1e+07 1e+07 1e+07 1e+07 1e+07 1e+07 1e+07 1e+07 1e+07 1e+07 1e+07 1e+07 1e+07 1e+07 1e+07 1e+07 1e+07 1e+07 1e+07 1e+07 1e+07 3627 335 657 1e+07 1e+07 1e+07 1e+07 1e+07 1e+07 1e+07 1e+07 1.01241e+06 134618 10416 221116 62415 67423 7017 35 64 25 23 16 15 15 15 14 15 15 24 17 14 13 13 12 12 13 14 13 11 11 11 10 10 10 10 10 10 10 10 
0.11 1e+07 1e+07 1e+07 1e+07 1e+07 1e+07 1e+07 1e+07 1e+07 1e+07 1e+07 1e+07 1e+07 1e+07 1e+07 1e+07 1e+07 1e+07 1e+07 1e+07 1e+07 1e+07 1e+07 1e+07 1e+07 1e+07 1e+07 1e+07 1e+07 1e+07 2008 282 317 67548 1e+07 1e+07 1e+07 1e+07 1e+07 1e+07 7.07127e+06 1e+07 26079 356769 33669 230981 62512 121 84 25 29 17 15 15 15 14 14 14 15 18 19 15 13 13 13 14 13 11 11 11 10 10 10 10 10 10 10 10 10 11 
0.12 1e+07 1e+07 1e+07 1e+07 1e+07 1e+07 1e+07 1e+07 1e+07 1e+07 1e+07 1e+07 1e+07 1e+07 1e+07 1e+07 1e+07 1e+07 1e+07 1e+07 1e+07 1e+07 1e+07 1e+07 1e+07 1e+07 1e+07 1e+07 1e+07 1e+07 1574 243 239 1202 1e+07 1e+07 1e+07 1e+07 1e+07 1e+07 981022 104339 18219 12829 17069 47428 888 39 27 28 17 16 15 15 14 14 14 14 15 40 40 17 15 14 13 12 11 11 10 10 10 10 10 10 10 11 11 11 10 9 
0.13 1e+07 1e+07 1e+07 1e+07 1e+07 1e+07 1e+07 1e+07 1e+07 1e+07 1e+07 1e+07 1e+07 1e+07 1e+07 1e+07 1e+07 1e+07 1e+07 1e+07 1e+07 1e+07 1e+07 1e+07 1e+07 1e+07 1e+07 1e+07 1e+07 5.91254e+06 1813 206 179 516 1e+07 1e+07 1e+07 1e+07 1e+07 2.14722e+06 3.09416e+06 45415 9621 5441 175807 6984 46 39 25 21 16 15 15 14 14 14 14 15 18 56 23 15 13 12 11 11 11 10 10 10 10 11 12 12 10 9 9 9 9 8 
0.14 1e+07 1e+07 1e+07 1e+07 1e+07 1e+07 1e+07 1e+07 1e+07 1e+07 1e+07 1e+07 1e+07 1e+07 1e+07 1e+07 1e+07 1e+07 1e+07 1e+07 1e+07 1e+07 1e+07 1e+07 1e+07 1e+07 1e+07 1e+07 1e+07 90699 2676 181 154 387 143763 1e+07 1e+07 1e+07 1e+07 207708 118314 626043 69856 1465 20157 1761 82 27 25 18 16 15 15 15 15 15 16 26 33 18 15 13 12 11 11 11 11 11 11 14 11 10 9 9 9 8 8 8 8 8 
0.15 1e+07 1e+07 1e+07 1e+07 1e+07 1e+07 1e+07 1e+07 1e+07 1e+07 1e+07 1e+07 1e+07 1e+07 1e+07 1e+07 1e+07 1e+07 1e+07 1e+07 1e+07 1e+07 1e+07 1e+07 1e+07 1e+07 1e+07 1e+07 737912 4493 928 156 129 157 49955 363384 2.13066e+06 1e+07 855022 3.85731e+06 3.08373e+06 62363 12282 37030 5236 304 43 26 23 19 17 17 16 17 18 28 49 20 16 15 13 12 11 11 11 11 11 15 10 9 9 9 8 8 8 8 8 8 8 8 
