epsilon_k[0]0.1
epsilon_k[0]2.18e-05
epsilon_k[0]7.08e-05
epsilon_k[0]2.54e-05
epsilon_k[0]1e-05
epsilon_k[0]7.8e-06
epsilon_k[0]0.218
omega_x01.75929
omega_y01.94779
dx 0.01
n_theta 100
dtheta 0.00785398
epsilon 2
max_turns 10000000
from_angle 88
to_angle 96
0.69115 1e+07 1e+07 1e+07 4006 2263 1540 1375 888 
0.699004 1e+07 1e+07 1e+07 3997 2262 1542 1376 861 
0.706858 1e+07 1e+07 1e+07 3994 2260 1538 1377 858 
0.714712 1e+07 1e+07 1e+07 3992 2258 1519 1378 858 
0.722566 1e+07 1e+07 1e+07 3991 2258 1514 1379 859 
0.73042 1e+07 1e+07 1e+07 3990 2257 1512 1380 884 
0.738274 1e+07 1e+07 1e+07 3989 2257 1511 1381 891 
0.746128 1e+07 1e+07 1e+07 3989 2256 1509 1383 894 
0.753982 1e+07 1e+07 1e+07 3990 2256 1511 1386 928 
