epsilon_k[0] 0.1
epsilon_k[0] 2.18e-05
epsilon_k[0] 7.08e-05
epsilon_k[0] 2.54e-05
epsilon_k[0] 1e-05
epsilon_k[0] 7.8e-06
epsilon_k[0] 0.218
omega_x0 0.31
omega_y0 0.32
dx 0.01
n_theta 100
dtheta 0.00785398
epsilon 32
max_turns 10000000
from_angle 0
to_angle 8
0 1e+07 1e+07 7769 4094 3173 2250 1759 973 
0.00785398 1e+07 66986 7758 4090 3173 2245 1759 973 
0.015708 1e+07 68070 7747 4095 3173 2192 1759 973 
0.0235619 1e+07 59568 7749 4269 3173 2272 1759 974 
0.0314159 1e+07 58565 7748 4042 3173 2165 1759 974 
0.0392699 1e+07 57293 7843 4037 3174 2150 1759 974 
0.0471239 1e+07 57593 7856 4023 3174 2177 1759 974 
0.0549779 1e+07 55731 7923 4025 3175 2180 1759 974 
0.0628319 1e+07 56834 7964 4550 3175 2250 1759 975 
