epsilon_k[0] 0.0001
epsilon_k[1] 2.18e-05
epsilon_k[2] 7.08e-05
epsilon_k[3] 2.54e-05
epsilon_k[4] 1e-05
epsilon_k[5] 7.8e-06
epsilon_k[6] 2.18e-05
omega_x0 0.28
omega_y0 0.31
dx 0.01
epsilon 0
max_turns 10000000
from_y 48
to_y 56
0.48 11 11 11 12 12 12 13 13 14 14 16 18 41 27 33 35 22 20 19 19 18 18 18 18 19 20 22 32 67 39 28 24 15 13 11 11 10 10 10 10 10 9 9 9 8 8 8 7 7 7 7 7 7 6 6 6 6 6 6 6 6 6 6 6 6 6 5 5 5 5 5 5 5 5 5 5 5 5 5 5 
0.49 11 11 11 11 11 12 12 12 13 13 14 15 17 48 26 84 29 21 19 19 18 18 18 18 18 19 21 38 81 40 30 24 15 13 11 11 10 10 10 10 10 9 9 9 8 8 8 7 7 7 7 7 7 6 6 6 6 6 6 6 6 6 6 6 6 5 5 5 5 5 5 5 5 5 5 5 5 5 5 5 
0.5 10 10 11 11 11 11 11 12 12 12 13 14 15 17 151 26 47 23 20 19 18 18 18 18 18 18 20 23 88 42 36 25 15 13 11 11 10 10 10 10 10 9 9 9 8 8 8 7 7 7 7 7 6 6 6 6 6 6 6 6 6 6 6 6 6 5 5 5 5 5 5 5 5 5 5 5 5 5 5 5 
0.51 10 10 10 10 11 11 11 11 11 12 12 13 13 14 17 77 25 32 21 19 18 18 17 17 18 18 19 21 31 53 37 26 16 14 11 11 10 10 10 10 10 9 9 9 8 8 7 7 7 7 7 7 6 6 6 6 6 6 6 6 6 6 6 6 5 5 5 5 5 5 5 5 5 5 5 5 5 5 5 5 
0.52 10 10 10 10 10 10 10 11 11 11 12 12 12 13 14 16 104 25 30 19 18 17 17 17 17 18 18 19 24 85 37 28 19 14 12 11 10 10 10 10 10 9 9 9 8 8 7 7 7 7 7 7 6 6 6 6 6 6 6 6 6 6 6 5 5 5 5 5 5 5 5 5 5 5 5 5 5 5 5 5 
0.53 9 10 10 10 10 10 10 10 10 11 11 11 12 12 13 14 16 40 25 22 18 17 17 17 17 17 18 18 21 45 38 37 23 15 12 11 10 10 10 10 10 10 10 9 8 8 7 7 7 7 7 6 6 6 6 6 6 6 6 6 6 6 6 5 5 5 5 5 5 5 5 5 5 5 5 5 5 5 5 5 
0.54 9 9 9 9 10 10 10 10 10 10 11 11 11 12 12 13 14 16 27 29 20 18 17 17 17 17 17 18 19 39 38 39 24 16 12 11 11 10 10 10 10 10 10 9 8 8 7 7 7 7 7 6 6 6 6 6 6 6 6 6 6 6 5 5 5 5 5 5 5 5 5 5 5 5 5 5 5 5 5 5 
0.55 9 9 9 9 9 9 9 10 10 10 10 10 11 11 11 12 13 14 17 25 33 18 17 17 16 16 17 17 18 21 1023 37 39 18 13 11 11 10 10 11 11 10 12 9 8 8 7 7 7 7 7 6 6 6 6 6 6 6 6 6 6 6 5 5 5 5 5 5 5 5 5 5 5 5 5 5 5 5 5 5 
