epsilon_k[0] 0.1
epsilon_k[0] 2.18e-05
epsilon_k[0] 7.08e-05
epsilon_k[0] 2.54e-05
epsilon_k[0] 1e-05
epsilon_k[0] 7.8e-06
epsilon_k[0] 0.218
omega_x0 0.28
omega_y0 0.31
dx 0.01
n_theta 100
dtheta 0.00785398
epsilon 1
max_turns 10000000
from_angle 72
to_angle 80
0.565487 1e+07 1e+07 3190 2184 1300 528 
0.573341 1e+07 1e+07 3127 2187 1298 529 
0.581195 1e+07 1e+07 3122 2244 1291 530 
0.589049 1e+07 1e+07 3119 2244 1293 549 
0.596903 1e+07 1e+07 3114 2251 1258 566 
0.604757 1e+07 1e+07 3112 2263 1295 570 
0.612611 1e+07 1e+07 3109 2330 1248 572 
0.620465 1e+07 1e+07 3110 2587 1247 574 
0.628319 1e+07 1e+07 3057 2756 1246 578 
