epsilon_k[0] 0.0001
epsilon_k[1] 2.18e-05
epsilon_k[2] 7.08e-05
epsilon_k[3] 2.54e-05
epsilon_k[4] 1e-05
epsilon_k[5] 7.8e-06
epsilon_k[6] 2.18e-05
omega_x0 0.168
omega_y0 0.201
dx 0.01
n_theta 100
dtheta 0.015708
epsilon 24
max_turns 10000000
from_angle 95
to_angle 101
1.49226 1e+07 1e+07 1e+07 1e+07 1e+07 1e+07 1e+07 1e+07 1e+07 1e+07 1e+07 1e+07 1e+07 1e+07 1e+07 1e+07 1e+07 1e+07 1e+07 1e+07 1e+07 1e+07 1e+07 1e+07 1e+07 1e+07 1e+07 1e+07 1e+07 1e+07 1e+07 1e+07 1e+07 1e+07 1e+07 1e+07 1e+07 1e+07 1e+07 1e+07 1e+07 1e+07 1e+07 2.47314e+06 7.85013e+06 1.07454e+06 5.05239e+06 1.12678e+06 718016 332847 69930 40248 4674 12179 3393 1821 1290 4594 3996 176 381 226 144 108 126 140 378 272 573 72 97 120 109 101 39 24 23 52 35 65 44 16 21 28 12 11 10 10 10 10 9 9 9 9 9 9 9 9 8 8 
1.50796 1e+07 1e+07 1e+07 1e+07 1e+07 1e+07 1e+07 1e+07 1e+07 1e+07 1e+07 1e+07 1e+07 1e+07 1e+07 1e+07 1e+07 1e+07 1e+07 1e+07 1e+07 1e+07 1e+07 1e+07 1e+07 1e+07 1e+07 1e+07 1e+07 1e+07 1e+07 1e+07 1e+07 1e+07 1e+07 1e+07 1e+07 1e+07 1e+07 1e+07 1e+07 1e+07 1e+07 1e+07 7.70942e+06 1e+07 5.3842e+06 3.58903e+06 913691 219362 180085 52933 24035 12063 4125 740 1916 245 4125 589 655 305 203 214 591 82 318 106 220 97 108 55 218 47 22 95 128 182 43 38 16 21 27 13 11 11 10 10 10 10 9 9 9 9 9 9 9 9 9 9 
1.52367 1e+07 1e+07 1e+07 1e+07 1e+07 1e+07 1e+07 1e+07 1e+07 1e+07 1e+07 1e+07 1e+07 1e+07 1e+07 1e+07 1e+07 1e+07 1e+07 1e+07 1e+07 1e+07 1e+07 1e+07 1e+07 1e+07 1e+07 1e+07 1e+07 1e+07 1e+07 1e+07 1e+07 1e+07 1e+07 1e+07 1e+07 1e+07 1e+07 1e+07 1e+07 1e+07 9.31666e+06 1e+07 5.33415e+06 2.23652e+06 7.82438e+06 250926 2.33078e+06 897211 488127 1.63548e+06 73377 15663 9662 9247 1002 1120 489 812 950 1500 3239 286 150 415 110 202 176 114 165 281 56 21 24 84 22 225 71 48 17 27 30 57 24 12 11 11 10 10 10 10 10 10 10 10 10 10 10 11 
1.53938 1e+07 1e+07 1e+07 1e+07 1e+07 1e+07 1e+07 1e+07 1e+07 1e+07 1e+07 1e+07 1e+07 1e+07 1e+07 1e+07 1e+07 1e+07 1e+07 1e+07 1e+07 1e+07 1e+07 1e+07 1e+07 1e+07 1e+07 1e+07 1e+07 1e+07 1e+07 1e+07 1e+07 1e+07 1e+07 1e+07 1e+07 1e+07 1e+07 1e+07 1e+07 1e+07 1e+07 1e+07 1e+07 7.29404e+06 858795 2.47295e+06 1.20852e+06 278645 154908 205001 65020 44624 10795 1530 3899 4596 2896 1526 2661 717 329 838 434 175 188 86 103 96 54 75 28 21 104 210 85 28 52 58 182 27 39 35 22 28 22 19 20 20 17 20 21 20 14 33 13 12 11 11 
1.55509 1e+07 1e+07 1e+07 1e+07 1e+07 1e+07 1e+07 1e+07 1e+07 1e+07 1e+07 1e+07 1e+07 1e+07 1e+07 1e+07 1e+07 1e+07 1e+07 1e+07 1e+07 1e+07 1e+07 1e+07 1e+07 1e+07 1e+07 1e+07 1e+07 1e+07 1e+07 1e+07 1e+07 1e+07 1e+07 1e+07 1e+07 1e+07 1e+07 1e+07 1e+07 1e+07 9.21354e+06 7.45623e+06 1e+07 1e+07 2.37596e+06 1e+07 1e+07 720450 345682 247229 51608 231305 28532 2759 41914 2094 3616 445 764 587 227 2709 564 197 225 94 53 604 261 101 20 67 30 92 53 60 73 20 43 27 20 20 18 16 17 16 14 13 12 12 12 12 12 13 22 24 31 24 
1.5708 1e+07 1e+07 1e+07 1e+07 1e+07 1e+07 1e+07 1e+07 1e+07 1e+07 1e+07 1e+07 1e+07 1e+07 1e+07 1e+07 1e+07 1e+07 1e+07 1e+07 1e+07 1e+07 1e+07 1e+07 1e+07 1e+07 1e+07 1e+07 1e+07 1e+07 1e+07 1e+07 1e+07 1e+07 1e+07 1e+07 1e+07 1e+07 1e+07 1e+07 1e+07 1e+07 1e+07 1e+07 7.40288e+06 1e+07 4.64825e+06 2.54601e+06 1.19589e+06 1.88061e+06 179051 94435 169992 49709 168485 14206 85551 4231 2861 1423 4998 514 550 299 450 1233 158 174 193 131 165 57 21 43 60 30 35 41 16 15 14 14 13 13 13 13 13 13 13 16 19 16 28 19 29 22 18 12 11 11 
1.5865 1e+07 1e+07 1e+07 1e+07 1e+07 1e+07 1e+07 1e+07 1e+07 1e+07 1e+07 1e+07 1e+07 1e+07 1e+07 1e+07 1e+07 1e+07 1e+07 1e+07 1e+07 1e+07 1e+07 1e+07 1e+07 1e+07 1e+07 1e+07 1e+07 1e+07 1e+07 1e+07 1e+07 1e+07 1e+07 1e+07 1e+07 1e+07 1e+07 1e+07 1e+07 1e+07 1e+07 1e+07 1e+07 1e+07 8.44993e+06 1e+07 2.07252e+06 1.43017e+06 233806 260307 2.42246e+06 120359 121785 30703 27567 4494 4747 887 2067 431 1550 1453 1425 88 443 111 119 272 45 29 20 32 30 24 31 22 16 15 14 14 15 48 94 33 27 188 20 28 30 60 17 15 12 12 12 12 30 19 
