epsilon_k[0] 0.0001
epsilon_k[1] 2.18e-05
epsilon_k[2] 7.08e-05
epsilon_k[3] 2.54e-05
epsilon_k[4] 1e-05
epsilon_k[5] 7.8e-06
epsilon_k[6] 2.18e-05
omega_x0 0.168
omega_y0 0.201
dx 0.01
n_theta 100
dtheta 0.015708
epsilon 28
max_turns 10000000
from_angle 45
to_angle 50
0.706858 1e+07 1e+07 1e+07 1e+07 1e+07 1e+07 1e+07 1e+07 1e+07 1e+07 1e+07 1e+07 1e+07 1e+07 1e+07 1e+07 1e+07 1e+07 1e+07 1e+07 1e+07 1e+07 1e+07 1e+07 1e+07 1e+07 1e+07 1e+07 1e+07 1e+07 1e+07 6.41523e+06 1e+07 1e+07 1e+07 1e+07 1e+07 6.96482e+06 1.40413e+06 1e+07 1e+07 1.6671e+06 590485 2.02941e+06 1e+07 2.7855e+06 204562 963644 83906 33017 15477 5082 8484 71900 3192 1025 790 833 1021 771 145 206 883 98 147 2289 88 182 63 138 38 79 53 97 42 77 18 19 43 34 39 31 20 44 17 13 12 11 11 11 11 10 10 10 10 10 11 11 12 13 
0.722566 1e+07 1e+07 1e+07 1e+07 1e+07 1e+07 1e+07 1e+07 1e+07 1e+07 1e+07 1e+07 1e+07 1e+07 1e+07 1e+07 1e+07 1e+07 1e+07 1e+07 1e+07 1e+07 1e+07 1e+07 1e+07 1e+07 1e+07 1e+07 1e+07 1e+07 1e+07 1e+07 1e+07 3.99496e+06 1e+07 2.81204e+06 8.31371e+06 5.36682e+06 7.34404e+06 1.49488e+06 4.82128e+06 1.59766e+06 1.83305e+06 389274 458324 180467 58724 165734 13870 15910 12345 20579 6374 1490 1567 1298 1799 435 733 1586 657 2543 590 150 94 56 41 87 95 539 71 20 59 96 19 29 13 12 11 11 11 10 10 10 10 10 10 9 9 9 9 9 9 9 9 9 9 9 9 9 
0.738274 1e+07 1e+07 1e+07 1e+07 1e+07 1e+07 1e+07 1e+07 1e+07 1e+07 1e+07 1e+07 1e+07 1e+07 1e+07 1e+07 1e+07 1e+07 1e+07 1e+07 1e+07 1e+07 1e+07 1e+07 1e+07 1e+07 1e+07 1e+07 1e+07 1e+07 1e+07 1e+07 5.40267e+06 1e+07 1e+07 2.54913e+06 1e+07 8.87771e+06 1e+07 1.36828e+06 1e+07 2.02651e+06 1e+07 913497 197517 2.94033e+06 72546 135850 34775 80950 9372 11986 3715 2659 780 6473 472 6931 646 1447 601 161 147 502 97 97 73 147 86 19 25 21 18 12 11 11 11 10 10 10 10 10 10 9 9 9 9 9 9 9 9 9 9 9 8 8 8 8 8 8 
0.753982 1e+07 1e+07 1e+07 1e+07 1e+07 1e+07 1e+07 1e+07 1e+07 1e+07 1e+07 1e+07 1e+07 1e+07 1e+07 1e+07 1e+07 1e+07 1e+07 1e+07 1e+07 1e+07 1e+07 1e+07 1e+07 1e+07 1e+07 1e+07 1e+07 1e+07 1e+07 6.62587e+06 1e+07 1e+07 5.57013e+06 1e+07 1e+07 3.47496e+06 1.04165e+06 5.4754e+06 1.68089e+06 711380 506747 327232 124370 525713 39035 33576 27250 11153 7774 7155 12106 8194 1286 1417 9982 2478 1914 690 134 120 51 95 37 198 51 117 19 47 21 12 12 11 11 10 10 10 10 10 10 9 9 9 9 9 9 9 9 9 9 9 9 8 8 8 8 8 8 8 
0.76969 1e+07 1e+07 1e+07 1e+07 1e+07 1e+07 1e+07 1e+07 1e+07 1e+07 1e+07 1e+07 1e+07 1e+07 1e+07 1e+07 1e+07 1e+07 1e+07 1e+07 1e+07 1e+07 1e+07 1e+07 1e+07 1e+07 1e+07 1e+07 1e+07 1e+07 1e+07 5.48289e+06 1e+07 7.77938e+06 4.70117e+06 8.38335e+06 2.40207e+06 1e+07 3.18256e+06 688711 1.86549e+06 757507 1.15572e+06 660038 143707 473906 34679 21628 84690 14666 144730 5698 21197 943 2109 7626 1353 3212 1477 762 26471 247 91 139 241 93 208 19 39 46 12 12 11 11 10 10 10 10 10 10 10 9 9 9 9 9 9 9 9 9 9 9 9 9 9 9 9 9 9 9 
