epsilon_k[0] 0.0001
epsilon_k[1] 2.18e-05
epsilon_k[2] 7.08e-05
epsilon_k[3] 2.54e-05
epsilon_k[4] 1e-05
epsilon_k[5] 7.8e-06
epsilon_k[6] 2.18e-05
omega_x0 0.31
omega_y0 0.32
dx 0.01
epsilon 32
max_turns 10000000
from_y 16
to_y 24
0.16 120699 5.62545e+06 1e+07 1e+07 1.50102e+06 457553 872534 121556 42579 107692 2629 907 911 921 911 1785 67 29 25 22 20 19 18 17 16 16 15 14 14 13 13 13 12 12 12 12 11 11 11 11 10 10 10 10 10 9 9 9 9 9 9 9 9 9 8 8 8 8 8 8 8 8 8 8 8 7 7 7 7 7 7 7 7 7 7 7 7 6 6 6 
0.17 7854 9580 103344 1e+07 315164 149336 158914 133700 7823 892 886 1626 813 1783 869 956 36 26 23 21 20 18 17 16 16 15 15 14 14 13 13 12 12 12 12 11 11 11 11 10 10 10 10 10 9 9 9 9 9 9 9 9 9 8 8 8 8 8 8 8 8 8 8 7 7 7 7 7 7 7 7 7 7 7 7 6 6 6 6 6 
0.18 45 1792 31269 39095 87713 67744 8.63351e+06 4391 9574 912 951 126 318 845 867 73 30 25 22 20 19 18 17 16 15 15 14 14 13 13 13 12 12 12 11 11 11 11 10 10 10 10 10 9 9 9 9 9 9 9 9 9 8 8 8 8 8 8 8 8 8 8 7 7 7 7 7 7 7 7 7 7 7 7 6 6 6 6 6 6 
0.19 32 36 891 927 3504 6961 899 893 1775 57 55 58 182 101 893 46 27 23 21 20 18 17 16 16 15 15 14 14 13 13 12 12 12 11 11 11 11 10 10 10 10 10 10 9 9 9 9 9 9 9 8 8 8 8 8 8 8 8 8 8 8 7 7 7 7 7 7 7 7 7 7 7 7 6 6 6 6 6 6 6 
0.2 28 30 33 40 77 883 858 897 59 52 51 52 63 90 1789 32 25 22 20 19 18 17 16 15 15 14 14 13 13 13 12 12 12 11 11 11 11 10 10 10 10 10 9 9 9 9 9 9 9 8 8 8 8 8 8 8 8 8 8 8 7 7 7 7 7 7 7 7 7 7 7 7 6 6 6 6 6 6 6 6 
0.21 25 26 28 30 35 904 112 89 57 50 49 50 55 89 110 29 24 22 20 18 17 16 16 15 14 14 13 13 13 12 12 12 11 11 11 11 10 10 10 10 10 9 9 9 9 9 9 9 9 8 8 8 8 8 8 8 8 8 8 7 7 7 7 7 7 7 7 7 7 7 7 6 6 6 6 6 6 6 6 6 
0.22 23 24 25 26 29 32 40 76 68 50 48 48 52 89 43 27 23 21 19 18 17 16 15 15 14 14 13 13 12 12 12 12 11 11 11 10 10 10 10 10 9 9 9 9 9 9 9 9 8 8 8 8 8 8 8 8 8 8 7 7 7 7 7 7 7 7 7 7 7 7 6 6 6 6 6 6 6 6 6 6 
0.23 21 22 23 24 25 27 30 36 70 53 48 47 51 93 33 25 22 20 19 18 17 16 15 15 14 13 13 13 12 12 12 11 11 11 11 10 10 10 10 10 9 9 9 9 9 9 9 8 8 8 8 8 8 8 8 8 8 7 7 7 7 7 7 7 7 7 7 7 7 6 6 6 6 6 6 6 6 6 6 6 
