epsilon_k[0] 0.0001
epsilon_k[1] 2.18e-05
epsilon_k[2] 7.08e-05
epsilon_k[3] 2.54e-05
epsilon_k[4] 1e-05
epsilon_k[5] 7.8e-06
epsilon_k[6] 2.18e-05
omega_x0 0.168
omega_y0 0.201
dx 0.01
n_theta 100
dtheta 0.015708
epsilon 24
max_turns 10000000
from_angle 20
to_angle 25
0.314159 1e+07 1e+07 1e+07 1e+07 1e+07 1e+07 1e+07 1e+07 1e+07 1e+07 1e+07 1e+07 1e+07 1e+07 1e+07 1e+07 1e+07 1e+07 1e+07 1e+07 1e+07 1e+07 1e+07 1e+07 1e+07 1e+07 1e+07 1e+07 1e+07 1e+07 1e+07 1e+07 1e+07 1e+07 1e+07 1e+07 1e+07 1e+07 1e+07 1e+07 1e+07 1e+07 1e+07 7.25281e+06 1e+07 8.44061e+06 2.64203e+06 1e+07 224923 108031 409754 793789 65380 586228 56950 11617 9636 33833 34140 116884 14989 5051 2737 2947 1188 13221 316 873 1901 503 1138 473 433 456 195 957 3570 296 169 680 641 21 1020 236 28 352 56 121 25 26 74 26 85 47 13 14 20 43 39 20 
0.329867 1e+07 1e+07 1e+07 1e+07 1e+07 1e+07 1e+07 1e+07 1e+07 1e+07 1e+07 1e+07 1e+07 1e+07 1e+07 1e+07 1e+07 1e+07 1e+07 1e+07 1e+07 1e+07 1e+07 1e+07 1e+07 1e+07 1e+07 1e+07 1e+07 1e+07 1e+07 1e+07 1e+07 1e+07 1e+07 1e+07 1e+07 1e+07 1e+07 1e+07 1e+07 1e+07 1e+07 1e+07 1e+07 4.07872e+06 2.60901e+06 2.49526e+06 786524 258942 88476 402062 84926 39463 13648 8182 5568 23310 7485 2022 2766 3116 2336 1598 2060 9920 1399 990 1713 235 3720 286 299 2046 47 192 210 869 174 47 33 29 103 280 490 46 192 33 58 178 77 46 25 43 25 34 13 13 64 36 
0.345575 1e+07 1e+07 1e+07 1e+07 1e+07 1e+07 1e+07 1e+07 1e+07 1e+07 1e+07 1e+07 1e+07 1e+07 1e+07 1e+07 1e+07 1e+07 1e+07 1e+07 1e+07 1e+07 1e+07 1e+07 1e+07 1e+07 1e+07 1e+07 1e+07 1e+07 1e+07 1e+07 1e+07 1e+07 1e+07 1e+07 1e+07 1e+07 1e+07 1e+07 1e+07 1e+07 1e+07 1e+07 1e+07 1e+07 1.19041e+06 1.04682e+06 4.32978e+06 218357 201378 213742 84503 197077 41935 69038 20493 10977 2894 146552 3174 1688 4175 6374 18665 213 455 127 1583 1204 1469 384 868 249 47 260 40 2269 35 115 297 27 27 21 23 90 143 191 37 96 37 47 33 37 90 30 21 37 13 12 
0.361283 1e+07 1e+07 1e+07 1e+07 1e+07 1e+07 1e+07 1e+07 1e+07 1e+07 1e+07 1e+07 1e+07 1e+07 1e+07 1e+07 1e+07 1e+07 1e+07 1e+07 1e+07 1e+07 1e+07 1e+07 1e+07 1e+07 1e+07 1e+07 1e+07 1e+07 1e+07 1e+07 1e+07 1e+07 1e+07 1e+07 1e+07 1e+07 1e+07 1e+07 1e+07 9.58977e+06 6.05676e+06 1e+07 1e+07 1e+07 1.26193e+06 1e+07 330247 6.25976e+06 247341 22234 61215 20379 65717 12437 37288 3402 1606 6660 1024 4425 1644 864 563 2367 201 1020 637 166 594 11232 167 172 522 135 79 80 136 385 40 95 14 13 14 91 20 60 63 93 32 68 43 24 40 68 30 30 25 16 
0.376991 1e+07 1e+07 1e+07 1e+07 1e+07 1e+07 1e+07 1e+07 1e+07 1e+07 1e+07 1e+07 1e+07 1e+07 1e+07 1e+07 1e+07 1e+07 1e+07 1e+07 1e+07 1e+07 1e+07 1e+07 1e+07 1e+07 1e+07 1e+07 1e+07 1e+07 1e+07 1e+07 1e+07 1e+07 1e+07 1e+07 1e+07 1e+07 1e+07 1e+07 1e+07 1e+07 5.14804e+06 4.32324e+06 1e+07 6.20855e+06 1e+07 6.41593e+06 2.88193e+06 260890 564263 619312 44564 59495 68119 32008 6277 11149 1420 9394 7245 5882 620 875 2618 1132 287 308 444 337 107 1035 176 106 62 1740 646 227 116 191 71 65 107 13 13 12 13 15 21 72 20 51 1000 45 73 23 31 71 42 66 
