epsilon_k[0] 0.0001
epsilon_k[1] 2.18e-05
epsilon_k[2] 7.08e-05
epsilon_k[3] 2.54e-05
epsilon_k[4] 1e-05
epsilon_k[5] 7.8e-06
epsilon_k[6] 2.18e-05
omega_x0 0.168
omega_y0 0.201
dx 0.01
n_theta 100
dtheta 0.015708
epsilon 44
max_turns 10000000
from_angle 50
to_angle 60
0.785398 1e+07 1e+07 1e+07 1e+07 1e+07 1e+07 1e+07 1e+07 1e+07 1e+07 1e+07 1e+07 1e+07 1e+07 1e+07 1e+07 1e+07 1e+07 1e+07 1e+07 1e+07 1e+07 1e+07 1e+07 1e+07 1e+07 1e+07 1e+07 1e+07 7.42961e+06 4.14996e+06 1.13275e+06 1.13275e+06 1.13275e+06 1.13275e+06 468462 468462 468462 468462 278027 278027 116713 116713 116713 116713 42043 42043 42043 28740 9129 9129 4327 4327 1146 1146 1146 1146 1146 277 
0.801106 1e+07 1e+07 1e+07 1e+07 1e+07 1e+07 1e+07 1e+07 1e+07 1e+07 1e+07 1e+07 1e+07 1e+07 1e+07 1e+07 1e+07 1e+07 1e+07 1e+07 1e+07 1e+07 1e+07 1e+07 1e+07 1e+07 1e+07 1e+07 3.81201e+06 3.81201e+06 3.47849e+06 1.59712e+06 1.59712e+06 1.03305e+06 1.03305e+06 1.03305e+06 819742 819742 819742 770673 770673 770673 57834 57834 57834 57834 6286 6286 4811 4811 4811 4811 4628 2925 2925 246 
0.816814 1e+07 1e+07 1e+07 1e+07 1e+07 1e+07 1e+07 1e+07 1e+07 1e+07 1e+07 1e+07 1e+07 1e+07 1e+07 1e+07 1e+07 1e+07 1e+07 1e+07 1e+07 1e+07 1e+07 1e+07 1e+07 1e+07 1e+07 1e+07 3.33868e+06 3.33868e+06 3.33868e+06 3.33868e+06 2.45988e+06 2.45988e+06 698533 698533 521250 521250 521250 521250 110622 110622 110622 110622 79303 20247 20247 5889 5889 5889 3342 2488 2488 2488 2322 982 
0.832522 1e+07 1e+07 1e+07 1e+07 1e+07 1e+07 1e+07 1e+07 1e+07 1e+07 1e+07 1e+07 1e+07 1e+07 1e+07 1e+07 1e+07 1e+07 1e+07 1e+07 1e+07 1e+07 1e+07 1e+07 1e+07 1e+07 1e+07 1e+07 1e+07 3.19314e+06 3.19314e+06 3.19314e+06 2.39498e+06 1.27638e+06 1.27638e+06 1.27638e+06 356469 356469 356469 158510 48985 48985 48985 48985 21524 14123 4841 4841 4841 4841 4841 4841 998 
0.84823 1e+07 1e+07 1e+07 1e+07 1e+07 1e+07 1e+07 1e+07 1e+07 1e+07 1e+07 1e+07 1e+07 1e+07 1e+07 1e+07 1e+07 1e+07 1e+07 1e+07 1e+07 1e+07 1e+07 1e+07 1e+07 1e+07 1e+07 1e+07 1e+07 1e+07 1e+07 1e+07 1e+07 951552 596991 596991 596991 596991 533026 112951 112951 112951 112951 86678 36654 28441 14914 6096 6096 6096 6096 3051 3051 3051 2740 1122 461 
0.863938 1e+07 1e+07 1e+07 1e+07 1e+07 1e+07 1e+07 1e+07 1e+07 1e+07 1e+07 1e+07 1e+07 1e+07 1e+07 1e+07 1e+07 1e+07 1e+07 1e+07 1e+07 1e+07 1e+07 1e+07 1e+07 1e+07 1e+07 1e+07 1e+07 1e+07 1e+07 2.469e+06 1.70823e+06 1.70823e+06 1.70823e+06 350698 350698 160393 160393 160393 160393 82456 38805 24980 24980 12244 12244 2992 2992 2992 2992 2992 2992 1958 371 
0.879646 1e+07 1e+07 1e+07 1e+07 1e+07 1e+07 1e+07 1e+07 1e+07 1e+07 1e+07 1e+07 1e+07 1e+07 1e+07 1e+07 1e+07 1e+07 1e+07 1e+07 1e+07 1e+07 1e+07 1e+07 1e+07 1e+07 1e+07 1e+07 1e+07 1e+07 1e+07 1e+07 6.35898e+06 4.69482e+06 2.29186e+06 1.36191e+06 1.36191e+06 1.36191e+06 200865 111655 38245 38245 36987 36987 36987 25917 25917 11443 11443 2825 2825 2825 2568 2568 2429 376 
0.895354 1e+07 1e+07 1e+07 1e+07 1e+07 1e+07 1e+07 1e+07 1e+07 1e+07 1e+07 1e+07 1e+07 1e+07 1e+07 1e+07 1e+07 1e+07 1e+07 1e+07 1e+07 1e+07 1e+07 1e+07 1e+07 1e+07 1e+07 1e+07 1e+07 1e+07 1e+07 1e+07 1e+07 9.45092e+06 869422 869422 869422 218887 154722 154722 154722 85787 65312 63383 14740 14740 14740 6282 6282 6282 2214 2214 2214 2214 2214 2214 463 
0.911062 1e+07 1e+07 1e+07 1e+07 1e+07 1e+07 1e+07 1e+07 1e+07 1e+07 1e+07 1e+07 1e+07 1e+07 1e+07 1e+07 1e+07 1e+07 1e+07 1e+07 1e+07 1e+07 1e+07 1e+07 1e+07 1e+07 1e+07 1e+07 1e+07 1e+07 1e+07 1e+07 1e+07 1e+07 6.41916e+06 1.50672e+06 731108 731108 418718 146895 146895 15560 13597 13597 13597 7614 7614 7614 5971 5971 3036 1654 1654 1003 926 
0.92677 1e+07 1e+07 1e+07 1e+07 1e+07 1e+07 1e+07 1e+07 1e+07 1e+07 1e+07 1e+07 1e+07 1e+07 1e+07 1e+07 1e+07 1e+07 1e+07 1e+07 1e+07 1e+07 1e+07 1e+07 1e+07 1e+07 1e+07 1e+07 1e+07 1e+07 1e+07 1e+07 1e+07 1e+07 1e+07 1e+07 7.45926e+06 323323 323323 29764 29764 28681 13137 13137 13137 6750 6750 1752 1752 1752 1419 1419 1220 1220 1220 774 
