epsilon_k[0] 0.1
epsilon_k[0] 2.18e-05
epsilon_k[0] 7.08e-05
epsilon_k[0] 2.54e-05
epsilon_k[0] 1e-05
epsilon_k[0] 7.8e-06
epsilon_k[0] 0.218
omega_x0 0.168
omega_y0 0.201
dx 0.01
n_theta 100
dtheta 0.00785398
epsilon 12
max_turns 10000000
from_angle 16
to_angle 24
0.125664 1e+07 1e+07 2649 1760 1448 819 
0.133518 1e+07 1e+07 2650 1760 1450 804 
0.141372 1e+07 1e+07 2651 1760 1451 799 
0.149226 1e+07 1e+07 2651 1760 1451 797 
0.15708 1e+07 1e+07 2652 1760 1453 804 
0.164934 1e+07 1e+07 2653 1760 1460 835 
0.172788 1e+07 1e+07 2654 1760 1486 834 
0.180642 1e+07 1e+07 2655 1760 1465 879 
