epsilon_k[0] 0.0001
epsilon_k[1] 2.18e-05
epsilon_k[2] 7.08e-05
epsilon_k[3] 2.54e-05
epsilon_k[4] 1e-05
epsilon_k[5] 7.8e-06
epsilon_k[6] 2.18e-05
omega_x0 0.168
omega_y0 0.201
dx 0.01
n_theta 100
dtheta 0.015708
epsilon 14
max_turns 10000000
from_angle 50
to_angle 55
0.785398 1e+07 1e+07 1e+07 1e+07 1e+07 1e+07 1e+07 1e+07 1e+07 1e+07 1e+07 1e+07 1e+07 1e+07 1e+07 1e+07 1e+07 1e+07 1e+07 1e+07 1e+07 1e+07 1e+07 1e+07 1e+07 1e+07 1e+07 1e+07 1e+07 1e+07 1e+07 1e+07 1e+07 1e+07 1e+07 1e+07 1e+07 1e+07 1e+07 5.63058e+06 2.77528e+06 7.42205e+06 1.41721e+06 1e+07 137107 1.3889e+06 49668 24745 207213 38377 2301 3827 34880 6351 3707 1564 1830 2941 135 90 204 405 80 936 222 512 43 652 20 13 12 11 11 11 10 10 10 10 10 10 10 10 10 9 9 9 9 9 9 9 9 9 10 10 10 10 11 12 16 12 
0.801106 1e+07 1e+07 1e+07 1e+07 1e+07 1e+07 1e+07 1e+07 1e+07 1e+07 1e+07 1e+07 1e+07 1e+07 1e+07 1e+07 1e+07 1e+07 1e+07 1e+07 1e+07 1e+07 1e+07 1e+07 1e+07 1e+07 1e+07 1e+07 1e+07 1e+07 1e+07 1e+07 1e+07 1e+07 1e+07 1e+07 1e+07 8.99324e+06 3.07692e+06 3.22645e+06 3.43169e+06 1e+07 656082 711639 85398 207255 217399 32636 65786 161214 4923 86476 3410 14114 1205 297 193 529 4058 288 64 215 401 46 165 89 100 63 20 14 12 11 11 11 11 10 10 10 10 10 10 10 10 10 10 11 12 12 16 12 13 17 15 11 11 11 14 13 12 11 
0.816814 1e+07 1e+07 1e+07 1e+07 1e+07 1e+07 1e+07 1e+07 1e+07 1e+07 1e+07 1e+07 1e+07 1e+07 1e+07 1e+07 1e+07 1e+07 1e+07 1e+07 1e+07 1e+07 1e+07 1e+07 1e+07 1e+07 1e+07 1e+07 1e+07 1e+07 1e+07 1e+07 1e+07 1e+07 1e+07 7.5166e+06 1e+07 3.78941e+06 5.39266e+06 1.28294e+06 399960 1.53384e+06 5.95419e+06 1.02394e+06 166900 806449 107720 295091 105550 9884 9332 3179 10526 9105 2632 7873 862 5290 1801 182 36 155 282 412 458 45 26 18 58 19 75 13 12 12 12 12 12 12 13 15 14 22 22 13 14 17 16 12 11 11 12 15 12 14 10 10 10 10 10 11 
0.832522 1e+07 1e+07 1e+07 1e+07 1e+07 1e+07 1e+07 1e+07 1e+07 1e+07 1e+07 1e+07 1e+07 1e+07 1e+07 1e+07 1e+07 1e+07 1e+07 1e+07 1e+07 1e+07 1e+07 1e+07 1e+07 1e+07 1e+07 1e+07 1e+07 1e+07 1e+07 1e+07 1e+07 1e+07 1e+07 1e+07 5.8867e+06 2.12396e+06 2.24649e+06 4.47016e+06 1.0766e+06 180889 178403 116980 54133 255428 210063 109326 52721 11024 3788 1757 3622 4193 842 6959 1512 815 917 123 41 97 412 88 46 90 105 151 48 19 18 18 17 21 29 31 25 23 14 14 20 14 16 12 11 12 13 18 13 19 11 10 10 13 12 12 10 9 9 8 
0.84823 1e+07 1e+07 1e+07 1e+07 1e+07 1e+07 1e+07 1e+07 1e+07 1e+07 1e+07 1e+07 1e+07 1e+07 1e+07 1e+07 1e+07 1e+07 1e+07 1e+07 1e+07 1e+07 1e+07 1e+07 1e+07 1e+07 1e+07 1e+07 1e+07 1e+07 1e+07 1e+07 1e+07 1e+07 1e+07 3.59777e+06 1e+07 1e+07 1.34696e+06 3.79881e+06 568307 119280 646471 34665 49113 1.31118e+06 242091 37267 61402 114819 12182 8625 19706 1373 1004 661 1293 571 800 226 513 174 19 21 28 98 226 37 34 39 87 93 16 32 23 15 46 24 15 15 12 12 12 16 20 14 19 12 14 16 12 11 10 10 9 8 7 7 7 7 
