epsilon_k[0]0.1
epsilon_k[0]2.18e-05
epsilon_k[0]7.08e-05
epsilon_k[0]2.54e-05
epsilon_k[0]1e-05
epsilon_k[0]7.8e-06
epsilon_k[0]0.218
omega_x01.75929
omega_y01.94779
dx 0.01
n_theta 100
dtheta 0.00785398
epsilon 16
max_turns 10000000
from_angle 40
to_angle 48
0.314159 1e+07 53543 6829 2135 1372 1066 906 
0.322013 1e+07 57363 6753 2231 1360 1072 901 
0.329867 1e+07 82035 6661 2161 1349 1056 900 
0.337721 1e+07 83892 6510 2154 1339 1044 898 
0.345575 1e+07 55080 6389 2093 1337 1042 897 
0.353429 1e+07 53553 6325 2075 1351 1042 897 
0.361283 1e+07 52650 6679 2096 1324 1003 898 
0.369137 1e+07 52669 5284 2118 1363 980 
