epsilon_k[0] 0.1
epsilon_k[0] 2.18e-05
epsilon_k[0] 7.08e-05
epsilon_k[0] 2.54e-05
epsilon_k[0] 1e-05
epsilon_k[0] 7.8e-06
epsilon_k[0] 0.218
omega_x0 0.28
omega_y0 0.31
dx 0.01
n_theta 100
dtheta 0.00785398
epsilon 10
max_turns 10000000
from_angle 24
to_angle 32
0.188496 1e+07 29880 23456 5067 1731 378 
0.19635 1e+07 30350 23430 5075 1732 386 
0.204204 1e+07 31031 23429 5482 1733 413 
0.212058 1e+07 35851 23414 7088 1733 657 
0.219911 1e+07 33209 23418 6252 1733 627 
0.227765 1e+07 29027 23486 6201 1733 734 
0.235619 1e+07 27937 23683 6226 1734 865 
0.243473 1e+07 28796 26459 8154 1739 838 
