epsilon_k[0] 0.0001
epsilon_k[1] 2.18e-05
epsilon_k[2] 7.08e-05
epsilon_k[3] 2.54e-05
epsilon_k[4] 1e-05
epsilon_k[5] 7.8e-06
epsilon_k[6] 2.18e-05
omega_x0 0.168
omega_y0 0.201
dx 0.01
n_theta 100
dtheta 0.015708
epsilon 40
max_turns 10000000
from_angle 45
to_angle 50
0.706858 1e+07 1e+07 1e+07 1e+07 1e+07 1e+07 1e+07 1e+07 1e+07 1e+07 1e+07 1e+07 1e+07 1e+07 1e+07 1e+07 1e+07 1e+07 1e+07 1e+07 1e+07 1e+07 1e+07 1e+07 1e+07 1e+07 1e+07 6.82216e+06 1e+07 1e+07 1e+07 1e+07 5.84215e+06 1e+07 1.81928e+06 6.70689e+06 1.65765e+06 7.98255e+06 3.92589e+06 2.09114e+06 4.77445e+06 1.07098e+06 2.77692e+06 196075 4.48615e+06 253454 142988 117298 10015 58896 5598 6355 10218 3577 24022 5609 721 230 772 150 320 260 179 106 51 150 114 1646 187 149 112 51 143 97 38 61 18 18 44 73 30 26 19 16 14 12 12 11 11 11 11 10 10 10 10 10 11 11 12 13 
0.722566 1e+07 1e+07 1e+07 1e+07 1e+07 1e+07 1e+07 1e+07 1e+07 1e+07 1e+07 1e+07 1e+07 1e+07 1e+07 1e+07 1e+07 1e+07 1e+07 1e+07 1e+07 1e+07 1e+07 1e+07 1e+07 1e+07 1e+07 1e+07 1e+07 1e+07 1e+07 9.78311e+06 8.5084e+06 6.45491e+06 1e+07 1.62316e+06 616917 3.09824e+06 969579 3.3975e+06 461043 903166 2.36779e+06 2.54034e+06 306620 627864 219740 45927 41664 113044 3479 19670 4531 9094 3859 7385 2301 461 2965 3101 2738 220 134 658 370 3006 56 191 184 63 207 28 68 43 185 20 13 12 11 11 11 10 10 10 10 10 9 9 9 9 9 9 9 9 9 9 9 9 9 9 
0.738274 1e+07 1e+07 1e+07 1e+07 1e+07 1e+07 1e+07 1e+07 1e+07 1e+07 1e+07 1e+07 1e+07 1e+07 1e+07 1e+07 1e+07 1e+07 1e+07 1e+07 1e+07 1e+07 1e+07 1e+07 1e+07 1e+07 1e+07 1e+07 1e+07 1e+07 1e+07 6.77387e+06 1e+07 3.23291e+06 7.39233e+06 2.14249e+06 9.99126e+06 4.23413e+06 2.82735e+06 1.34857e+06 8.53228e+06 4.1654e+06 2.178e+06 759661 1.59397e+06 275845 145130 198370 78135 27214 23392 5636 26548 746 3275 4873 1011 7716 2215 219 504 782 274 158 33 153 79 105 289 20 109 505 48 12 12 11 11 10 10 10 10 10 10 9 9 9 9 9 9 9 9 9 9 9 8 8 8 8 8 8 
0.753982 1e+07 1e+07 1e+07 1e+07 1e+07 1e+07 1e+07 1e+07 1e+07 1e+07 1e+07 1e+07 1e+07 1e+07 1e+07 1e+07 1e+07 1e+07 1e+07 1e+07 1e+07 1e+07 1e+07 1e+07 1e+07 1e+07 1e+07 1e+07 1e+07 1e+07 1e+07 5.93242e+06 2.55378e+06 3.20206e+06 983206 1e+07 2.94825e+06 716599 1.33628e+06 9.51166e+06 439082 714852 273499 205573 204034 95888 99467 249170 15871 57210 17716 12410 1968 11273 1346 307 1619 1245 1389 861 313 161 132 749 363 38 184 63 19 87 107 13 12 11 11 11 10 10 10 10 10 9 9 9 9 9 9 9 9 9 9 9 9 8 8 8 8 8 8 8 
0.76969 1e+07 1e+07 1e+07 1e+07 1e+07 1e+07 1e+07 1e+07 1e+07 1e+07 1e+07 1e+07 1e+07 1e+07 1e+07 1e+07 1e+07 1e+07 1e+07 1e+07 1e+07 1e+07 1e+07 1e+07 1e+07 1e+07 1e+07 1e+07 1e+07 1e+07 3.14662e+06 4.84315e+06 3.47022e+06 6.68423e+06 789854 867599 1e+07 376847 657852 910324 453945 1.72976e+06 543590 32499 1e+07 88554 22532 21213 150888 5641 109305 6056 19287 4588 3152 1052 206 759 7366 453 104 242 306 80 547 435 141 19 175 139 13 12 11 11 11 10 10 10 10 10 10 9 9 9 9 9 9 9 9 9 9 9 9 9 9 9 9 9 9 9 
