epsilon_k[0] 0.0001
epsilon_k[1] 2.18e-05
epsilon_k[2] 7.08e-05
epsilon_k[3] 2.54e-05
epsilon_k[4] 1e-05
epsilon_k[5] 7.8e-06
epsilon_k[6] 2.18e-05
omega_x0 0.168
omega_y0 0.201
dx 0.01
n_theta 100
dtheta 0.015708
epsilon 36
max_turns 10000000
from_angle 30
to_angle 35
0.471239 1e+07 1e+07 1e+07 1e+07 1e+07 1e+07 1e+07 1e+07 1e+07 1e+07 1e+07 1e+07 1e+07 1e+07 1e+07 1e+07 1e+07 1e+07 1e+07 1e+07 1e+07 1e+07 1e+07 1e+07 1e+07 1e+07 1e+07 1e+07 1e+07 1e+07 1e+07 1e+07 1e+07 1e+07 1e+07 1e+07 1e+07 7.99032e+06 4.80068e+06 1e+07 1e+07 1e+07 2.24314e+06 9.42546e+06 1.47318e+06 1e+07 1.06828e+06 1.13751e+06 534053 6.79177e+06 500791 48154 47964 5.18389e+06 11483 56937 17122 4217 2655 3759 4926 3412 402 40816 2062 471 145 685 229 152 149 209 750 111 85 80 44 133 37 64 31 35 76 38 61 31 59 114 27 30 23 51 14 13 13 13 18 16 14 13 
0.486947 1e+07 1e+07 1e+07 1e+07 1e+07 1e+07 1e+07 1e+07 1e+07 1e+07 1e+07 1e+07 1e+07 1e+07 1e+07 1e+07 1e+07 1e+07 1e+07 1e+07 1e+07 1e+07 1e+07 1e+07 1e+07 1e+07 1e+07 1e+07 1e+07 1e+07 1e+07 1e+07 1e+07 1e+07 1e+07 1e+07 1e+07 1e+07 1e+07 4.10069e+06 5.1666e+06 3.53821e+06 1e+07 3.20814e+06 6.32599e+06 3.19992e+06 228024 4.38701e+06 127403 2.78676e+06 296709 106720 35485 121884 160806 4262 7806 53901 2678 36001 749 3644 787 4771 8100 100 76 321 167 108 383 31 83 128 47 63 30 73 90 89 84 128 103 78 64 44 44 62 64 169 36 27 43 23 45 19 16 15 15 15 
0.502655 1e+07 1e+07 1e+07 1e+07 1e+07 1e+07 1e+07 1e+07 1e+07 1e+07 1e+07 1e+07 1e+07 1e+07 1e+07 1e+07 1e+07 1e+07 1e+07 1e+07 1e+07 1e+07 1e+07 1e+07 1e+07 1e+07 1e+07 1e+07 1e+07 1e+07 1e+07 1e+07 1e+07 8.21192e+06 9.87306e+06 1e+07 2.91843e+06 1e+07 1e+07 2.26246e+06 5.5444e+06 9.56758e+06 7.60297e+06 1.90856e+06 1.97317e+06 2.32286e+06 749374 1.46315e+06 2.14832e+06 327483 67842 339860 202075 15246 53903 5042 6620 3135 12823 99434 3785 557 411 3513 2275 236 5622 321 213 110 135 79 145 95 51 53 48 63 403 75 286 172 435 188 194 325 43 47 30 15 15 15 24 18 21 34 29 26 15 13 
0.518363 1e+07 1e+07 1e+07 1e+07 1e+07 1e+07 1e+07 1e+07 1e+07 1e+07 1e+07 1e+07 1e+07 1e+07 1e+07 1e+07 1e+07 1e+07 1e+07 1e+07 1e+07 1e+07 1e+07 1e+07 1e+07 1e+07 1e+07 1e+07 1e+07 1e+07 1e+07 1e+07 1e+07 1e+07 1e+07 1e+07 7.72124e+06 1e+07 5.48828e+06 1.23654e+06 2.76233e+06 3.49572e+06 588706 2.61229e+06 1e+07 1.6401e+06 1e+07 2.10496e+06 472103 533659 137610 70821 252364 39246 71981 12056 17988 5188 10758 8735 1099 888 7440 620 2328 861 429 605 1217 172 185 198 65 208 57 165 132 36 102 53 33 64 368 45 74 36 30 36 23 45 143 28 50 30 21 11 10 9 9 9 
0.534071 1e+07 1e+07 1e+07 1e+07 1e+07 1e+07 1e+07 1e+07 1e+07 1e+07 1e+07 1e+07 1e+07 1e+07 1e+07 1e+07 1e+07 1e+07 1e+07 1e+07 1e+07 1e+07 1e+07 1e+07 1e+07 1e+07 1e+07 1e+07 1e+07 1e+07 1e+07 1e+07 1e+07 1e+07 1e+07 4.50061e+06 1e+07 1e+07 1e+07 3.96097e+06 2.42252e+06 3.81188e+06 1e+07 1.94176e+06 1e+07 258059 3.13157e+06 4.58544e+06 2.42009e+06 148105 540353 39784 171723 21967 43704 21146 2288 13877 9819 5238 42180 3078 620 277 241 347 416 1687 333 262 390 1095 152 45 184 76 76 91 33 118 138 29 83 52 54 44 33 18 38 29 17 30 12 10 9 9 8 8 8 8 
