epsilon_k[0] 0.1
epsilon_k[0] 2.18e-05
epsilon_k[0] 7.08e-05
epsilon_k[0] 2.54e-05
epsilon_k[0] 1e-05
epsilon_k[0] 7.8e-06
epsilon_k[0] 0.218
omega_x0 0.31
omega_y0 0.32
dx 0.01
n_theta 100
dtheta 0.00785398
epsilon 4
max_turns 10000000
from_angle 56
to_angle 64
0.439823 1e+07 4.59245e+06 5024 4682 4026 3008 1695 1695 1695 1695 1250 1250 896 
0.447677 1e+07 250628 5151 4682 4034 3002 1731 1731 1731 1731 1261 1020 628 
0.455531 1e+07 671666 5685 4683 4174 3018 1809 1809 1809 1248 1248 1023 625 
0.463385 1e+07 903256 5610 4685 4604 2984 2066 2066 1674 1210 1194 911 
0.471239 1e+07 1.82299e+06 5553 4717 4681 2950 1840 1840 1269 1207 1048 750 
0.479093 1e+07 5.42464e+06 5553 4744 4744 2948 1682 1682 1210 1210 942 
0.486947 1e+07 2.25477e+06 5569 4746 4746 2946 1632 1632 1207 1183 799 
0.494801 1e+07 8.75887e+06 5595 4889 4889 2946 1620 1620 1199 1186 696 
