epsilon_k[0] 0.1
epsilon_k[0] 2.18e-05
epsilon_k[0] 7.08e-05
epsilon_k[0] 2.54e-05
epsilon_k[0] 1e-05
epsilon_k[0] 7.8e-06
epsilon_k[0] 0.218
omega_x0 0.28
omega_y0 0.31
dx 0.01
n_theta 100
dtheta 0.00785398
epsilon 1
max_turns 10000000
from_angle 88
to_angle 96
0.69115 1e+07 1e+07 3048 3048 1241 586 
0.699004 1e+07 1e+07 3047 3047 1241 586 
0.706858 1e+07 1e+07 3048 3048 1240 587 
0.714712 1e+07 1e+07 3045 3038 1240 588 
0.722566 1e+07 1e+07 3044 2895 1241 589 
0.73042 1e+07 1e+07 3043 2832 1242 590 
0.738274 1e+07 1e+07 3042 2767 1251 592 
0.746128 1e+07 1e+07 3042 2744 1254 595 
0.753982 1e+07 1e+07 3041 2740 1235 599 
