epsilon_k[0] 0.1
epsilon_k[0] 2.18e-05
epsilon_k[0] 7.08e-05
epsilon_k[0] 2.54e-05
epsilon_k[0] 1e-05
epsilon_k[0] 7.8e-06
epsilon_k[0] 0.218
omega_x0 0.168
omega_y0 0.201
dx 0.01
n_theta 100
dtheta 0.00785398
epsilon 14
max_turns 10000000
from_angle 88
to_angle 96
0.69115 1e+07 252578 16501 6170 3031 1488 837 
0.699004 1e+07 346514 16531 6244 2705 1492 911 
0.706858 1e+07 208501 16950 6262 2643 1474 869 
0.714712 1e+07 128620 17434 6343 2725 1473 877 
0.722566 1e+07 246304 18044 6635 2755 1472 879 
0.73042 1e+07 397734 18251 6495 2778 1473 884 
0.738274 1e+07 68824 17385 6599 2869 1474 871 
0.746128 1e+07 72948 16969 6636 3288 1480 875 
0.753982 1e+07 137743 16899 6738 3715 1486 875 
