epsilon_k[0]0.1
epsilon_k[0]2.18e-05
epsilon_k[0]7.08e-05
epsilon_k[0]2.54e-05
epsilon_k[0]1e-05
epsilon_k[0]7.8e-06
epsilon_k[0]0.218
omega_x01.94779
omega_y02.01062
dx 0.01
n_theta 100
dtheta 0.00785398
epsilon 14
max_turns 10000000
from_angle 48
to_angle 56
0.376991 1e+07 13574 5406 2939 1704 1704 328 
0.384845 1e+07 14063 5543 3084 2968 1615 329 
0.392699 1e+07 15078 5568 2922 1991 1991 330 
0.400553 1e+07 14370 5642 3015 1880 809 
0.408407 1e+07 14346 5617 3352 2065 949 
0.416261 1e+07 14589 5631 5519 2234 878 
0.424115 1e+07 14644 5661 3508 2148 871 
0.431969 1e+07 14926 5705 3345 2154 905 
