epsilon_k[0] 0.0001
epsilon_k[1] 2.18e-05
epsilon_k[2] 7.08e-05
epsilon_k[3] 2.54e-05
epsilon_k[4] 1e-05
epsilon_k[5] 7.8e-06
epsilon_k[6] 2.18e-05
omega_x0 0.168
omega_y0 0.201
dx 0.001
epsilon 1
max_turns 10000000
from_y 640
to_y 720
0.64 335 566 753 195 626 188 597 2744 2773 585 407 149 297 1180 385 350 452 259 231 217 5890 228 142 200 114 1650 164 1374 482 159 126 292 239 113 251 102 101 220 1007 149 162 249 203 130 456 253 70 197 78 101 94 100 140 67 172 84 121 426 51 115 71 63 210 113 191 125 282 303 70 95 97 88 197 137 566 1125 282 160 72 170 
0.641 543 523 299 289 115 261 466 462 651 1416 211 206 2295 205 758 171 169 175 286 280 419 362 263 359 379 352 195 94 738 230 480 138 61 100 71 3001 490 158 78 429 711 754 309 129 93 675 130 116 103 115 183 105 82 157 70 112 139 966 52 47 87 143 71 175 85 250 243 362 198 336 143 65 124 68 236 278 297 195 123 126 
0.642 598 4715 772 361 1111 194 2383 982 491 1086 830 9296 443 345 1110 1892 324 345 278 155 402 230 331 237 145 210 92 171 978 163 239 61 56 590 53 101 84 59 114 79 161 510 95 113 307 380 123 240 235 176 180 197 125 210 100 239 181 191 228 202 87 52 44 61 210 80 152 164 237 254 268 106 176 59 156 3815 336 134 86 70 
0.643 523 197 163 408 1538 298 253 363 1090 1255 742 1119 906 326 275 312 1686 160 270 733 229 3527 2633 482 150 159 194 301 294 634 451 71 77 106 91 86 53 71 88 371 180 392 1442 164 127 133 697 161 106 154 186 92 242 79 118 98 261 265 722 266 184 54 45 509 105 73 151 4688 109 182 173 63 270 270 113 179 247 119 95 113 
0.644 111 107 140 391 361 469 606 120 1546 726 143 1033 459 492 402 464 392 108 469 298 1095 190 3311 237 365 206 221 152 206 325 426 170 177 63 119 108 648 53 168 60 141 84 370 361 317 157 864 169 159 280 192 642 250 719 124 191 356 114 174 58 50 81 46 52 72 84 80 105 239 218 130 213 300 158 595 276 625 101 77 207 
0.645 222 167 133 303 541 173 282 510 222 201 523 680 271 437 182 104 137 1214 174 235 392 891 280 315 294 171 189 266 224 606 210 274 96 854 249 177 96 817 104 78 60 126 79 205 133 264 276 154 165 118 178 444 188 337 154 283 350 126 92 51 50 162 54 41 142 183 73 125 158 736 120 164 186 104 47 43 90 203 194 156 
0.646 379 224 113 86 774 145 167 470 258 481 306 277 326 666 3035 1014 583 450 141 360 315 185 148 885 135 105 162 119 216 141 96 91 235 199 137 116 128 69 286 96 312 60 291 110 114 227 103 123 288 214 94 90 571 198 155 96 232 188 65 120 71 54 104 98 55 79 70 81 129 618 86 132 219 103 42 1477 106 103 1774 132 
0.647 497 903 403 169 1951 126 348 212 180 633 381 282 1136 875 2044 1167 345 352 1585 100 181 1254 539 152 163 222 91 83 131 127 141 115 95 325 90 263 232 361 53 98 52 70 58 153 399 665 135 72 234 392 1583 330 333 503 196 91 120 281 109 60 100 164 2175 373 46 272 284 90 196 266 182 122 298 160 58 43 1245 143 66 74 
0.648 564 561 211 362 442 323 179 131 118 656 514 189 244 506 481 935 955 663 422 5791 493 178 2275 196 140 147 151 91 163 186 108 123 171 168 2776 116 240 175 110 342 53 103 137 105 104 175 180 101 90 194 107 82 135 107 63 200 85 146 221 179 60 133 96 157 79 78 142 62 362 115 194 219 80 442 345 44 145 371 131 81 
0.649 348 647 125 289 537 755 456 336 112 141 467 332 444 439 7567 242 1337 219 355 352 118 344 1562 766 137 640 216 83 122 163 365 307 1035 322 873 91 71 152 291 229 148 110 181 143 57 165 243 344 101 255 139 103 293 347 57 287 164 139 668 98 130 274 69 110 54 63 761 153 357 9015 222 151 961 72 58 39 198 2735 414 70 
0.65 108 292 621 130 186 103 320 307 164 97 132 135 309 434 488 580 267 311 1198 293 194 167 179 378 286 2233 809 130 477 164 67 248 307 271 711 236 306 209 171 208 266 150 67 205 157 82 135 158 1000 261 183 613 279 122 3064 61 91 173 296 72 58 88 56 97 164 40 442 408 107 160 386 106 188 149 183 74 453 191 805 56 
0.651 239 220 310 162 475 160 356 161 337 324 457 102 197 532 849 160 718 276 1960 128 212 201 353 331 230 156 140 88 227 155 182 185 142 182 368 224 175 124 146 254 71 255 272 71 100 219 111 138 226 121 93 129 231 140 253 69 168 98 405 182 107 220 70 245 45 54 109 165 156 130 88 70 114 132 229 62 359 183 81 128 
0.652 89 138 536 228 150 225 442 190 397 278 139 172 97 97 168 224 199 175 462 703 485 1248 100 159 148 217 372 112 84 100 871 1492 172 417 242 128 292 570 170 382 190 186 95 136 298 247 2042 215 101 296 104 348 334 123 768 106 98 164 91 200 315 64 66 71 39 55 121 280 71 90 233 192 439 278 243 54 37 468 65 172 
0.653 204 96 417 195 255 231 322 205 396 139 134 248 665 428 107 231 913 152 230 334 1291 210 214 137 254 263 140 104 123 233 211 145 365 178 164 282 142 796 240 202 117 2810 115 66 124 353 176 150 145 100 113 101 84 202 93 134 103 77 375 226 104 51 89 46 88 121 114 328 66 100 84 108 115 270 154 114 35 63 97 85 
0.654 120 595 154 276 306 275 154 221 143 424 283 211 146 248 192 247 480 502 432 337 225 249 520 854 455 227 210 1231 202 317 68 1070 137 189 365 244 407 274 544 157 142 277 244 200 81 88 173 65 64 912 185 756 970 76 590 130 748 70 120 87 337 92 81 144 51 53 173 97 303 500 174 104 97 95 108 63 35 244 61 128 
0.655 302 71 215 182 190 166 311 142 147 156 133 133 102 120 95 143 111 123 553 268 305 205 1712 6212 782 112 372 255 90 89 141 1388 127 159 306 174 178 329 185 119 341 395 216 1006 238 293 84 821 201 345 5737 103 149 116 896 266 234 157 193 95 158 238 93 55 208 58 245 38 213 67 188 79 132 70 76 41 35 298 78 79 
0.656 135 228 103 88 268 113 275 238 219 77 148 287 87 451 98 120 446 107 94 478 333 478 1085 124 149 129 190 91 1482 84 200 164 292 158 455 298 336 114 154 208 210 192 359 639 215 248 62 476 91 60 61 90 186 112 267 78 200 165 300 48 46 177 90 111 66 54 78 54 78 89 96 258 81 486 119 95 35 120 137 71 
0.657 257 121 157 225 103 340 375 320 177 147 261 217 95 114 448 128 87 135 157 838 1547 173 128 582 258 374 343 1079 255 207 251 668 111 242 203 225 386 445 77 213 187 197 144 115 457 237 267 90 100 395 94 65 311 133 147 147 103 142 889 74 114 364 116 91 154 50 35 84 56 74 87 182 152 365 180 68 35 361 203 169 
0.658 358 117 97 93 70 122 271 284 170 118 121 314 91 111 154 188 95 86 125 190 99 1313 266 188 6032 2038 346 252 147 65 189 2728 268 174 510 470 143 338 223 174 133 765 202 141 222 260 647 189 410 93 299 138 85 94 164 164 91 236 246 93 83 47 53 102 106 99 34 40 38 138 157 81 212 92 70 125 35 177 100 90 
0.659 304 144 90 90 134 89 135 159 133 162 277 126 260 118 172 93 107 136 89 88 169 473 229 313 320 159 511 70 288 221 691 1535 168 275 132 2613 1402 224 180 345 396 410 3310 116 176 339 217 399 150 165 1201 118 59 84 85 939 249 267 238 148 58 96 140 66 123 126 53 33 267 149 464 1376 184 234 161 85 35 36 70 80 
0.66 233 180 127 213 106 126 143 70 113 74 151 110 86 680 178 217 99 161 140 108 85 102 151 563 149 1682 530 293 172 91 71 121 407 480 293 283 145 207 433 263 147 126 487 686 286 2506 137 393 103 314 140 206 130 81 350 146 70 108 67 112 60 82 65 156 76 129 53 32 39 83 64 68 226 147 111 198 35 37 146 150 
0.661 414 338 119 336 171 280 128 87 78 278 193 77 94 119 127 799 172 113 194 93 214 96 120 404 436 1017 595 616 75 3420 134 293 206 213 312 264 138 412 410 215 117 911 138 171 204 204 193 135 279 182 116 74 211 143 541 250 103 132 98 208 68 88 81 191 51 53 60 32 154 40 162 82 181 81 358 66 43 80 104 95 
0.662 159 163 139 130 254 73 170 122 111 112 165 117 118 158 187 170 127 133 253 188 123 105 1111 202 92 164 1846 821 1396 71 258 85 320 683 211 222 116 218 155 236 108 96 355 724 1048 241 414 319 161 4035 110 108 194 127 152 180 138 168 67 266 290 64 144 47 295 3621 40 32 32 114 368 185 66 52 74 87 81 110 195 84 
0.663 54 300 263 369 443 131 143 231 94 94 71 156 109 256 466 159 155 77 134 104 99 103 86 108 315 87 209 194 939 294 244 148 100 209 752 429 108 132 89 161 191 884 647 178 198 128 84 275 237 123 235 162 210 519 509 86 106 222 194 251 100 643 80 46 98 86 52 121 32 40 106 52 154 214 234 128 40 875 57 94 
0.664 165 199 102 211 90 405 118 3929 139 111 418 254 112 136 91 99 119 91 135 221 89 101 205 124 121 147 223 195 345 9257 308 223 111 114 528 102 973 140 195 244 188 118 77 356 162 2165 68 303 154 325 240 3671 233 305 1052 635 154 284 847 96 147 179 110 57 264 51 108 48 32 34 278 119 47 106 223 274 49 318 99 209 
0.665 204 99 765 71 387 334 95 114 208 133 759 172 94 150 231 192 67 97 283 126 136 129 143 110 116 330 112 234 196 1102 181 156 106 173 140 121 141 145 135 149 140 80 213 2772 84 172 192 233 472 217 401 201 264 1311 656 110 133 216 78 124 336 114 192 68 42 239 128 77 32 32 310 143 263 2322 185 80 205 63 165 104 
0.666 153 128 282 132 58 128 188 121 154 175 503 80 765 190 105 312 116 66 107 131 385 109 142 211 93 102 105 165 374 948 217 112 270 164 107 210 101 97 170 148 112 853 146 1333 224 271 512 92 78 148 105 365 273 1277 309 857 445 614 124 65 148 152 258 92 121 536 62 73 32 32 52 61 248 63 122 115 95 112 36 111 
0.667 48 171 65 284 1148 176 85 101 119 191 83 371 87 553 567 163 213 60 86 125 167 311 122 74 177 85 188 262 1077 182 193 224 104 116 226 222 3015 155 313 206 108 156 357 177 270 66 141 103 552 231 108 75 282 275 151 104 141 159 132 511 99 97 266 207 63 41 72 50 103 32 72 191 127 170 72 46 107 35 37 130 
0.668 60 41 73 462 123 94 126 78 262 131 216 344 350 111 70 110 291 60 265 81 176 128 333 156 200 149 85 77 235 120 434 129 201 106 184 118 228 321 481 126 224 322 73 291 73 219 909 216 172 461 132 104 101 82 2543 243 148 1479 368 170 65 158 130 196 93 76 97 101 103 32 32 38 336 71 40 82 54 35 93 193 
0.669 115 105 108 40 120 75 103 219 100 184 123 145 271 217 63 124 134 140 132 69 107 161 93 141 344 143 97 86 337 118 229 146 472 339 426 254 235 293 392 181 187 76 144 246 119 302 656 192 105 312 334 123 809 331 177 336 181 724 303 121 121 178 206 127 121 76 58 129 110 32 32 151 202 53 59 422 270 57 232 122 
0.67 106 43 170 153 92 40 96 161 4177 130 52 390 286 79 118 65 114 129 161 74 100 61 75 122 311 143 106 271 149 141 193 209 370 321 206 101 226 120 513 644 360 120 82 85 166 230 225 579 327 807 258 193 167 159 109 368 104 131 219 125 134 72 345 124 280 53 165 88 77 33 32 65 113 63 549 107 581 139 205 76 
0.671 115 7861 61 49 57 141 105 65 116 92 4204 183 136 140 142 170 78 117 94 86 96 325 61 100 137 102 122 75 114 125 247 119 169 126 94 167 236 115 194 249 155 102 198 307 364 303 54 117 354 66 258 97 367 483 1487 79 188 256 183 370 171 180 88 169 136 154 53 320 79 178 32 32 222 82 53 56 228 51 119 223 
0.672 130 89 1809 105 133 46 61 233 40 196 159 315 226 83 112 98 208 175 72 86 116 240 96 114 156 142 104 192 94 199 620 83 104 331 332 392 1011 47 409 125 91 85 104 489 516 187 98 290 192 539 206 312 77 715 366 126 352 201 159 70 98 354 137 376 74 418 70 48 51 68 32 32 45 83 90 38 96 110 143 56 
0.673 50 182 110 90 94 219 76 97 244 89 42 159 75 146 133 205 404 84 121 190 162 148 130 87 98 86 210 185 205 102 105 506 236 130 429 598 203 141 996 307 83 178 274 73 98 330 61 54 168 442 92 78 236 202 169 63 267 139 631 445 71 165 91 148 127 153 91 50 91 72 32 32 66 111 55 60 67 68 77 111 
0.674 159 50 68 87 87 92 136 50 67 386 137 40 46 181 144 88 122 272 80 87 183 405 506 79 93 237 171 341 861 180 77 139 167 209 117 260 1823 131 47 295 78 84 169 74 174 189 197 460 393 86 210 95 205 82 224 152 169 323 143 152 85 78 109 324 178 121 399 75 125 91 111 33 43 69 83 40 292 217 136 386 
0.675 71 71 76 49 49 81 161 66 232 123 181 98 449 70 118 231 123 75 214 133 130 160 247 78 178 87 98 135 176 226 370 87 218 1414 157 230 125 172 130 62 464 324 113 278 151 92 1780 69 181 156 78 133 67 121 139 194 228 153 131 254 84 59 108 137 115 248 101 112 64 73 38 33 32 118 269 136 339 79 35 36 
0.676 260 73 83 54 126 89 61 61 205 77 41 59 60 61 40 412 137 93 66 131 258 301 111 107 156 71 175 90 253 66 364 134 101 492 182 106 396 121 577 47 240 113 203 178 180 105 251 272 156 481 59 69 1228 184 2051 120 317 173 122 105 286 92 103 157 168 91 234 119 46 415 51 32 32 80 235 174 163 211 35 41 
0.677 66 87 54 60 108 60 177 147 70 80 90 279 1214 67 65 40 46 139 223 576 629 100 116 228 331 699 172 114 110 167 95 130 185 94 115 81 276 132 221 246 735 505 210 69 161 137 887 54 148 151 93 493 298 202 202 183 87 111 62 482 129 55 106 72 170 116 266 232 52 94 165 32 61 191 105 119 38 124 41 75 
0.678 84 58 81 75 66 89 72 193 93 55 83 115 291 67 160 54 70 81 111 238 69 95 88 70 416 292 207 423 98 1048 91 271 112 144 293 126 209 72 359 168 45 219 575 110 131 103 64 68 276 355 72 158 275 682 459 109 189 153 133 580 65 173 63 197 306 91 208 116 88 47 73 80 47 34 290 125 58 129 56 114 
0.679 60 72 91 69 65 55 91 83 86 104 69 71 90 342 58 158 68 150 49 106 244 123 92 113 96 158 100 80 86 495 85 77 101 166 96 98 169 107 132 224 88 59 139 104 237 146 110 117 90 131 156 142 424 90 110 403 213 758 122 93 157 81 56 545 260 112 156 92 142 130 113 60 41 32 91 77 54 53 71 61 
0.68 182 214 85 66 64 86 61 64 71 77 53 76 319 160 52 115 54 69 144 40 78 278 61 68 102 100 111 142 139 66 907 126 78 79 287 173 117 361 88 158 163 45 275 243 722 255 366 154 55 55 100 107 195 180 297 197 98 98 403 105 116 120 81 68 1133 166 164 123 147 143 47 231 32 34 203 123 70 71 82 52 
0.681 143 229 94 160 192 66 130 72 85 114 65 96 109 105 65 107 97 87 46 54 39 65 278 708 84 391 178 64 103 198 144 253 97 181 140 121 113 151 219 462 393 108 369 216 179 185 134 67 387 421 118 46 61 2518 134 76 60 132 311 161 252 47 2086 73 166 345 157 59 234 261 49 132 32 56 69 89 180 119 208 57 
0.682 64 92 388 90 78 72 93 73 58 103 55 69 105 63 50 49 99 61 41 86 91 40 49 95 161 194 98 362 245 156 69 82 97 111 87 66 167 139 191 640 83 131 65 697 206 117 148 1520 8432 333 205 75 132 67 86 79 181 127 273 162 197 74 61 53 191 113 67 95 198 196 80 85 54 432 34 103 63 84 102 174 
0.683 103 131 105 343 77 150 93 76 235 90 374 107 55 92 73 108 130 93 112 50 76 40 67 45 119 2655 81 97 305 799 149 87 165 289 90 98 83 287 76 82 83 170 108 128 368 198 215 191 392 120 227 130 49 234 181 92 189 284 76 136 55 321 91 258 81 233 181 55 178 74 106 101 69 45 32 169 129 45 141 35 
0.684 91 190 80 207 63 145 235 86 78 294 82 88 111 128 81 80 64 78 89 80 96 101 41 170 45 184 99 317 210 139 122 224 87 144 159 191 123 214 497 121 203 221 105 57 163 97 205 181 100 53 4296 47 498 292 101 63 476 2651 123 100 46 74 103 97 125 130 142 218 80 84 309 298 358 32 100 94 124 93 109 163 
0.685 216 88 156 164 118 71 110 147 100 60 114 275 94 70 61 58 54 54 49 49 132 353 84 77 54 45 612 95 385 180 179 135 93 82 235 179 467 133 226 262 127 196 475 97 52 82 112 112 178 154 270 61 157 177 53 399 69 166 103 577 111 182 215 139 80 176 165 76 226 96 171 54 44 35 93 90 174 38 121 63 
0.686 152 134 146 308 106 101 116 142 85 63 86 87 65 91 60 64 189 61 76 139 93 135 107 79 82 109 45 281 125 124 117 107 128 50 96 168 205 242 120 271 183 96 266 234 475 117 305 1067 253 100 119 152 141 230 63 117 172 45 48 373 376 75 110 218 53 70 95 96 69 95 113 528 148 53 208 69 130 125 465 48 
0.687 134 117 262 92 129 112 202 188 205 213 79 180 77 117 108 91 63 57 84 70 627 70 61 65 96 67 50 57 926 134 135 114 79 100 169 89 107 909 100 436 106 196 75 300 53 219 98 298 128 144 1190 114 96 152 60 8541 87 42 42 128 267 197 652 42 72 253 204 53 88 128 115 66 41 101 130 32 173 60 80 128 
0.688 153 175 147 90 90 864 217 99 160 122 184 100 203 159 133 437 146 65 75 64 97 85 132 121 52 43 173 62 117 288 161 193 220 100 157 57 76 112 282 504 64 98 187 77 193 195 81 2393 328 109 151 116 87 139 119 86 42 193 91 90 52 110 164 61 183 359 146 88 76 143 154 152 68 124 32 293 52 206 38 123 
0.689 218 156 80 189 64 131 204 268 523 178 154 130 187 486 167 78 65 143 101 108 76 91 52 50 89 70 40 156 56 80 98 92 367 590 75 51 236 110 173 350 89 226 375 99 191 150 313 71 139 314 124 79 1957 170 189 71 88 47 45 347 35 241 136 66 84 61 67 57 69 61 50 89 123 80 64 536 89 125 352 66 
0.69 215 111 156 702 79 81 289 194 76 85 141 63 79 80 101 195 79 76 74 80 104 65 70 88 87 141 57 49 41 55 380 54 48 310 115 165 88 272 77 90 138 115 423 603 134 187 132 125 153 316 216 123 319 127 127 45 114 74 37 63 4799 73 1039 101 68 44 85 40 285 248 92 75 565 1086 45 67 40 362 81 525 
0.691 299 568 133 117 730 801 145 94 124 265 147 93 116 80 217 106 146 205 115 147 97 85 113 76 61 81 119 121 128 40 59 190 114 78 274 108 42 48 50 157 389 234 130 655 4403 79 199 151 67 195 227 554 432 46 120 268 154 96 37 29 29 29 96 83 47 406 268 226 52 68 65 150 171 127 204 112 33 91 875 181 
0.692 299 189 298 237 110 441 101 274 139 68 100 368 107 137 270 216 126 238 305 92 97 72 102 186 71 76 91 62 108 12079 40 88 142 234 171 115 117 69 38 301 116 125 105 64 124 106 278 146 73 102 231 134 2703 272 204 49 54 359 31 29 28 28 28 36 170 46 41 81 39 80 139 136 53 127 83 33 33 251 213 59 
0.693 232 208 384 398 166 146 130 392 239 82 93 163 225 251 85 140 283 144 246 186 200 124 85 94 66 60 136 60 113 86 504 40 68 158 158 140 52 56 36 37 163 843 83 92 216 454 137 287 53 80 257 94 84 126 99 52 93 37 30 29 28 28 27 28 365 34 156 170 184 189 64 109 79 146 108 33 130 85 170 53 
0.694 264 307 111 156 1796 323 223 131 74 192 80 139 232 176 158 513 81 203 167 318 357 204 132 130 109 72 66 143 54 56 73 79 43 54 53 119 52 84 60 36 40 68 147 144 98 79 186 61 371 99 133 145 196 152 40 100 499 45 29 281 32 28 27 27 28 192 143 39 68 39 132 84 483 162 94 56 124 305 80 40 
0.695 34 34 55 64 168 824 448 1524 176 253 102 321 398 270 57 81 73 185 215 313 444 145 397 118 180 78 76 193 119 99 70 342 163 173 40 68 60 91 163 37 38 92 146 75 176 93 65 91 156 57 1427 405 207 145 46 195 783 36 29 140 36 58 28 27 27 28 54 53 35 484 98 138 169 585 57 53 98 65 62 47 
0.696 45 72 39 34 162 182 83 310 172 233 151 138 395 210 358 302 298 82 123 332 166 131 145 109 150 1158 276 275 105 74 54 53 66 87 65 41 76 92 105 150 37 78 681 65 132 115 133 115 55 76 98 173 132 74 74 155 224 104 29 37 182 169 71 28 27 27 28 35 98 241 45 98 143 79 89 97 125 33 143 63 
0.697 69 251 59 45 51 34 79 45 140 170 165 190 135 108 142 456 72 189 158 270 168 217 427 83 115 247 446 78 278 708 118 623 79 49 66 51 60 59 186 106 103 175 38 95 104 78 65 451 260 60 44 134 426 350 104 98 93 194 29 519 35 36 150 93 27 27 27 35 57 33 46 212 182 48 910 88 31 40 78 127 
0.698 214 60 47 308 63 57 53 34 630 186 465 156 377 370 137 190 259 104 60 88 110 228 159 484 169 206 145 115 113 166 229 161 242 62 60 91 45 190 73 75 294 36 52 37 107 58 66 80 68 202 128 113 182 146 123 125 109 106 28 48 76 325 94 34 37 27 27 27 138 71 117 62 64 52 107 659 65 197 155 97 
0.699 52 34 51 107 76 91 51 65 44 34 61 53 125 321 421 145 332 101 251 174 95 68 139 97 118 396 252 173 464 445 100 71 2347 138 95 81 76 56 179 166 49 64 103 62 562 78 130 327 249 97 59 44 235 94 204 180 60 200 28 36 40 177 137 177 34 28 27 27 28 116 33 77 145 181 104 50 59 68 61 124 
0.7 182 100 49 63 35 67 45 48 66 91 39 34 40 70 188 416 727 189 67 180 68 420 68 86 139 167 163 585 167 228 1149 140 187 79 134 123 50 383 61 90 106 133 102 51 96 201 122 255 106 62 182 79 112 306 136 67 72 210 29 942 150 132 163 87 170 61 27 26 27 34 2912 531 62 176 81 255 42 111 61 130 
0.701 31 58 105 251 814 38 34 46 45 62 77 42 41 35 170 123 135 453 397 237 86 172 104 124 173 127 172 179 1348 94 78 99 222 74 117 95 270 50 212 41 169 97 167 37 47 38 203 114 63 290 127 42 44 168 561 459 96 67 610 29 80 981 34 87 33 600 36 27 26 27 34 84 39 192 120 43 80 32 33 354 
0.702 33 79 32 49 32 94 78 52 42 60 47 55 106 111 34 178 151 245 137 141 269 53 199 75 97 82 84 200 181 159 119 166 230 63 177 197 109 95 50 40 75 58 87 77 198 122 139 693 97 77 68 202 160 83 102 130 56 34 100 28 63 35 39 209 76 33 65 28 26 26 35 139 62 76 620 50 43 88 384 134 
0.703 26 26 27 43 45 31 188 88 207 87 55 54 59 133 51 43 34 56 167 244 169 242 54 107 75 109 91 141 158 766 377 70 469 199 7602 98 146 266 103 63 45 40 131 160 62 122 61 76 134 404 96 61 41 418 134 112 121 40 65 27 34 34 46 119 82 67 112 42 27 26 27 33 35 66 127 271 99 112 158 141 
0.704 49 29 27 26 26 27 38 44 42 32 67 104 56 53 53 98 44 34 60 57 998 289 79 62 117 98 72 206 73 207 152 88 200 109 190 139 97 90 180 317 50 88 102 271 107 37 89 37 280 60 90 96 165 467 97 391 163 54 104 28 86 93 367 47 117 74 42 49 29 26 26 50 82 38 163 130 120 96 46 117 
0.705 80 47 55 181 385 27 26 26 28 38 32 31 89 52 35 48 111 149 48 35 197 423 143 152 143 108 72 137 111 91 203 141 208 149 84 137 175 83 238 161 339 121 41 85 120 79 102 40 75 139 198 75 61 42 74 212 185 185 33 89 30 202 67 80 121 456 69 36 42 27 26 27 56 51 70 133 77 49 68 169 
0.706 45 38 42 111 73 186 104 789 27 26 27 33 32 31 91 130 33 50 111 39 34 77 112 120 62 212 59 60 74 182 98 157 293 225 272 236 83 77 97 119 56 168 66 41 96 43 217 67 77 64 86 176 78 120 58 124 103 330 164 33 27 254 92 136 133 146 316 55 253 31 26 26 39 32 49 94 39 66 31 33 
0.707 82 46 216 65 44 101 70 49 74 271 27 26 27 32 32 58 222 119 51 52 134 61 109 83 815 287 171 57 120 76 85 267 389 98 124 98 109 65 81 107 127 167 177 59 40 80 110 37 37 124 66 92 106 79 42 45 147 201 219 53 27 94 75 206 106 52 81 336 117 58 27 26 27 173 31 84 128 179 36 166 
0.708 27 35 49 31 43 154 106 136 49 89 76 89 28 26 27 36 35 41 75 35 45 72 146 34 330 433 99 1003 59 77 234 117 154 162 211 291 136 78 147 107 91 97 86 79 77 46 98 143 214 54 80 150 62 226 76 59 180 235 126 40 36 54 48 141 71 106 106 2130 59 74 29 26 26 49 49 133 935 62 46 52 
0.709 37 62 50 28 27 40 68 90 74 58 70 83 116 32 28 26 27 42 70 123 40 216 75 45 34 74 536 110 200 52 69 91 311 313 310 250 87 80 107 90 49 54 69 137 117 41 348 80 60 80 78 88 84 227 73 42 89 79 69 223 345 28 39 55 129 506 62 78 70 95 41 27 26 27 118 78 76 86 61 227 
0.71 47 29 68 174 50 47 118 27 53 31 54 397 45 51 110 33 27 26 30 60 49 58 43 47 252 42 40 105 249 210 53 47 165 191 391 106 59 109 138 133 104 53 99 160 171 90 79 209 74 37 99 208 62 128 111 87 108 130 139 114 57 27 102 74 96 223 114 309 59 51 162 28 26 26 88 30 68 78 67 234 
0.711 23 24 305 81 44 29 34 46 54 153 27 33 74 67 121 52 74 53 27 26 39 51 588 40 46 173 83 41 172 192 105 70 472 47 193 571 80 73 122 77 82 97 67 60 70 193 74 41 138 48 340 74 78 159 133 63 42 71 339 77 151 28 57 93 58 47 60 54 73 86 51 42 26 26 27 68 66 105 120 31 
0.712 21 21 22 22 22 23 38 92 31 46 39 57 27 53 78 83 99 210 87 66 26 27 132 68 72 35 95 39 34 181 309 222 297 76 53 342 98 279 166 99 168 52 84 53 83 124 384 76 88 93 38 71 166 48 59 329 56 48 328 369 102 71 134 40 166 266 80 56 67 44 40 55 27 26 26 51 44 352 69 153 
0.713 21 21 21 21 21 21 22 22 23 54 59 29 67 64 27 52 65 78 92 56 54 42 26 36 35 77 69 293 204 34 592 315 386 1221 44 116 147 136 128 208 87 50 55 133 80 213 70 95 61 113 42 37 39 88 49 1515 59 431 187 197 185 57 27 47 302 178 106 42 39 58 96 42 43 26 26 37 30 57 47 63 
0.714 21 21 21 21 21 21 21 21 21 22 22 25 229 29 60 73 27 42 78 136 64 44 34 27 27 48 68 55 41 73 35 99 244 158 48 42 86 235 127 329 80 70 51 54 51 66 75 139 100 81 908 51 95 158 62 104 74 96 1374 87 104 116 27 92 64 133 81 33 32 117 39 83 63 27 26 26 39 405 49 45 
0.715 21 21 21 21 21 21 21 21 21 21 21 22 22 24 30 30 44 73 27 33 255 53 86 75 47 26 58 37 91 92 434 72 176 221 770 42 42 104 130 57 292 52 52 146 64 51 96 63 93 114 40 102 38 76 85 62 177 53 94 240 46 327 58 33 40 91 12951 52 33 49 39 70 98 28 26 26 45 48 236 126 
0.716 20 20 20 21 21 21 21 21 21 21 21 21 21 21 22 23 112 30 56 54 27 32 114 46 94 109 27 27 32 133 40 86 69 40 116 330 41 42 173 169 1161 167 58 86 54 87 111 67 69 151 141 63 58 302 36 123 88 107 56 75 492 103 45 27 60 99 183 29 36 31 59 53 44 77 26 26 27 42 41 138 
0.717 21 21 21 21 21 21 21 21 21 21 21 21 21 21 21 21 22 23 30 29 69 84 29 104 84 82 64 138 26 39 43 55 45 40 73 283 123 41 43 110 115 107 179 100 53 104 61 102 77 73 114 154 220 38 58 53 92 88 51 100 106 4434 253 26 86 189 423 27 27 72 59 42 126 34 27 26 26 36 39 47 
0.718 21 21 21 21 21 21 21 21 21 21 21 21 21 21 21 21 21 21 22 24 54 204 94 28 232 181 1177 185 33 26 46 37 116 49 67 85 108 184 41 81 68 117 55 95 53 37 35 47 221 101 200 62 47 47 126 71 41 48 69 73 234 119 91 49 55 275 46 27 27 27 31 55 55 124 27 26 26 47 182 70 
0.719 21 21 21 21 21 21 21 21 21 21 21 21 21 21 21 21 21 21 21 22 22 25 48 43 59 27 63 120 42 41 28 27 32 97 115 64 36 348 249 41 61 97 71 114 67 214 133 34 47 105 57 62 104 59 90 67 42 48 57 52 42 203 168 32 27 49 86 27 113 28 43 56 44 80 28 27 26 27 39 65 
