epsilon_k[0] 0.0001
epsilon_k[1] 2.18e-05
epsilon_k[2] 7.08e-05
epsilon_k[3] 2.54e-05
epsilon_k[4] 1e-05
epsilon_k[5] 7.8e-06
epsilon_k[6] 2.18e-05
omega_x0 0.168
omega_y0 0.201
dx 0.01
n_theta 100
dtheta 0.015708
epsilon 10
max_turns 10000000
from_angle 50
to_angle 55
0.785398 1e+07 1e+07 1e+07 1e+07 1e+07 1e+07 1e+07 1e+07 1e+07 1e+07 1e+07 1e+07 1e+07 1e+07 1e+07 1e+07 1e+07 1e+07 1e+07 1e+07 1e+07 1e+07 1e+07 1e+07 1e+07 1e+07 1e+07 1e+07 1e+07 1e+07 1e+07 1e+07 1e+07 1e+07 1e+07 1e+07 1e+07 1e+07 1e+07 2.5927e+06 1e+07 905479 1.06026e+06 1.22753e+06 541839 125690 139525 160413 189882 7327 10889 2313 11390 1987 1112 1460 8726 1240 391 266 263 259 71 146 886 93 20 513 112 13 12 11 11 11 10 10 10 10 10 10 10 10 10 9 9 9 9 9 9 9 9 9 10 10 10 10 11 12 14 12 
0.801106 1e+07 1e+07 1e+07 1e+07 1e+07 1e+07 1e+07 1e+07 1e+07 1e+07 1e+07 1e+07 1e+07 1e+07 1e+07 1e+07 1e+07 1e+07 1e+07 1e+07 1e+07 1e+07 1e+07 1e+07 1e+07 1e+07 1e+07 1e+07 1e+07 1e+07 1e+07 1e+07 1e+07 1e+07 1e+07 1e+07 1e+07 1e+07 1e+07 1.41589e+06 3.41433e+06 497992 1.30067e+06 253480 214483 392154 73093 64450 6.96974e+06 5500 4744 18280 5671 3966 11259 306 517 285 647 85 38 235 314 214 64 175 24 39 20 14 12 11 11 11 11 10 10 10 10 10 10 10 10 10 11 11 12 12 15 12 13 15 13 11 11 11 16 13 13 11 
0.816814 1e+07 1e+07 1e+07 1e+07 1e+07 1e+07 1e+07 1e+07 1e+07 1e+07 1e+07 1e+07 1e+07 1e+07 1e+07 1e+07 1e+07 1e+07 1e+07 1e+07 1e+07 1e+07 1e+07 1e+07 1e+07 1e+07 1e+07 1e+07 1e+07 1e+07 1e+07 1e+07 1e+07 1e+07 1e+07 1e+07 1e+07 1e+07 1e+07 167056 312338 1e+07 1.31236e+06 73127 89663 101451 260658 33226 418279 22757 2198 2691 1930 2571 1539 888 888 359 75 346 100 66 55 142 379 75 60 18 47 19 22 13 12 12 12 12 12 12 13 16 14 17 16 13 14 15 19 12 11 11 12 22 13 15 10 10 10 10 10 13 
0.832522 1e+07 1e+07 1e+07 1e+07 1e+07 1e+07 1e+07 1e+07 1e+07 1e+07 1e+07 1e+07 1e+07 1e+07 1e+07 1e+07 1e+07 1e+07 1e+07 1e+07 1e+07 1e+07 1e+07 1e+07 1e+07 1e+07 1e+07 1e+07 1e+07 1e+07 1e+07 1e+07 1e+07 1e+07 1e+07 1e+07 1e+07 1e+07 1e+07 4.3727e+06 600146 705560 990369 6.62662e+06 484403 1.41051e+06 121636 646219 18391 11133 7274 1684 1119 4995 459 1381 655 1099 196 143 27 177 131 169 626 78 122 78 59 19 18 18 18 23 41 46 19 25 14 14 24 14 16 12 11 12 14 17 13 21 11 10 10 13 12 11 10 9 9 8 
0.84823 1e+07 1e+07 1e+07 1e+07 1e+07 1e+07 1e+07 1e+07 1e+07 1e+07 1e+07 1e+07 1e+07 1e+07 1e+07 1e+07 1e+07 1e+07 1e+07 1e+07 1e+07 1e+07 1e+07 1e+07 1e+07 1e+07 1e+07 1e+07 1e+07 1e+07 1e+07 1e+07 1e+07 1e+07 1e+07 1e+07 1e+07 1e+07 551779 481382 914732 132526 92556 159905 2.01704e+06 391545 51497 28892 23029 8498 4603 2175 645 1039 2457 408 3562 661 374 112 105 35 19 21 26 235 51 121 32 32 44 31 16 23 23 16 28 19 15 14 12 12 12 17 18 14 19 12 18 18 12 11 10 10 9 8 7 7 7 7 
