epsilon_k[0] 0.0001
epsilon_k[1] 2.18e-05
epsilon_k[2] 7.08e-05
epsilon_k[3] 2.54e-05
epsilon_k[4] 1e-05
epsilon_k[5] 7.8e-06
epsilon_k[6] 2.18e-05
omega_x0 0.168
omega_y0 0.201
dx 0.01
epsilon 64
max_turns 10000000
from_y 24
to_y 32
0.24 1e+07 1e+07 1e+07 1e+07 1e+07 1e+07 1e+07 1e+07 1e+07 1e+07 1e+07 1e+07 1e+07 1e+07 1e+07 1e+07 1e+07 1e+07 1e+07 3.41514e+06 1.33327e+06 1.33327e+06 1.09413e+06 1.09413e+06 994240 263559 87335 87335 87335 87335 87335 87335 87335 87335 87335 87335 87335 87335 87335 87335 62302 62302 26539 26539 26539 26539 16617 16617 16617 6951 6951 6951 6951 6951 4085 4085 1952 1952 641 
0.25 1e+07 1e+07 1e+07 1e+07 1e+07 1e+07 1e+07 1e+07 1e+07 1e+07 1e+07 1e+07 1e+07 1e+07 1e+07 1e+07 1e+07 1e+07 1e+07 1e+07 790554 790554 790554 424054 424054 424054 116646 116646 116646 116646 116646 116646 116646 116646 116646 116646 116646 116646 116646 116646 116646 88150 88150 40273 40273 40273 40273 40273 16860 16860 5425 5425 4038 4038 1181 1181 1181 704 
0.26 1e+07 1e+07 1e+07 1e+07 1e+07 1e+07 1e+07 1e+07 1e+07 1e+07 1e+07 1e+07 1e+07 1e+07 1e+07 1e+07 1e+07 1e+07 1e+07 1e+07 686586 686586 549977 549977 143664 137676 137676 137676 137676 137676 137676 137676 115067 86032 86032 86032 86032 86032 86032 38275 38275 38275 38275 38275 34068 34068 11507 11507 11507 3400 3400 3400 3400 3400 3400 3400 2399 765 
0.27 1e+07 1e+07 1e+07 1e+07 1e+07 1e+07 1e+07 1e+07 1e+07 1e+07 1e+07 1e+07 1e+07 1e+07 1e+07 1e+07 1e+07 1e+07 1e+07 5.69312e+06 1.98624e+06 287963 287963 287963 119340 119340 119340 85528 85528 85528 85528 85528 85528 85528 85528 85528 85528 85528 85528 85528 85528 71564 50352 50352 50352 22945 22945 7589 4534 4534 4534 4534 1850 1850 1850 1850 1850 1850 494 
0.28 1e+07 1e+07 1e+07 1e+07 1e+07 1e+07 1e+07 1e+07 1e+07 1e+07 1e+07 1e+07 1e+07 1e+07 1e+07 5.08204e+06 5.08204e+06 5.08204e+06 5.08204e+06 5.08204e+06 1.30474e+06 325103 325103 150481 150481 150481 90213 90213 90213 90213 35131 35131 35131 35131 35131 35131 35131 35131 35131 35131 35131 35131 35131 25037 25037 25037 25037 14469 14469 5494 5494 4532 4532 2127 2127 1294 1294 754 
0.29 1e+07 1e+07 1e+07 1e+07 1e+07 1e+07 1e+07 1e+07 1e+07 4.46488e+06 4.46488e+06 4.46488e+06 4.46488e+06 4.46488e+06 4.46488e+06 4.46488e+06 4.46488e+06 1.99606e+06 1.99606e+06 1.58439e+06 531782 301220 104815 104815 104815 54000 54000 54000 54000 54000 54000 54000 54000 51837 51837 51837 51837 51837 51837 51837 51837 51837 51837 27099 27099 11700 8783 8783 8783 8783 1016 758 
0.3 1e+07 1e+07 1e+07 1e+07 1e+07 1e+07 1e+07 1e+07 1e+07 5.88686e+06 425310 425310 425310 425310 425310 425310 425310 425310 425310 425310 425310 191212 174655 142959 142959 61580 24655 24655 17084 17084 17084 17084 17084 17084 17084 17084 17084 17084 17084 17084 17084 9992 9992 9992 9992 9992 9992 9564 7224 7224 7224 3745 851 
0.31 1e+07 1e+07 1e+07 1e+07 1e+07 1e+07 1e+07 6.65446e+06 6.65446e+06 1.69007e+06 453236 453236 453236 453236 413670 413670 413670 310976 310976 310976 287383 287383 101924 101924 101924 101924 35603 35603 35603 35603 35603 35480 29848 13249 13249 13249 13249 13249 13249 13249 13249 13249 13249 9014 9014 3379 3379 2804 2804 2804 2804 2009 781 
