epsilon_k[0] 0.0001
epsilon_k[1] 2.18e-05
epsilon_k[2] 7.08e-05
epsilon_k[3] 2.54e-05
epsilon_k[4] 1e-05
epsilon_k[5] 7.8e-06
epsilon_k[6] 2.18e-05
omega_x0 0.168
omega_y0 0.201
dx 0.01
n_theta 100
dtheta 0.015708
epsilon 40
max_turns 10000000
from_angle 10
to_angle 20
0.15708 1e+07 1e+07 1e+07 1e+07 1e+07 1e+07 1e+07 1e+07 1e+07 1e+07 1e+07 1e+07 1e+07 1e+07 1e+07 1e+07 1e+07 1e+07 1e+07 1e+07 1e+07 1e+07 1e+07 1e+07 1e+07 1e+07 1e+07 1e+07 1e+07 1e+07 1e+07 1e+07 1e+07 1e+07 1e+07 1e+07 1e+07 1e+07 1e+07 1e+07 1e+07 1e+07 1e+07 1e+07 1e+07 475795 332770 332770 125725 103897 103897 103897 103897 103897 103897 103897 103897 103897 103897 103897 11519 11519 11519 4463 4463 4463 4463 4463 4463 438 
0.172788 1e+07 1e+07 1e+07 1e+07 1e+07 1e+07 1e+07 1e+07 1e+07 1e+07 1e+07 1e+07 1e+07 1e+07 1e+07 1e+07 1e+07 1e+07 1e+07 1e+07 1e+07 1e+07 1e+07 1e+07 1e+07 1e+07 1e+07 1e+07 1e+07 1e+07 1e+07 1e+07 1e+07 1e+07 1e+07 1e+07 1e+07 1e+07 1e+07 1e+07 1e+07 1e+07 1e+07 1e+07 1e+07 392718 392718 145145 33135 33135 33135 33135 33135 33135 33135 33135 33135 33135 22723 14692 10403 10403 5888 5561 5561 5561 2176 786 
0.188496 1e+07 1e+07 1e+07 1e+07 1e+07 1e+07 1e+07 1e+07 1e+07 1e+07 1e+07 1e+07 1e+07 1e+07 1e+07 1e+07 1e+07 1e+07 1e+07 1e+07 1e+07 1e+07 1e+07 1e+07 1e+07 1e+07 1e+07 1e+07 1e+07 1e+07 1e+07 1e+07 1e+07 1e+07 1e+07 1e+07 1e+07 1e+07 1e+07 1e+07 1e+07 1e+07 1e+07 3.903e+06 1.18925e+06 186813 110058 33455 33455 33455 33455 33455 33455 33455 33455 33455 33455 33455 33455 22448 22448 22448 3349 3349 3349 3124 1281 1281 1281 1281 1281 1281 472 
0.204204 1e+07 1e+07 1e+07 1e+07 1e+07 1e+07 1e+07 1e+07 1e+07 1e+07 1e+07 1e+07 1e+07 1e+07 1e+07 1e+07 1e+07 1e+07 1e+07 1e+07 1e+07 1e+07 1e+07 1e+07 1e+07 1e+07 1e+07 1e+07 1e+07 1e+07 1e+07 1e+07 1e+07 1e+07 1e+07 1e+07 1e+07 1e+07 1e+07 1e+07 1e+07 1e+07 6.64437e+06 2.39653e+06 1.60962e+06 649949 506773 115833 25721 25721 25721 25721 25721 25721 25721 25721 25721 25721 25721 18612 8284 8284 6522 782 
0.219911 1e+07 1e+07 1e+07 1e+07 1e+07 1e+07 1e+07 1e+07 1e+07 1e+07 1e+07 1e+07 1e+07 1e+07 1e+07 1e+07 1e+07 1e+07 1e+07 1e+07 1e+07 1e+07 1e+07 1e+07 1e+07 1e+07 1e+07 1e+07 1e+07 1e+07 1e+07 1e+07 1e+07 1e+07 1e+07 1e+07 1e+07 1e+07 1e+07 1e+07 1e+07 6.71328e+06 6.71328e+06 1.28619e+06 1.12286e+06 350097 239368 239368 67073 14123 14123 14123 14123 14123 12907 12907 12907 12907 12907 12907 12907 9998 2224 2224 2224 293 
0.235619 1e+07 1e+07 1e+07 1e+07 1e+07 1e+07 1e+07 1e+07 1e+07 1e+07 1e+07 1e+07 1e+07 1e+07 1e+07 1e+07 1e+07 1e+07 1e+07 1e+07 1e+07 1e+07 1e+07 1e+07 1e+07 1e+07 1e+07 1e+07 1e+07 1e+07 1e+07 1e+07 1e+07 1e+07 1e+07 1e+07 1e+07 1e+07 1e+07 1e+07 1e+07 3.81643e+06 3.81643e+06 2.78184e+06 1.43733e+06 882234 298015 149900 149900 31660 31660 31660 31660 31660 31660 31660 6552 6552 6552 6552 6552 6552 5127 1622 1622 1622 1622 634 
0.251327 1e+07 1e+07 1e+07 1e+07 1e+07 1e+07 1e+07 1e+07 1e+07 1e+07 1e+07 1e+07 1e+07 1e+07 1e+07 1e+07 1e+07 1e+07 1e+07 1e+07 1e+07 1e+07 1e+07 1e+07 1e+07 1e+07 1e+07 1e+07 1e+07 1e+07 1e+07 1e+07 1e+07 1e+07 1e+07 1e+07 1e+07 1e+07 1e+07 1e+07 1e+07 8.36567e+06 5.08101e+06 1.55828e+06 1.55828e+06 1.55828e+06 142240 79724 42492 42492 42492 42492 16606 16606 16606 10205 10205 8712 8712 6468 5735 4604 2269 895 
0.267035 1e+07 1e+07 1e+07 1e+07 1e+07 1e+07 1e+07 1e+07 1e+07 1e+07 1e+07 1e+07 1e+07 1e+07 1e+07 1e+07 1e+07 1e+07 1e+07 1e+07 1e+07 1e+07 1e+07 1e+07 1e+07 1e+07 1e+07 1e+07 1e+07 1e+07 1e+07 1e+07 1e+07 1e+07 1e+07 1e+07 1e+07 1e+07 1e+07 1e+07 1e+07 4.11404e+06 4.11404e+06 4.11404e+06 218932 218932 218932 218932 54077 54077 43709 43709 43709 22830 22830 11362 11362 7391 7391 7391 7391 5550 3387 3387 3387 3387 3387 294 
0.282743 1e+07 1e+07 1e+07 1e+07 1e+07 1e+07 1e+07 1e+07 1e+07 1e+07 1e+07 1e+07 1e+07 1e+07 1e+07 1e+07 1e+07 1e+07 1e+07 1e+07 1e+07 1e+07 1e+07 1e+07 1e+07 1e+07 1e+07 1e+07 1e+07 1e+07 1e+07 1e+07 1e+07 1e+07 1e+07 1e+07 1e+07 1e+07 1e+07 1e+07 1e+07 1e+07 1.75358e+06 1.75358e+06 769440 769440 147263 83423 83423 53588 12454 12454 12454 12454 12354 12354 4579 4579 4579 4579 1527 1527 1527 1003 1003 1003 697 
0.298451 1e+07 1e+07 1e+07 1e+07 1e+07 1e+07 1e+07 1e+07 1e+07 1e+07 1e+07 1e+07 1e+07 1e+07 1e+07 1e+07 1e+07 1e+07 1e+07 1e+07 1e+07 1e+07 1e+07 1e+07 1e+07 1e+07 1e+07 1e+07 1e+07 1e+07 1e+07 1e+07 1e+07 1e+07 6.93035e+06 6.93035e+06 6.93035e+06 6.93035e+06 6.93035e+06 3.55271e+06 3.55271e+06 3.12474e+06 3.12474e+06 2.03642e+06 1.94929e+06 288818 288818 216818 49288 49288 49288 18883 18883 18883 7120 7120 7120 7120 7120 7120 7120 3549 3290 1326 1326 789 
