epsilon_k[0] 0.0001
epsilon_k[1] 2.18e-05
epsilon_k[2] 7.08e-05
epsilon_k[3] 2.54e-05
epsilon_k[4] 1e-05
epsilon_k[5] 7.8e-06
epsilon_k[6] 2.18e-05
omega_x0 0.168
omega_y0 0.201
dx 0.01
epsilon 0
max_turns 10000000
from_y 32
to_y 40
0.32 1e+07 1e+07 1e+07 1e+07 1e+07 1e+07 1e+07 1e+07 1e+07 1e+07 1e+07 1e+07 1e+07 1e+07 1e+07 1e+07 1e+07 1e+07 1e+07 1e+07 1e+07 1e+07 1e+07 1e+07 1e+07 1e+07 1e+07 1e+07 1e+07 1e+07 1e+07 1e+07 485727 3.23604e+06 157947 172338 222213 123850 44774 37354 24333 39406 16821 17292 6752 6473 3324 12008 3400 1801 1677 22114 390 742 462 393 231 203 208 164 194 100 74 81 127 242 57 114 128 209 158 26 25 86 97 160 60 1955 13 12 
0.33 1e+07 1e+07 1e+07 1e+07 1e+07 1e+07 1e+07 1e+07 1e+07 1e+07 1e+07 1e+07 1e+07 1e+07 1e+07 1e+07 1e+07 1e+07 1e+07 1e+07 1e+07 1e+07 1e+07 1e+07 1e+07 8.20174e+06 1e+07 1e+07 1e+07 1e+07 1e+07 495433 200596 106679 96935 14964 18149 7450 20614 3298 3768 19795 16811 3827 7390 16943 3332 3571 1490 1253 5184 495 453 9944 535 1021 1087 357 129 456 188 65 31 91 65 285 98 33 54 167 318 274 154 76 54 68 58 53 13 12 
0.34 1e+07 1e+07 1e+07 1e+07 1e+07 1e+07 1e+07 1e+07 1e+07 1e+07 1e+07 1e+07 1e+07 1e+07 1e+07 1e+07 1e+07 1e+07 1e+07 1e+07 1e+07 1e+07 1e+07 1e+07 1e+07 1e+07 1e+07 1e+07 1e+07 1e+07 1.41386e+06 983162 88198 18379 19550 27635 6911 12149 12634 8259 3204 2478 15201 5307 12299 1023 1736 1643 435 599 3354 3057 845 254 2373 4735 10152 544 675 330 204 126 49 37 31 51 44 111 45 132 90 187 338 69 42 20 89 78 26 12 
0.35 1e+07 1e+07 1e+07 1e+07 1e+07 1e+07 1e+07 1e+07 1e+07 1e+07 1e+07 1e+07 1e+07 1e+07 1e+07 1e+07 1e+07 1e+07 1e+07 1e+07 1e+07 1e+07 1e+07 1e+07 1e+07 430733 2.03542e+06 1e+07 8.94414e+06 8.29255e+06 3.90227e+06 71758 17714 19590 8476 40695 45298 21892 8563 12177 3485 5410 717 734 4238 2827 13501 1560 350 225 745 853 3509 612 318 450 479 417 288 164 231 70 181 145 141 130 152 31 84 74 43 709 40 121 32 24 19 52 19 15 
0.36 1e+07 1e+07 1e+07 1e+07 1e+07 1e+07 1e+07 1e+07 1e+07 1e+07 1e+07 1e+07 1e+07 1e+07 1e+07 1e+07 1e+07 1e+07 1e+07 1e+07 1e+07 1e+07 1e+07 1e+07 127265 657771 1.47314e+06 1e+07 146050 406834 3.53183e+06 7195 36592 10617 6865 6001 7556 3999 2186 4938 2114 3717 6591 3815 5380 910 641 455 219 1119 12612 112 244 243 390 274 328 594 337 231 65 89 158 51 241 98 174 212 216 115 31 319 157 139 25 41 35 18 136 31 
0.37 1e+07 1e+07 1e+07 1e+07 1e+07 1e+07 1e+07 1e+07 1e+07 1e+07 1e+07 1e+07 1e+07 1e+07 1e+07 1e+07 1e+07 1e+07 1e+07 1e+07 1e+07 48128 1e+07 6.02034e+06 32612 15238 363590 614975 749028 387352 25584 14759 8910 4334 2669 2134 3313 10128 1707 3343 11171 1315 1287 2740 974 5592 449 3238 275 222 198 151 143 67 366 125 194 218 171 105 135 191 61 118 90 102 76 248 165 97 208 339 186 84 54 81 48 96 17 174 
0.38 1e+07 1e+07 1e+07 1e+07 1e+07 1e+07 1e+07 1e+07 1e+07 1e+07 1e+07 1e+07 1e+07 1e+07 1e+07 1e+07 1e+07 1.30433e+06 1e+07 1e+07 1e+07 15978 42651 47346 36259 63618 27416 268876 178247 9211 16281 4853 8157 6676 4757 6672 2754 1737 4605 2482 4107 613 2897 1433 297 687 2894 330 505 812 71 1665 188 247 185 193 868 219 243 153 89 409 80 140 381 77 58 41 128 87 37 51 50 91 187 51 100 35 33 17 
0.39 1e+07 1e+07 1e+07 1e+07 1e+07 1e+07 1e+07 1e+07 1e+07 1e+07 1e+07 1e+07 1e+07 1e+07 1e+07 1e+07 1.01208e+06 64351 1e+07 8.59223e+06 35100 15138 22327 39210 8045 46587 66006 15833 23440 2807 16197 6951 5321 7556 1829 1405 3409 1603 1630 216 2696 267 3383 211 186 320 2835 513 441 340 1041 69 705 1546 244 227 1024 249 289 330 166 155 75 69 68 80 204 70 34 224 36 53 88 74 526 97 102 57 78 42 
