epsilon_k[0] 0.0001
epsilon_k[1] 2.18e-05
epsilon_k[2] 7.08e-05
epsilon_k[3] 2.54e-05
epsilon_k[4] 1e-05
epsilon_k[5] 7.8e-06
epsilon_k[6] 2.18e-05
omega_x0 0.168
omega_y0 0.201
dx 0.01
n_theta 100
dtheta 0.015708
epsilon 16
max_turns 10000000
from_angle 20
to_angle 25
0.314159 1e+07 1e+07 1e+07 1e+07 1e+07 1e+07 1e+07 1e+07 1e+07 1e+07 1e+07 1e+07 1e+07 1e+07 1e+07 1e+07 1e+07 1e+07 1e+07 1e+07 1e+07 1e+07 1e+07 1e+07 1e+07 1e+07 1e+07 1e+07 1e+07 1e+07 1e+07 1e+07 1e+07 1e+07 1e+07 1e+07 1e+07 1e+07 1e+07 1e+07 1e+07 1e+07 1e+07 1e+07 1e+07 8.15384e+06 4.52279e+06 1e+07 9.94117e+06 323368 110771 114769 178651 77125 18063 28942 13548 41882 11179 2569 4411 4635 1153 6391 1219 6750 1116 1172 957 422 3950 734 77 2092 104 168 394 83 321 458 86 23 246 98 238 127 38 32 26 28 69 31 83 23 13 24 22 72 59 32 
0.329867 1e+07 1e+07 1e+07 1e+07 1e+07 1e+07 1e+07 1e+07 1e+07 1e+07 1e+07 1e+07 1e+07 1e+07 1e+07 1e+07 1e+07 1e+07 1e+07 1e+07 1e+07 1e+07 1e+07 1e+07 1e+07 1e+07 1e+07 1e+07 1e+07 1e+07 1e+07 1e+07 1e+07 1e+07 1e+07 1e+07 1e+07 1e+07 1e+07 1e+07 1e+07 1e+07 1e+07 1e+07 1e+07 1e+07 1e+07 1.45387e+06 1e+07 4.44418e+06 465167 401502 232066 130537 72400 4545 19213 19952 15680 2336 2006 1700 3647 1824 7129 10322 2631 3070 703 450 833 215 165 105 2370 976 252 150 436 37 158 60 57 40 422 33 80 181 540 55 88 203 28 36 33 17 13 15 34 75 
0.345575 1e+07 1e+07 1e+07 1e+07 1e+07 1e+07 1e+07 1e+07 1e+07 1e+07 1e+07 1e+07 1e+07 1e+07 1e+07 1e+07 1e+07 1e+07 1e+07 1e+07 1e+07 1e+07 1e+07 1e+07 1e+07 1e+07 1e+07 1e+07 1e+07 1e+07 1e+07 1e+07 1e+07 1e+07 1e+07 1e+07 1e+07 1e+07 1e+07 1e+07 1e+07 1e+07 1e+07 1e+07 1e+07 1e+07 1.44599e+06 1.54289e+06 1.76068e+06 237478 485398 92269 306081 845010 120300 161571 49911 26680 21674 7696 2942 1067 1523 1565 1628 467 5721 2761 432 554 345 455 5444 734 47 179 71 30 66 154 23 18 670 45 20 5908 79 254 78 139 60 57 66 31 44 33 18 76 12 12 
0.361283 1e+07 1e+07 1e+07 1e+07 1e+07 1e+07 1e+07 1e+07 1e+07 1e+07 1e+07 1e+07 1e+07 1e+07 1e+07 1e+07 1e+07 1e+07 1e+07 1e+07 1e+07 1e+07 1e+07 1e+07 1e+07 1e+07 1e+07 1e+07 1e+07 1e+07 1e+07 1e+07 1e+07 1e+07 1e+07 1e+07 1e+07 1e+07 1e+07 1e+07 1e+07 1e+07 1e+07 1e+07 1e+07 1e+07 1e+07 1e+07 887869 1.26687e+06 442663 1.84614e+06 416530 271078 59676 76281 20630 3023 8676 10531 12702 1227 1852 836 11291 2346 278 921 615 506 333 2458 367 127 547 89 58 145 62 145 23 198 14 13 14 21 21 116 21 36 263 29 89 30 49 35 29 39 17 18 
0.376991 1e+07 1e+07 1e+07 1e+07 1e+07 1e+07 1e+07 1e+07 1e+07 1e+07 1e+07 1e+07 1e+07 1e+07 1e+07 1e+07 1e+07 1e+07 1e+07 1e+07 1e+07 1e+07 1e+07 1e+07 1e+07 1e+07 1e+07 1e+07 1e+07 1e+07 1e+07 1e+07 1e+07 1e+07 1e+07 1e+07 1e+07 1e+07 1e+07 1e+07 1e+07 1e+07 1e+07 1e+07 1e+07 1e+07 7.41708e+06 1.72233e+06 1.70234e+06 196230 730650 87289 512109 93916 38112 11609 30684 3862 2514 8296 875 1065 590 1683 664 892 703 923 327 97 114 119 83 156 40 317 517 108 38 103 28 103 24 13 13 13 13 22 20 67 73 54 92 61 33 56 49 24 63 25 
