epsilon_k[0] 0.0001
epsilon_k[1] 2.18e-05
epsilon_k[2] 7.08e-05
epsilon_k[3] 2.54e-05
epsilon_k[4] 1e-05
epsilon_k[5] 7.8e-06
epsilon_k[6] 2.18e-05
omega_x0 0.168
omega_y0 0.201
dx 0.01
epsilon 4
max_turns 10000000
from_y 8
to_y 16
0.08 1e+07 1e+07 1e+07 1e+07 1e+07 1e+07 1e+07 1e+07 1e+07 1e+07 1e+07 1e+07 1e+07 1e+07 1e+07 1e+07 1e+07 1e+07 1e+07 1e+07 1e+07 1e+07 1e+07 1e+07 1e+07 1e+07 1e+07 1e+07 1e+07 1e+07 1e+07 1e+07 1e+07 1e+07 1e+07 1e+07 1e+07 1e+07 1e+07 1e+07 1e+07 1e+07 1e+07 1e+07 1e+07 1e+07 9.74992e+06 1.47267e+06 1e+07 1e+07 1e+07 1e+07 1e+07 1e+07 1e+07 1e+07 5.8899e+06 3.75698e+06 2.29344e+06 139515 34537 31051 53748 4627 1434 1392 2734 4586 2736 3234 5212 1869 1909 1961 1036 293 288 1351 327 517 
0.09 1e+07 1e+07 1e+07 1e+07 1e+07 1e+07 1e+07 1e+07 1e+07 1e+07 1e+07 1e+07 1e+07 1e+07 1e+07 1e+07 1e+07 1e+07 1e+07 1e+07 1e+07 1e+07 1e+07 1e+07 1e+07 1e+07 1e+07 1e+07 1e+07 1e+07 1e+07 1e+07 1e+07 1e+07 1e+07 1e+07 1e+07 1e+07 1e+07 1e+07 1e+07 1e+07 1e+07 1e+07 1e+07 1e+07 686678 3.54818e+06 5.31756e+06 1e+07 1e+07 1e+07 1e+07 1e+07 1e+07 1e+07 939863 4.0497e+06 99645 70449 156684 3004 8523 2259 3621 3062 5042 4621 7331 9228 780 1398 628 1378 363 331 1264 392 1203 1043 
0.1 1e+07 1e+07 1e+07 1e+07 1e+07 1e+07 1e+07 1e+07 1e+07 1e+07 1e+07 1e+07 1e+07 1e+07 1e+07 1e+07 1e+07 1e+07 1e+07 1e+07 1e+07 1e+07 1e+07 1e+07 1e+07 1e+07 1e+07 1e+07 1e+07 1e+07 1e+07 1e+07 1e+07 1e+07 1e+07 1e+07 1e+07 1e+07 1e+07 1e+07 1e+07 1e+07 1e+07 1e+07 1e+07 1e+07 3.60384e+06 1.54065e+06 3.53963e+06 5.79947e+06 1e+07 1e+07 1e+07 1e+07 1e+07 8.9458e+06 535925 1e+07 322804 86367 99252 10378 5246 1620 4441 3681 50856 14830 4182 641 937 2410 353 885 643 1750 213 132 399 435 
0.11 1e+07 1e+07 1e+07 1e+07 1e+07 1e+07 1e+07 1e+07 1e+07 1e+07 1e+07 1e+07 1e+07 1e+07 1e+07 1e+07 1e+07 1e+07 1e+07 1e+07 1e+07 1e+07 1e+07 1e+07 1e+07 1e+07 1e+07 1e+07 1e+07 1e+07 1e+07 1e+07 1e+07 1e+07 1e+07 1e+07 1e+07 1e+07 1e+07 1e+07 1e+07 1e+07 1e+07 1e+07 1e+07 1e+07 4.73155e+06 810151 234665 4.70038e+06 1e+07 1e+07 1e+07 1e+07 1e+07 1.94018e+06 1.17277e+06 185004 60719 25565 13117 3735 6997 3804 1092 8469 2454 28731 14483 8548 2512 569 7264 467 6164 100 163 226 273 2439 
0.12 1e+07 1e+07 1e+07 1e+07 1e+07 1e+07 1e+07 1e+07 1e+07 1e+07 1e+07 1e+07 1e+07 1e+07 1e+07 1e+07 1e+07 1e+07 1e+07 1e+07 1e+07 1e+07 1e+07 1e+07 1e+07 1e+07 1e+07 1e+07 1e+07 1e+07 1e+07 1e+07 1e+07 1e+07 1e+07 1e+07 1e+07 1e+07 1e+07 1e+07 1e+07 1e+07 1e+07 1e+07 1e+07 1e+07 1e+07 1.12764e+06 1.95018e+06 1.52588e+06 381535 1e+07 1e+07 1e+07 874258 557502 102467 77677 8302 27513 1844 7525 5866 10616 4396 13249 1538 1552 2141 7974 367 3536 359 864 225 3463 223 155 109 210 
0.13 1e+07 1e+07 1e+07 1e+07 1e+07 1e+07 1e+07 1e+07 1e+07 1e+07 1e+07 1e+07 1e+07 1e+07 1e+07 1e+07 1e+07 1e+07 1e+07 1e+07 1e+07 1e+07 1e+07 1e+07 1e+07 1e+07 1e+07 1e+07 1e+07 1e+07 1e+07 1e+07 1e+07 1e+07 1e+07 1e+07 1e+07 1e+07 1e+07 1e+07 1e+07 1e+07 1e+07 1e+07 1e+07 1e+07 7.11476e+06 699464 237666 325352 81242 124988 1.92733e+06 2.83386e+06 3.84221e+06 178752 68614 13262 14341 4378 17534 1720 816 1321 1892 4700 1969 13916 1853 3112 513 2709 5070 1956 547 426 940 39 650 128 
0.14 1e+07 1e+07 1e+07 1e+07 1e+07 1e+07 1e+07 1e+07 1e+07 1e+07 1e+07 1e+07 1e+07 1e+07 1e+07 1e+07 1e+07 1e+07 1e+07 1e+07 1e+07 1e+07 1e+07 1e+07 1e+07 1e+07 1e+07 1e+07 1e+07 1e+07 1e+07 1e+07 1e+07 1e+07 1e+07 1e+07 1e+07 1e+07 1e+07 1e+07 1e+07 1e+07 1e+07 1e+07 1e+07 1e+07 1e+07 8.50694e+06 500803 473599 981039 128977 238306 42222 71903 193325 154902 6175 12453 1638 3883 2923 2732 2302 4666 1108 790 5601 906 964 267 1412 443 497 1289 519 209 108 261 41 
0.15 1e+07 1e+07 1e+07 1e+07 1e+07 1e+07 1e+07 1e+07 1e+07 1e+07 1e+07 1e+07 1e+07 1e+07 1e+07 1e+07 1e+07 1e+07 1e+07 1e+07 1e+07 1e+07 1e+07 1e+07 1e+07 1e+07 1e+07 1e+07 1e+07 1e+07 1e+07 1e+07 1e+07 1e+07 1e+07 1e+07 1e+07 1e+07 1e+07 1e+07 1e+07 1e+07 1e+07 1e+07 1e+07 1e+07 1e+07 5.3353e+06 723590 528171 33763 256407 208494 917309 98712 88601 22680 39025 6176 3942 6477 2414 814 13399 8268 1413 2884 3544 2888 9347 1282 2025 1284 449 1435 81 534 111 263 86 
