epsilon_k[0] 0.0001
epsilon_k[1] 2.18e-05
epsilon_k[2] 7.08e-05
epsilon_k[3] 2.54e-05
epsilon_k[4] 1e-05
epsilon_k[5] 7.8e-06
epsilon_k[6] 2.18e-05
omega_x0 0.31
omega_y0 0.32
dx 0.01
epsilon 64
max_turns 10000000
from_y 16
to_y 24
0.16 37 44 5249 1783 11295 1764 9554 3517 7833 882 2624 891 1763 39 29 26 23 21 20 19 18 17 16 16 15 15 14 14 13 13 13 12 12 12 12 11 11 11 11 10 10 10 10 10 9 9 9 9 9 9 9 9 9 8 8 8 8 8 8 8 8 8 8 8 7 7 7 7 7 7 7 7 7 7 7 7 7 6 6 6 
0.17 31 34 39 72 5237 2649 914 1775 874 872 3483 938 172 33 27 24 22 21 19 18 18 17 16 15 15 14 14 14 13 13 12 12 12 12 11 11 11 11 10 10 10 10 10 10 9 9 9 9 9 9 9 9 8 8 8 8 8 8 8 8 8 8 8 7 7 7 7 7 7 7 7 7 7 7 7 6 6 6 6 6 
0.18 28 30 32 36 45 878 885 911 1788 879 878 884 41 30 26 23 21 20 19 18 17 16 16 15 15 14 14 13 13 13 12 12 12 11 11 11 11 10 10 10 10 10 10 9 9 9 9 9 9 9 9 8 8 8 8 8 8 8 8 8 8 8 7 7 7 7 7 7 7 7 7 7 7 7 6 6 6 6 6 6 
0.19 26 27 29 31 34 41 100 873 72 82 879 898 34 28 25 22 21 20 18 18 17 16 15 15 14 14 13 13 13 12 12 12 11 11 11 11 11 10 10 10 10 10 9 9 9 9 9 9 9 9 8 8 8 8 8 8 8 8 8 8 8 7 7 7 7 7 7 7 7 7 7 7 7 6 6 6 6 6 6 6 
0.2 24 25 26 27 29 32 38 85 68 65 892 53 31 26 24 22 20 19 18 17 16 16 15 15 14 14 13 13 12 12 12 12 11 11 11 11 10 10 10 10 10 9 9 9 9 9 9 9 9 8 8 8 8 8 8 8 8 8 8 7 7 7 7 7 7 7 7 7 7 7 7 7 6 6 6 6 6 6 6 6 
0.21 22 23 24 25 26 28 31 37 89 62 850 37 29 25 23 21 20 19 18 17 16 15 15 14 14 13 13 13 12 12 12 11 11 11 11 10 10 10 10 10 9 9 9 9 9 9 9 9 8 8 8 8 8 8 8 8 8 8 7 7 7 7 7 7 7 7 7 7 7 7 7 6 6 6 6 6 6 6 6 6 
0.22 21 21 22 23 24 25 27 30 36 65 606 33 27 24 22 21 19 18 17 16 16 15 15 14 14 13 13 12 12 12 12 11 11 11 11 10 10 10 10 10 9 9 9 9 9 9 9 8 8 8 8 8 8 8 8 8 8 7 7 7 7 7 7 7 7 7 7 7 7 7 6 6 6 6 6 6 6 6 6 6 
0.23 20 20 21 21 22 23 24 26 29 37 50 31 26 24 22 20 19 18 17 16 15 15 14 14 13 13 13 12 12 12 11 11 11 11 10 10 10 10 10 9 9 9 9 9 9 9 8 8 8 8 8 8 8 8 8 8 7 7 7 7 7 7 7 7 7 7 7 7 6 6 6 6 6 6 6 6 6 6 6 6 
