epsilon_k[0]0.1
epsilon_k[0]2.18e-05
epsilon_k[0]7.08e-05
epsilon_k[0]2.54e-05
epsilon_k[0]1e-05
epsilon_k[0]7.8e-06
epsilon_k[0]0.218
omega_x01.94779
omega_y02.01062
dx 0.01
n_theta 100
dtheta 0.00785398
epsilon 14
max_turns 10000000
from_angle 32
to_angle 40
0.251327 1e+07 12348 5100 2270 1043 408 
0.259181 1e+07 12405 5101 2277 1063 409 
0.267035 1e+07 12408 5113 2431 1154 409 
0.274889 1e+07 12484 5173 2579 1116 410 
0.282743 1e+07 12484 5160 3786 1121 412 
0.290597 1e+07 12534 5157 2902 1143 417 
0.298451 1e+07 12546 5173 2902 1183 440 
0.306305 1e+07 12546 5206 2902 1236 466 
