epsilon_k[0]0.1
epsilon_k[0]2.18e-05
epsilon_k[0]7.08e-05
epsilon_k[0]2.54e-05
epsilon_k[0]1e-05
epsilon_k[0]7.8e-06
epsilon_k[0]0.218
omega_x01.05558
omega_y01.26292
dx 0.01
n_theta 100
dtheta 0.00785398
epsilon 64
max_turns 10000000
from_angle 64
to_angle 72
0.502655 1e+07 28598 9027 2885 1667 1667 1667 1667 1285 509 
0.510509 1e+07 28348 8756 2908 1627 1627 1627 1627 1211 519 
0.518363 1e+07 28810 8260 2898 2621 2492 1744 1744 1323 548 
0.526217 1e+07 44898 8562 2907 2816 2422 1723 1723 1401 575 
0.534071 1e+07 117578 7484 2923 2923 2177 1705 1705 1328 645 
0.541925 1e+07 52793 7267 2936 2867 2274 1683 1683 1435 671 
0.549779 1e+07 42428 6885 2945 2817 2607 1680 1680 1317 679 
0.557633 1e+07 51675 6833 3040 2817 2817 1674 1674 1363 682 
0.565487 1e+07 30263 6825 3104 2795 2795 1673 1673 1442 691 
