epsilon_k[0] 0.1
epsilon_k[0] 2.18e-05
epsilon_k[0] 7.08e-05
epsilon_k[0] 2.54e-05
epsilon_k[0] 1e-05
epsilon_k[0] 7.8e-06
epsilon_k[0] 0.218
omega_x0 0.31
omega_y0 0.32
dx 0.01
n_theta 100
dtheta 0.00785398
epsilon 1
max_turns 10000000
from_angle 32
to_angle 40
0.251327 1e+07 1e+07 1e+07 2705 1321 952 
0.259181 1e+07 1e+07 1e+07 2701 1319 961 
0.267035 1e+07 1e+07 1e+07 2700 1318 965 
0.274889 1e+07 1e+07 1e+07 2701 1317 926 
0.282743 1e+07 1e+07 1e+07 2702 1316 923 
0.290597 1e+07 1e+07 1e+07 2706 1315 910 
0.298451 1e+07 1e+07 1e+07 2741 1314 905 
0.306305 1e+07 1e+07 1e+07 2983 1314 903 
