epsilon_k[0] 0.0001
epsilon_k[1] 2.18e-05
epsilon_k[2] 7.08e-05
epsilon_k[3] 2.54e-05
epsilon_k[4] 1e-05
epsilon_k[5] 7.8e-06
epsilon_k[6] 2.18e-05
omega_x0 0.168
omega_y0 0.201
dx 0.01
epsilon 4
max_turns 10000000
from_y 40
to_y 48
0.4 1e+07 1e+07 1e+07 1e+07 1e+07 1e+07 1e+07 1e+07 1e+07 1e+07 4.27786e+06 2.56259e+06 869648 57736 91892 32192 128129 36000 37272 548519 8262 10698 16152 3842 8992 7064 13970 18556 9570 5095 3106 10625 2413 1112 1381 1115 4693 342 1833 2013 3267 548 1543 55 386 221 140 277 481 155 119 121 188 480 134 745 727 186 189 77 1071 150 98 27 42 41 48 62 101 248 36 114 155 132 101 56 68 29 45 226 
0.41 1e+07 1e+07 1e+07 1e+07 1e+07 1e+07 1e+07 3.45624e+06 1e+07 1.27497e+06 5.49303e+06 478766 984767 654946 39804 81966 79264 19386 607370 15876 35574 29610 3809 3026 5009 17648 5151 3028 15514 4213 1694 49911 1206 593 1320 1409 514 855 785 667 1720 747 323 195 244 338 52 51 261 211 81 1272 1202 59 101 186 362 166 1546 129 250 101 196 113 29 41 29 42 161 69 188 33 43 76 179 168 32 47 28 46 
0.42 1e+07 1e+07 1e+07 1e+07 1e+07 1e+07 1e+07 3.8804e+06 1.77837e+06 384329 74467 344088 241818 32919 26273 9185 46457 8821 6107 289373 5251 7002 19395 4157 15862 5174 7208 6754 4279 4370 1233 720 3648 3292 1204 547 4058 818 259 383 65 83 99 4771 1139 99 188 75 1405 814 41 98 369 856 43 176 203 227 141 124 37 43 98 60 55 89 28 62 72 45 90 145 560 29 51 25 38 24 29 39 
0.43 1e+07 1e+07 1e+07 1e+07 1e+07 1e+07 7.35324e+06 1e+07 1.70137e+06 1.27051e+06 1.02633e+06 29517 191633 31874 253938 75653 25057 11078 11866 15567 3657 16716 3013 5026 13400 2056 9842 2683 2152 1741 464 2068 3061 531 1775 9299 378 275 758 123 339 390 46 173 80 81 53 204 63 38 27 39 57 109 771 77 68 99 108 177 66 257 121 47 36 56 33 27 29 63 48 74 135 70 35 25 25 24 15 28 
0.44 1e+07 1e+07 1e+07 1e+07 1e+07 7.60678e+06 1e+07 1.06258e+06 1.28751e+06 484868 287566 154323 28293 97405 22742 5423 17872 2172 9671 4330 2234 5078 2642 2463 14863 13083 4923 2192 1341 4089 5743 1613 7523 11435 653 168 852 424 1401 135 192 354 231 170 84 218 235 701 123 296 93 89 76 50 26 129 102 126 233 131 185 371 84 30 1081 28 45 43 27 36 69 47 40 54 21 37 26 28 29 18 
0.45 1e+07 1e+07 1e+07 1e+07 1e+07 8.98421e+06 1.56067e+06 581302 49119 131707 104558 30637 125054 23292 6742 3073 7516 2121 4478 2304 3259 3073 4030 2645 4943 6323 3741 2792 1578 70642 1095 13841 1930 514 3237 116 14858 2170 280 113 53 58 39 169 563 179 170 353 574 126 280 88 119 37 75 190 20 730 174 129 241 156 116 97 38 55 81 50 59 50 39 33 48 26 74 33 28 19 19 23 
0.46 1e+07 1e+07 1e+07 1e+07 2.0136e+06 980695 1e+07 445975 76458 650497 33600 10880 22577 16638 20367 19050 11792 2481 8808 3219 946 1192 7080 802 8874 5537 3711 5050 4011 2139 8458 8502 466 3534 314 1513 173 590 285 306 27 20 309 197 189 110 59 68 20 19 19 54 90 71 137 584 26 18 38 170 61 91 156 43 183 41 79 51 28 41 28 51 92 18 37 23 20 18 20 33 
0.47 1e+07 1e+07 1e+07 4.74028e+06 1e+07 2.38031e+06 289386 587236 19515 21630 10630 10085 8727 4673 6485 6456 1274 1038 3214 5405 5042 13293 1966 4099 1425 19857 5740 4538 989 1188 607 798 461 295 2412 74 166 87 204 165 97 19 27 163 103 144 34 19 537 94 186 280 168 19 33 345 50 143 18 52 247 34 24 58 51 64 60 31 22 21 23 30 24 18 133 25 26 28 13 10 
