epsilon_k[0]0.1
epsilon_k[0]2.18e-05
epsilon_k[0]7.08e-05
epsilon_k[0]2.54e-05
epsilon_k[0]1e-05
epsilon_k[0]7.8e-06
epsilon_k[0]0.218
omega_x01.94779
omega_y02.01062
dx 0.01
n_theta 100
dtheta 0.00785398
epsilon 8
max_turns 10000000
from_angle 8
to_angle 16
0.0628319 1e+07 6226 3017 2063 2063 2063 1185 815 
0.0706858 1e+07 6223 3017 2105 2105 2105 1126 811 
0.0785398 1e+07 5896 3017 2126 2126 2126 991 
0.0863938 1e+07 5753 3019 2158 2158 1899 1113 808 
0.0942478 1e+07 5693 3055 2281 2281 2044 1085 809 
0.102102 1e+07 5627 3074 2575 2575 2575 1226 817 
0.109956 1e+07 5942 3090 2557 2557 2494 1157 833 
0.11781 1e+07 5549 3089 2647 2647 2072 1142 913 
0.125664 1e+07 5547 3156 2877 2757 2218 1179 949 
