epsilon_k[0] 0.0001
epsilon_k[1] 2.18e-05
epsilon_k[2] 7.08e-05
epsilon_k[3] 2.54e-05
epsilon_k[4] 1e-05
epsilon_k[5] 7.8e-06
epsilon_k[6] 2.18e-05
omega_x0 0.168
omega_y0 0.201
dx 0.01
n_theta 100
dtheta 0.015708
epsilon 40
max_turns 10000000
from_angle 85
to_angle 90
1.33518 1e+07 1e+07 1e+07 1e+07 1e+07 1e+07 1e+07 1e+07 1e+07 1e+07 1e+07 1e+07 1e+07 1e+07 1e+07 1e+07 1e+07 1e+07 1e+07 1e+07 1e+07 1e+07 1e+07 1e+07 1e+07 1e+07 1e+07 1e+07 1e+07 1e+07 1e+07 1e+07 1e+07 7.97302e+06 1e+07 7.50578e+06 5.27131e+06 1.63207e+06 2.57466e+06 566027 2.77463e+06 74356 207775 100946 64038 68213 3717 14820 11911 22781 615 829 5369 6098 3982 438 324 298 171 199 2970 121 70 24 125 85 24 52 24 157 40 99 48 62 18 18 18 15 16 13 31 14 18 9 8 8 7 7 7 7 7 7 6 6 6 6 6 6 6 6 
1.35088 1e+07 1e+07 1e+07 1e+07 1e+07 1e+07 1e+07 1e+07 1e+07 1e+07 1e+07 1e+07 1e+07 1e+07 1e+07 1e+07 1e+07 1e+07 1e+07 1e+07 1e+07 1e+07 1e+07 1e+07 1e+07 1e+07 1e+07 1e+07 1e+07 1e+07 1e+07 1e+07 1e+07 1e+07 1e+07 1e+07 7.75552e+06 4.26573e+06 732339 1.33178e+06 276238 1.23624e+06 424147 64959 178037 32220 22166 3294 5029 8730 27342 1613 23387 4137 745604 569 387 458 247 357 70 80 174 336 24 184 50 26 75 90 30 61 203 34 39 18 49 20 25 15 16 13 35 17 15 13 9 8 8 7 7 7 7 7 7 6 6 6 6 6 
1.36659 1e+07 1e+07 1e+07 1e+07 1e+07 1e+07 1e+07 1e+07 1e+07 1e+07 1e+07 1e+07 1e+07 1e+07 1e+07 1e+07 1e+07 1e+07 1e+07 1e+07 1e+07 1e+07 1e+07 1e+07 1e+07 1e+07 1e+07 1e+07 1e+07 1e+07 1e+07 1e+07 1e+07 1e+07 1e+07 3.49008e+06 5.70296e+06 1e+07 831215 1e+07 1.56597e+06 332548 888642 149816 409868 31393 88242 20953 2816 12425 3542 708 5797 1770 1281 621 409 165 366 144 114 247 85 71 255 24 50 37 31 17 18 100 39 50 31 275 40 40 24 13 13 15 14 14 13 16 16 26 13 9 8 8 7 7 7 7 7 7 7 6 
1.3823 1e+07 1e+07 1e+07 1e+07 1e+07 1e+07 1e+07 1e+07 1e+07 1e+07 1e+07 1e+07 1e+07 1e+07 1e+07 1e+07 1e+07 1e+07 1e+07 1e+07 1e+07 1e+07 1e+07 1e+07 1e+07 1e+07 1e+07 1e+07 1e+07 1e+07 1e+07 1e+07 1e+07 1e+07 1e+07 1e+07 3.28849e+06 5.01381e+06 1e+07 2.08009e+06 2.98393e+06 971948 293441 330714 141101 80966 85251 31391 19154 10029 3355 1525 1479 9802 760 4563 407 2725 1566 730 275 283 454 195 50 59 137 32 23 55 23 17 17 62 155 28 27 48 18 79 21 12 11 11 12 14 16 12 16 23 12 13 10 9 8 8 7 7 7 7 
1.39801 1e+07 1e+07 1e+07 1e+07 1e+07 1e+07 1e+07 1e+07 1e+07 1e+07 1e+07 1e+07 1e+07 1e+07 1e+07 1e+07 1e+07 1e+07 1e+07 1e+07 1e+07 1e+07 1e+07 1e+07 1e+07 1e+07 1e+07 1e+07 1e+07 1e+07 1e+07 1e+07 1e+07 1e+07 1e+07 1e+07 9.78202e+06 3.21888e+06 1.14774e+06 2.47274e+06 857286 1.04527e+06 203284 144128 1.79362e+06 291159 102281 91024 3882 24806 9664 1047 3862 1322 838 699 315 315 243 341 232 567 131 94 165 798 49 41 240 60 55 34 21 21 16 16 22 55 63 16 50 18 94 13 11 11 11 10 10 11 12 13 12 12 13 10 10 10 9 9 
1.41372 1e+07 1e+07 1e+07 1e+07 1e+07 1e+07 1e+07 1e+07 1e+07 1e+07 1e+07 1e+07 1e+07 1e+07 1e+07 1e+07 1e+07 1e+07 1e+07 1e+07 1e+07 1e+07 1e+07 1e+07 1e+07 1e+07 1e+07 1e+07 1e+07 1e+07 1e+07 1e+07 1e+07 1e+07 1e+07 1e+07 1e+07 1.70507e+06 1e+07 1e+07 1.84684e+06 4.53086e+06 841747 1.04344e+06 467845 90326 1.18126e+06 50673 3834 917 11871 1831 679 464 308 531 2604 1426 740 959 145 218 225 5543 143 74 79 60 75 36 66 46 65 35 38 36 19 22 16 15 16 94 23 14 15 16 16 15 11 11 10 10 10 10 10 10 10 10 10 11 
