epsilon_k[0]0.1
epsilon_k[0]2.18e-05
epsilon_k[0]7.08e-05
epsilon_k[0]2.54e-05
epsilon_k[0]1e-05
epsilon_k[0]7.8e-06
epsilon_k[0]0.218
omega_x01.75929
omega_y01.94779
dx 0.01
n_theta 100
dtheta 0.00785398
epsilon 2
max_turns 10000000
from_angle 80
to_angle 88
0.628319 1e+07 1e+07 1e+07 4366 2378 1585 1374 894 
0.636173 1e+07 1e+07 1e+07 4857 2377 1545 1375 893 
0.644026 1e+07 1e+07 1e+07 4184 2385 1543 1376 892 
0.65188 1e+07 1e+07 1e+07 4146 2336 1542 1376 892 
0.659734 1e+07 1e+07 1e+07 4144 2314 1541 1376 891 
0.667588 1e+07 1e+07 1e+07 4116 2309 1540 1375 891 
0.675442 1e+07 1e+07 1e+07 4093 2279 1539 1374 891 
0.683296 1e+07 1e+07 1e+07 4048 2269 1539 1374 894 
0.69115 1e+07 1e+07 1e+07 4006 2263 1540 1375 888 
