epsilon_k[0] 0.1
epsilon_k[0] 2.18e-05
epsilon_k[0] 7.08e-05
epsilon_k[0] 2.54e-05
epsilon_k[0] 1e-05
epsilon_k[0] 7.8e-06
epsilon_k[0] 0.218
omega_x0 0.28
omega_y0 0.31
dx 0.01
n_theta 100
dtheta 0.00785398
epsilon 14
max_turns 10000000
from_angle 48
to_angle 56
0.376991 1e+07 43242 14684 5110 3473 969 
0.384845 1e+07 60860 26437 5132 3480 901 
0.392699 1e+07 57460 57460 5561 3486 879 
0.400553 1e+07 56314 56314 5310 3616 879 
0.408407 1e+07 64170 64170 5330 3611 886 
0.416261 1e+07 120728 120728 5421 3345 907 
0.424115 1e+07 155224 155224 5507 3297 905 
0.431969 1e+07 62401 62401 5746 3207 955 
