epsilon_k[0] 0.0001
epsilon_k[1] 2.18e-05
epsilon_k[2] 7.08e-05
epsilon_k[3] 2.54e-05
epsilon_k[4] 1e-05
epsilon_k[5] 7.8e-06
epsilon_k[6] 2.18e-05
omega_x0 0.168
omega_y0 0.201
dx 0.01
epsilon 12
max_turns 10000000
from_y 40
to_y 48
0.4 1e+07 1e+07 1e+07 1e+07 1e+07 1e+07 1e+07 1e+07 6.08299e+06 1.00054e+06 4.47406e+06 840656 114768 57408 29256 40115 51646 36534 15920 246371 33062 13198 17029 17020 7581 5601 7331 2359 5049 17972 8326 5474 12304 4129 7191 2357 3657 1362 722 506 6344 1472 2100 283 329 4694 222 824 671 239 124 51 44 88 383 697 302 152 90 176 153 39 48 29 42 38 37 31 139 34 190 136 276 172 90 49 39 28 31 59 
0.41 1e+07 1e+07 1e+07 1e+07 1e+07 1e+07 1e+07 4.96948e+06 1.18169e+06 8.06371e+06 177308 124573 209413 125943 37014 12178 241072 31302 7800 39755 64594 3243 6442 4439 23402 2909 8469 11085 8796 18971 12499 8801 2035 869 2625 779 1331 7664 310 633 740 257 137 201 357 879 51 193 172 84 102 99 287 51 557 76 169 315 472 470 261 71 44 43 29 87 28 43 153 46 36 123 299 131 50 64 57 64 29 39 
0.42 1e+07 1e+07 1e+07 1e+07 1e+07 1e+07 2.12062e+06 841342 3.28638e+06 1.75543e+06 124455 38272 32035 3.65812e+06 18798 17763 22153 10121 6313 5589 38595 4507 2777 9616 2362 1025 10091 29042 3375 1697 19367 2891 1589 395 540 24006 3202 489 348 1745 3620 322 1179 139 557 211 111 835 771 249 265 59 73 215 77 146 185 192 145 160 38 170 54 68 41 29 36 29 121 54 36 31 309 148 24 26 26 34 39 35 
0.43 1e+07 1e+07 1e+07 1e+07 7.2332e+06 2.72723e+06 5.40724e+06 1.06568e+06 1.45628e+06 398676 353071 97793 78665 24711 25748 14723 8826 14499 22285 1423 1463 4738 810 1831 66475 5185 1103 948 10238 16756 21204 1432 1080 1495 1194 122 338 105 689 667 1110 374 38 76 107 101 142 49 162 104 34 346 44 35 62 44 115 617 283 85 311 70 383 28 28 43 109 38 70 30 57 101 64 30 33 23 24 17 15 18 
0.44 1e+07 1e+07 1e+07 3.48632e+06 2.85904e+06 1e+07 4.18547e+06 540374 170348 1e+07 27049 33835 55982 79352 166816 9576 5778 7385 4050 4585 7633 6074 20602 6424 1911 1527 1100 6890 10030 2324 2798 7223 24073 1335 2462 580 152 176 213 1362 147 201 431 39 302 91 84 313 68 73 193 88 31 94 25 59 74 74 72 90 71 86 46 79 154 44 37 25 54 47 33 44 25 110 31 18 53 43 23 18 
0.45 1e+07 1e+07 3.85978e+06 1e+07 1e+07 1.3122e+06 2.6734e+06 215306 128481 57290 14075 19463 42414 5466 7884 43940 100384 11031 2042 3946 5438 3329 1261 5904 1964 1433 1240 1862 4004 1995 4448 2087 644 421 1946 1051 19999 1466 100 1159 52 31 114 111 231 111 237 310 156 106 96 560 50 38 95 45 20 36 45 82 43 91 82 89 109 42 38 108 40 24 55 35 36 26 19 34 48 19 19 22 
0.46 1e+07 7.3067e+06 1e+07 2.65392e+06 3.66394e+06 356032 175984 1.64166e+06 103203 37976 64529 24817 44486 6678 3820 3145 2325 6378 3739 1284 10507 6536 2047 1166 12198 1680 8150 6371 5164 777 4069 1389 910 11568 431 945 596 227 378 241 103 21 28 72 79 246 160 268 28 20 20 100 80 1911 236 101 26 18 79 258 73 64 132 122 3892 56 120 38 81 53 57 27 24 23 37 40 19 29 17 50 
0.47 9.44836e+06 1.91742e+06 1.93042e+06 1.02233e+06 1.30499e+06 546079 293916 103953 55990 15358 85746 2616 11465 18076 4644 1925 2899 5552 4817 2292 11014 1576 6579 2184 4120 1045 2939 1446 2176 1693 708 702 502 695 218 435 84 216 75 111 44 19 34 34 131 60 26 19 51 94 92 184 82 19 108 48 95 117 18 26 38 29 24 117 106 87 57 33 59 45 22 121 113 19 43 20 17 32 56 11 
