epsilon_k[0]0.1
epsilon_k[0]2.18e-05
epsilon_k[0]7.08e-05
epsilon_k[0]2.54e-05
epsilon_k[0]1e-05
epsilon_k[0]7.8e-06
epsilon_k[0]0.218
omega_x01.05558
omega_y01.26292
dx 0.01
n_theta 100
dtheta 0.00785398
epsilon 12
max_turns 10000000
from_angle 80
to_angle 88
0.628319 1e+07 1e+07 17604 7617 2568 985 
0.636173 1e+07 1e+07 16660 7624 2528 987 
0.644026 1e+07 1e+07 14558 8043 2526 991 
0.65188 1e+07 1e+07 14230 8540 2528 980 
0.659734 1e+07 1e+07 14240 8535 2579 979 
0.667588 1e+07 1e+07 14231 8544 2582 978 
0.675442 1e+07 1e+07 14308 9517 2689 977 
0.683296 1e+07 1e+07 14456 14456 2682 979 
0.69115 1e+07 1e+07 14577 14577 2807 976 
