epsilon_k[0] 0.0001
epsilon_k[1] 2.18e-05
epsilon_k[2] 7.08e-05
epsilon_k[3] 2.54e-05
epsilon_k[4] 1e-05
epsilon_k[5] 7.8e-06
epsilon_k[6] 2.18e-05
omega_x0 0.168
omega_y0 0.201
dx 0.01
n_theta 100
dtheta 0.015708
epsilon 20
max_turns 10000000
from_angle 50
to_angle 55
0.785398 1e+07 1e+07 1e+07 1e+07 1e+07 1e+07 1e+07 1e+07 1e+07 1e+07 1e+07 1e+07 1e+07 1e+07 1e+07 1e+07 1e+07 1e+07 1e+07 1e+07 1e+07 1e+07 1e+07 1e+07 1e+07 1e+07 1e+07 1e+07 1e+07 1e+07 1e+07 1e+07 1e+07 6.57298e+06 9.01814e+06 1e+07 7.04232e+06 3.24813e+06 4.38542e+06 952235 1.05562e+06 1.37684e+06 448237 166748 102778 136292 47210 74325 19711 24453 38625 6518 3978 990 2881 1672 844 588 651 181 441 626 66 123 204 135 37 46 20 14 12 11 11 11 10 10 10 10 10 10 10 10 10 9 9 9 9 9 9 9 9 9 10 10 10 10 11 12 35 12 
0.801106 1e+07 1e+07 1e+07 1e+07 1e+07 1e+07 1e+07 1e+07 1e+07 1e+07 1e+07 1e+07 1e+07 1e+07 1e+07 1e+07 1e+07 1e+07 1e+07 1e+07 1e+07 1e+07 1e+07 1e+07 1e+07 1e+07 1e+07 1e+07 1e+07 1e+07 1e+07 1e+07 1e+07 1e+07 7.86152e+06 2.68209e+06 3.24027e+06 1e+07 4.68411e+06 1.94594e+06 2.95795e+06 367960 190737 1e+07 80139 75441 34651 16561 78608 13748 4130 5553 14558 1636 3698 600 3870 232 222 765 169 594 134 83 57 53 40 160 54 16 12 12 11 11 11 10 10 10 10 10 10 10 10 10 10 11 11 12 15 13 13 17 17 11 11 11 13 14 12 11 
0.816814 1e+07 1e+07 1e+07 1e+07 1e+07 1e+07 1e+07 1e+07 1e+07 1e+07 1e+07 1e+07 1e+07 1e+07 1e+07 1e+07 1e+07 1e+07 1e+07 1e+07 1e+07 1e+07 1e+07 1e+07 1e+07 1e+07 1e+07 1e+07 1e+07 1e+07 1e+07 1e+07 1e+07 1e+07 1e+07 1e+07 5.3392e+06 4.13762e+06 7.71332e+06 2.69107e+06 1.09174e+06 391204 2.06832e+06 2.94864e+06 5.87853e+06 188766 106598 110617 17790 16104 98322 13519 14372 1233 1762 4304 3699 10681 341 434 29 53 71 95 205 95 25 18 121 20 36 13 12 12 12 12 12 12 13 14 14 16 19 13 13 17 21 12 11 11 12 14 12 14 11 10 10 10 10 11 
0.832522 1e+07 1e+07 1e+07 1e+07 1e+07 1e+07 1e+07 1e+07 1e+07 1e+07 1e+07 1e+07 1e+07 1e+07 1e+07 1e+07 1e+07 1e+07 1e+07 1e+07 1e+07 1e+07 1e+07 1e+07 1e+07 1e+07 1e+07 1e+07 1e+07 1e+07 1e+07 1e+07 1e+07 6.07281e+06 3.70502e+06 3.48545e+06 2.23169e+06 1.12974e+06 1e+07 1e+07 295794 190417 1.01597e+06 144734 90980 41266 22551 22740 11146 12779 11696 27445 3394 4836 2922 372 1517 163 9089 69 124 29 245 138 91 129 127 69 25 19 18 18 17 19 22 21 19 16 15 14 28 15 17 12 11 12 13 15 13 19 11 10 10 12 13 12 10 9 9 8 
0.84823 1e+07 1e+07 1e+07 1e+07 1e+07 1e+07 1e+07 1e+07 1e+07 1e+07 1e+07 1e+07 1e+07 1e+07 1e+07 1e+07 1e+07 1e+07 1e+07 1e+07 1e+07 1e+07 1e+07 1e+07 1e+07 1e+07 1e+07 1e+07 1e+07 1e+07 1e+07 1e+07 1e+07 1e+07 1e+07 1e+07 9.5985e+06 2.43548e+06 1e+07 765139 706382 1.33476e+06 245157 109557 20340 50448 114555 35645 55893 9297 3120 8921 4373 56938 2641 285 1807 1438 99 176 101 85 20 20 39 37 32 44 39 90 178 30 16 25 20 15 22 18 15 17 12 12 12 18 18 14 28 12 13 13 12 12 10 10 9 8 7 7 7 7 
