epsilon_k[0] 0.0001
epsilon_k[1] 2.18e-05
epsilon_k[2] 7.08e-05
epsilon_k[3] 2.54e-05
epsilon_k[4] 1e-05
epsilon_k[5] 7.8e-06
epsilon_k[6] 2.18e-05
omega_x0 0.168
omega_y0 0.201
dx 0.01
n_theta 100
dtheta 0.015708
epsilon 12
max_turns 10000000
from_angle 50
to_angle 55
0.785398 1e+07 1e+07 1e+07 1e+07 1e+07 1e+07 1e+07 1e+07 1e+07 1e+07 1e+07 1e+07 1e+07 1e+07 1e+07 1e+07 1e+07 1e+07 1e+07 1e+07 1e+07 1e+07 1e+07 1e+07 1e+07 1e+07 1e+07 1e+07 1e+07 1e+07 1e+07 1e+07 1e+07 1e+07 1e+07 1e+07 1e+07 9.64575e+06 1e+07 4.52155e+06 455709 366724 1.66898e+06 221917 187731 485072 6.00925e+06 362931 28358 20264 7770 2166 5718 4946 1392 1240 3652 4992 168 111 48 353 90 58 65 33 21 62 20 13 12 11 11 11 10 10 10 10 10 10 10 10 10 9 9 9 9 9 9 9 9 9 10 10 10 10 11 12 14 12 
0.801106 1e+07 1e+07 1e+07 1e+07 1e+07 1e+07 1e+07 1e+07 1e+07 1e+07 1e+07 1e+07 1e+07 1e+07 1e+07 1e+07 1e+07 1e+07 1e+07 1e+07 1e+07 1e+07 1e+07 1e+07 1e+07 1e+07 1e+07 1e+07 1e+07 1e+07 1e+07 1e+07 1e+07 1e+07 1e+07 1e+07 1e+07 6.22549e+06 9.4536e+06 2.64698e+06 693567 395143 511676 101573 92226 207856 237207 44029 5148 21585 145360 12283 2703 62532 8244 944 540 429 1131 320 327 143 97 167 97 432 47 237 20 14 12 11 11 11 11 10 10 10 10 10 10 10 10 10 10 11 12 12 15 12 13 15 14 11 11 11 15 13 12 11 
0.816814 1e+07 1e+07 1e+07 1e+07 1e+07 1e+07 1e+07 1e+07 1e+07 1e+07 1e+07 1e+07 1e+07 1e+07 1e+07 1e+07 1e+07 1e+07 1e+07 1e+07 1e+07 1e+07 1e+07 1e+07 1e+07 1e+07 1e+07 1e+07 1e+07 1e+07 1e+07 1e+07 1e+07 1e+07 1e+07 8.1239e+06 1e+07 1e+07 9.22197e+06 2.68449e+06 612942 1e+07 219295 125548 228211 1.0629e+06 219048 109832 14002 7760 8962 36753 22725 5884 1991 236 5412 228 77 197 94 114 248 59 651 69 76 18 39 19 32 13 12 12 12 12 12 12 13 16 14 20 17 13 14 15 16 12 11 11 12 17 12 14 10 10 10 10 10 12 
0.832522 1e+07 1e+07 1e+07 1e+07 1e+07 1e+07 1e+07 1e+07 1e+07 1e+07 1e+07 1e+07 1e+07 1e+07 1e+07 1e+07 1e+07 1e+07 1e+07 1e+07 1e+07 1e+07 1e+07 1e+07 1e+07 1e+07 1e+07 1e+07 1e+07 1e+07 1e+07 1e+07 1e+07 1e+07 1e+07 5.35344e+06 1e+07 1.14926e+06 1.0034e+06 2.31519e+06 5.09644e+06 898939 282546 63406 58769 1.09292e+06 108555 50527 12490 26757 3857 2428 4000 26764 752 2216 988 694 83 253 28 308 3164 79 45 96 126 67 30 19 18 18 17 37 24 24 20 21 14 14 19 14 17 12 11 12 13 20 13 19 11 10 10 13 12 12 10 9 9 8 
0.84823 1e+07 1e+07 1e+07 1e+07 1e+07 1e+07 1e+07 1e+07 1e+07 1e+07 1e+07 1e+07 1e+07 1e+07 1e+07 1e+07 1e+07 1e+07 1e+07 1e+07 1e+07 1e+07 1e+07 1e+07 1e+07 1e+07 1e+07 1e+07 1e+07 1e+07 1e+07 1e+07 1e+07 1e+07 1e+07 1e+07 4.49494e+06 1e+07 873668 1e+07 470243 1.67038e+06 175102 522322 289739 116163 39596 66615 186169 6633 7768 8120 5023 807 14653 4769 591 390 27993 269 180 251 19 21 27 183 584 37 32 34 182 25 16 22 32 16 45 27 15 14 12 12 12 16 21 14 18 12 17 16 12 11 10 10 9 8 7 7 7 7 
