epsilon_k[0] 0.0001
epsilon_k[1] 2.18e-05
epsilon_k[2] 7.08e-05
epsilon_k[3] 2.54e-05
epsilon_k[4] 1e-05
epsilon_k[5] 7.8e-06
epsilon_k[6] 2.18e-05
omega_x0 0.168
omega_y0 0.201
dx 0.01
epsilon 12
max_turns 10000000
from_y 40
to_y 48
0.4 1e+07 1e+07 1e+07 1e+07 1e+07 1e+07 1e+07 1e+07 6.08299e+06 1.00054e+06 1.00054e+06 840656 114768 57408 29256 29256 29256 29256 15920 15920 15920 13198 13198 13198 7581 5601 5601 2359 2359 2359 2359 2359 2359 2359 2359 2357 2357 1362 722 
0.41 1e+07 1e+07 1e+07 1e+07 1e+07 1e+07 1e+07 4.96948e+06 1.18169e+06 1.18169e+06 177308 124573 124573 124573 37014 12178 12178 12178 7800 7800 7800 3243 3243 3243 3243 2909 2909 2909 2909 2909 2909 2909 2035 869 
0.42 1e+07 1e+07 1e+07 1e+07 1e+07 1e+07 2.12062e+06 841342 841342 841342 124455 38272 32035 32035 18798 17763 17763 10121 6313 5589 5589 4507 2777 2777 2362 1025 1025 1025 1025 1025 1025 1025 1025 395 
0.43 1e+07 1e+07 1e+07 1e+07 7.2332e+06 2.72723e+06 2.72723e+06 1.06568e+06 1.06568e+06 398676 353071 97793 78665 24711 24711 14723 8826 8826 8826 1423 1423 1423 810 
0.44 1e+07 1e+07 1e+07 3.48632e+06 2.85904e+06 2.85904e+06 2.85904e+06 540374 170348 170348 27049 27049 27049 27049 27049 9576 5778 5778 4050 4050 4050 4050 4050 4050 1911 1527 1100 1100 1100 1100 1100 1100 1100 1100 1100 580 
0.45 1e+07 1e+07 3.85978e+06 3.85978e+06 3.85978e+06 1.3122e+06 1.3122e+06 215306 128481 57290 14075 14075 14075 5466 5466 5466 5466 5466 2042 2042 2042 2042 1261 1261 1261 1261 1240 1240 1240 1240 1240 1240 644 
0.46 1e+07 7.3067e+06 7.3067e+06 2.65392e+06 2.65392e+06 356032 175984 175984 103203 37976 37976 24817 24817 6678 3820 3145 2325 2325 2325 1284 1284 1284 1284 1166 1166 1166 1166 1166 1166 777 
0.47 9.44836e+06 1.91742e+06 1.91742e+06 1.02233e+06 1.02233e+06 546079 293916 103953 55990 15358 15358 2616 2616 2616 2616 1925 1925 1925 1925 1925 1925 1576 1576 1576 1576 1045 1045 1045 1045 1045 708 
