epsilon_k[0] 0.0001
epsilon_k[1] 2.18e-05
epsilon_k[2] 7.08e-05
epsilon_k[3] 2.54e-05
epsilon_k[4] 1e-05
epsilon_k[5] 7.8e-06
epsilon_k[6] 2.18e-05
omega_x0 0.168
omega_y0 0.201
dx 0.01
n_theta 100
dtheta 0.015708
epsilon 60
max_turns 10000000
from_angle 85
to_angle 90
1.33518 1e+07 1e+07 1e+07 1e+07 1e+07 1e+07 1e+07 1e+07 1e+07 1e+07 1e+07 1e+07 1e+07 1e+07 1e+07 1e+07 1e+07 1e+07 1e+07 1e+07 1e+07 1e+07 1e+07 1e+07 1e+07 1e+07 1e+07 1e+07 1e+07 1e+07 1e+07 1e+07 1.27487e+06 3.49692e+06 2.50982e+06 915329 613834 136370 813855 218950 95387 415064 1.15131e+06 46940 33040 9923 11601 17207 2937 3920 7394 623 3475 509 2816 1699 460 5724 93 429 119 950 267 66 31 64 80 24 72 91 367 39 35 38 54 18 17 20 23 13 21 29 18 12 9 8 8 7 7 7 7 7 6 6 6 6 6 6 6 6 
1.35088 1e+07 1e+07 1e+07 1e+07 1e+07 1e+07 1e+07 1e+07 1e+07 1e+07 1e+07 1e+07 1e+07 1e+07 1e+07 1e+07 1e+07 1e+07 1e+07 1e+07 1e+07 1e+07 1e+07 1e+07 1e+07 1e+07 1e+07 1e+07 1e+07 1e+07 1e+07 1e+07 1e+07 9.06761e+06 6.56568e+06 3.59047e+06 953285 701504 606046 170769 860541 1.20834e+06 101821 54199 40854 266659 16817 4833 2893 3604 11552 2357 604 2918 282 182 503 261 363 287 233 108 421 160 100 31 232 76 102 25 23 55 55 25 63 275 21 21 16 16 19 13 14 25 13 15 9 8 8 7 7 7 7 7 7 6 6 6 6 6 
1.36659 1e+07 1e+07 1e+07 1e+07 1e+07 1e+07 1e+07 1e+07 1e+07 1e+07 1e+07 1e+07 1e+07 1e+07 1e+07 1e+07 1e+07 1e+07 1e+07 1e+07 1e+07 1e+07 1e+07 1e+07 1e+07 1e+07 1e+07 1e+07 1e+07 1e+07 1e+07 1e+07 1e+07 9.4244e+06 4.1731e+06 3.83951e+06 539616 1.32448e+06 272403 120143 122533 542076 182922 72614 144194 206663 21699 2100 3334 2660 2086 15140 4616 449 868 501 215 173 876 189 77 169 83 60 95 58 24 46 94 18 17 69 155 54 148 91 98 30 25 15 13 14 17 23 12 16 25 13 11 9 8 8 7 7 7 7 7 7 7 6 
1.3823 1e+07 1e+07 1e+07 1e+07 1e+07 1e+07 1e+07 1e+07 1e+07 1e+07 1e+07 1e+07 1e+07 1e+07 1e+07 1e+07 1e+07 1e+07 1e+07 1e+07 1e+07 1e+07 1e+07 1e+07 1e+07 1e+07 1e+07 1e+07 1e+07 1e+07 1e+07 1e+07 1e+07 4.63415e+06 2.19439e+06 5.11223e+06 717121 382502 984295 225876 498417 522671 365101 123392 9628 7897 14596 178993 4185 2852 3200 1635 550 11397 232 542 1035 250 219 244 128 117 314 225 221 123 30 31 23 29 24 17 16 17 22 99 86 37 99 40 18 12 11 11 11 12 13 14 12 14 11 14 11 9 8 8 8 7 7 7 
1.39801 1e+07 1e+07 1e+07 1e+07 1e+07 1e+07 1e+07 1e+07 1e+07 1e+07 1e+07 1e+07 1e+07 1e+07 1e+07 1e+07 1e+07 1e+07 1e+07 1e+07 1e+07 1e+07 1e+07 1e+07 1e+07 1e+07 1e+07 1e+07 1e+07 1e+07 1e+07 1e+07 1e+07 7.87129e+06 6.30476e+06 2.72209e+06 7.04117e+06 1.14967e+06 1e+07 455901 766617 591222 279597 338127 30304 130054 31526 5498 3552 5682 1329 1531 3771 1029 355 1698 2818 1664 230 1195 126 182 145 82 162 148 106 40 27 52 30 36 64 22 17 16 16 25 22 32 15 25 32 47 12 11 11 10 10 10 11 13 15 12 13 10 10 10 9 9 
1.41372 1e+07 1e+07 1e+07 1e+07 1e+07 1e+07 1e+07 1e+07 1e+07 1e+07 1e+07 1e+07 1e+07 1e+07 1e+07 1e+07 1e+07 1e+07 1e+07 1e+07 1e+07 1e+07 1e+07 1e+07 1e+07 1e+07 1e+07 1e+07 1e+07 1e+07 1e+07 1e+07 1e+07 1e+07 4.86931e+06 4.04142e+06 2.6123e+06 1e+07 1.384e+06 863441 930696 420559 590716 164970 585795 603642 86113 32192 118778 17481 1723 1371 1888 1234 483 1013 514 4547 340 451 628 100 101 109 122 83 356 63 90 27 33 36 33 145 21 72 20 18 19 15 15 20 25 15 14 21 18 15 12 11 10 10 10 10 10 10 10 10 10 10 
