epsilon_k[0] 0.0001
epsilon_k[1] 2.18e-05
epsilon_k[2] 7.08e-05
epsilon_k[3] 2.54e-05
epsilon_k[4] 1e-05
epsilon_k[5] 7.8e-06
epsilon_k[6] 2.18e-05
omega_x0 0.168
omega_y0 0.201
dx 0.01
n_theta 100
dtheta 0.015708
epsilon 18
max_turns 10000000
from_angle 40
to_angle 45
0.628319 1e+07 1e+07 1e+07 1e+07 1e+07 1e+07 1e+07 1e+07 1e+07 1e+07 1e+07 1e+07 1e+07 1e+07 1e+07 1e+07 1e+07 1e+07 1e+07 1e+07 1e+07 1e+07 1e+07 1e+07 1e+07 1e+07 1e+07 1e+07 1e+07 1e+07 1e+07 1e+07 1e+07 1e+07 1e+07 1e+07 1e+07 1e+07 1e+07 5.04098e+06 1e+07 5.46516e+06 1e+07 3.60871e+06 1.35532e+06 6.99022e+06 577336 1.5113e+06 216016 158403 23279 53922 4018 4420 19419 5034 4201 1607 2038 2830 1196 651 248 152 277 130 97 102 198 275 684 165 508 96 277 101 63 47 58 47 124 248 79 38 40 66 16 16 16 16 38 22 39 25 29 26 14 36 30 10 
0.644026 1e+07 1e+07 1e+07 1e+07 1e+07 1e+07 1e+07 1e+07 1e+07 1e+07 1e+07 1e+07 1e+07 1e+07 1e+07 1e+07 1e+07 1e+07 1e+07 1e+07 1e+07 1e+07 1e+07 1e+07 1e+07 1e+07 1e+07 1e+07 1e+07 1e+07 1e+07 1e+07 1e+07 1e+07 1e+07 1e+07 1e+07 1e+07 1e+07 1e+07 1e+07 1e+07 1e+07 1e+07 1e+07 1.49566e+06 591791 191177 291999 93719 168257 66248 3956 9580 2327 2367 5223 757 22562 15652 579 322 1176 971 629 1011 95 145 40 391 144 350 85 569 105 191 31 59 511 231 141 42 34 27 127 75 32 65 15 15 18 20 21 15 16 16 14 15 15 12 
0.659734 1e+07 1e+07 1e+07 1e+07 1e+07 1e+07 1e+07 1e+07 1e+07 1e+07 1e+07 1e+07 1e+07 1e+07 1e+07 1e+07 1e+07 1e+07 1e+07 1e+07 1e+07 1e+07 1e+07 1e+07 1e+07 1e+07 1e+07 1e+07 1e+07 1e+07 1e+07 1e+07 1e+07 1e+07 1e+07 1e+07 1e+07 1e+07 1e+07 1e+07 1e+07 1e+07 1e+07 1e+07 1e+07 1.32919e+06 2.49697e+06 1.90172e+06 473528 46505 38703 15683 104314 7.36287e+06 4920 1556 5757 2180 293 418 721 1756 231 240 275 325 558 194 327 78 106 214 57 117 170 43 149 44 109 77 85 40 22 24 39 82 37 28 22 19 53 15 15 28 18 24 14 13 19 14 
0.675442 1e+07 1e+07 1e+07 1e+07 1e+07 1e+07 1e+07 1e+07 1e+07 1e+07 1e+07 1e+07 1e+07 1e+07 1e+07 1e+07 1e+07 1e+07 1e+07 1e+07 1e+07 1e+07 1e+07 1e+07 1e+07 1e+07 1e+07 1e+07 1e+07 1e+07 1e+07 1e+07 1e+07 1e+07 1e+07 1e+07 1e+07 1e+07 1e+07 8.31942e+06 1e+07 1e+07 3.96525e+06 2.28872e+06 1e+07 639616 2.30129e+06 262623 380298 83323 10035 12134 12403 3819 6919 1919 3690 4728 2146 708 615 833 535 176 783 130 169 301 181 228 82 195 20 19 18 18 18 37 45 30 25 35 121 96 15 13 13 13 12 12 12 13 19 18 15 17 14 15 19 12 
0.69115 1e+07 1e+07 1e+07 1e+07 1e+07 1e+07 1e+07 1e+07 1e+07 1e+07 1e+07 1e+07 1e+07 1e+07 1e+07 1e+07 1e+07 1e+07 1e+07 1e+07 1e+07 1e+07 1e+07 1e+07 1e+07 1e+07 1e+07 1e+07 1e+07 1e+07 1e+07 1e+07 1e+07 1e+07 8.14645e+06 1e+07 1e+07 1e+07 1e+07 1e+07 8.16061e+06 1e+07 5.90186e+06 2.06184e+06 3.44622e+06 811722 598846 718040 475032 64174 103330 10200 53915 5753 1072 2601 704 1110 369 326 1573 1302 391 549 51 121 287 41 123 429 157 31 82 45 55 65 41 51 37 34 22 22 23 25 33 26 23 18 18 15 14 15 15 13 12 12 11 11 11 12 
