epsilon_k[0]0.1
epsilon_k[0]2.18e-05
epsilon_k[0]7.08e-05
epsilon_k[0]2.54e-05
epsilon_k[0]1e-05
epsilon_k[0]7.8e-06
epsilon_k[0]0.218
omega_x01.05558
omega_y01.26292
dx 0.01
n_theta 100
dtheta 0.00785398
epsilon 2
max_turns 10000000
from_angle 64
to_angle 72
0.502655 1e+07 1e+07 1e+07 1e+07 1e+07 1e+07 1e+07 1e+07 5.16043e+06 401248 88632 88632 88632 41930 18705 18705 18705 18705 6566 6566 3089 3089 2708 2212 1349 407 
0.510509 1e+07 1e+07 1e+07 1e+07 1e+07 1e+07 1e+07 1e+07 3.90261e+06 171427 171427 105225 105225 31331 31331 31331 14361 14361 14361 6159 6159 3958 1273 552 
0.518363 1e+07 1e+07 1e+07 1e+07 1e+07 1e+07 1e+07 1e+07 7.34108e+06 1.11623e+06 444021 28253 28253 28253 28253 23766 23766 21318 8364 7121 5476 4670 1194 1194 1061 405 
0.526217 1e+07 1e+07 1e+07 1e+07 1e+07 1e+07 1e+07 1e+07 1.8483e+06 1.23828e+06 1.23828e+06 30862 30862 30862 30862 30862 27254 7027 7027 6488 5690 1346 1346 555 
0.534071 1e+07 1e+07 1e+07 1e+07 1e+07 1e+07 1e+07 5.13013e+06 4.20945e+06 476790 65449 65449 45908 45908 45908 38191 38191 16979 7426 3554 2288 2145 2141 2141 407 
0.541925 1e+07 1e+07 1e+07 1e+07 1e+07 1e+07 1e+07 1e+07 1e+07 6.41468e+06 337867 38208 38208 35132 35132 35132 20301 20301 9090 3950 3950 1340 1340 1340 406 
0.549779 1e+07 1e+07 1e+07 1e+07 1e+07 1e+07 1e+07 8.55999e+06 4.24291e+06 4.24291e+06 1.14198e+06 210829 210829 36564 36564 36564 33316 13899 13899 6339 5617 1998 1200 1200 406 
0.557633 1e+07 1e+07 1e+07 1e+07 1e+07 1e+07 1e+07 1e+07 1e+07 579078 463112 26225 26225 26225 9736 9736 9736 9736 9736 2287 2287 1275 1275 483 
0.565487 1e+07 1e+07 1e+07 1e+07 1e+07 1e+07 1e+07 7.58763e+06 3.76442e+06 1.21831e+06 1.21831e+06 101908 88086 59351 48626 23925 23925 13974 13974 3957 3957 1349 1349 959 
