epsilon_k[0] 0.1
epsilon_k[0] 2.18e-05
epsilon_k[0] 7.08e-05
epsilon_k[0] 2.54e-05
epsilon_k[0] 1e-05
epsilon_k[0] 7.8e-06
epsilon_k[0] 0.218
omega_x0 0.168
omega_y0 0.201
dx 0.01
n_theta 100
dtheta 0.00785398
epsilon 16
max_turns 10000000
from_angle 88
to_angle 96
0.69115 1e+07 226177 10154 5302 2849 1521 1050 882 
0.699004 1e+07 263167 10239 5344 2805 1332 964 
0.706858 1e+07 203077 10410 5355 2742 1274 919 
0.714712 1e+07 245323 10422 5363 2698 1215 906 
0.722566 1e+07 174573 10505 5361 2688 1197 904 
0.73042 1e+07 196352 10594 5362 2774 1181 903 
0.738274 1e+07 169234 10983 5394 2766 1172 902 
0.746128 1e+07 106202 12038 5560 2634 1172 902 
0.753982 1e+07 61904 12178 5856 2604 1175 903 
