epsilon_k[0] 0.0001
epsilon_k[1] 2.18e-05
epsilon_k[2] 7.08e-05
epsilon_k[3] 2.54e-05
epsilon_k[4] 1e-05
epsilon_k[5] 7.8e-06
epsilon_k[6] 2.18e-05
omega_x0 0.168
omega_y0 0.201
dx 0.01
n_theta 100
dtheta 0.015708
epsilon 12
max_turns 10000000
from_angle 55
to_angle 60
0.863938 1e+07 1e+07 1e+07 1e+07 1e+07 1e+07 1e+07 1e+07 1e+07 1e+07 1e+07 1e+07 1e+07 1e+07 1e+07 1e+07 1e+07 1e+07 1e+07 1e+07 1e+07 1e+07 1e+07 1e+07 1e+07 1e+07 1e+07 1e+07 1e+07 1e+07 1e+07 1e+07 1e+07 1e+07 1e+07 1e+07 1e+07 1e+07 1.52004e+06 216009 101489 439045 73201 125731 464891 371818 52392 52066 50506 157543 5843 2576 2677 5108 3298 1225 1142 116 165 7922 1517 37 55 19 18 18 18 17 18 32 21 141 41 43 19 15 25 13 12 12 22 16 22 15 23 14 13 15 11 11 10 8 8 7 7 7 7 7 6 6 
0.879646 1e+07 1e+07 1e+07 1e+07 1e+07 1e+07 1e+07 1e+07 1e+07 1e+07 1e+07 1e+07 1e+07 1e+07 1e+07 1e+07 1e+07 1e+07 1e+07 1e+07 1e+07 1e+07 1e+07 1e+07 1e+07 1e+07 1e+07 1e+07 1e+07 1e+07 1e+07 1e+07 1e+07 1e+07 1e+07 1e+07 1e+07 1e+07 344832 103964 616802 76409 53925 172543 45653 92025 116105 203397 128491 50913 9011 14450 2202 888 222 542 292 397 1572 82 641 83 154 43 63 115 46 29 87 133 82 73 89 15 23 13 13 13 17 23 20 15 19 14 14 13 12 11 9 8 7 7 7 7 7 6 6 6 6 6 
0.895354 1e+07 1e+07 1e+07 1e+07 1e+07 1e+07 1e+07 1e+07 1e+07 1e+07 1e+07 1e+07 1e+07 1e+07 1e+07 1e+07 1e+07 1e+07 1e+07 1e+07 1e+07 1e+07 1e+07 1e+07 1e+07 1e+07 1e+07 1e+07 1e+07 1e+07 1e+07 1e+07 1e+07 1e+07 1e+07 1e+07 1e+07 5.99522e+06 372928 237732 189117 1.5641e+06 145236 503820 81053 53387 92758 8.11914e+06 69929 6647 14344 16586 185601 15481 4062 1461 1012 452 376 544 229 79 36 198 67 109 433 61 79 347 24 16 23 39 13 13 24 22 37 19 17 13 19 12 13 11 8 8 7 7 7 7 6 6 6 6 6 6 6 6 
0.911062 1e+07 1e+07 1e+07 1e+07 1e+07 1e+07 1e+07 1e+07 1e+07 1e+07 1e+07 1e+07 1e+07 1e+07 1e+07 1e+07 1e+07 1e+07 1e+07 1e+07 1e+07 1e+07 1e+07 1e+07 1e+07 1e+07 1e+07 1e+07 1e+07 1e+07 1e+07 1e+07 1e+07 1e+07 1e+07 1e+07 1e+07 1e+07 7.42674e+06 2.52166e+06 240845 229079 72116 112768 19655 64124 14682 32032 9722 26411 4946 5110 11789 4846 1358 663 3447 210 76 377 89 80 166 87 81 153 57 69 77 17 17 154 15 14 46 43 50 23 18 13 18 13 27 10 8 8 7 7 7 7 6 6 6 6 6 6 6 6 6 6 
0.92677 1e+07 1e+07 1e+07 1e+07 1e+07 1e+07 1e+07 1e+07 1e+07 1e+07 1e+07 1e+07 1e+07 1e+07 1e+07 1e+07 1e+07 1e+07 1e+07 1e+07 1e+07 1e+07 1e+07 1e+07 1e+07 1e+07 1e+07 1e+07 1e+07 1e+07 1e+07 1e+07 1e+07 1e+07 1e+07 1e+07 1e+07 1e+07 1e+07 1.41478e+06 435648 560208 440729 28858 24054 305470 879064 48823 8149 84165 63609 3492 1728 5555 1327 1478 6929 188 7710 69 109 150 64 243 70 34 101 62 16 67 384 31 15 68 79 81 33 16 59 22 27 10 8 8 7 7 7 7 7 6 6 6 6 6 6 6 6 6 6 6 
