epsilon_k[0]0.1
epsilon_k[0]2.18e-05
epsilon_k[0]7.08e-05
epsilon_k[0]2.54e-05
epsilon_k[0]1e-05
epsilon_k[0]7.8e-06
epsilon_k[0]0.218
omega_x01.75929
omega_y01.94779
dx 0.01
n_theta 100
dtheta 0.00785398
epsilon 8
max_turns 10000000
from_angle 48
to_angle 56
0.376991 1e+07 143588 11183 4361 1655 1117 828 
0.384845 1e+07 118244 11187 4312 1651 1119 827 
0.392699 1e+07 139742 11202 4384 1643 1145 827 
0.400553 1e+07 176401 11240 4371 1642 1642 826 
0.408407 1e+07 226005 11427 4460 1642 1175 827 
0.416261 1e+07 313382 11931 4636 1642 1192 827 
0.424115 1e+07 425041 12441 4856 1643 1342 828 
0.431969 1e+07 515656 12884 4689 1676 1601 830 
