epsilon_k[0]0.1
epsilon_k[0]2.18e-05
epsilon_k[0]7.08e-05
epsilon_k[0]2.54e-05
epsilon_k[0]1e-05
epsilon_k[0]7.8e-06
epsilon_k[0]0.218
omega_x01.05558
omega_y01.26292
dx 0.01
n_theta 100
dtheta 0.00785398
epsilon 4
max_turns 10000000
from_angle 96
to_angle 101
0.753982 1e+07 1e+07 14474 5376 5376 4299 1497 1283 1283 620 
0.761836 1e+07 1e+07 22693 5429 5429 5429 1495 1283 1283 695 
0.76969 1e+07 1e+07 22038 5876 5876 5441 1495 1283 1283 1013 670 
0.777544 1e+07 1e+07 46837 7361 7361 4310 1496 1282 1282 758 
0.785398 1e+07 1e+07 319019 9085 7169 3588 1934 1282 1282 768 
0.793252 1e+07 1e+07 46261 7900 4358 3596 1496 1282 1282 828 
