epsilon_k[0] 0.0001
epsilon_k[1] 2.18e-05
epsilon_k[2] 7.08e-05
epsilon_k[3] 2.54e-05
epsilon_k[4] 1e-05
epsilon_k[5] 7.8e-06
epsilon_k[6] 2.18e-05
omega_x0 0.168
omega_y0 0.201
dx 0.01
n_theta 100
dtheta 0.015708
epsilon 32
max_turns 10000000
from_angle 30
to_angle 35
0.471239 1e+07 1e+07 1e+07 1e+07 1e+07 1e+07 1e+07 1e+07 1e+07 1e+07 1e+07 1e+07 1e+07 1e+07 1e+07 1e+07 1e+07 1e+07 1e+07 1e+07 1e+07 1e+07 1e+07 1e+07 1e+07 1e+07 1e+07 1e+07 1e+07 1e+07 1e+07 1e+07 1e+07 1e+07 5.53002e+06 1e+07 1e+07 1e+07 1e+07 9.46952e+06 1e+07 1e+07 1e+07 1e+07 2.76855e+06 3.1114e+06 1.07279e+06 1.35547e+06 1.48021e+06 6.6571e+06 452315 923067 21301 159306 10015 8987 5499 1918 3177 26065 840 16166 2610 1586 1162 556 1486 377 80 312 109 495 51 104 137 171 306 54 397 457 31 44 31 30 171 137 143 62 24 38 26 17 14 13 13 13 17 19 14 13 
0.486947 1e+07 1e+07 1e+07 1e+07 1e+07 1e+07 1e+07 1e+07 1e+07 1e+07 1e+07 1e+07 1e+07 1e+07 1e+07 1e+07 1e+07 1e+07 1e+07 1e+07 1e+07 1e+07 1e+07 1e+07 1e+07 1e+07 1e+07 1e+07 1e+07 1e+07 1e+07 1e+07 1e+07 1e+07 1e+07 1e+07 1e+07 1e+07 1e+07 5.93697e+06 1e+07 1e+07 1e+07 1e+07 1e+07 1e+07 645534 491682 1.73365e+06 836771 154215 1e+07 81220 2.27215e+06 12052 63265 6274 3988 4924 1239 5949 729 17934 627 616 640 183 288 1079 133 420 31 87 144 48 145 30 88 81 120 130 114 146 620 44 163 227 82 263 167 183 27 35 22 27 20 16 15 15 16 
0.502655 1e+07 1e+07 1e+07 1e+07 1e+07 1e+07 1e+07 1e+07 1e+07 1e+07 1e+07 1e+07 1e+07 1e+07 1e+07 1e+07 1e+07 1e+07 1e+07 1e+07 1e+07 1e+07 1e+07 1e+07 1e+07 1e+07 1e+07 1e+07 1e+07 1e+07 1e+07 1e+07 1e+07 1e+07 1e+07 1e+07 1e+07 1e+07 1e+07 1e+07 1e+07 1e+07 1e+07 4.21376e+06 1e+07 1e+07 1e+07 4.43842e+06 1.24795e+06 1.1274e+06 157189 284779 60752 85906 19045 5.01552e+06 11677 9031 5941 5499 5689 49105 794 2147 844 3930 1250 519 125 6171 137 51 81 55 94 53 150 138 122 74 68 85 104 92 86 271 52 48 40 15 15 15 22 20 23 35 17 20 27 15 
0.518363 1e+07 1e+07 1e+07 1e+07 1e+07 1e+07 1e+07 1e+07 1e+07 1e+07 1e+07 1e+07 1e+07 1e+07 1e+07 1e+07 1e+07 1e+07 1e+07 1e+07 1e+07 1e+07 1e+07 1e+07 1e+07 1e+07 1e+07 1e+07 1e+07 1e+07 1e+07 1e+07 1e+07 1e+07 1e+07 1e+07 1e+07 1e+07 1e+07 1e+07 2.997e+06 9.85311e+06 1e+07 1e+07 1.26353e+06 1.52715e+06 1e+07 2.4741e+06 1.59948e+06 1e+07 128599 41620 85265 170104 155722 37041 28531 10779 11170 19403 21055 1791 3670 499 788 4416 423 396 226 633 97 149 161 55 75 86 53 34 544 52 33 112 288 63 71 45 27 26 20 23 32 30 27 29 21 11 10 9 9 9 
0.534071 1e+07 1e+07 1e+07 1e+07 1e+07 1e+07 1e+07 1e+07 1e+07 1e+07 1e+07 1e+07 1e+07 1e+07 1e+07 1e+07 1e+07 1e+07 1e+07 1e+07 1e+07 1e+07 1e+07 1e+07 1e+07 1e+07 1e+07 1e+07 1e+07 1e+07 1e+07 1e+07 1e+07 1e+07 6.15088e+06 1e+07 1e+07 1e+07 1e+07 1e+07 6.4246e+06 1e+07 5.76036e+06 1.31713e+06 8.75564e+06 1e+07 1e+07 2.40411e+06 463786 1e+07 201291 419880 401637 20232 40445 9413 5174 10216 5404 6105 5273 3685 829 2502 543 4223 263 750 155 251 100 645 65 39 526 90 126 112 33 41 206 48 71 40 70 40 42 18 94 27 17 54 12 10 9 9 8 8 8 8 
