epsilon_k[0] 0.0001
epsilon_k[1] 2.18e-05
epsilon_k[2] 7.08e-05
epsilon_k[3] 2.54e-05
epsilon_k[4] 1e-05
epsilon_k[5] 7.8e-06
epsilon_k[6] 2.18e-05
omega_x0 0.168
omega_y0 0.201
dx 0.01
n_theta 100
dtheta 0.015708
epsilon 36
max_turns 10000000
from_angle 50
to_angle 55
0.785398 1e+07 1e+07 1e+07 1e+07 1e+07 1e+07 1e+07 1e+07 1e+07 1e+07 1e+07 1e+07 1e+07 1e+07 1e+07 1e+07 1e+07 1e+07 1e+07 1e+07 1e+07 1e+07 1e+07 1e+07 1e+07 1e+07 1e+07 1e+07 1e+07 6.19606e+06 3.13661e+06 1e+07 1e+07 1e+07 1e+07 8.33877e+06 4.72919e+06 1.24931e+06 1.95628e+06 696913 2.24594e+06 1e+07 995076 103501 95332 19997 52487 18853 44476 5472 4059 3110 2433 714 15308 10403 396 409 842 137 232 348 110 404 78 167 45 20 25 23 12 11 11 11 10 10 10 10 10 10 10 10 10 9 9 9 9 9 9 9 9 9 10 10 10 10 11 14 16 13 
0.801106 1e+07 1e+07 1e+07 1e+07 1e+07 1e+07 1e+07 1e+07 1e+07 1e+07 1e+07 1e+07 1e+07 1e+07 1e+07 1e+07 1e+07 1e+07 1e+07 1e+07 1e+07 1e+07 1e+07 1e+07 1e+07 1e+07 1e+07 1e+07 1e+07 2.50558e+06 8.06364e+06 1e+07 5.63901e+06 2.3759e+06 1e+07 3.25166e+06 2.34821e+06 3.40181e+06 558890 6.44347e+06 564773 412261 416480 272612 255855 79604 202254 52910 51394 25647 68498 3089 3837 20538 13198 387 674 339 2366 55 176 120 85 83 206 415 176 19 78 47 12 12 11 11 11 10 10 10 10 10 10 10 10 10 10 11 11 13 13 14 12 17 16 12 11 11 12 18 12 12 
0.816814 1e+07 1e+07 1e+07 1e+07 1e+07 1e+07 1e+07 1e+07 1e+07 1e+07 1e+07 1e+07 1e+07 1e+07 1e+07 1e+07 1e+07 1e+07 1e+07 1e+07 1e+07 1e+07 1e+07 1e+07 1e+07 1e+07 1e+07 1e+07 1e+07 1e+07 1.60638e+06 3.9218e+06 2.70946e+06 2.40118e+06 1.89069e+06 1e+07 1e+07 1.78154e+06 492769 431675 773169 131833 127616 62871 62925 108368 96712 14960 18434 7575 4150 3215 3699 9223 2945 590 172 1244 177 146 99 72 477 161 85 821 48 19 79 25 20 13 12 12 12 11 11 12 12 13 20 14 15 13 13 16 15 12 11 11 12 15 13 14 11 10 10 9 10 10 
0.832522 1e+07 1e+07 1e+07 1e+07 1e+07 1e+07 1e+07 1e+07 1e+07 1e+07 1e+07 1e+07 1e+07 1e+07 1e+07 1e+07 1e+07 1e+07 1e+07 1e+07 1e+07 1e+07 1e+07 1e+07 1e+07 1e+07 1e+07 1e+07 1e+07 1e+07 1e+07 1e+07 1e+07 4.61376e+06 2.88697e+06 6.40274e+06 797965 888659 837923 194314 5.8383e+06 207984 235616 25644 106057 168356 19778 21267 19939 5056 65736 1128 3864 5418 1751 712 553 1739 1106 208 194 727 29 392 113 114 88 126 24 19 18 18 18 17 62 17 26 16 21 14 22 18 19 12 11 11 12 14 13 15 12 10 10 11 14 19 10 9 9 8 
0.84823 1e+07 1e+07 1e+07 1e+07 1e+07 1e+07 1e+07 1e+07 1e+07 1e+07 1e+07 1e+07 1e+07 1e+07 1e+07 1e+07 1e+07 1e+07 1e+07 1e+07 1e+07 1e+07 1e+07 1e+07 1e+07 1e+07 1e+07 1e+07 1e+07 1e+07 1e+07 1e+07 5.61884e+06 1e+07 1e+07 1.53126e+06 5.50161e+06 5.18576e+06 2.1918e+06 199467 188722 213934 117742 253092 34179 18714 20964 6824 10647 7094 3885 62900 2165 795 2175 539 376 599 180 212 117 27 20 20 90 43 162 318 148 83 205 44 17 16 25 15 36 21 15 24 12 12 12 13 15 14 20 13 12 16 12 12 10 10 9 8 8 7 7 7 
