epsilon_k[0] 0.0001
epsilon_k[1] 2.18e-05
epsilon_k[2] 7.08e-05
epsilon_k[3] 2.54e-05
epsilon_k[4] 1e-05
epsilon_k[5] 7.8e-06
epsilon_k[6] 2.18e-05
omega_x0 0.168
omega_y0 0.201
dx 0.01
n_theta 100
dtheta 0.015708
epsilon 56
max_turns 10000000
from_angle 15
to_angle 20
0.235619 1e+07 1e+07 1e+07 1e+07 1e+07 1e+07 1e+07 1e+07 1e+07 1e+07 1e+07 1e+07 1e+07 1e+07 1e+07 1e+07 1e+07 1e+07 1e+07 1e+07 1e+07 1e+07 1e+07 1e+07 1e+07 1e+07 1e+07 1e+07 1e+07 1e+07 1e+07 1.44809e+06 7.73572e+06 1e+07 1e+07 6.33065e+06 1e+07 1.14461e+06 2.71876e+06 6.40743e+06 4.30326e+06 1.69936e+06 6.01117e+06 542101 858357 149685 110006 24994 381947 21175 63386 23551 249685 29849 36512 7336 164504 38063 99306 4980 13224 13331 7554 7676 4889 52156 3152 626 332 784 2745 1668 1539 2153 533 215 654 583 365 620 116 111 413 63 125 84 29 75 15 31 542 123 15 60 18 8 7 7 7 6 
0.251327 1e+07 1e+07 1e+07 1e+07 1e+07 1e+07 1e+07 1e+07 1e+07 1e+07 1e+07 1e+07 1e+07 1e+07 1e+07 1e+07 1e+07 1e+07 1e+07 1e+07 1e+07 1e+07 1e+07 1e+07 1e+07 1e+07 1e+07 1e+07 1e+07 7.55172e+06 1e+07 2.93877e+06 2.01905e+06 4.50752e+06 3.42806e+06 3.54885e+06 5.73657e+06 4.06847e+06 1.10665e+06 1e+07 932281 3.64457e+06 2.35588e+06 7.5453e+06 357299 1.9617e+06 598613 53274 76668 30765 134387 14798 11824 15634 741755 5462 5469 19647 8023 58764 4975 1996 7764 8756 8052 963 3033 5423 816 1281 717 4190 575 287 660 624 47 718 174 439 233 88 255 174 55 29 249 40 237 15 75 255 21 31 46 17 9 8 7 7 
0.267035 1e+07 1e+07 1e+07 1e+07 1e+07 1e+07 1e+07 1e+07 1e+07 1e+07 1e+07 1e+07 1e+07 1e+07 1e+07 1e+07 1e+07 1e+07 1e+07 1e+07 1e+07 1e+07 1e+07 7.89e+06 1e+07 1e+07 1e+07 1e+07 1e+07 1e+07 8.26598e+06 2.3623e+06 4.54408e+06 1e+07 1e+07 1.45782e+06 8.63597e+06 1e+07 810019 3.6263e+06 426972 454872 319801 1.11908e+06 3.48158e+06 478838 163718 108853 15022 96943 406276 9728 11446 18948 40202 10856 42147 23881 8679 4244 4124 37638 5896 3065 2076 531 1900 1018 73241 1582 396 228 573 168 709 121 1195 842 428 298 349 236 137 63 507 26 206 153 74 353 14 24 204 23 91 15 27 83 9 8 
0.282743 1e+07 1e+07 1e+07 1e+07 1e+07 1e+07 1e+07 1e+07 1e+07 1e+07 1e+07 1e+07 1e+07 1e+07 1e+07 1e+07 1e+07 1e+07 1e+07 1e+07 1e+07 1e+07 1e+07 1e+07 1e+07 1e+07 1e+07 1e+07 1e+07 1e+07 3.51588e+06 9.79728e+06 8.69742e+06 1e+07 6.72112e+06 1.23187e+06 2.04404e+06 6.42028e+06 4.03453e+06 1e+07 570235 396495 1.8514e+06 337135 143230 271060 653055 17543 155202 6.03277e+06 81827 86706 137793 24480 8965 29074 16193 90126 6503 19761 2666 1213 1501 13133 3653 1150 694 309 966 134 1133 4460 402 316 1953 432 57 218 40 61 65 187 33 44 467 45 28 48 43 383 49 15 14 33 37 55 103 15 33 45 
0.298451 1e+07 1e+07 1e+07 1e+07 1e+07 1e+07 1e+07 1e+07 1e+07 1e+07 1e+07 1e+07 1e+07 1e+07 1e+07 1e+07 1e+07 1e+07 1e+07 1e+07 1e+07 1e+07 1e+07 1e+07 1e+07 4.68228e+06 1e+07 1e+07 7.41184e+06 1e+07 1e+07 1e+07 2.66678e+06 2.05752e+06 6.5393e+06 1e+07 1.13454e+06 8.55856e+06 1.97618e+06 2.2718e+06 1.18607e+06 404240 4.32159e+06 604846 319402 708672 4.50884e+06 34150 63661 11724 124037 33317 69262 15078 33857 25919 19878 31487 16395 8679 1494 3742 1761 1075 8360 550 654 2494 1413 15510 502 3155 261 293 47 214 923 600 31 30 133 816 107 147 368 82 109 101 152 70 32 574 41 13 14 41 83 42 24 14 
