epsilon_k[0] 0.0001
epsilon_k[1] 2.18e-05
epsilon_k[2] 7.08e-05
epsilon_k[3] 2.54e-05
epsilon_k[4] 1e-05
epsilon_k[5] 7.8e-06
epsilon_k[6] 2.18e-05
omega_x0 0.168
omega_y0 0.201
dx 0.01
n_theta 100
dtheta 0.015708
epsilon 8
max_turns 10000000
from_angle 25
to_angle 30
0.392699 1e+07 1e+07 1e+07 1e+07 1e+07 1e+07 1e+07 1e+07 1e+07 1e+07 1e+07 1e+07 1e+07 1e+07 1e+07 1e+07 1e+07 1e+07 1e+07 1e+07 1e+07 1e+07 1e+07 1e+07 1e+07 1e+07 1e+07 1e+07 1e+07 1e+07 1e+07 1e+07 1e+07 1e+07 1e+07 1e+07 1e+07 1e+07 1e+07 1e+07 1e+07 1e+07 1e+07 1e+07 1e+07 1e+07 1e+07 3.7044e+06 856368 2.46254e+06 2.54721e+06 263915 483170 37576 23906 21278 2796 8692 9905 2026 4988 128073 1397 5039 4082 494 3952 1208 863 266 123 67 116 99 320 417 136 35 371 88 76 28 90 199 14 12 12 12 12 14 19 79 112 270 48 55 23 24 40 16 
0.408407 1e+07 1e+07 1e+07 1e+07 1e+07 1e+07 1e+07 1e+07 1e+07 1e+07 1e+07 1e+07 1e+07 1e+07 1e+07 1e+07 1e+07 1e+07 1e+07 1e+07 1e+07 1e+07 1e+07 1e+07 1e+07 1e+07 1e+07 1e+07 1e+07 1e+07 1e+07 1e+07 1e+07 1e+07 1e+07 1e+07 1e+07 1e+07 1e+07 1e+07 1e+07 1e+07 1e+07 1e+07 1e+07 1e+07 7.47026e+06 1e+07 1e+07 1.10704e+06 376725 67020 45968 1.84445e+06 21442 4791 7274 6423 15066 1187 918 1276 905 2379 410 428 730 148 199 110 112 208 63 116 129 59 86 137 60 26 69 176 122 265 109 232 13 12 12 12 12 12 15 58 238 53 81 56 16 28 
0.424115 1e+07 1e+07 1e+07 1e+07 1e+07 1e+07 1e+07 1e+07 1e+07 1e+07 1e+07 1e+07 1e+07 1e+07 1e+07 1e+07 1e+07 1e+07 1e+07 1e+07 1e+07 1e+07 1e+07 1e+07 1e+07 1e+07 1e+07 1e+07 1e+07 1e+07 1e+07 1e+07 1e+07 1e+07 1e+07 1e+07 1e+07 1e+07 1e+07 1e+07 1e+07 1e+07 1e+07 1e+07 1e+07 1e+07 1e+07 5.5256e+06 9.13149e+06 867974 239206 3.62643e+06 160771 12727 24120 12439 3857 2787 6332 2042 3906 1698 1279 587 2246 2879 182 536 70 143 169 117 98 146 249 33 32 31 27 72 111 22 19 170 180 41 19 20 13 12 11 11 11 11 11 13 19 89 272 110 
0.439823 1e+07 1e+07 1e+07 1e+07 1e+07 1e+07 1e+07 1e+07 1e+07 1e+07 1e+07 1e+07 1e+07 1e+07 1e+07 1e+07 1e+07 1e+07 1e+07 1e+07 1e+07 1e+07 1e+07 1e+07 1e+07 1e+07 1e+07 1e+07 1e+07 1e+07 1e+07 1e+07 1e+07 1e+07 1e+07 1e+07 1e+07 1e+07 1e+07 1e+07 1e+07 1e+07 1e+07 1e+07 1e+07 1e+07 1e+07 1e+07 1e+07 583930 1.07815e+06 276962 113009 200905 69020 6807 5387 5141 11715 2920 45683 3352 708 831 471 1492 832 1240 162 57 347 327 124 96 374 73 114 462 83 215 1212 70 74 122 23 18 19 42 23 21 39 12 11 11 11 11 11 11 11 12 
0.455531 1e+07 1e+07 1e+07 1e+07 1e+07 1e+07 1e+07 1e+07 1e+07 1e+07 1e+07 1e+07 1e+07 1e+07 1e+07 1e+07 1e+07 1e+07 1e+07 1e+07 1e+07 1e+07 1e+07 1e+07 1e+07 1e+07 1e+07 1e+07 1e+07 1e+07 1e+07 1e+07 1e+07 1e+07 1e+07 1e+07 1e+07 1e+07 1e+07 1e+07 1e+07 1e+07 1e+07 1e+07 1e+07 1e+07 2.9696e+06 2.87828e+06 1.31981e+06 1.3506e+06 547086 379094 416726 20557 22857 210160 20335 7196 1548 979 1791 877 2981 13505 645 139 555 106 149 47 223 165 175 53 111 188 79 50 135 141 689 230 207 26 42 133 25 38 55 25 16 23 30 16 12 11 11 10 10 10 
