epsilon_k[0] 0.0001
epsilon_k[1] 2.18e-05
epsilon_k[2] 7.08e-05
epsilon_k[3] 2.54e-05
epsilon_k[4] 1e-05
epsilon_k[5] 7.8e-06
epsilon_k[6] 2.18e-05
omega_x0 0.28
omega_y0 0.31
dx 0.01
epsilon 32
max_turns 10000000
from_y 48
to_y 56
0.48 11 11 11 11 11 11 12 12 12 13 13 14 15 16 21 29 46 22 20 19 19 19 20 20 22 34 56 41 27 15 14 12 11 11 10 10 10 9 9 9 9 9 8 8 8 8 7 7 7 7 7 7 7 6 6 6 6 6 6 6 6 6 6 6 6 6 5 5 5 5 5 5 5 5 5 5 5 5 5 5 
0.49 10 10 10 11 11 11 11 11 12 12 12 13 14 15 16 21 28 24 20 19 19 19 19 20 21 26 69 41 28 16 14 12 11 10 10 10 9 9 9 9 9 9 8 8 8 8 7 7 7 7 7 7 6 6 6 6 6 6 6 6 6 6 6 6 6 5 5 5 5 5 5 5 5 5 5 5 5 5 5 5 
0.5 10 10 10 10 10 11 11 11 11 11 12 12 13 13 14 16 21 28 22 20 19 19 19 19 20 22 98 41 30 16 14 12 11 10 10 10 9 9 9 9 9 9 8 8 8 8 7 7 7 7 7 7 6 6 6 6 6 6 6 6 6 6 6 6 5 5 5 5 5 5 5 5 5 5 5 5 5 5 5 5 
0.51 10 10 10 10 10 10 10 11 11 11 11 12 12 13 13 14 16 23 50 20 19 18 18 19 19 21 33 42 41 18 14 12 11 10 10 10 9 9 9 9 9 9 8 8 8 8 7 7 7 7 7 7 6 6 6 6 6 6 6 6 6 6 6 6 5 5 5 5 5 5 5 5 5 5 5 5 5 5 5 5 
0.52 9 9 10 10 10 10 10 10 10 11 11 11 11 12 12 13 14 16 51 25 19 18 18 18 19 20 23 47 41 33 14 13 11 11 10 10 9 9 9 9 9 9 8 8 8 8 7 7 7 7 7 6 6 6 6 6 6 6 6 6 6 6 6 5 5 5 5 5 5 5 5 5 5 5 5 5 5 5 5 5 
0.53 9 9 9 9 9 10 10 10 10 10 10 11 11 11 12 12 13 14 16 28 21 19 18 18 18 19 21 85 41 27 15 14 11 11 10 10 9 9 9 9 9 9 8 8 8 7 7 7 7 7 7 6 6 6 6 6 6 6 6 6 6 6 6 5 5 5 5 5 5 5 5 5 5 5 5 5 5 5 5 5 
0.54 9 9 9 9 9 9 9 10 10 10 10 10 10 11 11 12 12 13 14 17 26 19 18 18 18 18 19 24 40 85 16 14 12 11 10 10 9 9 9 9 9 9 8 8 8 7 7 7 7 7 7 6 6 6 6 6 6 6 6 6 6 6 5 5 5 5 5 5 5 5 5 5 5 5 5 5 5 5 5 5 
0.55 9 9 9 9 9 9 9 9 9 10 10 10 10 10 11 11 12 12 13 14 18 39 18 17 17 18 19 21 43 860 36 14 12 11 10 10 9 9 9 9 9 9 9 8 8 7 7 7 7 7 6 6 6 6 6 6 6 6 6 6 6 5 5 5 5 5 5 5 5 5 5 5 5 5 5 5 5 5 5 5 
