epsilon_k[0] 0.1
epsilon_k[0] 2.18e-05
epsilon_k[0] 7.08e-05
epsilon_k[0] 2.54e-05
epsilon_k[0] 1e-05
epsilon_k[0] 7.8e-06
epsilon_k[0] 0.218
omega_x0 0.31
omega_y0 0.32
dx 0.01
n_theta 100
dtheta 0.00785398
epsilon 14
max_turns 10000000
from_angle 64
to_angle 72
0.502655 1e+07 16412 6557 4061 2168 1044 481 
0.510509 1e+07 17356 6578 4077 2219 1081 486 
0.518363 1e+07 17475 6696 4160 2228 1248 596 
0.526217 1e+07 18398 15742 4224 2231 1430 928 
0.534071 1e+07 18715 7157 4377 2242 1700 739 
0.541925 1e+07 18828 7118 4386 2274 1698 624 
0.549779 1e+07 18987 7271 4548 2904 1698 658 
0.557633 1e+07 19091 7929 4816 2872 1850 699 
0.565487 1e+07 19132 8060 4945 3319 1737 734 
