epsilon_k[0] 0.0001
epsilon_k[1] 2.18e-05
epsilon_k[2] 7.08e-05
epsilon_k[3] 2.54e-05
epsilon_k[4] 1e-05
epsilon_k[5] 7.8e-06
epsilon_k[6] 2.18e-05
omega_x0 0.28
omega_y0 0.31
dx 0.01
epsilon 6
max_turns 10000000
from_y 40
to_y 48
0.4 54 76 146 257 884 26224 552198 37209 2570 867 287 928 244 29 25 23 23 22 22 22 22 23 24 50 34 35 48 119 54 42 27 25 16 14 12 11 11 11 10 10 10 10 9 9 9 8 8 8 8 8 7 7 7 7 7 7 7 6 6 6 6 6 6 6 6 6 6 6 6 6 6 6 6 6 5 5 5 5 5 5 
0.41 17 19 68 47 289 844 152 580 147 247 42 153 56 27 24 23 22 21 21 21 21 22 23 25 35 34 47 106 56 34 27 46 15 13 12 11 11 10 10 10 10 10 9 9 9 8 8 8 8 7 7 7 7 7 7 7 7 6 6 6 6 6 6 6 6 6 6 6 6 6 6 6 6 5 5 5 5 5 5 5 
0.42 15 16 17 20 91 55 41 36 55 79 97 39 52 28 24 22 21 21 21 21 21 21 22 23 82 33 47 95 47 32 26 20 15 13 12 11 11 10 10 10 10 10 9 9 9 8 8 8 8 7 7 7 7 7 7 7 6 6 6 6 6 6 6 6 6 6 6 6 6 6 6 6 5 5 5 5 5 5 5 5 
0.43 14 15 15 16 18 21 46 36 31 166 62 39 41 31 24 22 21 21 20 20 20 20 21 22 25 33 39 93 44 31 26 18 14 13 12 11 10 10 10 10 10 9 9 9 8 8 8 8 7 7 7 7 7 7 7 6 6 6 6 6 6 6 6 6 6 6 6 6 6 6 6 5 5 5 5 5 5 5 5 5 
0.44 13 14 14 15 15 16 18 683 66 30 33 60 36 70 24 22 21 20 20 20 20 20 20 21 23 35 35 93 44 31 26 17 14 12 11 11 10 10 10 10 10 9 9 9 8 8 8 8 7 7 7 7 7 7 7 6 6 6 6 6 6 6 6 6 6 6 6 6 6 6 5 5 5 5 5 5 5 5 5 5 
0.45 12 13 13 14 14 15 16 17 21 44 29 30 81 36 26 22 21 20 20 19 19 19 20 20 22 26 33 95 44 31 26 16 14 12 11 11 10 10 10 10 10 9 9 9 8 8 8 8 7 7 7 7 7 7 6 6 6 6 6 6 6 6 6 6 6 6 6 6 6 5 5 5 5 5 5 5 5 5 5 5 
0.46 12 12 12 13 13 14 14 15 16 19 59 28 29 94 50 23 21 20 19 19 19 19 19 20 21 23 32 110 46 32 26 16 14 12 11 11 10 10 10 10 10 9 9 9 8 8 8 7 7 7 7 7 7 7 6 6 6 6 6 6 6 6 6 6 6 6 6 6 5 5 5 5 5 5 5 5 5 5 5 5 
0.47 11 12 12 12 12 13 13 14 14 15 17 41 28 29 35 26 21 20 19 19 19 19 19 19 20 22 35 60 69 34 26 16 14 12 11 11 10 10 10 10 10 9 9 9 8 8 8 7 7 7 7 7 7 6 6 6 6 6 6 6 6 6 6 6 6 6 6 5 5 5 5 5 5 5 5 5 5 5 5 5 
