epsilon_k[0] 0.0001
epsilon_k[1] 2.18e-05
epsilon_k[2] 7.08e-05
epsilon_k[3] 2.54e-05
epsilon_k[4] 1e-05
epsilon_k[5] 7.8e-06
epsilon_k[6] 2.18e-05
omega_x0 0.168
omega_y0 0.201
dx 0.01
n_theta 100
dtheta 0.015708
epsilon 24
max_turns 10000000
from_angle 85
to_angle 90
1.33518 1e+07 1e+07 1e+07 1e+07 1e+07 1e+07 1e+07 1e+07 1e+07 1e+07 1e+07 1e+07 1e+07 1e+07 1e+07 1e+07 1e+07 1e+07 1e+07 1e+07 1e+07 1e+07 1e+07 1e+07 1e+07 1e+07 1e+07 1e+07 1e+07 1e+07 1e+07 1e+07 1e+07 1e+07 1e+07 1e+07 1e+07 4.14741e+06 3.26842e+06 2.03478e+06 705334 450320 1.32024e+06 109054 377387 11806 22824 5841 38848 17000 1351 89874 6490 706 700 437 420 306 376 598 327 219 1297 40 182 30 46 80 79 164 56 31 87 22 17 17 30 22 21 17 34 22 12 9 8 8 7 7 7 7 7 7 6 6 6 6 6 6 6 6 
1.35088 1e+07 1e+07 1e+07 1e+07 1e+07 1e+07 1e+07 1e+07 1e+07 1e+07 1e+07 1e+07 1e+07 1e+07 1e+07 1e+07 1e+07 1e+07 1e+07 1e+07 1e+07 1e+07 1e+07 1e+07 1e+07 1e+07 1e+07 1e+07 1e+07 1e+07 1e+07 1e+07 1e+07 1e+07 1e+07 1e+07 6.5417e+06 1e+07 4.59781e+06 1e+07 2.09374e+06 2.34135e+06 326080 169755 412506 95622 22210 103539 6214 2472 17936 62916 2197 1220 2839 1273 667 374 255 303 344 112 237 55 34 185 24 25 24 24 70 35 30 44 113 23 29 17 17 17 17 14 19 14 18 10 8 8 8 7 7 7 7 7 7 6 6 6 6 6 
1.36659 1e+07 1e+07 1e+07 1e+07 1e+07 1e+07 1e+07 1e+07 1e+07 1e+07 1e+07 1e+07 1e+07 1e+07 1e+07 1e+07 1e+07 1e+07 1e+07 1e+07 1e+07 1e+07 1e+07 1e+07 1e+07 1e+07 1e+07 1e+07 1e+07 1e+07 1e+07 1e+07 1e+07 1e+07 1e+07 1e+07 9.2677e+06 1e+07 1e+07 7.83561e+06 6.81098e+06 4.7549e+06 426257 221230 61489 101553 111761 27739 37302 4692 6129 1373 7172 634 1567 998 559 206 271 130 274 340 100 49 48 23 42 43 20 18 47 55 46 69 71 28 18 26 18 14 17 17 27 13 26 15 13 12 10 9 8 8 7 7 7 7 7 7 6 6 
1.3823 1e+07 1e+07 1e+07 1e+07 1e+07 1e+07 1e+07 1e+07 1e+07 1e+07 1e+07 1e+07 1e+07 1e+07 1e+07 1e+07 1e+07 1e+07 1e+07 1e+07 1e+07 1e+07 1e+07 1e+07 1e+07 1e+07 1e+07 1e+07 1e+07 1e+07 1e+07 1e+07 1e+07 1e+07 1e+07 1e+07 1e+07 1e+07 1e+07 1e+07 3.21718e+06 1.56247e+06 2.33916e+06 1.06086e+06 357091 173221 708291 29919 799566 10185 27472 12705 1675 2238 1082 621 413 231 130 237 758 2866 65 61 46 34 74 29 23 55 18 17 17 23 123 61 61 53 24 33 13 12 11 11 13 13 19 12 23 12 14 12 10 9 8 8 7 7 7 7 
1.39801 1e+07 1e+07 1e+07 1e+07 1e+07 1e+07 1e+07 1e+07 1e+07 1e+07 1e+07 1e+07 1e+07 1e+07 1e+07 1e+07 1e+07 1e+07 1e+07 1e+07 1e+07 1e+07 1e+07 1e+07 1e+07 1e+07 1e+07 1e+07 1e+07 1e+07 1e+07 1e+07 1e+07 1e+07 1e+07 1e+07 1e+07 1e+07 1e+07 8.35126e+06 1e+07 1.02901e+06 5.84143e+06 1.22611e+06 356337 47972 73355 217998 24732 78568 1357 1074 84822 1052 12000 880 2254 645 403 163 297 283 558 216 164 62 38 80 43 41 141 60 28 18 16 16 51 26 36 16 35 24 35 12 11 11 11 10 11 11 15 16 12 15 11 10 10 10 9 8 
1.41372 1e+07 1e+07 1e+07 1e+07 1e+07 1e+07 1e+07 1e+07 1e+07 1e+07 1e+07 1e+07 1e+07 1e+07 1e+07 1e+07 1e+07 1e+07 1e+07 1e+07 1e+07 1e+07 1e+07 1e+07 1e+07 1e+07 1e+07 1e+07 1e+07 1e+07 1e+07 1e+07 1e+07 1e+07 1e+07 1e+07 1e+07 8.25222e+06 1e+07 1e+07 1e+07 2.26789e+06 1.71456e+06 1.57826e+06 578055 103884 407308 100025 93039 137926 48269 14969 319 1787 1987 1293 1087 1802 1763 2401 282 269 376 329 163 324 72 103 77 44 39 23 165 58 96 40 18 19 16 15 23 24 31 14 22 27 18 13 11 10 10 10 10 10 10 10 10 10 10 11 
