epsilon_k[0] 0.0001
epsilon_k[1] 2.18e-05
epsilon_k[2] 7.08e-05
epsilon_k[3] 2.54e-05
epsilon_k[4] 1e-05
epsilon_k[5] 7.8e-06
epsilon_k[6] 2.18e-05
omega_x0 0.168
omega_y0 0.201
dx 0.01
n_theta 100
dtheta 0.015708
epsilon 56
max_turns 10000000
from_angle 70
to_angle 75
1.09956 1e+07 1e+07 1e+07 1e+07 1e+07 1e+07 1e+07 1e+07 1e+07 1e+07 1e+07 1e+07 1e+07 1e+07 1e+07 1e+07 1e+07 1e+07 1e+07 1e+07 1e+07 1e+07 1e+07 1e+07 1e+07 1e+07 1e+07 1e+07 1e+07 1e+07 1e+07 1e+07 5.6143e+06 5.17012e+06 2.23551e+06 768822 794090 412466 657756 97305 16553 12624 23327 13659 4680 8762 7333 8957 4557 2033 1243 3218 5921 1846 4271 517 713 317 202 163 197 43 145 25 49 36 162 73 114 46 26 269 18 37 9 8 7 7 7 7 7 6 6 6 6 6 6 6 6 6 6 6 5 5 5 5 5 5 5 5 
1.11527 1e+07 1e+07 1e+07 1e+07 1e+07 1e+07 1e+07 1e+07 1e+07 1e+07 1e+07 1e+07 1e+07 1e+07 1e+07 1e+07 1e+07 1e+07 1e+07 1e+07 1e+07 1e+07 1e+07 1e+07 1e+07 1e+07 1e+07 1e+07 1e+07 1e+07 1e+07 1e+07 1e+07 1e+07 1e+07 1e+07 540044 634858 65010 65153 64522 97573 5594 11110 3430 5924 1073 1342 1980 4244 8636 9284 636 4081 387 3901 110 175 510 50 1209 53 186 25 32 31 85 72 195 40 59 128 18 21 9 8 7 7 7 7 7 6 6 6 6 6 6 6 6 6 6 6 5 5 5 5 5 5 5 5 
1.13097 1e+07 1e+07 1e+07 1e+07 1e+07 1e+07 1e+07 1e+07 1e+07 1e+07 1e+07 1e+07 1e+07 1e+07 1e+07 1e+07 1e+07 1e+07 1e+07 1e+07 1e+07 1e+07 1e+07 1e+07 1e+07 1e+07 1e+07 1e+07 1e+07 1e+07 1e+07 1e+07 1e+07 8.55886e+06 5.51057e+06 3.09839e+06 6.42716e+06 219835 204894 17996 1.05065e+06 30546 5693 10456 3533 3166 7086 6462 6285 7407 1879 1432 2049 850 2186 342 152 201 330 112 33 48 102 300 24 38 46 27 200 21 45 45 20 13 8 8 7 7 7 7 7 6 6 6 6 6 6 6 6 6 6 6 5 5 5 5 5 5 5 5 
1.14668 1e+07 1e+07 1e+07 1e+07 1e+07 1e+07 1e+07 1e+07 1e+07 1e+07 1e+07 1e+07 1e+07 1e+07 1e+07 1e+07 1e+07 1e+07 1e+07 1e+07 1e+07 1e+07 1e+07 1e+07 1e+07 1e+07 1e+07 1e+07 1e+07 1e+07 1e+07 1e+07 1e+07 8.19944e+06 1.31484e+06 607589 359627 200039 172763 70842 60040 17733 42155 5909 6587 1898 5031 5043 6618 1274 1140 774 792 996 2122 129 183 689 181 78 33 65 374 97 95 127 66 52 26 29 26 57 24 76 9 8 7 7 7 7 7 6 6 6 6 6 6 6 6 6 6 6 5 5 5 5 5 5 5 5 
1.16239 1e+07 1e+07 1e+07 1e+07 1e+07 1e+07 1e+07 1e+07 1e+07 1e+07 1e+07 1e+07 1e+07 1e+07 1e+07 1e+07 1e+07 1e+07 1e+07 1e+07 1e+07 1e+07 1e+07 1e+07 1e+07 1e+07 1e+07 1e+07 1e+07 1e+07 1e+07 1e+07 1e+07 1e+07 1.53575e+06 2.12832e+06 3.1987e+06 493625 37490 12288 18288 13096 3585 13442 8216 5404 2332 1210 4897 1991 2997 1315 1172 1410 614 392 79 106 184 110 33 169 50 163 90 284 132 144 90 64 21 84 31 32 9 8 7 7 7 7 7 6 6 6 6 6 6 6 6 6 6 6 5 5 5 5 5 5 5 5 
1.1781 1e+07 1e+07 1e+07 1e+07 1e+07 1e+07 1e+07 1e+07 1e+07 1e+07 1e+07 1e+07 1e+07 1e+07 1e+07 1e+07 1e+07 1e+07 1e+07 1e+07 1e+07 1e+07 1e+07 1e+07 1e+07 1e+07 1e+07 1e+07 1e+07 1e+07 1e+07 1e+07 1e+07 4.55242e+06 1e+07 2.79298e+06 349706 372379 43941 67793 7239 10544 166329 11781 11050 6069 2288 8114 3165 16023 1875 2407 780 344 14707 210 414 443 6029 247 524 105 46 136 76 181 31 77 71 92 90 23 67 19 9 8 8 7 7 7 7 7 6 6 6 6 6 6 6 6 6 6 6 5 5 5 5 5 5 5 
