epsilon_k[0] 0.0001
epsilon_k[1] 2.18e-05
epsilon_k[2] 7.08e-05
epsilon_k[3] 2.54e-05
epsilon_k[4] 1e-05
epsilon_k[5] 7.8e-06
epsilon_k[6] 2.18e-05
omega_x0 0.168
omega_y0 0.201
dx 0.01
n_theta 100
dtheta 0.015708
epsilon 6
max_turns 10000000
from_angle 90
to_angle 95
1.41372 1e+07 1e+07 1e+07 1e+07 1e+07 1e+07 1e+07 1e+07 1e+07 1e+07 1e+07 1e+07 1e+07 1e+07 1e+07 1e+07 1e+07 1e+07 1e+07 1e+07 1e+07 1e+07 1e+07 1e+07 1e+07 1e+07 1e+07 1e+07 1e+07 1e+07 1e+07 1e+07 1e+07 1e+07 1e+07 1e+07 1e+07 1e+07 1e+07 1e+07 1e+07 1e+07 1e+07 1e+07 837901 896427 1.55698e+06 4.98169e+06 32157 350548 5020 1513 776 10153 775 3018 532 2291 726 931 821 448 316 309 135 107 56 50 354 77 101 58 137 48 435 19 22 17 15 17 37 171 15 15 17 35 39 12 11 10 10 10 10 10 10 10 10 10 10 12 
1.42942 1e+07 1e+07 1e+07 1e+07 1e+07 1e+07 1e+07 1e+07 1e+07 1e+07 1e+07 1e+07 1e+07 1e+07 1e+07 1e+07 1e+07 1e+07 1e+07 1e+07 1e+07 1e+07 1e+07 1e+07 1e+07 1e+07 1e+07 1e+07 1e+07 1e+07 1e+07 1e+07 1e+07 1e+07 1e+07 1e+07 1e+07 1e+07 1e+07 1e+07 1e+07 1e+07 1e+07 1e+07 5.10924e+06 4.0142e+06 2.38269e+06 837473 97371 46882 9443 2683 2194 819 4501 1179 810 540 1448 4358 197 184 66 97 336 236 111 184 159 98 230 59 73 161 31 23 15 14 14 14 14 14 17 17 18 15 15 22 19 13 13 13 15 13 12 11 10 10 10 10 
1.44513 1e+07 1e+07 1e+07 1e+07 1e+07 1e+07 1e+07 1e+07 1e+07 1e+07 1e+07 1e+07 1e+07 1e+07 1e+07 1e+07 1e+07 1e+07 1e+07 1e+07 1e+07 1e+07 1e+07 1e+07 1e+07 1e+07 1e+07 1e+07 1e+07 1e+07 1e+07 1e+07 1e+07 1e+07 1e+07 1e+07 1e+07 1e+07 1e+07 1e+07 1e+07 1e+07 1e+07 5.3365e+06 1e+07 8.46054e+06 1e+07 1.13144e+06 232303 2.39625e+06 102040 5202 14370 702 3512 8109 4573 17434 2874 1005 643 329 396 118 268 48 104 116 81 200 79 180 40 63 64 440 40 33 38 28 23 14 13 13 13 12 12 12 12 12 12 11 11 11 11 11 11 11 11 11 
1.46084 1e+07 1e+07 1e+07 1e+07 1e+07 1e+07 1e+07 1e+07 1e+07 1e+07 1e+07 1e+07 1e+07 1e+07 1e+07 1e+07 1e+07 1e+07 1e+07 1e+07 1e+07 1e+07 1e+07 1e+07 1e+07 1e+07 1e+07 1e+07 1e+07 1e+07 1e+07 1e+07 1e+07 1e+07 1e+07 1e+07 1e+07 1e+07 1e+07 1e+07 1e+07 1e+07 1e+07 1e+07 6.97262e+06 6.15019e+06 1e+07 1.28159e+06 226420 26632 641020 41462 5199 1900 8644 660 2180 671 178 533 460 16071 879 177 159 120 147 75 68 94 92 38 80 64 26 26 36 49 47 30 21 19 19 29 16 18 20 14 13 13 13 19 17 24 12 11 10 10 10 9 
1.47655 1e+07 1e+07 1e+07 1e+07 1e+07 1e+07 1e+07 1e+07 1e+07 1e+07 1e+07 1e+07 1e+07 1e+07 1e+07 1e+07 1e+07 1e+07 1e+07 1e+07 1e+07 1e+07 1e+07 1e+07 1e+07 1e+07 1e+07 1e+07 1e+07 1e+07 1e+07 1e+07 1e+07 1e+07 1e+07 1e+07 1e+07 1e+07 1e+07 1e+07 1e+07 1e+07 1e+07 1e+07 1e+07 1e+07 5.52105e+06 1.75745e+06 160409 408808 47924 409413 12368 118332 825 6929 437 344 326 1158 562 175 784 327 70 47 93 554 56 138 39 324 41 28 25 291 38 63 26 63 16 15 15 17 16 18 18 11 10 10 10 10 9 9 9 9 9 9 9 8 
1.49226 1e+07 1e+07 1e+07 1e+07 1e+07 1e+07 1e+07 1e+07 1e+07 1e+07 1e+07 1e+07 1e+07 1e+07 1e+07 1e+07 1e+07 1e+07 1e+07 1e+07 1e+07 1e+07 1e+07 1e+07 1e+07 1e+07 1e+07 1e+07 1e+07 1e+07 1e+07 1e+07 1e+07 1e+07 1e+07 1e+07 1e+07 1e+07 1e+07 1e+07 1e+07 1e+07 1e+07 1e+07 1e+07 1e+07 4.96456e+06 2.85294e+06 2.89361e+06 499262 74137 25266 12873 11387 682 3370 9593 319 1075 605 9382 726 224 122 137 220 230 121 74 114 815 60 65 84 33 153 68 477 22 27 27 16 64 17 12 11 10 10 10 9 9 9 9 9 9 9 9 9 8 8 
