epsilon_k[0] 0.0001
epsilon_k[1] 2.18e-05
epsilon_k[2] 7.08e-05
epsilon_k[3] 2.54e-05
epsilon_k[4] 1e-05
epsilon_k[5] 7.8e-06
epsilon_k[6] 2.18e-05
omega_x0 0.168
omega_y0 0.201
dx 0.01
epsilon 1
max_turns 10000000
from_y 24
to_y 32
0.24 1e+07 1e+07 1e+07 1e+07 1e+07 1e+07 1e+07 1e+07 1e+07 1e+07 1e+07 1e+07 1e+07 1e+07 1e+07 1e+07 1e+07 1e+07 1e+07 1e+07 1e+07 1e+07 1e+07 1e+07 1e+07 1e+07 1e+07 1e+07 1e+07 1e+07 1e+07 1e+07 1e+07 1e+07 1e+07 1e+07 1e+07 1e+07 1e+07 1e+07 1e+07 1e+07 1e+07 1e+07 6.37058e+06 1.22105e+06 336696 28998 28998 28998 23130 7290 7290 7290 7290 5279 457 
0.25 1e+07 1e+07 1e+07 1e+07 1e+07 1e+07 1e+07 1e+07 1e+07 1e+07 1e+07 1e+07 1e+07 1e+07 1e+07 1e+07 1e+07 1e+07 1e+07 1e+07 1e+07 1e+07 1e+07 1e+07 1e+07 1e+07 1e+07 1e+07 1e+07 1e+07 1e+07 1e+07 1e+07 1e+07 1e+07 1e+07 1e+07 1e+07 1e+07 1e+07 1e+07 1e+07 1e+07 1e+07 1e+07 581112 581112 581112 27446 12621 7770 1725 1725 1725 1559 1559 1559 1559 1354 831 
0.26 1e+07 1e+07 1e+07 1e+07 1e+07 1e+07 1e+07 1e+07 1e+07 1e+07 1e+07 1e+07 1e+07 1e+07 1e+07 1e+07 1e+07 1e+07 1e+07 1e+07 1e+07 1e+07 1e+07 1e+07 1e+07 1e+07 1e+07 1e+07 1e+07 1e+07 1e+07 1e+07 1e+07 1e+07 1e+07 1e+07 1e+07 1e+07 1e+07 1e+07 1e+07 1e+07 1e+07 1.34324e+06 1.34324e+06 1.34324e+06 1.34324e+06 79516 10509 9591 5228 5228 2352 947 
0.27 1e+07 1e+07 1e+07 1e+07 1e+07 1e+07 1e+07 1e+07 1e+07 1e+07 1e+07 1e+07 1e+07 1e+07 1e+07 1e+07 1e+07 1e+07 1e+07 1e+07 1e+07 1e+07 1e+07 1e+07 1e+07 1e+07 1e+07 1e+07 1e+07 1e+07 1e+07 1e+07 1e+07 1e+07 1e+07 6.56316e+06 6.56316e+06 6.56316e+06 6.56316e+06 6.56316e+06 6.56316e+06 6.56316e+06 6.56316e+06 6.56316e+06 6.56316e+06 6.56316e+06 42498 8340 8340 5238 5238 2371 2371 2371 1216 1216 621 
0.28 1e+07 1e+07 1e+07 1e+07 1e+07 1e+07 1e+07 1e+07 1e+07 1e+07 1e+07 1e+07 1e+07 1e+07 1e+07 1e+07 1e+07 1e+07 1e+07 1e+07 1e+07 1e+07 1e+07 1e+07 1e+07 1e+07 1e+07 1e+07 1e+07 1e+07 1e+07 1e+07 1e+07 6.71282e+06 3.50958e+06 3.50958e+06 3.50958e+06 1.41876e+06 1.41876e+06 1.41876e+06 1.41876e+06 1.41876e+06 1.41876e+06 1.41876e+06 1.41876e+06 19296 19296 4162 4162 4162 1135 1135 1135 1135 716 
0.29 1e+07 1e+07 1e+07 1e+07 1e+07 1e+07 1e+07 1e+07 1e+07 1e+07 1e+07 1e+07 1e+07 1e+07 1e+07 1e+07 1e+07 1e+07 1e+07 1e+07 1e+07 1e+07 1e+07 1e+07 1e+07 5.50821e+06 5.50821e+06 5.50821e+06 5.50821e+06 4.11151e+06 4.11151e+06 4.11151e+06 4.11151e+06 4.11151e+06 2.28039e+06 700198 700198 700198 700198 700198 700198 700198 700198 413665 42385 11260 2328 2328 2328 2328 2328 2328 2328 1755 1309 534 
0.3 1e+07 1e+07 1e+07 1e+07 1e+07 1e+07 1e+07 1e+07 1e+07 1e+07 1e+07 1e+07 1e+07 1e+07 1e+07 1e+07 1e+07 1e+07 1e+07 1e+07 1e+07 1e+07 1e+07 1e+07 1e+07 7.956e+06 1.86241e+06 1.86241e+06 1.86241e+06 1.86241e+06 1.86241e+06 1.86241e+06 1.86241e+06 1.86241e+06 1.65029e+06 1.47683e+06 164593 164593 74284 74284 38749 38749 38749 38749 32278 13441 9656 9311 7526 5678 1716 1716 756 
0.31 1e+07 1e+07 1e+07 1e+07 1e+07 1e+07 1e+07 1e+07 1e+07 1e+07 1e+07 1e+07 1e+07 1e+07 1e+07 1e+07 1e+07 1e+07 1e+07 1e+07 1e+07 1e+07 1e+07 1e+07 1e+07 5.69972e+06 5.69972e+06 4.50594e+06 4.50594e+06 4.50594e+06 4.50594e+06 4.50594e+06 538155 538155 538155 538155 448784 12308 12308 12308 12308 12308 12308 10935 10935 9341 3287 3287 3287 2839 1086 1086 708 
