epsilon_k[0] 0.0001
epsilon_k[1] 2.18e-05
epsilon_k[2] 7.08e-05
epsilon_k[3] 2.54e-05
epsilon_k[4] 1e-05
epsilon_k[5] 7.8e-06
epsilon_k[6] 2.18e-05
omega_x0 0.168
omega_y0 0.201
dx 0.01
n_theta 100
dtheta 0.015708
epsilon 52
max_turns 10000000
from_angle 35
to_angle 40
0.549779 1e+07 1e+07 1e+07 1e+07 1e+07 1e+07 1e+07 1e+07 1e+07 1e+07 1e+07 1e+07 1e+07 1e+07 1e+07 1e+07 1e+07 1e+07 1e+07 1e+07 1e+07 1e+07 1e+07 1e+07 1e+07 1e+07 1e+07 1e+07 1.13231e+06 1e+07 2.10708e+06 2.41665e+06 1e+07 4.33319e+06 2.03459e+06 6.10999e+06 572566 4.01911e+06 569886 3.2945e+06 4.49646e+06 872798 817719 2.4984e+06 1.8141e+06 322849 304789 320610 1.77868e+06 199230 196513 1.22302e+06 57361 15846 11608 4501 14582 20995 2979 1723 625 5923 2728 364 20728 764 301 680 222 298 1169 60 149 95 40 58 38 149 49 27 102 29 34 42 64 72 23 18 37 30 18 57 10 9 9 8 8 8 8 8 
0.565487 1e+07 1e+07 1e+07 1e+07 1e+07 1e+07 1e+07 1e+07 1e+07 1e+07 1e+07 1e+07 1e+07 1e+07 1e+07 1e+07 1e+07 1e+07 1e+07 1e+07 1e+07 1e+07 1e+07 1e+07 1e+07 1e+07 1e+07 1e+07 2.73128e+06 2.02691e+06 4.19881e+06 351272 934798 3.2412e+06 2.75759e+06 635953 6.69922e+06 9.23746e+06 1e+07 5.28176e+06 1.35139e+06 727031 518042 338134 1.13776e+06 1.49794e+06 658310 276517 1.40241e+06 59449 1.10188e+06 15878 22441 11813 248789 6150 58776 1778 1627 1407 551 1233 1017 230 2702 537 21865 2305 432 75 362 120 516 107 63 56 36 61 39 22 22 26 109 29 45 66 38 30 30 27 19 15 12 9 9 8 8 8 8 7 
0.581195 1e+07 1e+07 1e+07 1e+07 1e+07 1e+07 1e+07 1e+07 1e+07 1e+07 1e+07 1e+07 1e+07 1e+07 1e+07 1e+07 1e+07 1e+07 1e+07 1e+07 1e+07 1e+07 1e+07 1e+07 1e+07 1e+07 1e+07 1e+07 1e+07 5.10876e+06 2.36419e+06 1.00363e+06 1.73316e+06 1.64845e+06 6.46784e+06 1.71064e+06 5.23214e+06 1.55341e+06 2.83734e+06 276701 5.28403e+06 1.01121e+06 774965 589026 310695 592875 602009 197962 70442 1.09323e+06 126598 38916 29423 14657 19415 5791 13181 149007 74108 1451 578 4523 259 918 619 208 666 891 167 3692 3900 101 91 230 33 77 48 96 35 28 136 74 150 20 98 27 62 100 48 102 29 20 15 11 9 9 8 8 8 8 
0.596903 1e+07 1e+07 1e+07 1e+07 1e+07 1e+07 1e+07 1e+07 1e+07 1e+07 1e+07 1e+07 1e+07 1e+07 1e+07 1e+07 1e+07 1e+07 1e+07 1e+07 1e+07 1e+07 1e+07 1e+07 1e+07 1e+07 1e+07 5.10138e+06 9.1461e+06 1e+07 1.51554e+06 1e+07 2.54723e+06 1e+07 1.2642e+06 1.0295e+06 7.48586e+06 1.92698e+06 3.51368e+06 1.10915e+06 840110 1.60849e+06 1.92274e+06 2.38193e+06 803943 1.14437e+06 3.76106e+06 817232 883289 426519 140038 912139 25363 41567 17662 2446 48694 3400 1684 1114 475 184 418 477 408 178 392 191 578 218 481 98 109 43 195 45 56 112 141 239 235 59 29 33 92 36 28 43 41 154 24 17 25 26 18 10 9 8 8 8 
0.612611 1e+07 1e+07 1e+07 1e+07 1e+07 1e+07 1e+07 1e+07 1e+07 1e+07 1e+07 1e+07 1e+07 1e+07 1e+07 1e+07 1e+07 1e+07 1e+07 1e+07 1e+07 1e+07 1e+07 1e+07 1e+07 1e+07 1e+07 1e+07 1e+07 9.91129e+06 6.91133e+06 5.89208e+06 2.66408e+06 471329 2.80702e+06 1.6221e+06 3.64469e+06 2.60767e+06 1e+07 925396 536502 485915 1.2204e+06 791955 200919 8.29035e+06 440943 234658 65050 617830 591225 20451 25500 3740 50037 2166 2983 2785 1914 2328 803 1784 1632 105 111 290 156 361 348 241 248 226 492 78 219 35 222 119 67 141 96 48 34 189 22 23 22 78 20 18 19 27 31 23 19 31 31 10 9 8 
