epsilon_k[0] 0.0001
epsilon_k[1] 2.18e-05
epsilon_k[2] 7.08e-05
epsilon_k[3] 2.54e-05
epsilon_k[4] 1e-05
epsilon_k[5] 7.8e-06
epsilon_k[6] 2.18e-05
omega_x0 0.31
omega_y0 0.32
dx 0.01
epsilon 6
max_turns 10000000
from_y 16
to_y 24
0.16 1e+07 1e+07 1e+07 1e+07 1e+07 1e+07 1e+07 1e+07 1e+07 1e+07 1e+07 30414 12240 1e+07 7839 155 145 238 91 59 26 22 20 19 18 17 16 15 15 14 14 13 13 12 12 12 12 11 11 11 11 10 10 10 10 10 9 9 9 9 9 9 9 9 9 8 8 8 8 8 8 8 8 8 8 7 7 7 7 7 7 7 7 7 7 7 7 6 6 6 
0.17 1e+07 1e+07 1e+07 1e+07 1e+07 1e+07 1e+07 1e+07 1e+07 1e+07 2.1547e+06 27822 221 49262 3490 131 114 334 62 30 24 21 19 18 17 16 15 15 14 14 13 13 13 12 12 12 11 11 11 11 10 10 10 10 10 9 9 9 9 9 9 9 9 9 8 8 8 8 8 8 8 8 8 8 7 7 7 7 7 7 7 7 7 7 7 7 6 6 6 6 
0.18 2.51321e+06 1e+07 1e+07 1e+07 1e+07 1e+07 1e+07 3.47253e+06 1e+07 695418 158030 672 111 261 81 81 113 665 59 26 22 20 19 17 16 16 15 14 14 13 13 13 12 12 12 11 11 11 11 10 10 10 10 10 9 9 9 9 9 9 9 9 8 8 8 8 8 8 8 8 8 8 8 7 7 7 7 7 7 7 7 7 7 7 6 6 6 6 6 6 
0.19 33291 45181 4.23733e+06 1e+07 1e+07 1e+07 2.40645e+06 5.08378e+06 92045 61699 876 55 53 58 79 78 114 95 32 24 21 19 18 17 16 15 15 14 14 13 13 12 12 12 11 11 11 11 10 10 10 10 10 9 9 9 9 9 9 9 9 8 8 8 8 8 8 8 8 8 8 7 7 7 7 7 7 7 7 7 7 7 7 6 6 6 6 6 6 6 
0.2 127 67 170 259625 231828 297774 26070 135472 392442 91 50 48 47 49 60 77 145 63 27 23 20 19 17 16 16 15 14 14 13 13 13 12 12 12 11 11 11 11 10 10 10 10 10 9 9 9 9 9 9 9 8 8 8 8 8 8 8 8 8 8 7 7 7 7 7 7 7 7 7 7 7 7 6 6 6 6 6 6 6 6 
0.21 32 43 66 64 101 278 176 84 737 50 46 45 44 46 51 76 148 48 25 22 20 18 17 16 15 15 14 14 13 13 12 12 12 11 11 11 11 10 10 10 10 10 9 9 9 9 9 9 9 8 8 8 8 8 8 8 8 8 8 7 7 7 7 7 7 7 7 7 7 7 7 6 6 6 6 6 6 6 6 6 
0.22 27 29 33 110 61 102 111 77 179 47 44 43 43 44 48 76 242 30 23 21 19 18 17 16 15 14 14 13 13 12 12 12 11 11 11 11 10 10 10 10 10 9 9 9 9 9 9 9 8 8 8 8 8 8 8 8 8 8 7 7 7 7 7 7 7 7 7 7 7 7 6 6 6 6 6 6 6 6 6 6 
0.23 24 25 27 30 35 62 67 82 124 46 43 42 42 42 46 76 100 27 22 20 18 17 16 15 15 14 14 13 13 12 12 12 11 11 11 11 10 10 10 10 9 9 9 9 9 9 9 8 8 8 8 8 8 8 8 8 8 7 7 7 7 7 7 7 7 7 7 7 7 6 6 6 6 6 6 6 6 6 6 6 
