epsilon_k[0] 0.0001
epsilon_k[1] 2.18e-05
epsilon_k[2] 7.08e-05
epsilon_k[3] 2.54e-05
epsilon_k[4] 1e-05
epsilon_k[5] 7.8e-06
epsilon_k[6] 2.18e-05
omega_x0 0.31
omega_y0 0.32
dx 0.01
epsilon 4
max_turns 10000000
from_y 0
to_y 8
0 1e+07 1e+07 1e+07 1e+07 1e+07 1e+07 1e+07 1e+07 1e+07 1e+07 1e+07 1e+07 1e+07 1e+07 1e+07 1e+07 1e+07 1e+07 1e+07 1e+07 1e+07 1e+07 1e+07 1e+07 1e+07 1e+07 1e+07 1e+07 1e+07 1e+07 1e+07 1e+07 1e+07 1e+07 1e+07 1e+07 1e+07 1e+07 1e+07 1e+07 1e+07 1e+07 1e+07 1e+07 1e+07 1e+07 1e+07 1e+07 1e+07 1e+07 1e+07 1e+07 298125 19926 52201 121478 9924 346827 4082 512 125 2613 414 227 129 49 76 49 580 53 26 26 63 21 16 16 16 28 13 14 
0.01 1e+07 1e+07 1e+07 1e+07 1e+07 1e+07 1e+07 1e+07 1e+07 1e+07 1e+07 1e+07 1e+07 1e+07 1e+07 1e+07 1e+07 1e+07 1e+07 1e+07 1e+07 1e+07 1e+07 1e+07 19129 67 52 46 47 36 33 31 30 28 27 26 25 25 26 23 21 20 19 19 18 17 17 17 16 16 16 16 16 15 15 15 15 14 14 14 14 14 14 14 14 15 16 17 15 14 14 14 13 13 12 12 12 12 11 10 
0.02 1e+07 1e+07 1e+07 1e+07 1e+07 1e+07 1e+07 1e+07 1e+07 1e+07 1e+07 1e+07 1e+07 1e+07 1e+07 1e+07 1e+07 1e+07 1e+07 1e+07 1e+07 1e+07 1e+07 1e+07 84 51 46 36 33 31 29 28 27 26 27 23 21 20 19 18 17 17 16 16 16 15 15 14 14 14 13 13 13 13 13 13 13 13 14 13 13 12 12 12 12 12 12 12 12 13 16 15 12 12 11 11 11 11 10 10 
0.03 1e+07 1e+07 1e+07 1e+07 1e+07 1e+07 1e+07 1e+07 1e+07 1e+07 1e+07 1e+07 1e+07 1e+07 1e+07 1e+07 1e+07 1e+07 1e+07 1e+07 1e+07 1e+07 1e+07 1e+07 71 47 36 32 30 29 27 27 26 22 20 19 18 17 17 16 16 15 15 14 14 14 13 13 13 13 13 13 13 13 12 12 12 11 11 11 11 11 11 11 11 11 11 11 11 11 11 12 13 12 11 11 11 10 9 9 
0.04 1e+07 1e+07 1e+07 1e+07 1e+07 1e+07 1e+07 1e+07 1e+07 1e+07 1e+07 1e+07 1e+07 1e+07 1e+07 1e+07 1e+07 1e+07 1e+07 2855 1e+07 1e+07 1e+07 333124 50 37 33 30 29 28 32 23 21 20 19 18 17 16 16 15 15 14 14 14 13 13 13 13 13 12 12 12 12 12 11 11 11 11 11 10 10 10 10 10 10 10 10 10 10 10 11 11 17 12 14 11 10 9 9 8 
0.05 1e+07 1e+07 1e+07 1e+07 1e+07 1e+07 1e+07 1e+07 1e+07 1e+07 1e+07 1e+07 1e+07 1e+07 1e+07 1e+07 1e+07 1e+07 1e+07 3182 1e+07 1e+07 1e+07 2596 41 34 31 29 28 25 22 20 19 18 17 16 16 15 15 14 14 14 13 13 13 13 12 12 12 12 12 11 11 11 11 10 10 10 10 10 10 10 10 10 10 10 10 10 10 10 11 12 15 12 10 9 9 9 8 8 
0.06 1e+07 1e+07 1e+07 1e+07 1e+07 1e+07 1e+07 1e+07 1e+07 1e+07 1e+07 1e+07 1e+07 1e+07 1e+07 1e+07 1e+07 1e+07 1e+07 855 1e+07 1e+07 1e+07 54 36 32 30 30 24 22 20 19 18 17 16 16 15 15 14 14 13 13 13 13 12 12 12 12 12 11 11 11 11 10 10 10 10 10 10 10 10 10 10 10 10 10 10 10 10 11 12 11 11 10 9 9 8 8 8 8 
0.07 1e+07 1e+07 1e+07 1e+07 1e+07 1e+07 1e+07 1e+07 1e+07 1e+07 1e+07 1e+07 1e+07 1e+07 1e+07 1e+07 1e+07 1e+07 1e+07 489 1e+07 1e+07 75573 42 34 31 32 24 22 20 19 18 17 16 16 15 15 14 14 13 13 13 12 12 12 12 12 11 11 11 11 10 10 10 10 10 10 10 10 9 9 9 9 9 9 9 10 10 10 10 10 10 14 9 9 8 8 8 8 8 
