epsilon_k[0] 0.0001
epsilon_k[1] 2.18e-05
epsilon_k[2] 7.08e-05
epsilon_k[3] 2.54e-05
epsilon_k[4] 1e-05
epsilon_k[5] 7.8e-06
epsilon_k[6] 2.18e-05
omega_x0 0.28
omega_y0 0.31
dx 0.01
epsilon 14
max_turns 10000000
from_y 24
to_y 32
0.24 1e+07 1e+07 1e+07 1e+07 1e+07 1e+07 1e+07 1e+07 1e+07 1e+07 1e+07 1e+07 1e+07 1e+07 1e+07 1e+07 1e+07 1e+07 1e+07 7.1603e+06 1e+07 1e+07 1e+07 913217 54059 9580 1708 951 919 135 82 56 52 42 39 38 38 29 26 24 23 22 22 16 14 13 12 12 13 28 13 11 10 10 9 9 9 8 8 8 8 8 7 7 7 7 7 7 7 7 7 7 7 7 7 7 6 6 6 6 
0.25 1e+07 1e+07 1e+07 1e+07 1e+07 1e+07 1e+07 1e+07 1e+07 1e+07 1e+07 1e+07 1e+07 1e+07 1e+07 1e+07 1e+07 1e+07 7.46758e+06 5.02643e+06 3.75724e+06 1e+07 6.60908e+06 292154 23554 26993 7847 200 3595 110 68 53 44 39 38 35 28 26 24 23 22 18 15 14 13 12 12 12 15 13 11 10 10 9 9 9 8 8 8 8 8 7 7 7 7 7 7 7 7 7 7 7 7 7 6 6 6 6 6 6 
0.26 1e+07 1e+07 1e+07 1e+07 1e+07 1e+07 1e+07 1e+07 1e+07 1e+07 1e+07 1e+07 1e+07 1e+07 1e+07 1e+07 1e+07 1e+07 9.07188e+06 4.19823e+06 989851 3.97888e+06 102532 573967 7029 121570 824 202 639 95 68 53 41 38 35 28 26 24 23 24 17 15 13 12 12 12 12 13 13 11 10 9 9 9 9 8 8 8 8 8 7 7 7 7 7 7 7 7 7 7 7 7 6 6 6 6 6 6 6 6 
0.27 1e+07 1e+07 1e+07 1e+07 1e+07 1e+07 1e+07 1e+07 1e+07 1e+07 1e+07 1e+07 1e+07 1e+07 1e+07 1e+07 1e+07 1e+07 5.59067e+06 2.56008e+06 1e+07 641801 304586 10439 26085 891 112 131 742 82 56 44 39 43 29 26 24 23 29 16 15 13 12 12 12 12 12 12 11 10 10 9 9 9 8 8 8 8 8 7 7 7 7 7 7 7 7 7 7 7 6 6 6 6 6 6 6 6 6 6 
0.28 1e+07 1e+07 1e+07 1e+07 1e+07 1e+07 1e+07 1e+07 1e+07 1e+07 1e+07 1e+07 1e+07 1e+07 1e+07 1e+07 1e+07 1e+07 7.28182e+06 5.71108e+06 260471 1e+07 1e+07 46081 3496 291 92 130 316 75 54 41 39 30 27 25 24 29 16 15 13 12 12 11 11 11 12 12 10 10 9 9 9 8 8 8 8 8 7 7 7 7 7 7 7 7 7 7 7 6 6 6 6 6 6 6 6 6 6 6 
0.29 1e+07 1e+07 1e+07 1e+07 1e+07 1e+07 1e+07 1e+07 1e+07 1e+07 1e+07 1e+07 1e+07 1e+07 1e+07 1e+07 1e+07 3.77114e+06 1e+07 1e+07 332510 24322 933281 1838 891 89 98 131 153 68 89 40 34 28 26 24 25 16 15 13 12 12 11 11 11 11 12 10 10 9 9 9 8 8 8 8 8 7 7 7 7 7 7 7 7 7 7 7 6 6 6 6 6 6 6 6 6 6 6 6 
0.3 1e+07 1e+07 1e+07 1e+07 1e+07 1e+07 1e+07 1e+07 1e+07 1e+07 1e+07 1e+07 1e+07 1e+07 1e+07 1e+07 1e+07 1e+07 1.46975e+06 3.54544e+06 33026 4915 1965 403 612 67 80 142 129 59 43 40 29 26 25 24 17 15 13 12 12 11 11 11 11 11 10 10 9 9 9 8 8 8 8 8 7 7 7 7 7 7 7 7 7 7 6 6 6 6 6 6 6 6 6 6 6 6 6 6 
0.31 1e+07 1e+07 1e+07 1e+07 1e+07 1e+07 1e+07 1e+07 1e+07 1e+07 1e+07 1e+07 1e+07 1e+07 1e+07 1e+07 7.07001e+06 8.71854e+06 3.37441e+06 6.5547e+06 14747 377 879 81 57 64 78 182 95 55 41 34 27 25 24 19 15 14 12 12 11 11 11 11 11 11 10 9 9 9 8 8 8 8 8 7 7 7 7 7 7 7 7 7 7 6 6 6 6 6 6 6 6 6 6 6 6 6 6 6 
