epsilon_k[0] 0.0001
epsilon_k[1] 2.18e-05
epsilon_k[2] 7.08e-05
epsilon_k[3] 2.54e-05
epsilon_k[4] 1e-05
epsilon_k[5] 7.8e-06
epsilon_k[6] 2.18e-05
omega_x0 0.168
omega_y0 0.201
dx 0.01
n_theta 100
dtheta 0.015708
epsilon 30
max_turns 10000000
from_angle 50
to_angle 55
0.785398 1e+07 1e+07 1e+07 1e+07 1e+07 1e+07 1e+07 1e+07 1e+07 1e+07 1e+07 1e+07 1e+07 1e+07 1e+07 1e+07 1e+07 1e+07 1e+07 1e+07 1e+07 1e+07 1e+07 1e+07 1e+07 1e+07 1e+07 1e+07 1e+07 9.46394e+06 1e+07 1e+07 1e+07 6.92917e+06 6.4873e+06 6.55922e+06 5.26938e+06 3.62639e+06 1e+07 750780 6.15267e+06 654045 379080 375089 416257 1.96669e+06 29395 58025 207421 10282 38173 2729 3295 2069 786 1499 219 549 195 428 105 59 61 34 69 104 33 98 85 15 12 11 11 11 10 10 10 10 10 10 10 10 10 9 9 9 9 9 9 9 9 9 10 10 10 10 11 14 15 12 
0.801106 1e+07 1e+07 1e+07 1e+07 1e+07 1e+07 1e+07 1e+07 1e+07 1e+07 1e+07 1e+07 1e+07 1e+07 1e+07 1e+07 1e+07 1e+07 1e+07 1e+07 1e+07 1e+07 1e+07 1e+07 1e+07 1e+07 1e+07 1e+07 1e+07 1e+07 3.42207e+06 2.54139e+06 7.7062e+06 1e+07 8.23825e+06 6.73546e+06 7.5452e+06 992572 3.08303e+06 702056 3.33932e+06 290619 641260 101497 127827 20256 6288 22710 12866 18507 4698 58052 10589 3004 1965 3777 220 1168 512 87 223 403 227 546 287 218 57 20 26 54 12 12 11 11 11 10 10 10 10 10 10 10 10 10 10 11 11 13 13 13 12 15 18 12 11 11 12 15 12 11 
0.816814 1e+07 1e+07 1e+07 1e+07 1e+07 1e+07 1e+07 1e+07 1e+07 1e+07 1e+07 1e+07 1e+07 1e+07 1e+07 1e+07 1e+07 1e+07 1e+07 1e+07 1e+07 1e+07 1e+07 1e+07 1e+07 1e+07 1e+07 1e+07 1e+07 1e+07 1e+07 4.27838e+06 9.78094e+06 1e+07 4.14407e+06 3.05592e+06 8.97253e+06 356840 5.93572e+06 1.6425e+06 411939 1e+07 343497 67233 22208 69135 67584 37920 118579 6393 3889 2350 4560 2229 376 945 2931 1107 429 1060 518 76 310 197 178 168 191 19 50 45 21 13 12 12 12 11 12 12 12 13 17 14 15 13 13 17 16 12 11 11 12 14 12 20 11 10 10 9 10 10 
0.832522 1e+07 1e+07 1e+07 1e+07 1e+07 1e+07 1e+07 1e+07 1e+07 1e+07 1e+07 1e+07 1e+07 1e+07 1e+07 1e+07 1e+07 1e+07 1e+07 1e+07 1e+07 1e+07 1e+07 1e+07 1e+07 1e+07 1e+07 1e+07 1e+07 1e+07 1e+07 1e+07 1e+07 7.59137e+06 9.49116e+06 9.59144e+06 3.74517e+06 7.5782e+06 1e+07 615825 1e+07 188807 2.39267e+06 828664 112154 273816 43538 6586 133930 48116 3643 4601 10684 1503 860 848 6409 639 479 160 792 90 100 185 33 143 39 179 24 19 18 18 18 17 23 27 22 16 31 14 19 15 24 12 11 11 12 14 13 17 11 10 10 11 17 14 10 9 9 8 
0.84823 1e+07 1e+07 1e+07 1e+07 1e+07 1e+07 1e+07 1e+07 1e+07 1e+07 1e+07 1e+07 1e+07 1e+07 1e+07 1e+07 1e+07 1e+07 1e+07 1e+07 1e+07 1e+07 1e+07 1e+07 1e+07 1e+07 1e+07 1e+07 1e+07 1e+07 1e+07 1e+07 1e+07 1e+07 5.96926e+06 9.76959e+06 7.23041e+06 910760 582281 1.08145e+06 5.00173e+06 79370 91421 40161 25650 18194 25787 46626 15088 36844 6876 4013 1115 1135 1111 661 404 144 428 307 43 27 20 20 40 45 34 233 44 68 120 24 17 17 25 15 47 29 15 22 12 12 12 14 15 14 18 12 12 14 12 12 10 10 9 8 8 7 7 7 
