epsilon_k[0] 0.0001
epsilon_k[1] 2.18e-05
epsilon_k[2] 7.08e-05
epsilon_k[3] 2.54e-05
epsilon_k[4] 1e-05
epsilon_k[5] 7.8e-06
epsilon_k[6] 2.18e-05
omega_x0 0.168
omega_y0 0.201
dx 0.01
n_theta 100
dtheta 0.015708
epsilon 30
max_turns 10000000
from_angle 40
to_angle 45
0.628319 1e+07 1e+07 1e+07 1e+07 1e+07 1e+07 1e+07 1e+07 1e+07 1e+07 1e+07 1e+07 1e+07 1e+07 1e+07 1e+07 1e+07 1e+07 1e+07 1e+07 1e+07 1e+07 1e+07 1e+07 1e+07 1e+07 1e+07 1e+07 1e+07 1e+07 1e+07 1e+07 5.45762e+06 1e+07 9.58066e+06 8.63896e+06 1e+07 1e+07 6.49266e+06 1e+07 1e+07 6.07298e+06 1e+07 4.90036e+06 647296 978739 2.38011e+06 3.57763e+06 431992 1.15339e+06 160256 306038 50542 8680 4662 7244 11627 4085 1020 1783 1842 590 3372 3145 125 50 515 215 76 222 274 134 336 200 83 88 96 113 34 49 1285 43 89 27 23 89 17 16 16 16 30 19 19 15 18 16 14 34 27 12 
0.644026 1e+07 1e+07 1e+07 1e+07 1e+07 1e+07 1e+07 1e+07 1e+07 1e+07 1e+07 1e+07 1e+07 1e+07 1e+07 1e+07 1e+07 1e+07 1e+07 1e+07 1e+07 1e+07 1e+07 1e+07 1e+07 1e+07 1e+07 1e+07 1e+07 8.56772e+06 1e+07 8.46479e+06 1e+07 1e+07 6.37595e+06 4.94013e+06 1e+07 4.62546e+06 3.27482e+06 8.45382e+06 6.08238e+06 3.33938e+06 7.43971e+06 1.65801e+06 3.50644e+06 1e+07 1e+07 234804 192633 107529 65382 18488 10910 57577 4292 5420 1776 26136 4373 1193 329 1377 259 899 459 2586 214 73 264 62 92 160 185 143 125 1989 34 31 45 178 112 107 119 64 44 67 35 22 16 15 16 20 18 16 15 20 14 13 26 13 
0.659734 1e+07 1e+07 1e+07 1e+07 1e+07 1e+07 1e+07 1e+07 1e+07 1e+07 1e+07 1e+07 1e+07 1e+07 1e+07 1e+07 1e+07 1e+07 1e+07 1e+07 1e+07 1e+07 1e+07 1e+07 1e+07 1e+07 1e+07 1e+07 1e+07 1e+07 1e+07 1e+07 7.86098e+06 1e+07 1e+07 8.04304e+06 5.86527e+06 1e+07 1e+07 3.52083e+06 5.61212e+06 1e+07 1e+07 500147 1.8279e+06 1.36985e+06 661044 139845 153234 31722 36173 81729 10809 11139 3081 4656 22371 2816 658 509 321 85 225 516 331 147 77 51 222 54 273 286 31 29 117 87 362 87 42 53 42 51 30 22 30 23 23 24 60 24 23 16 15 23 17 19 13 12 14 15 
0.675442 1e+07 1e+07 1e+07 1e+07 1e+07 1e+07 1e+07 1e+07 1e+07 1e+07 1e+07 1e+07 1e+07 1e+07 1e+07 1e+07 1e+07 1e+07 1e+07 1e+07 1e+07 1e+07 1e+07 1e+07 1e+07 1e+07 1e+07 1e+07 1e+07 1e+07 1e+07 1e+07 1e+07 1e+07 1e+07 1e+07 9.72082e+06 3.45694e+06 1e+07 1.6602e+06 1e+07 1e+07 5.21477e+06 4.77876e+06 9.93344e+06 409948 304466 1e+07 166285 47938 6729 98650 8233 2055 6808 574 3520 229 318 60868 182 3998 564 704 656 285 64 309 100 161 258 67 19 18 18 17 17 18 24 62 21 19 25 19 19 13 13 13 12 12 12 13 14 20 15 17 14 15 18 11 
0.69115 1e+07 1e+07 1e+07 1e+07 1e+07 1e+07 1e+07 1e+07 1e+07 1e+07 1e+07 1e+07 1e+07 1e+07 1e+07 1e+07 1e+07 1e+07 1e+07 1e+07 1e+07 1e+07 1e+07 1e+07 1e+07 1e+07 1e+07 1e+07 1e+07 1e+07 9.71208e+06 1e+07 1e+07 6.58574e+06 1e+07 8.96677e+06 1e+07 4.12772e+06 6.78945e+06 6.56164e+06 7.82956e+06 2.99501e+06 1.53766e+06 1.34497e+06 544005 5.8458e+06 159569 414143 870136 27041 22339 24626 21261 2317 2362 9623 1007 873 13275 773 784 2352 758 141 707 238 98 254 104 122 399 39 122 37 64 72 33 46 36 39 23 23 23 22 21 23 23 26 18 15 14 15 16 13 12 12 11 11 11 12 
