epsilon_k[0] 0.1
epsilon_k[0] 2.18e-05
epsilon_k[0] 7.08e-05
epsilon_k[0] 2.54e-05
epsilon_k[0] 1e-05
epsilon_k[0] 7.8e-06
epsilon_k[0] 0.218
omega_x0 0.28
omega_y0 0.31
dx 0.01
n_theta 100
dtheta 0.00785398
epsilon 32
max_turns 10000000
from_angle 80
to_angle 88
0.628319 1e+07 32527 6562 5908 2692 2689 1325 895 
0.636173 1e+07 34891 6492 5725 2678 2678 1316 896 
0.644026 1e+07 31766 6464 4414 2674 2674 1315 918 
0.65188 1e+07 32440 6449 4310 2676 2676 1327 960 
0.659734 1e+07 30496 6432 4299 2677 2677 1329 954 
0.667588 1e+07 30624 6454 4302 2681 2681 1326 931 
0.675442 1e+07 28992 6529 4307 2698 2698 1211 946 
0.683296 1e+07 28662 6481 4348 2689 2689 1141 963 
0.69115 1e+07 28533 6482 4470 2695 2599 1132 980 
