epsilon_k[0] 0.0001
epsilon_k[1] 2.18e-05
epsilon_k[2] 7.08e-05
epsilon_k[3] 2.54e-05
epsilon_k[4] 1e-05
epsilon_k[5] 7.8e-06
epsilon_k[6] 2.18e-05
omega_x0 0.168
omega_y0 0.201
dx 0.01
n_theta 100
dtheta 0.015708
epsilon 44
max_turns 10000000
from_angle 65
to_angle 70
1.02102 1e+07 1e+07 1e+07 1e+07 1e+07 1e+07 1e+07 1e+07 1e+07 1e+07 1e+07 1e+07 1e+07 1e+07 1e+07 1e+07 1e+07 1e+07 1e+07 1e+07 1e+07 1e+07 1e+07 1e+07 1e+07 1e+07 1e+07 1e+07 1e+07 1e+07 1e+07 1e+07 1e+07 1e+07 1e+07 1e+07 4.7875e+06 3.84333e+06 1.67216e+06 469467 175916 36313 57136 7641 25270 15104 12121 4525 125373 1719 1092 1610 4183 3410 7427 1721 757 412 161 243 124 443 48 70 19 24 136 184 84 55 90 22 15 26 32 12 8 8 7 7 7 7 7 6 6 6 6 6 6 6 6 6 6 5 5 5 5 5 5 5 
1.03673 1e+07 1e+07 1e+07 1e+07 1e+07 1e+07 1e+07 1e+07 1e+07 1e+07 1e+07 1e+07 1e+07 1e+07 1e+07 1e+07 1e+07 1e+07 1e+07 1e+07 1e+07 1e+07 1e+07 1e+07 1e+07 1e+07 1e+07 1e+07 1e+07 1e+07 1e+07 1e+07 1e+07 1e+07 1e+07 1e+07 7.00638e+06 3.60908e+06 236838 2.69741e+06 37834 49770 86536 19554 5818 3735 4317 1873 3374 4559 5979 625 490 32489 8216 3825 1017 577 229 131 1026 49 281 25 20 41 388 205 48 64 53 15 52 29 16 9 8 8 7 7 7 7 6 6 6 6 6 6 6 6 6 6 6 5 5 5 5 5 5 5 
1.05243 1e+07 1e+07 1e+07 1e+07 1e+07 1e+07 1e+07 1e+07 1e+07 1e+07 1e+07 1e+07 1e+07 1e+07 1e+07 1e+07 1e+07 1e+07 1e+07 1e+07 1e+07 1e+07 1e+07 1e+07 1e+07 1e+07 1e+07 1e+07 1e+07 1e+07 1e+07 1e+07 1e+07 1e+07 4.69014e+06 1.10848e+06 1.5246e+06 388988 5.65603e+06 88590 902522 43894 41859 5819 7853 3971 29948 4714 3185 1381 6036 46231 16497 580 2070 8508 427 305 111 369 93 51 44 42 25 23 49 135 50 24 32 16 56 34 10 8 8 7 7 7 7 7 6 6 6 6 6 6 6 6 6 6 5 5 5 5 5 5 5 5 
1.06814 1e+07 1e+07 1e+07 1e+07 1e+07 1e+07 1e+07 1e+07 1e+07 1e+07 1e+07 1e+07 1e+07 1e+07 1e+07 1e+07 1e+07 1e+07 1e+07 1e+07 1e+07 1e+07 1e+07 1e+07 1e+07 1e+07 1e+07 1e+07 1e+07 1e+07 1e+07 1e+07 1e+07 1e+07 1e+07 5.01345e+06 644900 3.29726e+06 274027 208003 239901 21348 12420 15977 7278 6628 2300 2004 4680 3417 10926 1089 419 2402 3078 1073 1277 211 254 375 79 75 217 85 159 23 75 173 227 39 19 79 43 25 9 8 8 7 7 7 7 6 6 6 6 6 6 6 6 6 6 6 5 5 5 5 5 5 5 5 
1.08385 1e+07 1e+07 1e+07 1e+07 1e+07 1e+07 1e+07 1e+07 1e+07 1e+07 1e+07 1e+07 1e+07 1e+07 1e+07 1e+07 1e+07 1e+07 1e+07 1e+07 1e+07 1e+07 1e+07 1e+07 1e+07 1e+07 1e+07 1e+07 1e+07 1e+07 1e+07 1e+07 8.27602e+06 1e+07 1e+07 2.22147e+06 619034 1.9459e+06 1.34764e+06 744078 144296 58390 7801 36281 11505 8401 7724 3093 4144 8515 1200 1118 546 1740 878 931 199 511 48 413 1134 240 255 47 33 172 141 232 189 31 17 29 19 24 9 8 7 7 7 7 7 6 6 6 6 6 6 6 6 6 6 6 5 5 5 5 5 5 5 5 
1.09956 1e+07 1e+07 1e+07 1e+07 1e+07 1e+07 1e+07 1e+07 1e+07 1e+07 1e+07 1e+07 1e+07 1e+07 1e+07 1e+07 1e+07 1e+07 1e+07 1e+07 1e+07 1e+07 1e+07 1e+07 1e+07 1e+07 1e+07 1e+07 1e+07 1e+07 1e+07 1e+07 1e+07 1e+07 1.89889e+06 1.92115e+06 845738 1.71021e+06 667747 520083 199833 27097 5643 9194 3266 14776 14072 1963 2180 1510 7192 952 21463 3833 953 577 791 171 92 51 100 40 153 24 25 43 50 117 32 73 32 82 18 11 8 8 7 7 7 7 7 6 6 6 6 6 6 6 6 6 6 6 5 5 5 5 5 5 5 5 
