epsilon_k[0] 0.0001
epsilon_k[1] 2.18e-05
epsilon_k[2] 7.08e-05
epsilon_k[3] 2.54e-05
epsilon_k[4] 1e-05
epsilon_k[5] 7.8e-06
epsilon_k[6] 2.18e-05
omega_x0 0.168
omega_y0 0.201
dx 0.01
n_theta 100
dtheta 0.015708
epsilon 60
max_turns 10000000
from_angle 5
to_angle 10
0.0785398 1e+07 1e+07 1e+07 1e+07 1e+07 1e+07 1e+07 1e+07 1e+07 1e+07 1e+07 1e+07 1e+07 1e+07 1e+07 1e+07 1e+07 1e+07 1e+07 1e+07 1e+07 1e+07 1e+07 1e+07 1e+07 1e+07 1e+07 1e+07 1e+07 1e+07 1e+07 1e+07 1e+07 1e+07 1e+07 1e+07 1e+07 1e+07 1e+07 1e+07 1e+07 1e+07 1e+07 1e+07 1e+07 2.34455e+06 1e+07 6.56497e+06 4.24473e+06 5.80882e+06 1e+07 1e+07 1e+07 6.11356e+06 9.3677e+06 8.01871e+06 4.02601e+06 1e+07 412028 54540 76549 30028 106345 11712 8560 1072 6473 5297 1340 10379 3759 578 38489 3534 1729 3103 269 475 5766 197 1901 64 333 301 99 267 72 9 7 7 6 6 6 6 6 6 5 5 5 5 
0.0942478 1e+07 1e+07 1e+07 1e+07 1e+07 1e+07 1e+07 1e+07 1e+07 1e+07 1e+07 1e+07 1e+07 1e+07 1e+07 1e+07 1e+07 1e+07 1e+07 1e+07 1e+07 1e+07 1e+07 1e+07 1e+07 1e+07 1e+07 1e+07 1e+07 1e+07 1e+07 1e+07 1e+07 1e+07 1e+07 1e+07 1e+07 1e+07 1e+07 1e+07 1e+07 1e+07 1e+07 1e+07 8.42531e+06 1.13318e+06 1e+07 1e+07 756447 1.11683e+06 3.96225e+06 3.40896e+06 1e+07 1e+07 1.41514e+06 1.34009e+06 461292 585198 215943 67585 42155 10430 6640 2430 13384 3839 21750 3287 12808 60378 2248 1721 1108 965 2958 667 117 382 382 1145 403 572 1298 128 43 380 27 31 8 7 7 6 6 6 6 6 5 5 5 5 
0.109956 1e+07 1e+07 1e+07 1e+07 1e+07 1e+07 1e+07 1e+07 1e+07 1e+07 1e+07 1e+07 1e+07 1e+07 1e+07 1e+07 1e+07 1e+07 1e+07 1e+07 1e+07 1e+07 1e+07 1e+07 1e+07 1e+07 1e+07 1e+07 1e+07 1e+07 1e+07 1e+07 1e+07 1e+07 1e+07 1e+07 1e+07 1e+07 1e+07 1e+07 1e+07 1e+07 1e+07 7.87177e+06 738052 2.45207e+06 1e+07 5.70717e+06 1.04456e+06 617516 309160 557658 786103 1.26564e+06 465627 1.18794e+06 336726 266818 141788 171508 39410 123682 11028 3688 4009 5833 16750 2817 9691 2146 1121 865 654 732 615 2505 434 523 95 401 114 98 356 443 130 74 16 17 8 7 7 6 6 6 6 6 5 5 5 5 
0.125664 1e+07 1e+07 1e+07 1e+07 1e+07 1e+07 1e+07 1e+07 1e+07 1e+07 1e+07 1e+07 1e+07 1e+07 1e+07 1e+07 1e+07 1e+07 1e+07 1e+07 1e+07 1e+07 1e+07 1e+07 1e+07 1e+07 1e+07 1e+07 1e+07 1e+07 1e+07 1e+07 1e+07 1e+07 1e+07 1e+07 1e+07 1e+07 1e+07 1e+07 1e+07 1e+07 1e+07 1e+07 2.371e+06 493386 1.94344e+06 678962 270468 49554 420801 574981 1.21463e+06 1.37926e+06 1.55708e+06 297615 236263 416463 43739 78797 26313 20393 181794 7823 2180 4694 2456 2741 2728 6665 2849 6310 1198 817 7050 416 166 336 161 165 2149 317 1005 287 338 43 1451 284 10 8 7 7 6 6 6 6 6 5 5 5 
0.141372 1e+07 1e+07 1e+07 1e+07 1e+07 1e+07 1e+07 1e+07 1e+07 1e+07 1e+07 1e+07 1e+07 1e+07 1e+07 1e+07 1e+07 1e+07 1e+07 1e+07 1e+07 1e+07 1e+07 1e+07 1e+07 1e+07 1e+07 1e+07 1e+07 1e+07 1e+07 1e+07 6.17099e+06 1e+07 1e+07 1e+07 1e+07 1e+07 1e+07 1e+07 1e+07 1e+07 1e+07 1e+07 1e+07 61804 113745 164658 50722 48234 76619 139988 225349 1.08387e+06 306222 89376 239112 312858 28079 153751 23563 20800 2819 1575 4756 13786 2243 4182 898 1939 2748 2410 465 1157 572 4990 465 377 157 383 267 257 746 268 91 48 203 16 16 8 7 7 6 6 6 6 6 6 5 5 
0.15708 1e+07 1e+07 1e+07 1e+07 1e+07 1e+07 1e+07 1e+07 1e+07 1e+07 1e+07 1e+07 1e+07 1e+07 1e+07 1e+07 1e+07 1e+07 1e+07 1e+07 1e+07 1e+07 1e+07 1e+07 1e+07 1e+07 1e+07 1e+07 1e+07 1e+07 1e+07 1e+07 1e+07 1e+07 1e+07 5.88719e+06 1e+07 1e+07 1e+07 1e+07 1e+07 1e+07 1e+07 1e+07 265224 142827 390857 43638 389507 177864 148798 582344 111840 98669 112493 2.0076e+06 77335 129744 13447 11381 30405 20605 4187 7060 10886 543 2176 1276 1262 2485 479 663 3558 9009 1358 2401 1432 149 654 302 194 307 185 301 262 69 242 65 99 17 8 7 7 6 6 6 6 6 5 5 
