epsilon_k[0] 0.1
epsilon_k[0] 2.18e-05
epsilon_k[0] 7.08e-05
epsilon_k[0] 2.54e-05
epsilon_k[0] 1e-05
epsilon_k[0] 7.8e-06
epsilon_k[0] 0.218
omega_x0 0.28
omega_y0 0.31
dx 0.01
n_theta 100
dtheta 0.00785398
epsilon 2
max_turns 10000000
from_angle 32
to_angle 40
0.251327 1e+07 1e+07 1e+07 18678 3998 2596 1904 1346 1234 1079 936 
0.259181 1e+07 1e+07 1e+07 18593 3982 2628 1953 1344 1197 1037 964 
0.267035 1e+07 1e+07 1e+07 18539 3975 2510 1834 1338 1191 1034 895 
0.274889 1e+07 1e+07 1e+07 18403 3936 2450 1803 1330 1181 1028 891 
0.282743 1e+07 1e+07 1e+07 18397 3923 2445 1832 1323 1178 1034 889 
0.290597 1e+07 1e+07 1e+07 18397 3922 2410 1762 1321 1177 963 
0.298451 1e+07 1e+07 1e+07 18397 3922 2410 1759 1320 1176 934 
0.306305 1e+07 1e+07 1e+07 18403 3946 2314 1757 1318 1177 975 
