epsilon_k[0]0.1
epsilon_k[0]2.18e-05
epsilon_k[0]7.08e-05
epsilon_k[0]2.54e-05
epsilon_k[0]1e-05
epsilon_k[0]7.8e-06
epsilon_k[0]0.218
omega_x01.94779
omega_y02.01062
dx 0.01
n_theta 100
dtheta 0.00785398
epsilon 4
max_turns 10000000
from_angle 80
to_angle 88
0.628319 1e+07 1e+07 10024 10024 10024 10024 1677 1210 694 
0.636173 1e+07 9.17904e+06 10023 10023 10023 5768 1677 1180 681 
0.644026 1e+07 2.34433e+06 10973 10973 10973 6479 1694 1136 684 
0.65188 1e+07 1e+07 11597 11597 11597 5588 2000 1135 689 
0.659734 1e+07 1e+07 11837 11837 11837 6700 2222 1134 686 
0.667588 1e+07 5.44692e+06 12394 12394 12394 3159 3159 1133 687 
0.675442 1e+07 5.47216e+06 12900 11023 8990 3336 3336 1133 682 
0.683296 1e+07 1e+07 17765 10746 10746 2137 2137 1132 691 
0.69115 1e+07 5.82022e+06 55010 16759 16758 2079 2079 1132 694 
