epsilon_k[0] 0.1
epsilon_k[0] 2.18e-05
epsilon_k[0] 7.08e-05
epsilon_k[0] 2.54e-05
epsilon_k[0] 1e-05
epsilon_k[0] 7.8e-06
epsilon_k[0] 0.218
omega_x0 0.168
omega_y0 0.201
dx 0.01
n_theta 100
dtheta 0.00785398
epsilon 16
max_turns 10000000
from_angle 56
to_angle 64
0.439823 1e+07 90752 9632 9632 7322 7322 7322 1005 603 
0.447677 1e+07 253381 9640 9640 7782 7782 7782 1033 591 
0.455531 1e+07 135141 9652 9579 9579 9579 4375 955 
0.463385 1e+07 76718 9562 9371 9371 9371 2384 929 
0.471239 1e+07 63520 9562 8993 8177 8177 1605 893 
0.479093 1e+07 62070 9582 8892 8549 8239 1561 892 
0.486947 1e+07 62818 9575 8716 8716 7146 1425 893 
0.494801 1e+07 249949 9614 8567 8567 7780 1320 893 
