epsilon_k[0] 0.0001
epsilon_k[1] 2.18e-05
epsilon_k[2] 7.08e-05
epsilon_k[3] 2.54e-05
epsilon_k[4] 1e-05
epsilon_k[5] 7.8e-06
epsilon_k[6] 2.18e-05
omega_x0 0.168
omega_y0 0.201
dx 0.01
n_theta 100
dtheta 0.015708
epsilon 4
max_turns 10000000
from_angle 10
to_angle 15
0.15708 1e+07 1e+07 1e+07 1e+07 1e+07 1e+07 1e+07 1e+07 1e+07 1e+07 1e+07 1e+07 1e+07 1e+07 1e+07 1e+07 1e+07 1e+07 1e+07 1e+07 1e+07 1e+07 1e+07 1e+07 1e+07 1e+07 1e+07 1e+07 1e+07 1e+07 1e+07 1e+07 1e+07 1e+07 1e+07 1e+07 1e+07 1e+07 1e+07 1e+07 1e+07 1e+07 1e+07 1e+07 1e+07 1e+07 1e+07 1e+07 1e+07 1e+07 1e+07 1e+07 1e+07 1e+07 1e+07 1e+07 1e+07 386718 668420 47006 12089 26763 59520 5252 1015 3671 5323 7638 5161 875 2056 2468 1778 705 269 3408 2799 309 367 691 111 157 480 824 163 325 27 687 9 8 7 7 6 6 6 6 6 5 5 5 
0.172788 1e+07 1e+07 1e+07 1e+07 1e+07 1e+07 1e+07 1e+07 1e+07 1e+07 1e+07 1e+07 1e+07 1e+07 1e+07 1e+07 1e+07 1e+07 1e+07 1e+07 1e+07 1e+07 1e+07 1e+07 1e+07 1e+07 1e+07 1e+07 1e+07 1e+07 1e+07 1e+07 1e+07 1e+07 1e+07 1e+07 1e+07 1e+07 1e+07 1e+07 1e+07 1e+07 1e+07 1e+07 1e+07 1e+07 1e+07 2.80278e+06 1.74485e+06 1e+07 1e+07 1e+07 1e+07 1e+07 1e+07 1e+07 8.80115e+06 2.25938e+06 136380 117494 11159 16497 1789 12114 39755 2592 1279 8437 1762 7175 1328 537 1204 317 399 2118 198 129 85 88 38 829 98 264 152 107 744 15 16 8 7 7 7 6 6 6 6 6 5 5 
0.188496 1e+07 1e+07 1e+07 1e+07 1e+07 1e+07 1e+07 1e+07 1e+07 1e+07 1e+07 1e+07 1e+07 1e+07 1e+07 1e+07 1e+07 1e+07 1e+07 1e+07 1e+07 1e+07 1e+07 1e+07 1e+07 1e+07 1e+07 1e+07 1e+07 1e+07 1e+07 1e+07 1e+07 1e+07 1e+07 1e+07 1e+07 1e+07 1e+07 1e+07 1e+07 1e+07 1e+07 1e+07 1e+07 1e+07 1e+07 1.50387e+06 1.95726e+06 966876 1e+07 1e+07 1e+07 1e+07 1e+07 1e+07 6.94967e+06 337937 52745 14266 15879 4223 3911 1958 6279 5815 1500 969 1867 3167 5556 463 2516 235 741 2874 255 269 692 86 122 429 193 164 60 27 216 233 350 48 8 7 7 6 6 6 6 6 6 5 
0.204204 1e+07 1e+07 1e+07 1e+07 1e+07 1e+07 1e+07 1e+07 1e+07 1e+07 1e+07 1e+07 1e+07 1e+07 1e+07 1e+07 1e+07 1e+07 1e+07 1e+07 1e+07 1e+07 1e+07 1e+07 1e+07 1e+07 1e+07 1e+07 1e+07 1e+07 1e+07 1e+07 1e+07 1e+07 1e+07 1e+07 1e+07 1e+07 1e+07 1e+07 1e+07 1e+07 1e+07 1e+07 1e+07 1e+07 1e+07 1.23161e+06 1.94366e+06 639731 1e+07 1e+07 1e+07 1e+07 1e+07 1e+07 3.38504e+06 41681 171689 96332 5678 16107 54410 15799 356 2311 813 976 6742 1166 529 1993 3588 4042 170 1129 520 378 1172 294 798 140 47 410 137 16 126 40 234 63 18 8 7 7 6 6 6 6 6 6 
0.219911 1e+07 1e+07 1e+07 1e+07 1e+07 1e+07 1e+07 1e+07 1e+07 1e+07 1e+07 1e+07 1e+07 1e+07 1e+07 1e+07 1e+07 1e+07 1e+07 1e+07 1e+07 1e+07 1e+07 1e+07 1e+07 1e+07 1e+07 1e+07 1e+07 1e+07 1e+07 1e+07 1e+07 1e+07 1e+07 1e+07 1e+07 1e+07 1e+07 1e+07 1e+07 1e+07 1e+07 1e+07 1e+07 1e+07 1e+07 6.03601e+06 324963 798688 256289 1e+07 1e+07 1e+07 1e+07 7.08599e+06 1.34777e+06 270315 91511 5733 11633 5201 5556 7202 7020 1090 7944 500 4219 2157 4466 1437 386 244 302 334 576 656 228 86 128 121 439 270 225 511 15 22 39 30 144 17 8 7 7 7 6 6 6 6 
0.235619 1e+07 1e+07 1e+07 1e+07 1e+07 1e+07 1e+07 1e+07 1e+07 1e+07 1e+07 1e+07 1e+07 1e+07 1e+07 1e+07 1e+07 1e+07 1e+07 1e+07 1e+07 1e+07 1e+07 1e+07 1e+07 1e+07 1e+07 1e+07 1e+07 1e+07 1e+07 1e+07 1e+07 1e+07 1e+07 1e+07 1e+07 1e+07 1e+07 1e+07 1e+07 1e+07 1e+07 1e+07 1e+07 1e+07 1e+07 1e+07 4.01372e+06 242151 403813 168577 315285 1e+07 1e+07 1e+07 164743 279818 22209 13437 2820 14012 2732 4323 10586 2748 611 2168 2251 2405 3086 1334 439 4783 138 233 352 238 142 3539 56 246 87 1439 140 171 98 15 32 41 170 29 194 8 7 7 7 6 6 6 
