epsilon_k[0] 0.0001
epsilon_k[1] 2.18e-05
epsilon_k[2] 7.08e-05
epsilon_k[3] 2.54e-05
epsilon_k[4] 1e-05
epsilon_k[5] 7.8e-06
epsilon_k[6] 2.18e-05
omega_x0 0.168
omega_y0 0.201
dx 0.01
n_theta 100
dtheta 0.015708
epsilon 12
max_turns 10000000
from_angle 5
to_angle 10
0.0785398 1e+07 1e+07 1e+07 1e+07 1e+07 1e+07 1e+07 1e+07 1e+07 1e+07 1e+07 1e+07 1e+07 1e+07 1e+07 1e+07 1e+07 1e+07 1e+07 1e+07 1e+07 1e+07 1e+07 1e+07 1e+07 1e+07 1e+07 1e+07 1e+07 1e+07 1e+07 1e+07 1e+07 1e+07 1e+07 1e+07 1e+07 1e+07 1e+07 1e+07 1e+07 1e+07 1e+07 1e+07 1e+07 1e+07 1e+07 1e+07 1e+07 1e+07 1e+07 1e+07 1e+07 1e+07 1e+07 1e+07 9.69202e+06 1.07558e+06 3.08656e+06 408179 1.01032e+06 165122 11513 3950 2725 16297 1236 5699 3681 1609 727 1697 1624 1306 851 930 1074 313 111 582 179 890 34 168 114 154 9 7 7 6 6 6 6 6 6 5 5 5 5 5 
0.0942478 1e+07 1e+07 1e+07 1e+07 1e+07 1e+07 1e+07 1e+07 1e+07 1e+07 1e+07 1e+07 1e+07 1e+07 1e+07 1e+07 1e+07 1e+07 1e+07 1e+07 1e+07 1e+07 1e+07 1e+07 1e+07 1e+07 1e+07 1e+07 1e+07 1e+07 1e+07 1e+07 1e+07 1e+07 1e+07 1e+07 1e+07 1e+07 1e+07 1e+07 1e+07 1e+07 1e+07 1e+07 1e+07 1e+07 5.95344e+06 1e+07 1e+07 1e+07 1e+07 1e+07 1e+07 1e+07 1e+07 1e+07 8.54999e+06 2.45453e+06 1.08144e+06 4.63022e+06 1.15843e+06 40763 17091 1674 4557 2278 2038 3626 539 5385 9413 6302 1817 2171 2180 488 213 267 101 107 170 1801 186 49 1747 310 10 8 7 7 6 6 6 6 6 5 5 5 5 5 
0.109956 1e+07 1e+07 1e+07 1e+07 1e+07 1e+07 1e+07 1e+07 1e+07 1e+07 1e+07 1e+07 1e+07 1e+07 1e+07 1e+07 1e+07 1e+07 1e+07 1e+07 1e+07 1e+07 1e+07 1e+07 1e+07 1e+07 1e+07 1e+07 1e+07 1e+07 1e+07 1e+07 1e+07 1e+07 1e+07 1e+07 1e+07 1e+07 1e+07 1e+07 1e+07 1e+07 1e+07 1e+07 1e+07 1e+07 1.20198e+06 1e+07 1e+07 1e+07 1e+07 1e+07 1e+07 1e+07 1e+07 1e+07 2.21561e+06 2.31576e+06 1e+07 671824 79879 11260 11453 17081 2066 33590 5144 8179 36117 1012 1746 5141 1293 884 1365 318 557 282 303 367 195 52 807 66 180 16 424 8 7 7 6 6 6 6 6 6 5 5 5 5 
0.125664 1e+07 1e+07 1e+07 1e+07 1e+07 1e+07 1e+07 1e+07 1e+07 1e+07 1e+07 1e+07 1e+07 1e+07 1e+07 1e+07 1e+07 1e+07 1e+07 1e+07 1e+07 1e+07 1e+07 1e+07 1e+07 1e+07 1e+07 1e+07 1e+07 1e+07 1e+07 1e+07 1e+07 1e+07 1e+07 1e+07 1e+07 1e+07 1e+07 1e+07 1e+07 1e+07 1e+07 1e+07 1e+07 4.60869e+06 9.53397e+06 2.35192e+06 1e+07 1e+07 1e+07 1e+07 1e+07 1e+07 1e+07 3.43425e+06 5.17852e+06 1.64662e+06 366658 72552 55200 32392 35368 3114 26194 7438 4037 5261 5473 4530 12465 2528 470 203 966 191 92 804 410 406 319 4404 174 1075 581 263 38 9 8 7 7 6 6 6 6 6 5 5 5 5 
0.141372 1e+07 1e+07 1e+07 1e+07 1e+07 1e+07 1e+07 1e+07 1e+07 1e+07 1e+07 1e+07 1e+07 1e+07 1e+07 1e+07 1e+07 1e+07 1e+07 1e+07 1e+07 1e+07 1e+07 1e+07 1e+07 1e+07 1e+07 1e+07 1e+07 1e+07 1e+07 1e+07 1e+07 1e+07 1e+07 1e+07 1e+07 1e+07 1e+07 1e+07 1e+07 1e+07 1e+07 1e+07 1e+07 9.00323e+06 3.66771e+06 1.16493e+06 4.62123e+06 1e+07 1e+07 1e+07 1e+07 1e+07 1e+07 1e+07 1.18725e+06 1e+07 781171 234609 25818 45531 9731 6040 13234 3193 6586 11718 1206 4765 2799 2577 282 11895 354 129 435 230 277 105 375 58 122 68 37 719 16 163 8 7 7 6 6 6 6 6 6 5 5 5 
0.15708 1e+07 1e+07 1e+07 1e+07 1e+07 1e+07 1e+07 1e+07 1e+07 1e+07 1e+07 1e+07 1e+07 1e+07 1e+07 1e+07 1e+07 1e+07 1e+07 1e+07 1e+07 1e+07 1e+07 1e+07 1e+07 1e+07 1e+07 1e+07 1e+07 1e+07 1e+07 1e+07 1e+07 1e+07 1e+07 1e+07 1e+07 1e+07 1e+07 1e+07 1e+07 1e+07 1e+07 1e+07 1e+07 1e+07 1.94067e+06 1.03231e+06 3.32358e+06 1e+07 1e+07 1e+07 1e+07 1e+07 1e+07 4.03876e+06 3.11001e+06 398220 553816 386835 89617 145320 9664 9216 7300 1528 6702 2612 4917 1788 17088 16488 372 514 2145 993 2515 641 361 282 195 1083 215 26 116 426 138 67 11 8 7 7 6 6 6 6 6 5 5 5 
