epsilon_k[0] 0.0001
epsilon_k[1] 2.18e-05
epsilon_k[2] 7.08e-05
epsilon_k[3] 2.54e-05
epsilon_k[4] 1e-05
epsilon_k[5] 7.8e-06
epsilon_k[6] 2.18e-05
omega_x0 0.168
omega_y0 0.201
dx 0.01
n_theta 100
dtheta 0.015708
epsilon 16
max_turns 10000000
from_angle 5
to_angle 10
0.0785398 1e+07 1e+07 1e+07 1e+07 1e+07 1e+07 1e+07 1e+07 1e+07 1e+07 1e+07 1e+07 1e+07 1e+07 1e+07 1e+07 1e+07 1e+07 1e+07 1e+07 1e+07 1e+07 1e+07 1e+07 1e+07 1e+07 1e+07 1e+07 1e+07 1e+07 1e+07 1e+07 1e+07 1e+07 1e+07 1e+07 1e+07 1e+07 1e+07 1e+07 1e+07 1e+07 1e+07 1e+07 1e+07 1e+07 5.18601e+06 1e+07 1e+07 1e+07 1e+07 1e+07 1e+07 1e+07 1e+07 1e+07 1e+07 1e+07 8.15943e+06 1e+07 257031 292780 11532 1383 8784 4386 929 2530 1116 1683 4608 41291 5151 1250 4581 1421 958 311 342 138 336 825 44 134 6669 180 9 7 7 7 6 6 6 6 6 5 5 5 5 5 
0.0942478 1e+07 1e+07 1e+07 1e+07 1e+07 1e+07 1e+07 1e+07 1e+07 1e+07 1e+07 1e+07 1e+07 1e+07 1e+07 1e+07 1e+07 1e+07 1e+07 1e+07 1e+07 1e+07 1e+07 1e+07 1e+07 1e+07 1e+07 1e+07 1e+07 1e+07 1e+07 1e+07 1e+07 1e+07 1e+07 1e+07 1e+07 1e+07 1e+07 1e+07 1e+07 1e+07 1e+07 1e+07 1e+07 1e+07 3.37917e+06 1e+07 1e+07 1e+07 1e+07 1e+07 1e+07 1e+07 1e+07 1e+07 3.71949e+06 3.60625e+06 2.4064e+06 179059 68982 61398 5963 29794 3839 6648 1562 1131 5796 85081 6794 2502 1101 1009 2257 394 1404 397 244 2177 500 81 164 291 400 153 12 8 7 7 6 6 6 6 6 5 5 5 5 5 
0.109956 1e+07 1e+07 1e+07 1e+07 1e+07 1e+07 1e+07 1e+07 1e+07 1e+07 1e+07 1e+07 1e+07 1e+07 1e+07 1e+07 1e+07 1e+07 1e+07 1e+07 1e+07 1e+07 1e+07 1e+07 1e+07 1e+07 1e+07 1e+07 1e+07 1e+07 1e+07 1e+07 1e+07 1e+07 1e+07 1e+07 1e+07 1e+07 1e+07 1e+07 1e+07 1e+07 1e+07 1e+07 1e+07 3.14321e+06 1e+07 7.7454e+06 1e+07 1e+07 1e+07 1e+07 1e+07 1e+07 1e+07 9.21462e+06 1e+07 9.73e+06 564373 442783 345495 20655 4596 6756 4315 8170 2905 16718 2316 2289 2020 3288 808 1078 3102 551 3387 234 159 1569 88 134 1050 287 89 16 18 8 7 7 6 6 6 6 6 6 5 5 5 5 
0.125664 1e+07 1e+07 1e+07 1e+07 1e+07 1e+07 1e+07 1e+07 1e+07 1e+07 1e+07 1e+07 1e+07 1e+07 1e+07 1e+07 1e+07 1e+07 1e+07 1e+07 1e+07 1e+07 1e+07 1e+07 1e+07 1e+07 1e+07 1e+07 1e+07 1e+07 1e+07 1e+07 1e+07 1e+07 1e+07 1e+07 1e+07 1e+07 1e+07 1e+07 1e+07 1e+07 1e+07 1e+07 1e+07 3.10091e+06 1e+07 571330 1e+07 1e+07 1e+07 1e+07 1e+07 1e+07 1e+07 4.49672e+06 1e+07 7.25403e+06 184893 105036 70552 81760 9154 83369 14521 6578 2010 3451 1684 3673 1214 2117 1217 488 398 938 965 485 1115 460 194 1056 245 521 71 242 166 10 8 7 7 6 6 6 6 6 5 5 5 5 
0.141372 1e+07 1e+07 1e+07 1e+07 1e+07 1e+07 1e+07 1e+07 1e+07 1e+07 1e+07 1e+07 1e+07 1e+07 1e+07 1e+07 1e+07 1e+07 1e+07 1e+07 1e+07 1e+07 1e+07 1e+07 1e+07 1e+07 1e+07 1e+07 1e+07 1e+07 1e+07 1e+07 1e+07 1e+07 1e+07 1e+07 1e+07 1e+07 1e+07 1e+07 1e+07 1e+07 1e+07 1e+07 5.93233e+06 4.81579e+06 1.59933e+06 1.1446e+06 733988 1e+07 1e+07 1e+07 1e+07 1e+07 1e+07 1e+07 6.04209e+06 620561 428504 61084 73713 127683 21294 5111 3232 3116 5487 13722 3687 2142 8737 514 378 542 4966 106 860 307 56 2763 1222 226 191 93 157 2250 16 17 8 7 7 6 6 6 6 6 6 5 5 5 
0.15708 1e+07 1e+07 1e+07 1e+07 1e+07 1e+07 1e+07 1e+07 1e+07 1e+07 1e+07 1e+07 1e+07 1e+07 1e+07 1e+07 1e+07 1e+07 1e+07 1e+07 1e+07 1e+07 1e+07 1e+07 1e+07 1e+07 1e+07 1e+07 1e+07 1e+07 1e+07 1e+07 1e+07 1e+07 1e+07 1e+07 1e+07 1e+07 1e+07 1e+07 1e+07 1e+07 1e+07 1e+07 1e+07 6.95096e+06 972539 7.66955e+06 1.74585e+06 1e+07 1e+07 1e+07 1e+07 1e+07 1e+07 7.16219e+06 722605 499674 73655 75649 51482 5494 7802 8983 2746 12200 2409 10832 2922 664724 10562 1065 877 1221 993 1144 1578 842 207 298 561 788 1236 245 90 363 474 707 41 8 7 7 6 6 6 6 6 6 5 5 
