epsilon_k[0] 0.0001
epsilon_k[1] 2.18e-05
epsilon_k[2] 7.08e-05
epsilon_k[3] 2.54e-05
epsilon_k[4] 1e-05
epsilon_k[5] 7.8e-06
epsilon_k[6] 2.18e-05
omega_x0 0.168
omega_y0 0.201
dx 0.01
n_theta 100
dtheta 0.015708
epsilon 12
max_turns 10000000
from_angle 10
to_angle 15
0.15708 1e+07 1e+07 1e+07 1e+07 1e+07 1e+07 1e+07 1e+07 1e+07 1e+07 1e+07 1e+07 1e+07 1e+07 1e+07 1e+07 1e+07 1e+07 1e+07 1e+07 1e+07 1e+07 1e+07 1e+07 1e+07 1e+07 1e+07 1e+07 1e+07 1e+07 1e+07 1e+07 1e+07 1e+07 1e+07 1e+07 1e+07 1e+07 1e+07 1e+07 1e+07 1e+07 1e+07 1e+07 1e+07 1e+07 1.86916e+06 972282 907832 1e+07 1e+07 1e+07 1e+07 1e+07 1e+07 4.03876e+06 3.11001e+06 828522 3.00836e+06 45640 38767 18428 9664 4244 7300 1528 7037 4924 2464 1817 4343 4191 372 706 2145 4452 1202 1470 361 255 226 963 222 26 116 434 138 67 11 8 7 7 6 6 6 6 6 5 5 5 
0.172788 1e+07 1e+07 1e+07 1e+07 1e+07 1e+07 1e+07 1e+07 1e+07 1e+07 1e+07 1e+07 1e+07 1e+07 1e+07 1e+07 1e+07 1e+07 1e+07 1e+07 1e+07 1e+07 1e+07 1e+07 1e+07 1e+07 1e+07 1e+07 1e+07 1e+07 1e+07 1e+07 1e+07 1e+07 1e+07 1e+07 1e+07 1e+07 1e+07 1e+07 1e+07 1e+07 1e+07 1e+07 1e+07 9.64409e+06 5.8203e+06 2.48561e+06 300444 1.01942e+06 1e+07 1e+07 1e+07 1e+07 5.53328e+06 4.33419e+06 362455 313274 155867 40861 24213 2407 41132 9328 2570 2704 691 3983 6271 732 1297 702 802 2117 479 1189 968 307 233 268 116 47 141 51 25 143 41 16 23 9 7 7 7 6 6 6 6 6 5 5 
0.188496 1e+07 1e+07 1e+07 1e+07 1e+07 1e+07 1e+07 1e+07 1e+07 1e+07 1e+07 1e+07 1e+07 1e+07 1e+07 1e+07 1e+07 1e+07 1e+07 1e+07 1e+07 1e+07 1e+07 1e+07 1e+07 1e+07 1e+07 1e+07 1e+07 1e+07 1e+07 1e+07 1e+07 1e+07 1e+07 1e+07 1e+07 1e+07 1e+07 1e+07 1e+07 1e+07 1e+07 1e+07 1e+07 9.58127e+06 1.27647e+06 449243 342585 142316 728558 1e+07 1e+07 1e+07 1e+07 3.2646e+06 527873 95787 327704 222036 7844 25608 4030 10681 3660 3615 33690 19549 1547 1838 9795 4166 826 1269 792 20088 1268 441 104 156 62 109 47 366 25 1651 57 570 15 16 8 7 7 7 6 6 6 6 6 5 
0.204204 1e+07 1e+07 1e+07 1e+07 1e+07 1e+07 1e+07 1e+07 1e+07 1e+07 1e+07 1e+07 1e+07 1e+07 1e+07 1e+07 1e+07 1e+07 1e+07 1e+07 1e+07 1e+07 1e+07 1e+07 1e+07 1e+07 1e+07 1e+07 1e+07 1e+07 1e+07 1e+07 1e+07 1e+07 1e+07 1e+07 1e+07 1e+07 1e+07 1e+07 1e+07 1e+07 1e+07 1e+07 1e+07 1e+07 1e+07 501166 121884 107819 2.42535e+06 283661 1.33509e+06 4.75184e+06 1.7842e+06 4.30226e+06 219595 194813 63717 14066 36940 12283 77409 6187 2443 1812 1059 691 1250 1473 9932 3074 1146 757 8180 661 281 1510 243 320 144 100 39 47 75 17 56 52 66 16 25 8 7 7 7 6 6 6 6 6 
0.219911 1e+07 1e+07 1e+07 1e+07 1e+07 1e+07 1e+07 1e+07 1e+07 1e+07 1e+07 1e+07 1e+07 1e+07 1e+07 1e+07 1e+07 1e+07 1e+07 1e+07 1e+07 1e+07 1e+07 1e+07 1e+07 1e+07 1e+07 1e+07 1e+07 1e+07 1e+07 1e+07 1e+07 1e+07 1e+07 1e+07 1e+07 1e+07 1e+07 1e+07 1e+07 1e+07 1e+07 1e+07 1e+07 1e+07 9.31662e+06 304214 195256 923167 47872 188010 2.63947e+06 744155 208308 197646 925076 115786 15175 12879 4488 4288 7746 41964 1450 756 5684 3292 1689 2345 1539 1470 338 2321 767 337 1646 150 691 411 232 83 269 132 47 39 15 36 1676 168 16 209 8 7 7 7 6 6 6 6 
0.235619 1e+07 1e+07 1e+07 1e+07 1e+07 1e+07 1e+07 1e+07 1e+07 1e+07 1e+07 1e+07 1e+07 1e+07 1e+07 1e+07 1e+07 1e+07 1e+07 1e+07 1e+07 1e+07 1e+07 1e+07 1e+07 1e+07 1e+07 1e+07 1e+07 1e+07 1e+07 1e+07 1e+07 1e+07 1e+07 1e+07 1e+07 1e+07 1e+07 1e+07 1e+07 1e+07 1e+07 1e+07 1e+07 1e+07 1e+07 867653 217984 156124 46738 196015 221732 134698 170388 284474 41717 109174 7769 6165 17137 13005 2956 44971 2522 1421 4906 1406 1205 173 3994 868 6757 6438 119 92 199 1217 376 302 104 617 355 388 78 283 44 15 7612 67 67 15 16 9 8 7 7 6 6 6 
