epsilon_k[0] 0.0001
epsilon_k[1] 2.18e-05
epsilon_k[2] 7.08e-05
epsilon_k[3] 2.54e-05
epsilon_k[4] 1e-05
epsilon_k[5] 7.8e-06
epsilon_k[6] 2.18e-05
omega_x0 0.168
omega_y0 0.201
dx 0.001
epsilon 14
max_turns 10000000
from_y 640
to_y 720
0.64 140 170 192 142 552 229 644 698 1507 590 613 1121 1204 379 284 886 382 547 348 537 140 184 2062 433 126 326 290 731 376 150 200 173 110 84 1431 124 116 180 165 299 626 278 416 178 107 310 330 112 174 314 255 60 373 120 90 202 86 95 52 128 268 84 263 81 78 487 123 230 157 161 188 669 647 86 112 136 282 4564 116 109 
0.641 217 151 107 513 246 226 170 271 197 537 465 571 181 447 437 262 237 105 679 231 11633 110 712 537 158 836 386 775 173 118 96 252 159 176 247 92 2129 121 166 120 158 142 520 271 107 106 791 263 104 724 78 755 85 172 235 122 98 569 145 52 194 114 179 96 79 181 91 126 184 161 75 110 134 157 177 96 342 304 63 66 
0.642 932 154 214 115 139 371 865 167 173 150 156 224 304 218 244 279 1476 3170 147 225 238 678 735 1328 247 229 345 185 114 106 149 80 109 113 143 167 301 124 87 1663 221 714 70 129 132 175 159 93 84 146 267 87 80 246 184 66 94 84 111 95 84 45 44 169 116 108 146 334 129 207 208 217 123 320 117 187 296 140 64 69 
0.643 365 189 376 430 377 143 574 440 497 123 360 1362 8321 617 198 718 174 1404 104 566 554 115 133 392 88 183 859 1223 216 108 78 89 192 346 64 62 62 139 161 65 244 552 215 100 245 179 650 154 1210 132 113 118 87 70 120 151 337 284 380 99 159 111 45 108 58 96 69 133 237 144 149 165 79 247 62 59 108 468 270 110 
0.644 282 421 148 117 100 282 132 379 705 266 125 442 6004 624 358 297 1103 493 204 131 1205 853 196 1514 427 88 453 146 134 95 84 117 125 171 1465 78 137 116 131 84 95 264 133 510 243 81 113 388 189 153 187 92 155 176 93 169 117 171 171 85 57 94 47 100 107 114 109 93 265 264 526 214 180 260 228 141 669 177 79 264 
0.645 247 1285 364 185 151 235 253 113 139 303 201 289 270 619 202 358 401 472 754 218 678 1074 95 4264 287 191 334 133 330 3745 270 159 221 3709 83 150 251 151 121 94 279 152 99 392 149 204 146 247 133 160 112 546 102 102 224 104 195 118 162 204 52 302 242 49 234 207 97 112 148 111 316 176 83 189 63 118 150 453 155 245 
0.646 1402 256 142 661 224 127 409 137 509 155 337 823 172 256 1007 355 272 172 872 278 274 668 449 300 214 402 372 1130 213 851 128 129 279 79 230 551 103 194 53 53 52 60 396 219 283 260 124 232 189 301 119 74 107 105 167 99 72 357 117 214 66 47 45 131 44 53 107 53 146 190 71 119 247 104 99 49 345 177 226 98 
0.647 206 1772 635 207 1062 257 506 122 184 206 273 161 282 762 397 538 472 556 158 178 261 439 1579 162 536 195 339 747 632 131 146 228 10933 145 284 1865 138 262 257 107 94 53 66 77 114 338 161 119 1807 143 239 157 127 75 56 123 1883 78 218 75 88 321 45 111 39 52 95 223 207 281 324 83 707 88 114 165 199 363 105 128 
0.648 178 121 1235 586 509 179 196 141 121 151 292 128 135 802 531 1142 550 341 237 424 333 136 318 739 827 78 520 390 171 88 184 833 226 139 146 107 443 1246 684 54 54 62 52 58 165 344 145 388 259 128 222 99 163 248 84 102 139 143 1333 61 85 76 406 66 211 196 150 73 257 115 199 159 81 121 105 290 705 220 178 155 
0.649 392 259 120 241 2451 313 448 375 760 155 117 108 236 678 291 278 11245 177 608 189 154 148 1119 247 184 332 174 91 167 97 139 381 140 175 76 117 89 281 402 397 63 321 1901 258 103 172 267 87 102 137 638 133 186 80 193 5171 94 135 199 137 65 53 100 1901 202 38 68 104 51 230 65 175 285 100 265 207 275 256 54 80 
0.65 117 184 2181 956 132 185 769 193 305 536 178 124 219 209 195 345 165 773 280 267 511 100 248 1003 128 12404 167 130 91 215 107 1510 97 343 539 205 116 89 450 304 118 107 49 82 70 357 104 135 151 256 192 366 106 74 144 193 168 128 180 151 114 77 184 182 53 73 60 95 145 114 172 107 71 85 59 63 80 177 169 631 
0.651 257 299 151 2383 150 126 204 194 296 382 771 286 187 126 118 395 605 280 347 2069 327 370 127 368 189 304 270 99 498 506 229 442 144 159 227 367 221 109 191 140 170 68 116 47 61 93 126 71 133 126 750 175 129 84 394 146 231 95 178 461 62 82 349 85 131 68 57 64 69 104 115 98 84 65 124 200 81 1915 232 192 
0.652 220 167 983 159 171 285 97 199 316 969 186 224 582 141 271 111 294 191 375 2316 211 183 524 72466 206 119 337 864 434 1084 333 161 242 424 143 135 228 593 1782 139 172 103 85 175 47 71 195 98 190 78 371 181 81 237 56 99 97 123 1168 53 138 589 73 119 63 38 56 298 147 94 129 173 93 729 218 60 77 79 2043 69 
0.653 207 367 265 321 157 271 245 288 162 367 2295 988 134 223 168 246 223 146 296 1034 1263 355 300 345 240 143 392 521 1175 120 420 237 144 150 141 224 115 141 337 313 1921 108 151 92 110 47 338 134 197 155 222 71 279 68 200 163 218 140 57 91 280 80 70 72 51 54 58 116 90 63 101 124 208 93 149 393 96 97 380 195 
0.654 79 111 183 442 275 247 144 120 479 113 116 267 1264 1053 132 142 234 380 355 155 475 751 527 114 354 341 161 220 85 332 208 207 197 205 132 297 119 164 98 222 438 247 106 339 191 80 49 53 257 90 372 239 172 101 231 153 97 152 189 169 211 114 1788 52 71 236 65 38 52 234 312 122 96 427 124 411 213 224 511 168 
0.655 513 278 382 508 463 128 254 242 132 274 133 271 118 161 197 292 450 170 127 127 900 488 329 539 1277 160 106 203 94 311 367 718 183 173 311 129 294 124 272 218 194 131 239 123 226 117 105 106 252 79 127 180 67 145 96 62 54 361 90 704 287 104 59 71 94 58 764 92 65 349 532 144 134 94 53 221 73 55 179 600 
0.656 369 163 200 284 200 445 454 157 100 406 214 142 191 165 523 302 186 382 129 196 1351 351 1401 161 446 252 149 470 419 284 248 76 307 139 376 158 255 139 203 189 97 1958 298 584 1278 211 156 345 77 77 173 163 134 133 470 99 395 160 95 95 142 116 66 53 274 98 34 38 63 67 52 192 87 57 136 68 206 36 76 56 
0.657 129 258 216 130 120 187 295 109 86 186 179 697 223 761 206 171 856 434 189 312 148 930 206 1050 143 137 403 126 1488 149 175 110 227 117 221 281 229 142 255 125 442 139 192 180 249 123 256 405 53 54 57 249 149 158 81 99 62 72 107 187 117 149 233 93 96 78 33 70 45 170 65 108 143 257 79 168 42 35 147 186 
0.658 302 106 124 138 171 121 251 166 320 85 121 103 141 194 351 169 121 270 127 735 140 144 282 141 841 133 757 268 186 691 100 198 450 117 750 263 593 118 120 5040 198 210 330 761 99 425 201 1953 621 228 315 165 71 110 91 252 70 116 210 104 68 93 142 234 66 143 33 32 84 85 82 89 219 153 46 489 74 35 740 74 
0.659 223 112 289 194 145 186 181 143 393 189 91 193 86 243 212 126 143 107 293 219 292 277 2554 131 270 4826 201 164 764 308 214 1013 696 414 564 247 238 451 191 292 312 221 421 601 225 167 123 326 325 53 83 206 76 178 253 101 131 85 100 70 80 69 68 98 69 190 73 32 80 88 687 268 128 2548 141 156 94 35 125 73 
0.66 469 102 82 93 435 122 156 342 346 135 276 253 86 164 102 265 184 125 242 110 268 78 205 131 300 126 235 202 104 255 1017 126 145 169 3181 283 4155 166 210 322 121 169 210 174 137 763 1097 157 103 861 61 132 322 83 975 356 184 193 254 75 58 75 60 254 52 74 110 32 33 69 147 107 141 266 83 190 167 35 114 144 
0.661 584 299 883 259 264 253 107 102 374 121 277 101 109 144 100 264 103 268 201 353 193 120 150 140 172 535 913 254 290 102 379 96 570 262 252 1285 475 8889 282 245 210 379 118 6868 268 1092 125 182 73 115 749 111 83 128 67 279 113 166 120 238 127 321 71 175 65 102 153 32 32 144 50 172 106 187 65 270 96 35 45 151 
0.662 195 170 198 219 321 140 80 128 97 188 143 130 227 138 85 116 128 252 286 108 315 373 216 193 149 109 134 2549 355 130 337 364 155 87 128 326 275 174 108 113 133 84 141 224 546 8519 237 444 268 200 79 158 295 220 65 149 143 158 131 93 84 72 68 86 95 163 52 32 32 387 57 141 67 232 131 60 314 35 36 122 
0.663 472 255 467 174 199 244 86 91 101 103 143 356 319 179 222 165 150 188 560 186 102 320 252 95 169 119 215 187 12405 129 862 314 3559 4609 368 1299 1020 308 160 98 198 77 312 452 135 112 151 202 219 632 1041 91 438 351 107 403 198 125 94 129 153 232 134 46 122 60 53 34 32 32 39 67 133 222 233 207 70 36 171 78 
0.664 60 119 105 166 183 661 200 128 205 81 79 104 258 134 191 116 4126 96 203 192 192 172 89 187 163 112 141 134 175 176 605 136 130 94 162 410 618 479 110 146 191 312 414 727 166 103 520 515 475 1113 133 239 88 86 311 119 126 378 100 768 58 95 58 63 100 51 160 44 32 32 76 201 53 153 468 177 87 42 102 271 
0.665 248 98 79 71 155 149 261 219 93 83 68 89 192 120 205 72 223 270 425 177 92 198 187 133 90 92 101 311 207 102 407 86 149 246 152 145 202 516 157 238 178 333 731 855 551 221 1008 282 2758 1017 7071 164 233 134 213 100 186 732 95 119 216 258 92 47 73 83 60 59 32 32 210 90 64 155 282 123 199 258 127 294 
0.666 89 189 300 288 72 232 212 450 144 126 397 110 106 490 382 491 117 84 171 70 124 107 268 140 281 186 318 225 143 97 426 219 148 120 73 132 122 476 116 193 179 102 112 863 156 401 66 110 125 77 695 132 444 217 132 237 59 289 184 307 292 56 64 49 207 232 46 66 32 32 32 39 74 208 126 542 105 44 49 353 
0.667 115 180 155 511 148 139 64 123 1272 92 266 101 598 83 154 110 116 97 221 116 116 202 128 163 429 153 174 112 195 360 87 3875 149 127 131 248 743 1500 127 247 226 201 481 85 126 87 271 113 263 271 76 108 211 158 118 89 144 96 237 164 125 136 162 112 51 72 383 244 171 32 32 103 417 329 100 100 552 67 111 134 
0.668 281 110 310 150 294 123 134 93 306 166 388 184 120 110 96 169 121 195 144 164 200 91 196 125 144 89 150 86 163 91 234 234 231 77 155 744 944 333 82 2957 103 260 461 85 1431 571 397 371 695 117 168 467 111 143 165 338 189 59 74 238 257 73 120 51 274 41 129 89 418 32 32 57 66 124 72 73 123 65 138 44 
0.669 129 93 188 92 211 200 157 89 136 228 175 151 145 207 179 114 113 333 151 105 141 189 112 122 176 210 97 253 252 161 228 195 219 273 216 1011 499 509 334 83 12365 207 86 112 3426 198 169 134 61 98 243 830 8056 130 219 206 124 120 59 380 99 109 139 143 201 386 105 53 63 32 35 32 91 482 127 354 54 116 36 36 
0.67 139 79 50 103 59 180 137 293 92 489 183 174 202 167 251 92 75 72 261 84 64 398 212 100 82 142 82 348 105 105 115 100 112 405 194 154 414 216 152 218 126 77 231 162 227 116 90 100 248 267 149 115 158 204 183 144 71 358 882 59 65 161 110 635 161 46 41 57 58 32 90 32 54 563 47 109 178 90 34 97 
0.671 195 128 202 204 69 50 93 223 1409 415 232 69 316 193 125 69 201 165 132 207 67 77 112 168 128 118 179 102 121 175 125 135 122 101 367 183 446 125 748 181 222 586 204 168 169 532 102 53 80 167 115 120 154 123 198 91 153 111 154 788 101 206 187 71 67 59 155 103 52 40 42 32 44 155 123 73 43 104 35 73 
0.672 89 58 371 108 102 50 65 43 256 101 225 82 72 2124 421 117 153 626 134 142 288 107 104 73 92 477 172 102 311 85 108 538 82 77 270 299 206 931 230 88 73 211 81 295 557 284 547 149 55 1743 215 110 7483 146 193 147 161 150 317 810 134 324 78 329 148 47 69 127 57 184 32 162 34 51 60 195 128 169 77 174 
0.673 79 74 78 65 96 85 50 236 61 41 66 73 872 57 203 102 235 203 70 68 107 73 80 443 64 148 312 146 308 142 235 130 101 181 204 204 156 187 251 217 478 66 329 304 84 273 279 61 340 98 139 659 98 260 392 122 140 92 184 375 150 117 65 184 62 70 50 296 62 47 32 78 32 44 132 59 156 104 58 92 
0.674 67 55 57 131 128 101 93 64 49 141 56 47 333 162 71 212 167 111 110 558 147 133 62 138 423 103 75 194 111 120 81 200 144 185 780 86 428 192 288 174 542 129 131 91 88 72 67 76 3360 106 137 426 213 221 184 91 698 153 183 125 215 87 107 125 172 191 80 59 318 74 52 241 32 140 59 76 85 112 108 111 
0.675 96 54 54 277 70 76 62 194 180 562 209 46 40 220 101 105 240 122 202 87 89 307 218 70 92 83 87 72 159 90 176 164 108 102 223 221 176 138 759 171 153 87 79 218 86 193 1380 121 323 59 60 119 80 54 94 772 124 187 240 170 128 684 1221 148 154 191 281 89 547 119 66 39 63 118 105 144 40 71 84 121 
0.676 69 83 71 54 50 67 77 84 118 79 102 47 174 90 183 114 144 53 99 114 92 258 101 71 83 71 362 195 72 146 230 172 139 174 250 87 350 354 294 137 217 111 155 66 86 86 63 107 276 126 92 154 197 233 195 55 451 167 137 547 99 246 261 84 141 126 88 171 66 73 94 32 148 32 318 133 300 114 144 275 
0.677 78 112 96 108 86 55 67 96 57 155 183 205 124 907 279 40 147 158 54 558 447 205 83 493 60 252 554 247 152 111 73 85 110 397 92 108 92 359 136 138 57 133 127 214 129 80 333 104 88 289 96 80 262 531 231 299 64 221 325 288 258 115 247 176 66 178 135 136 60 148 53 32 39 32 43 109 225 165 3760 43 
0.678 142 119 148 184 95 267 61 56 395 73 197 182 92 117 46 177 96 48 149 131 261 145 104 121 355 248 1777 104 121 215 146 164 87 145 135 112 315 155 99 136 195 370 349 477 127 78 112 310 63 257 166 146 738 290 284 580 311 421 351 101 402 193 206 287 3366 132 405 280 85 78 172 46 38 35 58 188 135 127 204 34 
0.679 111 264 178 87 65 60 100 76 61 133 59 128 65 219 376 74 219 92 47 366 576 153 1475 321 113 386 429 92 896 182 90 71 83 189 111 98 239 127 100 251 252 54 63 98 238 136 86 99 212 61 221 92 90 106 59 107 338 541 170 1177 131 478 268 89 236 99 124 108 64 52 61 77 63 128 162 70 187 52 234 35 
0.68 100 131 79 90 99 91 130 116 103 54 72 58 55 58 95 143 63 196 162 40 88 373 226 101 377 506 70 109 144 272 112 207 93 140 104 138 96 136 176 141 213 73 311 160 218 171 77 95 195 164 98 248 157 151 84 177 97 143 178 155 210 111 1029 92 55 205 103 92 112 115 55 45 32 96 32 52 264 40 272 41 
0.681 75 105 552 160 134 84 151 76 69 107 243 109 63 154 55 70 77 69 66 55 40 236 717 72 122 89 90 196 108 117 160 305 100 222 301 85 114 170 231 166 164 59 276 231 85 3105 128 78 70 54 135 257 164 43 303 64 97 136 194 443 144 92 109 92 56 91 144 101 148 47 92 53 32 181 32 68 173 78 80 41 
0.682 296 320 177 159 91 200 123 115 156 140 827 59 344 101 73 88 60 61 106 46 167 153 172 75 71 90 105 189 204 319 150 275 127 132 179 218 119 431 173 409 157 122 253 115 108 1192 210 77 154 103 150 106 80 129 47 127 90 51 162 233 401 13006 101 96 149 58 135 124 184 1096 41 114 45 258 47 82 95 407 127 48 
0.683 71 84 178 155 109 171 106 163 122 107 88 92 79 84 54 82 65 55 77 52 127 196 108 85 61 140 375 81 171 169 140 83 167 467 115 118 240 103 121 290 127 145 202 46 165 99 240 273 113 1244 2133 125 80 332 40 318 348 584 49 99 147 251 61 143 138 79 228 134 99 193 44 84 46 58 93 65 109 148 58 74 
0.684 121 439 218 145 89 227 113 129 179 89 220 142 89 191 257 80 61 79 179 50 93 69 73 145 73 164 92 88 127 116 487 153 121 143 123 428 163 228 186 464 367 127 144 123 129 388 97 99 181 98 1148 101 128 68 40 93 80 138 128 50 150 333 159 99 216 64 61 102 118 88 69 63 257 32 67 33 76 62 146 328 
0.685 123 90 316 154 235 91 101 238 323 564 125 115 114 163 146 124 59 54 155 88 121 60 75 197 71 40 73 205 80 1241 652 118 71 123 99 158 384 139 237 180 220 239 349 132 46 183 56 178 698 227 410 117 71 177 40 121 501 72 101 287 80 224 2620 262 467 69 89 63 479 48 53 59 73 73 52 32 230 188 37 181 
0.686 192 178 112 78 114 156 90 72 224 1741 164 198 211 91 141 215 82 69 211 146 61 60 61 493 114 99 39 128 81 64 62 80 84 120 66 78 367 748 523 79 1056 204 374 96 94 114 55 98 148 203 81 104 68 39 40 140 144 211 159 116 490 95 341 96 57 70 74 77 118 113 430 94 124 51 196 41 39 96 862 110 
0.687 383 335 268 339 110 103 144 129 90 176 79 199 230 109 104 118 92 132 208 111 79 77 81 49 62 84 40 39 74 90 460 96 89 111 125 116 63 130 255 193 71 91 164 302 1195 52 181 56 165 141 740 132 65 58 55 111 836 226 156 104 333 133 98 122 113 87 74 177 98 113 98 89 46 139 45 71 82 132 39 160 
0.688 202 290 245 447 317 291 106 213 1028 421 218 76 188 323 254 137 126 130 93 97 118 58 59 72 156 52 89 42 39 202 113 315 107 120 106 95 65 199 161 106 369 72 124 99 127 88 124 55 122 182 89 1304 417 131 125 316 149 113 72 73 109 75 212 285 262 361 57 132 74 294 152 205 258 39 32 52 40 64 279 81 
0.689 118 143 98 122 350 138 116 154 141 91 159 301 115 126 319 200 87 1483 143 267 91 69 78 127 75 86 121 71 62 39 88 150 224 286 221 107 91 153 109 140 84 170 94 198 168 193 58 72 287 122 532 86 168 1500 116 85 74 60 206 135 79 131 144 312 160 54 78 111 66 84 219 412 49 72 145 234 32 102 87 77 
0.69 116 545 588 88 271 1553 104 538 110 116 133 128 122 153 197 85 185 171 217 193 116 110 178 203 110 81 62 151 66 69 39 185 174 176 154 239 80 65 114 122 138 101 288 109 162 129 224 460 336 236 221 77 91 47 105 54 257 175 96 804 127 83 115 108 310 91 296 139 156 127 206 89 82 52 72 138 42 64 155 91 
0.691 131 162 198 101 281 342 145 346 345 470 136 72 79 143 176 84 139 82 163 142 157 111 92 136 169 138 51 154 101 94 58 39 84 226 56 102 86 60 123 228 355 180 154 159 254 131 109 110 156 105 128 122 107 55 302 239 55 110 201 45 162 99 380 263 281 159 46 104 144 55 162 220 150 72 175 66 555 127 100 46 
0.692 259 79 188 147 173 133 926 127 104 95 73 81 118 125 67 92 84 220 87 127 132 278 102 92 310 1703 98 93 54 95 41 62 40 72 48 405 92 241 78 77 784 232 93 118 92 436 112 221 473 124 4577 135 154 88 40 184 143 56 45 474 85 252 285 114 49 55 525 324 151 184 242 83 322 44 62 32 100 189 335 95 
0.693 124 154 148 444 101 510 197 324 218 374 247 87 62 68 77 100 62 107 109 301 79 278 266 146 93 383 118 88 73 78 102 40 41 46 75 152 77 94 132 259 77 399 1616 202 137 105 314 104 242 107 276 101 190 211 88 43 132 41 83 81 53 58 515 353 102 119 200 128 107 280 46 70 86 228 128 77 117 34 98 479 
0.694 265 134 698 388 381 210 6303 169 606 120 157 113 60 225 63 60 152 60 239 147 134 93 111 156 161 98 271 127 110 100 153 55 40 42 61 164 109 173 179 136 386 101 163 217 156 79 90 138 235 71 79 89 114 157 57 93 199 45 128 187 131 160 104 77 134 181 72 118 54 103 100 305 93 156 66 103 76 32 208 138 
0.695 35 237 47 83 250 148 59 96 91 178 190 146 85 54 59 101 59 118 381 97 80 76 95 251 83 78 154 367 208 510 152 65 55 40 41 103 69 117 248 65 162 61 121 166 201 259 72 182 146 300 76 85 162 151 102 39 202 61 135 44 74 88 36 63 36 95 292 157 71 561 103 57 80 87 51 45 51 77 66 49 
0.696 40 34 33 73 81 72 111 51 57 160 145 211 183 152 144 107 57 64 76 62 72 88 202 91 159 79 192 100 101 154 140 106 76 123 51 66 49 120 199 144 42 103 104 349 116 103 155 124 85 277 51 178 109 92 120 145 34 77 114 38 138 83 36 160 80 36 112 53 58 84 80 88 145 133 115 66 33 47 117 92 
0.697 265 68 44 44 33 45 60 324 329 50 73 670 118 120 76 155 53 49 49 53 66 195 134 119 104 94 210 137 150 175 111 107 340 123 67 124 42 49 61 241 71 66 70 224 56 192 160 87 85 250 643 80 510 214 134 70 38 49 95 95 112 38 31 131 187 441 107 198 48 134 66 264 100 101 53 43 119 56 70 82 
0.698 96 118 118 138 52 58 33 48 47 99 187 140 98 171 115 417 120 90 79 49 49 74 222 116 642 202 179 226 194 330 971 151 108 76 212 92 127 141 48 101 131 45 36 170 254 347 201 77 79 227 390 127 262 111 99 98 52 125 34 164 379 30 29 29 29 43 161 73 72 44 47 134 115 54 109 101 100 143 33 79 
0.699 75 338 130 87 231 135 139 42 33 72 56 621 50 145 146 338 345 55 102 85 87 55 69 143 130 79 363 230 197 85 126 444 159 161 376 62 86 75 46 82 140 133 73 36 693 193 113 100 459 125 106 196 82 99 175 121 91 125 85 187 29 30 65 29 28 28 209 36 135 118 116 73 72 91 48 53 266 85 33 115 
0.7 32 52 312 281 44 124 91 181 263 110 33 74 137 277 161 70 131 116 110 555 56 57 74 62 127 99 693 319 71 289 154 260 135 89 199 153 105 133 43 62 53 57 240 36 37 93 55 69 126 379 444 121 77 156 119 322 69 477 83 71 29 30 115 37 28 28 28 35 281 62 97 110 146 55 70 84 184 105 145 84 
0.701 207 96 39 31 54 68 55 128 71 64 43 109 33 82 93 51 67 223 124 110 158 88 212 917 148 128 115 155 77 105 176 143 88 88 98 191 306 135 166 54 98 46 134 68 127 38 152 155 135 137 84 68 69 67 177 238 156 106 108 54 28 31 55 92 118 28 27 28 66 71 98 43 104 51 47 263 57 35 75 95 
0.702 30 31 53 46 75 101 40 98 99 3969 200 163 40 45 35 104 74 94 281 100 67 70 72 94 149 185 152 233 425 940 243 102 96 99 100 134 80 221 238 132 35 95 99 52 37 255 70 201 212 126 128 92 126 46 137 272 91 359 344 98 28 30 57 405 115 72 27 27 30 34 232 75 236 81 60 112 81 80 189 116 
0.703 39 56 32 41 30 50 146 40 31 358 127 132 71 74 40 33 58 130 100 147 102 92 110 65 59 122 229 152 98 131 785 94 111 92 64 56 225 78 207 141 53 35 78 63 94 38 72 280 115 317 304 222 385 105 156 137 220 76 38 39 30 29 211 48 36 86 28 27 27 287 61 62 81 146 52 62 49 75 74 35 
0.704 26 26 27 32 35 43 31 62 71 69 31 42 51 77 175 63 48 34 72 50 62 248 105 52 72 91 188 398 228 167 291 83 227 77 155 136 170 99 126 365 95 50 40 73 83 44 61 37 66 52 88 118 110 206 187 232 126 236 326 69 69 28 278 110 58 122 135 27 27 27 216 53 97 53 231 273 118 277 260 33 
0.705 45 75 27 26 26 26 29 52 43 30 92 57 31 75 121 85 123 115 34 52 51 716 376 74 70 335 115 355 125 91 162 674 88 83 274 119 255 133 127 133 78 52 103 40 165 137 36 80 117 70 106 152 144 187 85 422 514 134 133 87 61 27 366 53 647 178 57 37 27 27 30 97 114 115 208 100 136 66 31 68 
0.706 92 58 63 37 47 32 26 26 26 52 33 29 82 62 32 62 179 68 248 47 925 493 112 1165 626 77 88 60 151 59 112 160 426 94 260 176 59 60 59 1296 215 165 85 357 51 201 121 87 248 100 52 177 157 75 102 396 172 107 110 87 34 27 54 189 56 71 117 34 28 27 27 63 54 61 79 74 57 60 47 60 
0.707 80 59 66 71 86 45 37 45 28 26 26 36 52 29 70 48 99 59 181 59 58 33 332 66 117 49 172 73 54 766 70 327 172 155 62 145 88 504 160 182 122 157 178 81 53 123 43 49 59 38 117 120 206 110 118 101 113 78 152 59 54 28 43 128 33 33 33 52 85 27 26 28 38 39 95 124 67 346 275 70 
0.708 46 68 80 66 81 70 58 110 441 54 89 26 26 29 59 29 77 34 229 74 106 210 41 47 98 61 82 408 180 67 114 199 1572 235 104 62 354 82 94 140 188 134 117 138 71 34 86 68 37 68 89 88 176 260 148 75 201 217 158 73 97 71 28 207 35 41 56 33 67 28 26 27 38 52 62 148 75 49 318 69 
0.709 28 27 27 39 30 135 46 154 60 41 70 93 70 26 26 35 31 31 83 31 66 36 63 202 69 51 96 90 234 47 44 93 97 1728 559 92 172 72 53 521 76 412 269 99 269 96 318 49 99 58 59 118 82 88 242 382 164 133 166 176 37 84 27 53 40 97 116 60 334 396 27 26 27 58 87 75 330 51 39 70 
0.71 48 50 42 106 66 27 28 56 87 63 114 55 80 62 61 26 26 43 53 134 53 59 39 344 171 33 87 231 54 122 40 40 52 125 160 265 177 110 68 53 119 295 100 118 115 203 76 82 125 37 47 45 58 163 106 147 92 170 229 220 78 256 27 194 483 110 59 104 38 84 29 26 26 34 33 143 148 51 65 33 
0.711 44 34 46 28 47 164 60 76 27 30 30 115 310 53 45 57 65 26 26 36 29 127 31 54 36 227 35 162 140 76 185 40 40 71 222 572 193 147 161 78 84 66 113 55 68 303 75 65 75 129 38 54 565 78 94 946 223 57 261 113 299 55 27 267 99 54 143 53 92 33 35 27 26 27 54 50 91 139 142 185 
0.712 22 22 22 23 36 30 52 28 70 52 98 27 32 46 83 44 45 75 48 26 27 32 74 89 59 35 50 59 88 97 91 76 117 95 84 97 202 122 79 130 59 83 48 54 160 353 140 65 34 113 155 63 78 68 92 84 135 94 157 65 164 75 34 29 34 40 96 395 161 69 46 30 26 26 46 41 46 42 42 37 
0.713 21 21 21 21 21 22 22 24 55 92 35 51 92 27 40 45 47 44 85 37 28 26 116 29 76 110 412 92 92 319 54 114 85 90 48 77 155 340 68 95 71 79 274 48 111 113 69 75 64 55 62 37 98 63 70 153 86 230 77 276 226 208 46 27 91 39 46 112 276 433 38 71 27 26 27 294 83 93 191 42 
0.714 21 21 21 21 21 21 21 21 22 22 25 31 29 75 50 27 40 45 59 98 79 33 26 26 38 125 32 53 36 237 35 51 246 63 97 93 112 98 138 96 156 470 173 105 48 71 154 99 156 88 131 58 52 54 55 135 125 304 49 106 81 530 39 26 320 40 3534 93 269 129 78 39 29 26 26 88 31 100 40 43 
0.715 20 20 20 21 21 21 21 21 21 21 21 22 23 46 96 41 38 27 40 52 90 60 61 61 26 37 29 62 45 35 159 33 55 111 82 132 48 61 172 137 72 82 63 101 57 49 151 108 65 64 56 66 40 37 73 79 83 111 156 78 98 113 63 108 132 137 46 142 276 60 178 72 35 27 26 27 33 84 99 85 
0.716 20 20 20 20 20 20 20 21 21 21 21 21 21 22 22 30 69 92 49 27 39 114 84 68 36 26 26 32 107 70 36 79 34 65 205 107 229 121 130 157 111 105 52 248 67 78 48 394 101 108 204 59 82 37 37 59 59 198 71 152 159 137 211 117 27 155 87 65 81 663 168 41 83 28 26 26 78 40 52 43 
0.717 20 20 20 20 20 20 20 20 20 20 21 21 21 21 21 22 22 31 42 99 91 27 43 60 38 83 151 26 46 207 31 43 42 68 91 86 42 92 44 646 670 64 173 67 62 65 121 47 71 64 148 124 60 73 66 59 104 73 198 177 124 128 172 32 26 35 40 92 91 81 127 85 47 133 26 26 35 30 98 37 
0.718 20 20 20 20 20 20 20 20 20 20 20 20 21 21 21 21 21 22 22 57 37 101 56 34 45 57 94 46 26 28 29 44 58 42 142 63 155 40 123 41 67 281 71 92 69 111 117 157 47 58 183 101 95 362 37 68 64 70 133 71 131 184 92 118 27 284 45 162 246 53 68 76 41 46 27 26 26 32 100 49 
0.719 21 20 20 20 20 20 20 20 20 20 20 20 20 20 21 21 21 21 21 22 23 30 28 47 27 31 1139 39 70 29 26 32 141 110 35 146 103 220 65 213 41 83 50 132 83 106 40 4551 72 83 93 182 213 39 88 37 37 123 74 100 232 86 66 219 32 34 97 66 68 88 65 54 53 34 56 26 26 38 87 97 
