epsilon_k[0] 0.1
epsilon_k[0] 2.18e-05
epsilon_k[0] 7.08e-05
epsilon_k[0] 2.54e-05
epsilon_k[0] 1e-05
epsilon_k[0] 7.8e-06
epsilon_k[0] 0.218
omega_x0 0.28
omega_y0 0.31
dx 0.01
n_theta 100
dtheta 0.00785398
epsilon 2
max_turns 10000000
from_angle 8
to_angle 16
0.0628319 1e+07 1e+07 1e+07 38870 14491 4843 3656 1681 1398 1398 1398 682 
0.0706858 1e+07 1e+07 1e+07 34363 11608 4219 3007 1615 1390 1390 1390 680 
0.0785398 1e+07 1e+07 1e+07 32631 9859 4073 2913 1588 1387 1386 1386 679 
0.0863938 1e+07 1e+07 1e+07 31643 8851 3992 2662 1609 1385 1381 1381 678 
0.0942478 1e+07 1e+07 1e+07 30895 8185 3941 2514 1546 1381 1377 1377 677 
0.102102 1e+07 1e+07 1e+07 30405 7514 3945 2410 1543 1378 1378 1378 677 
0.109956 1e+07 1e+07 1e+07 30085 7184 3784 2382 1542 1377 1377 1375 677 
0.11781 1e+07 1e+07 1e+07 30025 6971 3656 2351 1542 1388 1374 1372 677 
0.125664 1e+07 1e+07 1e+07 30043 6527 3497 2337 1522 1388 1374 1328 676 
