epsilon_k[0] 0.0001
epsilon_k[1] 2.18e-05
epsilon_k[2] 7.08e-05
epsilon_k[3] 2.54e-05
epsilon_k[4] 1e-05
epsilon_k[5] 7.8e-06
epsilon_k[6] 2.18e-05
omega_x0 0.28
omega_y0 0.31
dx 0.01
epsilon 1
max_turns 10000000
from_y 40
to_y 48
0.4 145 49 252 274 1714 1e+07 1e+07 605125 5720 405 119 71 57 39 25 24 23 22 22 22 22 23 24 29 34 34 50 102 66 40 28 25 19 14 13 12 11 11 10 10 10 10 10 9 9 9 8 8 8 8 7 7 7 7 7 7 7 6 6 6 6 6 6 6 6 6 6 6 6 6 6 6 6 6 5 5 5 5 5 5 
0.41 19 31 94 258 107 1047 14119 506 113 213 42 388 53 30 24 23 22 21 21 21 21 22 22 24 72 33 39 126 59 40 28 25 17 14 12 12 11 11 10 10 10 10 9 9 9 8 8 8 8 7 7 7 7 7 7 7 7 6 6 6 6 6 6 6 6 6 6 6 6 6 6 6 6 5 5 5 5 5 5 5 
0.42 16 17 19 65 45 124 37 63 52 70 333 39 54 29 24 22 21 21 21 21 21 21 21 23 27 33 36 143 56 39 27 25 16 14 12 11 11 10 10 10 10 10 9 9 9 8 8 8 8 7 7 7 7 7 7 7 6 6 6 6 6 6 6 6 6 6 6 6 6 6 6 6 5 5 5 5 5 5 5 5 
0.43 14 15 16 17 20 66 110 32 32 48 108 38 41 72 24 22 21 21 20 20 20 20 21 22 24 34 34 106 55 39 27 25 15 13 12 11 11 10 10 10 10 10 9 9 9 8 8 8 8 7 7 7 7 7 7 7 6 6 6 6 6 6 6 6 6 6 6 6 6 6 6 5 5 5 5 5 5 5 5 5 
0.44 13 14 14 15 16 18 22 43 31 30 59 51 36 57 24 22 21 20 20 20 20 20 20 21 22 29 33 80 54 39 27 28 15 13 12 11 11 10 10 10 10 9 9 9 8 8 8 8 7 7 7 7 7 7 7 6 6 6 6 6 6 6 6 6 6 6 6 6 6 6 5 5 5 5 5 5 5 5 5 5 
0.45 13 13 13 14 14 15 16 19 73 31 29 35 70 36 26 22 21 20 20 19 19 19 20 20 21 24 32 51 54 39 27 31 15 13 12 11 10 10 10 10 10 9 9 9 8 8 8 8 7 7 7 7 7 7 6 6 6 6 6 6 6 6 6 6 6 6 6 6 6 5 5 5 5 5 5 5 5 5 5 5 
0.46 12 12 13 13 13 14 15 16 17 23 33 28 32 36 69 23 21 20 19 19 19 19 19 19 20 22 33 46 55 39 27 33 15 13 11 11 10 10 10 10 10 9 9 9 8 8 8 8 7 7 7 7 7 7 6 6 6 6 6 6 6 6 6 6 6 6 6 6 5 5 5 5 5 5 5 5 5 5 5 5 
0.47 12 12 12 12 13 13 13 14 15 16 19 45 27 31 34 25 21 20 19 19 19 19 19 19 20 21 25 34 59 39 27 31 15 13 11 11 10 10 10 10 10 9 9 9 8 8 8 7 7 7 7 7 7 7 6 6 6 6 6 6 6 6 6 6 6 6 6 5 5 5 5 5 5 5 5 5 5 5 5 5 
