epsilon_k[0] 0.0001
epsilon_k[1] 2.18e-05
epsilon_k[2] 7.08e-05
epsilon_k[3] 2.54e-05
epsilon_k[4] 1e-05
epsilon_k[5] 7.8e-06
epsilon_k[6] 2.18e-05
omega_x0 0.168
omega_y0 0.201
dx 0.01
n_theta 100
dtheta 0.015708
epsilon 56
max_turns 10000000
from_angle 85
to_angle 90
1.33518 1e+07 1e+07 1e+07 1e+07 1e+07 1e+07 1e+07 1e+07 1e+07 1e+07 1e+07 1e+07 1e+07 1e+07 1e+07 1e+07 1e+07 1e+07 1e+07 1e+07 1e+07 1e+07 1e+07 1e+07 1e+07 1e+07 1e+07 1e+07 1e+07 1e+07 1e+07 1e+07 1e+07 8.98626e+06 482372 729428 402852 559588 786577 364850 3.02125e+06 363780 57975 64815 44405 59947 3735 17009 6898 1525 2875 893 7031 428 583 606 569 181 412 76 498 890 137 50 59 144 25 26 51 49 35 67 29 43 88 18 17 17 19 13 24 38 18 11 9 8 8 7 7 7 7 7 6 6 6 6 6 6 6 6 
1.35088 1e+07 1e+07 1e+07 1e+07 1e+07 1e+07 1e+07 1e+07 1e+07 1e+07 1e+07 1e+07 1e+07 1e+07 1e+07 1e+07 1e+07 1e+07 1e+07 1e+07 1e+07 1e+07 1e+07 1e+07 1e+07 1e+07 1e+07 1e+07 1e+07 1e+07 1e+07 1e+07 7.95552e+06 1e+07 2.12026e+06 1.59344e+06 700316 1.54351e+06 345531 187599 3.55952e+06 738661 420270 504455 35641 39953 3494 10523 13534 873 1122 1075 3432 6865 2093 1431 300 264 430 178 337 243 300 855 35 95 145 68 29 66 52 47 50 24 36 56 29 21 16 18 23 13 23 19 14 14 9 8 8 7 7 7 7 7 7 6 6 6 6 6 
1.36659 1e+07 1e+07 1e+07 1e+07 1e+07 1e+07 1e+07 1e+07 1e+07 1e+07 1e+07 1e+07 1e+07 1e+07 1e+07 1e+07 1e+07 1e+07 1e+07 1e+07 1e+07 1e+07 1e+07 1e+07 1e+07 1e+07 1e+07 1e+07 1e+07 1e+07 1e+07 1e+07 1e+07 1e+07 1e+07 1.2149e+06 1.3631e+06 577104 401700 2.61868e+06 446331 259136 405465 115409 179018 15743 8413 4578 1935 5663 8055 6765 2333 361 1027 910 875 306 193 365 134 328 219 68 180 43 24 41 67 18 17 24 66 38 30 43 79 23 37 14 13 16 17 15 12 16 19 13 11 9 8 8 7 7 7 7 7 7 7 6 
1.3823 1e+07 1e+07 1e+07 1e+07 1e+07 1e+07 1e+07 1e+07 1e+07 1e+07 1e+07 1e+07 1e+07 1e+07 1e+07 1e+07 1e+07 1e+07 1e+07 1e+07 1e+07 1e+07 1e+07 1e+07 1e+07 1e+07 1e+07 1e+07 1e+07 1e+07 1e+07 1e+07 1e+07 1e+07 3.15093e+06 1.63442e+06 2.19821e+06 880274 836362 1.66646e+06 1.63631e+06 326494 129681 177184 712139 44838 40449 82551 2638 1325 470 1356 853 1967 1022 245 1843 2340 396 444 183 645 944 651 150 243 31 48 23 37 23 17 16 18 34 23 24 35 117 29 24 12 11 11 11 13 13 13 12 14 11 14 11 9 8 8 8 7 7 7 
1.39801 1e+07 1e+07 1e+07 1e+07 1e+07 1e+07 1e+07 1e+07 1e+07 1e+07 1e+07 1e+07 1e+07 1e+07 1e+07 1e+07 1e+07 1e+07 1e+07 1e+07 1e+07 1e+07 1e+07 1e+07 1e+07 1e+07 1e+07 1e+07 1e+07 1e+07 1e+07 1e+07 1e+07 1e+07 3.75005e+06 2.98203e+06 2.30924e+06 6.69594e+06 630371 1.28949e+06 253684 683576 259618 179067 418138 82799 22800 2.15719e+06 44005 57174 4517 3863 1000 437 902 342 244 229 561 414 235 643 531 254 398 143 71 57 27 93 30 115 28 22 17 16 16 19 22 33 16 23 31 28 12 11 11 10 10 10 11 14 19 12 12 10 10 10 9 9 
1.41372 1e+07 1e+07 1e+07 1e+07 1e+07 1e+07 1e+07 1e+07 1e+07 1e+07 1e+07 1e+07 1e+07 1e+07 1e+07 1e+07 1e+07 1e+07 1e+07 1e+07 1e+07 1e+07 1e+07 1e+07 1e+07 1e+07 1e+07 1e+07 1e+07 1e+07 1e+07 1e+07 1e+07 1e+07 1e+07 6.90776e+06 4.32563e+06 2.16921e+06 1.92293e+06 615187 1.53193e+06 2.26062e+06 215624 378046 97498 17527 35814 135574 15502 9632 843 545 127687 836 1805 1493 1441 441 170 677 649 317 397 184 168 52 273 251 71 27 77 39 22 27 22 39 19 18 23 15 15 20 22 15 14 28 36 17 12 11 10 10 10 10 10 10 10 10 10 10 
