epsilon_k[0] 0.0001
epsilon_k[1] 2.18e-05
epsilon_k[2] 7.08e-05
epsilon_k[3] 2.54e-05
epsilon_k[4] 1e-05
epsilon_k[5] 7.8e-06
epsilon_k[6] 2.18e-05
omega_x0 0.31
omega_y0 0.32
dx 0.01
epsilon 32
max_turns 10000000
from_y 0
to_y 8
0 1e+07 1e+07 1e+07 1e+07 1e+07 1e+07 1e+07 1e+07 1e+07 1e+07 1e+07 1e+07 1e+07 1e+07 1e+07 1e+07 1e+07 1e+07 1e+07 1e+07 1e+07 1e+07 1e+07 1e+07 1e+07 1e+07 1e+07 1e+07 1e+07 1e+07 1e+07 1e+07 1e+07 1e+07 1e+07 1e+07 1e+07 1e+07 1e+07 1e+07 1e+07 1e+07 1e+07 1e+07 1e+07 1.92118e+06 53500 29551 12227 1787 1638 3821 1224 347 1242 501 75 75 675 85 62 62 62 132 52 228 121 89 1209 39 59 53 23 36 18 16 17 17 31 13 
0.01 1e+07 1e+07 1e+07 1e+07 1e+07 1e+07 1e+07 1e+07 1e+07 1e+07 1e+07 1e+07 1e+07 1e+07 1e+07 1e+07 1e+07 1e+07 1e+07 1e+07 74370 4360 869 61 50 45 38 35 33 31 30 29 29 25 23 22 20 19 19 18 18 17 17 16 16 16 16 15 15 15 14 14 14 14 14 14 14 14 14 14 14 14 14 14 14 14 14 14 14 15 15 14 14 13 12 12 12 12 11 11 
0.02 1e+07 1e+07 1e+07 1e+07 1e+07 1e+07 1e+07 1e+07 1e+07 1e+07 1e+07 1e+07 1e+07 1e+07 1e+07 1e+07 1e+07 1e+07 1e+07 1e+07 118017 902 61 50 39 35 33 31 30 29 26 23 22 20 19 19 18 17 17 16 16 15 15 15 14 14 14 13 13 13 13 13 13 13 13 13 13 13 12 12 12 11 11 11 11 11 11 11 11 11 12 12 14 12 12 11 11 11 10 10 
0.03 1e+07 1e+07 1e+07 1e+07 1e+07 1e+07 1e+07 1e+07 1e+07 1e+07 1e+07 1e+07 1e+07 1e+07 1e+07 1e+07 1e+07 1e+07 1e+07 1.94706e+06 16524 906 52 39 35 32 31 30 27 24 22 20 19 19 18 17 16 16 16 15 15 14 14 14 13 13 13 13 13 12 12 12 12 12 12 11 11 11 11 11 11 10 10 10 10 10 10 10 10 10 10 11 11 13 11 11 11 10 9 9 
0.04 1e+07 1e+07 1e+07 1e+07 1e+07 1e+07 1e+07 1e+07 1e+07 1e+07 1e+07 1e+07 1e+07 1e+07 1e+07 1e+07 1e+07 1e+07 45452 2020 904 58 41 35 33 31 31 25 23 21 20 19 18 17 17 16 16 15 15 14 14 14 13 13 13 13 12 12 12 12 12 12 11 11 11 11 11 10 10 10 10 10 10 10 10 10 10 10 10 10 10 10 11 20 13 12 10 9 9 8 
0.05 1e+07 1e+07 1e+07 1e+07 1e+07 1e+07 1e+07 1e+07 1e+07 1e+07 1e+07 1e+07 1e+07 1e+07 1e+07 1e+07 1e+07 1e+07 10704 1782 2628 47 37 33 31 30 25 22 21 20 19 18 17 16 16 15 15 15 14 14 13 13 13 13 12 12 12 12 12 11 11 11 11 11 10 10 10 10 10 10 10 10 10 10 9 9 10 10 10 10 10 11 16 14 11 9 9 9 8 8 
0.06 1e+07 1e+07 1e+07 1e+07 1e+07 1e+07 1e+07 1e+07 1e+07 1e+07 1e+07 1e+07 1e+07 343745 1e+07 1e+07 1e+07 1e+07 47173 894 902 40 35 32 29 25 22 21 19 18 18 17 16 16 15 15 14 14 14 13 13 13 12 12 12 12 12 11 11 11 11 11 10 10 10 10 10 10 10 10 9 9 9 9 9 9 9 9 10 10 11 10 10 10 10 9 8 8 8 8 
0.07 1e+07 1e+07 1e+07 1e+07 1e+07 1e+07 1e+07 1e+07 1e+07 1e+07 1e+07 1e+07 1e+07 1e+07 1e+07 1e+07 22551 3860 15000 429 51 37 33 30 25 22 21 19 18 18 17 16 16 15 15 14 14 13 13 13 13 12 12 12 12 12 11 11 11 11 10 10 10 10 10 10 10 9 9 9 9 9 9 9 9 9 9 9 9 9 9 9 10 10 9 8 8 8 8 7 
