epsilon_k[0] 0.0001
epsilon_k[1] 2.18e-05
epsilon_k[2] 7.08e-05
epsilon_k[3] 2.54e-05
epsilon_k[4] 1e-05
epsilon_k[5] 7.8e-06
epsilon_k[6] 2.18e-05
omega_x0 0.168
omega_y0 0.201
dx 0.01
n_theta 100
dtheta 0.015708
epsilon 1
max_turns 10000000
from_angle 15
to_angle 20
0.235619 1e+07 1e+07 1e+07 1e+07 1e+07 1e+07 1e+07 1e+07 1e+07 1e+07 1e+07 1e+07 1e+07 1e+07 1e+07 1e+07 1e+07 1e+07 1e+07 1e+07 1e+07 1e+07 1e+07 1e+07 1e+07 1e+07 1e+07 1e+07 1e+07 1e+07 1e+07 1e+07 1e+07 1e+07 1e+07 1e+07 1e+07 1e+07 1e+07 1e+07 1e+07 1e+07 1e+07 1e+07 1e+07 1e+07 1e+07 1e+07 5.98897e+06 3.16854e+06 335766 1.82681e+06 1e+07 1e+07 1e+07 1e+07 2.22468e+06 59153 45766 14428 6749 7236 2032 5534 7803 4495 1842 2798 896 946 1315 4685 5344 382 541 87 1024 229 169 1754 58 86 88 70 372 133 145 15 90 155 195 43 49 8 7 7 7 6 6 6 
0.251327 1e+07 1e+07 1e+07 1e+07 1e+07 1e+07 1e+07 1e+07 1e+07 1e+07 1e+07 1e+07 1e+07 1e+07 1e+07 1e+07 1e+07 1e+07 1e+07 1e+07 1e+07 1e+07 1e+07 1e+07 1e+07 1e+07 1e+07 1e+07 1e+07 1e+07 1e+07 1e+07 1e+07 1e+07 1e+07 1e+07 1e+07 1e+07 1e+07 1e+07 1e+07 1e+07 1e+07 1e+07 1e+07 1e+07 1e+07 1e+07 1e+07 1.07939e+06 377577 344788 4.57434e+06 4.89617e+06 7.0628e+06 4.28362e+06 679010 61258 5967 47780 4764 8774 21339 5512 3425 1519 1689 794 810 177 771 1671 833 3994 664 748 181 192 95 547 191 120 89 65 86 98 75 58 14 28 215 170 15 15 9 8 7 7 6 6 
0.267035 1e+07 1e+07 1e+07 1e+07 1e+07 1e+07 1e+07 1e+07 1e+07 1e+07 1e+07 1e+07 1e+07 1e+07 1e+07 1e+07 1e+07 1e+07 1e+07 1e+07 1e+07 1e+07 1e+07 1e+07 1e+07 1e+07 1e+07 1e+07 1e+07 1e+07 1e+07 1e+07 1e+07 1e+07 1e+07 1e+07 1e+07 1e+07 1e+07 1e+07 1e+07 1e+07 1e+07 1e+07 1e+07 1e+07 1e+07 1e+07 1e+07 1e+07 356398 3.77546e+06 2.69062e+06 485576 365545 36897 16750 32353 5968 5316 7368 21682 16961 9100 8604 2000 5194 453 411 919 1980 1756 8845 322 764 78 92 375 348 186 463 203 159 80 26 28 150 50 22 14 128 22 144 15 310 18 8 7 7 7 
0.282743 1e+07 1e+07 1e+07 1e+07 1e+07 1e+07 1e+07 1e+07 1e+07 1e+07 1e+07 1e+07 1e+07 1e+07 1e+07 1e+07 1e+07 1e+07 1e+07 1e+07 1e+07 1e+07 1e+07 1e+07 1e+07 1e+07 1e+07 1e+07 1e+07 1e+07 1e+07 1e+07 1e+07 1e+07 1e+07 1e+07 1e+07 1e+07 1e+07 1e+07 1e+07 1e+07 1e+07 1e+07 1e+07 1e+07 1e+07 1e+07 1e+07 1e+07 1e+07 1.67802e+06 192551 584791 33573 20445 5880 16311 7387 7790 1063 58521 5572 1006 3659 1364 377 823 2001 469 4912 446 880 2229 1133 469 33347 113 85 147 584 883 29 111 99 31 79 306 58 155 14 16 96 34 34 15 64 10 8 7 
0.298451 1e+07 1e+07 1e+07 1e+07 1e+07 1e+07 1e+07 1e+07 1e+07 1e+07 1e+07 1e+07 1e+07 1e+07 1e+07 1e+07 1e+07 1e+07 1e+07 1e+07 1e+07 1e+07 1e+07 1e+07 1e+07 1e+07 1e+07 1e+07 1e+07 1e+07 1e+07 1e+07 1e+07 1e+07 1e+07 1e+07 1e+07 1e+07 1e+07 1e+07 1e+07 1e+07 1e+07 1e+07 1e+07 1e+07 1e+07 1e+07 1e+07 1e+07 1e+07 1e+07 1.24545e+06 78789 96511 463443 30544 1.28175e+06 14886 1511 5574 9554 5370 5510 2091 1437 1425 3678 2086 435 677 2000 132 295 294 175 204 518 271 26 61 162 34 31 87 37 110 45 54 94 88 17 14 22 33 109 331 47 27 18 
