epsilon_k[0] 0.0001
epsilon_k[1] 2.18e-05
epsilon_k[2] 7.08e-05
epsilon_k[3] 2.54e-05
epsilon_k[4] 1e-05
epsilon_k[5] 7.8e-06
epsilon_k[6] 2.18e-05
omega_x0 0.168
omega_y0 0.201
dx 0.01
n_theta 100
dtheta 0.015708
epsilon 60
max_turns 10000000
from_angle 80
to_angle 90
1.25664 1e+07 1e+07 1e+07 1e+07 1e+07 1e+07 1e+07 1e+07 1e+07 1e+07 1e+07 1e+07 1e+07 1e+07 1e+07 1e+07 1e+07 1e+07 1e+07 1e+07 1e+07 1e+07 1e+07 1e+07 1e+07 1e+07 1e+07 1e+07 1e+07 1e+07 1e+07 4.21931e+06 2.16064e+06 1.27011e+06 1.27011e+06 605547 420911 303985 108681 67305 27879 7062 7062 7062 3249 3249 3249 3249 2395 2309 1831 1831 1831 887 
1.27235 1e+07 1e+07 1e+07 1e+07 1e+07 1e+07 1e+07 1e+07 1e+07 1e+07 1e+07 1e+07 1e+07 1e+07 1e+07 1e+07 1e+07 1e+07 1e+07 1e+07 1e+07 1e+07 1e+07 1e+07 1e+07 1e+07 1e+07 1e+07 1e+07 1e+07 7.98851e+06 7.98851e+06 3.60276e+06 3.60276e+06 1.91002e+06 938672 313458 313458 313458 38477 18283 10044 10044 7883 4462 4462 4462 2855 2625 1513 1513 1513 1513 1513 637 
1.28805 1e+07 1e+07 1e+07 1e+07 1e+07 1e+07 1e+07 1e+07 1e+07 1e+07 1e+07 1e+07 1e+07 1e+07 1e+07 1e+07 1e+07 1e+07 1e+07 1e+07 1e+07 1e+07 1e+07 1e+07 1e+07 1e+07 1e+07 1e+07 1e+07 1e+07 1e+07 1e+07 4.91014e+06 536994 407045 407045 407045 210942 151186 151186 151186 21942 21942 11385 4397 4362 4362 4362 4362 2979 1588 1588 1588 1588 591 
1.30376 1e+07 1e+07 1e+07 1e+07 1e+07 1e+07 1e+07 1e+07 1e+07 1e+07 1e+07 1e+07 1e+07 1e+07 1e+07 1e+07 1e+07 1e+07 1e+07 1e+07 1e+07 1e+07 1e+07 1e+07 1e+07 1e+07 1e+07 1e+07 1e+07 1e+07 1e+07 1e+07 3.88074e+06 1.19463e+06 1.19463e+06 1.11983e+06 1.03676e+06 549102 549102 131580 131580 131580 131580 42672 5911 5911 5911 5266 5266 5266 5266 5266 1299 791 
1.31947 1e+07 1e+07 1e+07 1e+07 1e+07 1e+07 1e+07 1e+07 1e+07 1e+07 1e+07 1e+07 1e+07 1e+07 1e+07 1e+07 1e+07 1e+07 1e+07 1e+07 1e+07 1e+07 1e+07 1e+07 1e+07 1e+07 1e+07 1e+07 1e+07 1e+07 1e+07 1e+07 1e+07 2.56551e+06 347293 276734 276734 276734 276734 276734 276734 91585 23752 23752 9730 9730 5915 2783 2783 2783 2783 2783 1052 781 
1.33518 1e+07 1e+07 1e+07 1e+07 1e+07 1e+07 1e+07 1e+07 1e+07 1e+07 1e+07 1e+07 1e+07 1e+07 1e+07 1e+07 1e+07 1e+07 1e+07 1e+07 1e+07 1e+07 1e+07 1e+07 1e+07 1e+07 1e+07 1e+07 1e+07 1e+07 1e+07 1e+07 1e+07 4.98744e+06 2.12682e+06 1.75529e+06 490559 255690 255690 165489 165489 100619 66997 22755 17706 17706 6955 6955 2718 2718 2718 631 
1.35088 1e+07 1e+07 1e+07 1e+07 1e+07 1e+07 1e+07 1e+07 1e+07 1e+07 1e+07 1e+07 1e+07 1e+07 1e+07 1e+07 1e+07 1e+07 1e+07 1e+07 1e+07 1e+07 1e+07 1e+07 1e+07 1e+07 1e+07 1e+07 1e+07 1e+07 1e+07 1e+07 1e+07 2.89742e+06 2.89742e+06 1.5978e+06 518053 518053 518053 389886 389886 222172 171942 43694 43694 14823 14823 2195 2195 2195 1402 1402 569 
1.36659 1e+07 1e+07 1e+07 1e+07 1e+07 1e+07 1e+07 1e+07 1e+07 1e+07 1e+07 1e+07 1e+07 1e+07 1e+07 1e+07 1e+07 1e+07 1e+07 1e+07 1e+07 1e+07 1e+07 1e+07 1e+07 1e+07 1e+07 1e+07 1e+07 1e+07 1e+07 1e+07 1e+07 9.18152e+06 6.73397e+06 3.7305e+06 683324 683324 683324 347331 136488 136488 136488 42664 42664 34432 34432 2408 2408 2408 1707 1707 1524 461 
1.3823 1e+07 1e+07 1e+07 1e+07 1e+07 1e+07 1e+07 1e+07 1e+07 1e+07 1e+07 1e+07 1e+07 1e+07 1e+07 1e+07 1e+07 1e+07 1e+07 1e+07 1e+07 1e+07 1e+07 1e+07 1e+07 1e+07 1e+07 1e+07 1e+07 1e+07 1e+07 1e+07 1e+07 2.72125e+06 2.36704e+06 2.36704e+06 2.36704e+06 2.36704e+06 667502 667502 667502 431519 431519 27867 13405 13405 13405 13405 1719 1719 1719 1719 1576 1092 232 
1.39801 1e+07 1e+07 1e+07 1e+07 1e+07 1e+07 1e+07 1e+07 1e+07 1e+07 1e+07 1e+07 1e+07 1e+07 1e+07 1e+07 1e+07 1e+07 1e+07 1e+07 1e+07 1e+07 1e+07 1e+07 1e+07 1e+07 1e+07 1e+07 1e+07 1e+07 1e+07 1e+07 1e+07 6.64301e+06 5.22537e+06 3.37524e+06 1.504e+06 1.504e+06 1.504e+06 1.504e+06 1.18772e+06 416979 125174 125174 125174 125174 13084 13084 3879 3879 2986 1346 1346 1346 355 
1.41372 1e+07 1e+07 1e+07 1e+07 1e+07 1e+07 1e+07 1e+07 1e+07 1e+07 1e+07 1e+07 1e+07 1e+07 1e+07 1e+07 1e+07 1e+07 1e+07 1e+07 1e+07 1e+07 1e+07 1e+07 1e+07 1e+07 1e+07 1e+07 1e+07 1e+07 1e+07 1e+07 1e+07 1e+07 1e+07 2.80604e+06 1.08605e+06 1.08605e+06 992020 783416 217083 217083 217083 217083 217083 57683 57683 57683 57683 5562 1289 1014 1014 826 
