epsilon_k[0] 0.0001
epsilon_k[1] 2.18e-05
epsilon_k[2] 7.08e-05
epsilon_k[3] 2.54e-05
epsilon_k[4] 1e-05
epsilon_k[5] 7.8e-06
epsilon_k[6] 2.18e-05
omega_x0 0.168
omega_y0 0.201
dx 0.01
n_theta 100
dtheta 0.015708
epsilon 40
max_turns 10000000
from_angle 95
to_angle 101
1.49226 1e+07 1e+07 1e+07 1e+07 1e+07 1e+07 1e+07 1e+07 1e+07 1e+07 1e+07 1e+07 1e+07 1e+07 1e+07 1e+07 1e+07 1e+07 1e+07 1e+07 1e+07 1e+07 1e+07 1e+07 1e+07 1e+07 1e+07 1e+07 1e+07 1e+07 1e+07 1e+07 1e+07 1e+07 1e+07 1e+07 1e+07 1e+07 1e+07 5.45974e+06 1e+07 6.15009e+06 1e+07 3.6817e+06 4.29707e+06 447394 9.98068e+06 380383 997618 92775 112215 35536 11495 14014 8795 677 1432 3523 706 266 103 384 203 328 420 99 252 3742 146 64 85 108 832 108 37 50 20 66 76 50 49 36 25 17 13 11 10 10 10 10 9 9 9 9 9 9 9 9 8 8 
1.50796 1e+07 1e+07 1e+07 1e+07 1e+07 1e+07 1e+07 1e+07 1e+07 1e+07 1e+07 1e+07 1e+07 1e+07 1e+07 1e+07 1e+07 1e+07 1e+07 1e+07 1e+07 1e+07 1e+07 1e+07 1e+07 1e+07 1e+07 1e+07 1e+07 1e+07 1e+07 1e+07 1e+07 1e+07 1e+07 1e+07 1e+07 1e+07 1e+07 6.90955e+06 7.32437e+06 4.0736e+06 4.32969e+06 5.49965e+06 6.13431e+06 1e+07 245861 247960 81845 151238 89350 1.26274e+06 9234 40714 2367 2932 4575 5448 1738 675 1262 442 200 1287 276 77 163 163 145 491 93 116 82 47 33 29 38 38 38 26 17 32 32 27 11 11 10 10 10 10 9 9 9 9 9 9 9 9 9 9 
1.52367 1e+07 1e+07 1e+07 1e+07 1e+07 1e+07 1e+07 1e+07 1e+07 1e+07 1e+07 1e+07 1e+07 1e+07 1e+07 1e+07 1e+07 1e+07 1e+07 1e+07 1e+07 1e+07 1e+07 1e+07 1e+07 1e+07 1e+07 1e+07 1e+07 1e+07 1e+07 1e+07 1e+07 1e+07 1e+07 1e+07 1e+07 1e+07 1e+07 1e+07 1e+07 1e+07 3.69414e+06 3.33915e+06 5.50513e+06 1e+07 1e+07 496931 565859 756072 222328 89587 46629 18868 12522 4838 7237 2081 884 4765 3021 870 375 1382 590 769 214 172 1137 63 136 206 35 22 21 34 22 78 51 21 21 22 24 21 18 12 11 11 10 10 10 10 10 10 10 10 10 10 10 11 
1.53938 1e+07 1e+07 1e+07 1e+07 1e+07 1e+07 1e+07 1e+07 1e+07 1e+07 1e+07 1e+07 1e+07 1e+07 1e+07 1e+07 1e+07 1e+07 1e+07 1e+07 1e+07 1e+07 1e+07 1e+07 1e+07 1e+07 1e+07 1e+07 1e+07 1e+07 1e+07 1e+07 1e+07 1e+07 1e+07 1e+07 1e+07 1e+07 1e+07 1e+07 8.6079e+06 1e+07 5.11492e+06 6.37554e+06 8.16765e+06 1.10642e+06 688513 7.1348e+06 742044 1.20674e+06 93782 146734 154708 68071 15771 37195 969 749 1760 945 602 412 201 669 1162 123 1560 10306 187 169 103 77 39 20 65 161 148 74 74 49 48 27 46 30 22 33 22 19 19 20 17 18 22 16 15 14 14 12 12 11 
1.55509 1e+07 1e+07 1e+07 1e+07 1e+07 1e+07 1e+07 1e+07 1e+07 1e+07 1e+07 1e+07 1e+07 1e+07 1e+07 1e+07 1e+07 1e+07 1e+07 1e+07 1e+07 1e+07 1e+07 1e+07 1e+07 1e+07 1e+07 1e+07 1e+07 1e+07 1e+07 1e+07 1e+07 1e+07 1e+07 1e+07 1e+07 1e+07 7.70608e+06 1e+07 1e+07 9.78772e+06 1e+07 4.51798e+06 1.40881e+06 1.10383e+06 489144 1.20096e+06 287137 337790 123866 315930 142601 80861 26214 23163 3787 9846 4145 4198 2346 540 561 441 182 7347 1095 320 50 136 131 30 20 40 78 64 179 127 95 20 37 20 18 24 26 17 16 18 14 13 12 12 12 12 12 13 15 15 23 56 
1.5708 1e+07 1e+07 1e+07 1e+07 1e+07 1e+07 1e+07 1e+07 1e+07 1e+07 1e+07 1e+07 1e+07 1e+07 1e+07 1e+07 1e+07 1e+07 1e+07 1e+07 1e+07 1e+07 1e+07 1e+07 1e+07 1e+07 1e+07 1e+07 1e+07 1e+07 1e+07 1e+07 1e+07 1e+07 1e+07 1e+07 1e+07 1e+07 1e+07 1e+07 1e+07 8.93494e+06 4.86597e+06 1e+07 1.15861e+06 1.94522e+06 6.55725e+06 9.32368e+06 2.47327e+06 3.4745e+06 247149 257683 72279 19197 55502 4458 9403 1551 1839 1561 1456 989 1126 708 1050 6689 165 174 54 167 42 70 20 83 71 26 64 26 16 15 14 14 13 13 13 13 13 13 13 13 20 18 16 17 25 31 18 13 11 11 
1.5865 1e+07 1e+07 1e+07 1e+07 1e+07 1e+07 1e+07 1e+07 1e+07 1e+07 1e+07 1e+07 1e+07 1e+07 1e+07 1e+07 1e+07 1e+07 1e+07 1e+07 1e+07 1e+07 1e+07 1e+07 1e+07 1e+07 1e+07 1e+07 1e+07 1e+07 1e+07 1e+07 1e+07 1e+07 1e+07 1e+07 1e+07 1e+07 1e+07 1e+07 1e+07 6.95115e+06 1.9786e+06 1e+07 1e+07 1e+07 1.58704e+06 1.0278e+06 753829 703020 1e+07 232833 103272 40931 23053 22653 32538 17189 7519 827 2700 358 248 5706 594 768 105 182 53 97 110 32 20 26 30 24 31 25 16 15 14 14 14 15 48 43 22 17 24 18 27 28 33 18 12 12 12 12 81 31 
