epsilon_k[0] 0.0001
epsilon_k[1] 2.18e-05
epsilon_k[2] 7.08e-05
epsilon_k[3] 2.54e-05
epsilon_k[4] 1e-05
epsilon_k[5] 7.8e-06
epsilon_k[6] 2.18e-05
omega_x0 0.168
omega_y0 0.201
dx 0.01
n_theta 100
dtheta 0.015708
epsilon 44
max_turns 10000000
from_angle 30
to_angle 40
0.471239 1e+07 1e+07 1e+07 1e+07 1e+07 1e+07 1e+07 1e+07 1e+07 1e+07 1e+07 1e+07 1e+07 1e+07 1e+07 1e+07 1e+07 1e+07 1e+07 1e+07 1e+07 1e+07 1e+07 1e+07 1e+07 1e+07 1e+07 1e+07 1e+07 1e+07 1e+07 7.25101e+06 7.25101e+06 7.25101e+06 7.25101e+06 6.1215e+06 6.1215e+06 6.1215e+06 6.1215e+06 3.99702e+06 1.48571e+06 1.48571e+06 1.48571e+06 1.48571e+06 1.48571e+06 1.48571e+06 1.48571e+06 1.48571e+06 458158 458158 458158 60558 60558 6574 6574 6574 6574 6574 1464 1464 1464 1464 1464 1464 1464 1464 190 
0.486947 1e+07 1e+07 1e+07 1e+07 1e+07 1e+07 1e+07 1e+07 1e+07 1e+07 1e+07 1e+07 1e+07 1e+07 1e+07 1e+07 1e+07 1e+07 1e+07 1e+07 1e+07 1e+07 1e+07 1e+07 1e+07 1e+07 1e+07 1e+07 2.67423e+06 1.98202e+06 1.98202e+06 1.98202e+06 1.98202e+06 1.98202e+06 1.98202e+06 1.28233e+06 1.28233e+06 1.28233e+06 532989 532989 532989 532989 532989 532989 456746 456746 456746 456746 456746 456746 456746 213050 33967 24506 24506 12273 12273 8581 1083 1083 1083 933 
0.502655 1e+07 1e+07 1e+07 1e+07 1e+07 1e+07 1e+07 1e+07 1e+07 1e+07 1e+07 1e+07 1e+07 1e+07 1e+07 1e+07 1e+07 1e+07 1e+07 1e+07 1e+07 1e+07 1e+07 1e+07 1e+07 1e+07 1e+07 1e+07 9.42295e+06 9.42295e+06 9.42295e+06 7.97419e+06 7.97419e+06 2.23626e+06 2.0882e+06 2.0882e+06 2.0882e+06 2.0882e+06 1.24612e+06 1.24612e+06 1.24612e+06 1.24612e+06 1.24612e+06 631054 631054 389522 389522 389522 389522 389522 220302 220302 220302 30976 30976 11032 11032 11032 11032 2789 2514 308 
0.518363 1e+07 1e+07 1e+07 1e+07 1e+07 1e+07 1e+07 1e+07 1e+07 1e+07 1e+07 1e+07 1e+07 1e+07 1e+07 1e+07 1e+07 1e+07 1e+07 1e+07 1e+07 1e+07 1e+07 1e+07 1e+07 1e+07 1e+07 6.20284e+06 6.20284e+06 4.37207e+06 4.37207e+06 4.37207e+06 2.01892e+06 1.66763e+06 1.66763e+06 1.66763e+06 1.66763e+06 1.66763e+06 1.04346e+06 1.04346e+06 1.04346e+06 1.04346e+06 1.04346e+06 1.04346e+06 1.04346e+06 1.04346e+06 706438 706438 706438 84045 84045 84045 84045 9332 8556 8556 8556 7871 7871 4887 1931 1931 1800 1800 1800 234 
0.534071 1e+07 1e+07 1e+07 1e+07 1e+07 1e+07 1e+07 1e+07 1e+07 1e+07 1e+07 1e+07 1e+07 1e+07 1e+07 1e+07 1e+07 1e+07 1e+07 1e+07 1e+07 1e+07 1e+07 1e+07 1e+07 1e+07 1e+07 1e+07 1e+07 3.3357e+06 3.3357e+06 3.3357e+06 3.3357e+06 3.3357e+06 3.3357e+06 3.3357e+06 3.3357e+06 3.3357e+06 1.49614e+06 1.49614e+06 1.49614e+06 531116 531116 531116 227663 227663 140799 140799 140799 140799 74017 74017 19929 14341 14341 6843 4229 1772 1772 1772 1195 1195 1195 727 
0.549779 1e+07 1e+07 1e+07 1e+07 1e+07 1e+07 1e+07 1e+07 1e+07 1e+07 1e+07 1e+07 1e+07 1e+07 1e+07 1e+07 1e+07 1e+07 1e+07 1e+07 1e+07 1e+07 1e+07 1e+07 1e+07 1e+07 1e+07 1e+07 1e+07 8.77398e+06 7.40779e+06 7.40779e+06 2.70657e+06 2.70657e+06 2.70657e+06 2.54784e+06 1.82121e+06 1.82121e+06 1.82121e+06 1.82121e+06 1.18505e+06 1.18505e+06 1.18505e+06 590773 590773 590773 590773 590773 187937 95120 61749 61749 40778 29320 29320 13152 13152 6600 2268 786 
0.565487 1e+07 1e+07 1e+07 1e+07 1e+07 1e+07 1e+07 1e+07 1e+07 1e+07 1e+07 1e+07 1e+07 1e+07 1e+07 1e+07 1e+07 1e+07 1e+07 1e+07 1e+07 1e+07 1e+07 1e+07 1e+07 1e+07 1e+07 1e+07 1e+07 3.77533e+06 3.77533e+06 3.77533e+06 2.81047e+06 2.81047e+06 2.32262e+06 2.32262e+06 2.32262e+06 2.32262e+06 2.32262e+06 1.37093e+06 1.37093e+06 1.37093e+06 1.32588e+06 1.32588e+06 1.32588e+06 546624 546624 406565 406565 360884 56991 56991 22496 22496 8517 8517 8517 1229 1229 1229 1016 1016 260 
0.581195 1e+07 1e+07 1e+07 1e+07 1e+07 1e+07 1e+07 1e+07 1e+07 1e+07 1e+07 1e+07 1e+07 1e+07 1e+07 1e+07 1e+07 1e+07 1e+07 1e+07 1e+07 1e+07 1e+07 1e+07 1e+07 1e+07 1e+07 1e+07 1e+07 1e+07 3.26572e+06 1.42464e+06 1.42464e+06 1.42464e+06 1.42464e+06 1.42464e+06 1.42464e+06 1.42464e+06 1.42464e+06 852539 852539 587908 587908 587908 587908 587908 587908 587908 464954 464954 201156 201156 177099 10542 10542 10542 1332 1332 1332 1187 1187 1187 1187 1187 336 
0.596903 1e+07 1e+07 1e+07 1e+07 1e+07 1e+07 1e+07 1e+07 1e+07 1e+07 1e+07 1e+07 1e+07 1e+07 1e+07 1e+07 1e+07 1e+07 1e+07 1e+07 1e+07 1e+07 1e+07 1e+07 1e+07 1e+07 1e+07 1e+07 1e+07 1e+07 1e+07 2.34882e+06 2.34882e+06 2.34882e+06 2.34882e+06 2.34882e+06 2.34882e+06 2.34882e+06 1.70339e+06 1.70339e+06 705174 705174 705174 705174 705174 705174 565140 565140 116813 114534 68447 46020 23681 23681 7126 1591 1591 1591 1591 1173 1173 1173 233 
0.612611 1e+07 1e+07 1e+07 1e+07 1e+07 1e+07 1e+07 1e+07 1e+07 1e+07 1e+07 1e+07 1e+07 1e+07 1e+07 1e+07 1e+07 1e+07 1e+07 1e+07 1e+07 1e+07 1e+07 1e+07 1e+07 1e+07 1e+07 1e+07 1e+07 1e+07 1e+07 6.32094e+06 3.82825e+06 3.82825e+06 3.82825e+06 3.82825e+06 2.01458e+06 2.01458e+06 2.01458e+06 765963 765963 573803 573803 573803 573803 573803 123480 117152 117152 117152 52612 52612 12590 12590 5941 5941 5426 758 
