epsilon_k[0] 0.0001
epsilon_k[1] 2.18e-05
epsilon_k[2] 7.08e-05
epsilon_k[3] 2.54e-05
epsilon_k[4] 1e-05
epsilon_k[5] 7.8e-06
epsilon_k[6] 2.18e-05
omega_x0 0.28
omega_y0 0.31
dx 0.01
epsilon 32
max_turns 10000000
from_y 24
to_y 32
0.24 1e+07 1e+07 1e+07 1e+07 1e+07 1e+07 1e+07 1e+07 1e+07 1e+07 1e+07 1e+07 1e+07 1e+07 1e+07 1e+07 1e+07 1e+07 1e+07 4.15136e+06 324710 3.56885e+06 25181 10283 9559 1787 965 917 112 70 56 55 43 41 39 39 29 26 24 23 18 15 14 13 12 12 12 12 12 13 11 10 10 9 9 9 8 8 8 8 8 8 7 7 7 7 7 7 7 7 7 7 7 7 7 6 6 6 6 6 
0.25 1e+07 1e+07 1e+07 1e+07 1e+07 1e+07 1e+07 1e+07 1e+07 1e+07 1e+07 1e+07 1e+07 1e+07 1e+07 1e+07 1e+07 4.97955e+06 8.32702e+06 3.92304e+06 526962 107643 193590 3548 4492 906 904 3554 97 69 54 43 40 39 34 28 26 24 24 17 15 14 13 12 12 11 11 12 12 11 10 10 9 9 9 8 8 8 8 8 7 7 7 7 7 7 7 7 7 7 7 7 7 6 6 6 6 6 6 6 
0.26 1e+07 1e+07 1e+07 1e+07 1e+07 1e+07 1e+07 1e+07 1e+07 1e+07 1e+07 1e+07 1e+07 1e+07 1e+07 1e+07 1e+07 1e+07 1e+07 4.57589e+06 71214 107663 6939 1750 3544 926 1744 945 84 57 48 41 40 32 28 26 24 27 16 15 13 12 12 11 11 11 11 11 12 10 10 9 9 9 8 8 8 8 8 7 7 7 7 7 7 7 7 7 7 7 7 6 6 6 6 6 6 6 6 6 
0.27 1e+07 1e+07 1e+07 1e+07 1e+07 1e+07 1e+07 1e+07 1e+07 1e+07 1e+07 1e+07 1e+07 1e+07 1e+07 1e+07 1e+07 1e+07 1e+07 297786 46030 6116 5212 12258 886 823 853 895 72 55 43 40 33 28 26 25 29 16 15 13 12 12 11 11 11 11 11 12 10 10 9 9 9 8 8 8 8 8 7 7 7 7 7 7 7 7 7 7 7 7 6 6 6 6 6 6 6 6 6 6 
0.28 1e+07 1e+07 1e+07 1e+07 1e+07 1e+07 1e+07 1e+07 1e+07 1e+07 1e+07 1e+07 1e+07 1e+07 1e+07 1e+07 3.40912e+06 4.46823e+06 738796 218783 34734 3497 1732 889 919 744 899 301 70 63 41 71 29 27 25 27 17 15 13 12 12 11 11 11 11 11 11 10 10 9 9 9 8 8 8 8 8 7 7 7 7 7 7 7 7 7 7 7 6 6 6 6 6 6 6 6 6 6 6 6 
0.29 1e+07 1e+07 1e+07 1e+07 1e+07 1e+07 1e+07 1e+07 1e+07 1e+07 1e+07 1e+07 1e+07 1e+07 1e+07 1e+07 1e+07 3.2433e+06 1.43066e+06 206651 32984 86538 909 878 850 839 1869 112 58 44 41 31 28 26 25 17 15 14 13 12 11 11 11 11 11 11 10 10 9 9 9 8 8 8 8 8 7 7 7 7 7 7 7 7 7 7 7 6 6 6 6 6 6 6 6 6 6 6 6 6 
0.3 1e+07 1e+07 1e+07 1e+07 1e+07 1e+07 1e+07 1e+07 1e+07 1e+07 1e+07 1e+07 1e+07 1e+07 1e+07 1e+07 1e+07 2.86306e+06 241345 3494 1714 6012 275 346 84 110 907 87 56 42 37 29 26 25 18 15 14 13 12 11 11 11 11 10 10 10 10 9 9 9 8 8 8 8 8 7 7 7 7 7 7 7 7 7 7 7 6 6 6 6 6 6 6 6 6 6 6 6 6 6 
0.31 1e+07 1e+07 1e+07 1e+07 1e+07 1e+07 1e+07 1e+07 1e+07 1e+07 1e+07 1e+07 1e+07 1e+07 1e+07 1e+07 1.77446e+06 79012 32150 4327 935 299 61 124 76 108 911 73 51 41 30 27 26 21 15 14 13 12 11 11 11 11 10 10 10 10 9 9 9 8 8 8 8 8 8 7 7 7 7 7 7 7 7 7 6 6 6 6 6 6 6 6 6 6 6 6 6 6 6 6 
