epsilon_k[0] 0.0001
epsilon_k[1] 2.18e-05
epsilon_k[2] 7.08e-05
epsilon_k[3] 2.54e-05
epsilon_k[4] 1e-05
epsilon_k[5] 7.8e-06
epsilon_k[6] 2.18e-05
omega_x0 0.168
omega_y0 0.201
dx 0.01
n_theta 100
dtheta 0.015708
epsilon 36
max_turns 10000000
from_angle 95
to_angle 101
1.49226 1e+07 1e+07 1e+07 1e+07 1e+07 1e+07 1e+07 1e+07 1e+07 1e+07 1e+07 1e+07 1e+07 1e+07 1e+07 1e+07 1e+07 1e+07 1e+07 1e+07 1e+07 1e+07 1e+07 1e+07 1e+07 1e+07 1e+07 1e+07 1e+07 1e+07 1e+07 1e+07 1e+07 1e+07 1e+07 1e+07 1e+07 1e+07 1e+07 1e+07 1e+07 9.43584e+06 1e+07 1.60155e+06 1.6392e+06 1.57415e+06 1.54188e+06 454120 169339 207068 1.42302e+06 63044 39305 5813 1613 1119 479 480 1158 694 141 593 135 644 138 216 83 250 65 61 184 66 65 74 32 41 20 53 71 64 25 18 25 17 12 11 10 10 10 10 9 9 9 9 9 9 9 9 8 8 
1.50796 1e+07 1e+07 1e+07 1e+07 1e+07 1e+07 1e+07 1e+07 1e+07 1e+07 1e+07 1e+07 1e+07 1e+07 1e+07 1e+07 1e+07 1e+07 1e+07 1e+07 1e+07 1e+07 1e+07 1e+07 1e+07 1e+07 1e+07 1e+07 1e+07 1e+07 1e+07 1e+07 1e+07 1e+07 1e+07 1e+07 1e+07 1e+07 1e+07 1e+07 2.11185e+06 1e+07 6.98488e+06 2.60119e+06 1e+07 1.16431e+06 171123 268197 339150 163096 31503 34441 25647 10779 11855 3444 1108 9615 803 222 356 182 346 1399 165 93 182 124 244 1012 126 149 61 46 30 145 34 81 31 26 17 22 19 25 11 11 10 10 10 10 9 9 9 9 9 9 9 9 9 9 
1.52367 1e+07 1e+07 1e+07 1e+07 1e+07 1e+07 1e+07 1e+07 1e+07 1e+07 1e+07 1e+07 1e+07 1e+07 1e+07 1e+07 1e+07 1e+07 1e+07 1e+07 1e+07 1e+07 1e+07 1e+07 1e+07 1e+07 1e+07 1e+07 1e+07 1e+07 1e+07 1e+07 1e+07 1e+07 1e+07 1e+07 1e+07 1e+07 1e+07 1e+07 1e+07 1e+07 2.781e+06 2.84833e+06 1e+07 1.02222e+06 3.18927e+06 263043 1.29625e+06 116553 41383 198487 32530 140576 15825 59426 559 5894 1219 446 819 1606 707 378 360 365 297 336 379 186 120 305 36 22 21 44 22 174 39 21 18 50 24 21 21 12 11 11 10 10 10 10 10 10 10 10 10 10 10 11 
1.53938 1e+07 1e+07 1e+07 1e+07 1e+07 1e+07 1e+07 1e+07 1e+07 1e+07 1e+07 1e+07 1e+07 1e+07 1e+07 1e+07 1e+07 1e+07 1e+07 1e+07 1e+07 1e+07 1e+07 1e+07 1e+07 1e+07 1e+07 1e+07 1e+07 1e+07 1e+07 1e+07 1e+07 1e+07 1e+07 1e+07 1e+07 1e+07 1e+07 1e+07 1e+07 1e+07 1e+07 4.13793e+06 1e+07 977459 1.71338e+06 5.04349e+06 854068 87609 214702 81625 108405 6351 24897 1615 2224 777 854 2167 3448 567 607 1345 270 452 4061 225 71 350 79 32 83 21 360 41 30 77 162 130 798 27 44 44 22 30 22 19 19 20 17 19 21 16 15 14 14 12 12 11 
1.55509 1e+07 1e+07 1e+07 1e+07 1e+07 1e+07 1e+07 1e+07 1e+07 1e+07 1e+07 1e+07 1e+07 1e+07 1e+07 1e+07 1e+07 1e+07 1e+07 1e+07 1e+07 1e+07 1e+07 1e+07 1e+07 1e+07 1e+07 1e+07 1e+07 1e+07 1e+07 1e+07 1e+07 1e+07 1e+07 1e+07 1e+07 1e+07 1e+07 1e+07 1e+07 1e+07 1e+07 4.53782e+06 1.79628e+06 547123 1e+07 487504 644378 740763 2.99361e+06 143329 92798 56067 2756 19801 3346 67646 4216 17095 2371 915 482 119 215 1108 1197 226 59 133 58 39 20 44 46 65 126 33 34 20 32 30 19 40 19 16 16 20 14 13 12 12 12 12 12 13 16 15 20 22 
1.5708 1e+07 1e+07 1e+07 1e+07 1e+07 1e+07 1e+07 1e+07 1e+07 1e+07 1e+07 1e+07 1e+07 1e+07 1e+07 1e+07 1e+07 1e+07 1e+07 1e+07 1e+07 1e+07 1e+07 1e+07 1e+07 1e+07 1e+07 1e+07 1e+07 1e+07 1e+07 1e+07 1e+07 1e+07 1e+07 1e+07 1e+07 1e+07 1e+07 1e+07 1e+07 8.42208e+06 1e+07 1e+07 7.58879e+06 3.22673e+06 1e+07 3.95366e+06 3.42112e+06 4.74338e+06 142285 139021 888344 25133 11969 76570 9497 7110 19699 703 8328 50347 398 2989 18398 1542 108 422 90 72 184 27 20 62 90 28 61 25 16 15 14 14 13 13 13 13 13 13 13 14 19 21 17 17 39 40 17 12 11 11 
1.5865 1e+07 1e+07 1e+07 1e+07 1e+07 1e+07 1e+07 1e+07 1e+07 1e+07 1e+07 1e+07 1e+07 1e+07 1e+07 1e+07 1e+07 1e+07 1e+07 1e+07 1e+07 1e+07 1e+07 1e+07 1e+07 1e+07 1e+07 1e+07 1e+07 1e+07 1e+07 1e+07 1e+07 1e+07 1e+07 1e+07 1e+07 1e+07 1e+07 1e+07 1e+07 1e+07 1e+07 1e+07 1e+07 4.5985e+06 1e+07 1e+07 1.25027e+06 893701 589113 388204 98843 160015 110953 26205 28548 1603 1393 767 512 999 1463 1813 1448 745 151 87 86 193 56 33 20 26 30 24 48 27 16 15 14 14 14 16 91 43 31 17 41 18 24 28 19 24 12 12 12 12 26 17 
