epsilon_k[0] 0.0001
epsilon_k[1] 2.18e-05
epsilon_k[2] 7.08e-05
epsilon_k[3] 2.54e-05
epsilon_k[4] 1e-05
epsilon_k[5] 7.8e-06
epsilon_k[6] 2.18e-05
omega_x0 0.168
omega_y0 0.201
dx 0.01
n_theta 100
dtheta 0.015708
epsilon 64
max_turns 10000000
from_angle 90
to_angle 95
1.41372 1e+07 1e+07 1e+07 1e+07 1e+07 1e+07 1e+07 1e+07 1e+07 1e+07 1e+07 1e+07 1e+07 1e+07 1e+07 1e+07 1e+07 1e+07 1e+07 1e+07 1e+07 1e+07 1e+07 1e+07 1e+07 1e+07 1e+07 1e+07 1e+07 1e+07 1e+07 1e+07 1e+07 1e+07 1e+07 1.75604e+06 2.67506e+06 6.30628e+06 7.1379e+06 705192 259211 227492 6.37718e+06 92235 358726 281314 27054 11828 513476 75641 2623 623 1389 1945 520 6583 149 1511 494 1341 621 1125 115 416 116 91 511 154 67 28 64 48 50 25 20 44 19 18 19 16 15 20 33 16 14 17 17 14 12 11 10 10 10 10 10 10 10 10 10 10 
1.42942 1e+07 1e+07 1e+07 1e+07 1e+07 1e+07 1e+07 1e+07 1e+07 1e+07 1e+07 1e+07 1e+07 1e+07 1e+07 1e+07 1e+07 1e+07 1e+07 1e+07 1e+07 1e+07 1e+07 1e+07 1e+07 1e+07 1e+07 1e+07 1e+07 1e+07 1e+07 1e+07 1e+07 1e+07 5.73166e+06 2.52977e+06 994912 2.24131e+06 1.53441e+06 803150 1e+07 391783 356183 274361 595656 46360 17211 93113 14880 157664 1008 5391 326 328 4487 1522 738 1024 160 276 245 155 106 57 363 150 86 100 88 786 73 80 29 30 58 23 33 38 44 15 14 14 14 17 18 20 15 14 18 18 13 12 12 15 13 11 11 10 10 10 
1.44513 1e+07 1e+07 1e+07 1e+07 1e+07 1e+07 1e+07 1e+07 1e+07 1e+07 1e+07 1e+07 1e+07 1e+07 1e+07 1e+07 1e+07 1e+07 1e+07 1e+07 1e+07 1e+07 1e+07 1e+07 1e+07 1e+07 1e+07 1e+07 1e+07 1e+07 1e+07 1e+07 1e+07 1e+07 1e+07 2.88693e+06 1e+07 1.43593e+06 2.32419e+06 1.33277e+06 347305 1.23024e+06 236228 161614 993760 87764 131602 98677 12584 3604 24042 18253 1823 529 1201 5556 2792 718 426 611 1467 416 699 604 213 124 167 99 49 261 65 88 35 161 48 35 33 52 29 33 37 158 29 20 29 15 14 13 13 12 12 12 12 12 12 12 12 12 12 11 
1.46084 1e+07 1e+07 1e+07 1e+07 1e+07 1e+07 1e+07 1e+07 1e+07 1e+07 1e+07 1e+07 1e+07 1e+07 1e+07 1e+07 1e+07 1e+07 1e+07 1e+07 1e+07 1e+07 1e+07 1e+07 1e+07 1e+07 1e+07 1e+07 1e+07 1e+07 1e+07 1e+07 1e+07 1e+07 1e+07 1e+07 2.11166e+06 1.48815e+06 345651 448089 3.57408e+06 216489 303314 700725 363759 347945 46950 102085 204965 11288 20359 20207 1845 4000 1318 2563 5143 8844 492 742 421 196 76 147 102 153 148 1570 31 108 33 142 62 60 195 26 32 47 28 20 32 22 27 17 17 24 20 14 14 13 14 17 16 17 20 13 11 10 10 10 
1.47655 1e+07 1e+07 1e+07 1e+07 1e+07 1e+07 1e+07 1e+07 1e+07 1e+07 1e+07 1e+07 1e+07 1e+07 1e+07 1e+07 1e+07 1e+07 1e+07 1e+07 1e+07 1e+07 1e+07 1e+07 1e+07 1e+07 1e+07 1e+07 1e+07 1e+07 1e+07 1e+07 1e+07 1e+07 1e+07 1e+07 3.82863e+06 1.98713e+06 854204 955979 1.215e+06 1.40464e+06 682583 892795 2.5317e+06 92068 34783 168524 21741 31279 4261 2074 16582 3829 4440 1798 2752 286 526 4100 355 242 71 353 441 1144 120 72 66 71 69 86 47 43 47 296 42 34 22 38 31 71 20 20 30 20 23 14 11 10 10 10 10 9 9 9 9 9 9 9 
1.49226 1e+07 1e+07 1e+07 1e+07 1e+07 1e+07 1e+07 1e+07 1e+07 1e+07 1e+07 1e+07 1e+07 1e+07 1e+07 1e+07 1e+07 1e+07 1e+07 1e+07 1e+07 1e+07 1e+07 1e+07 1e+07 1e+07 1e+07 1e+07 1e+07 1e+07 1e+07 1e+07 1e+07 1e+07 1e+07 1e+07 2.83062e+06 6.32478e+06 626069 3.23732e+06 468844 207367 90807 388988 377682 133736 90810 159860 85750 13671 337795 9693 657585 7021 923 4560 1194 2763 299 314 1121 254 8510 144 815 715 521 161 52 87 126 126 108 75 32 117 20 61 36 26 35 20 17 30 26 11 11 10 10 10 9 9 9 9 9 9 9 9 8 8 
