epsilon_k[0] 0.0001
epsilon_k[1] 2.18e-05
epsilon_k[2] 7.08e-05
epsilon_k[3] 2.54e-05
epsilon_k[4] 1e-05
epsilon_k[5] 7.8e-06
epsilon_k[6] 2.18e-05
omega_x0 0.31
omega_y0 0.32
dx 0.01
epsilon 0
max_turns 10000000
from_y 0
to_y 8
0 1e+07 1e+07 1e+07 1e+07 1e+07 1e+07 1e+07 1e+07 1e+07 1e+07 1e+07 1e+07 1e+07 1e+07 1e+07 1e+07 1e+07 1e+07 1e+07 1e+07 1e+07 1e+07 1e+07 1e+07 1e+07 1e+07 1e+07 1e+07 1e+07 1e+07 1e+07 1e+07 1e+07 1e+07 1e+07 1e+07 1e+07 1e+07 1e+07 1e+07 1e+07 1e+07 1e+07 1e+07 1e+07 1e+07 1e+07 1e+07 1e+07 1e+07 1e+07 1e+07 1e+07 1e+07 1e+07 1e+07 1e+07 1e+07 1e+07 741580 274 1e+07 713 89 93 49 56 85 59 36 26 27 33 17 16 16 16 44 13 14 
0.01 1e+07 1e+07 1e+07 1e+07 1e+07 1e+07 1e+07 1e+07 1e+07 1e+07 1e+07 1e+07 1e+07 1e+07 1e+07 1e+07 1e+07 1e+07 1e+07 1e+07 1e+07 1e+07 1e+07 1e+07 1e+07 79 59 47 44 38 34 32 30 29 27 26 26 25 24 25 23 21 20 19 19 18 17 17 17 16 16 16 16 16 15 15 15 15 15 14 14 14 14 15 15 16 21 16 15 14 14 14 13 13 12 12 12 12 11 10 
0.02 1e+07 1e+07 1e+07 1e+07 1e+07 1e+07 1e+07 1e+07 1e+07 1e+07 1e+07 1e+07 1e+07 1e+07 1e+07 1e+07 1e+07 1e+07 1e+07 1e+07 1e+07 1e+07 1e+07 1e+07 1e+07 61 46 39 34 31 29 28 27 26 26 27 22 20 19 18 18 17 16 16 16 15 15 14 14 14 14 13 13 13 13 13 13 13 14 13 13 12 12 12 12 12 12 12 13 14 18 17 12 12 11 11 11 11 10 10 
0.03 1e+07 1e+07 1e+07 1e+07 1e+07 1e+07 1e+07 1e+07 1e+07 1e+07 1e+07 1e+07 1e+07 1e+07 1e+07 1e+07 1e+07 1e+07 1e+07 1e+07 1e+07 1e+07 1e+07 1e+07 86 48 38 33 31 29 28 27 27 24 21 20 19 18 17 16 16 16 15 15 14 14 14 13 13 13 13 13 13 13 13 12 12 12 11 11 11 11 11 11 11 11 11 11 11 11 11 13 13 12 11 11 11 10 9 9 
0.04 1e+07 1e+07 1e+07 1e+07 1e+07 1e+07 1e+07 1e+07 1e+07 1e+07 1e+07 1e+07 1e+07 1e+07 1e+07 1e+07 1e+07 1e+07 1e+07 2495 1e+07 1e+07 1e+07 1e+07 59 42 34 31 29 28 27 25 22 20 19 18 17 16 16 15 15 14 14 14 13 13 13 13 13 12 12 12 12 12 11 11 11 11 11 10 10 10 10 10 10 10 10 10 10 11 11 12 18 12 14 11 10 9 9 8 
0.05 1e+07 1e+07 1e+07 1e+07 1e+07 1e+07 1e+07 1e+07 1e+07 1e+07 1e+07 1e+07 1e+07 1e+07 1e+07 1e+07 1e+07 1e+07 1e+07 1888 1e+07 1e+07 1e+07 1e+07 49 35 32 29 28 31 23 21 19 18 17 17 16 16 15 15 14 14 13 13 13 13 12 12 12 12 12 11 11 11 11 11 10 10 10 10 10 10 10 10 10 10 10 10 10 10 11 12 16 12 10 9 9 9 8 8 
0.06 1e+07 1e+07 1e+07 1e+07 1e+07 1e+07 1e+07 1e+07 1e+07 1e+07 1e+07 1e+07 1e+07 1e+07 1e+07 1e+07 1e+07 1e+07 1e+07 2313 1e+07 1e+07 1e+07 1e+07 40 33 30 29 27 23 21 19 18 17 16 16 15 15 14 14 14 13 13 13 12 12 12 12 12 11 11 11 11 10 10 10 10 10 10 10 10 10 10 10 10 10 10 10 10 11 12 11 11 10 9 9 8 8 8 8 
0.07 1e+07 1e+07 1e+07 1e+07 1e+07 1e+07 1e+07 1e+07 1e+07 1e+07 1e+07 1e+07 1e+07 1e+07 1e+07 1e+07 1e+07 1e+07 1e+07 944 1e+07 1e+07 1e+07 56 35 32 30 26 22 20 19 18 17 16 16 15 15 14 14 13 13 13 13 12 12 12 12 11 11 11 11 10 10 10 10 10 10 10 10 10 9 9 9 9 9 10 10 10 10 10 10 10 13 9 9 8 8 8 8 8 
