epsilon_k[0]0.1
epsilon_k[0]2.18e-05
epsilon_k[0]7.08e-05
epsilon_k[0]2.54e-05
epsilon_k[0]1e-05
epsilon_k[0]7.8e-06
epsilon_k[0]0.218
omega_x01.05558
omega_y01.26292
dx 0.01
n_theta 100
dtheta 0.00785398
epsilon 10
max_turns 10000000
from_angle 16
to_angle 24
0.125664 1e+07 1.85083e+06 5085 4295 4295 3904 2910 1825 951 
0.133518 1e+07 662355 4989 4292 4292 3824 3010 2050 1180 846 
0.141372 1e+07 281074 4940 4313 4313 3449 3449 2240 992 
0.149226 1e+07 337744 4933 4316 4316 3150 3150 2331 991 
0.15708 1e+07 224779 4940 4322 4322 3140 3140 3140 1117 847 
0.164934 1e+07 192253 5176 4439 3897 3497 3497 2629 1199 848 
0.172788 1e+07 123371 4874 4874 3450 3450 3450 2584 1346 860 
0.180642 1e+07 100447 4844 4844 2981 2981 2981 2730 1400 867 
