epsilon_k[0] 0.1
epsilon_k[0] 2.18e-05
epsilon_k[0] 7.08e-05
epsilon_k[0] 2.54e-05
epsilon_k[0] 1e-05
epsilon_k[0] 7.8e-06
epsilon_k[0] 0.218
omega_x0 0.31
omega_y0 0.32
dx 0.01
n_theta 100
dtheta 0.00785398
epsilon 6
max_turns 10000000
from_angle 32
to_angle 40
0.251327 1e+07 1e+07 7289 4537 4537 2792 2610 764 
0.259181 1e+07 1e+07 7932 4537 4537 2712 2319 764 
0.267035 1e+07 1e+07 8005 4537 4537 2710 2276 767 
0.274889 1e+07 1e+07 8065 4537 4537 2716 1934 758 
0.282743 1e+07 1e+07 8269 4537 4537 2722 1953 754 
0.290597 1e+07 1e+07 8513 4537 4537 2709 2709 752 
0.298451 1e+07 1e+07 8802 4537 4537 2710 1430 753 
0.306305 1e+07 1e+07 11118 4537 4537 2703 1466 763 
