epsilon_k[0] 0.0001
epsilon_k[1] 2.18e-05
epsilon_k[2] 7.08e-05
epsilon_k[3] 2.54e-05
epsilon_k[4] 1e-05
epsilon_k[5] 7.8e-06
epsilon_k[6] 2.18e-05
omega_x0 0.168
omega_y0 0.201
dx 0.01
n_theta 100
dtheta 0.015708
epsilon 64
max_turns 10000000
from_angle 50
to_angle 55
0.785398 1e+07 1e+07 1e+07 1e+07 1e+07 1e+07 1e+07 1e+07 1e+07 1e+07 1e+07 1e+07 1e+07 1e+07 1e+07 1e+07 1e+07 1e+07 1e+07 1e+07 1e+07 1e+07 1e+07 1e+07 1e+07 1e+07 1e+07 1e+07 1e+07 1e+07 3.64231e+06 1e+07 3.77166e+06 3.86422e+06 6.33012e+06 3.15672e+06 1.91634e+06 1.41454e+06 100403 334082 272441 145274 47068 209635 31563 46515 187786 14847 15553 51077 33395 4923 1564 12417 700 1098 2454 2546 3850 192 258 584 155 257 31 190 239 19 161 122 13 12 11 11 10 10 10 10 10 10 10 10 10 9 9 9 9 9 9 9 9 9 10 10 10 10 10 12 13 20 
0.801106 1e+07 1e+07 1e+07 1e+07 1e+07 1e+07 1e+07 1e+07 1e+07 1e+07 1e+07 1e+07 1e+07 1e+07 1e+07 1e+07 1e+07 1e+07 1e+07 1e+07 1e+07 1e+07 1e+07 1e+07 1e+07 1e+07 1e+07 1e+07 1e+07 4.66579e+06 7.20911e+06 6.14828e+06 1.32456e+06 514621 293481 365287 150205 206974 137913 784958 30112 113745 128226 68933 253892 12495 55993 15863 8770 8775 6525 2814 5488 7212 2090 3061 185 891 197 101 361 259 207 249 133 77 559 19 189 216 13 12 11 11 11 10 10 10 10 10 10 10 10 10 10 10 11 11 13 23 13 13 18 23 12 11 11 16 13 12 
0.816814 1e+07 1e+07 1e+07 1e+07 1e+07 1e+07 1e+07 1e+07 1e+07 1e+07 1e+07 1e+07 1e+07 1e+07 1e+07 1e+07 1e+07 1e+07 1e+07 1e+07 1e+07 1e+07 1e+07 1e+07 1e+07 1e+07 1e+07 1e+07 1e+07 1e+07 1e+07 6.41762e+06 344914 518793 333076 944964 171650 2.52115e+06 181091 330692 91340 78823 39544 286587 66527 123592 14900 8137 12316 6165 2069 1875 24243 1391 11729 2846 714 652 166 555 300 136 135 69 28 135 120 72 19 31 56 14 12 12 11 11 11 11 12 12 13 14 15 29 13 14 19 18 12 11 11 14 16 12 12 10 10 9 9 10 
0.832522 1e+07 1e+07 1e+07 1e+07 1e+07 1e+07 1e+07 1e+07 1e+07 1e+07 1e+07 1e+07 1e+07 1e+07 1e+07 1e+07 1e+07 1e+07 1e+07 1e+07 1e+07 1e+07 1e+07 1e+07 1e+07 1e+07 1e+07 8.73605e+06 8.21611e+06 7.49487e+06 5.63609e+06 2.32425e+06 1.289e+06 303586 693293 361256 1.16954e+06 232548 185393 354130 168745 139436 268939 41417 19381 15356 30436 13549 311444 3215 2357 5347 12860 6829 2364 1248 1496 872 832 310 322 37 74 1124 112 52 103 49 128 25 18 21 26 18 17 20 16 19 17 14 14 17 15 17 12 11 12 16 15 13 16 11 10 10 12 13 12 9 9 9 
0.84823 1e+07 1e+07 1e+07 1e+07 1e+07 1e+07 1e+07 1e+07 1e+07 1e+07 1e+07 1e+07 1e+07 1e+07 1e+07 1e+07 1e+07 1e+07 1e+07 1e+07 1e+07 1e+07 1e+07 1e+07 1e+07 1e+07 1e+07 1e+07 1e+07 1e+07 1.26361e+06 1.65289e+06 393157 1.75019e+06 3.75484e+06 464534 171225 156845 276579 195430 160202 39926 52577 24573 9578 15876 14643 19169 21955 7768 10150 2926 1504 2281 2208 1147 449 2195 623 303 173 499 36 20 427 136 74 74 47 46 149 37 22 16 23 23 15 45 21 15 14 12 12 12 20 29 14 77 11 11 13 12 11 10 9 8 8 7 7 7 
