epsilon_k[0] 0.0001
epsilon_k[1] 2.18e-05
epsilon_k[2] 7.08e-05
epsilon_k[3] 2.54e-05
epsilon_k[4] 1e-05
epsilon_k[5] 7.8e-06
epsilon_k[6] 2.18e-05
omega_x0 0.168
omega_y0 0.201
dx 0.01
n_theta 100
dtheta 0.015708
epsilon 32
max_turns 10000000
from_angle 15
to_angle 20
0.235619 1e+07 1e+07 1e+07 1e+07 1e+07 1e+07 1e+07 1e+07 1e+07 1e+07 1e+07 1e+07 1e+07 1e+07 1e+07 1e+07 1e+07 1e+07 1e+07 1e+07 1e+07 1e+07 1e+07 1e+07 1e+07 1e+07 1e+07 1e+07 1e+07 1e+07 1e+07 1e+07 1e+07 1e+07 1e+07 1e+07 1e+07 1e+07 1e+07 1e+07 1e+07 1e+07 1e+07 1e+07 1.22623e+06 608815 1.05005e+06 73641 53261 79712 183853 12883 49823 29017 23598 1.91552e+06 43576 35896 22607 20801 11993 8818 2811 3540 8570 15423 2851 2162 986 344 8867 1164 1083 350 909 174 286 1391 1213 1290 583 961 143 129 295 184 49 16 34 91 73 435 270 94 8 7 7 7 6 6 
0.251327 1e+07 1e+07 1e+07 1e+07 1e+07 1e+07 1e+07 1e+07 1e+07 1e+07 1e+07 1e+07 1e+07 1e+07 1e+07 1e+07 1e+07 1e+07 1e+07 1e+07 1e+07 1e+07 1e+07 1e+07 1e+07 1e+07 1e+07 1e+07 1e+07 1e+07 1e+07 1e+07 1e+07 1e+07 1e+07 1e+07 1e+07 1e+07 1e+07 1e+07 1e+07 1e+07 1.58981e+06 3.51469e+06 1.6371e+06 2.92308e+06 613964 241063 175612 318962 12272 38110 49994 128277 92626 163605 5558 207802 27626 43936 8287 48864 2160 13864 21653 3229 2880 998 397 700 390 201 14328 1647 589 684 96 198 233 199 103 71 30 167 190 43 60 102 16 16 73 55 83 17 15 9 8 7 7 6 
0.267035 1e+07 1e+07 1e+07 1e+07 1e+07 1e+07 1e+07 1e+07 1e+07 1e+07 1e+07 1e+07 1e+07 1e+07 1e+07 1e+07 1e+07 1e+07 1e+07 1e+07 1e+07 1e+07 1e+07 1e+07 1e+07 1e+07 1e+07 1e+07 1e+07 1e+07 1e+07 1e+07 1e+07 1e+07 1e+07 1e+07 1e+07 1e+07 1e+07 1e+07 1e+07 1e+07 4.43456e+06 1e+07 2.05143e+06 397797 410983 305857 32412 563818 77187 21687 13854 12288 1.81548e+06 153524 14818 7619 33563 3054 3920 1165 1926 1167 2142 2952 897 9152 6756 193 783 570 428 370 503 569 717 106 2813 455 647 121 107 218 132 66 21 828 43 261 14 27 59 425 15 67 55 8 8 7 
0.282743 1e+07 1e+07 1e+07 1e+07 1e+07 1e+07 1e+07 1e+07 1e+07 1e+07 1e+07 1e+07 1e+07 1e+07 1e+07 1e+07 1e+07 1e+07 1e+07 1e+07 1e+07 1e+07 1e+07 1e+07 1e+07 1e+07 1e+07 1e+07 1e+07 1e+07 1e+07 1e+07 1e+07 1e+07 1e+07 1e+07 1e+07 1e+07 1e+07 1e+07 1e+07 1e+07 1e+07 1e+07 8.57356e+06 3.3207e+06 608546 1.22132e+06 524468 36791 25388 42514 47345 43262 15400 415431 18227 27376 8154 5741 3296 16322 94270 2073 2314 14273 4732 2167 209 218 4092 809 348 347 627 710 230 272 81 62 238 294 284 105 47 55 29 99 24 99 434 14 25 19 32 36 14 48 179 9 
0.298451 1e+07 1e+07 1e+07 1e+07 1e+07 1e+07 1e+07 1e+07 1e+07 1e+07 1e+07 1e+07 1e+07 1e+07 1e+07 1e+07 1e+07 1e+07 1e+07 1e+07 1e+07 1e+07 1e+07 1e+07 1e+07 1e+07 1e+07 1e+07 1e+07 1e+07 1e+07 1e+07 1e+07 1e+07 1e+07 1e+07 1e+07 1e+07 1e+07 1e+07 1e+07 1e+07 1e+07 2.92692e+06 1.55488e+06 1.68989e+06 5.29494e+06 415494 135459 167931 98151 103445 245607 31494 85613 16569 7391 16011 2285 9947 3677 12662 63951 1813 469 6029 1207 1327 25351 973 162 153 493 1112 296 244 67 430 265 61 175 6674 59 101 81 46 100 198 73 25 339 57 14 14 34 45 27 2664 14 114 
