epsilon_k[0] 0.0001
epsilon_k[1] 2.18e-05
epsilon_k[2] 7.08e-05
epsilon_k[3] 2.54e-05
epsilon_k[4] 1e-05
epsilon_k[5] 7.8e-06
epsilon_k[6] 2.18e-05
omega_x0 0.168
omega_y0 0.201
dx 0.01
epsilon 32
max_turns 10000000
from_y 24
to_y 32
0.24 1e+07 1e+07 1e+07 1e+07 1e+07 1e+07 1e+07 1e+07 1e+07 1e+07 1e+07 1e+07 1e+07 1e+07 1e+07 1e+07 1e+07 1e+07 1e+07 1e+07 1e+07 1e+07 3.49914e+06 1e+07 8.95745e+06 4.62107e+06 1.97616e+06 5.18481e+06 1.79786e+06 7.05772e+06 1e+07 1e+07 1e+07 5.63954e+06 3.41333e+06 691106 8.2067e+06 2.7846e+06 2.4566e+06 1e+07 1.61177e+06 1.87511e+06 1.7531e+06 279816 349893 924063 115674 29547 18593 9275 2456 1684 3653 3681 1678 934 3735 2332 730 1132 492 467 219 495 533 278 771 493 603 138 95 1111 285 71 157 193 119 73 662 73 
0.25 1e+07 1e+07 1e+07 1e+07 1e+07 1e+07 1e+07 1e+07 1e+07 1e+07 1e+07 1e+07 1e+07 1e+07 1e+07 1e+07 1e+07 1e+07 1e+07 1e+07 1e+07 1e+07 1e+07 1e+07 1.5494e+06 1e+07 1.56576e+06 5.98726e+06 1e+07 1e+07 1e+07 3.2006e+06 1.11077e+06 1e+07 1.88634e+06 8.79546e+06 1.28209e+06 4.82673e+06 1e+07 1e+07 8.65676e+06 7.0715e+06 126424 159817 76186 34336 92146 104024 16851 5312 13607 5796 5764 3811 15436 2472 859 908 575 1610 3923 1387 4686 81 827 181 103 161 112 321 328 339 128 41 145 44 92 21 61 39 
0.26 1e+07 1e+07 1e+07 1e+07 1e+07 1e+07 1e+07 1e+07 1e+07 1e+07 1e+07 1e+07 1e+07 1e+07 1e+07 1e+07 1e+07 1e+07 1e+07 1e+07 1e+07 1e+07 2.59518e+06 4.86327e+06 1.87534e+06 360504 6.3786e+06 1.34118e+06 2.29561e+06 7.2425e+06 5.44318e+06 5.29432e+06 755410 1.22893e+06 364067 1e+07 4.1129e+06 8.72847e+06 4.89521e+06 597301 305748 335356 780766 114842 148168 64461 17884 14217 10050 16852 4493 2049 1187 1502 2055 492 8626 1504 9115 404 1113 236 1027 347 579 35 302 165 359 166 12031 88 106 49 117 36 24 72 37 97 
0.27 1e+07 1e+07 1e+07 1e+07 1e+07 1e+07 1e+07 1e+07 1e+07 1e+07 1e+07 1e+07 1e+07 1e+07 1e+07 1e+07 1e+07 1e+07 1e+07 1e+07 1e+07 1e+07 3.49623e+06 1e+07 1e+07 5.2023e+06 9.82678e+06 1.38204e+06 461790 1.28718e+06 7.10353e+06 4.80187e+06 2.88973e+06 1e+07 1.42775e+06 1e+07 1.55028e+06 1.6353e+06 436070 438103 153130 454845 1.07563e+06 106899 140857 205424 54208 15855 19998 2421 40983 38828 5612 3924 2012 1083 1498 1422 628 6125 372 148 343 152 979 216 78 85 57 122 269 435 66 109 72 47 225 30 98 69 
0.28 1e+07 1e+07 1e+07 1e+07 1e+07 1e+07 1e+07 1e+07 1e+07 1e+07 1e+07 1e+07 1e+07 1e+07 1e+07 1e+07 1e+07 1e+07 1e+07 1e+07 1e+07 1e+07 1e+07 4.41602e+06 424018 635561 689518 1.67585e+06 187784 2.53793e+06 1e+07 2.61306e+06 1.32965e+06 452333 380062 4.17972e+06 187276 175393 1e+07 481833 1e+07 1.47491e+06 2.55257e+06 41106 132772 165891 16228 33539 6266 3910 3406 12113 1346 801 1773 713 2777 297 1455 447 269 297 363 113 55 114 323 145 149 46 448 254 152 39 62 411 34 15 1116 20 
0.29 1e+07 1e+07 1e+07 1e+07 1e+07 1e+07 1e+07 1e+07 1e+07 1e+07 1e+07 1e+07 1e+07 1e+07 1e+07 1e+07 1e+07 1e+07 1e+07 1e+07 1e+07 1e+07 1e+07 184086 896296 270230 207948 6.66887e+06 745817 934373 391544 9.67079e+06 259494 384554 273691 193859 154273 293964 186220 64509 68849 105462 1.28869e+06 77411 30486 368471 3426 15214 30299 287320 14040 1857 15861 2923 1024 14099 1316 343 3030 342 377 341 143 307 52 107 395 225 78 265 26 104 85 304 20 182 85 14 14 34 
0.3 1e+07 1e+07 1e+07 1e+07 1e+07 1e+07 1e+07 1e+07 1e+07 1e+07 1e+07 1e+07 1e+07 1e+07 1e+07 1e+07 1e+07 1e+07 1e+07 1e+07 1e+07 1e+07 1e+07 100339 260948 308633 4.3496e+06 1e+07 429177 172718 119189 190422 281506 368699 1.72456e+06 349373 47556 143498 44356 118552 63105 23272 140791 35909 7296 25801 3970 36638 7041 13988 15671 7958 606 1744 3652 4872 2675 947 595 312 2830 10363 67 57 75 51 88 31 89 85 40 178 257 99 30 148 344 14 13 14 
0.31 1e+07 1e+07 1e+07 1e+07 1e+07 1e+07 1e+07 1e+07 1e+07 1e+07 1e+07 1e+07 1e+07 1e+07 1e+07 1e+07 1e+07 1e+07 1e+07 1e+07 1e+07 1e+07 1e+07 737554 97960 318901 102327 79680 415846 2.50652e+06 125073 206295 1.75954e+06 77691 146401 300884 35037 141714 136521 11964 47893 17221 8316 99711 63036 16433 4353 2807 2051 7657 2151 2969 3890 1264 5224 1486 1957 1257 324 373 254 82 41 119 1963 75 207 32 108 30 108 24 23 186 160 39 104 16 13 13 
