epsilon_k[0] 0.0001
epsilon_k[1] 2.18e-05
epsilon_k[2] 7.08e-05
epsilon_k[3] 2.54e-05
epsilon_k[4] 1e-05
epsilon_k[5] 7.8e-06
epsilon_k[6] 2.18e-05
omega_x0 0.168
omega_y0 0.201
dx 0.01
epsilon 16
max_turns 10000000
from_y 8
to_y 16
0.08 1e+07 1e+07 1e+07 1e+07 1e+07 1e+07 1e+07 1e+07 1e+07 1e+07 1e+07 1e+07 1e+07 1e+07 1e+07 1e+07 1e+07 1e+07 1e+07 1e+07 1e+07 1e+07 1e+07 1e+07 1e+07 1e+07 1e+07 1e+07 1e+07 1e+07 1e+07 1e+07 1e+07 1e+07 1e+07 1e+07 1e+07 1e+07 1e+07 1e+07 1e+07 1e+07 1e+07 1e+07 6.94443e+06 2.97274e+06 3.24557e+06 135257 274748 1e+07 1e+07 1e+07 1e+07 1e+07 1e+07 3.88959e+06 5.99431e+06 1e+07 73852 68121 41593 24323 2219 2363 115838 3830 1335 1327 5887 27113 1081 299 8025 3494 8026 1190 200 234 2350 106 
0.09 1e+07 1e+07 1e+07 1e+07 1e+07 1e+07 1e+07 1e+07 1e+07 1e+07 1e+07 1e+07 1e+07 1e+07 1e+07 1e+07 1e+07 1e+07 1e+07 1e+07 1e+07 1e+07 1e+07 1e+07 1e+07 1e+07 1e+07 1e+07 1e+07 1e+07 1e+07 1e+07 1e+07 1e+07 1e+07 1e+07 1e+07 1e+07 1e+07 1e+07 1e+07 1e+07 1e+07 1e+07 9.23406e+06 2.40959e+06 1.85043e+06 295034 107369 232182 1e+07 1e+07 1e+07 4.48202e+06 3.41862e+06 2.25234e+06 566471 65693 67726 38332 200744 12500 7119 18235 12401 2188 8388 27115 1851 1322 1507 9763 426 885 5731 760 1077 354 562 922 
0.1 1e+07 1e+07 1e+07 1e+07 1e+07 1e+07 1e+07 1e+07 1e+07 1e+07 1e+07 1e+07 1e+07 1e+07 1e+07 1e+07 1e+07 1e+07 1e+07 1e+07 1e+07 1e+07 1e+07 1e+07 1e+07 1e+07 1e+07 1e+07 1e+07 1e+07 1e+07 1e+07 1e+07 1e+07 1e+07 1e+07 1e+07 1e+07 1e+07 1e+07 1e+07 1e+07 1e+07 1e+07 1e+07 945979 3.62316e+06 344335 187998 799192 2.97044e+06 1.46858e+06 1e+07 1e+07 7.10025e+06 1.01822e+06 208198 103601 27516 12920 14768 217118 13872 1673 3608 2635 5766 4324 2795 1377 14020 1474 12069 414 934 114 320 377 176 400 
0.11 1e+07 1e+07 1e+07 1e+07 1e+07 1e+07 1e+07 1e+07 1e+07 1e+07 1e+07 1e+07 1e+07 1e+07 1e+07 1e+07 1e+07 1e+07 1e+07 1e+07 1e+07 1e+07 1e+07 1e+07 1e+07 1e+07 1e+07 1e+07 1e+07 1e+07 1e+07 1e+07 1e+07 1e+07 1e+07 1e+07 1e+07 1e+07 1e+07 1e+07 1e+07 1e+07 1e+07 1e+07 6.18938e+06 4.28553e+06 1.53236e+06 1.62623e+06 113943 476646 32627 335357 1.13285e+06 535109 2.36628e+06 130660 337950 45500 14715 12747 36863 22296 4165 10335 2314 1612 1052 2197 10905 2048 8828 2320 681 2204 1341 225 83 70 515 414 
0.12 1e+07 1e+07 1e+07 1e+07 1e+07 1e+07 1e+07 1e+07 1e+07 1e+07 1e+07 1e+07 1e+07 1e+07 1e+07 1e+07 1e+07 1e+07 1e+07 1e+07 1e+07 1e+07 1e+07 1e+07 1e+07 1e+07 1e+07 1e+07 1e+07 1e+07 1e+07 1e+07 1e+07 1e+07 1e+07 1e+07 1e+07 1e+07 1e+07 1e+07 1e+07 1e+07 1e+07 1e+07 6.894e+06 5.76576e+06 1.30186e+06 3.01258e+06 45216 80425 99474 394594 56000 494540 340210 194267 2.13853e+06 22380 119529 49678 9241 22013 3240 10590 2380 1182 1177 12924 79029 1442 2245 536 8105 1022 2169 8421 472 460 3911 195 
0.13 1e+07 1e+07 1e+07 1e+07 1e+07 1e+07 1e+07 1e+07 1e+07 1e+07 1e+07 1e+07 1e+07 1e+07 1e+07 1e+07 1e+07 1e+07 1e+07 1e+07 1e+07 1e+07 1e+07 1e+07 1e+07 1e+07 1e+07 1e+07 1e+07 1e+07 1e+07 1e+07 1e+07 1e+07 1e+07 1e+07 1e+07 1e+07 1e+07 1e+07 1e+07 1e+07 1e+07 1e+07 1e+07 6.04026e+06 626802 340828 1.36483e+06 1.052e+06 155469 96153 756435 240583 19302 21540 51851 34008 22327 5512 5780 2580 1201 2167 1314 3531 3325 4901 1387 4250 5174 7460 6230 799 2084 787 785 627 185 299 
0.14 1e+07 1e+07 1e+07 1e+07 1e+07 1e+07 1e+07 1e+07 1e+07 1e+07 1e+07 1e+07 1e+07 1e+07 1e+07 1e+07 1e+07 1e+07 1e+07 1e+07 1e+07 1e+07 1e+07 1e+07 1e+07 1e+07 1e+07 1e+07 1e+07 1e+07 1e+07 1e+07 1e+07 1e+07 1e+07 1e+07 1e+07 1e+07 1e+07 1e+07 1e+07 1e+07 1e+07 1e+07 2.83599e+06 3.50624e+06 1.86955e+06 396292 92407 45935 268707 66270 29459 6939 37388 65203 60805 8812 10841 7108 8166 2895 6378 949 1055 3300 2060 2231 1245 4261 880 847 581 470 473 570 208 123 398 209 
0.15 1e+07 1e+07 1e+07 1e+07 1e+07 1e+07 1e+07 1e+07 1e+07 1e+07 1e+07 1e+07 1e+07 1e+07 1e+07 1e+07 1e+07 1e+07 1e+07 1e+07 1e+07 1e+07 1e+07 1e+07 1e+07 1e+07 1e+07 1e+07 1e+07 1e+07 1e+07 1e+07 1e+07 1e+07 1e+07 1e+07 1e+07 1e+07 1e+07 1e+07 1e+07 1e+07 1e+07 3.25796e+06 1e+07 6.74956e+06 369191 1.4032e+06 329662 27370 60024 68142 31173 11078 62048 7573 18654 12268 6249 3798 2585 7996 6128 1153 2849 1939 589 819 1327 9465 3238 918 1161 1036 778 156 272 409 229 262 
