epsilon_k[0] 0.0001
epsilon_k[1] 2.18e-05
epsilon_k[2] 7.08e-05
epsilon_k[3] 2.54e-05
epsilon_k[4] 1e-05
epsilon_k[5] 7.8e-06
epsilon_k[6] 2.18e-05
omega_x0 0.168
omega_y0 0.201
dx 0.01
n_theta 100
dtheta 0.015708
epsilon 56
max_turns 10000000
from_angle 55
to_angle 60
0.863938 1e+07 1e+07 1e+07 1e+07 1e+07 1e+07 1e+07 1e+07 1e+07 1e+07 1e+07 1e+07 1e+07 1e+07 1e+07 1e+07 1e+07 1e+07 1e+07 1e+07 1e+07 1e+07 1e+07 1e+07 1e+07 1e+07 1e+07 1e+07 1e+07 6.6863e+06 3.07119e+06 2.65445e+06 456455 668389 630840 254603 4.14196e+06 1.73731e+06 338907 202549 253869 46933 11100 21541 41474 11196 5982 7724 94283 2048 13617 7463 6859 1777 1121 1873 595 219 126 438 1917 309 205 49 18 18 17 17 17 17 32 25 29 45 23 25 15 28 12 12 12 18 20 14 21 18 14 12 13 10 11 9 8 8 7 7 7 7 6 6 
0.879646 1e+07 1e+07 1e+07 1e+07 1e+07 1e+07 1e+07 1e+07 1e+07 1e+07 1e+07 1e+07 1e+07 1e+07 1e+07 1e+07 1e+07 1e+07 1e+07 1e+07 1e+07 1e+07 1e+07 1e+07 1e+07 1e+07 1e+07 1e+07 1e+07 1e+07 1e+07 4.65595e+06 1.41133e+06 292056 421144 291159 787938 1.24092e+06 117267 313221 133025 146527 19978 51024 6778 137340 51947 14149 4408 1990 7458 9084 2874 3332 1353 2384 3678 636 98 1944 209 144 96 90 112 41 95 29 28 38 45 89 39 19 16 19 13 12 13 22 19 17 15 15 13 19 11 11 10 8 8 7 7 7 7 6 6 6 6 6 
0.895354 1e+07 1e+07 1e+07 1e+07 1e+07 1e+07 1e+07 1e+07 1e+07 1e+07 1e+07 1e+07 1e+07 1e+07 1e+07 1e+07 1e+07 1e+07 1e+07 1e+07 1e+07 1e+07 1e+07 1e+07 1e+07 1e+07 1e+07 1e+07 1e+07 1e+07 1e+07 1e+07 825796 625982 1e+07 231351 1.44582e+06 141413 310546 36845 54373 25310 66470 69174 26351 4354 128201 31346 2550 10006 3111 1119 14359 1672 10478 2869 428 821 553 576 211 155 381 120 35 47 38 41 58 38 75 30 15 21 13 13 13 17 27 18 23 24 13 25 11 13 9 8 8 7 7 7 7 6 6 6 6 6 6 6 
0.911062 1e+07 1e+07 1e+07 1e+07 1e+07 1e+07 1e+07 1e+07 1e+07 1e+07 1e+07 1e+07 1e+07 1e+07 1e+07 1e+07 1e+07 1e+07 1e+07 1e+07 1e+07 1e+07 1e+07 1e+07 1e+07 1e+07 1e+07 1e+07 1e+07 1e+07 1e+07 1e+07 1e+07 2.99618e+06 251953 345834 130377 915943 301047 55869 110477 33773 21221 217114 46548 4445 5521 4246 82320 24833 2104 963 2634 19121 2247 987 1014 493 346 294 215 50 52 39 52 39 115 39 78 27 16 23 19 13 13 29 19 34 63 53 13 22 12 18 10 8 8 7 7 7 7 6 6 6 6 6 6 6 6 6 
0.92677 1e+07 1e+07 1e+07 1e+07 1e+07 1e+07 1e+07 1e+07 1e+07 1e+07 1e+07 1e+07 1e+07 1e+07 1e+07 1e+07 1e+07 1e+07 1e+07 1e+07 1e+07 1e+07 1e+07 1e+07 1e+07 1e+07 1e+07 1e+07 1e+07 1e+07 1e+07 1e+07 1e+07 3.67986e+06 720587 148952 2.11518e+06 1.58326e+06 1.32938e+06 78548 113407 43777 49630 49867 22774 11062 5124 2769 8553 1106 6815 4982 55926 1281 597 1317 473 164 504 83 134 67 220 45 81 63 322 220 55 16 21 23 14 14 26 34 198 26 14 20 18 14 12 8 8 7 7 7 7 6 6 6 6 6 6 6 6 6 6 6 
