epsilon_k[0]0.1
epsilon_k[0]2.18e-05
epsilon_k[0]7.08e-05
epsilon_k[0]2.54e-05
epsilon_k[0]1e-05
epsilon_k[0]7.8e-06
epsilon_k[0]0.218
omega_x01.05558
omega_y01.26292
dx 0.01
n_theta 100
dtheta 0.00785398
epsilon 64
max_turns 10000000
from_angle 16
to_angle 24
0.125664 1e+07 10692 3232 1545 1154 927 
0.133518 1e+07 10698 3910 1544 1157 929 
0.141372 1e+07 10627 3793 1545 1159 929 
0.149226 1e+07 10613 3605 1560 1159 929 
0.15708 1e+07 10608 3545 1574 1160 935 
0.164934 1e+07 10610 3390 1604 1160 934 
0.172788 1e+07 10609 3774 1617 1161 938 
0.180642 1e+07 10613 3724 1647 1163 954 
