epsilon_k[0] 0.1
epsilon_k[0] 2.18e-05
epsilon_k[0] 7.08e-05
epsilon_k[0] 2.54e-05
epsilon_k[0] 1e-05
epsilon_k[0] 7.8e-06
epsilon_k[0] 0.218
omega_x0 0.168
omega_y0 0.201
dx 0.01
n_theta 100
dtheta 0.00785398
epsilon 8
max_turns 10000000
from_angle 80
to_angle 88
0.628319 1e+07 1e+07 55136 3316 2220 1124 764 
0.636173 1e+07 1e+07 76715 3240 2267 976 
0.644026 1e+07 1e+07 76566 3285 2428 952 
0.65188 1e+07 1e+07 98047 3407 2642 951 
0.659734 1e+07 1e+07 184626 3509 2652 952 
0.667588 1e+07 1e+07 98859 3286 2344 993 
0.675442 1e+07 1e+07 76447 3029 2138 1379 760 
0.683296 1e+07 1e+07 57662 2984 1851 1048 715 
0.69115 1e+07 1e+07 50000 2977 1715 991 
