epsilon_k[0]0.1
epsilon_k[0]2.18e-05
epsilon_k[0]7.08e-05
epsilon_k[0]2.54e-05
epsilon_k[0]1e-05
epsilon_k[0]7.8e-06
epsilon_k[0]0.218
omega_x01.05558
omega_y01.26292
dx 0.01
n_theta 100
dtheta 0.00785398
epsilon 2
max_turns 10000000
from_angle 56
to_angle 64
0.439823 1e+07 1e+07 1e+07 1e+07 1e+07 1e+07 1e+07 4.90362e+06 3.82107e+06 520341 320600 279939 279939 110665 47027 22901 22901 16025 16025 2943 1351 1351 1351 1351 1351 1351 409 
0.447677 1e+07 1e+07 1e+07 1e+07 1e+07 1e+07 1e+07 9.71388e+06 9.71388e+06 190926 190926 190926 128020 128020 128020 128020 17766 17766 9092 7246 1927 1927 1927 1418 1418 1205 1199 414 
0.455531 1e+07 1e+07 1e+07 1e+07 1e+07 1e+07 1e+07 1e+07 1.39428e+06 1.39428e+06 780052 780052 204124 79251 79251 26452 25257 13979 13979 3945 2144 2144 1355 1346 1346 1270 1209 402 
0.463385 1e+07 1e+07 1e+07 1e+07 1e+07 1e+07 1e+07 9.65469e+06 1.72884e+06 1.72884e+06 361218 279073 279073 87766 87766 59448 18569 18569 18569 2220 2220 2220 1282 1275 1275 551 
0.471239 1e+07 1e+07 1e+07 1e+07 1e+07 1e+07 1e+07 1e+07 2.35468e+06 446295 215698 69634 69634 69634 69634 24386 23552 23552 17438 16973 16973 3486 2617 1278 1278 486 
0.479093 1e+07 1e+07 1e+07 1e+07 1e+07 1e+07 1e+07 1e+07 1e+07 1.37544e+06 174092 153271 92100 71667 28191 28191 28191 28191 28120 9955 4665 4665 2788 2788 2287 1129 406 
0.486947 1e+07 1e+07 1e+07 1e+07 1e+07 1e+07 1e+07 9.67221e+06 7.74151e+06 1.99795e+06 28265 28265 23673 23673 23673 23673 23673 23673 15314 6151 5291 1205 1202 1202 1202 486 
0.494801 1e+07 1e+07 1e+07 1e+07 1e+07 1e+07 1e+07 1e+07 6.2131e+06 2.61069e+06 386725 177576 177576 49015 47206 47206 47206 47206 9010 9010 5282 2001 1340 1340 1340 1340 482 
