epsilon_k[0] 0.0001
epsilon_k[1] 2.18e-05
epsilon_k[2] 7.08e-05
epsilon_k[3] 2.54e-05
epsilon_k[4] 1e-05
epsilon_k[5] 7.8e-06
epsilon_k[6] 2.18e-05
omega_x0 0.168
omega_y0 0.201
dx 0.01
epsilon 8
max_turns 10000000
from_y 72
to_y 80
0.72 21 21 21 149 41 119 65 93 129 210 47 39 22 17 23 101 42 17 32 28 17 42 35 9 8 8 8 7 7 7 7 7 7 7 7 6 6 6 6 6 6 6 6 6 6 6 6 6 6 6 6 6 6 6 6 6 6 6 6 7 7 7 7 7 8 9 9 14 10 9 10 23 12 11 9 8 8 8 8 8 
0.73 34 127 88 21 28 197 60 39 26 93 45 40 25 38 141 341 18 21 17 22 55 16 10 8 8 8 7 7 7 7 7 7 7 6 6 6 6 6 6 6 6 6 6 6 6 6 6 6 6 6 6 6 6 6 6 6 6 6 6 6 6 6 7 7 7 7 8 9 10 12 9 9 12 11 14 9 8 8 8 8 
0.74 71 31 310 87 23 265 28 82 29 28 40 41 36 22 26 25 37 28 31 15 55 41 9 8 8 7 7 7 7 7 7 7 6 6 6 6 6 6 6 6 6 6 6 6 6 6 6 6 6 6 6 6 6 6 6 6 6 6 6 6 6 6 6 6 7 7 7 7 8 9 21 9 9 11 11 13 9 8 8 8 
0.75 46 135 66 28 35 35 26 34 37 60 20 31 19 99 62 27 22 17 16 45 17 10 8 8 7 7 7 7 7 7 7 6 6 6 6 6 6 6 6 6 6 6 6 6 6 6 6 6 6 6 6 6 6 6 6 6 6 6 6 6 6 6 6 6 6 6 7 7 7 7 8 9 10 9 10 19 16 9 8 8 
0.76 38 74 50 21 46 92 32 33 22 42 27 15 24 21 35 44 16 26 15 36 29 9 8 8 7 7 7 7 7 6 6 6 6 6 6 6 6 6 6 6 6 6 6 6 6 6 6 6 6 6 6 6 6 6 6 6 6 6 6 6 6 6 6 6 6 6 6 6 7 7 7 8 9 14 9 9 14 14 10 8 
0.77 39 212 22 39 41 34 42 21 23 42 31 14 17 33 107 41 15 15 14 15 10 8 8 7 7 7 7 7 6 6 6 6 6 6 6 6 6 6 6 6 6 6 6 6 6 6 6 6 6 6 6 6 6 6 6 6 6 6 6 6 6 6 6 6 6 6 6 6 6 6 7 7 7 8 12 9 9 12 29 10 
0.78 17 54 72 39 46 43 30 47 29 33 30 13 16 24 18 13 14 19 51 17 9 8 7 7 7 7 7 7 6 6 6 6 6 6 6 6 6 6 6 6 6 6 6 6 6 6 6 6 6 6 6 6 6 6 6 6 6 6 6 6 6 6 6 6 6 6 6 6 6 6 6 6 7 7 8 9 9 9 17 12 
0.79 15 77 57 21 43 26 31 16 21 39 25 13 15 17 23 12 17 19 27 22 8 8 7 7 7 7 7 6 6 6 6 6 6 6 6 6 6 6 6 6 6 6 6 6 6 6 6 6 6 6 6 5 5 5 5 6 6 6 6 6 6 6 6 6 6 6 6 6 6 6 6 6 6 7 7 8 9 10 9 11 
