epsilon_k[0] 0.0001
epsilon_k[1] 2.18e-05
epsilon_k[2] 7.08e-05
epsilon_k[3] 2.54e-05
epsilon_k[4] 1e-05
epsilon_k[5] 7.8e-06
epsilon_k[6] 2.18e-05
omega_x0 0.168
omega_y0 0.201
dx 0.01
n_theta 100
dtheta 0.015708
epsilon 40
max_turns 10000000
from_angle 10
to_angle 15
0.15708 1e+07 1e+07 1e+07 1e+07 1e+07 1e+07 1e+07 1e+07 1e+07 1e+07 1e+07 1e+07 1e+07 1e+07 1e+07 1e+07 1e+07 1e+07 1e+07 1e+07 1e+07 1e+07 1e+07 1e+07 1e+07 1e+07 1e+07 1e+07 1e+07 1e+07 1e+07 1e+07 1e+07 1e+07 1e+07 1e+07 1e+07 1e+07 1e+07 1e+07 1e+07 1e+07 1e+07 1e+07 1e+07 475795 332770 833232 125725 103897 151382 301336 341671 242224 653222 6.49517e+06 749112 268806 140257 169666 11519 11734 20128 4463 7703 6641 4720 4789 5095 438 3119 939 1580 1724 749 184 650 501 98 262 230 949 225 1001 648 237 560 16 97 9 7 7 7 6 6 6 6 6 5 5 
0.172788 1e+07 1e+07 1e+07 1e+07 1e+07 1e+07 1e+07 1e+07 1e+07 1e+07 1e+07 1e+07 1e+07 1e+07 1e+07 1e+07 1e+07 1e+07 1e+07 1e+07 1e+07 1e+07 1e+07 1e+07 1e+07 1e+07 1e+07 1e+07 1e+07 1e+07 1e+07 1e+07 1e+07 1e+07 1e+07 1e+07 1e+07 1e+07 1e+07 1e+07 1e+07 1e+07 1e+07 1e+07 1e+07 392718 998642 145145 33135 91444 119303 145761 1.77397e+06 1.37618e+06 289121 63394 166053 160157 22723 14692 10403 27653 5888 5561 7838 15623 2176 786 1429 1274 5798 5726 643 2400 2158 1011 198 722 137 302 290 60 210 586 878 83 163 73 16 77 8 7 7 6 6 6 6 6 6 5 
0.188496 1e+07 1e+07 1e+07 1e+07 1e+07 1e+07 1e+07 1e+07 1e+07 1e+07 1e+07 1e+07 1e+07 1e+07 1e+07 1e+07 1e+07 1e+07 1e+07 1e+07 1e+07 1e+07 1e+07 1e+07 1e+07 1e+07 1e+07 1e+07 1e+07 1e+07 1e+07 1e+07 1e+07 1e+07 1e+07 1e+07 1e+07 1e+07 1e+07 1e+07 1e+07 1e+07 1e+07 3.903e+06 1.18925e+06 186813 110058 33455 71264 394593 52816 94207 53010 1.27429e+06 147831 177065 379339 35925 209369 22448 48974 39759 3349 7007 3972 3124 1281 3358 2398 1767 2896 4652 472 553 1959 457 346 200 95 116 338 39 72 1972 216 156 83 48 40 52 54 8 7 7 6 6 6 6 6 6 
0.204204 1e+07 1e+07 1e+07 1e+07 1e+07 1e+07 1e+07 1e+07 1e+07 1e+07 1e+07 1e+07 1e+07 1e+07 1e+07 1e+07 1e+07 1e+07 1e+07 1e+07 1e+07 1e+07 1e+07 1e+07 1e+07 1e+07 1e+07 1e+07 1e+07 1e+07 1e+07 1e+07 1e+07 1e+07 1e+07 1e+07 1e+07 1e+07 1e+07 1e+07 1e+07 1e+07 6.64437e+06 2.39653e+06 1.60962e+06 649949 506773 115833 25721 465957 79590 912226 46723 30505 228924 279918 46701 29064 30640 18612 8284 16726 6522 782 2377 2294 6859 669 2623 5648 1457 474 465 926 561 258 1342 130 530 258 93 140 47 2106 329 189 101 22 59 752 159 17 8 7 7 6 6 6 6 6 
0.219911 1e+07 1e+07 1e+07 1e+07 1e+07 1e+07 1e+07 1e+07 1e+07 1e+07 1e+07 1e+07 1e+07 1e+07 1e+07 1e+07 1e+07 1e+07 1e+07 1e+07 1e+07 1e+07 1e+07 1e+07 1e+07 1e+07 1e+07 1e+07 1e+07 1e+07 1e+07 1e+07 1e+07 1e+07 1e+07 1e+07 1e+07 1e+07 1e+07 1e+07 1e+07 6.71328e+06 1e+07 1.28619e+06 1.12286e+06 350097 239368 1.26694e+06 67073 14123 383334 346949 20422 62176 12907 55449 168223 156499 270253 17094 58500 9998 2224 10850 14949 293 3093 7354 1226 829 1620 3297 2229 532 505 1058 373 232 84 253 184 183 290 658 76 78 60 34 49 45 105 28 105 8 7 7 7 6 6 6 
0.235619 1e+07 1e+07 1e+07 1e+07 1e+07 1e+07 1e+07 1e+07 1e+07 1e+07 1e+07 1e+07 1e+07 1e+07 1e+07 1e+07 1e+07 1e+07 1e+07 1e+07 1e+07 1e+07 1e+07 1e+07 1e+07 1e+07 1e+07 1e+07 1e+07 1e+07 1e+07 1e+07 1e+07 1e+07 1e+07 1e+07 1e+07 1e+07 1e+07 1e+07 1e+07 3.81643e+06 5.22247e+06 2.78184e+06 1.43733e+06 882234 298015 149900 2.58387e+06 31660 40433 196944 103619 124656 62331 34663 6552 51725 152742 105328 30911 38246 5127 1622 3098 3927 75725 634 4860 3070 5390 479 1439 510 471 54 241 139 6240 6985 239 34 83 78 238 130 97 193 16 162 30 244 23 16 9 7 7 7 6 6 
