epsilon_k[0]0.1
epsilon_k[0]2.18e-05
epsilon_k[0]7.08e-05
epsilon_k[0]2.54e-05
epsilon_k[0]1e-05
epsilon_k[0]7.8e-06
epsilon_k[0]0.218
omega_x01.94779
omega_y02.01062
dx 0.01
n_theta 100
dtheta 0.00785398
epsilon 2
max_turns 10000000
from_angle 56
to_angle 64
0.439823 1e+07 1e+07 1e+07 1e+07 1e+07 7870 3995 3039 3039 1836 1302 1302 1302 642 
0.447677 1e+07 1e+07 1e+07 1e+07 246924 8777 3757 3038 2962 1943 1304 1304 1304 601 
0.455531 1e+07 1e+07 1e+07 1e+07 134656 8268 3574 3038 2842 2090 1301 1301 1301 599 
0.463385 1e+07 1e+07 1e+07 1e+07 224498 8191 3534 3039 2815 2121 1303 1303 1303 597 
0.471239 1e+07 1e+07 1e+07 1e+07 88207 8396 3276 3107 2849 2104 1323 1323 1323 596 
0.479093 1e+07 1e+07 1e+07 1e+07 199208 7726 3224 3058 2913 2111 1372 1304 1304 597 
0.486947 1e+07 1e+07 1e+07 1e+07 231391 7543 3205 3007 2838 2116 1391 1317 1317 654 
0.494801 1e+07 1e+07 1e+07 1e+07 32557 7543 3204 2984 2815 2134 1393 1273 1273 852 
