epsilon_k[0] 0.0001
epsilon_k[1] 2.18e-05
epsilon_k[2] 7.08e-05
epsilon_k[3] 2.54e-05
epsilon_k[4] 1e-05
epsilon_k[5] 7.8e-06
epsilon_k[6] 2.18e-05
omega_x0 0.31
omega_y0 0.32
dx 0.01
epsilon 2
max_turns 10000000
from_y 0
to_y 8
0 1e+07 1e+07 1e+07 1e+07 1e+07 1e+07 1e+07 1e+07 1e+07 1e+07 1e+07 1e+07 1e+07 1e+07 1e+07 1e+07 1e+07 1e+07 1e+07 1e+07 1e+07 1e+07 1e+07 1e+07 1e+07 1e+07 1e+07 1e+07 1e+07 1e+07 1e+07 1e+07 1e+07 1e+07 1e+07 1e+07 1e+07 1e+07 1e+07 1e+07 1e+07 1e+07 1e+07 1e+07 1e+07 1e+07 1e+07 1e+07 1e+07 1e+07 1e+07 1e+07 1e+07 775595 1e+07 1.70927e+06 1.19926e+06 3.48216e+06 52445 4237 129 2426 1742 421 256 49 161 49 647 36 26 26 43 18 16 16 16 27 13 14 
0.01 1e+07 1e+07 1e+07 1e+07 1e+07 1e+07 1e+07 1e+07 1e+07 1e+07 1e+07 1e+07 1e+07 1e+07 1e+07 1e+07 1e+07 1e+07 1e+07 1e+07 1e+07 1e+07 1e+07 1e+07 1.41944e+06 71 54 47 44 37 33 31 30 28 27 26 25 25 25 26 22 20 20 19 18 17 17 17 17 16 16 16 16 15 15 15 15 15 14 14 14 14 14 14 15 15 18 16 15 14 14 14 13 13 12 12 12 12 11 10 
0.02 1e+07 1e+07 1e+07 1e+07 1e+07 1e+07 1e+07 1e+07 1e+07 1e+07 1e+07 1e+07 1e+07 1e+07 1e+07 1e+07 1e+07 1e+07 1e+07 1e+07 1e+07 1e+07 1e+07 1e+07 1695 54 46 38 33 31 29 28 27 26 26 24 22 20 19 18 17 17 16 16 16 15 15 14 14 14 14 13 13 13 13 13 13 13 14 13 13 12 12 12 12 12 12 12 12 13 19 15 12 12 11 11 11 11 10 10 
0.03 1e+07 1e+07 1e+07 1e+07 1e+07 1e+07 1e+07 1e+07 1e+07 1e+07 1e+07 1e+07 1e+07 1e+07 1e+07 1e+07 1e+07 1e+07 1e+07 1e+07 1e+07 1e+07 1e+07 1e+07 68 47 37 33 30 29 27 27 29 23 21 20 19 18 17 16 16 16 15 15 14 14 13 13 13 13 13 13 13 13 12 12 12 12 11 11 11 11 11 11 11 11 11 11 11 11 11 12 13 12 11 11 11 10 9 9 
0.04 1e+07 1e+07 1e+07 1e+07 1e+07 1e+07 1e+07 1e+07 1e+07 1e+07 1e+07 1e+07 1e+07 1e+07 1e+07 1e+07 1e+07 1e+07 1e+07 2520 1e+07 1e+07 1e+07 1e+07 52 39 33 31 29 28 28 24 21 20 19 18 17 16 16 15 15 14 14 14 13 13 13 13 13 12 12 12 12 12 11 11 11 11 11 10 10 10 10 10 10 10 10 10 10 10 11 11 20 12 14 11 10 9 9 8 
0.05 1e+07 1e+07 1e+07 1e+07 1e+07 1e+07 1e+07 1e+07 1e+07 1e+07 1e+07 1e+07 1e+07 1e+07 1e+07 1e+07 1e+07 1e+07 1e+07 2309 1e+07 1e+07 1e+07 250059 52 35 31 29 28 27 23 21 19 18 17 17 16 16 15 15 14 14 13 13 13 13 12 12 12 12 12 11 11 11 11 11 10 10 10 10 10 10 10 10 10 10 10 10 10 10 11 12 15 12 10 9 9 9 8 8 
0.06 1e+07 1e+07 1e+07 1e+07 1e+07 1e+07 1e+07 1e+07 1e+07 1e+07 1e+07 1e+07 1e+07 1e+07 1e+07 1e+07 1e+07 1e+07 1e+07 1638 1e+07 1e+07 1e+07 71 37 32 30 29 26 22 20 19 18 17 16 16 15 15 14 14 13 13 13 13 12 12 12 12 12 11 11 11 11 10 10 10 10 10 10 10 10 10 10 10 10 10 10 10 10 11 12 11 11 10 9 9 8 8 8 8 
0.07 1e+07 1e+07 1e+07 1e+07 1e+07 1e+07 1e+07 1e+07 1e+07 1e+07 1e+07 1e+07 1e+07 1e+07 1e+07 1e+07 1e+07 1e+07 1e+07 612 1e+07 1e+07 80779 52 34 31 30 25 22 20 19 18 17 16 16 15 15 14 14 13 13 13 13 12 12 12 12 11 11 11 11 10 10 10 10 10 10 10 10 10 9 9 9 9 9 9 10 10 10 10 10 10 15 9 9 8 8 8 8 8 
