epsilon_k[0] 0.1
epsilon_k[0] 2.18e-05
epsilon_k[0] 7.08e-05
epsilon_k[0] 2.54e-05
epsilon_k[0] 1e-05
epsilon_k[0] 7.8e-06
epsilon_k[0] 0.218
omega_x0 0.168
omega_y0 0.201
dx 0.01
n_theta 100
dtheta 0.00785398
epsilon 8
max_turns 10000000
from_angle 24
to_angle 32
0.188496 1e+07 1e+07 35505 12336 4182 4182 2649 2649 988 
0.19635 1e+07 1e+07 35953 12601 4176 4176 2924 2924 952 
0.204204 1e+07 1e+07 35643 13133 4171 4171 3415 3415 949 
0.212058 1e+07 1e+07 35522 15583 4174 4174 4174 1860 1032 1032 509 
0.219911 1e+07 1e+07 37149 37149 4232 4232 4232 1478 1242 1220 494 
0.227765 1e+07 1e+07 40109 34631 4287 4287 2551 1429 1249 843 
0.235619 1e+07 1e+07 40459 18351 5139 5139 2272 1812 1232 705 
0.243473 1e+07 1e+07 41509 13801 7322 3994 2373 1707 1039 614 
