epsilon_k[0] 0.0001
epsilon_k[1] 2.18e-05
epsilon_k[2] 7.08e-05
epsilon_k[3] 2.54e-05
epsilon_k[4] 1e-05
epsilon_k[5] 7.8e-06
epsilon_k[6] 2.18e-05
omega_x0 0.168
omega_y0 0.201
dx 0.01
n_theta 100
dtheta 0.015708
epsilon 10
max_turns 10000000
from_angle 15
to_angle 20
0.235619 1e+07 1e+07 1e+07 1e+07 1e+07 1e+07 1e+07 1e+07 1e+07 1e+07 1e+07 1e+07 1e+07 1e+07 1e+07 1e+07 1e+07 1e+07 1e+07 1e+07 1e+07 1e+07 1e+07 1e+07 1e+07 1e+07 1e+07 1e+07 1e+07 1e+07 1e+07 1e+07 1e+07 1e+07 1e+07 1e+07 1e+07 1e+07 1e+07 1e+07 1e+07 1e+07 1e+07 1e+07 1e+07 1e+07 1e+07 2.94302e+06 4.06847e+06 154866 238771 376535 45350 435214 1.29375e+06 136402 397359 19975 214238 15572 72611 16634 4422 4742 11645 4533 628 1103 3562 2088 1411 498 673 3544 402 151 633 190 143 262 267 130 293 259 48 197 23 15 155 5143 75 15 16 9 7 7 7 6 6 6 
0.251327 1e+07 1e+07 1e+07 1e+07 1e+07 1e+07 1e+07 1e+07 1e+07 1e+07 1e+07 1e+07 1e+07 1e+07 1e+07 1e+07 1e+07 1e+07 1e+07 1e+07 1e+07 1e+07 1e+07 1e+07 1e+07 1e+07 1e+07 1e+07 1e+07 1e+07 1e+07 1e+07 1e+07 1e+07 1e+07 1e+07 1e+07 1e+07 1e+07 1e+07 1e+07 1e+07 1e+07 1e+07 1e+07 1e+07 1e+07 1.69985e+06 2.25815e+06 247658 28806 29417 243488 38455 279996 1.43649e+06 110455 20504 59813 4633 4455 4153 12052 1534 17187 4313 1986 1605 3906 1109 1246 2102 1946 606 85 949 461 224 143 231 203 388 205 31 27 1612 83 40 14 44 21 296 15 309 10 8 7 7 7 6 
0.267035 1e+07 1e+07 1e+07 1e+07 1e+07 1e+07 1e+07 1e+07 1e+07 1e+07 1e+07 1e+07 1e+07 1e+07 1e+07 1e+07 1e+07 1e+07 1e+07 1e+07 1e+07 1e+07 1e+07 1e+07 1e+07 1e+07 1e+07 1e+07 1e+07 1e+07 1e+07 1e+07 1e+07 1e+07 1e+07 1e+07 1e+07 1e+07 1e+07 1e+07 1e+07 1e+07 1e+07 1e+07 1e+07 1e+07 1e+07 2.1733e+06 367744 180171 74366 40513 474867 104692 48580 1.17038e+06 47075 12347 5073 16878 6112 7557 5014 1113 15340 4771 1382 618 1855 150 216 541 678 289 781 521 71 14192 271 790 195 141 134 106 26 32 231 83 68 14 223 196 45 136 111 205 8 8 7 7 
0.282743 1e+07 1e+07 1e+07 1e+07 1e+07 1e+07 1e+07 1e+07 1e+07 1e+07 1e+07 1e+07 1e+07 1e+07 1e+07 1e+07 1e+07 1e+07 1e+07 1e+07 1e+07 1e+07 1e+07 1e+07 1e+07 1e+07 1e+07 1e+07 1e+07 1e+07 1e+07 1e+07 1e+07 1e+07 1e+07 1e+07 1e+07 1e+07 1e+07 1e+07 1e+07 1e+07 1e+07 1e+07 1e+07 1e+07 1e+07 1e+07 518713 237132 65007 217518 185130 32141 48366 141051 23925 49736 8651 4034 13005 1799 6358 2356 4750 1636 4605 3114 1468 1677 662 2455 475 2845 310 112 220 215 140 475 230 102 397 27 45 40 25 62 49 32 15 14 93 81 61 14 165 33 8 8 
0.298451 1e+07 1e+07 1e+07 1e+07 1e+07 1e+07 1e+07 1e+07 1e+07 1e+07 1e+07 1e+07 1e+07 1e+07 1e+07 1e+07 1e+07 1e+07 1e+07 1e+07 1e+07 1e+07 1e+07 1e+07 1e+07 1e+07 1e+07 1e+07 1e+07 1e+07 1e+07 1e+07 1e+07 1e+07 1e+07 1e+07 1e+07 1e+07 1e+07 1e+07 1e+07 1e+07 1e+07 1e+07 1e+07 1e+07 1e+07 1e+07 3.3194e+06 1.07205e+06 84207 71703 79059 137450 36204 105220 19824 11375 149461 3926 4333 8386 953 4046 3631 3768 284 1285 621 768 833 451 7852 1215 631 433 334 263 564 250 62 744 73 173 58 44 302 281 398 88 147 23 13 22 30 41 28 14 29 35 
