epsilon_k[0] 0.0001
epsilon_k[1] 2.18e-05
epsilon_k[2] 7.08e-05
epsilon_k[3] 2.54e-05
epsilon_k[4] 1e-05
epsilon_k[5] 7.8e-06
epsilon_k[6] 2.18e-05
omega_x0 0.168
omega_y0 0.201
dx 0.001
epsilon 14
max_turns 10000000
from_y 720
to_y 800
0.72 21 21 21 21 21 21 21 20 20 20 20 20 20 20 20 20 21 21 21 21 21 22 24 81 32 80 27 55 174 74 76 26 32 108 40 35 70 214 249 542 41 41 295 134 106 78 277 173 116 144 54 92 97 74 1224 37 41 111 80 141 115 93 166 65 31 26 93 312 182 53 70 87 221 50 81 27 26 27 30 237 
0.721 21 21 21 21 21 21 21 21 21 21 20 20 20 20 20 20 20 20 21 21 21 21 21 22 395 54 79 28 40 55 52 106 26 40 38 32 35 76 117 89 109 49 41 214 61 564 98 34 34 119 60 105 69 72 76 117 43 43 48 52 442 77 188 38 102 26 270 49 105 79 99 47 86 56 75 28 26 26 32 68 
0.722 23 22 22 22 22 21 21 21 21 21 21 21 21 20 20 20 20 20 20 20 21 21 21 21 22 23 29 50 109 27 45 92 87 28 26 29 32 35 91 216 119 75 90 41 465 224 71 38 40 33 67 97 62 125 70 56 53 42 90 350 77 103 62 39 90 48 232 70 165 57 366 32 51 68 47 187 26 26 33 54 
0.723 105 113 30 146 37 23 22 22 21 21 21 21 21 21 21 21 20 20 20 20 20 21 21 21 21 21 22 25 80 52 28 31 105 51 151 26 42 46 38 80 71 87 57 147 41 80 81 41 100 39 33 163 66 115 62 75 100 136 103 48 201 198 61 11227 46 31 26 38 158 108 28 51 60 37 41 57 27 26 27 40 
0.724 42 235 30 28 184 48 74 166 24 22 22 21 21 21 21 21 21 21 20 20 20 20 20 21 21 21 21 21 22 54 50 63 46 331 43 66 26 38 78 87 114 60 157 41 54 150 55 75 212 47 71 64 56 47 356 73 33 410 193 91 54 79 65 157 138 97 26 75 131 78 27 27 31 43 98 62 28 26 26 42 
0.725 43 142 454 73 129 130 1318 29 70 37 52 23 22 22 21 21 21 21 21 21 21 20 20 20 21 21 21 21 21 22 24 79 42 27 367 63 216 26 32 912 42 94 55 69 128 54 224 72 53 45 81 59 79 136 59 59 69 49 58 68 68 67 85 58 282 147 82 40 59 60 27 27 53 82 55 33 35 27 26 39 
0.726 59 152 67 367 72 64 247 115 293 107 830 275 31 24 22 22 21 21 21 21 21 21 21 20 20 21 21 21 21 21 21 22 30 32 100 31 73 101 27 64 82 50 56 46 72 131 189 173 79 91 393 47 38 62 74 118 67 64 37 44 61 95 241 185 136 1666 32 29 103 161 27 38 27 36 100 65 95 27 26 27 
0.727 182 147 28 28 30 47 302 69 61 60 288 43 28 71 29 25 22 22 21 21 21 21 21 21 21 21 21 21 21 21 21 21 22 26 29 44 34 52 229 261 28 128 69 187 58 74 70 68 154 116 168 48 142 33 62 78 108 48 38 110 42 141 160 93 39 149 1328 26 42 366 27 52 28 54 53 155 120 28 27 26 
0.728 187 92 222 248 97 190 28 28 63 53 53 99 75 282 28 115 29 25 22 22 21 21 21 21 21 21 21 21 21 21 21 21 21 21 23 45 99 27 378 69 74 27 48 47 163 75 78 1073 44 48 58 32 66 43 50 45 70 75 103 42 48 46 78 156 131 111 70 33 50 130 27 44 67 27 43 62 69 28 27 26 
0.729 93 69 51 55 235 301 67 83 81 28 64 35 75 194 92 110 28 147 30 24 22 22 21 21 21 21 21 21 21 21 21 21 21 21 21 22 46 143 98 82 45 33 26 92 50 64 108 41 72 105 64 41 34 45 33 46 40 854 87 34 39 37 101 102 129 73 240 60 66 331 28 120 42 27 43 74 46 28 28 26 
0.73 34 34 36 40 41 104 64 142 113 41 123 29 120 34 55 76 418 103 29 486 89 23 22 21 21 21 21 21 21 21 21 21 21 21 21 21 22 24 30 131 33 83 86 26 57 210 43 194 103 141 130 88 32 74 33 43 34 59 67 148 72 360 41 98 114 42 33 100 26 66 317 58 31 83 31 60 32 27 27 27 
0.731 59 40 62 35 34 34 42 39 48 576 69 49 86 29 67 52 43 108 85 36 45 85 31 23 22 21 21 21 21 21 21 21 21 21 21 21 21 21 22 109 51 33 52 76 26 81 35 34 135 95 486 65 38 107 110 34 36 47 59 63 164 37 100 190 109 111 309 37 29 50 54 47 28 38 27 55 54 27 27 28 
0.732 60 231 151 109 82 56 34 35 34 93 53 56 48 144 120 28 130 49 70 56 59 28 539 29 26 22 22 21 21 21 21 21 21 21 21 21 21 21 21 22 1411 47 27 38 89 26 63 34 40 40 77 48 54 34 65 32 60 39 79 62 103 45 42 219 74 109 63 47 46 34 146 33 28 28 39 128 68 27 26 28 
0.733 44 130 101 45 132 54 66 43 34 46 36 65 42 60 149 286 164 30 42 125 67 66 55 29 86 88 23 22 22 21 21 21 21 21 21 21 21 21 21 21 22 24 59 27 41 154 26 64 34 87 204 284 92 206 73 82 32 40 40 34 66 56 37 51 68 128 57 42 278 26 83 29 199 79 44 40 80 27 26 27 
0.734 33 79 42 116 49 63 80 101 44 49 35 94 61 49 39 68 269 36 29 44 69 58 134 187 30 123 48 30 23 22 21 21 21 21 21 21 21 21 21 21 21 21 23 29 31 107 120 26 56 52 56 85 151 86 31 53 33 34 29 52 95 94 40 45 155 71 174 167 49 26 37 28 28 36 48 32 103 27 26 26 
0.735 30 30 31 31 44 37 37 77 145 79 149 34 40 41 42 118 42 72 65 182 65 33 51 117 59 101 28 90 29 145 22 22 21 21 21 21 21 21 21 21 21 21 21 22 55 35 47 107 26 32 59 164 133 198 110 74 36 38 28 28 76 61 48 96 111 72 122 66 32 31 53 162 35 23 125 27 36 29 26 26 
0.736 35 32 31 30 30 31 43 43 139 54 54 153 50 69 123 151 146 220 2030 289 642 29 84 41 498 58 91 53 156 43 45 24 22 22 21 21 21 21 21 21 21 21 21 21 22 99 68 293 50 28 99 143 121 187 40 37 39 34 32 27 28 34 81 241 30 69 102 81 142 154 44 52 55 22 25 60 402 33 26 26 
0.737 50 51 60 41 35 31 30 31 36 46 43 68 181 39 57 90 98 76 40 68 109 57 29 34 37 57 91 54 106 28 35 35 89 23 22 22 21 21 21 21 21 21 21 21 21 22 36 59 65 95 36 40 106 178 104 42 83 59 34 27 27 32 57 70 103 52 210 521 111 48 25 248 38 22 22 39 64 33 26 26 
0.738 37 37 54 58 37 94 45 31 30 39 64 149 39 81 98 72 222 49 61 69 365 60 109 29 37 33 120 66 71 59 51 28 58 35 41 23 22 22 21 21 21 21 21 21 21 21 21 38 42 81 52 31 34 91 99 60 48 35 34 28 27 27 74 61 41 31 83 199 71 41 38 55 27 24 21 34 41 69 26 27 
0.739 46 37 114 40 51 51 64 141 32 30 34 71 56 65 88 59 55 51 242 80 110 47 50 576 29 30 152 50 100 73 102 76 96 28 49 46 30 23 22 22 21 21 21 21 21 21 21 21 26 37 52 57 30 47 72 124 71 100 39 43 27 27 28 52 53 61 74 52 276 68 59 63 91 29 21 22 27 74 26 35 
0.74 73 44 37 38 40 68 83 90 37 47 31 32 48 4114 77 160 39 181 77 48 306 45 60 95 198 30 29 128 86 60 1082 90 77 349 48 28 49 47 116 23 22 21 21 21 21 21 21 21 21 24 64 33 28 61 40 110 396 95 30 33 27 28 28 55 128 86 194 42 51 98 48 25 96 28 21 21 51 42 26 31 
0.741 48 145 58 48 37 42 48 45 78 124 47 31 34 69 86 90 41 33 87 53 46 398 43 44 128 130 30 29 35 33 41 186 135 61 42 54 80 28 48 38 47 23 22 21 21 21 21 21 21 21 24 69 49 26 38 85 85 95 31 39 30 30 77 28 59 87 146 39 44 73 111 46 70 368 21 21 31 65 25 29 
0.742 73 56 122 120 304 37 43 57 226 37 46 48 31 52 40 38 172 45 79 58 110 139 297 57 113 70 36 29 28 66 51 59 114 65 102 180 93 53 94 28 461 46 61 22 21 21 21 21 21 21 21 24 35 77 26 73 112 41 203 27 44 28 48 45 29 182 63 35 148 98 195 84 56 33 21 21 23 36 26 29 
0.743 62 50 122 74 59 119 37 43 56 50 37 49 55 31 59 45 1293 196 39 61 51 48 261 89 50 55 202 41 29 28 37 57 33 48 113 97 229 648 157 65 35 28 94 29 23 22 21 21 21 21 21 21 26 28 48 31 42 60 66 97 122 28 715 61 29 34 101 60 64 139 81 34 26 318 22 20 21 26 29 43 
0.744 67 59 39 129 51 128 46 37 50 51 43 37 46 32 32 55 48 57 46 66 70 105 42 127 43 60 72 76 39 28 28 31 34 51 33 121 42 88 84 97 98 83 107 28 59 48 22 21 21 21 21 21 21 64 28 79 126 138 204 86 65 141 85 48 33 28 93 48 72 153 170 43 40 95 30 20 21 75 31 38 
0.745 51 46 51 71 40 94 126 40 37 180 45 60 37 61 31 48 37 67 58 34 435 68 379 60 93 55 60 56 35 31 28 28 29 39 34 52 338 33 37 82 516 112 58 128 85 28 65 24 22 21 21 21 21 21 135 55 28 46 140 95 36 90 28 43 43 38 37 113 31 84 55 145 85 105 70 20 20 39 32 29 
0.746 53 48 54 37 39 52 39 51 38 49 197 91 73 109 33 33 37 53 63 38 57 229 89 36 67 43 261 62 355 63 28 28 28 28 29 30 364 121 48 34 52 57 56 214 74 68 70 44 55 22 21 21 21 21 21 29 32 26 51 203 725 37 41 87 33 76 28 53 62 153 123 44 33 115 34 21 20 22 32 29 
0.747 25 25 37 37 52 53 261 39 39 37 50 79 54 63 47 31 42 58 38 47 59 78 54 35 122 40 57 110 255 131 28 28 28 28 28 28 28 28 28 28 28 28 28 38 99 46 167 120 85 45 23 21 21 21 21 21 45 64 29 86 217 69 27 35 51 33 33 36 41 34 68 638 101 25 111 21 20 21 38 31 
0.748 29 43 25 26 58 50 54 186 39 38 45 64 58 50 41 31 78 43 77 42 77 50 35 35 99 65 159 100 62 30 28 28 28 28 28 28 28 28 28 28 29 31 30 29 28 28 56 82 140 170 68 24 21 21 21 21 22 91 62 51 108 152 32 66 39 131 39 29 40 37 55 86 76 29 57 23 20 20 39 25 
0.749 61 26 45 26 26 66 38 63 85 38 38 79 81 149 37 33 51 37 50 47 65 95 34 36 103 39 77 76 36 28 28 28 28 28 28 28 28 28 29 56 74 55 163 85 55 101 154 28 32 54 44 28 31 21 21 21 21 22 40 26 164 78 34 26 66 143 283 60 34 58 66 84 65 63 331 280 20 20 27 26 
0.75 27 157 41 42 27 27 51 41 63 59 38 50 53 56 43 40 53 38 58 44 52 124 34 94 64 55 171 43 28 28 28 30 46 30 28 28 27 28 96 73 62 55 31 59 74 182 32 95 93 28 34 165 35 105 21 21 20 21 83 62 29 64 144 53 34 88 127 35 29 154 30 40 76 42 25 38 20 20 22 42 
0.751 23 46 43 32 40 26 32 48 44 67 39 52 124 76 45 52 32 39 61 43 52 34 34 149 39 61 42 28 28 74 120 104 57 50 35 30 28 27 29 44 102 31 63 63 41 81 48 41 264 34 89 28 157 64 29 21 21 20 21 34 50 41 44 40 26 79 186 51 111 84 48 81 39 72 30 96 21 20 21 33 
0.752 21 22 36 392 80 70 26 63 49 89 58 87 65 62 78 37 32 39 37 62 72 34 36 992 39 83 28 237 60 125 48 126 146 129 167 207 40 27 28 35 39 338 291 54 41 48 35 35 42 35 120 51 66 403 50 37 21 21 20 21 28 26 165 64 31 28 46 87 68 29 43 64 71 292 30 47 22 20 20 29 
0.753 21 21 22 29 49 27 41 33 44 50 382 92 127 69 51 293 32 37 67 43 154 34 63 44 63 28 37 74 109 86 115 45 108 62 74 168 45 94 27 28 40 32 146 35 35 51 42 40 34 33 34 110 248 35 29 71 44 21 21 20 22 31 61 98 130 26 248 89 56 47 61 57 31 62 56 170 28 20 20 30 
0.754 21 21 21 22 66 55 31 27 163 68 492 185 81 84 51 53 40 61 50 56 34 34 86 156 28 61 298 64 88 153 46 85 48 57 61 243 125 74 190 27 41 30 143 50 71 39 42 72 105 74 354 48 33 51 49 28 71 29 21 20 21 47 94 26 53 30 29 44 214 73 31 46 46 101 49 25 620 20 20 23 
0.755 22 21 21 21 23 31 27 48 70 52 97 47 2651 222 54 53 44 45 37 40 35 167 69 28 201 98 135 50 36 29 28 28 28 28 84 83 52 53 75 191 27 46 74 91 47 85 32 34 35 34 39 35 50 42 38 89 28 67 30 21 20 21 42 29 51 46 62 79 64 108 123 38 48 31 49 48 53 20 20 21 
0.756 428 22 21 21 22 45 39 45 33 92 309 60 97 146 60 41 80 47 62 57 34 56 36 50 84 76 54 28 42 39 69 32 47 78 1376 29 58 44 79 117 28 28 30 53 49 28 44 48 41 33 33 31 57 43 56 36 41 29 111 23 21 20 22 46 80 43 31 70 86 47 42 95 40 33 94 59 33 21 20 20 
0.757 104 30 22 21 21 23 146 29 83 45 143 165 104 287 42 37 55 45 53 184 93 55 29 301 115 29 49 29 45 24 23 23 23 24 32 376 45 29 31 46 118 27 49 103 76 27 34 34 35 42 39 42 37 44 33 67 60 34 29 53 22 20 20 51 26 89 88 39 85 97 125 36 743 265 155 61 25 55 20 20 
0.758 41 66 26 22 21 22 51 28 106 185 48 74 56 47 37 61 41 45 43 34 42 28 47 55 28 33 49 23 22 22 22 22 22 22 22 22 24 108 67 40 52 41 27 30 44 26 33 34 59 62 82 80 105 64 41 79 32 60 35 28 48 21 20 21 70 34 43 31 64 115 89 214 48 30 91 40 28 29 20 20 
0.759 68 41 55 22 21 21 47 128 38 68 73 88 223 52 38 32 37 33 35 196 34 33 49 28 30 23 22 22 21 21 21 21 21 21 21 22 22 22 25 34 28 99 37 27 66 28 56 38 45 64 72 119 71 78 76 35 106 53 34 35 28 96 21 20 22 74 31 57 41 36 57 182 35 98 37 588 65 65 20 19 
0.76 45 50 36 82 22 21 23 43 88 81 195 115 460 69 82 31 40 57 35 44 28 56 28 182 22 22 21 21 21 21 21 21 21 21 21 21 21 21 22 23 32 28 119 56 90 89 26 56 37 79 68 37 53 354 104 275 118 34 33 43 35 60 58 20 20 33 99 64 26 50 45 154 47 53 266 94 31 59 21 19 
0.761 31 38 35 58 22 21 22 32 30 96 102 112 114 42 47 38 52 56 254 93 77 74 30 22 21 21 21 21 21 21 21 21 21 21 21 21 21 21 21 22 22 34 28 60 27 38 26 42 45 70 107 152 115 279 104 351 72 174 52 43 40 60 115 22 20 21 42 42 69 29 82 37 206 69 43 56 406 25 96 19 
0.762 32 36 47 49 30 21 22 67 33 43 44 59 60 109 35 38 49 105 45 87 104 115 22 21 21 21 21 21 21 21 22 22 22 22 22 21 21 21 21 21 21 22 137 28 83 27 48 26 55 141 39 89 170 273 209 166 110 96 82 50 34 34 39 39 21 20 50 29 55 25 217 28 142 74 36 65 129 41 27 20 
0.763 54 31 43 894 124 22 21 40 27 113 44 48 394 52 53 34 71 34 229 154 255 23 21 21 21 21 21 22 22 23 24 57 32 25 23 22 22 22 21 21 21 21 22 52 28 381 59 26 67 61 38 162 126 498 39 80 39 96 230 42 59 34 50 154 38 20 21 45 36 92 100 28 28 298 63 61 36 24 30 20 
0.764 141 101 42 64 30 22 21 186 27 74 89 153 75 45 38 39 74 44 34 58 40 21 21 21 21 21 22 25 30 57 39 87 91 103 56 48 76 23 22 21 21 21 21 22 38 52 38 68 25 47 231 96 216 87 59 65 72 60 52 1576 530 36 34 59 36 21 20 24 29 148 27 36 34 42 55 66 123 292 121 20 
0.765 27 49 32 75 40 25 21 23 35 85 58 48 518 36 31 68 140 299 207 44 22 21 21 21 22 23 29 42 42 508 98 79 100 136 73 84 170 190 36 23 22 21 21 21 21 56 96 27 61 116 37 154 96 56 37 78 75 61 52 51 68 46 64 33 34 51 21 20 35 65 44 39 83 34 38 108 50 50 31 29 
0.766 38 42 57 70 69 29 21 22 102 53 273 76 304 50 37 48 42 28 79 22 21 21 21 22 28 214 66 223 222 54 61 35 53 73 79 34 72 292 56 29 30 22 21 21 21 21 45 50 34 25 58 164 342 85 45 62 82 62 44 38 76 52 83 35 31 83 41 20 22 28 108 85 29 37 43 36 39 71 57 27 
0.767 23 26 86 31 57 93 21 22 165 92 127 62 83 35 35 42 39 99 43 21 21 21 22 57 35 153 57 154 361 218 66 317 52 53 873 126 113 37 51 96 66 82 23 21 21 21 21 43 132 37 40 127 226 39 43 39 54 88 46 130 53 63 408 79 35 48 33 21 20 35 82 57 32 46 41 50 42 264 258 38 
0.768 22 37 46 82 38 30 22 22 81 55 1503 64 42 44 48 184 42 34 22 21 21 21 25 137 74 79 29 103 64 89 43 175 96 164 225 47 664 146 54 86 87 101 116 35 22 21 21 22 34 27 25 41 115 58 44 290 41 67 231 88 51 50 51 148 53 31 86 28 20 21 36 61 41 63 26 75 34 80 88 25 
0.769 30 22 26 64 31 74 22 22 63 80 433 321 50 36 195 34 33 49 21 21 21 23 82 83 56 187 42 277 42 87 78 54 83 39 144 62 42 56 53 55 71 98 103 312 36 22 21 21 22 41 29 71 41 167 32 37 35 59 38 79 168 59 82 47 4887 74 46 167 21 20 33 55 25 30 26 36 35 58 66 39 
0.77 35 22 73 230 52 35 22 21 48 46 40 129 170 32 61 39 100 22 21 21 22 296 70 56 196 147 101 74 60 47 116 41 45 40 35 48 40 43 35 48 42 43 130 120 162 64 22 21 21 22 45 26 41 260 50 48 40 34 60 34 43 106 38 149 60 57 30 35 47 20 21 28 51 36 41 34 56 40 69 23 
0.771 43 30 31 40 31 51 23 21 57 98 40 113 134 44 38 29 29 21 21 21 49 75 43 49 39 146 427 41 39 40 47 58 49 44 43 109 91 39 35 31 31 33 34 40 60 115 58 22 21 21 37 27 25 67 308 43 44 59 74 44 49 87 155 73 72 42 67 50 157 22 20 57 45 28 26 26 120 46 111 38 
0.772 38 37 22 195 44 61 51 21 40 66 170 110 31 47 35 64 24 21 21 22 28 41 75 45 327 128 78 38 94 56 42 101 39 34 47 62 69 46 36 94 35 31 37 33 33 69 66 31 21 21 21 51 36 231 50 37 56 52 40 103 51 33 61 51 45 54 33 31 43 34 20 21 23 29 28 53 40 81 34 94 
0.773 25 32 22 40 148 36 37 21 107 91 120 63 31 84 67 116 21 21 21 141 144 68 68 118 58 74 67 46 44 33 32 32 32 42 38 36 45 42 72 103 91 38 40 92 67 46 26 28 28 21 21 21 80 25 172 109 55 51 33 26 70 56 40 41 53 184 1010 193 62 256 22 20 32 49 28 22 134 58 46 31 
0.774 22 45 92 34 457 42 47 21 58 130 115 60 44 33 75 57 21 21 22 66 28 85 83 47 52 50 35 31 64 47 32 31 42 39 116 84 69 111 166 74 65 66 46 52 40 58 32 25 28 49 21 21 22 26 49 104 38 36 41 26 74 30 43 117 29 291 39 53 37 30 29 20 22 25 25 34 35 46 47 37 
0.775 23 39 45 23 39 47 46 21 55 254 120 64 41 73 37 23 21 21 54 38 140 87 477 65 58 45 76 1135 43 55 35 41 39 75 33 33 42 315 65 79 98 103 373 69 98 260 76 39 26 45 71 21 21 33 26 54 648 35 318 28 52 23 22 22 44 40 47 77 64 55 43 23 20 25 40 48 20 37 48 32 
0.776 24 29 44 22 44 33 72 21 44 66 45 54 30 73 154 21 21 22 82 30 41 109 171 47 34 147 61 42 37 42 41 57 61 41 41 47 48 70 37 63 57 104 36 36 40 43 53 37 33 47 50 28 21 21 35 32 78 38 57 31 34 22 22 22 22 23 55 80 127 91 31 27 20 29 180 49 20 48 35 43 
0.777 19 22 34 22 56 32 62 21 53 91 38 57 34 62 28 21 21 29 81 55 105 47 40 33 33 1333 49 43 44 44 35 222 36 65 80 76 43 35 31 62 40 32 155 117 92 189 29 34 70 34 31 28 23 21 21 30 54 31 59 40 32 22 21 22 22 22 23 98 96 40 38 52 22 20 24 25 53 20 33 45 
0.778 18 24 36 57 26 42 30 21 27 102 82 53 37 388 50 21 21 61 34 126 59 42 34 33 42 68 35 218 41 31 318 40 74 59 39 31 31 51 36 37 47 40 41 32 86 44 47 57 31 104 243 33 27 21 20 34 24 48 51 39 25 22 21 23 64 23 22 24 174 198 48 32 27 20 37 59 49 19 25 37 
0.779 17 24 28 50 27 66 70 21 27 40 45 37 45 29 21 20 23 69 59 52 71 55 33 68 41 119 27 44 64 42 39 96 52 37 64 36 43 47 64 39 106 31 38 36 47 230 75 117 100 29 55 39 51 44 21 21 51 105 35 44 32 29 21 34 55 32 28 22 36 82 55 32 38 21 20 24 64 19 22 34 
0.78 17 19 24 36 34 42 70 21 28 208 165 66 51 114 21 21 51 26 40 49 202 44 40 52 48 26 33 40 48 55 57 31 62 139 32 31 37 62 37 31 31 31 61 311 64 34 101 55 270 61 139 61 44 25 39 21 21 25 200 73 57 68 21 33 41 52 68 36 22 42 60 53 32 41 20 36 31 21 19 32 
0.781 16 18 22 28 23 46 35 21 32 86 58 30 45 67 21 21 49 617 58 97 33 55 38 35 26 37 44 81 56 62 50 39 119 38 42 30 143 60 44 59 38 38 35 31 31 39 49 44 36 106 44 46 38 39 24 45 20 32 55 37 125 25 21 263 75 41 72 63 40 22 101 72 132 41 21 21 81 33 19 49 
0.782 16 17 21 58 22 90 44 21 59 112 76 41 43 36 20 22 47 35 95 109 35 48 41 26 31 52 152 32 102 57 53 34 36 42 57 34 60 126 39 42 48 41 30 100 65 31 32 51 42 246 83 45 52 30 37 24 21 20 26 32 36 30 22 27 49 229 83 50 107 24 88 60 91 30 84 20 23 28 19 20 
0.783 16 17 24 42 22 70 189 21 31 330 39 36 48 21 20 515 37 46 63 33 40 37 34 65 147 87 32 49 37 40 43 30 34 35 70 46 35 29 31 37 29 43 43 24 54 34 41 97 39 40 45 46 63 43 30 35 31 21 21 40 31 36 27 22 124 45 31 34 44 119 22 30 37 45 35 20 30 39 20 19 
0.784 16 16 21 28 22 65 45 21 33 38 54 35 28 21 21 53 38 48 80 34 40 135 26 52 61 105 32 31 35 39 33 47 79 63 26 117 88 189 55 111 94 39 86 37 32 41 24 59 29 58 30 40 51 44 63 58 51 39 20 26 76 84 32 21 109 49 28 22 34 32 26 22 53 41 31 28 20 48 36 18 
0.785 15 16 20 27 31 187 82 21 26 32 32 41 86 20 21 38 52 193 32 59 63 26 35 65 31 43 31 29 30 51 36 57 58 51 40 45 88 25 22 21 21 21 22 35 52 32 31 30 24 52 71 66 47 211 206 56 26 29 23 20 24 64 81 23 25 27 22 26 39 60 33 33 63 40 37 116 20 30 31 18 
0.786 15 16 18 24 29 106 39 21 25 33 51 79 41 20 23 29 260 73 27 56 46 42 44 45 93 34 29 33 66 49 26 49 27 28 22 21 21 20 20 20 20 20 20 20 20 21 22 26 35 24 106 35 33 36 69 45 33 49 23 21 22 63 30 43 22 36 22 34 31 77 28 137 22 138 32 65 21 22 30 19 
0.787 15 16 17 25 62 54 46 21 26 37 38 38 29 20 53 63 61 35 46 31 26 54 45 31 35 85 35 38 33 69 45 37 22 21 21 21 21 21 21 21 21 21 21 20 20 20 20 20 21 26 25 23 43 78 36 33 28 34 33 26 20 35 60 32 21 37 24 23 37 23 34 45 44 50 42 60 64 20 50 37 
0.788 15 15 16 24 27 35 34 21 94 47 33 36 22 20 37 57 64 27 46 45 75 67 56 32 45 87 64 302 84 27 35 21 21 21 21 22 24 35 53 105 33 62 50 48 28 21 20 20 20 20 21 48 23 30 404 27 59 26 36 29 23 21 32 66 24 25 28 22 20 19 32 43 32 22 123 39 32 20 34 27 
0.789 15 15 16 25 46 25 42 21 41 46 33 215 21 20 40 393 36 149 33 44 39 46 32 31 55 54 40 110 33 22 21 21 21 22 51 50 235 65 271 33 37 26 26 26 39 44 30 30 21 20 20 20 40 29 48 33 35 79 34 28 30 20 29 41 43 21 27 31 19 17 18 29 23 36 36 50 28 46 20 36 
0.79 15 15 16 23 26 27 32 21 45 91 36 427 20 21 31 74 38 66 62 25 64 48 35 29 61 75 63 209 21 21 21 21 50 97 118 429 48 59 39 23 23 23 24 24 23 23 23 29 67 43 20 20 20 22 26 69 59 71 52 42 25 26 20 30 71 26 46 29 19 17 17 17 33 45 23 65 143 366 20 23 
0.791 15 15 16 18 27 35 50 21 61 109 42 27 20 74 76 53 26 29 52 51 60 27 88 68 143 32 28 21 20 21 22 1589 275 44 44 88 24 24 34 43 54 92 42 174 68 48 57 44 24 23 29 27 20 20 20 26 49 33 37 58 27 34 21 26 62 34 29 27 20 17 16 16 18 34 44 38 34 26 21 24 
0.792 15 15 16 17 21 28 28 21 48 79 41 39 20 40 74 61 59 27 33 40 33 31 35 33 26 411 21 20 21 22 93 123 69 139 65 24 32 47 42 25 37 42 32 28 41 28 29 28 24 68 37 22 54 20 20 20 34 32 39 40 21 40 29 20 36 28 21 22 20 17 16 16 17 23 26 23 130 35 53 20 
0.793 15 15 15 17 20 23 27 21 82 51 41 45 20 41 41 35 34 27 25 108 26 42 44 51 45 23 20 20 22 69 63 73 84 24 31 45 108 61 49 34 20 19 18 18 18 18 18 18 19 26 45 32 28 35 24 20 20 33 30 27 494 20 28 25 21 61 27 33 25 17 16 16 16 17 35 278 121 25 30 20 
0.794 15 15 15 16 19 22 28 21 61 39 49 54 20 31 102 26 28 33 35 37 25 40 56 54 31 20 20 22 94 93 52 43 24 38 73 39 201 67 19 18 18 17 17 17 17 17 17 17 17 17 18 20 46 28 22 26 20 20 28 35 26 40 20 27 20 36 26 21 24 17 16 16 16 16 18 29 22 42 29 23 
0.795 14 15 15 16 19 21 29 21 56 49 35 22 20 30 67 28 46 59 38 29 31 48 184 55 21 20 21 55 384 71 42 25 49 92 31 52 31 18 18 17 17 17 17 17 17 17 17 17 17 17 17 17 18 31 24 31 25 20 20 31 26 52 20 30 23 21 30 29 21 20 16 16 16 16 16 33 206 28 25 59 
0.796 14 15 15 16 18 21 55 21 73 33 41 21 20 79 63 39 39 25 105 25 29 40 42 23 20 20 68 55 93 52 25 40 115 128 52 19 18 18 17 17 17 17 17 17 17 17 17 17 17 17 17 17 17 17 18 39 28 29 20 20 23 26 31 19 25 20 41 27 27 24 16 16 15 16 16 17 29 22 41 25 
0.797 14 15 15 16 18 21 44 21 159 31 159 21 21 25 33 44 33 52 36 26 66 96 27 20 20 22 28 44 89 44 70 165 47 33 19 18 18 17 17 17 17 17 17 17 17 17 17 16 16 16 16 16 17 17 17 17 36 36 25 19 20 23 35 41 19 27 20 28 27 26 17 16 15 15 16 16 36 39 93 38 
0.798 14 14 15 15 17 22 34 21 42 58 116 20 43 63 36 47 27 50 28 60 45 66 21 20 20 58 135 35 53 40 281 60 46 20 18 18 17 17 17 17 17 17 17 17 17 17 17 16 16 16 16 16 16 16 16 17 17 19 42 25 19 21 29 29 19 25 21 34 28 37 18 16 15 15 15 16 17 31 22 33 
0.799 14 14 15 15 17 25 30 21 573 59 33 20 38 49 25 150 30 61 25 38 40 30 20 20 23 134 54 52 49 37 103 39 21 18 18 17 17 17 17 17 17 17 17 17 17 17 17 17 17 16 16 16 16 16 16 16 17 17 18 30 40 19 28 26 66 19 26 20 33 21 23 16 15 15 15 15 16 39 45 50 
