epsilon_k[0] 0.0001
epsilon_k[1] 2.18e-05
epsilon_k[2] 7.08e-05
epsilon_k[3] 2.54e-05
epsilon_k[4] 1e-05
epsilon_k[5] 7.8e-06
epsilon_k[6] 2.18e-05
omega_x0 0.168
omega_y0 0.201
dx 0.01
n_theta 100
dtheta 0.015708
epsilon 12
max_turns 10000000
from_angle 10
to_angle 15
0.15708 1e+07 1e+07 1e+07 1e+07 1e+07 1e+07 1e+07 1e+07 1e+07 1e+07 1e+07 1e+07 1e+07 1e+07 1e+07 1e+07 1e+07 1e+07 1e+07 1e+07 1e+07 1e+07 1e+07 1e+07 1e+07 1e+07 1e+07 1e+07 1e+07 1e+07 1e+07 1e+07 1e+07 1e+07 1e+07 1e+07 1e+07 1e+07 1e+07 1e+07 1e+07 1e+07 1e+07 1e+07 1e+07 9.72094e+06 2.14366e+06 311661 7.30048e+06 1e+07 1e+07 1e+07 1e+07 1e+07 1e+07 7.91019e+06 1.76572e+06 273415 4.59386e+06 6.39569e+06 314027 18428 9664 4230 7300 1528 7037 4924 2464 1817 4343 3629 372 706 2145 4452 1202 1470 361 255 226 963 222 26 116 434 138 67 11 8 7 7 6 6 6 6 6 5 5 5 
0.172788 1e+07 1e+07 1e+07 1e+07 1e+07 1e+07 1e+07 1e+07 1e+07 1e+07 1e+07 1e+07 1e+07 1e+07 1e+07 1e+07 1e+07 1e+07 1e+07 1e+07 1e+07 1e+07 1e+07 1e+07 1e+07 1e+07 1e+07 1e+07 1e+07 1e+07 1e+07 1e+07 1e+07 1e+07 1e+07 1e+07 1e+07 1e+07 1e+07 1e+07 1e+07 1e+07 1e+07 1e+07 1e+07 1e+07 879050 1e+07 253375 800102 1e+07 1e+07 1e+07 1e+07 1e+07 2.69574e+06 5.64135e+06 494416 277026 40861 91918 2407 15971 9328 2570 2704 691 3983 7648 732 1297 702 802 2117 479 1189 968 307 233 268 116 47 141 51 25 143 41 16 23 9 7 7 7 6 6 6 6 6 5 5 
0.188496 1e+07 1e+07 1e+07 1e+07 1e+07 1e+07 1e+07 1e+07 1e+07 1e+07 1e+07 1e+07 1e+07 1e+07 1e+07 1e+07 1e+07 1e+07 1e+07 1e+07 1e+07 1e+07 1e+07 1e+07 1e+07 1e+07 1e+07 1e+07 1e+07 1e+07 1e+07 1e+07 1e+07 1e+07 1e+07 1e+07 1e+07 1e+07 1e+07 1e+07 1e+07 1e+07 1e+07 1e+07 1e+07 1e+07 3.43903e+06 2.45135e+06 307226 220045 535595 5.2631e+06 1e+07 1e+07 3.9497e+06 875843 710563 153546 1.30406e+06 208903 8563 30164 4266 6963 3672 3615 7338 10138 1547 1838 5618 4166 826 1269 792 20088 1268 441 104 156 62 109 47 366 25 1651 57 570 15 16 8 7 7 7 6 6 6 6 6 5 
0.204204 1e+07 1e+07 1e+07 1e+07 1e+07 1e+07 1e+07 1e+07 1e+07 1e+07 1e+07 1e+07 1e+07 1e+07 1e+07 1e+07 1e+07 1e+07 1e+07 1e+07 1e+07 1e+07 1e+07 1e+07 1e+07 1e+07 1e+07 1e+07 1e+07 1e+07 1e+07 1e+07 1e+07 1e+07 1e+07 1e+07 1e+07 1e+07 1e+07 1e+07 1e+07 1e+07 1e+07 1e+07 1e+07 1e+07 2.42279e+06 323732 171079 40288 213425 359538 3.36888e+06 3.2549e+06 1e+07 1.03536e+06 254005 653271 24385 51995 36940 21795 73658 6689 2443 1812 1059 691 1250 1473 9932 3074 1146 757 8180 661 281 1510 243 320 144 100 39 47 75 17 56 52 66 16 25 8 7 7 7 6 6 6 6 6 
0.219911 1e+07 1e+07 1e+07 1e+07 1e+07 1e+07 1e+07 1e+07 1e+07 1e+07 1e+07 1e+07 1e+07 1e+07 1e+07 1e+07 1e+07 1e+07 1e+07 1e+07 1e+07 1e+07 1e+07 1e+07 1e+07 1e+07 1e+07 1e+07 1e+07 1e+07 1e+07 1e+07 1e+07 1e+07 1e+07 1e+07 1e+07 1e+07 1e+07 1e+07 1e+07 1e+07 1e+07 1e+07 1e+07 1e+07 6.91532e+06 586812 259748 922262 173786 121972 767598 7.92779e+06 198980 77519 374244 113570 15175 5042 6043 4288 7746 41964 1450 756 13849 3292 1689 2345 1539 1470 338 2321 767 337 1646 150 691 411 232 83 269 132 47 39 15 36 1676 168 16 209 8 7 7 7 6 6 6 6 
0.235619 1e+07 1e+07 1e+07 1e+07 1e+07 1e+07 1e+07 1e+07 1e+07 1e+07 1e+07 1e+07 1e+07 1e+07 1e+07 1e+07 1e+07 1e+07 1e+07 1e+07 1e+07 1e+07 1e+07 1e+07 1e+07 1e+07 1e+07 1e+07 1e+07 1e+07 1e+07 1e+07 1e+07 1e+07 1e+07 1e+07 1e+07 1e+07 1e+07 1e+07 1e+07 1e+07 1e+07 1e+07 1e+07 1e+07 4.8426e+06 4.2397e+06 163424 100018 142336 202489 150241 227334 129591 166053 82277 154347 7769 10292 17137 13005 2956 20214 2522 1421 4906 1406 1205 173 3994 868 6757 6438 119 92 199 1217 376 302 104 617 355 388 78 283 44 15 5862 67 67 15 16 9 8 7 7 6 6 6 
