epsilon_k[0] 0.0001
epsilon_k[1] 2.18e-05
epsilon_k[2] 7.08e-05
epsilon_k[3] 2.54e-05
epsilon_k[4] 1e-05
epsilon_k[5] 7.8e-06
epsilon_k[6] 2.18e-05
omega_x0 0.168
omega_y0 0.201
dx 0.001
epsilon 4
max_turns 10000000
from_y 640
to_y 720
0.64 298 208 414 325 280 819 553 180 1413 1382 230 350 220 4437 562 402 480 1364 291 542 335 906 386 165 1183 265 303 197 204 1634 798 226 293 210 73 153 73 133 166 126 146 549 79 300 115 1100 69 138 74 155 125 71 730 651 133 365 90 86 81 125 57 56 1319 130 80 143 243 266 179 63 85 108 98 309 59 457 984 175 75 184 
0.641 383 584 276 1193 194 1396 204 437 533 3363 1672 960 490 436 395 486 526 1189 321 339 111 301 261 152 292 203 153 113 123 3028 179 481 61 597 236 292 77 168 90 236 208 207 481 116 250 486 179 159 245 114 118 62 297 92 1411 357 109 90 74 45 45 77 117 68 66 56 563 211 309 301 279 128 133 259 222 228 613 104 136 148 
0.642 3522 233 340 264 219 874 444 507 368 410 669 460 1300 788 661 1823 206 355 477 343 342 361 528 116 251 425 95 90 342 161 105 225 120 5727 55 66 264 59 65 85 116 205 184 147 467 1266 143 124 149 188 118 110 126 128 81 110 268 319 262 90 45 47 43 248 72 83 103 122 160 188 141 189 139 63 84 88 992 147 102 586 
0.643 406 199 687 2176 215 1099 139 338 531 1097 412 1061 1025 1440 666 367 1129 332 473 1179 176 356 565 134 348 144 105 89 131 291 177 1826 72 220 107 510 53 182 123 158 77 588 929 231 95 186 337 151 159 173 165 185 80 72 82 239 97 64 72 51 164 250 45 112 115 93 86 102 2775 76 69 110 164 98 126 796 228 149 150 94 
0.644 181 166 278 631 328 17273 395 340 547 281 206 925 967 238 206 195 388 102 1096 129 171 190 477 195 311 142 104 95 383 100 561 180 93 267 15922 1627 127 192 202 121 98 5568 121 367 672 354 315 189 478 172 244 252 96 140 568 269 69 65 73 52 78 148 85 43 78 123 50 495 331 247 56 101 741 109 51 200 439 241 106 200 
0.645 241 144 269 265 320 358 449 320 660 700 287 620 201 1471 234 585 2608 664 449 949 949 370 433 993 15897 603 185 166 193 158 296 255 109 691 62 260 99 257 204 297 1107 104 78 94 149 382 94 956 344 103 91 264 132 81 105 124 117 147 68 53 83 96 46 39 2838 114 419 132 101 455 189 143 400 72 105 44 245 92 1262 193 
0.646 226 112 179 153 151 245 506 229 128 545 526 599 467 248 491 1115 201 1926 421 176 366 153 512 386 322 445 152 512 215 218 90 138 198 149 178 184 74 640 112 122 83 184 159 410 388 209 199 140 565 135 99 443 303 130 193 77 94 123 133 155 193 46 354 172 89 457 85 59 453 77 124 155 170 417 61 88 477 170 212 104 
0.647 216 134 801 130 100 172 94 189 618 255 275 455 205 727 497 765 1067 268 230 100 406 356 1762 252 123 389 231 493 246 672 145 97 229 228 895 237 160 1367 178 1460 305 211 84 95 64 311 132 95 229 120 293 912 728 113 118 135 157 191 67 178 167 83 118 80 40 112 220 89 405 154 158 93 220 90 126 129 464 411 163 183 
0.648 533 520 427 120 121 258 113 135 270 406 405 303 166 1002 344 1996 2917 687 343 2796 125 124 145 143 171 971 230 134 217 319 600 83 143 138 191 89 438 704 70 105 293 110 94 317 130 319 180 397 159 266 104 609 126 220 274 145 512 126 88 77 121 80 101 87 44 3575 101 71 107 185 176 56 112 141 64 64 153 305 97 57 
0.649 185 190 148 231 210 117 90 136 189 490 450 277 476 464 447 144 440 489 981 6332 215 459 297 299 221 808 158 126 105 206 148 67 2421 264 199 346 196 115 173 342 63 132 61 144 91 134 207 308 91 1431 317 61 251 227 328 125 114 351 56 163 51 405 48 67 62 49 1316 67 1619 324 187 101 81 233 88 62 94 97 77 121 
0.65 169 303 361 376 256 127 475 360 176 273 138 175 452 261 277 250 241 391 208 279 263 360 616 207 297 596 133 152 154 84 155 729 322 801 96 155 86 148 121 154 653 54 213 52 180 151 126 119 154 79 350 196 88 91 208 84 186 84 113 78 51 152 54 131 93 128 66 342 121 82 110 1667 53 380 183 121 106 180 127 79 
0.651 424 176 128 196 4501 362 353 370 896 739 1254 199 217 395 319 224 537 372 227 119 1417 5405 260 467 328 146 142 206 143 81 167 291 303 200 185 514 202 784 81 146 287 191 904 52 94 86 703 83 175 107 129 375 84 303 322 348 181 181 71 200 67 51 49 99 43 132 50 153 85 142 120 1053 213 151 377 119 217 211 364 61 
0.652 478 126 231 171 156 181 133 305 422 167 316 201 110 183 581 278 545 422 233 400 7980 9282 150 148 197 483 642 133 255 399 287 384 146 199 129 239 175 437 299 707 75 196 293 150 71 140 61 136 115 156 98 449 344 301 425 178 152 217 146 222 124 311 396 44 38 76 38 51 95 95 88 171 104 63 180 63 36 435 126 78 
0.653 173 159 153 412 278 347 167 796 162 97 214 571 119 139 133 197 244 369 354 176 4248 295 528 189 129 247 135 217 137 158 239 104 680 149 488 174 291 119 312 208 444 606 251 237 135 74 149 146 97 265 725 206 115 153 118 157 90 54 94 74 309 52 106 300 92 93 193 51 122 63 109 270 55 913 247 47 35 88 255 99 
0.654 160 177 316 286 107 215 379 103 184 156 338 158 220 199 135 104 219 164 252 170 127 655 106 276 1718 705 162 4534 237 505 106 427 147 154 211 1718 350 229 1366 419 428 108 149 219 224 286 129 226 116 85 126 206 176 245 102 1310 299 56 344 141 128 68 70 126 62 46 231 49 105 82 327 646 66 77 281 68 35 256 131 117 
0.655 104 321 340 152 1086 449 187 311 226 981 92 123 127 138 221 154 118 311 675 150 317 118 112 179 130 287 267 111 124 161 121 616 104 603 129 280 238 248 466 282 500 413 391 216 293 407 174 2980 230 238 126 240 141 105 131 273 353 90 55 81 321 227 61 124 151 42 52 40 77 52 78 806 146 46 247 67 35 128 157 186 
0.656 128 91 70 143 173 648 272 130 156 206 85 123 97 96 101 136 196 116 116 435 527 273 709 418 184 479 125 140 1602 161 183 154 163 127 612 136 216 162 381 149 173 612 513 154 968 72 139 203 4008 83 66 431 264 78 276 227 100 1431 79 80 58 162 72 158 155 136 41 77 51 65 167 587 193 86 191 49 35 157 154 88 
0.657 103 377 282 128 116 145 340 151 156 120 151 85 125 395 93 96 96 206 238 97 317 295 337 906 564 319 218 319 1436 184 251 488 148 168 176 436 145 1232 330 266 175 201 8769 339 2122 933 107 566 117 132 517 124 243 289 271 14338 62 171 133 64 57 288 65 197 618 39 33 47 59 310 118 268 141 188 85 80 35 85 156 64 
0.658 414 119 164 103 154 71 116 269 110 506 105 109 91 204 155 86 86 86 192 165 177 799 246 201 374 215 266 145 759 677 229 212 316 249 187 182 151 371 446 84 171 204 206 1191 3294 470 103 79 1102 1264 323 58 156 249 288 97 106 541 155 51 62 46 87 160 53 508 33 42 324 107 85 71 101 117 103 321 35 36 150 136 
0.659 137 66 644 114 99 124 93 278 228 247 106 174 85 168 145 136 127 87 626 113 109 355 1033 297 876 550 279 70 296 208 136 235 115 388 246 492 315 169 144 158 121 288 224 285 301 218 586 318 139 346 127 192 228 88 87 270 652 275 127 570 58 54 151 82 58 286 38 33 77 82 81 75 275 101 78 151 36 36 179 78 
0.66 414 184 241 176 91 74 135 354 498 362 225 150 85 154 159 142 95 137 93 92 608 224 139 147 2035 1515 1394 219 183 390 492 228 99 243 172 149 209 91 142 291 114 554 275 400 1118 551 369 392 156 176 141 60 110 106 274 405 159 647 213 101 51 48 45 321 53 362 69 32 64 55 160 106 210 85 146 90 57 86 176 141 
0.661 300 232 249 79 96 160 110 1569 83 151 161 77 86 123 86 219 135 103 99 209 93 109 181 223 521 698 306 454 180 210 124 429 102 158 252 120 207 131 169 142 206 192 292 341 177 224 450 189 332 127 234 187 299 129 127 102 612 262 194 178 156 66 161 114 66 59 366 32 33 40 94 140 72 58 109 360 51 343 155 178 
0.662 152 126 455 228 322 126 326 84 137 112 133 83 160 130 277 116 84 139 142 248 336 161 720 127 129 227 267 2087 411 251 249 610 210 140 228 359 215 130 105 438 230 152 170 151 209 623 345 286 148 561 293 81 158 115 58 111 134 196 220 143 72 67 51 69 94 415 61 32 32 195 112 359 117 91 135 1020 58 109 192 72 
0.663 62 101 77 221 206 105 157 181 86 113 90 183 125 154 204 138 71 535 175 324 97 138 135 91 107 205 237 430 242 179 187 262 252 130 281 150 219 161 214 107 187 123 687 156 335 130 362 458 155 186 78 145 173 392 182 211 66 131 113 185 172 93 60 70 69 181 182 36 32 57 148 230 459 343 96 128 114 62 69 101 
0.664 139 158 98 311 459 170 266 131 118 102 73 71 105 122 292 108 184 134 94 177 202 93 114 272 178 112 267 1098 560 224 214 160 530 203 343 302 134 144 190 133 2000 191 257 283 79 67 2918 103 388 136 219 131 97 113 154 134 170 74 124 1702 196 90 50 48 85 80 95 38 32 33 38 115 507 152 568 582 95 70 1632 194 
0.665 159 593 64 97 220 535 252 214 65 230 130 91 221 63 214 153 74 135 187 112 70 97 95 226 94 155 106 124 316 567 342 129 357 214 369 400 209 123 280 160 116 425 232 278 76 82 83 126 379 499 477 221 238 137 280 164 176 85 122 126 533 448 56 46 41 71 53 45 32 32 72 219 108 155 135 110 69 35 36 55 
0.666 96 168 98 396 68 73 118 90 234 127 154 62 98 198 175 93 67 163 88 112 157 126 225 102 85 107 85 142 143 252 2487 162 110 523 375 264 170 121 227 99 96 1141 230 861 170 198 526 300 100 175 165 473 200 336 313 300 152 84 123 425 119 180 74 47 69 135 86 100 32 32 52 71 51 408 107 105 115 35 85 166 
0.667 194 312 194 1539 91 109 122 229 378 302 178 147 62 96 230 127 123 155 66 103 421 108 152 162 206 85 161 2701 157 103 448 225 106 196 54 150 349 156 127 270 73 420 84 466 190 87 161 168 246 250 129 90 110 232 192 280 156 271 85 191 352 511 115 232 144 41 156 59 81 32 33 54 75 82 47 1070 53 35 65 93 
0.668 301 41 76 61 80 460 311 161 223 344 154 138 148 189 113 270 276 67 76 94 95 138 140 151 318 110 85 92 140 269 196 152 666 166 65 230 162 247 303 175 191 543 272 92 84 300 641 3217 272 177 238 185 123 1327 194 859 131 180 144 134 65 275 207 113 114 134 498 66 132 32 32 373 72 372 76 44 158 54 194 245 
0.669 111 136 48 41 135 65 2860 153 117 86 102 440 764 125 96 144 63 207 79 511 687 94 78 180 201 91 85 87 149 80 214 110 134 293 311 340 154 114 236 598 284 101 248 241 186 126 141 202 181 513 246 204 798 72 194 209 170 171 399 402 112 136 106 153 86 61 468 128 57 32 32 102 156 1105 301 139 180 62 58 204 
0.67 410 115 239 93 62 42 443 69 368 77 63 97 413 115 117 160 141 133 218 67 75 88 475 188 165 119 86 123 86 77 196 144 160 113 158 350 190 107 382 189 190 311 183 103 815 593 67 146 55 119 416 288 156 98 340 415 234 322 81 138 442 123 309 359 114 101 41 113 70 33 32 34 99 174 229 86 54 44 117 80 
0.671 69 85 444 63 46 46 70 48 85 164 172 157 211 399 87 110 108 96 213 397 79 85 62 75 116 386 342 136 169 85 398 666 324 264 153 274 153 170 228 221 127 290 99 90 104 117 53 140 255 298 576 142 791 109 130 93 199 182 385 321 190 242 104 48 221 154 80 124 73 142 33 32 45 69 134 70 129 48 153 87 
0.672 247 232 86 366 48 178 138 46 40 307 102 84 269 363 87 254 82 83 108 329 75 109 66 152 554 190 115 228 84 136 124 149 314 186 400 194 2354 163 238 793 80 541 610 132 111 169 55 55 309 394 109 196 455 593 920 184 261 146 142 184 75 570 165 299 132 125 110 71 65 44 32 32 65 60 58 40 85 71 82 374 
0.673 49 196 93 72 72 238 65 212 82 409 91 129 928 83 180 251 162 194 62 118 92 109 105 119 100 98 207 73 142 73 89 767 561 1142 240 280 95 153 75 110 82 1045 397 84 127 60 55 114 218 287 996 159 137 154 142 146 231 151 113 357 304 120 357 340 48 157 59 59 107 97 32 33 173 199 114 367 139 221 42 36 
0.674 201 112 49 275 97 184 244 66 47 129 206 40 95 168 112 124 160 153 170 146 74 96 445 104 240 213 528 119 158 121 128 103 173 124 464 116 108 297 47 810 100 151 176 90 100 77 409 63 104 73 98 97 104 210 216 118 129 364 85 181 73 57 98 281 523 288 231 68 70 233 41 40 32 287 347 197 279 283 35 42 
0.675 64 301 64 168 51 64 148 129 197 49 1045 535 141 102 115 247 86 145 197 190 222 132 159 250 316 128 170 86 198 166 121 72 92 209 375 109 453 170 91 154 175 67 225 99 219 64 145 56 147 134 147 113 325 201 135 345 141 260 145 594 706 164 74 130 59 48 525 73 68 1232 47 35 32 105 183 106 85 463 35 73 
0.676 75 57 60 69 53 74 58 91 150 143 149 136 161 83 40 335 217 175 271 189 84 85 157 337 181 145 169 159 425 67 121 128 195 321 96 545 195 1104 4921 46 287 172 490 265 241 100 141 77 2163 1055 66 253 418 447 123 177 1777 680 195 105 182 142 91 64 139 91 88 88 121 147 57 32 33 78 66 68 188 170 41 195 
0.677 87 60 76 112 56 59 61 74 51 453 67 95 81 167 83 40 63 115 149 72 285 159 261 138 429 61 660 132 136 119 181 286 93 66 118 280 93 110 146 82 74 156 144 245 185 102 80 125 165 288 144 105 157 173 130 59 278 61 101 83 383 72 63 72 101 192 170 172 51 69 233 32 40 176 229 74 51 191 42 77 
0.678 82 147 70 54 104 62 59 60 3925 76 69 226 108 41 92 142 61 68 226 312 130 250 220 71 234 1258 169 683 221 127 325 91 94 283 190 284 437 93 211 131 45 170 93 207 277 75 210 289 115 107 110 165 118 3117 238 661 70 167 58 62 55 93 116 6839 85 124 258 150 56 42 91 351 61 32 278 67 331 143 47 61 
0.679 165 99 85 69 101 74 60 70 57 101 105 89 83 120 379 232 90 123 41 140 135 82 193 89 76 286 127 434 119 128 147 79 75 310 77 90 196 367 289 146 161 50 146 167 148 308 111 110 121 103 135 41 256 130 197 72 63 586 399 167 297 272 114 60 149 67 219 124 247 84 66 79 97 32 52 232 287 137 118 84 
0.68 506 77 66 59 155 140 58 99 63 110 50 53 126 84 292 75 46 85 57 39 142 490 228 68 603 88 81 75 195 75 193 169 65 128 770 95 125 241 171 171 93 84 187 213 138 180 145 66 81 262 116 97 54 1969 86 158 371 394 341 117 205 66 893 79 169 2142 155 91 232 217 85 131 32 46 61 96 122 207 121 86 
0.681 66 160 108 66 66 68 251 82 54 439 60 79 50 210 70 95 72 116 103 45 40 60 168 83 86 110 169 163 226 82 83 118 149 74 85 89 207 108 439 244 272 286 68 66 140 436 645 120 151 183 197 41 135 65 152 102 191 276 340 103 146 56 275 80 407 87 156 309 703 84 62 49 32 64 57 119 96 59 98 238 
0.682 166 232 140 110 94 59 63 87 75 155 75 84 63 65 77 128 249 84 69 72 52 47 66 59 151 88 94 205 119 186 95 354 148 434 69 66 350 73 115 129 211 274 450 234 562 115 295 86 195 230 54 48 85 226 60 179 374 208 2378 387 252 228 275 151 227 161 240 251 268 132 60 593 60 79 32 84 195 38 146 34 
0.683 69 98 71 66 102 148 163 68 60 61 70 60 277 94 55 52 209 85 70 1700 101 40 159 72 149 78 236 88 295 77 85 128 79 249 354 67 87 91 67 375 72 105 97 115 190 126 151 153 180 244 315 61 42 210 1872 199 82 118 95 251 114 381 47 47 81 173 210 127 437 211 50 106 124 239 33 65 229 191 75 122 
0.684 69 84 154 116 85 65 66 83 184 96 66 69 61 79 272 121 56 97 90 109 124 89 40 114 64 127 138 135 220 174 103 157 71 149 91 345 112 437 184 117 218 260 69 63 96 204 326 125 250 173 427 124 40 388 133 72 167 244 141 199 102 297 361 62 166 220 212 137 217 296 117 46 47 32 473 656 216 74 55 76 
0.685 208 318 119 103 92 92 107 74 86 138 60 132 77 66 60 66 79 97 467 98 109 140 141 41 71 65 127 86 108 130 381 87 186 137 82 94 312 168 113 115 214 70 76 199 52 174 115 665 273 155 1210 76 40 95 87 53 148 313 66 210 126 110 491 58 151 208 410 104 214 52 139 54 84 42 191 41 112 110 69 59 
0.686 323 235 105 245 84 76 110 112 68 179 116 101 59 91 59 155 63 95 61 49 58 145 119 203 41 94 99 88 61 654 199 75 163 213 81 65 1025 90 377 193 88 917 103 1469 153 84 96 199 139 137 55 141 208 69 91 62 157 64 431 112 120 85 54 127 54 316 151 120 102 105 113 68 128 88 173 33 95 73 72 78 
0.687 304 127 91 93 127 76 66 91 68 129 212 82 65 92 141 97 73 57 78 72 56 104 69 242 40 40 268 107 134 66 271 170 108 86 228 101 86 365 125 95 191 66 189 262 92 77 91 167 212 111 85 428 58 79 114 63 325 44 44 110 2029 144 41 109 65 82 208 57 159 62 126 72 70 143 76 33 192 99 53 125 
0.688 702 223 278 125 264 198 168 159 82 174 66 138 74 114 80 113 100 503 237 66 74 78 53 74 85 155 40 80 1051 154 152 82 104 109 104 82 131 121 120 173 65 170 106 94 125 145 115 198 217 175 326 1223 74 210 570 192 142 119 83 169 562 298 176 248 344 124 63 162 148 76 225 73 63 93 32 113 42 202 71 91 
0.689 251 188 131 564 83 116 65 64 98 99 113 163 81 64 188 84 137 74 134 684 57 96 140 91 64 70 116 40 44 52 126 95 90 290 134 59 82 81 144 186 170 102 88 100 294 114 52 61 85 95 74 109 74 618 188 72 2072 282 314 322 44 35 135 327 42 60 100 75 57 46 70 113 52 55 39 225 110 240 44 422 
0.69 154 196 153 1070 144 141 93 141 156 268 90 112 77 150 189 65 71 85 65 92 64 106 112 628 49 95 241 328 48 44 58 80 101 221 161 127 72 94 188 138 342 396 98 107 91 277 1055 706 100 370 269 86 67 126 1141 362 75 1327 36 36 54 202 35 62 134 62 55 53 131 102 48 160 91 67 72 125 411 141 129 67 
0.691 131 262 503 596 369 130 84 147 366 114 140 80 124 181 192 383 183 122 93 107 101 59 64 75 191 71 65 120 71 100 44 53 271 98 234 115 68 60 88 93 95 78 127 247 2077 83 158 99 73 208 116 90 82 81 129 67 2078 61 149 44 43 177 137 35 59 267 56 54 60 71 257 363 643 61 149 39 32 121 421 102 
0.692 118 136 93 137 170 232 120 67 64 170 63 109 126 55 118 94 208 196 78 163 177 123 131 80 86 66 56 64 280 71 71 105 53 565 87 400 131 102 44 110 66 126 65 65 78 119 100 180 70 127 241 260 228 71 159 229 88 36 144 37 31 32 193 127 48 101 290 193 62 97 58 184 123 45 38 33 40 125 146 228 
0.693 142 137 284 209 142 273 160 177 91 109 114 55 55 139 247 331 114 1463 163 144 108 160 132 158 412 83 54 135 64 537 77 84 90 141 131 200 112 83 57 119 119 105 224 74 188 209 75 159 44 60 210 110 106 418 53 101 277 36 194 30 29 28 28 44 132 310 52 40 64 67 85 122 55 132 133 41 138 93 194 61 
0.694 40 57 127 350 124 201 138 230 167 185 94 54 56 143 217 294 132 89 504 189 268 340 138 91 147 110 87 109 62 55 64 61 98 63 153 335 120 138 46 36 43 87 177 120 296 150 153 60 53 65 99 208 326 80 181 87 38 36 182 30 29 28 28 28 521 42 66 36 80 156 85 152 45 152 49 101 94 56 91 51 
0.695 34 35 116 113 70 197 147 2024 193 140 350 118 86 110 233 86 258 138 314 467 126 226 101 239 151 95 99 182 67 54 74 89 56 40 69 146 176 192 149 298 36 100 69 187 70 71 77 105 128 46 91 176 181 191 90 111 330 36 31 30 83 29 28 27 28 47 33 67 72 123 73 105 49 76 52 552 143 33 93 78 
0.696 41 52 34 34 236 90 140 293 112 93 203 230 183 55 194 228 57 64 106 83 150 326 205 132 85 246 99 414 135 215 132 126 49 66 40 48 59 105 182 57 36 37 6887 90 176 156 285 195 1196 80 91 116 223 80 68 40 86 245 30 31 119 242 29 27 27 28 34 60 91 133 77 118 84 102 103 83 149 33 76 253 
0.697 70 63 65 39 42 34 166 150 56 900 158 99 238 145 64 395 108 95 145 109 197 99 314 131 140 110 321 194 144 106 419 145 74 78 57 81 40 91 47 152 61 39 37 63 204 109 90 316 96 95 55 276 275 207 141 61 48 220 30 261 64 53 37 29 27 27 28 74 50 72 63 138 215 72 109 60 32 69 260 156 
0.698 77 224 209 191 122 42 44 33 142 60 124 345 179 162 132 68 214 62 168 620 442 152 530 180 92 1759 198 89 92 147 112 116 101 90 70 65 62 73 163 117 98 37 43 37 72 92 75 66 93 111 292 163 262 414 73 79 56 150 30 31 59 34 46 123 28 27 27 29 34 58 51 124 162 259 48 74 51 72 350 116 
0.699 33 55 71 80 339 64 52 147 78 34 91 113 208 283 268 176 68 63 119 60 178 111 61 123 79 88 250 94 122 108 326 79 178 477 100 49 55 50 59 78 60 154 37 100 193 88 53 112 117 116 76 125 184 346 243 102 186 54 273 29 668 47 83 35 36 27 27 27 36 58 39 80 244 69 134 188 262 97 359 73 
0.7 127 600 41 33 41 64 63 104 60 43 50 34 72 254 146 471 374 80 84 57 107 97 146 66 147 98 232 299 658 516 123 688 115 2361 156 73 82 134 77 74 195 208 47 95 43 88 149 81 64 447 259 273 69 951 228 125 147 94 179 28 503 76 63 59 84 36 27 27 27 49 51 41 125 241 110 50 52 84 33 105 
0.701 31 89 91 63 115 51 78 46 67 369 144 39 34 111 63 141 587 188 334 118 126 53 66 118 91 103 478 198 375 189 124 187 4453 108 97 78 80 101 123 42 201 81 89 37 72 37 115 52 64 64 184 214 71 313 161 122 115 74 60 28 334 77 232 39 70 34 28 27 27 35 52 36 60 55 70 43 46 32 41 84 
0.702 43 32 46 30 40 414 72 200 33 96 52 54 220 45 33 40 120 298 150 177 76 54 149 344 141 260 205 221 133 146 128 237 121 173 104 149 120 205 121 69 40 80 469 101 39 92 132 164 84 102 158 372 86 9920 114 91 110 41 34 28 60 67 34 33 33 58 59 27 26 27 142 72 188 94 123 63 99 37 170 143 
0.703 26 27 41 35 36 66 30 128 123 37 32 52 112 63 63 45 35 119 215 234 107 68 84 116 91 107 70 101 110 284 149 112 70 87 105 63 90 80 168 191 40 47 81 75 47 50 176 118 52 97 91 61 43 80 243 172 172 196 54 28 77 61 33 38 44 32 125 55 27 26 28 58 90 68 83 50 92 58 63 52 
0.704 64 27 26 26 26 32 42 32 31 118 126 140 33 76 148 227 39 33 46 538 100 101 56 125 156 95 97 81 123 186 211 177 94 227 69 99 176 62 138 173 117 97 91 115 94 37 130 155 85 69 172 114 94 132 76 280 96 54 192 104 29 134 75 134 353 46 33 78 27 26 27 46 32 51 115 98 173 40 90 153 
0.705 82 47 32 66 28 26 26 27 50 90 39 85 106 37 40 109 134 108 101 128 94 170 116 133 304 151 55 170 89 99 140 156 119 68 179 59 86 59 164 137 286 61 48 127 74 63 67 67 162 52 103 87 81 177 45 140 157 104 70 49 27 77 49 67 87 61 128 70 121 27 26 27 57 39 165 335 216 69 40 34 
0.706 66 65 82 162 296 111 51 28 26 26 30 56 37 95 135 49 45 106 49 79 33 94 241 165 102 56 86 102 65 163 208 196 84 170 397 832 263 217 235 126 90 354 80 67 110 79 55 95 54 101 66 77 64 83 170 296 203 133 65 105 27 91 40 46 87 166 75 38 145 28 26 26 83 38 74 88 40 135 32 41 
0.707 70 57 186 103 170 49 55 186 34 50 26 26 28 42 51 59 54 32 40 114 42 36 89 291 262 108 552 294 333 59 134 95 160 86 78 87 115 62 147 56 141 132 390 103 42 48 131 37 58 37 101 71 100 106 109 55 229 193 122 219 29 127 65 40 110 167 141 63 32 95 27 26 27 49 43 54 266 131 77 73 
0.708 28 51 31 59 67 138 78 71 65 87 63 50 27 26 28 51 31 58 73 46 275 42 55 36 92 198 109 526 64 234 65 82 193 142 272 120 81 131 53 167 103 56 1462 126 105 100 213 99 45 51 72 105 166 138 61 163 68 59 143 80 47 28 34 39 296 104 77 475 93 59 28 26 26 57 88 105 42 50 246 97 
0.709 68 152 35 27 27 178 58 79 103 75 48 65 47 60 27 26 31 38 31 114 41 39 116 40 33 224 345 482 289 77 66 108 152 106 140 212 87 74 235 57 66 146 67 139 190 128 59 82 582 110 218 343 103 138 338 162 45 104 76 499 68 27 110 39 148 239 300 72 93 99 246 26 26 27 53 115 139 88 84 142 
0.71 202 28 40 65 37 45 28 27 72 69 85 68 41 111 70 62 27 26 38 37 60 87 44 170 40 35 102 109 123 121 64 520 50 172 197 356 328 117 339 145 117 50 95 81 78 76 93 53 44 37 63 176 84 184 68 155 79 326 108 73 33 27 129 50 96 324 65 90 145 51 48 27 26 26 38 31 239 44 65 85 
0.711 23 25 175 44 47 28 59 48 69 28 28 31 84 357 292 55 117 215 26 26 47 31 133 96 52 144 60 81 140 126 351 46 44 286 186 327 168 65 74 56 63 214 48 485 69 148 134 45 202 49 103 49 256 67 87 68 169 60 100 284 54 35 41 224 90 53 144 155 59 102 49 125 26 26 29 63 90 54 69 95 
0.712 21 21 22 22 23 24 196 91 28 55 44 85 27 40 86 139 45 48 51 71 26 28 31 47 214 45 116 104 36 266 100 136 48 41 233 156 107 141 369 85 69 151 105 48 67 72 208 90 40 72 38 37 63 51 223 92 76 87 409 100 168 58 27 85 116 149 47 60 50 69 511 208 27 26 26 65 84 63 331 62 
0.713 21 21 21 21 21 21 22 22 24 96 58 49 52 187 27 33 110 773 68 70 77 27 26 44 31 61 32 163 60 34 139 222 132 41 41 117 198 208 98 162 313 52 52 101 48 175 69 479 81 125 53 37 137 249 90 145 77 134 215 83 100 32 27 252 56 137 47 156 47 166 144 32 37 26 26 75 31 141 48 63 
0.714 21 21 21 21 21 21 21 21 21 22 23 50 50 29 68 210 27 33 286 73 54 164 105 26 27 31 70 88 57 79 34 158 345 104 40 41 91 178 79 200 57 52 118 49 56 49 70 169 141 101 98 86 56 37 61 52 108 58 84 190 260 44 138 41 76 632 193 45 229 54 44 44 75 27 26 27 35 137 91 51 
0.715 20 20 21 21 21 21 21 21 21 21 21 22 22 24 37 28 115 55 27 35 92 43 50 129 28 26 37 32 55 48 51 58 165 232 105 40 41 68 190 50 74 322 90 91 114 63 49 58 2568 65 70 102 37 111 157 48 71 64 126 261 65 225 137 28 40 415 105 50 366 156 151 375 78 28 26 26 64 129 106 40 
0.716 20 20 20 20 20 21 21 21 21 21 21 21 21 21 22 24 31 28 104 35 27 59 73 44 44 99 26 30 62 88 34 109 46 371 152 165 40 41 104 145 88 268 143 52 152 72 123 48 66 96 91 50 49 37 73 147 56 83 149 80 111 256 72 26 57 48 2345 159 43 38 43 63 59 78 26 26 30 78 161 120 
0.717 20 20 20 20 20 20 20 21 21 21 21 21 21 21 21 21 22 24 79 29 52 78 364 78 326 64 48 27 26 53 57 42 82 78 163 181 209 41 41 109 162 129 67 58 85 48 546 115 49 126 196 149 72 38 46 77 57 289 72 88 303 39 133 30 79 135 68 123 67 42 46 37 207 66 27 26 26 107 51 64 
0.718 21 21 21 21 21 21 20 20 20 21 21 21 21 21 21 21 21 21 22 24 93 36 52 27 51 54 100 51 81 26 32 45 40 57 60 62 339 409 42 42 69 102 206 63 66 64 67 76 70 65 120 365 36 42 59 48 49 173 107 56 54 46 135 468 35 58 251 57 27 50 61 37 128 65 28 26 26 152 59 67 
0.719 21 21 21 21 21 21 21 21 21 21 21 21 21 21 21 21 21 21 21 22 22 124 49 237 123 28 47 49 79 69 27 28 37 80 45 94 177 784 337 42 52 442 116 185 171 59 35 35 236 60 96 66 120 48 62 68 56 58 118 188 59 616 278 78 26 452 100 81 27 27 33 312 45 35 148 27 26 27 64 75 
