epsilon_k[0] 0.0001
epsilon_k[1] 2.18e-05
epsilon_k[2] 7.08e-05
epsilon_k[3] 2.54e-05
epsilon_k[4] 1e-05
epsilon_k[5] 7.8e-06
epsilon_k[6] 2.18e-05
omega_x0 0.168
omega_y0 0.201
dx 0.01
n_theta 100
dtheta 0.015708
epsilon 6
max_turns 10000000
from_angle 95
to_angle 101
1.49226 1e+07 1e+07 1e+07 1e+07 1e+07 1e+07 1e+07 1e+07 1e+07 1e+07 1e+07 1e+07 1e+07 1e+07 1e+07 1e+07 1e+07 1e+07 1e+07 1e+07 1e+07 1e+07 1e+07 1e+07 1e+07 1e+07 1e+07 1e+07 1e+07 1e+07 1e+07 1e+07 1e+07 1e+07 1e+07 1e+07 1e+07 1e+07 1e+07 1e+07 1e+07 1e+07 1e+07 1e+07 1e+07 1e+07 3.9129e+06 1e+07 1.07225e+06 3.35702e+06 570862 203110 71826 7773 919 16942 7668 319 1836 693 9477 573 224 122 137 242 233 121 74 114 621 60 65 84 33 157 68 677212 22 27 27 16 64 17 12 11 10 10 10 9 9 9 9 9 9 9 9 9 8 8 
1.50796 1e+07 1e+07 1e+07 1e+07 1e+07 1e+07 1e+07 1e+07 1e+07 1e+07 1e+07 1e+07 1e+07 1e+07 1e+07 1e+07 1e+07 1e+07 1e+07 1e+07 1e+07 1e+07 1e+07 1e+07 1e+07 1e+07 1e+07 1e+07 1e+07 1e+07 1e+07 1e+07 1e+07 1e+07 1e+07 1e+07 1e+07 1e+07 1e+07 1e+07 1e+07 1e+07 1e+07 1e+07 1e+07 1e+07 8.43912e+06 887649 2.84909e+06 2.0206e+06 130592 49933 177966 7911 2796 1338 1353 1934 1647 2336 346 325 755 313 119 90 127 163 109 70 105 114 68 120 21 57 94 63 52 20 16 55 20 12 11 10 10 10 10 10 9 9 9 9 9 9 9 9 9 9 
1.52367 1e+07 1e+07 1e+07 1e+07 1e+07 1e+07 1e+07 1e+07 1e+07 1e+07 1e+07 1e+07 1e+07 1e+07 1e+07 1e+07 1e+07 1e+07 1e+07 1e+07 1e+07 1e+07 1e+07 1e+07 1e+07 1e+07 1e+07 1e+07 1e+07 1e+07 1e+07 1e+07 1e+07 1e+07 1e+07 1e+07 1e+07 1e+07 1e+07 1e+07 1e+07 1e+07 1e+07 1e+07 1e+07 1e+07 1e+07 3.04323e+06 1.97855e+06 780679 921295 768856 92269 19449 17334 3065 677 856 2289 371 505 472 3368 154 311 187 490 565 115 69 125 110 65 21 28 28 21 43 31 48 17 33 39 26 13 11 11 11 10 10 10 10 10 10 10 10 10 10 11 11 
1.53938 1e+07 1e+07 1e+07 1e+07 1e+07 1e+07 1e+07 1e+07 1e+07 1e+07 1e+07 1e+07 1e+07 1e+07 1e+07 1e+07 1e+07 1e+07 1e+07 1e+07 1e+07 1e+07 1e+07 1e+07 1e+07 1e+07 1e+07 1e+07 1e+07 1e+07 1e+07 1e+07 1e+07 1e+07 1e+07 1e+07 1e+07 1e+07 1e+07 1e+07 1e+07 1e+07 1e+07 1e+07 1e+07 1e+07 1e+07 5.03004e+06 2.8489e+06 1.17811e+06 438809 2.11602e+06 217250 14142 27645 2519 3598 5678 593 475 51858 1462 2193 286 497 851 112 131 52 54 112 80 36 22 136 371 23 49 45 133 58 35 43 30 22 44 25 22 21 18 18 24 17 16 14 15 12 12 11 11 
1.55509 1e+07 1e+07 1e+07 1e+07 1e+07 1e+07 1e+07 1e+07 1e+07 1e+07 1e+07 1e+07 1e+07 1e+07 1e+07 1e+07 1e+07 1e+07 1e+07 1e+07 1e+07 1e+07 1e+07 1e+07 1e+07 1e+07 1e+07 1e+07 1e+07 1e+07 1e+07 1e+07 1e+07 1e+07 1e+07 1e+07 1e+07 1e+07 1e+07 1e+07 1e+07 1e+07 1e+07 1e+07 1e+07 1e+07 1e+07 6.43385e+06 2.7521e+06 2.44486e+06 337078 377199 2.0593e+06 81879 52509 180749 1760 9124 7551 2747 3394 2037 320 438 1357 179 164 796 49 85 36 63 21 29 48 44 53 78 213 20 80 48 34 19 17 18 18 16 13 13 12 12 12 12 13 16 15 17 23 18 
1.5708 1e+07 1e+07 1e+07 1e+07 1e+07 1e+07 1e+07 1e+07 1e+07 1e+07 1e+07 1e+07 1e+07 1e+07 1e+07 1e+07 1e+07 1e+07 1e+07 1e+07 1e+07 1e+07 1e+07 1e+07 1e+07 1e+07 1e+07 1e+07 1e+07 1e+07 1e+07 1e+07 1e+07 1e+07 1e+07 1e+07 1e+07 1e+07 1e+07 1e+07 1e+07 1e+07 1e+07 1e+07 1e+07 1e+07 1e+07 1e+07 3.39148e+06 1e+07 4.35058e+06 292774 619923 358281 51881 34722 3966 1096 1209 777 922 381 1082 6531 170 573 395 59 171 222 52 28 21 34 68 85 39 37 16 15 14 14 13 13 13 13 13 13 14 75 19 17 17 16 22 17 13 11 11 11 
1.5865 1e+07 1e+07 1e+07 1e+07 1e+07 1e+07 1e+07 1e+07 1e+07 1e+07 1e+07 1e+07 1e+07 1e+07 1e+07 1e+07 1e+07 1e+07 1e+07 1e+07 1e+07 1e+07 1e+07 1e+07 1e+07 1e+07 1e+07 1e+07 1e+07 1e+07 1e+07 1e+07 1e+07 1e+07 1e+07 1e+07 1e+07 1e+07 1e+07 1e+07 1e+07 1e+07 1e+07 1e+07 1e+07 1e+07 1e+07 1e+07 1e+07 1e+07 274608 1.32416e+06 166503 245728 296965 17368 21779 3206 37689 22512 4219 401 477 244 112 96 380 231 91 86 33 39 21 80 43 24 28 21 17 15 15 15 18 21 34 44 17 34 20 17 22 20 19 12 12 11 12 14 23 15 
