epsilon_k[0] 0.1
epsilon_k[0] 2.18e-05
epsilon_k[0] 7.08e-05
epsilon_k[0] 2.54e-05
epsilon_k[0] 1e-05
epsilon_k[0] 7.8e-06
epsilon_k[0] 0.218
omega_x0 0.28
omega_y0 0.31
dx 0.01
n_theta 100
dtheta 0.00785398
epsilon 64
max_turns 10000000
from_angle 72
to_angle 80
0.565487 1e+07 91743 11201 3836 2841 2065 1664 1412 922 
0.573341 1e+07 95506 11349 3710 2844 2077 1636 1412 928 
0.581195 1e+07 95532 11359 3684 2874 2052 1632 1417 940 
0.589049 1e+07 97243 11490 3683 2854 1983 1625 1447 1000 753 
0.596903 1e+07 93880 11426 3732 2885 1913 1647 1493 1003 753 
0.604757 1e+07 102312 11454 3602 3003 1890 1619 1547 1023 753 
0.612611 1e+07 124587 11501 3703 3002 1853 1606 1533 1024 753 
0.620465 1e+07 147808 11519 3544 3037 1844 1595 1565 1023 753 
0.628319 1e+07 93771 11517 3553 3006 1844 1594 1594 1043 755 
