epsilon_k[0] 0.0001
epsilon_k[1] 2.18e-05
epsilon_k[2] 7.08e-05
epsilon_k[3] 2.54e-05
epsilon_k[4] 1e-05
epsilon_k[5] 7.8e-06
epsilon_k[6] 2.18e-05
omega_x0 0.168
omega_y0 0.201
dx 0.01
n_theta 100
dtheta 0.015708
epsilon 30
max_turns 10000000
from_angle 50
to_angle 55
0.785398 1e+07 1e+07 1e+07 1e+07 1e+07 1e+07 1e+07 1e+07 1e+07 1e+07 1e+07 1e+07 1e+07 1e+07 1e+07 1e+07 1e+07 1e+07 1e+07 1e+07 1e+07 1e+07 1e+07 1e+07 1e+07 1e+07 1e+07 1e+07 1e+07 1e+07 1e+07 1e+07 1e+07 4.19632e+06 7.08448e+06 1e+07 790367 2.71659e+06 1e+07 256449 3.95194e+06 1.40622e+06 294920 131217 233641 47259 89441 58226 9487 7883 25166 2729 3107 3364 786 1499 219 549 195 428 105 59 61 34 69 104 33 98 85 15 12 11 11 11 10 10 10 10 10 10 10 10 10 9 9 9 9 9 9 9 9 9 10 10 10 10 11 14 15 12 
0.801106 1e+07 1e+07 1e+07 1e+07 1e+07 1e+07 1e+07 1e+07 1e+07 1e+07 1e+07 1e+07 1e+07 1e+07 1e+07 1e+07 1e+07 1e+07 1e+07 1e+07 1e+07 1e+07 1e+07 1e+07 1e+07 1e+07 1e+07 1e+07 1e+07 1e+07 1e+07 7.438e+06 7.10071e+06 3.02011e+06 2.12201e+06 2.32762e+06 5.49466e+06 3.05738e+06 3.09766e+06 1.3688e+06 683339 1.51562e+06 164600 121294 137573 20256 4285 17451 16444 443390 3936 33208 4396 6412 1966 15487 220 1168 512 87 223 403 227 546 287 218 57 20 26 54 12 12 11 11 11 10 10 10 10 10 10 10 10 10 10 11 11 13 13 13 12 15 18 12 11 11 12 15 12 11 
0.816814 1e+07 1e+07 1e+07 1e+07 1e+07 1e+07 1e+07 1e+07 1e+07 1e+07 1e+07 1e+07 1e+07 1e+07 1e+07 1e+07 1e+07 1e+07 1e+07 1e+07 1e+07 1e+07 1e+07 1e+07 1e+07 1e+07 1e+07 1e+07 1e+07 1e+07 1e+07 1e+07 1e+07 1e+07 2.73587e+06 980458 1.87472e+06 3.00262e+06 915144 922623 544069 217483 4.48256e+06 497032 71565 110586 23952 43376 70999 6613 4256 3634 2818 2305 376 945 3395 1107 429 1060 518 76 310 197 178 168 191 19 50 45 21 13 12 12 12 11 12 12 12 13 17 14 15 13 13 17 16 12 11 11 12 14 12 20 11 10 10 9 10 10 
0.832522 1e+07 1e+07 1e+07 1e+07 1e+07 1e+07 1e+07 1e+07 1e+07 1e+07 1e+07 1e+07 1e+07 1e+07 1e+07 1e+07 1e+07 1e+07 1e+07 1e+07 1e+07 1e+07 1e+07 1e+07 1e+07 1e+07 1e+07 1e+07 1e+07 1e+07 1e+07 1e+07 1e+07 4.32823e+06 5.96624e+06 4.12582e+06 1e+07 1.04224e+06 5.9528e+06 3.83619e+06 1.4588e+06 250735 116523 155639 39458 661869 20179 115591 275079 46822 4115 4601 10684 1503 860 848 6316 639 479 160 792 90 100 185 33 143 39 179 24 19 18 18 18 17 23 27 22 16 31 14 19 15 24 12 11 11 12 14 13 17 11 10 10 11 17 14 10 9 9 8 
0.84823 1e+07 1e+07 1e+07 1e+07 1e+07 1e+07 1e+07 1e+07 1e+07 1e+07 1e+07 1e+07 1e+07 1e+07 1e+07 1e+07 1e+07 1e+07 1e+07 1e+07 1e+07 1e+07 1e+07 1e+07 1e+07 1e+07 1e+07 1e+07 1e+07 1e+07 1e+07 1e+07 7.06226e+06 1e+07 1e+07 1.41884e+06 4.52615e+06 677870 2.70312e+06 2.61756e+06 207897 205483 166016 94955 25650 22754 11956 30472 88403 96211 6574 4013 1115 1135 1111 661 404 144 428 307 43 27 20 20 40 45 34 233 44 68 120 24 17 17 25 15 47 29 15 22 12 12 12 14 15 14 18 12 12 14 12 12 10 10 9 8 8 7 7 7 
