epsilon_k[0] 0.0001
epsilon_k[1] 2.18e-05
epsilon_k[2] 7.08e-05
epsilon_k[3] 2.54e-05
epsilon_k[4] 1e-05
epsilon_k[5] 7.8e-06
epsilon_k[6] 2.18e-05
omega_x0 0.168
omega_y0 0.201
dx 0.01
epsilon 16
max_turns 10000000
from_y 40
to_y 48
0.4 1e+07 1e+07 1e+07 1e+07 1e+07 1e+07 1e+07 1e+07 1.49774e+06 1e+07 1.54425e+06 599989 23851 44097 26069 29959 45622 6063 6889 59145 6780 15160 31743 6161 3003 5719 2819 16487 2463 3230 5193 1575 2751 3490 2593 2951 3291 573 1150 5065 1311 575 924 485 356 434 328 327 94 372 481 50 43 95 143 604 93 117 249 159 93 39 101 175 48 37 37 29 98 52 68 146 185 259 65 150 38 28 38 70 
0.41 1e+07 1e+07 1e+07 1e+07 1e+07 1e+07 1e+07 1e+07 444955 1e+07 177959 251376 93097 13676 107666 173240 51789 47340 10627 14472 1624 3742 2656 3396 7010 14166 5660 1133 1746 3030 1751 2282 3871 2489 6530 5215 2000 344 295 1104 256 675 158 125 371 1044 51 309 59 78 84 54 561 73 181 50 201 339 563 181 194 47 56 27 37 48 28 41 31 63 68 313 254 79 55 86 32 33 38 56 
0.42 1e+07 1e+07 1e+07 1e+07 1e+07 1e+07 9.86704e+06 3.56212e+06 4.92401e+06 859695 134654 46457 41511 19540 56259 5265 9648 4177 2514 10229 2892 2543 5810 4828 912 5001 3466 1343 5326 2024 3743 5887 1391 307 1757 791 1345 408 337 1773 436 192 651 176 81 125 136 113 425 148 409 166 831 138 69 768 143 166 198 377 36 79 96 27 42 28 24 62 60 216 66 91 153 54 22 51 24 62 88 81 
0.43 1e+07 1e+07 1e+07 1e+07 7.60949e+06 1e+07 8.68161e+06 1.45016e+06 1.12827e+06 270654 101697 40045 49586 21923 68216 58290 33537 11376 7223 13905 1497 1348 674 1695 4921 7706 4045 899 3786 56483 2584 2346 2334 2691 3456 520 395 263 918 2527 458 257 38 598 125 112 374 340 40 54 42 44 45 109 127 64 217 69 236 453 194 92 50 84 28 64 67 51 65 29 107 51 67 31 47 42 37 17 15 17 
0.44 1e+07 1e+07 1e+07 3.15142e+06 1e+07 5.55303e+06 1.43355e+06 570559 378123 131587 72194 304289 19217 19085 21150 3748 9769 15726 3651 2582 1087 1341 934 8510 1488 1321 1812 2920 2509 2535 2270 1011 3890 1740 787 321 581 147 364 120 1420 86 130 56 86 33 80 108 51 133 185 181 50 102 25 223 118 283 384 125 269 64 82 55 241 44 26 28 51 126 55 41 79 91 23 18 26 29 25 18 
0.45 9.46017e+06 1e+07 3.17704e+06 7.68479e+06 1e+07 2.81996e+06 4.99662e+06 306318 70674 505235 27276 31969 12235 11994 3836 27401 19684 1541 4107 2189 8311 6446 1247 7334 1252 3500 5885 12492 9174 3080 5461 4370 1658 1738 21095 588 400 112 219 62 101 28 128 111 67 138 121 465 85 107 58 461 56 54 1207 132 19 47 37 145 42 230 55 253 88 33 59 28 44 22 61 39 49 21 18 58 35 19 19 23 
0.46 1e+07 1e+07 1e+07 1.18942e+06 1.30538e+06 199186 833069 352271 30385 15678 15351 9205 35557 31038 9542 12150 1985 2375 4404 1992 6291 2776 2371 993 1695 9203 3833 2974 4875 2957 3677 479 1904 1576 188 415 57 257 40 329 60 21 160 8662 97 712 41 174 170 21 36 26 226 123 141 44 26 18 24 123 163 30 59 35 148 67 30 58 29 38 73 58 64 44 51 46 19 28 17 34 
0.47 2.41988e+06 2.24119e+06 3.05378e+06 2.36261e+06 817272 858101 1.83904e+06 97924 15093 11488 23598 6265 25967 9812 3300 4487 4302 2877 3616 1518 1291 2034 3235 8345 7468 18080 5995 1931 1148 673 653 227 523 344 337 187 89 117 305 349 78 19 219 33 305 57 132 19 79 149 45 267 44 19 105 48 186 78 18 1044 85 28 24 109 45 106 29 101 42 256 21 207 121 25 33 22 17 40 49 11 
