epsilon_k[0] 0.1
epsilon_k[0] 2.18e-05
epsilon_k[0] 7.08e-05
epsilon_k[0] 2.54e-05
epsilon_k[0] 1e-05
epsilon_k[0] 7.8e-06
epsilon_k[0] 0.218
omega_x0 0.168
omega_y0 0.201
dx 0.01
n_theta 100
dtheta 0.00785398
epsilon 64
max_turns 10000000
from_angle 56
to_angle 64
0.439823 1e+07 19375 3932 2812 1351 1328 1328 1328 779 
0.447677 1e+07 20028 3973 2883 1416 1361 1361 1361 798 
0.455531 1e+07 20367 4147 2895 1414 1405 1405 1405 854 
0.463385 1e+07 21191 5909 2920 1445 1440 1440 1440 908 
0.471239 1e+07 21449 6746 2902 1547 1492 1492 1492 871 
0.479093 1e+07 22325 9756 2881 1483 1483 1483 1483 935 
0.486947 1e+07 22858 14423 2880 1539 1539 1539 1539 992 
0.494801 1e+07 24043 14438 2880 1511 1511 1511 1511 1151 506 
