epsilon_k[0]0.1
epsilon_k[0]2.18e-05
epsilon_k[0]7.08e-05
epsilon_k[0]2.54e-05
epsilon_k[0]1e-05
epsilon_k[0]7.8e-06
epsilon_k[0]0.218
omega_x01.05558
omega_y01.26292
dx 0.01
n_theta 100
dtheta 0.00785398
epsilon 2
max_turns 10000000
from_angle 32
to_angle 40
0.251327 1e+07 1e+07 1e+07 1e+07 1e+07 1e+07 1e+07 1e+07 1.69907e+06 1.69907e+06 1.69907e+06 1.06045e+06 1.06045e+06 707772 36867 36867 36867 16900 16900 9164 2614 2614 1063 1063 1063 874 
0.259181 1e+07 1e+07 1e+07 1e+07 1e+07 1e+07 1e+07 1e+07 3.38709e+06 1.12375e+06 1.12375e+06 284136 284136 284136 115939 27249 27249 17766 17766 11545 1420 1420 1420 1420 1203 481 
0.267035 1e+07 1e+07 1e+07 1e+07 1e+07 1e+07 1e+07 1e+07 1e+07 2.4282e+06 2.4282e+06 297303 297303 297303 29924 29924 18712 18712 18712 4680 2751 2144 2069 1347 1347 481 
0.274889 1e+07 1e+07 1e+07 1e+07 1e+07 1e+07 1e+07 1e+07 206788 206788 206788 206788 206788 206788 74201 74201 28658 28658 28658 5622 1421 1421 1421 1421 340 
0.282743 1e+07 1e+07 1e+07 1e+07 1e+07 1e+07 1e+07 1e+07 1.75582e+06 751332 213171 213171 213171 213171 82953 79261 7425 7425 7425 4748 2068 2068 551 
0.290597 1e+07 1e+07 1e+07 1e+07 1e+07 1e+07 1e+07 1e+07 931573 397741 397741 174594 174594 174594 89680 75852 62988 27324 18414 6261 1419 1419 1419 1419 391 
0.298451 1e+07 1e+07 1e+07 1e+07 1e+07 1e+07 1e+07 1e+07 2.2801e+06 298243 298243 298243 298243 298243 78361 78361 7279 4825 4825 4825 2939 2939 482 
0.306305 1e+07 1e+07 1e+07 1e+07 1e+07 1e+07 1e+07 1e+07 1e+07 727897 727897 488140 361394 321218 87680 48233 16595 16595 16595 16595 2007 1784 1784 342 
