epsilon_k[0] 0.1
epsilon_k[0] 2.18e-05
epsilon_k[0] 7.08e-05
epsilon_k[0] 2.54e-05
epsilon_k[0] 1e-05
epsilon_k[0] 7.8e-06
epsilon_k[0] 0.218
omega_x0 0.28
omega_y0 0.31
dx 0.01
n_theta 100
dtheta 0.00785398
epsilon 4
max_turns 10000000
from_angle 24
to_angle 32
0.188496 1e+07 11043 5389 4032 4032 3720 3720 3496 625 
0.19635 1e+07 10978 5161 4031 4031 4020 4020 3476 754 
0.204204 1e+07 11028 5146 4083 4068 4068 4068 4068 624 
0.212058 1e+07 11043 5143 4033 4032 4032 3409 3409 624 
0.219911 1e+07 11045 5401 4097 4097 4097 3481 3481 626 
0.227765 1e+07 11171 5479 4098 4098 4098 3053 3053 644 
0.235619 1e+07 11911 5800 4099 4099 4099 2943 2943 679 
0.243473 1e+07 11896 5837 4103 4103 4103 2675 2675 630 
