epsilon_k[0] 0.0001
epsilon_k[1] 2.18e-05
epsilon_k[2] 7.08e-05
epsilon_k[3] 2.54e-05
epsilon_k[4] 1e-05
epsilon_k[5] 7.8e-06
epsilon_k[6] 2.18e-05
omega_x0 0.168
omega_y0 0.201
dx 0.01
n_theta 100
dtheta 0.015708
epsilon 8
max_turns 10000000
from_angle 95
to_angle 101
1.49226 1e+07 1e+07 1e+07 1e+07 1e+07 1e+07 1e+07 1e+07 1e+07 1e+07 1e+07 1e+07 1e+07 1e+07 1e+07 1e+07 1e+07 1e+07 1e+07 1e+07 1e+07 1e+07 1e+07 1e+07 1e+07 1e+07 1e+07 1e+07 1e+07 1e+07 1e+07 1e+07 1e+07 1e+07 1e+07 1e+07 1e+07 1e+07 1e+07 1e+07 1e+07 1e+07 1e+07 1e+07 1e+07 1e+07 7.55988e+06 1.49145e+06 417079 243080 143189 18410 65344 10374 2384 2549 1077 490 2020 796 1011 513 106 198 98 218 86 599 144 115 242 55 88 114 38 191 187 143 21 28 42 16 56 17 12 11 10 10 10 9 9 9 9 9 9 9 9 9 8 8 
1.50796 1e+07 1e+07 1e+07 1e+07 1e+07 1e+07 1e+07 1e+07 1e+07 1e+07 1e+07 1e+07 1e+07 1e+07 1e+07 1e+07 1e+07 1e+07 1e+07 1e+07 1e+07 1e+07 1e+07 1e+07 1e+07 1e+07 1e+07 1e+07 1e+07 1e+07 1e+07 1e+07 1e+07 1e+07 1e+07 1e+07 1e+07 1e+07 1e+07 1e+07 1e+07 1e+07 1e+07 1e+07 1e+07 1e+07 5.57194e+06 1e+07 488456 605490 151755 730744 312229 25408 1397 824 19753 464 2023 1160 3298 702 386 172 1119 603 337 152 204 94 218 47 82 147 21 112 49 121 39 20 16 34 27 12 11 10 10 10 10 10 9 9 9 9 9 9 9 9 9 9 
1.52367 1e+07 1e+07 1e+07 1e+07 1e+07 1e+07 1e+07 1e+07 1e+07 1e+07 1e+07 1e+07 1e+07 1e+07 1e+07 1e+07 1e+07 1e+07 1e+07 1e+07 1e+07 1e+07 1e+07 1e+07 1e+07 1e+07 1e+07 1e+07 1e+07 1e+07 1e+07 1e+07 1e+07 1e+07 1e+07 1e+07 1e+07 1e+07 1e+07 1e+07 1e+07 1e+07 1e+07 1e+07 1e+07 6.60421e+06 1e+07 2.06328e+06 1.19246e+06 2.10817e+06 990259 557583 732807 203863 5454 1911 1590 1470 569 523 1560 1165 352 177 90 91 96 105 164 180 178 308 52 21 32 28 22 33 31 35 17 26 38 23 13 11 11 11 10 10 10 10 10 10 10 10 10 10 11 11 
1.53938 1e+07 1e+07 1e+07 1e+07 1e+07 1e+07 1e+07 1e+07 1e+07 1e+07 1e+07 1e+07 1e+07 1e+07 1e+07 1e+07 1e+07 1e+07 1e+07 1e+07 1e+07 1e+07 1e+07 1e+07 1e+07 1e+07 1e+07 1e+07 1e+07 1e+07 1e+07 1e+07 1e+07 1e+07 1e+07 1e+07 1e+07 1e+07 1e+07 1e+07 1e+07 1e+07 1e+07 1e+07 1e+07 1e+07 1e+07 1e+07 7.54586e+06 1.03358e+06 529462 635445 206691 110373 11528 3161 1562 873 465 226 1121 445 1747 259 702 293 176 349 52 60 65 139 91 22 40 71 23 41 71 40 42 35 54 72 22 31 22 23 33 18 18 20 17 18 14 15 12 12 11 11 
1.55509 1e+07 1e+07 1e+07 1e+07 1e+07 1e+07 1e+07 1e+07 1e+07 1e+07 1e+07 1e+07 1e+07 1e+07 1e+07 1e+07 1e+07 1e+07 1e+07 1e+07 1e+07 1e+07 1e+07 1e+07 1e+07 1e+07 1e+07 1e+07 1e+07 1e+07 1e+07 1e+07 1e+07 1e+07 1e+07 1e+07 1e+07 1e+07 1e+07 1e+07 1e+07 1e+07 1e+07 1e+07 1e+07 1e+07 1e+07 9.3204e+06 9.09634e+06 9.64186e+06 4.67201e+06 804536 246558 162794 30807 30952 2207 915 1837 491 2936 661 263 2364 282 282 681 210 73 136 131 44 20 29 42 57 44 39 42 20 25 28 27 19 17 17 18 16 13 13 12 12 12 12 13 16 15 17 18 20 
1.5708 1e+07 1e+07 1e+07 1e+07 1e+07 1e+07 1e+07 1e+07 1e+07 1e+07 1e+07 1e+07 1e+07 1e+07 1e+07 1e+07 1e+07 1e+07 1e+07 1e+07 1e+07 1e+07 1e+07 1e+07 1e+07 1e+07 1e+07 1e+07 1e+07 1e+07 1e+07 1e+07 1e+07 1e+07 1e+07 1e+07 1e+07 1e+07 1e+07 1e+07 1e+07 1e+07 1e+07 1e+07 1e+07 1e+07 1e+07 1e+07 6.21659e+06 2.70124e+06 1.34909e+06 4.69561e+06 383896 161463 13893 14913 10103 9164 3944 607 628 391 1107 1691 230 514 453 83 215 193 52 28 21 34 71 46 38 39 17 15 14 14 13 13 13 13 13 13 14 33 18 16 17 16 23 31 13 12 11 11 
1.5865 1e+07 1e+07 1e+07 1e+07 1e+07 1e+07 1e+07 1e+07 1e+07 1e+07 1e+07 1e+07 1e+07 1e+07 1e+07 1e+07 1e+07 1e+07 1e+07 1e+07 1e+07 1e+07 1e+07 1e+07 1e+07 1e+07 1e+07 1e+07 1e+07 1e+07 1e+07 1e+07 1e+07 1e+07 1e+07 1e+07 1e+07 1e+07 1e+07 1e+07 1e+07 1e+07 1e+07 1e+07 1e+07 1e+07 1e+07 1e+07 3.08804e+06 5.62849e+06 403506 558168 162513 123494 68830 11961 10096 12457 14045 13926 865 701 561 247 120 377 343 104 100 94 72 70 21 274 33 24 27 21 17 15 15 15 17 32 52 75 17 23 18 17 20 29 18 12 12 11 12 14 43 15 
