epsilon_k[0] 0.0001
epsilon_k[1] 2.18e-05
epsilon_k[2] 7.08e-05
epsilon_k[3] 2.54e-05
epsilon_k[4] 1e-05
epsilon_k[5] 7.8e-06
epsilon_k[6] 2.18e-05
omega_x0 0.168
omega_y0 0.201
dx 0.01
n_theta 100
dtheta 0.015708
epsilon 12
max_turns 10000000
from_angle 30
to_angle 35
0.471239 1e+07 1e+07 1e+07 1e+07 1e+07 1e+07 1e+07 1e+07 1e+07 1e+07 1e+07 1e+07 1e+07 1e+07 1e+07 1e+07 1e+07 1e+07 1e+07 1e+07 1e+07 1e+07 1e+07 1e+07 1e+07 1e+07 1e+07 1e+07 1e+07 1e+07 1e+07 1e+07 1e+07 1e+07 1e+07 1e+07 1e+07 1e+07 1e+07 1e+07 1e+07 1e+07 1e+07 1e+07 1e+07 1e+07 1e+07 2.01983e+06 1.60379e+06 701452 742732 653163 114076 19653 23520 7907 5220 5104 2025 1001 2925 2942 10369 1959 205 1840 970 75 40 32 650 224 77 61 107 82 84 195 43 50 58 153 31 41 125 96 64 38 38 51 42 15 14 13 14 21 19 14 13 11 
0.486947 1e+07 1e+07 1e+07 1e+07 1e+07 1e+07 1e+07 1e+07 1e+07 1e+07 1e+07 1e+07 1e+07 1e+07 1e+07 1e+07 1e+07 1e+07 1e+07 1e+07 1e+07 1e+07 1e+07 1e+07 1e+07 1e+07 1e+07 1e+07 1e+07 1e+07 1e+07 1e+07 1e+07 1e+07 1e+07 1e+07 1e+07 1e+07 1e+07 1e+07 1e+07 1e+07 1e+07 1e+07 4.26572e+06 1e+07 3.05639e+06 5.82691e+06 908152 2.43297e+06 834107 170832 1.68525e+06 69008 6122 7480 7525 14291 7815 2171 1947 2076 1766 1180 1052 1741 605 169 296 59 31 32 161 148 30 36 92 96 124 92 299 82 120 41 119 78 34 55 28 63 24 27 37 20 37 21 25 18 18 19 
0.502655 1e+07 1e+07 1e+07 1e+07 1e+07 1e+07 1e+07 1e+07 1e+07 1e+07 1e+07 1e+07 1e+07 1e+07 1e+07 1e+07 1e+07 1e+07 1e+07 1e+07 1e+07 1e+07 1e+07 1e+07 1e+07 1e+07 1e+07 1e+07 1e+07 1e+07 1e+07 1e+07 1e+07 1e+07 1e+07 1e+07 1e+07 1e+07 1e+07 1e+07 1e+07 1e+07 1e+07 1e+07 1e+07 5.54908e+06 1e+07 1e+07 5.3441e+06 1.2153e+06 1.74051e+06 1.39229e+06 120637 22893 10115 12073 23480 2557 6933 4149 15214 3345 8341 704 431 629 618 496 735 51 281 59 74 66 51 159 93 161 144 222 74 38 50 97 96 52 78 35 16 15 15 15 16 22 20 18 17 17 17 16 
0.518363 1e+07 1e+07 1e+07 1e+07 1e+07 1e+07 1e+07 1e+07 1e+07 1e+07 1e+07 1e+07 1e+07 1e+07 1e+07 1e+07 1e+07 1e+07 1e+07 1e+07 1e+07 1e+07 1e+07 1e+07 1e+07 1e+07 1e+07 1e+07 1e+07 1e+07 1e+07 1e+07 1e+07 1e+07 1e+07 1e+07 1e+07 1e+07 1e+07 1e+07 1e+07 1e+07 1e+07 1e+07 1e+07 1e+07 6.82408e+06 3.12474e+06 909925 2.23803e+06 1.13733e+06 202708 589748 55651 10369 2706 7610 14425 2502 637 730 838 1032 1124 293 710 636 861 1409 1272 205 160 305 224 91 273 33 113 41 105 178 56 537 534 94 32 25 28 18 23 26 23 31 45 131 11 10 10 9 9 
0.534071 1e+07 1e+07 1e+07 1e+07 1e+07 1e+07 1e+07 1e+07 1e+07 1e+07 1e+07 1e+07 1e+07 1e+07 1e+07 1e+07 1e+07 1e+07 1e+07 1e+07 1e+07 1e+07 1e+07 1e+07 1e+07 1e+07 1e+07 1e+07 1e+07 1e+07 1e+07 1e+07 1e+07 1e+07 1e+07 1e+07 1e+07 1e+07 1e+07 1e+07 1e+07 1e+07 1e+07 1e+07 1e+07 4.20253e+06 1e+07 1.62669e+06 3.97241e+06 1.15585e+06 328893 331335 186729 19785 6490 8060 4455 3151 2470 5388 17753 4926 1582 2729 513 8300 307 390 616 508 114 70 63 172 233 70 101 41 96 70 82 58 112 192 38 34 21 30 25 19 22 21 11 10 9 9 9 8 8 8 
