epsilon_k[0] 0.1
epsilon_k[0] 2.18e-05
epsilon_k[0] 7.08e-05
epsilon_k[0] 2.54e-05
epsilon_k[0] 1e-05
epsilon_k[0] 7.8e-06
epsilon_k[0] 0.218
omega_x0 0.31
omega_y0 0.32
dx 0.01
n_theta 100
dtheta 0.00785398
epsilon 64
max_turns 10000000
from_angle 80
to_angle 88
0.628319 1e+07 45044 19282 17706 17706 9117 4763 4763 1930 1162 916 
0.636173 1e+07 44654 19128 18338 18338 7904 7904 4316 2000 1093 1093 845 
0.644026 1e+07 42870 19122 19122 19122 7691 7691 3970 2049 1390 1390 837 
0.65188 1e+07 42245 19127 14805 14805 7655 7655 3439 2079 1211 1211 834 
0.659734 1e+07 41862 18900 13627 13627 7645 7645 4019 2044 1411 1411 846 
0.667588 1e+07 41629 18853 12950 12950 7627 7627 4405 3102 1773 1623 890 
0.675442 1e+07 41488 18850 12478 12478 7632 5444 5444 2576 1996 1099 914 
0.683296 1e+07 41307 18657 12447 12447 7636 2518 2518 2518 1632 984 
0.69115 1e+07 41265 18493 12525 12525 7650 2409 2161 2161 2033 1014 1014 662 
