epsilon_k[0] 0.1
epsilon_k[0] 2.18e-05
epsilon_k[0] 7.08e-05
epsilon_k[0] 2.54e-05
epsilon_k[0] 1e-05
epsilon_k[0] 7.8e-06
epsilon_k[0] 0.218
omega_x0 0.168
omega_y0 0.201
dx 0.01
n_theta 100
dtheta 0.00785398
epsilon 2
max_turns 10000000
from_angle 72
to_angle 80
0.565487 1e+07 1e+07 1e+07 1e+07 1e+07 1e+07 1e+07 1e+07 6.6225e+06 435409 435409 120210 87218 71659 51696 23519 23519 14298 14298 3957 3957 1349 1349 959 
0.573341 1e+07 1e+07 1e+07 1e+07 1e+07 1e+07 1e+07 1e+07 1e+07 1.62167e+06 1.62167e+06 616774 145454 19653 19653 19653 15958 15958 15958 15958 5683 1818 1814 1814 1814 410 
0.581195 1e+07 1e+07 1e+07 1e+07 1e+07 1e+07 1e+07 1e+07 6.23525e+06 601224 191399 177569 70436 70436 9086 9086 9086 7287 7276 7276 6807 3887 1275 1275 1275 1275 408 
0.589049 1e+07 1e+07 1e+07 1e+07 1e+07 1e+07 1e+07 1e+07 2.38924e+06 757411 549852 192985 72069 52498 52498 36798 10488 10488 6401 6401 3557 3557 1134 892 
0.596903 1e+07 1e+07 1e+07 1e+07 1e+07 1e+07 1e+07 1e+07 6.46504e+06 522787 280591 280591 81677 81677 13210 13210 13210 13210 10031 5678 5678 1421 1270 1126 1126 411 
0.604757 1e+07 1e+07 1e+07 1e+07 1e+07 1e+07 1e+07 1e+07 9.31968e+06 2.47722e+06 410232 160859 160859 160859 17445 15960 15960 15960 15960 12502 12502 4674 1424 1424 878 
0.612611 1e+07 1e+07 1e+07 1e+07 1e+07 1e+07 1e+07 1e+07 1e+07 169609 169609 169609 99511 66929 23992 13357 13357 13357 13357 12564 2638 2638 2638 2638 2638 405 
0.620465 1e+07 1e+07 1e+07 1e+07 1e+07 1e+07 1e+07 1e+07 2.87223e+06 2.87223e+06 744313 293507 39545 39545 39545 39545 36077 26516 14229 7343 3814 3802 1208 945 
0.628319 1e+07 1e+07 1e+07 1e+07 1e+07 1e+07 1e+07 1e+07 2.00135e+06 1.32501e+06 449224 179237 179237 81214 81214 14915 14915 6967 6967 6967 6561 1773 484 
