epsilon_k[0]0.1
epsilon_k[0]2.18e-05
epsilon_k[0]7.08e-05
epsilon_k[0]2.54e-05
epsilon_k[0]1e-05
epsilon_k[0]7.8e-06
epsilon_k[0]0.218
omega_x01.75929
omega_y01.94779
dx 0.01
n_theta 100
dtheta 0.00785398
epsilon 14
max_turns 10000000
from_angle 72
to_angle 80
0.565487 1e+07 44500 19533 6297 2747 1948 1267 704 
0.573341 1e+07 46604 20569 6147 2681 2681 1166 709 
0.581195 1e+07 46870 18909 6113 2539 2539 1182 739 
0.589049 1e+07 47460 18477 5983 2453 2377 1202 794 
0.596903 1e+07 47943 18292 5944 2390 2370 1256 1164 610 
0.604757 1e+07 48900 17604 5782 2368 2368 1273 1142 615 
0.612611 1e+07 50050 17513 5644 2356 1989 1260 1110 666 
0.620465 1e+07 49272 17578 5625 2417 2069 1258 1025 658 
0.628319 1e+07 49734 16796 5625 2328 1811 1266 702 
