epsilon_k[0] 0.0001
epsilon_k[1] 2.18e-05
epsilon_k[2] 7.08e-05
epsilon_k[3] 2.54e-05
epsilon_k[4] 1e-05
epsilon_k[5] 7.8e-06
epsilon_k[6] 2.18e-05
omega_x0 0.168
omega_y0 0.201
dx 0.01
epsilon 16
max_turns 10000000
from_y 16
to_y 24
0.16 1e+07 1e+07 1e+07 1e+07 1e+07 1e+07 1e+07 1e+07 1e+07 1e+07 1e+07 1e+07 1e+07 1e+07 1e+07 1e+07 1e+07 1e+07 1e+07 1e+07 1e+07 1e+07 1e+07 1e+07 1e+07 1e+07 1e+07 1e+07 1e+07 1e+07 1e+07 1e+07 1e+07 1e+07 1e+07 1e+07 1e+07 1e+07 1e+07 4.45986e+06 4.45986e+06 4.45986e+06 4.45986e+06 1.47202e+06 1.47202e+06 1.47202e+06 488603 488603 47355 47355 14890 14890 14280 14280 6343 6343 6343 5528 3420 3351 3351 3351 3351 3351 1403 970 
0.17 1e+07 1e+07 1e+07 1e+07 1e+07 1e+07 1e+07 1e+07 1e+07 1e+07 1e+07 1e+07 1e+07 1e+07 1e+07 1e+07 1e+07 1e+07 1e+07 1e+07 1e+07 1e+07 1e+07 1e+07 1e+07 1e+07 1e+07 1e+07 1e+07 1e+07 1e+07 1e+07 1e+07 1e+07 1e+07 1e+07 8.33324e+06 8.33324e+06 8.33324e+06 8.33324e+06 8.33324e+06 8.33324e+06 8.33324e+06 3.36341e+06 3.36341e+06 3.36341e+06 388131 388131 298851 53369 53369 20793 20793 15968 6898 6898 6898 6898 6898 6898 2268 2268 829 
0.18 1e+07 1e+07 1e+07 1e+07 1e+07 1e+07 1e+07 1e+07 1e+07 1e+07 1e+07 1e+07 1e+07 1e+07 1e+07 1e+07 1e+07 1e+07 1e+07 1e+07 1e+07 1e+07 1e+07 1e+07 1e+07 1e+07 1e+07 1e+07 1e+07 1e+07 1e+07 1e+07 1e+07 1e+07 1e+07 1e+07 1e+07 1e+07 6.3117e+06 6.3117e+06 6.3117e+06 6.3117e+06 6.3117e+06 1.20081e+06 1.20081e+06 1.20081e+06 335095 335095 233394 137503 137503 27363 18021 18021 4704 4704 4704 2489 2489 2489 1070 1070 1070 1070 1070 1070 1070 291 
0.19 1e+07 1e+07 1e+07 1e+07 1e+07 1e+07 1e+07 1e+07 1e+07 1e+07 1e+07 1e+07 1e+07 1e+07 1e+07 1e+07 1e+07 1e+07 1e+07 1e+07 1e+07 1e+07 1e+07 1e+07 1e+07 1e+07 1e+07 1e+07 1e+07 1e+07 1e+07 1e+07 1e+07 1e+07 1e+07 1e+07 1e+07 1e+07 1e+07 1e+07 7.53699e+06 3.32057e+06 3.32057e+06 3.32057e+06 1.78255e+06 872145 279560 279560 279560 60831 39289 33464 29201 29201 12549 4167 4167 4167 4167 4167 2402 1376 1376 528 
0.2 1e+07 1e+07 1e+07 1e+07 1e+07 1e+07 1e+07 1e+07 1e+07 1e+07 1e+07 1e+07 1e+07 1e+07 1e+07 1e+07 1e+07 1e+07 1e+07 1e+07 1e+07 1e+07 1e+07 1e+07 1e+07 1e+07 1e+07 1e+07 1e+07 1e+07 1e+07 1e+07 1e+07 1e+07 1e+07 1e+07 1e+07 8.83801e+06 8.83801e+06 7.05844e+06 7.05844e+06 7.05844e+06 2.12664e+06 2.12664e+06 2.12664e+06 1.1119e+06 578797 146397 43767 19458 19458 6512 6512 3968 3968 3968 1662 1662 1662 1662 1662 1408 628 
0.21 1e+07 1e+07 1e+07 1e+07 1e+07 1e+07 1e+07 1e+07 1e+07 1e+07 1e+07 1e+07 1e+07 1e+07 1e+07 1e+07 1e+07 1e+07 1e+07 1e+07 1e+07 1e+07 1e+07 1e+07 1e+07 1e+07 1e+07 1e+07 1e+07 1e+07 1e+07 1e+07 1e+07 1e+07 1e+07 1e+07 1e+07 1e+07 1e+07 1e+07 7.57052e+06 5.29074e+06 5.29074e+06 2.9506e+06 366199 81372 81372 81372 81372 15700 8851 8851 4636 4636 4636 4636 1892 1892 1892 1248 1248 888 
0.22 1e+07 1e+07 1e+07 1e+07 1e+07 1e+07 1e+07 1e+07 1e+07 1e+07 1e+07 1e+07 1e+07 1e+07 1e+07 1e+07 1e+07 1e+07 1e+07 1e+07 1e+07 1e+07 1e+07 1e+07 1e+07 1e+07 1e+07 1e+07 1e+07 1e+07 1e+07 1e+07 1e+07 1e+07 1e+07 1e+07 1e+07 1e+07 9.47959e+06 7.11246e+06 5.78908e+06 1.63595e+06 1.63595e+06 869325 869325 869325 869325 36928 36928 8324 8324 2424 2424 2424 2424 2424 2424 623 
0.23 1e+07 1e+07 1e+07 1e+07 1e+07 1e+07 1e+07 1e+07 1e+07 1e+07 1e+07 1e+07 1e+07 1e+07 1e+07 1e+07 1e+07 1e+07 1e+07 1e+07 1e+07 1e+07 1e+07 1e+07 1e+07 1e+07 1e+07 1e+07 1e+07 1e+07 1e+07 8.67877e+06 8.67877e+06 8.67877e+06 8.67877e+06 8.67877e+06 8.67877e+06 8.67877e+06 8.67877e+06 8.67877e+06 2.5472e+06 2.5472e+06 690817 576346 576346 391292 183231 104528 104528 22062 22062 22062 22062 11353 5760 5760 1485 1485 1485 1253 1253 1253 172 
