epsilon_k[0] 0.0001
epsilon_k[1] 2.18e-05
epsilon_k[2] 7.08e-05
epsilon_k[3] 2.54e-05
epsilon_k[4] 1e-05
epsilon_k[5] 7.8e-06
epsilon_k[6] 2.18e-05
omega_x0 0.168
omega_y0 0.201
dx 0.01
n_theta 100
dtheta 0.015708
epsilon 48
max_turns 10000000
from_angle 40
to_angle 50
0.628319 1e+07 1e+07 1e+07 1e+07 1e+07 1e+07 1e+07 1e+07 1e+07 1e+07 1e+07 1e+07 1e+07 1e+07 1e+07 1e+07 1e+07 1e+07 1e+07 1e+07 1e+07 1e+07 1e+07 1e+07 1e+07 1e+07 1e+07 1e+07 1e+07 9.7264e+06 9.7264e+06 4.13885e+06 4.13885e+06 4.13885e+06 4.13885e+06 2.66597e+06 2.66597e+06 1.6186e+06 1.02686e+06 1.02686e+06 1.02686e+06 1.02686e+06 181062 181062 181062 181062 130971 130971 113430 113430 24289 24289 5939 5939 5939 3771 3771 2334 1360 784 
0.644026 1e+07 1e+07 1e+07 1e+07 1e+07 1e+07 1e+07 1e+07 1e+07 1e+07 1e+07 1e+07 1e+07 1e+07 1e+07 1e+07 1e+07 1e+07 1e+07 1e+07 1e+07 1e+07 1e+07 1e+07 1e+07 1e+07 1e+07 1e+07 1e+07 1e+07 5.29882e+06 5.29882e+06 3.30727e+06 3.30727e+06 3.30727e+06 3.30727e+06 2.68481e+06 2.68481e+06 2.68481e+06 832718 832718 617672 617672 617672 95968 95968 95968 95968 84362 84362 84362 84362 10059 10059 9429 9429 5337 2818 2104 2104 2104 984 
0.659734 1e+07 1e+07 1e+07 1e+07 1e+07 1e+07 1e+07 1e+07 1e+07 1e+07 1e+07 1e+07 1e+07 1e+07 1e+07 1e+07 1e+07 1e+07 1e+07 1e+07 1e+07 1e+07 1e+07 1e+07 1e+07 1e+07 1e+07 1e+07 1e+07 1e+07 3.87726e+06 3.87726e+06 3.87726e+06 3.28519e+06 3.28519e+06 3.17522e+06 3.17522e+06 3.17522e+06 3.17522e+06 320064 320064 320064 320064 320064 320064 227645 227645 36699 36699 36699 36699 28505 11696 4128 4128 4128 4128 4128 3763 436 
0.675442 1e+07 1e+07 1e+07 1e+07 1e+07 1e+07 1e+07 1e+07 1e+07 1e+07 1e+07 1e+07 1e+07 1e+07 1e+07 1e+07 1e+07 1e+07 1e+07 1e+07 1e+07 1e+07 1e+07 1e+07 1e+07 1e+07 1e+07 1e+07 8.76871e+06 7.28474e+06 3.63908e+06 3.63908e+06 1.24888e+06 1.24888e+06 501712 501712 501712 397295 397295 397295 397295 397295 397295 397295 397295 352727 352727 352727 352727 40651 24575 12617 5405 5405 5405 3534 3534 525 
0.69115 1e+07 1e+07 1e+07 1e+07 1e+07 1e+07 1e+07 1e+07 1e+07 1e+07 1e+07 1e+07 1e+07 1e+07 1e+07 1e+07 1e+07 1e+07 1e+07 1e+07 1e+07 1e+07 1e+07 1e+07 1e+07 1e+07 1e+07 1e+07 3.47562e+06 3.47562e+06 3.47562e+06 1.13418e+06 1.13418e+06 1.13418e+06 1.13418e+06 1.13418e+06 760170 760170 574551 326925 326925 326925 326925 326925 326925 326925 99071 99071 41654 23546 2986 2986 2986 1887 1887 1887 1887 567 
0.706858 1e+07 1e+07 1e+07 1e+07 1e+07 1e+07 1e+07 1e+07 1e+07 1e+07 1e+07 1e+07 1e+07 1e+07 1e+07 1e+07 1e+07 1e+07 1e+07 1e+07 1e+07 1e+07 1e+07 1e+07 1e+07 1e+07 1e+07 5.24518e+06 5.24518e+06 5.24518e+06 5.24518e+06 5.24518e+06 2.82577e+06 2.82577e+06 1.0033e+06 983532 983532 983532 983532 983532 983532 125835 125835 125835 125835 125835 125835 86875 86875 23078 23078 9110 9110 5044 5044 1235 913 
0.722566 1e+07 1e+07 1e+07 1e+07 1e+07 1e+07 1e+07 1e+07 1e+07 1e+07 1e+07 1e+07 1e+07 1e+07 1e+07 1e+07 1e+07 1e+07 1e+07 1e+07 1e+07 1e+07 1e+07 1e+07 1e+07 1e+07 1e+07 7.28377e+06 7.28377e+06 7.28377e+06 7.28377e+06 2.60338e+06 2.60338e+06 2.60338e+06 2.60338e+06 376157 376157 376157 376157 376157 376157 341827 341827 202969 202969 56009 47757 47757 47757 17081 6403 6403 2354 1321 1321 1321 1321 689 
0.738274 1e+07 1e+07 1e+07 1e+07 1e+07 1e+07 1e+07 1e+07 1e+07 1e+07 1e+07 1e+07 1e+07 1e+07 1e+07 1e+07 1e+07 1e+07 1e+07 1e+07 1e+07 1e+07 1e+07 1e+07 1e+07 1e+07 1e+07 1e+07 1e+07 9.63666e+06 6.21788e+06 6.21788e+06 2.82068e+06 2.75436e+06 1.33289e+06 1.33289e+06 1.27178e+06 1.27178e+06 1.27178e+06 766821 619005 619005 222529 222529 222529 74700 49970 26156 22020 22020 10827 4599 1363 1363 1363 1363 219 
0.753982 1e+07 1e+07 1e+07 1e+07 1e+07 1e+07 1e+07 1e+07 1e+07 1e+07 1e+07 1e+07 1e+07 1e+07 1e+07 1e+07 1e+07 1e+07 1e+07 1e+07 1e+07 1e+07 1e+07 1e+07 1e+07 1e+07 1e+07 7.49334e+06 7.49334e+06 7.49334e+06 4.66909e+06 1.75816e+06 1.75816e+06 1.75816e+06 624138 624138 624138 512284 512284 157450 157450 157450 157450 157450 157450 125594 70524 51501 51501 4104 4104 4104 2389 1019 1019 1019 399 
0.76969 1e+07 1e+07 1e+07 1e+07 1e+07 1e+07 1e+07 1e+07 1e+07 1e+07 1e+07 1e+07 1e+07 1e+07 1e+07 1e+07 1e+07 1e+07 1e+07 1e+07 1e+07 1e+07 1e+07 1e+07 1e+07 1e+07 1e+07 6.89602e+06 6.89602e+06 6.89602e+06 3.91284e+06 1.83828e+06 1.51403e+06 1.51403e+06 1.51403e+06 1.51403e+06 1.51403e+06 1.24974e+06 398797 398797 325302 325302 290133 161310 121259 121259 79365 24350 24350 10002 10002 6930 941 
