epsilon_k[0] 0.0001
epsilon_k[1] 2.18e-05
epsilon_k[2] 7.08e-05
epsilon_k[3] 2.54e-05
epsilon_k[4] 1e-05
epsilon_k[5] 7.8e-06
epsilon_k[6] 2.18e-05
omega_x0 0.168
omega_y0 0.201
dx 0.01
n_theta 100
dtheta 0.015708
epsilon 16
max_turns 10000000
from_angle 15
to_angle 20
0.235619 1e+07 1e+07 1e+07 1e+07 1e+07 1e+07 1e+07 1e+07 1e+07 1e+07 1e+07 1e+07 1e+07 1e+07 1e+07 1e+07 1e+07 1e+07 1e+07 1e+07 1e+07 1e+07 1e+07 1e+07 1e+07 1e+07 1e+07 1e+07 1e+07 1e+07 1e+07 1e+07 1e+07 1e+07 1e+07 1e+07 1e+07 1e+07 1e+07 1e+07 1e+07 1e+07 1e+07 1e+07 1e+07 9.47089e+06 2.15363e+06 9.65564e+06 73168 41538 81865 53895 70114 69308 28409 149864 192897 195797 55503 31913 9600 8283 9626 5503 5587 2307 1562 1814 1417 176 6473 2407 1800 556 139 488 203 181 451 108 243 77 104 199 66 160 248 15 35 74 326 15 52 9 8 7 7 6 6 6 
0.251327 1e+07 1e+07 1e+07 1e+07 1e+07 1e+07 1e+07 1e+07 1e+07 1e+07 1e+07 1e+07 1e+07 1e+07 1e+07 1e+07 1e+07 1e+07 1e+07 1e+07 1e+07 1e+07 1e+07 1e+07 1e+07 1e+07 1e+07 1e+07 1e+07 1e+07 1e+07 1e+07 1e+07 1e+07 1e+07 1e+07 1e+07 1e+07 1e+07 1e+07 1e+07 1e+07 1e+07 1e+07 1e+07 6.80486e+06 2.43291e+06 455906 942311 312493 59755 18921 46538 11832 105259 64092 43049 29212 2273 34493 8123 15456 3898 3729 1183 7698 423 784 1393 1735 453 582 397 176 859 236 434 163 385 400 83 219 553 39 142 137 112 86 15 48 96 67 16 92 19 8 7 7 7 6 
0.267035 1e+07 1e+07 1e+07 1e+07 1e+07 1e+07 1e+07 1e+07 1e+07 1e+07 1e+07 1e+07 1e+07 1e+07 1e+07 1e+07 1e+07 1e+07 1e+07 1e+07 1e+07 1e+07 1e+07 1e+07 1e+07 1e+07 1e+07 1e+07 1e+07 1e+07 1e+07 1e+07 1e+07 1e+07 1e+07 1e+07 1e+07 1e+07 1e+07 1e+07 1e+07 1e+07 1e+07 1e+07 1e+07 1e+07 1.59872e+06 9.02999e+06 1.10869e+06 638351 25020 239248 94215 17510 16468 24711 26623 14531 6013 3923 4760 12150 6036 1148 579 7263 7898 734 5396 487 4787 14376 3019 224 199 551 1403 349 320 1191 65 35 267 27 25 270 27 171 193 14 17 215 66 82 26 15 9 8 7 7 
0.282743 1e+07 1e+07 1e+07 1e+07 1e+07 1e+07 1e+07 1e+07 1e+07 1e+07 1e+07 1e+07 1e+07 1e+07 1e+07 1e+07 1e+07 1e+07 1e+07 1e+07 1e+07 1e+07 1e+07 1e+07 1e+07 1e+07 1e+07 1e+07 1e+07 1e+07 1e+07 1e+07 1e+07 1e+07 1e+07 1e+07 1e+07 1e+07 1e+07 1e+07 1e+07 1e+07 1e+07 1e+07 1e+07 1e+07 8.94724e+06 1.61389e+06 776230 1.9523e+06 156627 55986 88862 12135 118040 53003 16283 20558 8226 15486 7140 10351 29490 7354 1529 1495 618 710 899 358 550 487 1522 684 2319 370 130 389 39 50 121 221 146 91 67 34 31 26 89 116 15 14 52 121 124 16 40 32 9 8 
0.298451 1e+07 1e+07 1e+07 1e+07 1e+07 1e+07 1e+07 1e+07 1e+07 1e+07 1e+07 1e+07 1e+07 1e+07 1e+07 1e+07 1e+07 1e+07 1e+07 1e+07 1e+07 1e+07 1e+07 1e+07 1e+07 1e+07 1e+07 1e+07 1e+07 1e+07 1e+07 1e+07 1e+07 1e+07 1e+07 1e+07 1e+07 1e+07 1e+07 1e+07 1e+07 1e+07 1e+07 1e+07 1e+07 4.15978e+06 2.10183e+06 3.92534e+06 1.21585e+06 477490 62879 43834 133018 77964 51385 11925 8895 101305 24071 335909 9869 4230 420 12374 5777 2305 2257 9363 1843 487 6885 657 418 546 1110 16232 7426 186 191 124 28 208 66 36 49 36 180 55 113 73 51 128 14 16 19 118 104 15 70 15 
