epsilon_k[0] 0.0001
epsilon_k[1] 2.18e-05
epsilon_k[2] 7.08e-05
epsilon_k[3] 2.54e-05
epsilon_k[4] 1e-05
epsilon_k[5] 7.8e-06
epsilon_k[6] 2.18e-05
omega_x0 0.168
omega_y0 0.201
dx 0.01
n_theta 100
dtheta 0.015708
epsilon 48
max_turns 10000000
from_angle 20
to_angle 25
0.314159 1e+07 1e+07 1e+07 1e+07 1e+07 1e+07 1e+07 1e+07 1e+07 1e+07 1e+07 1e+07 1e+07 1e+07 1e+07 1e+07 1e+07 1e+07 1e+07 1e+07 1e+07 1e+07 1e+07 1e+07 1e+07 1e+07 1e+07 1e+07 1e+07 1e+07 1e+07 1e+07 1e+07 1e+07 1e+07 1e+07 1e+07 3.54662e+06 4.73876e+06 6.27682e+06 807246 2.38182e+06 908718 5.68924e+06 580770 825449 136369 183630 104856 53259 92942 33082 187824 18825 7923 13545 28386 12516 20692 3882 11952 1477 14441 1703 1113 2578 602 1808 965 1259 256 121 19447 2402 54 86 184 107 659 167 235 26 434 164 276 208 55 164 26 25 39 34 20 66 15 13 30 90 80 34 
0.329867 1e+07 1e+07 1e+07 1e+07 1e+07 1e+07 1e+07 1e+07 1e+07 1e+07 1e+07 1e+07 1e+07 1e+07 1e+07 1e+07 1e+07 1e+07 1e+07 1e+07 1e+07 1e+07 1e+07 1e+07 1e+07 1e+07 1e+07 1e+07 1e+07 1e+07 1e+07 8.39686e+06 1e+07 6.28904e+06 1.39304e+06 1e+07 6.35541e+06 1e+07 1e+07 2.61187e+06 9.27291e+06 2.74601e+06 962333 4.38782e+06 535182 1.18987e+06 361464 1.5347e+06 41217 133490 32036 23121 18485 6806 10951 19273 20373 4627 50057 7964 621 4438 467 428 8838 28761 1339 451 382 334 523 151 3187 643 4411 34 116 264 106 166 122 22 172 21 47 75 33 187 63 570 52 58 39 30 47 92 18 12 13 81 
0.345575 1e+07 1e+07 1e+07 1e+07 1e+07 1e+07 1e+07 1e+07 1e+07 1e+07 1e+07 1e+07 1e+07 1e+07 1e+07 1e+07 1e+07 1e+07 1e+07 1e+07 1e+07 1e+07 1e+07 1e+07 1e+07 1e+07 1e+07 1e+07 8.28263e+06 1e+07 6.2421e+06 1e+07 7.92544e+06 5.09069e+06 4.1623e+06 9.0716e+06 9.95885e+06 3.96092e+06 3.69043e+06 847142 1e+07 4.4656e+06 2.01564e+06 1.40984e+06 5.63804e+06 2.6683e+06 1.9933e+06 92634 387824 166779 29569 12437 50742 31008 33389 20463 9021 3342 19990 7582 1381 3789 909 749 3991 1962 271 196 954 250 296 78 434 201 470 122 143 56 1365 96 42 57 15 23 101 135 93 27 873 579 98 41 28 65 41 41 16 20 23 12 
0.361283 1e+07 1e+07 1e+07 1e+07 1e+07 1e+07 1e+07 1e+07 1e+07 1e+07 1e+07 1e+07 1e+07 1e+07 1e+07 1e+07 1e+07 1e+07 1e+07 1e+07 1e+07 1e+07 1e+07 1e+07 1e+07 1e+07 1e+07 1e+07 1e+07 1e+07 1e+07 8.98602e+06 1e+07 1e+07 2.71333e+06 5.31999e+06 1e+07 4.42547e+06 1e+07 8.66351e+06 3.32362e+06 5.62769e+06 5.51273e+06 3.91835e+06 331539 1e+07 1.41139e+06 180264 118564 136977 63778 64421 28221 17475 36557 7010 4655 3194 2257 11048 4680 6329 3375 3336 2511 744 14355 1910 1214 2207 812 137 158 144 176 302 214 32 75 67 101 50 14 13 13 14 68 53 330 57 184 64 92 51 22 45 92 45 162 21 
0.376991 1e+07 1e+07 1e+07 1e+07 1e+07 1e+07 1e+07 1e+07 1e+07 1e+07 1e+07 1e+07 1e+07 1e+07 1e+07 1e+07 1e+07 1e+07 1e+07 1e+07 1e+07 1e+07 1e+07 1e+07 1e+07 1e+07 1e+07 1e+07 7.2374e+06 1e+07 1e+07 9.56977e+06 5.11406e+06 4.58416e+06 3.14442e+06 1e+07 816552 3.31374e+06 1.8235e+06 621003 6.2857e+06 9.57578e+06 3.73529e+06 2.01538e+06 415701 165078 322559 739921 225290 144862 108672 49600 26603 5214 8360 12709 13144 5664 7404 9557 1783 670 6658 1356 726 686 1361 1474 179 247 115 182 127 47 166 37 157 136 85 30 20 47 60 14 13 12 12 13 23 137 49 195 46 31 31 32 26 37 129 37 
