epsilon_k[0] 0.1
epsilon_k[0] 2.18e-05
epsilon_k[0] 7.08e-05
epsilon_k[0] 2.54e-05
epsilon_k[0] 1e-05
epsilon_k[0] 7.8e-06
epsilon_k[0] 0.218
omega_x0 0.168
omega_y0 0.201
dx 0.01
n_theta 100
dtheta 0.00785398
epsilon 12
max_turns 10000000
from_angle 32
to_angle 40
0.251327 1e+07 125624 2881 1772 1594 1058 665 
0.259181 1e+07 100497 2882 1783 1589 1056 682 
0.267035 1e+07 192527 2910 1777 1593 1046 681 
0.274889 1e+07 327030 2919 1799 1609 1036 682 
0.282743 1e+07 362711 2946 1788 1703 1014 704 
0.290597 1e+07 291655 3098 1830 1785 994 
0.298451 1e+07 934419 3100 1786 1782 980 
0.306305 1e+07 317592 3133 1785 1785 977 
