epsilon_k[0]0.1
epsilon_k[0]2.18e-05
epsilon_k[0]7.08e-05
epsilon_k[0]2.54e-05
epsilon_k[0]1e-05
epsilon_k[0]7.8e-06
epsilon_k[0]0.218
omega_x01.05558
omega_y01.26292
dx 0.01
n_theta 100
dtheta 0.00785398
epsilon 10
max_turns 10000000
from_angle 64
to_angle 72
0.502655 1e+07 17182 5027 5027 2674 2444 1246 1246 916 
0.510509 1e+07 16176 5064 5064 2659 2110 1409 1201 1201 993 
0.518363 1e+07 16147 5212 5212 2605 2141 2141 1234 1226 844 
0.526217 1e+07 15624 5117 5117 2531 2424 2204 1552 988 
0.534071 1e+07 14735 5153 5153 2487 2487 2087 2087 918 
0.541925 1e+07 14241 5168 5168 2485 2485 1542 1361 944 
0.549779 1e+07 14191 5153 5153 2477 2422 1410 1184 1151 823 
0.557633 1e+07 14227 5185 5185 2474 2331 1398 1278 866 
0.565487 1e+07 14266 5148 5148 2498 2442 1369 1267 845 
