epsilon_k[0] 0.0001
epsilon_k[1] 2.18e-05
epsilon_k[2] 7.08e-05
epsilon_k[3] 2.54e-05
epsilon_k[4] 1e-05
epsilon_k[5] 7.8e-06
epsilon_k[6] 2.18e-05
omega_x0 0.168
omega_y0 0.201
dx 0.01
n_theta 100
dtheta 0.015708
epsilon 56
max_turns 10000000
from_angle 20
to_angle 25
0.314159 1e+07 1e+07 1e+07 1e+07 1e+07 1e+07 1e+07 1e+07 1e+07 1e+07 1e+07 1e+07 1e+07 1e+07 1e+07 1e+07 1e+07 1e+07 1e+07 1e+07 1e+07 1e+07 1e+07 1e+07 1e+07 1e+07 1e+07 1e+07 6.81242e+06 9.73014e+06 7.12525e+06 7.41652e+06 3.51032e+06 1.66714e+06 6.42846e+06 1e+07 2.10015e+06 1e+07 3.6806e+06 1.87113e+06 7.37784e+06 2.54052e+06 662394 587759 2.47592e+06 700190 100143 120514 218499 18786 15596 61197 34924 7194 15252 23134 40103 10599 4303 29313 28072 1160 25003 437 4784 1227 814 469 1343 1125 730 477 238 221 64 38 279 58 263 462 67 56 114 56 59 307 145 40 34 25 34 45 26 48 89 13 14 26 48 31 
0.329867 1e+07 1e+07 1e+07 1e+07 1e+07 1e+07 1e+07 1e+07 1e+07 1e+07 1e+07 1e+07 1e+07 1e+07 1e+07 1e+07 1e+07 1e+07 1e+07 1e+07 1e+07 1e+07 1e+07 1e+07 1e+07 4.26228e+06 1e+07 1e+07 8.12898e+06 4.97832e+06 1e+07 5.57924e+06 6.82268e+06 3.16962e+06 1.23853e+06 2.77549e+06 1.49301e+06 620978 1.18485e+06 1.78023e+06 280428 974096 222945 1.05344e+06 112816 336355 112024 1.05099e+06 164038 53528 23946 116056 55889 17422 184044 16030 35130 3831 4509 9341 9600 684 974 6465 7008 1095 1074 713 333 20354 842 504 196 1248 86 110 779 41 35 120 210 22 58 21 170 99 139 181 61 42 85 88 37 24 33 33 36 12 12 118 
0.345575 1e+07 1e+07 1e+07 1e+07 1e+07 1e+07 1e+07 1e+07 1e+07 1e+07 1e+07 1e+07 1e+07 1e+07 1e+07 1e+07 1e+07 1e+07 1e+07 1e+07 1e+07 1e+07 1e+07 1e+07 1e+07 1e+07 5.05957e+06 3.54961e+06 2.51634e+06 4.90881e+06 2.36096e+06 9.22252e+06 1.06352e+06 1e+07 1.36176e+06 1.58972e+06 1.5516e+06 1.9341e+06 4.28325e+06 531802 3.6148e+06 1.32576e+06 2.09588e+06 1.05277e+06 1.65426e+06 1.49678e+06 1.37764e+06 1.1214e+06 54617 62248 409366 45070 13081 158708 59533 7753 127692 7795 2707 5681 14691 6886 6934 924 671 2780 765 989 565 408 588 1738 147 382 248 64 60 37 226 34 97 30 15 60 39 935 38 257 119 54 54 28 33 62 53 22 41 16 25 13 
0.361283 1e+07 1e+07 1e+07 1e+07 1e+07 1e+07 1e+07 1e+07 1e+07 1e+07 1e+07 1e+07 1e+07 1e+07 1e+07 1e+07 1e+07 1e+07 1e+07 1e+07 1e+07 1e+07 1e+07 1e+07 1e+07 1e+07 7.24121e+06 7.03191e+06 1e+07 7.24624e+06 5.09009e+06 6.82645e+06 1e+07 2.23478e+06 1.883e+06 3.22522e+06 3.89899e+06 4.22474e+06 4.64276e+06 1.37548e+06 2.12432e+06 3.84988e+06 476118 3.0048e+06 230616 3.82185e+06 437008 87730 211462 45651 81569 57582 26851 56147 8789 1.34909e+06 16944 12777 5662 7038 479 1260 5505 831 2295 1424 2348 299 456 665 246 184 196 151 78 309 121 73 26 54 145 34 14 13 13 14 84 28 51 64 56 26 32 34 21 149 32 53 47 26 
0.376991 1e+07 1e+07 1e+07 1e+07 1e+07 1e+07 1e+07 1e+07 1e+07 1e+07 1e+07 1e+07 1e+07 1e+07 1e+07 1e+07 1e+07 1e+07 1e+07 1e+07 1e+07 1e+07 1e+07 1e+07 1e+07 1e+07 4.35057e+06 5.2072e+06 1.8421e+06 2.99084e+06 5.65844e+06 1.70984e+06 4.50786e+06 3.94747e+06 1e+07 1.75406e+06 2.93775e+06 3.05867e+06 3.26095e+06 3.54584e+06 1.74376e+06 1.06686e+06 944349 770684 195747 177644 247807 606236 300320 106541 87137 45486 17980 10988 5188 11150 17236 13206 10058 12607 8112 1380 1064 611 1302 1568 7260 287 124 149 297 114 46 44 117 57 187 108 106 64 20 235 67 14 13 12 12 13 55 20 85 33 104 27 28 55 159 21 100 193 
