epsilon_k[0] 0.0001
epsilon_k[1] 2.18e-05
epsilon_k[2] 7.08e-05
epsilon_k[3] 2.54e-05
epsilon_k[4] 1e-05
epsilon_k[5] 7.8e-06
epsilon_k[6] 2.18e-05
omega_x0 0.28
omega_y0 0.31
dx 0.01
epsilon 10
max_turns 10000000
from_y 56
to_y 64
0.56 9 9 9 9 9 9 9 9 9 9 10 10 10 10 11 11 12 12 13 15 55 33 18 17 17 16 17 17 18 21 34 114 24 17 12 11 10 10 10 10 10 10 12 8 8 8 7 7 7 7 7 6 6 6 6 6 6 6 6 6 6 5 5 5 5 5 5 5 5 5 5 5 5 5 5 5 5 5 5 5 
0.57 8 9 9 9 9 9 9 9 9 9 9 9 10 10 10 11 11 12 12 13 15 25 20 17 16 16 16 17 17 19 31 37 39 17 13 11 10 10 10 10 11 10 10 8 8 8 7 7 7 7 7 6 6 6 6 6 6 6 6 6 6 5 5 5 5 5 5 5 5 5 5 5 5 5 5 5 5 5 5 5 
0.58 8 8 8 8 9 9 9 9 9 9 9 9 9 10 10 10 10 11 12 12 13 17 23 18 16 16 16 16 17 17 20 29 46 23 15 11 11 10 10 11 11 11 10 8 8 8 7 7 7 7 6 6 6 6 6 6 6 6 6 6 5 5 5 5 5 5 5 5 5 5 5 5 5 5 5 5 5 5 5 5 
0.59 8 8 8 8 8 8 8 9 9 9 9 9 9 9 9 10 10 10 11 12 12 14 19 31 17 16 16 16 16 17 18 29 37 53 19 12 11 11 10 11 13 11 10 8 8 8 7 7 7 7 6 6 6 6 6 6 6 6 6 6 5 5 5 5 5 5 5 5 5 5 5 5 5 5 5 5 5 5 5 5 
0.6 8 8 8 8 8 8 8 8 8 9 9 9 9 9 9 9 10 10 10 11 12 13 14 26 18 16 16 15 16 16 17 19 26 110 24 16 12 11 11 11 19 12 9 8 8 8 7 7 7 7 6 6 6 6 6 6 6 6 6 6 5 5 5 5 5 5 5 5 5 5 5 5 5 5 5 5 5 5 5 5 
0.61 8 8 8 8 8 8 8 8 8 8 8 9 9 9 9 9 9 9 10 10 11 12 13 15 22 17 15 15 15 16 16 17 22 31 222 21 13 11 11 11 17 12 9 8 8 8 7 7 7 7 6 6 6 6 6 6 6 6 6 5 5 5 5 5 5 5 5 5 5 5 5 5 5 5 5 5 5 5 5 5 
0.62 8 8 8 8 8 8 8 8 8 8 8 8 8 9 9 9 9 9 9 10 10 11 12 13 20 20 16 15 15 15 16 16 18 57 40 70 21 12 12 12 24 13 10 9 8 8 7 7 7 7 7 6 6 6 6 6 6 6 6 5 5 5 5 5 5 5 5 5 5 5 5 5 5 5 5 5 5 5 5 5 
0.63 8 8 8 8 8 8 8 8 8 8 8 8 8 8 8 9 9 9 9 9 10 10 11 12 14 22 17 15 15 15 15 15 16 18 25 50 32 17 13 13 18 14 10 9 8 8 7 7 7 7 7 6 6 6 6 6 6 6 6 5 5 5 5 5 5 5 5 5 5 5 5 5 5 5 5 5 5 5 5 5 
