epsilon_k[0] 0.0001
epsilon_k[1] 2.18e-05
epsilon_k[2] 7.08e-05
epsilon_k[3] 2.54e-05
epsilon_k[4] 1e-05
epsilon_k[5] 7.8e-06
epsilon_k[6] 2.18e-05
omega_x0 0.168
omega_y0 0.201
dx 0.01
epsilon 16
max_turns 10000000
from_y 48
to_y 56
0.48 2.89417e+06 552534 1.76368e+06 1e+07 6.08419e+06 328853 340090 117882 60621 46805 5673 4776 1869 11876 2679 16329 3420 2717 1927 868 3632 1751 2295 29185 650 1984 2713 1159 477 3117 627 595 613 400 178 103 75 148 41 40 235 19 21 61 38 30 19 14262 22 271 55 15 70 27 39 49 61 74 38 61 50 184 50 235 58 145 143 28 47 22 35 33 25 25 30 30 21 16 10 10 
0.49 2.00217e+06 1e+07 540190 244532 672950 20566 61321 124275 253536 992 3900 6221 101253 1333 3666 2498 26766 3332 7830 3368 1036 3092 3605 4167 478 7358 147 333 2385 551 236 351 671 183 90 121 45 67 201 207 495 60 18 160 188 58 19 92 91 13 12 12 12 12 12 17 36 19 47 37 44 34 60 53 68 151 63 27 50 24 22 21 24 197 45 29 18 21 10 9 
0.5 452978 372154 2.62462e+06 144602 91514 58995 30783 13295 16179 1566 24752 914 1638 14746 1512 934 977 591 3390 9879 4311 2592 316 7653 175 924 346 696 273 125 174 301 159 360 147 400 424 98 68 166 37 24 39 18 66 65 18 48 14 12 11 11 11 11 11 11 12 15 239 370 63 24 17 76 22 31 48 207 185 18 18 30 23 82 22 20 24 21 9 9 
0.51 141856 247071 142359 1.33727e+06 14329 25366 4551 9912 3359 11565 4160 2939 6137 2097 2276 4301 3857 3321 824 200 601 1400 144 930 3733 92 143 62 151 206 268 300 763 159 184 75 123 53 566 86 55 64 28 25 18 108 22 54 19 12 11 11 11 11 11 11 11 11 12 206 20 39 87 16 28 15 50 33 30 47 16 17 39 25 19 34 26 19 9 9 
0.52 185878 613580 208151 24612 3633 3952 28320 2083 87410 4504 1397 1614 18133 1960 723 655 1310 513 336 157 691 171 591 321 237 581 307 2886 318 189 318 657 310 145 160 71 158 179 39 41 76 61 64 69 44 17 35 27 24 12 11 11 11 10 10 10 10 10 11 11 13 31 27 32 16 37 14 35 37 84 16 16 25 18 34 17 21 24 10 9 
0.53 38664 122387 53208 19645 3624 3352 21598 1428 787 5222 2693 1901 416 979 603 397 744 521 390 168 252 333 69 92 257 84 223 145 127 281 178 107 54 169 86 80 62 79 35 93 2286 84 36 72 42 23 17 74 23 30 12 11 10 10 10 10 10 10 10 10 11 12 18 20 22 15 14 13 27 33 252 15 16 20 19 21 30 15 10 9 
0.54 481436 77870 17649 10616 1801 877 596 1527 7186 1833 1397 3004 418 2013 1839 455 263 823 1563 282 64 97 159 1482 104 260 128 81 75 131 184 40 25 78 60 18 18 17 17 17 18 67 77 40 121 56 22 22 23 36 18 11 11 10 10 10 10 10 10 10 10 10 11 14 16 20 15 13 13 21 18 15 24 15 17 50 23 20 12 9 
0.55 3721 59918 967 7626 1240 1000 458 3659 2093 8799 1464 379 564 684 449 120 506 1379 68 308 142 117 57 85 41 36 187 73 154 133 24 142 52 47 63 56 107 24 34 24 44 18 16 16 18 26 112 44 21 16 23 18 11 10 10 10 10 10 10 10 10 10 10 10 12 20 14 15 13 13 21 30 15 20 15 18 22 20 21 9 
