epsilon_k[0] 0.0001
epsilon_k[1] 2.18e-05
epsilon_k[2] 7.08e-05
epsilon_k[3] 2.54e-05
epsilon_k[4] 1e-05
epsilon_k[5] 7.8e-06
epsilon_k[6] 2.18e-05
omega_x0 0.168
omega_y0 0.201
dx 0.01
epsilon 10
max_turns 10000000
from_y 48
to_y 56
0.48 1e+07 1.25973e+06 956922 956922 347118 103860 103860 103860 12351 12351 12351 12351 3679 3679 3679 1450 1450 1450 1450 749 
0.49 8.29475e+06 890762 291195 114281 114281 114281 114281 114281 33457 2466 1187 1187 1187 797 
0.5 487939 285225 285225 277790 277790 277790 10607 10607 2901 2901 2901 2901 2901 2901 2116 2116 2116 1219 1219 809 
0.51 144681 144681 144681 101876 101876 28276 28276 1942 1942 1461 1461 1461 1461 616 
0.52 86222 62971 37020 6926 6926 6926 1517 1517 1517 1517 1517 1517 1052 590 
0.53 73054 51563 51563 4496 2343 2343 2343 2343 1395 1395 1395 1395 1395 569 
0.54 418984 17372 3028 3028 1963 816 
0.55 1.3711e+06 3562 2763 1526 1337 453 
