epsilon_k[0]0.1
epsilon_k[0]2.18e-05
epsilon_k[0]7.08e-05
epsilon_k[0]2.54e-05
epsilon_k[0]1e-05
epsilon_k[0]7.8e-06
epsilon_k[0]0.218
omega_x01.94779
omega_y02.01062
dx 0.01
n_theta 100
dtheta 0.00785398
epsilon 8
max_turns 10000000
from_angle 32
to_angle 40
0.251327 1e+07 5724 3922 3922 2483 1454 916 
0.259181 1e+07 5753 3941 3941 2314 1446 916 
0.267035 1e+07 5768 4176 4176 2082 1596 916 
0.274889 1e+07 5817 4222 4222 2062 1296 956 
0.282743 1e+07 5839 4191 4191 2450 1448 953 
0.290597 1e+07 5894 4207 4207 2473 1451 947 
0.298451 1e+07 5896 4253 4253 2126 1498 916 
0.306305 1e+07 5960 4317 4095 1956 1573 894 
