epsilon_k[0] 0.0001
epsilon_k[1] 2.18e-05
epsilon_k[2] 7.08e-05
epsilon_k[3] 2.54e-05
epsilon_k[4] 1e-05
epsilon_k[5] 7.8e-06
epsilon_k[6] 2.18e-05
omega_x0 0.28
omega_y0 0.31
dx 0.001
epsilon 1
max_turns 10000000
from_y 400
to_y 480
0.4 145 154 75 1630 153 54 50 49 48 48 49 51 263 911 369 213 171 102 253 564 252 93 1735 188 211 297 234 95 429 391 274 196 573 533 790 1512 1922 5428 1392 2860 1714 5719 8724 149563 52566 199654 256638 659833 1e+07 1e+07 1e+07 1e+07 1e+07 1e+07 1e+07 1e+07 1e+07 1e+07 1e+07 1e+07 1e+07 1e+07 1e+07 1e+07 1e+07 1e+07 1e+07 1e+07 1e+07 1.35766e+06 605125 8.90693e+06 1e+07 235985 42989 15001 2860 513 1556 985 
0.401 524 96 196 78 76 467 206 51 49 48 48 48 49 53 79 669 299 143 1624 227 131 127 305 317 612 94 124 121 464 147 203 349 312 470 151 178 1000 2261 2082 856 914 6812 4107 5677 16411 14901 164657 89331 3.71517e+06 1e+07 1.81353e+06 1e+07 1e+07 1e+07 1e+07 1e+07 1e+07 1e+07 1e+07 1e+07 1e+07 1e+07 1e+07 1e+07 1e+07 1e+07 1e+07 1e+07 1e+07 2.88367e+06 49500 436767 16449 63941 18674 2676 3765 336 4151 1637 
0.402 210 197 342 92 194 75 161 134 54 50 48 48 48 48 50 57 392 261 1201 169 134 486 401 342 199 312 95 67 123 244 180 161 581 1564 310 173 191 275 2096 270 2679 2360 2008 3056 2002 10988 22946 317980 71344 788950 6.33704e+06 1e+07 8.49564e+06 1e+07 1e+07 1e+07 1e+07 1e+07 1e+07 1e+07 1e+07 1e+07 1e+07 1e+07 1e+07 1e+07 1e+07 1e+07 1.23354e+06 4.3829e+06 661199 94220 37420 7659 2854 6332 10705 2511 1327 714 
0.403 165 153 242 444 279 91 103 74 340 331 51 49 48 48 48 48 50 166 800 700 147 101 81 904 157 117 386 166 64 70 306 450 725 321 267 623 250 671 1035 1574 1749 5866 740 1176 1120 3881 2586 14983 275761 264828 2.04972e+06 7.11604e+06 2.07556e+06 1.6739e+06 5.17341e+06 1e+07 1e+07 6.04598e+06 3.19563e+06 1e+07 1e+07 6.4679e+06 4.9812e+06 1e+07 6.35809e+06 1e+07 1e+07 1e+07 909843 416899 47850 944797 238854 13048 744 1232 2870 319 243 215 
0.404 207 103 164 153 425 174 313 93 890 75 96 61 50 48 47 47 48 48 51 81 223 299 406 125 104 137 89 536 275 62 64 119 752 106 660 257 585 651 850 630 1305 573 306 8824 7612 2042 2668 81964 6955 345271 20579 1.1359e+06 1e+07 337418 358236 960444 2.90131e+06 5.44415e+06 3.28489e+06 1e+07 1e+07 1e+07 1e+07 1e+07 570461 998060 927655 313700 588203 437178 19854 27730 5164 2854 896 1697 2213 7882 561 719 
0.405 31 52 161 94 96 134 293 170 132 150 84 77 138 52 49 48 47 47 48 49 55 124 297 216 117 77 169 87 416 485 62 63 444 173 109 705 458 119 1192 213 796 1493 1311 594 4870 5148 4977 3750 4037 2167 2863 16541 91528 381534 100973 119263 1e+07 1e+07 1e+07 1e+07 1e+07 1e+07 1e+07 1e+07 1.20321e+06 935887 331787 55671 35694 266140 23595 2807 3000 1011 662 662 755 1634 1523 595 
0.406 23 25 30 52 174 143 93 213 249 169 142 259 75 105 576 50 48 47 47 47 48 50 82 265 261 594 76 700 438 721 412 61 62 2574 121 338 221 488 199 194 1844 347 628 1137 1738 2098 1398 985 895 2483 5333 8855 15030 8141 34236 309898 1e+07 1e+07 1e+07 1e+07 1e+07 1e+07 1e+07 1e+07 1e+07 1e+07 7.48629e+06 79620 46822 61930 12111 2563 1746 1361 2511 1711 757 438 816 598 
0.407 21 22 23 25 30 52 791 201 92 214 220 169 114 264 74 95 54 49 47 47 47 47 48 51 104 359 810 662 81 472 457 95 61 61 159 122 146 369 186 785 217 986 978 350 1991 1121 573 2897 801 1549 1174 1429 3976 10822 2405 58636 1e+07 1e+07 1e+07 1e+07 1e+07 1e+07 1e+07 1e+07 1e+07 1e+07 39516 75001 4985 17319 13017 3819 4408 1551 1222 309 3147 214 279 501 
0.408 20 21 21 22 23 25 30 53 114 117 92 321 569 170 267 102 75 235 51 48 47 47 47 47 48 58 228 338 102 74 359 316 282 60 60 96 96 494 106 117 315 149 364 628 1326 585 393 2025 533 825 1609 1207 1415 1384 1653 30404 15332 222274 392861 468046 1e+07 7.19654e+06 1e+07 1e+07 474826 91646 1.02195e+06 11573 3204 2357 1109 1649 792 1373 476 514 211 592 286 156 
0.409 20 20 20 21 21 22 23 25 31 53 280 373 92 181 386 265 89 193 228 84 49 47 47 46 47 47 49 81 159 140 76 226 86 403 60 60 65 91 939 217 274 261 427 883 689 325 332 829 244 919 374 502 332 711 701 594 1070 16320 264446 519311 875087 115920 224305 70243 194147 20373 4342 1237 1417 1352 500 1662 846 499 390 320 521 340 1010 145 
0.41 19 19 20 20 20 21 21 22 23 25 31 56 69 161 92 137 145 183 89 75 94 52 48 47 46 46 47 48 52 149 258 101 74 247 308 61 59 62 89 448 107 335 175 301 265 309 1076 357 531 1112 1047 267 194 208 186 528 564 813 4642 2824 14119 6426 3013 2255 7137 5789 3999 944 322 417 506 13938 238 264 724 590 327 188 157 983 
0.411 19 19 19 19 20 20 20 21 21 22 23 25 33 287 67 272 92 132 147 865 158 74 207 50 47 46 46 46 47 48 85 199 162 74 170 1043 61 59 61 88 272 104 124 419 423 329 351 573 584 205 572 285 360 365 189 151 148 179 602 329 473 1699 1332 308 934 320 562 612 489 404 197 595 220 539 479 165 146 289 205 185 
0.412 18 18 18 19 19 19 20 20 20 21 21 22 23 25 66 79 67 157 92 205 169 445 103 78 58 48 47 46 46 46 47 50 121 171 209 115 86 63 59 60 89 513 109 228 598 233 287 476 193 262 353 126 126 341 163 117 299 502 317 333 172 604 1093 682 265 400 154 193 220 405 1352 204 392 1542 154 346 197 323 304 652 
0.413 18 18 18 18 18 19 19 19 20 20 20 21 21 22 23 26 108 92 68 109 93 236 184 115 231 94 51 48 46 46 46 46 48 58 812 115 73 112 92 59 59 148 107 130 316 328 130 479 255 143 709 207 183 77 77 77 76 76 79 107 104 137 181 202 292 206 154 197 149 120 375 383 730 152 230 314 248 200 135 133 
0.414 17 18 18 18 18 18 18 19 19 19 20 20 20 21 22 22 24 26 160 110 71 135 94 161 182 89 74 248 49 47 46 46 46 47 49 147 392 75 301 156 59 59 187 106 116 195 345 349 518 508 176 342 77 113 322 103 92 168 318 255 76 77 144 138 224 553 287 563 93 219 120 95 94 337 754 344 98 121 238 109 
0.415 17 17 17 18 18 18 18 18 18 19 19 19 20 20 20 21 22 22 24 26 128 66 134 149 143 106 226 90 75 53 48 46 46 46 46 47 52 284 384 74 246 60 58 69 294 166 128 185 131 585 204 96 77 102 235 115 67 67 69 224 384 90 133 75 281 119 142 313 445 94 206 86 236 106 90 153 597 95 94 255 
0.416 17 17 17 17 17 18 18 18 18 18 18 19 19 19 20 20 20 21 22 23 24 27 52 66 121 172 123 106 144 100 147 50 47 46 45 46 46 48 180 173 73 155 61 58 62 158 170 264 113 190 218 164 77 151 66 64 64 65 65 64 63 63 66 267 90 78 79 149 220 262 93 81 80 80 78 150 91 277 246 142 
0.417 17 17 17 17 17 17 17 18 18 18 18 18 18 19 19 19 20 20 20 21 22 23 24 28 54 67 90 120 109 133 209 74 162 48 46 46 45 46 47 51 164 162 142 92 58 60 260 295 113 99 152 155 107 95 65 66 94 133 262 378 107 184 66 63 63 67 116 209 77 136 134 114 80 626 168 148 79 84 89 197 
0.418 16 16 17 17 17 17 17 17 17 17 18 18 18 18 18 19 19 19 20 20 20 21 22 23 24 29 78 125 90 107 108 200 88 75 51 47 46 45 45 46 48 118 3967 72 144 58 59 118 134 87 129 317 116 238 65 72 184 155 46 44 45 72 90 250 475 66 63 63 198 169 157 128 209 81 236 55 56 160 80 125 
0.419 16 16 16 16 17 17 17 17 17 17 17 17 18 18 18 18 18 19 19 19 20 20 21 21 22 23 25 35 68 91 90 121 147 290 2388 103 49 46 45 45 45 46 50 160 75 115 59 58 87 106 86 103 198 109 160 68 123 42 39 38 38 38 38 40 43 85 187 125 63 63 321 81 272 300 120 60 53 52 53 100 
0.42 16 16 16 16 16 16 17 17 17 17 17 17 17 17 18 18 18 18 18 19 19 19 20 20 21 21 22 23 25 80 65 119 90 190 91 143 74 55 47 46 45 45 46 47 147 194 75 62 58 150 124 89 149 125 79 65 154 41 38 37 37 36 36 36 37 38 39 168 128 98 63 62 147 74 107 210 101 52 51 51 
0.421 16 16 16 16 16 16 16 16 17 17 17 17 17 17 17 17 18 18 18 18 18 19 19 19 20 20 21 21 22 24 26 52 71 103 89 70 186 140 79 49 46 45 45 45 46 49 158 72 123 58 61 75 94 186 96 107 199 42 38 37 36 36 35 35 35 36 36 37 38 42 127 105 63 62 215 74 88 81 52 50 
0.422 16 16 16 16 16 16 16 16 16 16 17 17 17 17 17 17 17 17 18 18 18 18 19 19 19 19 20 20 21 22 22 24 27 108 152 103 127 67 421 92 179 48 46 45 45 45 47 95 133 152 58 59 74 86 94 96 111 206 39 37 36 35 35 35 34 35 35 35 35 36 37 41 110 359 62 63 119 90 106 53 
0.423 15 15 16 16 16 16 16 16 16 16 16 16 17 17 17 17 17 17 17 18 18 18 18 18 19 19 19 19 20 20 21 22 23 24 30 65 299 102 252 67 318 73 51 46 45 45 45 46 49 116 72 60 58 81 83 723 97 65 44 38 36 35 35 34 34 34 34 34 34 34 35 36 37 41 107 90 61 68 73 203 
0.424 15 15 15 15 16 16 16 16 16 16 16 16 16 16 17 17 17 17 17 17 17 18 18 18 18 18 19 19 19 20 20 20 21 22 23 25 57 69 575 109 68 68 454 110 48 46 45 45 45 47 94 75 111 57 87 86 85 113 65 40 37 35 35 34 34 34 33 33 33 34 34 34 35 36 37 42 160 67 61 115 
0.425 15 15 15 15 15 15 16 16 16 16 16 16 16 16 16 16 17 17 17 17 17 17 17 18 18 18 18 18 19 19 19 20 20 21 21 22 23 26 52 200 268 90 65 91 113 53 47 45 45 45 46 49 101 127 58 63 149 92 84 69 39 36 35 34 34 33 33 33 33 33 33 33 34 34 35 35 37 102 83 62 
0.426 15 15 15 15 15 15 15 15 16 16 16 16 16 16 16 16 16 16 17 17 17 17 17 17 17 18 18 18 18 18 19 19 19 20 20 21 21 22 24 27 137 164 573 105 64 244 74 48 46 45 44 45 47 267 71 59 59 89 96 92 148 38 36 35 34 33 33 33 33 33 33 33 33 33 33 34 35 36 38 120 
0.427 15 15 15 15 15 15 15 15 15 15 16 16 16 16 16 16 16 16 16 16 17 17 17 17 17 17 17 18 18 18 18 18 19 19 19 20 20 21 22 23 24 31 70 158 129 67 64 116 83 47 45 44 45 45 50 138 88 57 73 101 57 84 37 35 34 34 33 33 33 32 32 32 32 32 33 33 33 34 35 36 
0.428 15 15 15 15 15 15 15 15 15 15 15 15 16 16 16 16 16 16 16 16 16 16 17 17 17 17 17 17 17 18 18 18 18 18 19 19 19 20 20 21 22 23 25 82 108 123 102 64 69 74 49 46 45 44 45 47 227 106 57 98 68 55 85 37 35 34 33 33 33 32 32 32 32 32 32 32 32 33 33 34 
0.429 15 15 15 15 15 15 15 15 15 15 15 15 15 15 15 16 16 16 16 16 16 16 16 16 17 17 17 17 17 17 17 18 18 18 18 19 19 19 20 20 21 21 22 23 27 92 117 141 94 63 185 72 47 45 44 44 45 51 72 58 63 68 54 85 37 35 34 33 33 32 32 32 32 32 32 32 32 32 32 33 
0.43 14 14 15 15 15 15 15 15 15 15 15 15 15 15 15 15 15 16 16 16 16 16 16 16 16 16 17 17 17 17 17 17 17 18 18 18 18 19 19 19 20 20 21 21 22 24 30 199 105 363 66 63 175 49 46 44 44 45 47 126 110 58 84 53 84 37 35 34 33 32 32 32 32 32 32 31 32 32 32 32 
0.431 14 14 14 14 15 15 15 15 15 15 15 15 15 15 15 15 15 15 15 16 16 16 16 16 16 16 16 16 17 17 17 17 17 17 17 18 18 18 18 19 19 19 20 20 21 22 23 25 86 87 121 108 62 71 123 47 45 44 44 45 78 72 57 88 53 77 37 35 34 33 32 32 32 31 31 31 31 31 31 32 
0.432 14 14 14 14 14 14 15 15 15 15 15 15 15 15 15 15 15 15 15 15 15 16 16 16 16 16 16 16 16 16 17 17 17 17 17 17 18 18 18 18 18 19 19 19 20 20 21 22 23 27 65 122 114 98 62 115 50 45 44 44 45 47 147 58 73 55 65 37 35 33 33 32 32 32 31 31 31 31 31 31 
0.433 14 14 14 14 14 14 14 14 15 15 15 15 15 15 15 15 15 15 15 15 15 15 15 16 16 16 16 16 16 16 16 16 17 17 17 17 17 17 18 18 18 18 18 19 19 20 20 21 21 22 24 31 83 130 157 63 63 92 47 45 44 44 46 145 63 61 82 75 37 35 33 33 32 32 31 31 31 31 31 31 
0.434 14 14 14 14 14 14 14 14 14 14 15 15 15 15 15 15 15 15 15 15 15 15 15 15 15 16 16 16 16 16 16 16 16 16 17 17 17 17 17 17 18 18 18 18 19 19 19 20 20 21 22 23 25 52 316 101 103 61 183 50 45 44 44 45 49 71 57 66 73 37 35 33 32 32 32 31 31 31 31 31 
0.435 14 14 14 14 14 14 14 14 14 14 14 14 14 15 15 15 15 15 15 15 15 15 15 15 15 15 15 16 16 16 16 16 16 16 16 17 17 17 17 17 17 17 18 18 18 18 19 19 19 20 20 21 22 24 28 81 348 79 65 61 76 46 44 44 44 46 88 57 80 53 38 35 33 32 32 31 31 31 31 31 
0.436 14 14 14 14 14 14 14 14 14 14 14 14 14 14 14 15 15 15 15 15 15 15 15 15 15 15 15 15 16 16 16 16 16 16 16 16 16 17 17 17 17 17 17 18 18 18 18 18 19 19 20 20 21 21 23 25 52 102 118 189 61 128 49 45 44 44 45 131 60 72 52 39 35 33 32 32 31 31 31 31 
0.437 14 14 14 14 14 14 14 14 14 14 14 14 14 14 14 14 14 15 15 15 15 15 15 15 15 15 15 15 15 15 16 16 16 16 16 16 16 16 16 17 17 17 17 17 17 18 18 18 18 19 19 19 20 20 21 22 23 26 68 157 80 167 60 75 46 44 44 44 47 71 59 52 41 35 33 32 32 31 31 31 
0.438 14 14 14 14 14 14 14 14 14 14 14 14 14 14 14 14 14 14 14 15 15 15 15 15 15 15 15 15 15 15 15 15 16 16 16 16 16 16 16 16 16 17 17 17 17 17 17 18 18 18 18 19 19 19 20 20 21 22 24 32 150 134 78 61 66 49 45 44 44 45 116 57 97 138 35 33 32 32 31 31 
0.439 14 14 14 14 14 14 14 14 14 14 14 14 14 14 14 14 14 14 14 14 14 15 15 15 15 15 15 15 15 15 15 15 15 15 16 16 16 16 16 16 16 16 16 17 17 17 17 17 17 18 18 18 18 19 19 20 20 21 22 23 25 71 392 113 89 60 88 46 44 44 44 50 58 67 64 36 33 32 32 31 
0.44 13 13 14 14 14 14 14 14 14 14 14 14 14 14 14 14 14 14 14 14 14 14 14 15 15 15 15 15 15 15 15 15 15 15 15 15 16 16 16 16 16 16 16 16 17 17 17 17 17 17 18 18 18 18 19 19 19 20 20 21 22 24 29 140 127 76 61 64 48 44 43 44 46 71 72 55 36 34 32 32 
0.441 13 13 13 13 14 14 14 14 14 14 14 14 14 14 14 14 14 14 14 14 14 14 14 14 14 15 15 15 15 15 15 15 15 15 15 15 15 15 16 16 16 16 16 16 16 16 17 17 17 17 17 17 18 18 18 18 19 19 19 20 21 21 23 25 53 188 368 91 60 70 45 44 43 45 103 58 51 37 34 32 
0.442 13 13 13 13 13 13 14 14 14 14 14 14 14 14 14 14 14 14 14 14 14 14 14 14 14 14 14 15 15 15 15 15 15 15 15 15 15 15 15 15 16 16 16 16 16 16 16 16 17 17 17 17 17 17 18 18 18 18 19 19 20 20 21 22 23 28 610 238 76 61 65 47 44 43 44 48 57 52 38 34 
0.443 13 13 13 13 13 13 13 13 13 14 14 14 14 14 14 14 14 14 14 14 14 14 14 14 14 14 14 14 14 15 15 15 15 15 15 15 15 15 15 15 15 15 16 16 16 16 16 16 16 16 17 17 17 17 17 18 18 18 18 19 19 19 20 20 21 22 25 51 158 91 101 59 55 45 43 43 45 88 65 40 
0.444 13 13 13 13 13 13 13 13 13 13 13 14 14 14 14 14 14 14 14 14 14 14 14 14 14 14 14 14 14 14 14 15 15 15 15 15 15 15 15 15 15 15 15 16 16 16 16 16 16 16 16 17 17 17 17 17 17 18 18 18 18 19 19 20 20 21 22 23 27 223 107 75 60 173 46 44 43 44 144 72 
0.445 13 13 13 13 13 13 13 13 13 13 13 13 13 14 14 14 14 14 14 14 14 14 14 14 14 14 14 14 14 14 14 14 14 15 15 15 15 15 15 15 15 15 15 15 15 16 16 16 16 16 16 16 16 17 17 17 17 17 17 18 18 18 18 19 19 20 20 21 22 25 51 163 90 89 59 49 44 43 44 48 
0.446 13 13 13 13 13 13 13 13 13 13 13 13 13 13 13 14 14 14 14 14 14 14 14 14 14 14 14 14 14 14 14 14 14 14 14 15 15 15 15 15 15 15 15 15 15 15 15 16 16 16 16 16 16 16 16 17 17 17 17 17 18 18 18 18 19 19 19 20 21 22 23 28 152 106 75 60 73 45 43 43 
0.447 13 13 13 13 13 13 13 13 13 13 13 13 13 13 13 13 13 13 14 14 14 14 14 14 14 14 14 14 14 14 14 14 14 14 14 14 14 15 15 15 15 15 15 15 15 15 15 15 15 16 16 16 16 16 16 16 17 17 17 17 17 17 18 18 18 18 19 19 20 20 21 22 25 94 156 89 82 59 47 44 
0.448 13 13 13 13 13 13 13 13 13 13 13 13 13 13 13 13 13 13 13 13 14 14 14 14 14 14 14 14 14 14 14 14 14 14 14 14 14 14 14 15 15 15 15 15 15 15 15 15 15 15 16 16 16 16 16 16 16 16 17 17 17 17 17 17 18 18 18 19 19 19 20 21 22 23 28 63 106 74 59 69 
0.449 13 13 13 13 13 13 13 13 13 13 13 13 13 13 13 13 13 13 13 13 13 13 14 14 14 14 14 14 14 14 14 14 14 14 14 14 14 14 14 14 14 15 15 15 15 15 15 15 15 15 15 15 16 16 16 16 16 16 16 16 17 17 17 17 17 18 18 18 18 19 19 20 20 21 22 25 94 169 88 63 
0.45 13 13 13 13 13 13 13 13 13 13 13 13 13 13 13 13 13 13 13 13 13 13 13 13 14 14 14 14 14 14 14 14 14 14 14 14 14 14 14 14 14 14 14 15 15 15 15 15 15 15 15 15 15 15 16 16 16 16 16 16 16 17 17 17 17 17 17 18 18 18 19 19 19 20 21 22 23 30 60 104 
0.451 13 13 13 13 13 13 13 13 13 13 13 13 13 13 13 13 13 13 13 13 13 13 13 13 13 13 14 14 14 14 14 14 14 14 14 14 14 14 14 14 14 14 14 14 15 15 15 15 15 15 15 15 15 15 15 15 16 16 16 16 16 16 16 17 17 17 17 17 18 18 18 18 19 19 20 20 21 23 25 45 
0.452 13 13 13 13 13 13 13 13 13 13 13 13 13 13 13 13 13 13 13 13 13 13 13 13 13 13 13 13 14 14 14 14 14 14 14 14 14 14 14 14 14 14 14 14 14 14 15 15 15 15 15 15 15 15 15 15 15 16 16 16 16 16 16 16 16 17 17 17 17 17 18 18 18 19 19 19 20 21 22 24 
0.453 12 13 13 13 13 13 13 13 13 13 13 13 13 13 13 13 13 13 13 13 13 13 13 13 13 13 13 13 13 13 14 14 14 14 14 14 14 14 14 14 14 14 14 14 14 14 14 14 15 15 15 15 15 15 15 15 15 15 15 16 16 16 16 16 16 16 17 17 17 17 17 18 18 18 18 19 19 20 20 21 
0.454 12 12 12 13 13 13 13 13 13 13 13 13 13 13 13 13 13 13 13 13 13 13 13 13 13 13 13 13 13 13 13 13 14 14 14 14 14 14 14 14 14 14 14 14 14 14 14 14 14 14 15 15 15 15 15 15 15 15 15 15 15 16 16 16 16 16 16 16 17 17 17 17 17 18 18 18 19 19 19 20 
0.455 12 12 12 12 12 12 13 13 13 13 13 13 13 13 13 13 13 13 13 13 13 13 13 13 13 13 13 13 13 13 13 13 13 13 14 14 14 14 14 14 14 14 14 14 14 14 14 14 14 14 14 14 15 15 15 15 15 15 15 15 15 15 16 16 16 16 16 16 16 17 17 17 17 17 18 18 18 18 19 19 
0.456 12 12 12 12 12 12 12 12 13 13 13 13 13 13 13 13 13 13 13 13 13 13 13 13 13 13 13 13 13 13 13 13 13 13 13 13 14 14 14 14 14 14 14 14 14 14 14 14 14 14 14 14 14 15 15 15 15 15 15 15 15 15 15 15 16 16 16 16 16 16 16 17 17 17 17 17 18 18 18 19 
0.457 12 12 12 12 12 12 12 12 12 12 12 13 13 13 13 13 13 13 13 13 13 13 13 13 13 13 13 13 13 13 13 13 13 13 13 13 13 13 14 14 14 14 14 14 14 14 14 14 14 14 14 14 14 14 14 15 15 15 15 15 15 15 15 15 15 15 16 16 16 16 16 16 17 17 17 17 17 18 18 18 
0.458 12 12 12 12 12 12 12 12 12 12 12 12 12 13 13 13 13 13 13 13 13 13 13 13 13 13 13 13 13 13 13 13 13 13 13 13 13 13 13 13 14 14 14 14 14 14 14 14 14 14 14 14 14 14 14 14 14 15 15 15 15 15 15 15 15 15 15 16 16 16 16 16 16 16 17 17 17 17 17 18 
0.459 12 12 12 12 12 12 12 12 12 12 12 12 12 12 12 13 13 13 13 13 13 13 13 13 13 13 13 13 13 13 13 13 13 13 13 13 13 13 13 13 13 13 14 14 14 14 14 14 14 14 14 14 14 14 14 14 14 14 14 15 15 15 15 15 15 15 15 15 15 16 16 16 16 16 16 16 17 17 17 17 
0.46 12 12 12 12 12 12 12 12 12 12 12 12 12 12 12 12 12 13 13 13 13 13 13 13 13 13 13 13 13 13 13 13 13 13 13 13 13 13 13 13 13 13 13 13 14 14 14 14 14 14 14 14 14 14 14 14 14 14 14 14 15 15 15 15 15 15 15 15 15 15 16 16 16 16 16 16 16 17 17 17 
0.461 12 12 12 12 12 12 12 12 12 12 12 12 12 12 12 12 12 12 12 12 13 13 13 13 13 13 13 13 13 13 13 13 13 13 13 13 13 13 13 13 13 13 13 13 13 13 14 14 14 14 14 14 14 14 14 14 14 14 14 14 14 14 15 15 15 15 15 15 15 15 15 15 16 16 16 16 16 16 16 17 
0.462 12 12 12 12 12 12 12 12 12 12 12 12 12 12 12 12 12 12 12 12 12 12 13 13 13 13 13 13 13 13 13 13 13 13 13 13 13 13 13 13 13 13 13 13 13 13 13 13 14 14 14 14 14 14 14 14 14 14 14 14 14 14 14 14 15 15 15 15 15 15 15 15 15 15 16 16 16 16 16 16 
0.463 12 12 12 12 12 12 12 12 12 12 12 12 12 12 12 12 12 12 12 12 12 12 12 12 13 13 13 13 13 13 13 13 13 13 13 13 13 13 13 13 13 13 13 13 13 13 13 13 13 13 14 14 14 14 14 14 14 14 14 14 14 14 14 14 14 14 15 15 15 15 15 15 15 15 15 16 16 16 16 16 
0.464 12 12 12 12 12 12 12 12 12 12 12 12 12 12 12 12 12 12 12 12 12 12 12 12 12 12 13 13 13 13 13 13 13 13 13 13 13 13 13 13 13 13 13 13 13 13 13 13 13 13 13 13 14 14 14 14 14 14 14 14 14 14 14 14 14 14 14 15 15 15 15 15 15 15 15 15 15 16 16 16 
0.465 12 12 12 12 12 12 12 12 12 12 12 12 12 12 12 12 12 12 12 12 12 12 12 12 12 12 12 12 13 13 13 13 13 13 13 13 13 13 13 13 13 13 13 13 13 13 13 13 13 13 13 13 13 14 14 14 14 14 14 14 14 14 14 14 14 14 14 14 14 15 15 15 15 15 15 15 15 15 16 16 
0.466 12 12 12 12 12 12 12 12 12 12 12 12 12 12 12 12 12 12 12 12 12 12 12 12 12 12 12 12 12 12 12 13 13 13 13 13 13 13 13 13 13 13 13 13 13 13 13 13 13 13 13 13 13 13 13 14 14 14 14 14 14 14 14 14 14 14 14 14 14 14 14 15 15 15 15 15 15 15 15 15 
0.467 12 12 12 12 12 12 12 12 12 12 12 12 12 12 12 12 12 12 12 12 12 12 12 12 12 12 12 12 12 12 12 12 12 13 13 13 13 13 13 13 13 13 13 13 13 13 13 13 13 13 13 13 13 13 13 13 13 14 14 14 14 14 14 14 14 14 14 14 14 14 14 14 15 15 15 15 15 15 15 15 
0.468 12 12 12 12 12 12 12 12 12 12 12 12 12 12 12 12 12 12 12 12 12 12 12 12 12 12 12 12 12 12 12 12 12 12 12 13 13 13 13 13 13 13 13 13 13 13 13 13 13 13 13 13 13 13 13 13 13 13 13 14 14 14 14 14 14 14 14 14 14 14 14 14 14 14 15 15 15 15 15 15 
0.469 12 12 12 12 12 12 12 12 12 12 12 12 12 12 12 12 12 12 12 12 12 12 12 12 12 12 12 12 12 12 12 12 12 12 12 12 12 13 13 13 13 13 13 13 13 13 13 13 13 13 13 13 13 13 13 13 13 13 13 13 13 14 14 14 14 14 14 14 14 14 14 14 14 14 14 15 15 15 15 15 
0.47 12 12 12 12 12 12 12 12 12 12 12 12 12 12 12 12 12 12 12 12 12 12 12 12 12 12 12 12 12 12 12 12 12 12 12 12 12 12 12 13 13 13 13 13 13 13 13 13 13 13 13 13 13 13 13 13 13 13 13 13 13 13 14 14 14 14 14 14 14 14 14 14 14 14 14 14 14 15 15 15 
0.471 11 11 12 12 12 12 12 12 12 12 12 12 12 12 12 12 12 12 12 12 12 12 12 12 12 12 12 12 12 12 12 12 12 12 12 12 12 12 12 12 12 13 13 13 13 13 13 13 13 13 13 13 13 13 13 13 13 13 13 13 13 13 13 13 14 14 14 14 14 14 14 14 14 14 14 14 14 14 14 15 
0.472 11 11 11 11 11 12 12 12 12 12 12 12 12 12 12 12 12 12 12 12 12 12 12 12 12 12 12 12 12 12 12 12 12 12 12 12 12 12 12 12 12 12 12 13 13 13 13 13 13 13 13 13 13 13 13 13 13 13 13 13 13 13 13 13 13 13 14 14 14 14 14 14 14 14 14 14 14 14 14 14 
0.473 11 11 11 11 11 11 11 12 12 12 12 12 12 12 12 12 12 12 12 12 12 12 12 12 12 12 12 12 12 12 12 12 12 12 12 12 12 12 12 12 12 12 12 12 12 13 13 13 13 13 13 13 13 13 13 13 13 13 13 13 13 13 13 13 13 13 13 13 14 14 14 14 14 14 14 14 14 14 14 14 
0.474 11 11 11 11 11 11 11 11 11 11 12 12 12 12 12 12 12 12 12 12 12 12 12 12 12 12 12 12 12 12 12 12 12 12 12 12 12 12 12 12 12 12 12 12 12 12 12 13 13 13 13 13 13 13 13 13 13 13 13 13 13 13 13 13 13 13 13 13 13 14 14 14 14 14 14 14 14 14 14 14 
0.475 11 11 11 11 11 11 11 11 11 11 11 11 12 12 12 12 12 12 12 12 12 12 12 12 12 12 12 12 12 12 12 12 12 12 12 12 12 12 12 12 12 12 12 12 12 12 12 12 12 13 13 13 13 13 13 13 13 13 13 13 13 13 13 13 13 13 13 13 13 13 13 14 14 14 14 14 14 14 14 14 
0.476 11 11 11 11 11 11 11 11 11 11 11 11 11 11 11 12 12 12 12 12 12 12 12 12 12 12 12 12 12 12 12 12 12 12 12 12 12 12 12 12 12 12 12 12 12 12 12 12 12 12 12 13 13 13 13 13 13 13 13 13 13 13 13 13 13 13 13 13 13 13 13 13 13 14 14 14 14 14 14 14 
0.477 11 11 11 11 11 11 11 11 11 11 11 11 11 11 11 11 11 12 12 12 12 12 12 12 12 12 12 12 12 12 12 12 12 12 12 12 12 12 12 12 12 12 12 12 12 12 12 12 12 12 12 12 12 13 13 13 13 13 13 13 13 13 13 13 13 13 13 13 13 13 13 13 13 13 14 14 14 14 14 14 
0.478 11 11 11 11 11 11 11 11 11 11 11 11 11 11 11 11 11 11 11 12 12 12 12 12 12 12 12 12 12 12 12 12 12 12 12 12 12 12 12 12 12 12 12 12 12 12 12 12 12 12 12 12 12 12 12 13 13 13 13 13 13 13 13 13 13 13 13 13 13 13 13 13 13 13 13 13 14 14 14 14 
0.479 11 11 11 11 11 11 11 11 11 11 11 11 11 11 11 11 11 11 11 11 11 11 12 12 12 12 12 12 12 12 12 12 12 12 12 12 12 12 12 12 12 12 12 12 12 12 12 12 12 12 12 12 12 12 12 12 13 13 13 13 13 13 13 13 13 13 13 13 13 13 13 13 13 13 13 13 13 13 14 14 
