epsilon_k[0] 0.1
epsilon_k[0] 2.18e-05
epsilon_k[0] 7.08e-05
epsilon_k[0] 2.54e-05
epsilon_k[0] 1e-05
epsilon_k[0] 7.8e-06
epsilon_k[0] 0.218
omega_x0 0.168
omega_y0 0.201
dx 0.01
n_theta 100
dtheta 0.00785398
epsilon 1
max_turns 10000000
from_angle 96
to_angle 101
0.753982 1e+07 1e+07 1e+07 1e+07 1e+07 1e+07 1e+07 1e+07 1e+07 1e+07 1e+07 1e+07 1e+07 1e+07 1e+07 1e+07 1.71037e+06 1.4425e+06 1.4425e+06 197942 58419 58419 39979 32528 8925 8625 8625 8625 8625 8625 8625 8625 8625 8625 7352 3076 2710 1427 1427 1427 1199 1199 1199 1189 905 
0.761836 1e+07 1e+07 1e+07 1e+07 1e+07 1e+07 1e+07 1e+07 1e+07 1e+07 1e+07 1e+07 1e+07 1e+07 9.92937e+06 9.92937e+06 1.71314e+06 1.17317e+06 1.17317e+06 131270 66001 64496 53840 11684 7144 7144 7144 7144 7144 7144 7144 7144 7144 7144 3512 3512 3512 1343 1272 1272 1272 944 
0.76969 1e+07 1e+07 1e+07 1e+07 1e+07 1e+07 1e+07 1e+07 1e+07 1e+07 1e+07 1e+07 1e+07 1e+07 1e+07 1e+07 4.97898e+06 1.32563e+06 293823 293823 19332 19332 19332 19332 19332 7563 7563 7563 7563 7563 7563 7563 4461 4461 3881 2711 2711 2711 1819 1819 1819 1819 1819 1352 539 
0.777544 1e+07 1e+07 1e+07 1e+07 1e+07 1e+07 1e+07 1e+07 1e+07 1e+07 1e+07 1e+07 1e+07 1e+07 1e+07 1e+07 8.53103e+06 1.15106e+06 321614 321614 23773 8363 8363 8363 8363 8363 8363 8363 8363 8363 8363 8363 8363 8363 6222 6222 3511 3511 1273 1030 1030 987 
0.785398 1e+07 1e+07 1e+07 1e+07 1e+07 1e+07 1e+07 1e+07 1e+07 1e+07 1e+07 1e+07 1e+07 1e+07 1e+07 1e+07 4.0542e+06 695442 695442 31448 31448 31448 31448 12636 12636 12636 11766 9793 9793 9793 9793 4753 4753 4753 2767 2767 2767 2767 2767 2711 2711 2711 2711 1280 1205 547 
0.793252 1e+07 1e+07 1e+07 1e+07 1e+07 1e+07 1e+07 1e+07 1e+07 1e+07 1e+07 1e+07 1e+07 1e+07 1e+07 1e+07 1e+07 965513 632396 159118 17619 17619 14358 9660 9660 9660 9660 9660 9081 7203 6546 6546 6546 6418 5611 4961 1853 1853 1853 1853 1853 972 
