epsilon_k[0] 0.0001
epsilon_k[1] 2.18e-05
epsilon_k[2] 7.08e-05
epsilon_k[3] 2.54e-05
epsilon_k[4] 1e-05
epsilon_k[5] 7.8e-06
epsilon_k[6] 2.18e-05
omega_x0 0.168
omega_y0 0.201
dx 0.01
n_theta 100
dtheta 0.015708
epsilon 48
max_turns 10000000
from_angle 60
to_angle 65
0.942478 1e+07 1e+07 1e+07 1e+07 1e+07 1e+07 1e+07 1e+07 1e+07 1e+07 1e+07 1e+07 1e+07 1e+07 1e+07 1e+07 1e+07 1e+07 1e+07 1e+07 1e+07 1e+07 1e+07 1e+07 1e+07 1e+07 1e+07 1e+07 1e+07 1e+07 1e+07 1e+07 1e+07 1e+07 1e+07 1e+07 1.56557e+06 1.54226e+06 206370 1e+07 387417 19009 29250 15035 50786 7090 17136 16554 2301 2302 38825 6833 2575 2785 2820 529 795 249 2362 316 283 859 539 139 295 180 65 57 16 29 22 15 47 65 34 49 20 14 17 16 20 9 8 7 7 7 7 7 6 6 6 6 6 6 6 6 6 6 6 5 
0.958186 1e+07 1e+07 1e+07 1e+07 1e+07 1e+07 1e+07 1e+07 1e+07 1e+07 1e+07 1e+07 1e+07 1e+07 1e+07 1e+07 1e+07 1e+07 1e+07 1e+07 1e+07 1e+07 1e+07 1e+07 1e+07 1e+07 1e+07 1e+07 1e+07 1e+07 1e+07 1e+07 1e+07 1e+07 1e+07 1e+07 1e+07 1e+07 223513 45596 119261 46486 25983 25884 3691 17038 5367 6984 12408 34698 4780 4292 1446 1610 602 13182 1047 2724 3574 207 277 179 345 64 96 55 96 17 22 84 24 178 119 113 31 17 16 30 29 10 8 8 7 7 7 7 6 6 6 6 6 6 6 6 6 6 6 5 5 5 
0.973894 1e+07 1e+07 1e+07 1e+07 1e+07 1e+07 1e+07 1e+07 1e+07 1e+07 1e+07 1e+07 1e+07 1e+07 1e+07 1e+07 1e+07 1e+07 1e+07 1e+07 1e+07 1e+07 1e+07 1e+07 1e+07 1e+07 1e+07 1e+07 1e+07 1e+07 1e+07 1e+07 1e+07 1e+07 1e+07 1e+07 8.83769e+06 1.19409e+06 251636 78915 147546 41614 5828 16304 20407 8132 8352 14641 663 5011 1422 1630 962 762 10066 596 3361 1370 336 438 424 160 66 414 71 25 17 32 37 23 70 36 141 82 15 23 18 26 9 8 8 7 7 7 7 6 6 6 6 6 6 6 6 6 6 6 5 5 5 5 
0.989602 1e+07 1e+07 1e+07 1e+07 1e+07 1e+07 1e+07 1e+07 1e+07 1e+07 1e+07 1e+07 1e+07 1e+07 1e+07 1e+07 1e+07 1e+07 1e+07 1e+07 1e+07 1e+07 1e+07 1e+07 1e+07 1e+07 1e+07 1e+07 1e+07 1e+07 1e+07 1e+07 1e+07 1e+07 1e+07 1e+07 1e+07 3.46425e+06 397622 941834 43060 77227 58244 2958 6461 17063 12823 10091 13493 5660 4610 4370 877 553 3362 11266 1101 1628 425 288 554 299 108 126 42 17 37 154 108 69 43 111 54 16 32 26 80 9 8 8 7 7 7 7 6 6 6 6 6 6 6 6 6 6 6 5 5 5 5 5 
1.00531 1e+07 1e+07 1e+07 1e+07 1e+07 1e+07 1e+07 1e+07 1e+07 1e+07 1e+07 1e+07 1e+07 1e+07 1e+07 1e+07 1e+07 1e+07 1e+07 1e+07 1e+07 1e+07 1e+07 1e+07 1e+07 1e+07 1e+07 1e+07 1e+07 1e+07 1e+07 1e+07 1e+07 1e+07 1e+07 1e+07 7.23321e+06 5.00633e+06 1.53847e+06 84660 74486 40678 17926 16936 8815 11977 39397 19434 3950 12797 2675 1002 3752 1598 88636 4551 2426 408 309 339 416 167 52 434 280 18 55 168 35 41 113 64 29 15 35 48 10 8 8 7 7 7 7 7 6 6 6 6 6 6 6 6 6 6 5 5 5 5 5 5 
