epsilon_k[0]0.1
epsilon_k[0]2.18e-05
epsilon_k[0]7.08e-05
epsilon_k[0]2.54e-05
epsilon_k[0]1e-05
epsilon_k[0]7.8e-06
epsilon_k[0]0.218
omega_x01.05558
omega_y01.26292
dx 0.01
n_theta 100
dtheta 0.00785398
epsilon 2
max_turns 10000000
from_angle 72
to_angle 80
0.565487 1e+07 1e+07 1e+07 1e+07 1e+07 1e+07 1e+07 1e+07 1.03221e+06 483951 483951 106467 106467 52638 43417 23919 23919 14298 14298 3957 3957 1349 1349 959 
0.573341 1e+07 1e+07 1e+07 1e+07 1e+07 1e+07 1e+07 1e+07 4.83971e+06 3.45552e+06 1.62734e+06 710600 171568 19653 19653 19653 15958 15958 15958 15958 5683 1818 1814 1814 1814 410 
0.581195 1e+07 1e+07 1e+07 1e+07 1e+07 1e+07 1e+07 8.54191e+06 8.54191e+06 1.8079e+06 122669 122669 75934 75934 9086 9086 9086 7287 7276 7276 6807 3887 1275 1275 1275 1275 408 
0.589049 1e+07 1e+07 1e+07 1e+07 1e+07 1e+07 1e+07 1e+07 5.80646e+06 830262 274434 128959 63920 52498 52498 37805 10488 10488 6401 6401 3557 3557 1134 892 
0.596903 1e+07 1e+07 1e+07 1e+07 1e+07 1e+07 1e+07 1e+07 3.86484e+06 1.14791e+06 307870 247305 247305 163535 13210 13210 13210 13210 10031 5678 5678 1421 1270 1126 1126 411 
0.604757 1e+07 1e+07 1e+07 1e+07 1e+07 1e+07 1e+07 9.92989e+06 3.67096e+06 1.1629e+06 234722 196679 196679 153588 17988 15960 15960 15960 15960 12502 12502 4674 1424 1424 878 
0.612611 1e+07 1e+07 1e+07 1e+07 1e+07 1e+07 1e+07 1e+07 3.59507e+06 503768 503768 503768 74739 55101 24392 13357 13357 13357 13357 12564 2638 2638 2638 2638 2638 405 
0.620465 1e+07 1e+07 1e+07 1e+07 1e+07 1e+07 1e+07 6.32085e+06 3.1796e+06 1.23053e+06 344252 344252 41065 41065 41065 41065 36935 24870 14229 7343 3814 3802 1208 945 
0.628319 1e+07 1e+07 1e+07 1e+07 1e+07 1e+07 1e+07 1e+07 6.59211e+06 6.34116e+06 442746 344037 344037 107183 107183 14915 14915 6967 6967 6967 6561 1773 484 
