epsilon_k[0] 0.0001
epsilon_k[1] 2.18e-05
epsilon_k[2] 7.08e-05
epsilon_k[3] 2.54e-05
epsilon_k[4] 1e-05
epsilon_k[5] 7.8e-06
epsilon_k[6] 2.18e-05
omega_x0 0.168
omega_y0 0.201
dx 0.01
n_theta 100
dtheta 0.015708
epsilon 18
max_turns 10000000
from_angle 10
to_angle 15
0.15708 1e+07 1e+07 1e+07 1e+07 1e+07 1e+07 1e+07 1e+07 1e+07 1e+07 1e+07 1e+07 1e+07 1e+07 1e+07 1e+07 1e+07 1e+07 1e+07 1e+07 1e+07 1e+07 1e+07 1e+07 1e+07 1e+07 1e+07 1e+07 1e+07 1e+07 1e+07 1e+07 1e+07 1e+07 1e+07 1e+07 1e+07 1e+07 1e+07 1e+07 1e+07 1e+07 1e+07 1e+07 7.23448e+06 4.22414e+06 1.40463e+06 214319 167881 1.97901e+06 1e+07 1e+07 1e+07 1e+07 2.8885e+06 1.19946e+06 190096 213447 132265 32628 48200 40169 12867 1598 7844 5053 3195 3554 3852 12632 1855 1080 1061 1611 620 207 2668 674 207 359 180 151 324 818 206 575 92 800 83 8 7 7 6 6 6 6 6 6 5 5 
0.172788 1e+07 1e+07 1e+07 1e+07 1e+07 1e+07 1e+07 1e+07 1e+07 1e+07 1e+07 1e+07 1e+07 1e+07 1e+07 1e+07 1e+07 1e+07 1e+07 1e+07 1e+07 1e+07 1e+07 1e+07 1e+07 1e+07 1e+07 1e+07 1e+07 1e+07 1e+07 1e+07 1e+07 1e+07 1e+07 1e+07 1e+07 1e+07 1e+07 1e+07 1e+07 1e+07 1e+07 1e+07 5.1268e+06 4.05805e+06 7.99552e+06 74533 792729 1.12533e+06 1e+07 8.9647e+06 1e+07 1e+07 2.84182e+06 5.07814e+06 3.52314e+06 89376 108152 99567 71237 66916 4485 8133 8563 1177 5072 6719 753 1757 971 1423 678 989 625 4141 455 371 79 116 70 288 189 457 38 447 112 32 445 9 8 7 7 6 6 6 6 6 5 5 
0.188496 1e+07 1e+07 1e+07 1e+07 1e+07 1e+07 1e+07 1e+07 1e+07 1e+07 1e+07 1e+07 1e+07 1e+07 1e+07 1e+07 1e+07 1e+07 1e+07 1e+07 1e+07 1e+07 1e+07 1e+07 1e+07 1e+07 1e+07 1e+07 1e+07 1e+07 1e+07 1e+07 1e+07 1e+07 1e+07 1e+07 1e+07 1e+07 1e+07 1e+07 1e+07 1e+07 1e+07 1e+07 1e+07 2.03568e+06 883883 2.15681e+06 212979 128445 196819 4.35969e+06 4.12058e+06 1e+07 3.84608e+06 5.03083e+06 277327 38553 38438 19935 307733 10649 5946 2808 19506 2772 3605 9197 1875 1189 646 3462 1637 4896 6628 1029 242 201 145 81 247 40 1976 4591 123 88 93 49 15 87 9 7 7 7 6 6 6 6 6 5 
0.204204 1e+07 1e+07 1e+07 1e+07 1e+07 1e+07 1e+07 1e+07 1e+07 1e+07 1e+07 1e+07 1e+07 1e+07 1e+07 1e+07 1e+07 1e+07 1e+07 1e+07 1e+07 1e+07 1e+07 1e+07 1e+07 1e+07 1e+07 1e+07 1e+07 1e+07 1e+07 1e+07 1e+07 1e+07 1e+07 1e+07 1e+07 1e+07 1e+07 1e+07 1e+07 1e+07 1e+07 1e+07 1e+07 5.70433e+06 4.49032e+06 181591 185354 246306 79972 290174 1e+07 1.00484e+06 7.60063e+06 509980 457511 107414 18002 30501 23061 3924 10296 3491 1397 2056 1892 1003 2418 20357 2324 1333 7760 3516 806 1105 549 837 334 295 594 155 47 175 151 28 233 48 55 15 16 9 7 7 7 6 6 6 6 6 
0.219911 1e+07 1e+07 1e+07 1e+07 1e+07 1e+07 1e+07 1e+07 1e+07 1e+07 1e+07 1e+07 1e+07 1e+07 1e+07 1e+07 1e+07 1e+07 1e+07 1e+07 1e+07 1e+07 1e+07 1e+07 1e+07 1e+07 1e+07 1e+07 1e+07 1e+07 1e+07 1e+07 1e+07 1e+07 1e+07 1e+07 1e+07 1e+07 1e+07 1e+07 1e+07 1e+07 1e+07 1e+07 1e+07 1e+07 2.71746e+06 473047 207762 90704 44940 75989 2.13437e+06 211507 5.10226e+06 7.17639e+06 48474 17140 28260 20067 41049 2584 7390 3089 1111 9426 1111 896 624 7657 1263 895 1803 2708 805 825 185 558 231 121 462 446 154 98 412 145 16 68 369 43 15 16 9 7 7 7 6 6 6 6 
0.235619 1e+07 1e+07 1e+07 1e+07 1e+07 1e+07 1e+07 1e+07 1e+07 1e+07 1e+07 1e+07 1e+07 1e+07 1e+07 1e+07 1e+07 1e+07 1e+07 1e+07 1e+07 1e+07 1e+07 1e+07 1e+07 1e+07 1e+07 1e+07 1e+07 1e+07 1e+07 1e+07 1e+07 1e+07 1e+07 1e+07 1e+07 1e+07 1e+07 1e+07 1e+07 1e+07 1e+07 1e+07 1e+07 4.26481e+06 3.73706e+06 699701 632191 159127 59675 21029 51484 95489 27698 361002 73257 63118 38860 62167 2218 6627 46277 2151 12087 1352 2109 6210 2167 555 6201 1463 883 1178 557 360 234 351 1228 150 1222 164 165 124 232 82 75 15 28 66 90 15 409 9 8 7 7 6 6 6 
