epsilon_k[0] 0.0001
epsilon_k[1] 2.18e-05
epsilon_k[2] 7.08e-05
epsilon_k[3] 2.54e-05
epsilon_k[4] 1e-05
epsilon_k[5] 7.8e-06
epsilon_k[6] 2.18e-05
omega_x0 0.168
omega_y0 0.201
dx 0.01
n_theta 100
dtheta 0.015708
epsilon 44
max_turns 10000000
from_angle 25
to_angle 30
0.392699 1e+07 1e+07 1e+07 1e+07 1e+07 1e+07 1e+07 1e+07 1e+07 1e+07 1e+07 1e+07 1e+07 1e+07 1e+07 1e+07 1e+07 1e+07 1e+07 1e+07 1e+07 1e+07 1e+07 1e+07 1e+07 1e+07 1e+07 8.4369e+06 1e+07 1e+07 1e+07 1e+07 9.55716e+06 1e+07 6.39252e+06 1e+07 4.57112e+06 6.54371e+06 1e+07 5.44342e+06 3.05934e+06 3.72074e+06 6.28947e+06 1e+07 2.93652e+06 270683 1.96401e+06 296729 5.08864e+06 263120 342399 36857 13713 10023 41699 5093 17845 5814 7519 3426 2102 4797 24178 128944 761 6954 3903 1119 643 3676 235 107 447 26 78 27 26 169 59 166 42 225 19 106 31 13 12 12 12 12 13 21 168 165 94 65 59 41 20 68 
0.408407 1e+07 1e+07 1e+07 1e+07 1e+07 1e+07 1e+07 1e+07 1e+07 1e+07 1e+07 1e+07 1e+07 1e+07 1e+07 1e+07 1e+07 1e+07 1e+07 1e+07 1e+07 1e+07 1e+07 1e+07 1e+07 1e+07 1e+07 1e+07 1e+07 1e+07 1e+07 1e+07 1e+07 3.56503e+06 1e+07 1e+07 1e+07 3.2122e+06 2.47689e+06 1e+07 6.91806e+06 5.94668e+06 1e+07 576623 2.78798e+06 501728 5.75551e+06 3.11818e+06 335664 360767 43971 13827 545794 26875 12521 169113 6788 155101 32147 1350 8072 884 299 1449 253 850 741 307 162 167 144 213 57 128 105 61 46 102 27 20 78 133 56 31 18 23 15 12 12 11 11 11 12 13 19 42 71 31 54 17 
0.424115 1e+07 1e+07 1e+07 1e+07 1e+07 1e+07 1e+07 1e+07 1e+07 1e+07 1e+07 1e+07 1e+07 1e+07 1e+07 1e+07 1e+07 1e+07 1e+07 1e+07 1e+07 1e+07 1e+07 1e+07 1e+07 1e+07 1e+07 1e+07 1e+07 1e+07 5.53e+06 1e+07 1e+07 1e+07 5.24832e+06 9.37006e+06 6.68387e+06 3.765e+06 2.44682e+06 3.72416e+06 1.23829e+06 2.10429e+06 7.45143e+06 8.12682e+06 1.08739e+06 1.16461e+06 2.10902e+06 612234 116879 503477 206910 556410 257163 11363 8501 13917 9738 23239 1354 2178 12796 3162 11319 1329 760 556 870 444 384 196 88 109 71 319 38 43 99 29 29 25 329 76 18 83 75 145 22 40 20 12 11 11 11 11 11 11 12 18 17 21 
0.439823 1e+07 1e+07 1e+07 1e+07 1e+07 1e+07 1e+07 1e+07 1e+07 1e+07 1e+07 1e+07 1e+07 1e+07 1e+07 1e+07 1e+07 1e+07 1e+07 1e+07 1e+07 1e+07 1e+07 1e+07 1e+07 1e+07 1e+07 1e+07 1e+07 1e+07 1e+07 1e+07 1e+07 1e+07 1e+07 8.35957e+06 1e+07 947095 1e+07 3.34936e+06 3.14927e+06 568340 1e+07 1.29812e+06 614911 1.83605e+06 2.95678e+06 327248 497327 64968 73471 121325 95212 25216 25989 16356 15118 1125 10938 768 569 160374 1175 1239 3156 189 166 328 165 132 722 259 51 45 51 53 32 56 146 243 44 33 53 240 144 28 17 28 41 21 23 14 11 11 11 10 10 10 10 10 
0.455531 1e+07 1e+07 1e+07 1e+07 1e+07 1e+07 1e+07 1e+07 1e+07 1e+07 1e+07 1e+07 1e+07 1e+07 1e+07 1e+07 1e+07 1e+07 1e+07 1e+07 1e+07 1e+07 1e+07 1e+07 1e+07 1e+07 1e+07 1e+07 1e+07 1e+07 1e+07 9.66801e+06 3.1126e+06 9.46071e+06 1e+07 3.02948e+06 1e+07 5.32979e+06 1e+07 6.46784e+06 1e+07 1e+07 2.09391e+06 494620 3.79704e+06 966625 885912 446125 2.30895e+06 451922 121663 77228 21953 57844 17675 6816 14497 9339 17118 6248 1696 1115 591 268 5763 711 232 292 405 351 56 141 95 57 215 122 84 132 55 112 81 44 37 24 53 34 16 15 15 35 25 16 29 15 15 12 11 10 10 10 
