epsilon_k[0] 0.0001
epsilon_k[1] 2.18e-05
epsilon_k[2] 7.08e-05
epsilon_k[3] 2.54e-05
epsilon_k[4] 1e-05
epsilon_k[5] 7.8e-06
epsilon_k[6] 2.18e-05
omega_x0 0.168
omega_y0 0.201
dx 0.01
n_theta 100
dtheta 0.015708
epsilon 48
max_turns 10000000
from_angle 15
to_angle 20
0.235619 1e+07 1e+07 1e+07 1e+07 1e+07 1e+07 1e+07 1e+07 1e+07 1e+07 1e+07 1e+07 1e+07 1e+07 1e+07 1e+07 1e+07 1e+07 1e+07 1e+07 1e+07 1e+07 1e+07 1e+07 1e+07 1e+07 1e+07 1e+07 1e+07 1e+07 1e+07 1e+07 1e+07 1e+07 1e+07 1e+07 1e+07 1e+07 1e+07 8.71273e+06 8.53966e+06 5.81698e+06 2.42001e+06 444823 3.20178e+06 1e+07 8.86743e+06 126113 154549 66057 46948 31855 10483 12734 14398 14911 4810 39227 59080 34033 3247 6940 14320 8092 9822 2244 533 675 4023 6666 2478 3666 4273 300 3709 113 560 4841 244 1923 192 35 71 92 96 92 38 43 16 23 34 43 15 52 9 8 7 7 6 6 
0.251327 1e+07 1e+07 1e+07 1e+07 1e+07 1e+07 1e+07 1e+07 1e+07 1e+07 1e+07 1e+07 1e+07 1e+07 1e+07 1e+07 1e+07 1e+07 1e+07 1e+07 1e+07 1e+07 1e+07 1e+07 1e+07 1e+07 1e+07 1e+07 1e+07 1e+07 1e+07 8.68253e+06 1e+07 1e+07 1e+07 1e+07 1e+07 1e+07 1e+07 7.48886e+06 5.749e+06 4.99073e+06 467454 1.7101e+06 209257 1e+07 5.49733e+06 1.45962e+06 91782 875438 82503 42954 7593 32781 62050 14213 29900 13460 8111 6112 4511 3361 3146 1282 3789 873 3493 7718 1060 3287 1185 371 2118 13864 738 150 84 235 280 153 172 109 103 50 24 130 116 112 153 15 21 20 23 16 21 37 8 7 7 7 
0.267035 1e+07 1e+07 1e+07 1e+07 1e+07 1e+07 1e+07 1e+07 1e+07 1e+07 1e+07 1e+07 1e+07 1e+07 1e+07 1e+07 1e+07 1e+07 1e+07 1e+07 1e+07 1e+07 1e+07 1e+07 1e+07 1e+07 1e+07 1e+07 1e+07 1e+07 1e+07 1e+07 1e+07 1e+07 1e+07 1e+07 1e+07 1e+07 3.16147e+06 9.95283e+06 641325 3.42355e+06 2.05392e+06 2.18024e+06 7.58467e+06 939748 5.34096e+06 370397 319615 21211 31573 32096 316805 95302 17584 37381 7278 5430 5129 11678 7135 5639 7150 1510 13194 827 1371 5991 442 339 1203 354 608 975 209 187 181 431 70 1366 10410 101 62 203 3317 54 21 715 61 181 14 36 27 26 519 17 115 38 8 8 
0.282743 1e+07 1e+07 1e+07 1e+07 1e+07 1e+07 1e+07 1e+07 1e+07 1e+07 1e+07 1e+07 1e+07 1e+07 1e+07 1e+07 1e+07 1e+07 1e+07 1e+07 1e+07 1e+07 1e+07 1e+07 1e+07 1e+07 1e+07 1e+07 1e+07 1e+07 1e+07 1e+07 1e+07 1e+07 2.44671e+06 1e+07 1e+07 1e+07 6.81316e+06 5.04706e+06 3.82853e+06 307659 4.11862e+06 1e+07 309584 4.28568e+06 1e+07 244864 21231 354897 17408 52190 19674 18411 17774 136575 3275 8489 6362 4978 11492 4837 2145 5997 1539 1794 1152 1151 207 1948 1459 4251 66 425 610 338 997 168 61 171 1020 97 163 41 27 218 59 24 20 234 215 14 14 153 373 70 186 88 47 17 
0.298451 1e+07 1e+07 1e+07 1e+07 1e+07 1e+07 1e+07 1e+07 1e+07 1e+07 1e+07 1e+07 1e+07 1e+07 1e+07 1e+07 1e+07 1e+07 1e+07 1e+07 1e+07 1e+07 1e+07 1e+07 1e+07 1e+07 1e+07 1e+07 1e+07 7.50977e+06 5.81906e+06 1e+07 8.74421e+06 3.53255e+06 1e+07 8.08976e+06 6.65146e+06 6.49551e+06 9.60972e+06 6.58007e+06 4.01558e+06 969127 1.60718e+06 1.88605e+06 1e+07 572867 294201 73426 185557 33019 510004 18761 12003 10397 41330 41231 106773 12734 24485 5768 7230 397 2041 1642 6411 3008 456 418 5721 916 544 1118 326 207 110 143 513 221 1216 33 71 99 102 140 28 53 38 279 85 320 19 57 103 13 22 20 35 39 21 17 
