epsilon_k[0] 0.0001
epsilon_k[1] 2.18e-05
epsilon_k[2] 7.08e-05
epsilon_k[3] 2.54e-05
epsilon_k[4] 1e-05
epsilon_k[5] 7.8e-06
epsilon_k[6] 2.18e-05
omega_x0 0.168
omega_y0 0.201
dx 0.01
n_theta 100
dtheta 0.015708
epsilon 36
max_turns 10000000
from_angle 20
to_angle 30
0.314159 1e+07 1e+07 1e+07 1e+07 1e+07 1e+07 1e+07 1e+07 1e+07 1e+07 1e+07 1e+07 1e+07 1e+07 1e+07 1e+07 1e+07 1e+07 1e+07 1e+07 1e+07 1e+07 1e+07 1e+07 1e+07 1e+07 1e+07 1e+07 1e+07 1e+07 1e+07 1e+07 1e+07 1e+07 1e+07 1e+07 1e+07 1e+07 1e+07 1e+07 1e+07 6.45346e+06 6.45346e+06 2.69009e+06 626506 626506 626506 134456 126362 63307 51398 17329 17329 17329 5851 5210 5210 5210 5210 5210 3632 679 
0.329867 1e+07 1e+07 1e+07 1e+07 1e+07 1e+07 1e+07 1e+07 1e+07 1e+07 1e+07 1e+07 1e+07 1e+07 1e+07 1e+07 1e+07 1e+07 1e+07 1e+07 1e+07 1e+07 1e+07 1e+07 1e+07 1e+07 1e+07 1e+07 1e+07 1e+07 1e+07 1e+07 1e+07 1e+07 8.01692e+06 8.01692e+06 8.01692e+06 8.01692e+06 8.01692e+06 8.01692e+06 8.01692e+06 5.71329e+06 5.71329e+06 5.71329e+06 585835 585835 585835 193025 193025 193025 59245 26391 26391 26391 14198 14198 5058 5058 5058 5058 4747 2423 1665 383 
0.345575 1e+07 1e+07 1e+07 1e+07 1e+07 1e+07 1e+07 1e+07 1e+07 1e+07 1e+07 1e+07 1e+07 1e+07 1e+07 1e+07 1e+07 1e+07 1e+07 1e+07 1e+07 1e+07 1e+07 1e+07 1e+07 1e+07 1e+07 1e+07 1e+07 1e+07 1e+07 1e+07 1e+07 1e+07 1e+07 1e+07 1e+07 7.93714e+06 7.93714e+06 7.93714e+06 7.93714e+06 2.01172e+06 2.01172e+06 2.01172e+06 2.01172e+06 641080 230226 230226 148717 73797 73797 23024 23024 23024 23024 23024 17617 11142 5766 5766 2545 2545 1290 1290 1290 378 
0.361283 1e+07 1e+07 1e+07 1e+07 1e+07 1e+07 1e+07 1e+07 1e+07 1e+07 1e+07 1e+07 1e+07 1e+07 1e+07 1e+07 1e+07 1e+07 1e+07 1e+07 1e+07 1e+07 1e+07 1e+07 1e+07 1e+07 1e+07 1e+07 1e+07 1e+07 1e+07 1e+07 6.52071e+06 6.52071e+06 6.52071e+06 6.52071e+06 6.52071e+06 6.52071e+06 6.52071e+06 4.6955e+06 4.6955e+06 4.6955e+06 4.6955e+06 4.6955e+06 2.20684e+06 2.00386e+06 1.67663e+06 1.67663e+06 367867 67763 67763 67763 44460 40731 9305 5385 5385 5385 5157 5157 2129 1432 609 
0.376991 1e+07 1e+07 1e+07 1e+07 1e+07 1e+07 1e+07 1e+07 1e+07 1e+07 1e+07 1e+07 1e+07 1e+07 1e+07 1e+07 1e+07 1e+07 1e+07 1e+07 1e+07 1e+07 1e+07 1e+07 1e+07 1e+07 1e+07 1e+07 1e+07 1e+07 1e+07 1e+07 1e+07 1e+07 1e+07 5.90538e+06 5.90538e+06 5.90538e+06 5.90538e+06 5.90538e+06 5.90538e+06 5.90538e+06 5.90538e+06 4.8714e+06 630453 585453 585453 585453 430397 95544 95544 95544 95544 26666 25934 7584 7584 7584 6908 6908 4178 1838 1838 1838 1838 1838 149 
0.392699 1e+07 1e+07 1e+07 1e+07 1e+07 1e+07 1e+07 1e+07 1e+07 1e+07 1e+07 1e+07 1e+07 1e+07 1e+07 1e+07 1e+07 1e+07 1e+07 1e+07 1e+07 1e+07 1e+07 1e+07 1e+07 1e+07 1e+07 1e+07 1e+07 1e+07 1e+07 1e+07 1e+07 1e+07 8.8905e+06 8.8905e+06 8.8905e+06 5.81431e+06 5.81431e+06 5.81431e+06 5.81431e+06 5.81431e+06 5.81431e+06 5.81431e+06 2.83139e+06 2.83139e+06 2.83139e+06 411662 411662 154350 59681 59681 59681 23579 23579 18964 7938 7938 7938 6932 6932 1976 1976 504 
0.408407 1e+07 1e+07 1e+07 1e+07 1e+07 1e+07 1e+07 1e+07 1e+07 1e+07 1e+07 1e+07 1e+07 1e+07 1e+07 1e+07 1e+07 1e+07 1e+07 1e+07 1e+07 1e+07 1e+07 1e+07 1e+07 1e+07 1e+07 1e+07 1e+07 1e+07 1e+07 1e+07 1e+07 6.12531e+06 5.03995e+06 5.03995e+06 5.03995e+06 5.03995e+06 5.03995e+06 5.03995e+06 3.80246e+06 3.80246e+06 3.5066e+06 3.5066e+06 3.5066e+06 3.5066e+06 1.56604e+06 107013 107013 107013 91505 52252 52252 32399 28922 28922 16980 6410 6410 6410 2443 678 
0.424115 1e+07 1e+07 1e+07 1e+07 1e+07 1e+07 1e+07 1e+07 1e+07 1e+07 1e+07 1e+07 1e+07 1e+07 1e+07 1e+07 1e+07 1e+07 1e+07 1e+07 1e+07 1e+07 1e+07 1e+07 1e+07 1e+07 1e+07 1e+07 1e+07 1e+07 1e+07 1e+07 1e+07 1e+07 1e+07 1e+07 1e+07 1e+07 8.85833e+06 8.85833e+06 3.22999e+06 3.22999e+06 3.22999e+06 2.29347e+06 2.29347e+06 652576 652576 652576 585211 350729 350729 350729 70595 11031 11031 3461 3461 3461 1722 1722 1722 1722 1056 383 
0.439823 1e+07 1e+07 1e+07 1e+07 1e+07 1e+07 1e+07 1e+07 1e+07 1e+07 1e+07 1e+07 1e+07 1e+07 1e+07 1e+07 1e+07 1e+07 1e+07 1e+07 1e+07 1e+07 1e+07 1e+07 1e+07 1e+07 1e+07 1e+07 1e+07 1e+07 1e+07 1e+07 1e+07 1e+07 1e+07 1e+07 1e+07 1e+07 1e+07 6.63131e+06 6.63131e+06 6.63131e+06 3.53902e+06 3.14677e+06 1.39562e+06 1.39562e+06 194072 194072 194072 123469 123469 123469 58055 58055 17035 15869 3059 3059 1599 1599 1599 1599 1599 831 
0.455531 1e+07 1e+07 1e+07 1e+07 1e+07 1e+07 1e+07 1e+07 1e+07 1e+07 1e+07 1e+07 1e+07 1e+07 1e+07 1e+07 1e+07 1e+07 1e+07 1e+07 1e+07 1e+07 1e+07 1e+07 1e+07 1e+07 1e+07 1e+07 1e+07 1e+07 1e+07 1e+07 1e+07 1e+07 1e+07 9.62948e+06 9.62948e+06 9.62948e+06 6.17364e+06 4.32141e+06 4.32141e+06 4.32141e+06 4.32141e+06 2.6897e+06 2.6897e+06 2.6897e+06 1.9821e+06 1.9821e+06 384204 280907 280907 280907 280907 61679 21860 12465 12465 12465 7833 3686 1120 1120 489 
