epsilon_k[0] 0.1
epsilon_k[0] 2.18e-05
epsilon_k[0] 7.08e-05
epsilon_k[0] 2.54e-05
epsilon_k[0] 1e-05
epsilon_k[0] 7.8e-06
epsilon_k[0] 0.218
omega_x0 0.28
omega_y0 0.31
dx 0.01
n_theta 100
dtheta 0.00785398
epsilon 2
max_turns 10000000
from_angle 72
to_angle 80
0.565487 1e+07 1e+07 1e+07 4858 2447 1757 1376 1233 674 
0.573341 1e+07 1e+07 1e+07 4857 2413 1905 1375 1154 674 
0.581195 1e+07 1e+07 1e+07 4857 2410 1947 1374 1035 673 
0.589049 1e+07 1e+07 1e+07 4859 2408 1765 1373 969 
0.596903 1e+07 1e+07 1e+07 4809 2407 1625 1373 963 
0.604757 1e+07 1e+07 1e+07 4703 2411 1614 1374 928 
0.612611 1e+07 1e+07 1e+07 4507 2388 1582 1374 926 
0.620465 1e+07 1e+07 1e+07 4432 2381 1577 1374 897 
0.628319 1e+07 1e+07 1e+07 4366 2378 1585 1374 894 
