epsilon_k[0] 0.0001
epsilon_k[1] 2.18e-05
epsilon_k[2] 7.08e-05
epsilon_k[3] 2.54e-05
epsilon_k[4] 1e-05
epsilon_k[5] 7.8e-06
epsilon_k[6] 2.18e-05
omega_x0 0.168
omega_y0 0.201
dx 0.01
n_theta 100
dtheta 0.015708
epsilon 36
max_turns 10000000
from_angle 45
to_angle 50
0.706858 1e+07 1e+07 1e+07 1e+07 1e+07 1e+07 1e+07 1e+07 1e+07 1e+07 1e+07 1e+07 1e+07 1e+07 1e+07 1e+07 1e+07 1e+07 1e+07 1e+07 1e+07 1e+07 1e+07 1e+07 1e+07 1e+07 1e+07 7.77947e+06 6.40318e+06 1e+07 6.2654e+06 3.23236e+06 6.21052e+06 1e+07 9.13956e+06 1e+07 1e+07 8.12462e+06 3.06626e+06 1.79487e+06 1.01892e+06 2.2443e+06 1.11181e+06 6.08616e+06 388808 656022 505603 156817 24132 19148 17926 909891 9842 15847 2574 953 692 12265 603 514 894 2712 519 174 84 420 409 91 43 126 49 54 57 69 31 210 18 19 49 27 37 24 21 18 21 12 12 11 11 11 11 10 10 10 10 10 11 11 12 13 
0.722566 1e+07 1e+07 1e+07 1e+07 1e+07 1e+07 1e+07 1e+07 1e+07 1e+07 1e+07 1e+07 1e+07 1e+07 1e+07 1e+07 1e+07 1e+07 1e+07 1e+07 1e+07 1e+07 1e+07 1e+07 1e+07 1e+07 1e+07 1e+07 9.80186e+06 1e+07 1e+07 6.6119e+06 3.49984e+06 1e+07 3.00095e+06 2.77318e+06 2.41033e+06 1.59635e+06 1e+07 765511 4.87379e+06 692245 1.88688e+06 1e+07 457321 137593 62287 169121 159951 37880 9906 3786 3058 30907 4466 1276 654 687 2866 1813 946 170 299 525 161 214 32 110 140 51 106 35 87 114 20 21 13 12 11 11 11 10 10 10 10 10 9 9 9 9 9 9 9 9 9 9 9 9 9 9 
0.738274 1e+07 1e+07 1e+07 1e+07 1e+07 1e+07 1e+07 1e+07 1e+07 1e+07 1e+07 1e+07 1e+07 1e+07 1e+07 1e+07 1e+07 1e+07 1e+07 1e+07 1e+07 1e+07 1e+07 1e+07 1e+07 1e+07 1e+07 1e+07 1e+07 1e+07 4.37284e+06 5.51551e+06 1e+07 1e+07 1e+07 3.48482e+06 3.09378e+06 5.29657e+06 7.47182e+06 801660 2.75238e+06 7.76957e+06 1.39534e+06 1.06299e+06 245566 115488 69770 26487 52019 15929 22231 9794 2397 2580 1567 1256 660 722 1093 8167 488 264 218 141 89 108 408 67 56 19 198 84 49 12 12 11 11 10 10 10 10 10 10 9 9 9 9 9 9 9 9 9 9 9 8 8 8 8 8 8 
0.753982 1e+07 1e+07 1e+07 1e+07 1e+07 1e+07 1e+07 1e+07 1e+07 1e+07 1e+07 1e+07 1e+07 1e+07 1e+07 1e+07 1e+07 1e+07 1e+07 1e+07 1e+07 1e+07 1e+07 1e+07 1e+07 1e+07 1e+07 1e+07 1e+07 1e+07 8.8281e+06 7.99322e+06 1e+07 8.13479e+06 2.93587e+06 1.40484e+06 1.77436e+06 825595 3.52039e+06 403212 1e+07 239862 639675 5.1656e+06 1e+07 44748 149336 24929 7048 1.39638e+06 5153 5555 1203 1969 1212 448 446 274 1341 312 2984 226 85 538 40 45 117 298 19 79 39 13 12 11 11 10 10 10 10 10 10 9 9 9 9 9 9 9 9 9 9 9 9 8 8 8 8 8 8 8 
0.76969 1e+07 1e+07 1e+07 1e+07 1e+07 1e+07 1e+07 1e+07 1e+07 1e+07 1e+07 1e+07 1e+07 1e+07 1e+07 1e+07 1e+07 1e+07 1e+07 1e+07 1e+07 1e+07 1e+07 1e+07 1e+07 1e+07 1e+07 1e+07 1e+07 1e+07 4.36751e+06 6.39066e+06 1e+07 3.17106e+06 7.26228e+06 1e+07 1.69123e+06 1.83076e+06 745436 5.7099e+06 1.01732e+06 502174 309860 1.6862e+06 61858 21679 45233 68382 38173 70952 2254 21179 1437 8249 1724 5206 2010 943 744 208 121 72 98 200 106 371 39 19 655 124 13 12 11 11 10 10 10 10 10 10 10 9 9 9 9 9 9 9 9 9 9 9 9 9 9 9 9 9 9 9 
