epsilon_k[0] 0.0001
epsilon_k[1] 2.18e-05
epsilon_k[2] 7.08e-05
epsilon_k[3] 2.54e-05
epsilon_k[4] 1e-05
epsilon_k[5] 7.8e-06
epsilon_k[6] 2.18e-05
omega_x0 0.168
omega_y0 0.201
dx 0.01
n_theta 100
dtheta 0.015708
epsilon 36
max_turns 10000000
from_angle 80
to_angle 85
1.25664 1e+07 1e+07 1e+07 1e+07 1e+07 1e+07 1e+07 1e+07 1e+07 1e+07 1e+07 1e+07 1e+07 1e+07 1e+07 1e+07 1e+07 1e+07 1e+07 1e+07 1e+07 1e+07 1e+07 1e+07 1e+07 1e+07 1e+07 1e+07 1e+07 1e+07 1e+07 1e+07 1e+07 1e+07 1e+07 1e+07 1e+07 1.39249e+06 2.47048e+06 176536 217888 376647 65877 26327 32237 17487 12733 87606 8991 6305 2750 5430 816 1364 393 4513 1124 422 266 179 149 32 283 59 339 166 357 46 76 104 287 64 19 31 17 111 9 8 8 7 7 7 7 7 6 6 6 6 6 6 6 6 6 6 6 6 6 5 5 5 
1.27235 1e+07 1e+07 1e+07 1e+07 1e+07 1e+07 1e+07 1e+07 1e+07 1e+07 1e+07 1e+07 1e+07 1e+07 1e+07 1e+07 1e+07 1e+07 1e+07 1e+07 1e+07 1e+07 1e+07 1e+07 1e+07 1e+07 1e+07 1e+07 1e+07 1e+07 1e+07 1e+07 1e+07 1e+07 4.40066e+06 7.41261e+06 4.33515e+06 900279 211800 4.20973e+06 102005 105568 46915 21139 6675 104335 35304 4429 15339 4674 2548 613 923 1176 215 255 226 5881 220 300 75 215 151 57 79 380 90 54 75 78 59 37 27 52 81 15 25 9 8 8 7 7 7 7 7 6 6 6 6 6 6 6 6 6 6 6 6 6 5 5 
1.28805 1e+07 1e+07 1e+07 1e+07 1e+07 1e+07 1e+07 1e+07 1e+07 1e+07 1e+07 1e+07 1e+07 1e+07 1e+07 1e+07 1e+07 1e+07 1e+07 1e+07 1e+07 1e+07 1e+07 1e+07 1e+07 1e+07 1e+07 1e+07 1e+07 1e+07 1e+07 1e+07 1e+07 1e+07 1e+07 3.76879e+06 3.14557e+06 3.30984e+06 1e+07 316705 160654 27167 37544 68969 35120 13567 10213 32641 5608 1551 1041 1331 2557 1361 2599 393 4099 123 424 10982 216 83 94 59 31 33 38 45 102 51 39 145 294 36 35 23 16 18 9 8 8 7 7 7 7 7 7 6 6 6 6 6 6 6 6 6 6 6 6 6 
1.30376 1e+07 1e+07 1e+07 1e+07 1e+07 1e+07 1e+07 1e+07 1e+07 1e+07 1e+07 1e+07 1e+07 1e+07 1e+07 1e+07 1e+07 1e+07 1e+07 1e+07 1e+07 1e+07 1e+07 1e+07 1e+07 1e+07 1e+07 1e+07 1e+07 1e+07 1e+07 1e+07 1e+07 1e+07 8.84635e+06 8.54067e+06 1.18572e+06 3.30256e+06 1e+07 289015 923754 123493 44658 43390 17134 8781 7979 3222 20698 7209 3987 3865 5073 5821 4014 348 488 53444 616 510 103 1798 98 57 103 36 202 121 47 90 30 83 68 48 108 19 15 24 26 10 8 8 8 7 7 7 7 7 6 6 6 6 6 6 6 6 6 6 6 6 
1.31947 1e+07 1e+07 1e+07 1e+07 1e+07 1e+07 1e+07 1e+07 1e+07 1e+07 1e+07 1e+07 1e+07 1e+07 1e+07 1e+07 1e+07 1e+07 1e+07 1e+07 1e+07 1e+07 1e+07 1e+07 1e+07 1e+07 1e+07 1e+07 1e+07 1e+07 1e+07 1e+07 1e+07 1e+07 9.5798e+06 1e+07 3.86175e+06 3.42687e+06 4.52975e+06 1.61678e+06 1.3446e+06 1.51672e+06 108615 140009 66634 31288 14118 66439 11511 5145 2675 1135 348 479 1224 509 29425 220 1183 874 97 133 26 232 72 129 167 207 41 46 55 85 30 21 26 18 16 14 63 15 30 9 8 8 7 7 7 7 7 7 6 6 6 6 6 6 6 6 6 6 
1.33518 1e+07 1e+07 1e+07 1e+07 1e+07 1e+07 1e+07 1e+07 1e+07 1e+07 1e+07 1e+07 1e+07 1e+07 1e+07 1e+07 1e+07 1e+07 1e+07 1e+07 1e+07 1e+07 1e+07 1e+07 1e+07 1e+07 1e+07 1e+07 1e+07 1e+07 1e+07 1e+07 1e+07 1e+07 1e+07 6.09086e+06 3.40616e+06 1e+07 1.77831e+06 1e+07 1.06382e+06 510785 709236 184783 33641 1.329e+06 12007 8971 13652 2627 1697 5925 18267 894 615 261 107 1177 5437 421 125 172 172 24 162 121 24 1684 64 69 87 56 166 44 18 18 22 16 31 14 34 14 17 9 8 8 7 7 7 7 7 7 6 6 6 6 6 6 6 6 
