epsilon_k[0] 0.0001
epsilon_k[1] 2.18e-05
epsilon_k[2] 7.08e-05
epsilon_k[3] 2.54e-05
epsilon_k[4] 1e-05
epsilon_k[5] 7.8e-06
epsilon_k[6] 2.18e-05
omega_x0 0.31
omega_y0 0.32
dx 0.01
epsilon 10
max_turns 10000000
from_y 0
to_y 8
0 1e+07 1e+07 1e+07 1e+07 1e+07 1e+07 1e+07 1e+07 1e+07 1e+07 1e+07 1e+07 1e+07 1e+07 1e+07 1e+07 1e+07 1e+07 1e+07 1e+07 1e+07 1e+07 1e+07 1e+07 1e+07 1e+07 1e+07 1e+07 1e+07 1e+07 1e+07 1e+07 1e+07 1e+07 1e+07 1e+07 1e+07 1e+07 1e+07 1e+07 1e+07 1e+07 1e+07 1e+07 1e+07 1e+07 1e+07 1e+07 1e+07 1e+07 1e+07 93488 41754 115690 7067 16836 3568 83370 44056 384 128 1573 982 299 188 116 50 46 49 196 27 26 87 30 16 17 16 31 14 13 
0.01 1e+07 1e+07 1e+07 1e+07 1e+07 1e+07 1e+07 1e+07 1e+07 1e+07 1e+07 1e+07 1e+07 1e+07 1e+07 1e+07 1e+07 1e+07 1e+07 1e+07 1e+07 1e+07 1e+07 12214 85 61 48 45 38 34 32 30 29 28 27 26 26 27 23 21 20 19 19 18 17 17 16 16 16 16 16 15 15 15 15 14 14 14 14 14 14 14 14 14 14 14 15 17 15 14 14 14 13 13 12 12 12 12 11 10 
0.02 1e+07 1e+07 1e+07 1e+07 1e+07 1e+07 1e+07 1e+07 1e+07 1e+07 1e+07 1e+07 1e+07 1e+07 1e+07 1e+07 1e+07 1e+07 1e+07 1e+07 1e+07 1e+07 1e+07 3529 66 48 39 34 32 30 29 27 27 29 23 21 20 19 18 17 17 16 16 16 15 15 14 14 14 14 13 13 13 13 13 13 13 13 13 13 12 12 12 12 12 12 12 12 12 12 14 16 13 12 11 11 11 11 10 10 
0.03 1e+07 1e+07 1e+07 1e+07 1e+07 1e+07 1e+07 1e+07 1e+07 1e+07 1e+07 1e+07 1e+07 1e+07 1e+07 1e+07 1e+07 1e+07 1e+07 1e+07 1e+07 1e+07 1e+07 1780 50 39 34 31 29 28 27 27 23 21 20 19 18 17 16 16 16 15 15 14 14 14 13 13 13 13 13 13 13 13 12 12 12 11 11 11 11 11 11 11 10 10 10 11 11 11 11 12 13 12 11 11 11 10 9 9 
0.04 1e+07 1e+07 1e+07 1e+07 1e+07 1e+07 1e+07 1e+07 1e+07 1e+07 1e+07 1e+07 1e+07 1e+07 1e+07 1e+07 1e+07 1e+07 1e+07 6073 1e+07 1e+07 1e+07 62 41 34 31 30 28 29 24 22 20 19 18 17 16 16 16 15 15 14 14 13 13 13 13 13 12 12 12 12 12 11 11 11 11 11 10 10 10 10 10 10 10 10 10 10 10 10 11 11 14 13 13 11 10 9 9 8 
0.05 1e+07 1e+07 1e+07 1e+07 1e+07 1e+07 1e+07 1e+07 1e+07 1e+07 1e+07 1e+07 1e+07 1e+07 1e+07 1e+07 1e+07 1e+07 1e+07 1461 1e+07 1e+07 3491 51 36 32 30 29 27 23 21 20 18 18 17 16 16 15 15 14 14 13 13 13 13 13 12 12 12 12 11 11 11 11 11 10 10 10 10 10 10 10 10 10 10 10 10 10 10 10 11 12 15 13 10 9 9 9 8 8 
0.06 1e+07 1e+07 1e+07 1e+07 1e+07 1e+07 1e+07 1e+07 1e+07 1e+07 1e+07 1e+07 1e+07 1e+07 1e+07 1e+07 1e+07 1e+07 1e+07 517 1e+07 1e+07 1811 40 34 31 30 26 23 21 19 18 17 17 16 15 15 15 14 14 13 13 13 13 12 12 12 12 11 11 11 11 11 10 10 10 10 10 10 10 10 10 10 9 9 10 10 10 10 11 12 11 11 10 9 9 8 8 8 8 
0.07 1e+07 1e+07 1e+07 1e+07 1e+07 1e+07 1e+07 1e+07 1e+07 1e+07 1e+07 1e+07 1e+07 1e+07 1e+07 1e+07 1e+07 1e+07 2387 371 3989 1e+07 57 36 32 31 26 22 20 19 18 17 16 16 15 15 14 14 14 13 13 13 12 12 12 12 12 11 11 11 11 10 10 10 10 10 10 10 10 9 9 9 9 9 9 9 10 10 10 10 10 10 12 9 9 8 8 8 8 8 
