epsilon_k[0] 0.0001
epsilon_k[1] 2.18e-05
epsilon_k[2] 7.08e-05
epsilon_k[3] 2.54e-05
epsilon_k[4] 1e-05
epsilon_k[5] 7.8e-06
epsilon_k[6] 2.18e-05
omega_x0 0.168
omega_y0 0.201
dx 0.01
n_theta 100
dtheta 0.015708
epsilon 16
max_turns 10000000
from_angle 60
to_angle 65
0.942478 1e+07 1e+07 1e+07 1e+07 1e+07 1e+07 1e+07 1e+07 1e+07 1e+07 1e+07 1e+07 1e+07 1e+07 1e+07 1e+07 1e+07 1e+07 1e+07 1e+07 1e+07 1e+07 1e+07 1e+07 1e+07 1e+07 1e+07 1e+07 1e+07 1e+07 1e+07 1e+07 1e+07 1e+07 1e+07 1e+07 1e+07 1e+07 1e+07 4.7755e+06 204788 837685 49758 158643 55395 36795 390211 41357 14522 16701 4432 1924 3527 7030 10625 2284 1667 644 759 186 182 87 352 53 38 101 185 17 84 102 102 51 75 72 44 27 14 18 27 25 9 8 8 7 7 7 7 6 6 6 6 6 6 6 6 6 6 6 6 5 
0.958186 1e+07 1e+07 1e+07 1e+07 1e+07 1e+07 1e+07 1e+07 1e+07 1e+07 1e+07 1e+07 1e+07 1e+07 1e+07 1e+07 1e+07 1e+07 1e+07 1e+07 1e+07 1e+07 1e+07 1e+07 1e+07 1e+07 1e+07 1e+07 1e+07 1e+07 1e+07 1e+07 1e+07 1e+07 1e+07 1e+07 1e+07 1e+07 1e+07 1e+07 8.05543e+06 782035 41623 142789 15885 138849 11342 8691 9126 4887 2025 3752 2071 14578 1178 898 411 426 331 493 105 409 207 97 513 45 17 31 148 22 56 122 103 90 29 14 71 31 19 9 8 7 7 7 7 7 6 6 6 6 6 6 6 6 6 6 6 5 5 5 
0.973894 1e+07 1e+07 1e+07 1e+07 1e+07 1e+07 1e+07 1e+07 1e+07 1e+07 1e+07 1e+07 1e+07 1e+07 1e+07 1e+07 1e+07 1e+07 1e+07 1e+07 1e+07 1e+07 1e+07 1e+07 1e+07 1e+07 1e+07 1e+07 1e+07 1e+07 1e+07 1e+07 1e+07 1e+07 1e+07 1e+07 1e+07 1e+07 1e+07 1e+07 1e+07 513988 209328 30848 32827 130377 7474 2902 21222 10351 14597 1786 5925 1527 795 1113 1202 1086 405 542 324 97 122 141 135 18 20 22 102 29 38 155 52 20 15 31 39 11 8 8 7 7 7 7 7 6 6 6 6 6 6 6 6 6 6 6 5 5 5 5 
0.989602 1e+07 1e+07 1e+07 1e+07 1e+07 1e+07 1e+07 1e+07 1e+07 1e+07 1e+07 1e+07 1e+07 1e+07 1e+07 1e+07 1e+07 1e+07 1e+07 1e+07 1e+07 1e+07 1e+07 1e+07 1e+07 1e+07 1e+07 1e+07 1e+07 1e+07 1e+07 1e+07 1e+07 1e+07 1e+07 1e+07 1e+07 1e+07 1e+07 1e+07 3.17678e+06 4.60414e+06 142468 314191 17919 21465 33766 11729 2615 7305 3203 1666 3426 3405 1731 2252 536 376 7108 664 86 204 160 33 31 18 42 311 49 24 102 46 32 15 23 26 11 9 8 7 7 7 7 7 6 6 6 6 6 6 6 6 6 6 6 5 5 5 5 5 
1.00531 1e+07 1e+07 1e+07 1e+07 1e+07 1e+07 1e+07 1e+07 1e+07 1e+07 1e+07 1e+07 1e+07 1e+07 1e+07 1e+07 1e+07 1e+07 1e+07 1e+07 1e+07 1e+07 1e+07 1e+07 1e+07 1e+07 1e+07 1e+07 1e+07 1e+07 1e+07 1e+07 1e+07 1e+07 1e+07 1e+07 1e+07 1e+07 1e+07 1e+07 7.3576e+06 1.19212e+06 166629 97556 11911 86017 16481 38547 1976 1541 777 951 1821 8086 5074 1112 881 482 677 6596 208 163 34 68 19 25 105 198 45 31 67 21 15 20 28 100 9 8 8 7 7 7 7 6 6 6 6 6 6 6 6 6 6 6 5 5 5 5 5 5 
