epsilon_k[0] 0.0001
epsilon_k[1] 2.18e-05
epsilon_k[2] 7.08e-05
epsilon_k[3] 2.54e-05
epsilon_k[4] 1e-05
epsilon_k[5] 7.8e-06
epsilon_k[6] 2.18e-05
omega_x0 0.168
omega_y0 0.201
dx 0.01
n_theta 100
dtheta 0.015708
epsilon 48
max_turns 10000000
from_angle 85
to_angle 90
1.33518 1e+07 1e+07 1e+07 1e+07 1e+07 1e+07 1e+07 1e+07 1e+07 1e+07 1e+07 1e+07 1e+07 1e+07 1e+07 1e+07 1e+07 1e+07 1e+07 1e+07 1e+07 1e+07 1e+07 1e+07 1e+07 1e+07 1e+07 1e+07 1e+07 1e+07 1e+07 1e+07 8.49634e+06 1e+07 4.82208e+06 2.24381e+06 1.00807e+06 1.35282e+06 2.33889e+06 914009 1.20688e+06 505266 231258 41818 127874 83906 49493 10199 6177 8549 2083 1158 727 1956 5336 8146 188 552 598 79 127 288 50 25 31 165 24 49 233 32 449 96 25 45 26 18 17 15 16 13 34 23 15 10 8 8 7 7 7 7 7 7 6 6 6 6 6 6 6 6 
1.35088 1e+07 1e+07 1e+07 1e+07 1e+07 1e+07 1e+07 1e+07 1e+07 1e+07 1e+07 1e+07 1e+07 1e+07 1e+07 1e+07 1e+07 1e+07 1e+07 1e+07 1e+07 1e+07 1e+07 1e+07 1e+07 1e+07 1e+07 1e+07 1e+07 1e+07 1e+07 1e+07 1e+07 5.36884e+06 3.70966e+06 537361 5.60283e+06 553070 510085 2.71207e+06 784230 191607 1.13923e+06 370538 222695 113988 227068 16251 10092 802 4897 3520 5435 1292 1710 20128 386 590 100 522 200 7307 181 376 24 37 44 29 44 191 92 35 124 52 32 18 62 23 16 19 21 13 22 18 17 13 9 8 8 7 7 7 7 7 7 6 6 6 6 6 
1.36659 1e+07 1e+07 1e+07 1e+07 1e+07 1e+07 1e+07 1e+07 1e+07 1e+07 1e+07 1e+07 1e+07 1e+07 1e+07 1e+07 1e+07 1e+07 1e+07 1e+07 1e+07 1e+07 1e+07 1e+07 1e+07 1e+07 1e+07 1e+07 1e+07 1e+07 1e+07 1e+07 1e+07 1e+07 5.4598e+06 6.83371e+06 3.00686e+06 6.28534e+06 5.75306e+06 770053 2.93445e+06 200619 155459 1.00532e+06 55679 451628 250364 23178 1638 4916 2117 2224 1506 1832 2596 467 515 2237 423 583 111 767 161 171 41 26 44 110 34 18 18 41 62 25 24 137 32 31 18 14 13 15 14 18 13 18 15 16 11 9 8 8 7 7 7 7 7 7 7 6 
1.3823 1e+07 1e+07 1e+07 1e+07 1e+07 1e+07 1e+07 1e+07 1e+07 1e+07 1e+07 1e+07 1e+07 1e+07 1e+07 1e+07 1e+07 1e+07 1e+07 1e+07 1e+07 1e+07 1e+07 1e+07 1e+07 1e+07 1e+07 1e+07 1e+07 1e+07 1e+07 1e+07 1e+07 1e+07 1e+07 2.81048e+06 1e+07 2.84935e+06 1.46454e+06 5.99932e+06 4.76604e+06 8.91048e+06 107546 276026 222640 757422 21818 41066 26528 26988 3305 10866 452 638 4267 411 620 270 199 249 146 593 103 71 84 63 57 31 23 56 53 17 16 25 23 22 46 74 40 68 27 12 11 11 11 13 13 12 13 20 11 16 10 9 8 8 7 7 7 7 
1.39801 1e+07 1e+07 1e+07 1e+07 1e+07 1e+07 1e+07 1e+07 1e+07 1e+07 1e+07 1e+07 1e+07 1e+07 1e+07 1e+07 1e+07 1e+07 1e+07 1e+07 1e+07 1e+07 1e+07 1e+07 1e+07 1e+07 1e+07 1e+07 1e+07 1e+07 1e+07 1e+07 1e+07 1e+07 1e+07 1.53756e+06 2.04187e+06 1e+07 886902 2.12919e+06 598170 2.40737e+06 1.9011e+06 405921 421260 147463 75255 22261 7309 3216 24542 1867 665 1975 1325 1833 476 540 314 291 73 99 282 98 77 80 113 29 68 42 117 51 22 42 16 16 19 37 32 26 165 17 33 14 11 11 11 10 10 11 11 13 13 12 13 10 10 10 9 9 
1.41372 1e+07 1e+07 1e+07 1e+07 1e+07 1e+07 1e+07 1e+07 1e+07 1e+07 1e+07 1e+07 1e+07 1e+07 1e+07 1e+07 1e+07 1e+07 1e+07 1e+07 1e+07 1e+07 1e+07 1e+07 1e+07 1e+07 1e+07 1e+07 1e+07 1e+07 1e+07 1e+07 1e+07 1e+07 4.9774e+06 1e+07 1e+07 7.01992e+06 3.13501e+06 762992 3.957e+06 421081 592498 1.88857e+06 70622 58244 88929 28250 7555 10780 1993 10926 1611 18337 443 1456 2224 778 1549 566 1289 156 289 75 329 125 276 123 111 41 236 35 22 37 51 32 19 18 19 15 15 18 26 14 14 21 21 18 12 11 10 10 10 10 10 10 10 10 10 10 
