epsilon_k[0] 0.0001
epsilon_k[1] 2.18e-05
epsilon_k[2] 7.08e-05
epsilon_k[3] 2.54e-05
epsilon_k[4] 1e-05
epsilon_k[5] 7.8e-06
epsilon_k[6] 2.18e-05
omega_x0 0.168
omega_y0 0.201
dx 0.001
epsilon 2
max_turns 10000000
from_y 720
to_y 800
0.72 21 21 21 21 21 21 21 21 21 21 21 21 21 21 21 21 21 21 21 21 21 22 23 234 29 112 108 66 76 68 254 339 26 41 84 41 79 35 157 73 41 78 126 68 89 197 55 80 33 65 349 78 125 68 298 45 40 41 53 254 289 102 42 85 26 46 66 59 88 58 27 59 47 127 81 27 26 26 30 35 
0.721 22 22 22 22 21 21 21 21 21 21 21 21 21 21 21 21 21 21 21 21 21 21 21 22 23 192 112 46 27 61 297 59 137 26 33 41 53 335 34 132 100 42 362 174 74 70 113 63 43 33 89 78 66 94 196 49 222 62 1107 47 58 115 251 84 33 105 68 67 52 47 28 30 47 174 68 27 26 26 60 88 
0.722 29 71 134 27 23 22 22 22 21 21 21 21 21 21 21 21 21 21 21 21 21 21 21 21 22 22 25 514 57 122 64 85 99 48 27 67 40 60 67 34 87 139 52 82 261 122 68 100 698 127 33 49 114 66 80 160 37 59 60 180 215 84 117 59 43 27 52 263 65 475 44 28 51 245 34 27 27 26 27 79 
0.723 29 28 59 40 56 42 72 25 23 22 22 21 21 21 21 21 21 21 21 21 21 21 21 21 21 21 22 23 31 80 44 27 77 65 72 291 27 55 53 68 34 184 48 67 44 93 59 117 49 77 72 322 51 54 71 67 54 38 40 162 107 59 98 113 106 26 86 49 134 40 38 27 61 39 71 27 26 26 26 51 
0.724 134 172 193 125 47 30 29 85 41 511 24 22 22 21 21 21 21 21 21 21 21 21 21 21 21 21 21 21 22 24 43 57 81 62 178 69 59 26 35 105 89 34 97 41 230 111 102 164 38 58 115 38 112 54 49 334 225 37 70 307 154 61 99 40 42 65 350 74 27 32 46 107 30 51 52 26 26 27 26 47 
0.725 56 51 89 76 70 150 349 356 44 29 232 30 61 23 22 22 21 21 21 21 21 21 21 21 21 21 21 21 21 22 23 37 54 68 148 52 69 1332 26 62 59 149 35 349 42 136 46 199 98 32 39 107 33 53 112 100 62 61 80 47 850 102 75 67 59 62 158 148 27 32 55 47 28 44 33 26 26 27 26 59 
0.726 28 28 43 145 35 87 40 183 91 78 44 28 63 133 38 23 22 22 21 21 21 21 21 21 21 21 21 21 21 21 21 22 24 36 82 28 264 103 41 26 84 100 85 111 289 42 76 308 48 40 32 90 55 60 106 146 131 41 160 35 50 200 104 126 71 66 26 62 169 48 44 28 27 65 106 26 26 26 27 26 
0.727 67 169 106 41 124 29 75 71 75 43 66 111 47 29 51 48 39 23 22 22 21 21 21 21 21 21 21 21 21 21 21 21 22 23 30 184 90 147 68 49 27 87 152 69 187 171 52 50 133 46 31 34 114 41 115 106 93 53 75 1785 62 43 267 57 81 73 61 75 777 66 29 43 105 48 56 26 26 26 27 26 
0.728 73 71 73 74 273 134 176 45 29 35 68 102 108 124 62 29 63 74 31 23 22 22 21 21 21 21 21 21 21 21 21 21 21 21 22 25 29 50 62 198 109 29 33 98 57 47 179 2362 180 142 59 132 41 191 47 43 108 67 95 72 34 102 88 78 104 49 54 81 85 52 54 26 31 35 42 26 26 26 27 26 
0.729 41 56 48 95 46 98 125 240 84 151 29 238 34 64 134 80 67 28 60 77 59 23 22 22 21 21 21 21 21 21 21 21 21 21 21 22 23 112 358 28 51 52 96 40 121 170 142 67 107 72 122 31 93 60 41 62 51 197 59 80 100 35 43 107 163 40 68 26 74 28 46 22 38 27 38 26 26 26 26 27 
0.73 34 35 84 84 37 71 57 54 429 68 41 36 29 100 34 73 104 80 37 28 123 29 88 23 22 22 21 21 21 21 21 21 21 21 21 21 21 22 267 111 78 150 42 296 172 356 42 134 41 1907 554 110 41 73 43 39 47 71 311 88 458 46 40 111 263 79 59 32 120 114 66 22 26 88 149 27 26 27 26 29 
0.731 82 119 55 34 42 108 98 139 99 73 80 83 123 48 29 35 38 79 70 62 75 29 42 100 24 22 22 21 21 21 21 21 21 21 21 21 21 21 22 24 29 66 48 43 79 60 52 76 175 43 248 55 44 78 70 33 34 49 66 67 81 67 59 118 47 63 33 85 38 43 41 21 22 40 57 34 26 72 26 28 
0.732 61 75 56 354 118 40 34 82 77 84 106 45 66 49 299 36 29 68 41 80 62 68 29 52 47 46 23 22 22 21 21 21 21 21 21 21 21 21 21 22 23 76 68 34 190 49 47 334 60 157 418 252 143 230 62 45 41 34 64 102 67 47 40 42 135 117 120 115 26 156 102 22 21 33 30 38 27 36 27 27 
0.733 38 84 64 37 364 56 74 60 58 44 80 136 177 45 54 284 61 29 80 34 173 111 47 36 28 56 72 30 23 22 22 21 21 21 21 21 21 21 21 21 21 22 44 59 78 1125 34 33 40 34 321 141 272 50 71 326 40 36 31 34 103 35 77 101 42 65 45 53 54 45 34 22 21 23 27 56 26 29 122 26 
0.734 47 43 45 134 38 61 63 67 41 36 48 322 107 232 77 49 54 135 36 29 64 46 740 68 113 55 29 60 29 62 23 22 22 21 21 21 21 21 21 21 21 21 22 25 42 28 91 46 56 52 50 41 61 51 31 61 45 38 28 34 84 58 72 37 176 82 1130 119 41 50 91 23 21 21 34 38 26 93 29 26 
0.735 31 31 35 55 45 161 50 151 68 72 88 75 55 107 41 88 45 44 54 37 28 49 50 79 104 156 527 29 57 41 30 102 23 22 22 21 21 21 21 21 21 21 21 22 23 309 28 68 79 55 39 277 55 63 168 43 38 57 28 27 51 67 82 48 41 224 92 117 58 26 118 59 21 21 27 75 26 76 61 49 
0.736 32 31 31 31 32 52 289 93 38 113 43 48 33 52 88 158 207 277 339 81 110 29 29 208 42 92 118 59 35 28 75 108 38 120 23 22 22 21 21 21 21 21 21 21 21 23 29 28 77 390 36 48 97 298 147 52 50 41 28 27 28 34 109 46 89 92 138 122 110 33 171 177 21 20 24 49 26 54 43 47 
0.737 48 42 43 36 31 31 32 243 78 106 72 37 59 33 76 56 76 117 121 200 98 113 36 28 113 37 84 237 99 57 323 28 88 44 56 28 23 22 22 21 21 21 21 21 21 21 22 70 28 57 28 102 139 269 85 119 439 40 34 27 27 28 71 59 65 123 113 180 73 65 67 91 21 20 21 27 26 70 30 50 
0.738 74 93 55 66 43 48 32 31 61 45 50 58 112 44 33 44 104 95 45 108 40 95 269 36 28 129 34 41 462 80 68 54 74 28 87 48 40 28 23 22 21 21 21 21 21 21 21 22 144 28 57 27 205 34 469 115 36 39 131 28 28 27 99 67 37 50 283 47 70 33 28 186 21 20 21 34 32 53 33 47 
0.739 83 94 58 62 182 63 49 38 31 39 92 108 55 67 58 33 78 110 48 35 618 52 74 93 260 28 29 185 283 74 69 61 53 42 80 28 43 69 30 26 22 22 21 21 21 21 21 21 22 63 28 105 26 42 50 176 78 31 134 44 29 29 28 58 65 64 45 42 63 95 26 43 30 20 20 33 43 94 42 43 
0.74 99 62 94 51 46 63 71 54 91 32 33 113 254 68 44 47 52 50 48 66 35 69 363 112 56 92 28 28 35 33 52 490 289 44 85 57 61 29 30 69 30 24 22 22 21 21 21 21 21 22 169 28 69 29 59 165 133 94 84 65 28 74 29 33 64 109 40 80 103 39 114 35 55 20 20 22 31 29 66 43 
0.741 111 45 167 202 696 195 43 46 111 52 33 34 57 242 53 238 62 139 46 100 35 36 151 40 72 63 193 28 28 68 124 50 46 148 68 88 44 67 43 49 28 167 44 23 22 21 21 21 21 21 22 163 60 121 43 220 41 101 48 35 29 35 34 28 38 201 31 93 100 44 43 44 34 21 20 21 49 39 36 33 
0.742 518 1717 40 39 39 40 39 38 37 67 66 33 52 80 59 111 59 33 53 71 35 34 61 105 89 59 100 49 28 28 28 58 76 33 99 47 107 108 128 66 54 36 28 45 111 22 22 21 21 21 21 22 64 99 81 144 36 158 41 36 75 52 61 164 28 99 48 274 50 56 75 25 62 21 20 20 40 26 34 69 
0.743 59 56 164 717 78 39 38 38 37 37 72 40 33 82 160 59 77 42 60 49 61 35 34 41 218 44 103 86 65 28 28 28 28 57 36 66 33 88 41 108 64 72 147 37 28 33 24 22 21 21 21 21 22 29 66 28 58 66 101 85 42 28 43 66 30 63 33 62 536 47 39 30 47 23 20 20 27 26 39 52 
0.744 37 68 69 48 137 152 61 39 38 37 37 52 39 34 38 76 46 36 56 52 102 35 35 48 55 45 57 62 225 67 28 28 27 28 28 28 29 32 55 136 33 48 190 61 75 34 81 42 22 21 21 21 21 22 42 45 26 100 366 41 32 53 61 37 58 28 69 142 50 56 101 46 52 58 20 20 22 168 33 45 
0.745 42 103 71 79 37 92 250 123 40 38 37 37 59 39 46 77 41 76 38 48 51 35 37 34 359 89 32 64 52 108 31 28 28 27 27 27 27 27 27 27 27 28 146 88 48 106 52 30 58 23 21 21 21 21 22 74 70 32 35 75 67 81 29 40 33 52 46 37 72 32 104 202 25 27 20 20 21 33 43 43 
0.746 27 34 50 64 269 68 265 308 133 79 38 38 37 89 44 38 111 36 99 44 62 88 501 35 67 64 32 47 113 34 84 29 28 28 28 28 28 29 43 63 68 32 28 27 27 66 39 113 44 55 31 22 21 21 21 22 30 99 46 158 78 64 42 44 81 39 28 38 100 32 177 55 33 50 21 20 20 31 29 41 
0.747 37 37 54 84 52 203 196 95 150 61 59 256 40 147 51 59 45 67 31 62 64 61 110 35 111 54 31 45 65 78 49 28 28 28 29 62 59 37 43 143 76 36 36 33 86 61 27 29 48 52 28 61 22 21 21 21 23 33 26 180 181 81 28 38 44 45 82 39 74 39 438 133 32 54 22 20 20 40 33 39 
0.748 27 30 97 83 149 106 87 44 86 79 139 149 94 37 48 99 88 37 32 92 44 407 71 35 85 42 32 82 35 47 28 28 28 28 28 35 37 39 42 30 88 60 108 83 167 59 31 74 28 176 110 62 29 22 21 21 21 125 278 55 41 251 32 90 86 70 38 28 48 41 41 102 75 28 52 20 20 22 25 87 
0.749 70 44 28 52 36 77 278 117 216 77 158 75 197 57 67 62 72 87 60 43 50 56 37 35 80 33 42 38 29 28 27 27 27 27 28 32 37 33 30 47 124 99 58 60 44 130 39 48 47 51 27 82 107 52 22 21 21 21 111 51 189 89 53 27 148 54 59 72 66 37 32 69 139 37 27 20 20 21 49 33 
0.75 45 46 132 27 50 36 126 43 80 137 285 159 108 48 103 40 38 57 32 40 67 50 53 79 79 37 116 28 27 27 27 28 27 27 27 28 54 47 30 52 38 60 42 58 43 40 142 55 35 39 79 34 39 86 56 22 21 21 22 30 27 71 67 35 75 41 59 65 28 86 76 32 35 51 54 21 20 20 38 38 
0.751 23 43 35 53 27 57 43 66 53 51 105 103 94 43 37 174 39 199 31 52 34 39 41 213 31 105 28 27 28 113 52 66 52 58 27 27 28 39 30 68 33 49 34 28 28 60 45 56 45 91 152 37 33 27 63 44 22 21 21 22 167 37 984 375 27 38 245 100 117 418 37 82 1023 38 116 22 20 20 26 26 
0.752 21 22 32 64 44 51 113 145 309 57 117 59 60 56 57 62 47 76 236 35 98 41 47 53 73 28 27 34 58 48 355 73 183 54 63 29 27 28 33 39 32 53 28 27 41 33 40 57 63 35 33 58 53 130 27 50 46 21 21 21 59 56 55 51 40 39 42 54 39 28 36 65 68 69 25 45 20 20 26 36 
0.753 21 21 22 55 67 373 58 44 73 68 103 374 104 257 41 40 39 45 34 54 34 325 66 52 28 28 34 321 392 38 56 53 38 413 72 38 94 27 42 30 54 72 27 27 32 79 40 80 77 127 93 34 47 36 111 46 129 33 21 21 21 73 26 113 78 27 61 47 101 68 38 62 59 35 116 61 20 19 21 28 
0.754 21 21 21 22 284 71 28 65 301 52 132 302 65 151 113 39 38 36 71 34 35 69 31 50 28 93 316 54 152 38 40 63 46 116 45 44 227 48 27 49 46 77 27 27 129 64 99 51 36 39 39 150 33 35 43 103 41 105 48 21 21 22 78 70 64 37 30 53 160 65 52 50 289 123 65 48 20 19 20 25 
0.755 22 22 21 22 23 46 69 75 42 135 44 512 110 75 187 58 38 59 56 356 88 52 45 28 42 38 101 47 28 29 87 102 31 28 44 139 45 127 65 27 39 62 106 26 42 47 55 197 77 72 51 133 43 57 130 47 41 67 55 23 21 21 62 73 44 44 50 209 123 87 41 52 46 123 55 26 22 19 20 40 
0.756 70 22 22 21 22 146 49 62 43 97 71 116 118 242 49 171 39 31 37 33 107 37 27 39 82 40 28 73 41 136 56 176 127 30 42 119 48 55 280 44 27 49 87 26 32 77 62 37 64 38 38 38 61 76 55 47 42 56 38 58 22 21 21 27 31 95 34 78 67 55 59 57 31 48 193 28 88 19 19 34 
0.757 59 29 22 22 22 23 49 27 124 66 77 81 297 183 52 58 39 40 35 41 56 28 33 86 38 36 30 32 23 23 22 22 22 23 24 34 42 28 85 54 69 33 287 26 47 93 66 87 113 107 96 161 267 91 54 44 76 34 37 36 56 21 21 22 49 37 46 69 90 39 61 35 65 65 88 40 42 20 19 21 
0.758 44 54 167 22 22 22 1109 36 42 213 116 180 256 101 59 51 60 83 32 44 80 37 39 34 80 31 23 22 22 22 22 22 22 22 22 22 23 62 38 31 60 28 32 37 26 40 44 207 463 989 134 89 64 118 478 128 43 51 34 38 27 45 21 21 41 38 818 39 63 62 54 122 101 161 31 34 82 20 19 20 
0.759 212 106 46 24 22 22 178 89 157 70 86 111 207 118 94 286 54 35 216 57 27 65 32 67 25 22 22 21 21 21 21 21 21 21 21 21 22 22 23 33 45 46 27 42 26 33 41 211 49 165 117 164 137 148 95 130 425 47 45 55 92 86 24 21 21 32 37 51 35 52 79 37 28 57 71 49 25 22 19 20 
0.76 40 38 41 85 22 22 23 136 55 66 49 200 625 409 134 38 31 511 49 52 56 43 64 24 22 21 21 21 21 21 21 21 21 21 21 21 21 21 22 22 200 30 66 27 32 26 148 72 256 171 857 145 52 49 77 52 179 149 130 44 34 34 89 21 20 25 26 122 36 53 29 60 55 102 48 375 29 31 19 19 
0.761 36 33 48 82 23 22 22 74 138 69 140 174 57 275 76 87 42 63 77 27 146 92 24 22 21 21 21 21 21 21 21 21 21 21 21 21 21 21 21 21 22 30 29 54 33 27 32 37 188 97 86 116 33 39 44 43 34 45 69 59 32 61 45 52 21 21 120 66 78 30 39 28 77 88 48 30 25 30 20 19 
0.762 88 32 42 81 31 22 22 47 28 35 71 211 150 180 100 47 35 84 52 98 58 46 22 21 21 21 21 21 22 22 22 22 22 22 22 21 21 21 21 21 21 22 45 41 54 46 25 88 67 157 50 59 47 71 39 54 43 58 34 153 46 92 38 29 34 20 22 26 143 26 35 45 61 33 34 40 69 131 20 19 
0.763 49 48 35 40 186 22 22 275 28 35 50 80 81 48 45 44 67 67 27 72 54 22 21 21 21 21 22 22 23 62 89 29 29 343 61 23 22 22 21 21 21 21 21 27 31 28 34 37 115 201 173 33 46 161 37 165 276 47 48 39 107 86 37 35 73 21 20 28 49 182 87 148 27 44 58 32 61 27 22 19 
0.764 61 39 44 39 29 23 22 41 87 37 89 113 198 52 35 31 52 32 84 29 23 21 21 21 21 22 24 29 59 29 162 186 53 80 29 68 43 66 22 21 21 21 21 21 28 61 27 25 60 81 94 53 43 36 35 35 35 63 39 46 38 110 47 58 51 29 21 21 27 62 47 34 44 86 36 31 55 24 58 19 
0.765 32 227 53 35 90 43 22 23 51 85 80 104 139 90 55 54 35 27 60 31 21 21 21 21 22 170 43 143 116 98 50 40 109 137 100 158 62 155 111 31 22 21 21 21 21 52 48 30 27 68 131 55 47 63 42 40 34 54 38 38 108 62 95 37 32 61 22 20 44 95 49 35 52 39 41 56 59 42 30 19 
0.766 233 42 130 35 28 98 22 23 759 60 44 40 192 45 72 40 68 39 72 22 21 21 21 23 198 29 85 44 34 43 125 293 110 292 137 224 29 40 193 56 47 22 21 21 21 21 84 65 37 80 1613 127 41 53 40 52 34 62 39 51 38 141 45 83 35 52 135 21 21 26 54 38 79 43 42 39 37 193 25 20 
0.767 22 51 49 38 53 53 22 22 47 69 77 39 357 43 41 34 59 488 53 21 21 21 22 435 48 124 34 36 60 55 289 286 53 69 38 38 67 46 97 34 164 29 37 21 21 21 21 53 27 25 76 72 31 42 39 41 34 32 67 35 75 81 76 51 91 30 60 113 20 83 364 33 50 27 46 29 90 66 29 22 
0.768 24 24 38 39 36 32 22 22 47 37 48 39 86 37 30 74 28 28 22 21 21 22 148 117 65 40 47 53 274 58 208 83 53 122 47 35 54 110 101 86 47 52 97 36 21 21 21 21 27 30 42 254 157 43 35 35 34 49 27 28 36 47 43 86 35 174 36 27 21 21 26 105 41 26 26 42 77 38 24 27 
0.769 53 23 29 259 39 82 23 22 53 35 149 39 74 31 67 135 76 34 21 21 22 64 820 59 236 163 104 52 51 68 33 36 42 32 31 31 31 46 40 68 69 76 35 64 68 22 21 21 22 43 26 42 169 51 35 44 38 72 26 51 41 56 34 38 48 38 31 33 28 20 77 104 26 47 26 33 55 28 38 76 
0.77 47 31 216 55 50 27 24 22 72 36 111 170 52 64 34 34 40 22 21 21 23 29 187 185 57 47 77 47 51 41 42 42 33 33 33 42 42 70 130 42 32 40 26 54 29 29 22 21 21 22 32 26 93 68 40 96 40 28 36 50 85 34 125 202 67 54 86 31 52 21 21 36 59 41 36 29 33 51 65 25 
0.771 51 29 23 107 112 85 41 22 57 63 57 132 100 37 49 27 46 21 21 22 54 136 45 55 55 54 42 51 33 65 44 35 96 38 55 67 49 87 42 56 40 39 38 33 25 39 75 22 21 21 28 32 38 40 56 50 32 32 29 54 23 24 38 78 35 38 103 34 44 45 20 28 123 60 44 28 47 41 32 24 
0.772 31 60 23 29 189 39 29 22 91 62 39 159 45 42 85 590 23 21 21 31 65 80 45 122 78 37 43 91 53 52 70 79 52 126 78 90 52 247 62 45 447 66 41 48 43 26 51 44 22 21 21 30 25 88 131 39 48 31 29 24 22 22 22 33 36 62 57 32 59 45 21 21 49 29 144 24 36 46 26 30 
0.773 32 60 169 31 142 64 56 22 125 91 79 97 42 36 49 169 21 21 22 75 117 109 148 50 75 33 35 39 34 34 38 412 198 111 193 47 217 2344 62 215 86 136 52 70 53 33 29 25 86 21 21 21 155 41 80 47 66 71 34 23 21 21 21 22 25 50 49 37 70 45 63 20 46 43 30 20 26 76 52 182 
0.774 53 90 29 23 94 51 71 22 229 63 75 73 43 40 111 51 21 21 31 94 70 123 135 88 34 46 46 53 49 42 99 269 54 65 357 40 84 37 123 39 119 30 29 80 102 48 38 30 24 57 21 20 21 36 93 121 76 62 25 23 21 22 22 22 22 25 48 34 172 59 77 21 21 25 44 44 63 122 34 80 
0.775 24 24 92 23 139 70 549 22 90 61 189 68 31 32 147 22 21 21 121 67 54 100 39 33 61 46 34 40 37 37 71 53 32 32 32 31 97 49 137 82 44 175 34 52 28 37 130 118 57 24 67 21 20 29 24 46 40 107 30 32 21 23 34 131 25 22 66 64 93 52 30 49 20 31 68 82 20 42 44 25 
0.776 35 44 145 25 70 102 30 22 100 44 101 68 66 73 60 21 21 23 109 61 60 54 36 50 34 32 38 151 34 42 41 54 45 32 152 59 95 70 32 63 36 54 150 60 63 42 28 53 90 34 24 34 21 21 30 40 41 46 32 44 21 35 26 42 26 35 22 92 97 39 271 126 21 24 232 28 19 39 47 27 
0.777 21 105 74 29 76 51 32 22 74 66 65 79 33 169 28 21 21 117 53 61 148 64 49 32 31 61 42 44 35 35 110 38 68 68 37 38 50 60 47 47 33 40 31 86 52 110 44 34 28 37 32 24 27 21 21 36 99 50 68 24 21 31 90 35 44 70 37 22 96 35 45 41 51 20 47 25 21 20 95 52 
0.778 18 277 24 54 30 236 35 22 50 184 241 43 122 100 31 21 22 231 181 134 41 72 38 32 80 33 49 50 54 35 174 63 38 63 39 105 39 52 45 46 31 48 33 43 43 54 420 41 360 32 43 95 24 27 20 22 43 45 48 31 22 22 82 44 76 48 160 34 22 78 33 40 70 20 47 32 113 19 30 60 
0.779 17 22 62 112 23 47 27 22 45 53 137 57 55 28 22 21 30 60 65 202 105 41 40 33 35 72 34 38 104 43 70 41 48 31 31 31 41 37 32 31 31 46 117 30 85 57 81 182 104 58 45 26 161 24 21 20 28 57 52 42 27 21 87 72 36 33 42 697 22 59 52 53 40 28 20 24 86 19 42 38 
0.78 16 20 45 101 23 55 26 22 38 73 216 193 33 90 21 21 36 87 182 61 52 53 32 47 38 51 93 64 109 70 31 31 36 30 42 62 32 571 38 32 41 67 66 32 53 58 32 32 41 65 62 45 26 65 30 21 21 24 44 33 37 21 51 27 29 27 26 59 41 22 66 33 44 151 20 31 29 20 19 66 
0.781 16 18 24 280 23 86 132 22 106 60 49 43 39 47 21 21 85 191 43 37 32 32 93 45 27 54 52 68 31 100 34 43 33 37 32 36 32 26 25 25 36 43 29 51 44 33 32 33 121 42 47 37 35 28 39 38 20 22 78 39 34 24 38 31 25 22 23 24 38 44 22 54 48 70 22 21 72 63 19 27 
0.782 16 17 29 24 47 88 67 22 37 39 107 39 142 35 21 23 35 42 220 40 89 85 41 26 164 45 58 38 38 30 31 37 40 25 26 31 89 38 28 27 32 37 34 24 26 50 37 52 132 33 31 78 43 60 26 29 27 20 29 44 29 33 21 41 25 27 62 28 23 78 25 42 34 62 137 20 24 42 19 31 
0.783 16 16 22 31 132 59 33 22 41 100 43 30 56 22 21 49 95 73 42 43 32 49 51 30 39 74 96 45 40 47 37 25 36 37 26 190 51 50 27 27 26 31 32 51 25 30 23 47 38 105 28 145 61 32 28 25 28 21 20 36 46 31 21 27 28 34 28 23 74 64 54 22 123 52 30 21 27 33 19 19 
0.784 16 16 19 36 37 142 41 22 28 39 210 58 28 21 21 101 115 118 37 94 93 47 28 41 48 51 35 34 38 61 34 41 41 54 27 28 23 21 21 21 20 20 21 21 30 27 33 37 23 44 59 31 43 41 26 39 33 23 20 26 28 29 24 32 32 28 22 20 21 119 30 37 44 34 35 38 20 45 26 18 
0.785 15 16 17 76 45 50 39 22 27 40 79 44 36 21 21 108 763 53 31 32 95 26 35 72 61 46 49 73 55 52 26 116 27 95 21 21 20 20 20 20 20 20 20 20 20 20 21 33 52 33 33 52 79 31 147 37 36 32 28 20 24 35 37 21 47 23 25 18 18 21 28 32 22 109 49 60 20 27 75 18 
0.786 15 16 17 26 41 71 32 22 29 34 40 30 45 21 23 28 69 33 69 65 64 56 61 31 34 40 74 55 38 37 39 28 21 21 20 20 20 21 21 21 21 21 21 20 20 20 20 20 20 27 28 23 29 42 32 63 31 29 40 22 21 28 41 30 27 23 22 17 17 17 22 22 35 30 35 27 64 22 27 19 
0.787 15 16 16 23 125 38 41 22 55 33 48 62 28 20 292 146 42 40 32 46 26 54 64 32 60 48 31 87 36 28 30 21 20 21 21 21 36 31 33 29 39 182 41 27 70 23 21 20 20 20 20 32 23 42 54 46 48 22 29 30 20 27 35 30 22 25 20 17 17 16 17 24 56 22 41 56 36 20 34 56 
0.788 15 15 16 23 32 24 50 22 52 33 32 91 96 21 76 56 257 32 44 58 35 32 56 82 52 51 51 84 27 22 21 21 21 22 28 27 61 106 26 45 32 24 23 23 33 26 33 26 21 20 20 20 24 37 40 32 65 25 21 29 31 20 31 30 22 26 29 17 16 16 16 17 83 49 32 42 26 20 29 27 
0.789 15 15 16 18 24 23 39 22 50 45 31 41 22 21 48 126 36 63 71 33 88 81 40 37 102 35 49 27 22 21 21 21 53 28 45 34 30 23 23 36 36 31 39 55 44 30 49 22 33 25 21 20 19 20 25 34 37 73 41 21 40 21 24 35 28 24 22 18 16 16 16 16 20 26 22 42 58 36 20 27 
0.79 15 15 16 17 24 22 39 22 48 49 33 52 21 21 27 112 34 86 39 25 43 39 55 47 34 26 30 22 21 21 22 49 109 382 83 23 24 152 40 44 24 25 27 39 38 39 24 40 44 41 23 34 20 19 20 38 35 38 31 20 27 35 20 45 40 21 21 20 16 16 16 16 17 47 41 145 26 33 20 113 
0.791 15 15 16 17 195 23 99 22 161 37 32 45 21 22 131 145 33 110 54 64 77 30 39 39 67 59 60 21 21 22 69 116 37 83 23 41 60 27 27 41 49 20 19 18 18 18 19 37 27 23 29 28 26 21 19 20 35 31 35 39 19 25 26 21 35 27 28 21 17 16 16 16 16 17 33 22 36 28 22 31 
0.792 15 15 15 17 29 30 89 22 44 40 33 28 20 100 55 77 57 28 27 77 56 46 62 34 148 42 21 21 22 131 133 27 32 25 39 69 27 34 20 18 18 18 17 17 17 17 17 17 18 18 27 27 32 22 31 19 19 46 28 30 43 19 28 20 25 23 21 28 17 16 16 16 16 16 23 42 254 25 33 20 
0.793 15 15 15 16 49 70 51 22 41 38 84 38 20 31 95 67 35 28 25 49 29 39 33 27 29 21 20 21 49 211 27 26 35 53 25 48 50 18 18 17 17 17 17 17 17 17 17 17 17 17 17 18 27 23 29 26 20 19 28 33 29 20 20 27 20 34 45 21 18 16 16 15 15 16 17 25 22 32 25 20 
0.794 15 15 15 16 21 56 89 22 53 53 30 55 20 54 59 33 29 50 55 41 29 42 44 82 24 20 21 28 48 55 46 33 79 27 148 19 18 17 17 17 17 17 17 17 17 17 17 17 17 17 17 17 17 18 24 31 25 20 19 27 26 45 19 24 21 23 21 22 23 16 16 15 15 16 16 29 63 91 40 40 
0.795 14 15 15 16 19 38 99 23 111 48 48 91 20 47 57 37 29 33 86 37 50 37 27 64 20 20 59 139 38 69 27 60 59 36 19 18 17 17 17 17 17 17 17 17 17 16 16 16 16 16 16 17 17 17 17 54 41 27 20 19 22 33 32 19 26 20 34 27 20 17 16 15 15 15 16 17 32 22 35 55 
0.796 14 15 15 16 18 34 88 25 171 67 33 44 20 33 69 37 47 25 246 26 33 53 57 21 20 21 54 55 83 24 45 60 43 19 18 17 17 17 17 17 17 17 17 17 16 16 16 16 16 16 16 16 16 16 17 17 18 26 23 19 20 36 26 19 20 31 23 20 27 18 16 15 15 15 15 16 32 25 49 60 
0.797 14 15 15 16 18 57 46 38 49 43 38 23 21 48 44 35 29 26 37 28 37 90 49 20 20 31 49 34 25 51 43 43 19 18 17 17 17 17 17 17 17 17 17 17 17 17 16 16 16 16 16 16 16 16 16 17 17 18 23 24 19 21 30 51 19 27 20 36 24 31 16 15 15 15 15 16 17 44 235 25 
0.798 14 15 15 15 17 72 45 29 27 63 48 21 21 102 43 43 27 52 74 36 49 49 21 20 21 28 33 40 32 147 35 33 18 17 17 17 17 17 17 17 17 17 17 17 17 17 17 17 17 16 16 16 16 16 16 16 16 17 18 23 25 19 23 28 22 19 23 24 20 20 17 15 15 15 15 15 16 36 36 51 
0.799 14 14 15 15 17 34 43 71 26 76 64 21 24 106 53 82 40 41 26 43 71 27 20 20 37 220 200 25 41 51 151 18 18 17 17 17 17 17 17 17 17 17 17 17 17 17 17 17 17 17 17 16 16 16 16 16 16 16 17 17 30 23 19 22 25 19 32 20 29 21 19 16 15 15 15 15 15 17 36 68 
