epsilon_k[0] 0.0001
epsilon_k[1] 2.18e-05
epsilon_k[2] 7.08e-05
epsilon_k[3] 2.54e-05
epsilon_k[4] 1e-05
epsilon_k[5] 7.8e-06
epsilon_k[6] 2.18e-05
omega_x0 0.31
omega_y0 0.32
dx 0.01
epsilon 64
max_turns 10000000
from_y 0
to_y 8
0 1e+07 1e+07 1e+07 1e+07 1e+07 1e+07 1e+07 1e+07 1e+07 1e+07 1e+07 1e+07 1e+07 1e+07 1e+07 1e+07 1e+07 1e+07 1e+07 1e+07 1e+07 1e+07 1e+07 1e+07 1e+07 1e+07 1e+07 1e+07 1e+07 1e+07 1e+07 1e+07 1e+07 1e+07 1e+07 1e+07 1e+07 1e+07 1e+07 9.93228e+06 1e+07 1.05242e+06 195498 94667 20181 4448 3130 1323 479 454 571 477 478 81 147 75 42 106 65 24 24 26 26 25 64 31 58 377 80 616 1923 42 37 91 23 20 42 20 25 13 
0.01 1e+07 1e+07 1e+07 1e+07 1e+07 1e+07 1e+07 1e+07 1e+07 1e+07 1e+07 1e+07 1e+07 1e+07 1e+07 1e+07 1e+07 1e+07 1751 1795 76 55 45 40 37 35 33 32 27 24 23 22 21 20 19 18 18 17 17 16 16 16 16 15 15 15 15 14 14 14 14 13 13 13 13 13 13 14 14 15 16 19 17 16 14 14 13 13 13 14 14 14 15 14 13 12 12 12 12 11 
0.02 1e+07 1e+07 1e+07 1e+07 1e+07 1e+07 1e+07 1e+07 1e+07 1e+07 1e+07 1e+07 1e+07 1e+07 1e+07 1e+07 1e+07 6979 893 78 52 41 37 35 33 32 27 24 22 21 20 19 19 18 17 17 16 16 15 15 15 15 14 14 14 13 13 13 13 13 13 12 12 13 13 13 12 12 12 11 11 11 11 11 11 10 10 10 10 10 11 11 11 12 12 11 11 11 10 10 
0.03 1e+07 1e+07 1e+07 1e+07 1e+07 1e+07 1e+07 1e+07 1e+07 1e+07 1e+07 1e+07 1e+07 1e+07 1e+07 1e+07 27788 1743 892 56 41 37 34 33 29 25 23 22 21 20 19 18 17 17 16 16 15 15 15 14 14 14 13 13 13 13 12 12 12 12 12 12 12 12 11 11 11 11 10 10 10 10 10 10 10 10 10 10 10 10 10 10 10 11 13 11 11 11 10 9 
0.04 1e+07 1e+07 1e+07 1e+07 1e+07 1e+07 1e+07 1e+07 1e+07 1e+07 1e+07 1e+07 1e+07 1e+07 1e+07 271764 12165 921 64 42 37 35 34 28 25 23 21 20 19 19 18 17 16 16 16 15 15 14 14 14 13 13 13 13 12 12 12 12 12 12 11 11 11 11 11 10 10 10 10 10 10 10 10 10 9 9 9 9 10 10 10 10 10 11 20 14 10 9 9 8 
0.05 1e+07 1e+07 1e+07 1e+07 1e+07 1e+07 1e+07 1e+07 1e+07 1e+07 1e+07 107727 1e+07 1e+07 1e+07 197094 1757 903 47 39 35 36 28 25 23 21 20 19 18 18 17 16 16 15 15 15 14 14 13 13 13 13 12 12 12 12 12 12 11 11 11 11 10 10 10 10 10 10 10 10 9 9 9 9 9 9 9 9 9 9 10 10 12 12 11 10 9 9 8 8 
0.06 1e+07 1e+07 1e+07 1e+07 1e+07 1e+07 1e+07 1e+07 1e+07 1e+07 1e+07 33020 1e+07 1e+07 6109 10455 1780 877 41 37 35 28 25 23 21 20 19 18 18 17 16 16 15 15 15 14 14 13 13 13 13 12 12 12 12 12 11 11 11 11 11 10 10 10 10 10 10 9 9 9 9 9 9 9 9 9 9 9 9 9 10 10 10 10 10 9 8 8 8 8 
0.07 1e+07 1e+07 1e+07 1e+07 1e+07 1e+07 1e+07 1e+07 1e+07 1e+07 1e+07 15599 1e+07 560790 42569 129263 901 48 39 38 28 25 23 22 20 19 18 18 17 16 16 15 15 14 14 14 13 13 13 12 12 12 12 12 11 11 11 11 11 10 10 10 10 10 10 9 9 9 9 9 9 9 9 9 9 9 9 9 9 9 9 9 9 9 9 8 8 8 8 7 
