epsilon_k[0] 0.1
epsilon_k[0] 2.18e-05
epsilon_k[0] 7.08e-05
epsilon_k[0] 2.54e-05
epsilon_k[0] 1e-05
epsilon_k[0] 7.8e-06
epsilon_k[0] 0.218
omega_x0 0.168
omega_y0 0.201
dx 0.01
n_theta 100
dtheta 0.00785398
epsilon 14
max_turns 10000000
from_angle 24
to_angle 32
0.188496 1e+07 372463 15543 15505 3664 3664 2532 2532 785 
0.19635 1e+07 772022 15590 15590 3644 3644 2163 2163 785 
0.204204 1e+07 1.88026e+06 15688 15688 3637 3637 1998 1998 790 
0.212058 1e+07 533106 15798 15798 3637 3637 1973 1973 803 
0.219911 1e+07 1.03316e+06 15881 15591 3645 3645 2407 2407 826 
0.227765 1e+07 477454 16049 12837 3794 3794 1777 1777 845 
0.235619 1e+07 1.13288e+06 16694 12074 3673 3673 1763 1763 888 
0.243473 1e+07 98752 17459 13148 3717 3411 1743 1743 921 
