epsilon_k[0] 0.0001
epsilon_k[1] 2.18e-05
epsilon_k[2] 7.08e-05
epsilon_k[3] 2.54e-05
epsilon_k[4] 1e-05
epsilon_k[5] 7.8e-06
epsilon_k[6] 2.18e-05
omega_x0 0.168
omega_y0 0.201
dx 0.01
epsilon 0
max_turns 10000000
from_y 48
to_y 56
0.48 1e+07 1e+07 2.81572e+06 2.37985e+06 759514 470184 140104 59001 11057 26035 8364 91592 2729 7566 2903 484 2037 1934 2238 3685 9499 29754 1817 1232 2286 496 1962 769 1764 1451 267 585 1093 421 613 40 454 209 52 34 150 19 149 45 46 25 19 38 46 32 14 13 14 26 26 75 185 99 58 20 23 291 26 33 71 37 35 25 62 28 26 86 32 18 25 28 16 35 10 9 
0.49 1e+07 3.10552e+06 1e+07 335512 5.32934e+06 273620 362631 12615 29759 1.00822e+06 6103 50498 4512 25396 13243 6306 910 1472 4435 8217 570 187 1136 1483 4675 133 295 517 215 118 143 8270 302 77 896 358 83 126 184 149 24 57 18 102 88 128 20 59 15 12 12 12 12 12 12 14 39 20 346 75 24 42 60 97 98 81 109 39 27 22 22 22 145 33 24 30 15 12 10 9 
0.5 1.343e+06 478131 466424 3.85615e+06 521414 154759 20566 20829 1686 5339 3223 3362 4375 1927 2291 2032 767 238 974 10987 455 310 875 288 538 3915 279 1904 466 130 277 416 562 113 204 118 139 225 82 39 214 57 82 18 101 68 18 40 13 12 11 11 11 11 11 11 12 13 211 163 40 71 29 22 46 75 56 46 110 16 17 20 49 40 28 35 15 11 9 9 
0.51 825468 308301 274323 43465 48616 6796 9903 35425 1376 2230 3558 1220 700 1306 5445 1171 681 777 609 787 2322 160 2782 449 882 263 337 194 103 198 434 1300 265 2800 134 436 67 164 165 74 62 105 32 25 18 32 23 46 15 12 11 11 11 11 11 11 11 11 12 118 33 41 71 19 48 15 128 157 28 16 16 17 22 39 28 26 25 12 9 9 
0.52 1.76442e+06 77241 32651 91808 34365 6114 3257 8486 2090 2446 657 3723 7254 431 2002 1548 181 1157 145 426 1544 855 539 114 523 76 102 81 86 94 126 72 125 209 56 186 169 133 76 327 96 60 43 70 23 17 85 64 28 12 11 11 11 10 10 10 10 10 11 11 13 44 28 57 17 42 14 67 36 22 15 16 26 22 65 38 27 30 9 9 
0.53 41556 127351 83660 97606 30358 1416 1649 10583 2724 747 902 1794 278 620 808 4569 4289 412 751 2755 315 88 59 553 530 182 182 74 44 49 88 31 197 61 257 126 180 305 31 353 35 183 32 128 183 54 17 66 21 29 12 11 10 10 10 10 10 10 10 10 11 12 18 20 26 16 14 14 38 22 16 16 16 20 23 29 22 30 10 9 
0.54 16913 46145 17492 4401 4325 1169 2175 3395 5770 1950 977 835 637 1263 600 778 14952 308 280 150 3113 374 651 70 59 78 128 259 42 146 258 110 26 89 47 19 18 17 17 17 17 19 124 89 89 58 32 20 19 57 26 11 11 10 10 10 10 10 10 10 10 10 11 15 16 24 15 13 13 22 21 15 20 15 17 55 36 21 10 9 
0.55 9619 3346 739 7106 10675 792 985 784 865 546 2691 476 892 315 137 576 621 390 594 213 110 117 251 35 76 107 404 194 371 192 85 25 25 77 64 24 84 127 49 102 42 23 17 16 16 33 56 39 31 17 27 17 11 10 10 10 10 10 10 10 10 10 10 10 12 30 15 15 13 13 27 25 16 26 16 25 24 15 18 9 
