epsilon_k[0] 0.0001
epsilon_k[1] 2.18e-05
epsilon_k[2] 7.08e-05
epsilon_k[3] 2.54e-05
epsilon_k[4] 1e-05
epsilon_k[5] 7.8e-06
epsilon_k[6] 2.18e-05
omega_x0 0.168
omega_y0 0.201
dx 0.01
n_theta 100
dtheta 0.015708
epsilon 52
max_turns 10000000
from_angle 75
to_angle 80
1.1781 1e+07 1e+07 1e+07 1e+07 1e+07 1e+07 1e+07 1e+07 1e+07 1e+07 1e+07 1e+07 1e+07 1e+07 1e+07 1e+07 1e+07 1e+07 1e+07 1e+07 1e+07 1e+07 1e+07 1e+07 1e+07 1e+07 1e+07 1e+07 1e+07 1e+07 1e+07 1e+07 1e+07 1e+07 1e+07 4.51586e+06 3.80762e+06 2.70392e+06 59968 13965 154508 7920 28982 5454 33540 3527 2927 1587 4058 1372 1771 1086 1399 668 1185 170 541 341 133 177 35 1255 40 189 101 410 87 181 27 61 33 37 61 28 9 8 8 7 7 7 7 7 6 6 6 6 6 6 6 6 6 6 6 5 5 5 5 5 5 5 
1.19381 1e+07 1e+07 1e+07 1e+07 1e+07 1e+07 1e+07 1e+07 1e+07 1e+07 1e+07 1e+07 1e+07 1e+07 1e+07 1e+07 1e+07 1e+07 1e+07 1e+07 1e+07 1e+07 1e+07 1e+07 1e+07 1e+07 1e+07 1e+07 1e+07 1e+07 1e+07 1e+07 1e+07 1e+07 1e+07 6.9917e+06 198536 1.34678e+06 33015 69619 212780 71540 10954 6347 6737 2824 5250 2182 2079 1520 3476 6243 995 2406 1927 341 3935 385 378 202 51 256 46 31 118 302 120 33 173 18 19 24 42 33 9 8 8 7 7 7 7 7 6 6 6 6 6 6 6 6 6 6 6 5 5 5 5 5 5 5 
1.20951 1e+07 1e+07 1e+07 1e+07 1e+07 1e+07 1e+07 1e+07 1e+07 1e+07 1e+07 1e+07 1e+07 1e+07 1e+07 1e+07 1e+07 1e+07 1e+07 1e+07 1e+07 1e+07 1e+07 1e+07 1e+07 1e+07 1e+07 1e+07 1e+07 1e+07 1e+07 1e+07 1e+07 1e+07 1.81043e+06 426429 172528 345438 41308 161914 25675 50743 7215 47769 2512 4886 11600 4865 8016 1272 6835 3787 4004 819 2109 419 138 1922 310 141 96 50 115 104 165 282 127 75 57 69 25 21 33 26 11 8 8 7 7 7 7 7 6 6 6 6 6 6 6 6 6 6 6 6 5 5 5 5 5 5 
1.22522 1e+07 1e+07 1e+07 1e+07 1e+07 1e+07 1e+07 1e+07 1e+07 1e+07 1e+07 1e+07 1e+07 1e+07 1e+07 1e+07 1e+07 1e+07 1e+07 1e+07 1e+07 1e+07 1e+07 1e+07 1e+07 1e+07 1e+07 1e+07 1e+07 1e+07 1e+07 1e+07 1e+07 1e+07 1.77048e+06 404636 7.05629e+06 7.4423e+06 324274 164126 32902 30790 19756 23893 39711 22964 10066 5523 9278 4956 2255 3130 1786 1863 3452 1546 1132 542 180 106 49 181 242 82 34 57 271 135 39 129 18 19 117 54 33 9 8 8 7 7 7 7 7 6 6 6 6 6 6 6 6 6 6 6 6 5 5 5 5 5 
1.24093 1e+07 1e+07 1e+07 1e+07 1e+07 1e+07 1e+07 1e+07 1e+07 1e+07 1e+07 1e+07 1e+07 1e+07 1e+07 1e+07 1e+07 1e+07 1e+07 1e+07 1e+07 1e+07 1e+07 1e+07 1e+07 1e+07 1e+07 1e+07 1e+07 1e+07 1e+07 1e+07 1e+07 2.15594e+06 1.76459e+06 1.10375e+06 778975 253219 102852 143282 343830 59780 15719 22454 7694 6272 8938 34127 1230 5208 1435 12724 1354 1660 15402 281 750 2632 5882 104 195 32 88 117 298 122 73 78 34 33 45 17 21 28 15 21 9 8 8 7 7 7 7 7 6 6 6 6 6 6 6 6 6 6 6 6 5 5 5 5 
1.25664 1e+07 1e+07 1e+07 1e+07 1e+07 1e+07 1e+07 1e+07 1e+07 1e+07 1e+07 1e+07 1e+07 1e+07 1e+07 1e+07 1e+07 1e+07 1e+07 1e+07 1e+07 1e+07 1e+07 1e+07 1e+07 1e+07 1e+07 1e+07 1e+07 1e+07 1e+07 1e+07 7.4474e+06 1e+07 2.17163e+06 1.18858e+06 1e+07 427162 86863 77243 261724 4.86328e+06 24444 65424 10668 5656 7600 4667 7944 20090 2790 1500 1746 11104 2382 298 208 453 221 200 1014 70 382 38 112 38 63 73 38 251 227 36 17 134 52 35 10 8 8 7 7 7 7 7 7 6 6 6 6 6 6 6 6 6 6 6 6 5 5 5 
