epsilon_k[0] 0.1
epsilon_k[0] 2.18e-05
epsilon_k[0] 7.08e-05
epsilon_k[0] 2.54e-05
epsilon_k[0] 1e-05
epsilon_k[0] 7.8e-06
epsilon_k[0] 0.218
omega_x0 0.28
omega_y0 0.31
dx 0.01
n_theta 100
dtheta 0.00785398
epsilon 2
max_turns 10000000
from_angle 48
to_angle 56
0.376991 1e+07 1e+07 1e+07 20173 3125 2211 1575 1317 962 
0.384845 1e+07 1e+07 1e+07 20486 3119 2204 1545 1270 956 
0.392699 1e+07 1e+07 1e+07 21191 3113 2194 1543 1267 1014 746 
0.400553 1e+07 1e+07 1e+07 21794 3112 2190 1540 1266 900 
0.408407 1e+07 1e+07 1e+07 22444 3113 2188 1515 1299 893 
0.416261 1e+07 1e+07 1e+07 23286 3112 2188 1540 1242 892 
0.424115 1e+07 1e+07 1e+07 11164 3111 2187 1515 1233 890 
0.431969 1e+07 1e+07 1e+07 8343 3113 2187 1441 1232 887 
