epsilon_k[0] 0.0001
epsilon_k[1] 2.18e-05
epsilon_k[2] 7.08e-05
epsilon_k[3] 2.54e-05
epsilon_k[4] 1e-05
epsilon_k[5] 7.8e-06
epsilon_k[6] 2.18e-05
omega_x0 0.168
omega_y0 0.201
dx 0.01
n_theta 100
dtheta 0.015708
epsilon 2
max_turns 10000000
from_angle 30
to_angle 35
0.471239 1e+07 1e+07 1e+07 1e+07 1e+07 1e+07 1e+07 1e+07 1e+07 1e+07 1e+07 1e+07 1e+07 1e+07 1e+07 1e+07 1e+07 1e+07 1e+07 1e+07 1e+07 1e+07 1e+07 1e+07 1e+07 1e+07 1e+07 1e+07 1e+07 1e+07 1e+07 1e+07 1e+07 1e+07 1e+07 1e+07 1e+07 1e+07 1e+07 1e+07 1e+07 1e+07 1e+07 1e+07 1e+07 1e+07 1e+07 1e+07 4.16206e+06 2.88318e+06 462147 805800 45618 19662 73338 7010 8671 6163 6466 2531 572 1696 105137 709 222 369 104 222 52 32 57 477 51 117 171 316 185 91 241 45 48 32 46 134 210 141 278 44 92 79 22 15 14 14 16 16 30 17 13 11 
0.486947 1e+07 1e+07 1e+07 1e+07 1e+07 1e+07 1e+07 1e+07 1e+07 1e+07 1e+07 1e+07 1e+07 1e+07 1e+07 1e+07 1e+07 1e+07 1e+07 1e+07 1e+07 1e+07 1e+07 1e+07 1e+07 1e+07 1e+07 1e+07 1e+07 1e+07 1e+07 1e+07 1e+07 1e+07 1e+07 1e+07 1e+07 1e+07 1e+07 1e+07 1e+07 1e+07 1e+07 1e+07 1e+07 1e+07 1e+07 1e+07 5.23194e+06 1.12438e+06 575371 433107 191127 927298 34481 10932 4720 4787 8454 3939 4759 1251 724 10388 8719 251 322 334 159 281 31 31 32 31 123 95 127 177 59 111 1380 48 80 51 50 178 53 92 83 39 23 69 52 110 20 19 28 44 20 14 
0.502655 1e+07 1e+07 1e+07 1e+07 1e+07 1e+07 1e+07 1e+07 1e+07 1e+07 1e+07 1e+07 1e+07 1e+07 1e+07 1e+07 1e+07 1e+07 1e+07 1e+07 1e+07 1e+07 1e+07 1e+07 1e+07 1e+07 1e+07 1e+07 1e+07 1e+07 1e+07 1e+07 1e+07 1e+07 1e+07 1e+07 1e+07 1e+07 1e+07 1e+07 1e+07 1e+07 1e+07 1e+07 1e+07 1e+07 1e+07 1e+07 5.74888e+06 2.63747e+06 3.22924e+06 1.91558e+06 389173 214227 48200 39220 2985 9097 533 1005 396 1164 1597 999 1394 4102 306 279 51 106 50 71 50 51 107 74 168 68 69 55 131 120 120 678 281 197 57 52 16 15 15 15 16 17 24 25 21 18 15 14 
0.518363 1e+07 1e+07 1e+07 1e+07 1e+07 1e+07 1e+07 1e+07 1e+07 1e+07 1e+07 1e+07 1e+07 1e+07 1e+07 1e+07 1e+07 1e+07 1e+07 1e+07 1e+07 1e+07 1e+07 1e+07 1e+07 1e+07 1e+07 1e+07 1e+07 1e+07 1e+07 1e+07 1e+07 1e+07 1e+07 1e+07 1e+07 1e+07 1e+07 1e+07 1e+07 1e+07 1e+07 1e+07 1e+07 1e+07 1e+07 1e+07 3.04802e+06 1e+07 1e+07 557934 7.11244e+06 366213 7338 3597 6117 1920 3227 5820 14086 3512 8678 951 258 353 311 275 187 156 59 62 369 135 117 94 146 81 41 33 54 65 33 63 78 52 46 32 19 31 22 19 28 380 21 11 10 10 9 9 
0.534071 1e+07 1e+07 1e+07 1e+07 1e+07 1e+07 1e+07 1e+07 1e+07 1e+07 1e+07 1e+07 1e+07 1e+07 1e+07 1e+07 1e+07 1e+07 1e+07 1e+07 1e+07 1e+07 1e+07 1e+07 1e+07 1e+07 1e+07 1e+07 1e+07 1e+07 1e+07 1e+07 1e+07 1e+07 1e+07 1e+07 1e+07 1e+07 1e+07 1e+07 1e+07 1e+07 1e+07 1e+07 1e+07 1e+07 1e+07 1e+07 1e+07 1e+07 1e+07 1e+07 1e+07 61925 21894 7387 3284 19191 2374 13917 2014 2253 493 822 380 299 490 252 263 325 210 50 123 145 91 85 72 249 157 84 290 76 46 49 31 32 22 74 26 19 19 18 11 10 9 9 9 8 8 8 
