epsilon_k[0] 0.0001
epsilon_k[1] 2.18e-05
epsilon_k[2] 7.08e-05
epsilon_k[3] 2.54e-05
epsilon_k[4] 1e-05
epsilon_k[5] 7.8e-06
epsilon_k[6] 2.18e-05
omega_x0 0.168
omega_y0 0.201
dx 0.01
n_theta 100
dtheta 0.015708
epsilon 40
max_turns 10000000
from_angle 15
to_angle 20
0.235619 1e+07 1e+07 1e+07 1e+07 1e+07 1e+07 1e+07 1e+07 1e+07 1e+07 1e+07 1e+07 1e+07 1e+07 1e+07 1e+07 1e+07 1e+07 1e+07 1e+07 1e+07 1e+07 1e+07 1e+07 1e+07 1e+07 1e+07 1e+07 1e+07 1e+07 1e+07 9.95269e+06 1e+07 1e+07 1e+07 1e+07 1e+07 1e+07 1e+07 1e+07 1e+07 7.55269e+06 2.27233e+06 1.90568e+06 4.99918e+06 687980 373796 64844 159720 97432 16346 30643 50947 124656 16035 328248 34089 37722 57154 28093 30911 6230 4743 3214 1992 5578 3072 710 5041 3070 1478 592 1288 921 387 54 241 139 473 2797 239 34 83 78 233 130 97 193 16 162 30 244 23 16 9 7 7 7 6 6 
0.251327 1e+07 1e+07 1e+07 1e+07 1e+07 1e+07 1e+07 1e+07 1e+07 1e+07 1e+07 1e+07 1e+07 1e+07 1e+07 1e+07 1e+07 1e+07 1e+07 1e+07 1e+07 1e+07 1e+07 1e+07 1e+07 1e+07 1e+07 1e+07 1e+07 1e+07 1e+07 1e+07 1e+07 1e+07 1e+07 1e+07 1e+07 1e+07 1e+07 1e+07 8.71195e+06 7.5903e+06 1.31016e+06 1.23852e+06 748477 407858 165013 79724 138826 352298 73282 37151 39930 92322 23559 4588 11832 22365 16088 5358 7884 8012 1137 1226 969 13182 4563 2057 184 10893 599 1517 4372 332 1696 279 354 6193 109 193 139 34 97 84 92 45 346 37 108 15 27 20 91 15 75 11 8 7 7 7 
0.267035 1e+07 1e+07 1e+07 1e+07 1e+07 1e+07 1e+07 1e+07 1e+07 1e+07 1e+07 1e+07 1e+07 1e+07 1e+07 1e+07 1e+07 1e+07 1e+07 1e+07 1e+07 1e+07 1e+07 1e+07 1e+07 1e+07 1e+07 1e+07 1e+07 1e+07 1e+07 1e+07 1e+07 1e+07 1e+07 1e+07 1e+07 1e+07 1e+07 1e+07 1e+07 1e+07 1.5875e+06 6.37108e+06 3.22416e+06 225352 708365 2.17697e+06 147766 72422 74447 49513 83251 22830 178400 11362 195577 3258 67657 47301 9971 8137 1915 7940 4459 12852 1735 294 2227 113 1817 159 3635 1092 276 317 189 329 82 87 4095 104 64 109 45 44 20 214 212 80 14 24 20 25 51 38 15 9 8 7 
0.282743 1e+07 1e+07 1e+07 1e+07 1e+07 1e+07 1e+07 1e+07 1e+07 1e+07 1e+07 1e+07 1e+07 1e+07 1e+07 1e+07 1e+07 1e+07 1e+07 1e+07 1e+07 1e+07 1e+07 1e+07 1e+07 1e+07 1e+07 1e+07 1e+07 1e+07 1e+07 1e+07 1e+07 1e+07 1e+07 1e+07 1e+07 1e+07 1e+07 1e+07 1e+07 1e+07 8.92356e+06 1e+07 445789 666890 147263 83423 40150 16121 8944 20265 193529 43881 36272 29034 23537 7461 11220 6053 1310 1088 2696 1540 6477 3215 1353 395 1693 1374 626 447 172 2181 436 575 385 2214 6003 123 536 55 55 157 33 25 45 49 19 313 38 14 16 30 115 57 15 44 16 10 
0.298451 1e+07 1e+07 1e+07 1e+07 1e+07 1e+07 1e+07 1e+07 1e+07 1e+07 1e+07 1e+07 1e+07 1e+07 1e+07 1e+07 1e+07 1e+07 1e+07 1e+07 1e+07 1e+07 1e+07 1e+07 1e+07 1e+07 1e+07 1e+07 1e+07 1e+07 1e+07 1e+07 8.97898e+06 1e+07 1e+07 1e+07 1e+07 1e+07 1e+07 3.55271e+06 4.10951e+06 5.44288e+06 5.96395e+06 1.39226e+06 905938 286192 219273 155748 52508 1.28898e+06 62395 30014 85657 47226 55164 286343 28672 8970 5035 9463 70920 3549 654 5439 456100 789 1499 282 1649 955 427 231 1067 332 489 5931 399 1377 1250 410 65 91 174 76 493 38 96 70 76 44 19 52 17 13 359 45 38 141 15 20 
