epsilon_k[0]0.1
epsilon_k[0]2.18e-05
epsilon_k[0]7.08e-05
epsilon_k[0]2.54e-05
epsilon_k[0]1e-05
epsilon_k[0]7.8e-06
epsilon_k[0]0.218
omega_x01.94779
omega_y02.01062
dx 0.01
n_theta 100
dtheta 0.00785398
epsilon 16
max_turns 10000000
from_angle 8
to_angle 16
0.0628319 1e+07 11249 5406 2478 974 
0.0706858 1e+07 11274 5407 2510 994 
0.0785398 1e+07 11214 5408 2775 993 
0.0863938 1e+07 11230 5410 2724 1013 707 
0.0942478 1e+07 11277 5418 3432 1063 707 
0.102102 1e+07 11397 5421 2798 1077 707 
0.109956 1e+07 12310 5424 2881 1089 708 
0.11781 1e+07 12180 5430 2923 1094 709 
0.125664 1e+07 12208 5454 3400 1107 714 
