epsilon_k[0] 0.1
epsilon_k[0] 2.18e-05
epsilon_k[0] 7.08e-05
epsilon_k[0] 2.54e-05
epsilon_k[0] 1e-05
epsilon_k[0] 7.8e-06
epsilon_k[0] 0.218
omega_x0 0.31
omega_y0 0.32
dx 0.01
n_theta 100
dtheta 0.00785398
epsilon 4
max_turns 10000000
from_angle 16
to_angle 24
0.125664 1e+07 41140 4081 2945 2611 2001 1999 1777 1542 1495 1493 1474 1428 1418 1418 1418 1208 611 
0.133518 1e+07 35280 4270 2946 2610 2002 1887 1753 1541 1495 1493 1493 1428 1415 1415 1415 1213 577 
0.141372 1e+07 32526 4279 2947 2630 2002 1767 1683 1541 1496 1493 1485 1428 1413 1413 1413 1413 561 
0.149226 1e+07 30324 4169 2950 2661 2002 1751 1670 1540 1498 1493 1493 1429 1413 1413 1413 1413 560 
0.15708 1e+07 28909 4281 3008 2678 2003 1734 1666 1540 1540 1493 1493 1429 1414 1414 1414 1271 560 
0.164934 1e+07 27322 4591 3005 2751 2003 1700 1666 1540 1540 1494 1494 1430 1414 1414 1300 1267 560 
0.172788 1e+07 26381 4720 3007 2790 2004 1688 1688 1541 1541 1494 1493 1431 1414 1414 1271 1268 560 
0.180642 1e+07 25487 4608 3015 2791 2005 1676 1676 1541 1541 1495 1492 1464 1414 1414 1272 1136 560 
