epsilon_k[0] 0.0001
epsilon_k[1] 2.18e-05
epsilon_k[2] 7.08e-05
epsilon_k[3] 2.54e-05
epsilon_k[4] 1e-05
epsilon_k[5] 7.8e-06
epsilon_k[6] 2.18e-05
omega_x0 0.168
omega_y0 0.201
dx 0.01
n_theta 100
dtheta 0.015708
epsilon 52
max_turns 10000000
from_angle 30
to_angle 35
0.471239 1e+07 1e+07 1e+07 1e+07 1e+07 1e+07 1e+07 1e+07 1e+07 1e+07 1e+07 1e+07 1e+07 1e+07 1e+07 1e+07 1e+07 1e+07 1e+07 1e+07 1e+07 1e+07 1e+07 1e+07 1e+07 1e+07 8.14254e+06 1e+07 2.21346e+06 1.39152e+06 1e+07 1e+07 1.69486e+06 3.53615e+06 1.7042e+06 3.34147e+06 1.10094e+06 1.35708e+06 4.23595e+06 1.23349e+06 586206 311243 2.27445e+06 2.25617e+06 1.23075e+06 110493 704991 801314 1.19917e+06 6.28929e+06 63430 51597 88795 11585 40001 4456 3054 18665 3216 1978 4520 3504 929 591 310 472 1139 384 540 650 2247 101 83 257 51 95 77 56 4604 75 41 65 25 25 43 70 57 32 31 23 24 23 15 14 13 13 13 17 19 13 
0.486947 1e+07 1e+07 1e+07 1e+07 1e+07 1e+07 1e+07 1e+07 1e+07 1e+07 1e+07 1e+07 1e+07 1e+07 1e+07 1e+07 1e+07 1e+07 1e+07 1e+07 1e+07 1e+07 1e+07 1e+07 1e+07 1e+07 8.89763e+06 1e+07 1e+07 6.26709e+06 7.48896e+06 5.46097e+06 1e+07 2.18646e+06 8.58051e+06 5.36277e+06 3.28231e+06 1.72212e+06 2.53685e+06 3.73682e+06 2.7144e+06 2.35282e+06 1.42175e+06 4.56768e+06 417662 5.1155e+06 3.34831e+06 470700 758556 634480 148954 502615 38666 37278 66477 5205 6908 6438 7563 3320 1628 2287 751 5615 1355 1447 6696 314 415 8372 237 72 32 61 68 37 42 87 35 61 43 93 44 446 62 33 39 45 66 36 105 27 46 21 21 17 16 17 38 40 
0.502655 1e+07 1e+07 1e+07 1e+07 1e+07 1e+07 1e+07 1e+07 1e+07 1e+07 1e+07 1e+07 1e+07 1e+07 1e+07 1e+07 1e+07 1e+07 1e+07 1e+07 1e+07 1e+07 1e+07 1e+07 1e+07 1e+07 1e+07 1.85775e+06 1e+07 2.4496e+06 2.2243e+06 2.73804e+06 1.35569e+06 5.39827e+06 3.76829e+06 2.78137e+06 1.47369e+06 675083 3.06108e+06 2.6288e+06 1.96862e+06 2.21532e+06 2.19098e+06 1.27691e+06 362512 1e+07 251207 1.24283e+06 54878 104840 2.14327e+06 77493 159077 62070 41479 7179 6218 4991 5456 1628 2559 1294 433 223 14898 224 1943 3111 232 69 104 232 57 81 68 65 36 109 162 73 259 36 216 49 99 59 57 40 31 16 15 15 22 17 22 35 19 13 12 12 
0.518363 1e+07 1e+07 1e+07 1e+07 1e+07 1e+07 1e+07 1e+07 1e+07 1e+07 1e+07 1e+07 1e+07 1e+07 1e+07 1e+07 1e+07 1e+07 1e+07 1e+07 1e+07 1e+07 1e+07 1e+07 1e+07 1e+07 1e+07 1e+07 1e+07 1e+07 3.7228e+06 4.00812e+06 3.36693e+06 3.72424e+06 859830 5.21351e+06 9.72835e+06 1e+07 5.738e+06 795728 653359 3.82339e+06 3.78407e+06 8.89827e+06 657227 951498 242591 179722 1e+07 280705 120224 201722 46943 17872 136700 45431 9762 3205 3396 541 2439 1223 1856 4039 2859 224 10338 252 162 1548 140 383 258 50 36 245 64 61 35 42 35 65 41 81 121 75 40 51 20 23 25 26 17 36 22 10 9 9 9 8 
0.534071 1e+07 1e+07 1e+07 1e+07 1e+07 1e+07 1e+07 1e+07 1e+07 1e+07 1e+07 1e+07 1e+07 1e+07 1e+07 1e+07 1e+07 1e+07 1e+07 1e+07 1e+07 1e+07 1e+07 1e+07 1e+07 1e+07 1e+07 4.17744e+06 1.92059e+06 5.55284e+06 5.93926e+06 1e+07 3.42804e+06 2.33437e+06 9.89313e+06 1.54538e+06 7.39671e+06 1.94135e+06 5.31039e+06 1.15042e+06 1.74378e+06 5.08817e+06 1.56755e+06 2.11656e+06 990209 1e+07 199748 7.18695e+06 225727 431586 4.02782e+06 56939 43845 39069 54112 6399 3571 1865 7422 11117 1524 5613 2907 503 449 728 397 273 342 357 100 352 278 82 237 41 202 58 30 32 77 68 36 256 77 43 35 26 58 36 22 16 30 10 9 9 8 8 8 8 
