epsilon_k[0] 0.1
epsilon_k[0] 2.18e-05
epsilon_k[0] 7.08e-05
epsilon_k[0] 2.54e-05
epsilon_k[0] 1e-05
epsilon_k[0] 7.8e-06
epsilon_k[0] 0.218
omega_x0 0.168
omega_y0 0.201
dx 0.01
n_theta 100
dtheta 0.00785398
epsilon 1
max_turns 10000000
from_angle 64
to_angle 72
0.502655 1e+07 1e+07 1e+07 1e+07 1e+07 1e+07 1e+07 1e+07 1e+07 1e+07 1e+07 1e+07 1e+07 1e+07 1e+07 1e+07 1e+07 1e+07 1e+07 3.19523e+06 3.19523e+06 233132 101826 36862 36862 36793 31880 23916 23916 20225 20225 6178 6178 6178 6178 6178 2015 2015 2015 1781 1781 1197 899 
0.510509 1e+07 1e+07 1e+07 1e+07 1e+07 1e+07 1e+07 1e+07 1e+07 1e+07 1e+07 1e+07 1e+07 1e+07 1e+07 1e+07 1e+07 1e+07 1e+07 1e+07 2.54153e+06 435026 200554 111446 65515 22833 11324 9873 9873 9873 5464 5464 5464 5464 5464 3002 3002 3002 3002 3002 2356 909 
0.518363 1e+07 1e+07 1e+07 1e+07 1e+07 1e+07 1e+07 1e+07 1e+07 1e+07 1e+07 1e+07 1e+07 1e+07 1e+07 1e+07 1e+07 1e+07 1e+07 1e+07 4.21224e+06 779570 58637 58637 47701 47701 23614 23614 23614 23614 7198 7198 7198 6083 1815 1815 1815 1815 1815 1815 1056 1056 1056 1056 394 
0.526217 1e+07 1e+07 1e+07 1e+07 1e+07 1e+07 1e+07 1e+07 1e+07 1e+07 1e+07 1e+07 1e+07 1e+07 1e+07 1e+07 1e+07 1e+07 1e+07 1e+07 1.17505e+06 1.17505e+06 88761 88761 71724 71724 10746 10746 10746 10746 8079 8079 8079 7351 3956 2644 2644 2644 1270 805 
0.534071 1e+07 1e+07 1e+07 1e+07 1e+07 1e+07 1e+07 1e+07 1e+07 1e+07 1e+07 1e+07 1e+07 1e+07 1e+07 1e+07 1e+07 1e+07 1e+07 1e+07 1.53017e+06 1.53017e+06 220031 62033 62033 28113 12474 12474 12474 12474 12474 12474 7496 7496 4310 2274 2274 1484 1484 1484 1484 1346 913 
0.541925 1e+07 1e+07 1e+07 1e+07 1e+07 1e+07 1e+07 1e+07 1e+07 1e+07 1e+07 1e+07 1e+07 1e+07 1e+07 1e+07 1e+07 1e+07 1e+07 1e+07 5.86253e+06 2.95506e+06 350327 40013 23053 23053 23053 8156 8156 8156 8156 8156 8156 8156 2059 2059 2059 2059 984 
0.549779 1e+07 1e+07 1e+07 1e+07 1e+07 1e+07 1e+07 1e+07 1e+07 1e+07 1e+07 1e+07 1e+07 1e+07 1e+07 1e+07 1e+07 1.78236e+06 1.78236e+06 1.78236e+06 1.78236e+06 1.78236e+06 1.05004e+06 51195 51195 45253 34268 31578 31578 31578 31578 15670 11834 11834 5302 2796 2796 2063 1844 1558 1558 957 
0.557633 1e+07 1e+07 1e+07 1e+07 1e+07 1e+07 1e+07 1e+07 1e+07 1e+07 1e+07 1e+07 1e+07 1e+07 1e+07 7.01813e+06 5.74034e+06 5.23496e+06 5.23496e+06 5.23496e+06 2.86181e+06 2.86181e+06 525353 413322 86124 37373 37373 36939 36939 36939 36939 36939 28189 12164 6400 6400 6400 3420 3010 2213 1196 1196 845 
0.565487 1e+07 1e+07 1e+07 1e+07 1e+07 1e+07 1e+07 1e+07 1e+07 1e+07 1e+07 1e+07 1e+07 1e+07 1e+07 5.61374e+06 5.61374e+06 2.34133e+06 2.34133e+06 1.89084e+06 1.89084e+06 1.89084e+06 253498 253498 138431 15154 15154 15154 15154 14220 12542 12542 12268 5314 5314 2711 2711 2711 2711 2711 2711 1049 1049 478 
