epsilon_k[0] 0.1
epsilon_k[0] 2.18e-05
epsilon_k[0] 7.08e-05
epsilon_k[0] 2.54e-05
epsilon_k[0] 1e-05
epsilon_k[0] 7.8e-06
epsilon_k[0] 0.218
omega_x0 0.28
omega_y0 0.31
dx 0.01
n_theta 100
dtheta 0.00785398
epsilon 10
max_turns 10000000
from_angle 64
to_angle 72
0.502655 1e+07 45364 20882 20882 3896 2114 1595 833 
0.510509 1e+07 45182 20836 20836 3693 2161 1150 844 
0.518363 1e+07 45318 20882 20882 4276 2227 944 
0.526217 1e+07 45984 21196 21196 5853 2248 1028 596 
0.534071 1e+07 46233 21247 21247 6054 2241 1191 440 
0.541925 1e+07 46238 21702 21702 13466 2235 1147 403 
0.549779 1e+07 48275 21718 21718 16344 2263 1152 401 
0.557633 1e+07 52221 21306 21306 21306 2247 1156 401 
0.565487 1e+07 55037 20880 17155 17155 2342 1210 402 
