epsilon_k[0] 0.0001
epsilon_k[1] 2.18e-05
epsilon_k[2] 7.08e-05
epsilon_k[3] 2.54e-05
epsilon_k[4] 1e-05
epsilon_k[5] 7.8e-06
epsilon_k[6] 2.18e-05
omega_x0 0.168
omega_y0 0.201
dx 0.01
n_theta 100
dtheta 0.015708
epsilon 2
max_turns 10000000
from_angle 90
to_angle 95
1.41372 1e+07 1e+07 1e+07 1e+07 1e+07 1e+07 1e+07 1e+07 1e+07 1e+07 1e+07 1e+07 1e+07 1e+07 1e+07 1e+07 1e+07 1e+07 1e+07 1e+07 1e+07 1e+07 1e+07 1e+07 1e+07 1e+07 1e+07 1e+07 1e+07 1e+07 1e+07 1e+07 1e+07 1e+07 1e+07 1e+07 1e+07 1e+07 1e+07 1e+07 1e+07 1e+07 1e+07 1e+07 5.4487e+06 3.76314e+06 1.85846e+06 130028 220212 13719 17947 16620 2769 6043 724 1368 3317 896 632 374 573 410 352 2405 150 60 44 411 566 73 1650 57 90 204 73 19 21 16 15 20 26 30 15 17 17 44 14 11 11 10 10 10 10 10 10 10 10 10 10 12 
1.42942 1e+07 1e+07 1e+07 1e+07 1e+07 1e+07 1e+07 1e+07 1e+07 1e+07 1e+07 1e+07 1e+07 1e+07 1e+07 1e+07 1e+07 1e+07 1e+07 1e+07 1e+07 1e+07 1e+07 1e+07 1e+07 1e+07 1e+07 1e+07 1e+07 1e+07 1e+07 1e+07 1e+07 1e+07 1e+07 1e+07 1e+07 1e+07 1e+07 1e+07 1e+07 1e+07 1e+07 1e+07 1e+07 1e+07 1.28264e+06 351787 108391 33208 47931 16055 9172 16658 6471 678 6422 1940 666 475 284 129 133 183 405 260 184 60 101 256 44 176 95 24 37 52 15 14 14 14 14 15 18 18 20 15 15 31 23 13 13 13 15 13 12 11 10 10 10 10 
1.44513 1e+07 1e+07 1e+07 1e+07 1e+07 1e+07 1e+07 1e+07 1e+07 1e+07 1e+07 1e+07 1e+07 1e+07 1e+07 1e+07 1e+07 1e+07 1e+07 1e+07 1e+07 1e+07 1e+07 1e+07 1e+07 1e+07 1e+07 1e+07 1e+07 1e+07 1e+07 1e+07 1e+07 1e+07 1e+07 1e+07 1e+07 1e+07 1e+07 1e+07 1e+07 1e+07 1e+07 1e+07 1e+07 1e+07 9.86589e+06 1.5918e+06 648739 96990 43711 10219 3254 9339 2514 3086 1965 1414 493 1313 413 302 928 370 150 48 130 127 104 428 229 180 74 184 33 44 37 31 19 42 15 14 13 13 12 12 12 12 12 12 12 11 11 11 11 11 11 11 11 11 
1.46084 1e+07 1e+07 1e+07 1e+07 1e+07 1e+07 1e+07 1e+07 1e+07 1e+07 1e+07 1e+07 1e+07 1e+07 1e+07 1e+07 1e+07 1e+07 1e+07 1e+07 1e+07 1e+07 1e+07 1e+07 1e+07 1e+07 1e+07 1e+07 1e+07 1e+07 1e+07 1e+07 1e+07 1e+07 1e+07 1e+07 1e+07 1e+07 1e+07 1e+07 1e+07 1e+07 1e+07 1e+07 1e+07 1e+07 1e+07 1e+07 1.10346e+06 1.26929e+06 61129 517542 3270 3999 2967 1828 629 2406 9923 569 200 1247 693 1576 185 94 161 467 163 1872 41 32 130 231 26 26 92 37 42 26 26 20 19 25 17 19 21 14 13 13 13 19 17 17 12 11 10 10 10 9 
1.47655 1e+07 1e+07 1e+07 1e+07 1e+07 1e+07 1e+07 1e+07 1e+07 1e+07 1e+07 1e+07 1e+07 1e+07 1e+07 1e+07 1e+07 1e+07 1e+07 1e+07 1e+07 1e+07 1e+07 1e+07 1e+07 1e+07 1e+07 1e+07 1e+07 1e+07 1e+07 1e+07 1e+07 1e+07 1e+07 1e+07 1e+07 1e+07 1e+07 1e+07 1e+07 1e+07 1e+07 1e+07 1e+07 1e+07 1e+07 6.69883e+06 297244 52180 68470 104666 6705 15693 2465 3144 726 805 1699 239 212 204 1234 131 378 49 200 177 456 225 27 178 27 57 79 114 60 28 27 33 16 15 15 17 16 18 20 11 10 10 10 10 9 9 9 9 9 9 9 8 
1.49226 1e+07 1e+07 1e+07 1e+07 1e+07 1e+07 1e+07 1e+07 1e+07 1e+07 1e+07 1e+07 1e+07 1e+07 1e+07 1e+07 1e+07 1e+07 1e+07 1e+07 1e+07 1e+07 1e+07 1e+07 1e+07 1e+07 1e+07 1e+07 1e+07 1e+07 1e+07 1e+07 1e+07 1e+07 1e+07 1e+07 1e+07 1e+07 1e+07 1e+07 1e+07 1e+07 1e+07 1e+07 1e+07 1e+07 8.44593e+06 4.5231e+06 2.36773e+06 1.68017e+06 380495 19434 32359 4399 357 1564 2768 665 5038 2461 2770 13726 613 227 244 95 655 334 98 70 100 124 119 85 33 32 28 67 28 27 25 16 35 18 12 11 10 10 10 9 9 9 9 9 9 9 9 9 8 8 
