epsilon_k[0] 0.0001
epsilon_k[1] 2.18e-05
epsilon_k[2] 7.08e-05
epsilon_k[3] 2.54e-05
epsilon_k[4] 1e-05
epsilon_k[5] 7.8e-06
epsilon_k[6] 2.18e-05
omega_x0 0.31
omega_y0 0.32
dx 0.01
epsilon 6
max_turns 10000000
from_y 32
to_y 40
0.32 14 14 15 15 15 15 16 16 16 17 18 18 20 21 25 43 26 21 19 17 16 15 14 14 13 12 12 12 11 11 11 10 10 10 10 9 9 9 9 9 9 8 8 8 8 8 8 8 8 8 7 7 7 7 7 7 7 7 7 7 7 6 6 6 6 6 6 6 6 6 6 6 6 6 6 6 6 6 6 5 
0.33 14 14 14 14 14 15 15 15 15 16 16 17 18 19 21 27 28 21 18 17 16 15 14 13 13 12 12 12 11 11 11 10 10 10 10 9 9 9 9 9 9 8 8 8 8 8 8 8 8 7 7 7 7 7 7 7 7 7 7 7 6 6 6 6 6 6 6 6 6 6 6 6 6 6 6 6 6 6 5 5 
0.34 13 13 13 14 14 14 14 14 15 15 16 16 17 18 19 21 48 22 19 17 16 15 14 13 13 12 12 11 11 11 10 10 10 10 9 9 9 9 9 9 8 8 8 8 8 8 8 8 8 7 7 7 7 7 7 7 7 7 7 7 6 6 6 6 6 6 6 6 6 6 6 6 6 6 6 6 6 5 5 5 
0.35 13 13 13 13 13 13 14 14 14 14 15 15 16 16 17 19 22 23 19 17 16 15 14 13 13 12 12 11 11 11 10 10 10 10 9 9 9 9 9 9 8 8 8 8 8 8 8 8 7 7 7 7 7 7 7 7 7 7 7 6 6 6 6 6 6 6 6 6 6 6 6 6 6 6 6 6 5 5 5 5 
0.36 12 12 13 13 13 13 13 13 14 14 14 14 15 15 16 17 19 25 20 17 16 15 14 13 13 12 12 11 11 11 10 10 10 10 9 9 9 9 9 8 8 8 8 8 8 8 8 7 7 7 7 7 7 7 7 7 7 7 6 6 6 6 6 6 6 6 6 6 6 6 6 6 6 6 6 5 5 5 5 5 
0.37 12 12 12 12 12 13 13 13 13 13 13 14 14 14 15 16 17 19 21 17 16 15 14 13 13 12 12 11 11 11 10 10 10 9 9 9 9 9 9 8 8 8 8 8 8 8 8 7 7 7 7 7 7 7 7 7 7 7 6 6 6 6 6 6 6 6 6 6 6 6 6 6 6 6 5 5 5 5 5 5 
0.38 12 12 12 12 12 12 12 12 13 13 13 13 13 14 14 15 16 17 20 18 16 15 14 13 12 12 11 11 11 10 10 10 10 9 9 9 9 9 8 8 8 8 8 8 8 8 7 7 7 7 7 7 7 7 7 7 7 6 6 6 6 6 6 6 6 6 6 6 6 6 6 6 6 5 5 5 5 5 5 5 
0.39 11 11 11 12 12 12 12 12 12 12 12 13 13 13 14 14 15 16 17 20 16 15 14 13 12 12 11 11 11 10 10 10 10 9 9 9 9 9 8 8 8 8 8 8 8 8 7 7 7 7 7 7 7 7 7 7 7 6 6 6 6 6 6 6 6 6 6 6 6 6 6 6 5 5 5 5 5 5 5 5 
