epsilon_k[0] 0.1
epsilon_k[0] 2.18e-05
epsilon_k[0] 7.08e-05
epsilon_k[0] 2.54e-05
epsilon_k[0] 1e-05
epsilon_k[0] 7.8e-06
epsilon_k[0] 0.218
omega_x0 0.28
omega_y0 0.31
dx 0.01
n_theta 100
dtheta 0.00785398
epsilon 32
max_turns 10000000
from_angle 56
to_angle 64
0.439823 1e+07 53609 15053 6108 3759 2961 2444 2365 984 
0.447677 1e+07 52896 10046 4990 3597 2988 2503 2503 979 
0.455531 1e+07 52821 12728 4983 4196 3960 2486 2133 1317 300 
0.463385 1e+07 53133 22673 4418 3378 2632 2451 1466 780 
0.471239 1e+07 58553 32090 4367 3592 2477 2477 1332 774 
0.479093 1e+07 64986 28521 4410 3362 2412 2412 1215 711 
0.486947 1e+07 52486 12476 4362 3415 2421 2421 1138 653 
0.494801 1e+07 47643 10862 4392 3496 2431 2431 1114 516 
