epsilon_k[0]0.1
epsilon_k[0]2.18e-05
epsilon_k[0]7.08e-05
epsilon_k[0]2.54e-05
epsilon_k[0]1e-05
epsilon_k[0]7.8e-06
epsilon_k[0]0.218
omega_x01.05558
omega_y01.26292
dx 0.01
n_theta 100
dtheta 0.00785398
epsilon 2
max_turns 10000000
from_angle 88
to_angle 96
0.69115 1e+07 1e+07 1e+07 1e+07 1e+07 1e+07 1e+07 1e+07 1.1966e+06 509599 509599 161486 161486 161486 64577 64577 6958 6958 6958 6958 6958 1811 1811 484 
0.699004 1e+07 1e+07 1e+07 1e+07 1e+07 1e+07 1e+07 1e+07 1.98761e+06 1.98761e+06 211364 211364 127230 35630 35630 35630 26596 12341 12341 4674 4674 3723 1624 1624 553 
0.706858 1e+07 1e+07 1e+07 1e+07 1e+07 1e+07 1e+07 1e+07 3.55022e+06 1.82238e+06 742466 95903 95903 22032 22032 22032 11298 11298 11298 4825 4825 4825 1278 1275 1207 1122 1122 484 
0.714712 1e+07 1e+07 1e+07 1e+07 1e+07 1e+07 1e+07 1e+07 3.07276e+06 745952 278998 278998 156273 23554 23554 23554 23554 10822 5243 5208 5208 5208 5208 1274 556 
0.722566 1e+07 1e+07 1e+07 1e+07 1e+07 1e+07 1e+07 1e+07 1.08626e+06 186120 186120 186120 146752 51771 51771 51771 8143 7048 7048 5539 5539 5539 1927 1927 482 
0.73042 1e+07 1e+07 1e+07 1e+07 1e+07 1e+07 1e+07 1e+07 5.10637e+06 1.16376e+06 304170 209627 209627 101037 101037 65593 18571 12561 3009 3009 3009 2147 2147 1334 950 
0.738274 1e+07 1e+07 1e+07 1e+07 1e+07 1e+07 1e+07 6.67942e+06 1.61591e+06 1.61591e+06 129758 129758 47429 47429 47429 17049 17049 16978 8366 3015 3015 2932 1675 1204 1128 948 
0.746128 1e+07 1e+07 1e+07 1e+07 1e+07 1e+07 1e+07 1e+07 2.08809e+06 2.08809e+06 2.08809e+06 407557 72464 43740 43740 43740 43740 14300 14300 4817 4817 4817 3012 1346 1053 1053 875 
0.753982 1e+07 1e+07 1e+07 1e+07 1e+07 1e+07 1e+07 1e+07 1e+07 1.59601e+06 961087 285947 285947 282143 125263 24715 24715 21307 3017 3017 3017 3017 2148 2148 1994 884 
