epsilon_k[0]0.1
epsilon_k[0]2.18e-05
epsilon_k[0]7.08e-05
epsilon_k[0]2.54e-05
epsilon_k[0]1e-05
epsilon_k[0]7.8e-06
epsilon_k[0]0.218
omega_x01.05558
omega_y01.26292
dx 0.01
n_theta 100
dtheta 0.00785398
epsilon 64
max_turns 10000000
from_angle 72
to_angle 80
0.565487 1e+07 30263 6825 3104 2795 2795 1673 1673 1442 691 
0.573341 1e+07 25333 6712 3065 2777 2777 1669 1669 1494 693 
0.581195 1e+07 24748 6684 3042 2758 2758 1670 1670 1670 705 
0.589049 1e+07 24666 6665 3011 2755 2755 1673 1673 1673 722 
0.596903 1e+07 24890 6657 3028 3028 3028 1680 1680 1680 715 
0.604757 1e+07 30331 6656 3027 2942 2942 1680 1680 1680 704 
0.612611 1e+07 29676 6653 3042 2944 2944 1693 1693 1693 700 
0.620465 1e+07 40580 6654 3043 3043 3043 1705 1705 1705 699 
0.628319 1e+07 88369 6655 3055 3055 3055 1713 1713 1713 701 
