epsilon_k[0] 0.0001
epsilon_k[1] 2.18e-05
epsilon_k[2] 7.08e-05
epsilon_k[3] 2.54e-05
epsilon_k[4] 1e-05
epsilon_k[5] 7.8e-06
epsilon_k[6] 2.18e-05
omega_x0 0.168
omega_y0 0.201
dx 0.01
n_theta 100
dtheta 0.015708
epsilon 16
max_turns 10000000
from_angle 85
to_angle 90
1.33518 1e+07 1e+07 1e+07 1e+07 1e+07 1e+07 1e+07 1e+07 1e+07 1e+07 1e+07 1e+07 1e+07 1e+07 1e+07 1e+07 1e+07 1e+07 1e+07 1e+07 1e+07 1e+07 1e+07 1e+07 1e+07 1e+07 1e+07 1e+07 1e+07 1e+07 1e+07 1e+07 1e+07 1e+07 1e+07 1e+07 1e+07 1e+07 1e+07 2.09675e+06 1.41751e+06 947115 1.49018e+06 2.70224e+06 39049 26273 37322 54548 3164 2500 4023 2055 1565 417 808 824 312 1440 786 94 468 179 60 68 135 36 40 29 72 260 82 26 129 24 17 17 37 19 14 24 22 19 10 9 8 8 7 7 7 7 7 7 6 6 6 6 6 6 6 6 
1.35088 1e+07 1e+07 1e+07 1e+07 1e+07 1e+07 1e+07 1e+07 1e+07 1e+07 1e+07 1e+07 1e+07 1e+07 1e+07 1e+07 1e+07 1e+07 1e+07 1e+07 1e+07 1e+07 1e+07 1e+07 1e+07 1e+07 1e+07 1e+07 1e+07 1e+07 1e+07 1e+07 1e+07 1e+07 1e+07 1e+07 1e+07 1e+07 1e+07 1e+07 1.85446e+06 2.44027e+06 3.8797e+06 339213 53567 701580 46794 8214 7913 51175 10431 1273 4252 3887 1649 365 601 626 310 1902 196 178 38 25 45 98 40 28 86 94 50 58 48 49 42 21 29 18 19 24 14 38 19 22 37 9 8 8 7 7 7 7 7 7 7 6 6 6 6 6 
1.36659 1e+07 1e+07 1e+07 1e+07 1e+07 1e+07 1e+07 1e+07 1e+07 1e+07 1e+07 1e+07 1e+07 1e+07 1e+07 1e+07 1e+07 1e+07 1e+07 1e+07 1e+07 1e+07 1e+07 1e+07 1e+07 1e+07 1e+07 1e+07 1e+07 1e+07 1e+07 1e+07 1e+07 1e+07 1e+07 1e+07 1e+07 1e+07 1e+07 1e+07 1e+07 404555 588409 369566 1e+07 233094 20117 30723 22323 3102 13536 4929 31982 894 1367 1892 760 307 1180 2917 1601 234 64 49 252 24 288 24 19 18 55 51 22 30 81 31 30 24 29 14 16 15 15 13 18 15 14 12 10 8 8 8 7 7 7 7 7 7 6 6 
1.3823 1e+07 1e+07 1e+07 1e+07 1e+07 1e+07 1e+07 1e+07 1e+07 1e+07 1e+07 1e+07 1e+07 1e+07 1e+07 1e+07 1e+07 1e+07 1e+07 1e+07 1e+07 1e+07 1e+07 1e+07 1e+07 1e+07 1e+07 1e+07 1e+07 1e+07 1e+07 1e+07 1e+07 1e+07 1e+07 1e+07 1e+07 1e+07 1e+07 1e+07 4.9641e+06 1e+07 2.87762e+06 8.58251e+06 422446 168855 341842 101983 66507 16262 7369 1684 3088 2250 3095 3776 417 973 246 410 1669 221 213 64 86 43 60 25 24 27 18 17 20 38 22 24 94 46 22 45 12 12 11 12 13 13 13 13 15 12 15 11 9 9 8 8 7 7 7 7 
1.39801 1e+07 1e+07 1e+07 1e+07 1e+07 1e+07 1e+07 1e+07 1e+07 1e+07 1e+07 1e+07 1e+07 1e+07 1e+07 1e+07 1e+07 1e+07 1e+07 1e+07 1e+07 1e+07 1e+07 1e+07 1e+07 1e+07 1e+07 1e+07 1e+07 1e+07 1e+07 1e+07 1e+07 1e+07 1e+07 1e+07 1e+07 1e+07 1e+07 1e+07 8.7901e+06 3.62653e+06 1e+07 5.70868e+06 1e+07 400732 558339 31418 7968 3069 1909 1602 2869 2710 3308 523 662 1626 129 360 125 727 351 724 106 89 160 190 115 171 66 44 22 17 16 17 21 33 25 18 70 57 21 12 11 11 11 11 11 11 13 22 12 14 11 10 10 10 9 8 
1.41372 1e+07 1e+07 1e+07 1e+07 1e+07 1e+07 1e+07 1e+07 1e+07 1e+07 1e+07 1e+07 1e+07 1e+07 1e+07 1e+07 1e+07 1e+07 1e+07 1e+07 1e+07 1e+07 1e+07 1e+07 1e+07 1e+07 1e+07 1e+07 1e+07 1e+07 1e+07 1e+07 1e+07 1e+07 1e+07 1e+07 1e+07 1e+07 1e+07 1e+07 1e+07 1e+07 1e+07 2.21873e+06 2.50424e+06 2.1147e+06 84639 285917 26704 9549 6512 19468 13712 763 608 5224 4356 816 3435 452 217 458 235 488 347 421 192 43 250 116 85 25 36 112 110 21 18 25 15 16 19 22 15 14 21 33 23 12 11 10 10 10 10 10 10 10 10 10 10 11 
