epsilon_k[0] 0.0001
epsilon_k[1] 2.18e-05
epsilon_k[2] 7.08e-05
epsilon_k[3] 2.54e-05
epsilon_k[4] 1e-05
epsilon_k[5] 7.8e-06
epsilon_k[6] 2.18e-05
omega_x0 0.168
omega_y0 0.201
dx 0.01
n_theta 100
dtheta 0.015708
epsilon 12
max_turns 10000000
from_angle 80
to_angle 85
1.25664 1e+07 1e+07 1e+07 1e+07 1e+07 1e+07 1e+07 1e+07 1e+07 1e+07 1e+07 1e+07 1e+07 1e+07 1e+07 1e+07 1e+07 1e+07 1e+07 1e+07 1e+07 1e+07 1e+07 1e+07 1e+07 1e+07 1e+07 1e+07 1e+07 1e+07 1e+07 1e+07 1e+07 1e+07 1e+07 1e+07 1e+07 1.76106e+06 3.0193e+06 1.15295e+06 1.01256e+06 1e+07 57816 72697 58045 66515 696121 34198 849 22417 1570 1639 4502 482 4247 538 319 1167 146 221 453 251 420 75 44 42 40 194 238 70 61 17 27 34 40 11 9 8 8 7 7 7 7 7 6 6 6 6 6 6 6 6 6 6 6 6 6 5 5 5 
1.27235 1e+07 1e+07 1e+07 1e+07 1e+07 1e+07 1e+07 1e+07 1e+07 1e+07 1e+07 1e+07 1e+07 1e+07 1e+07 1e+07 1e+07 1e+07 1e+07 1e+07 1e+07 1e+07 1e+07 1e+07 1e+07 1e+07 1e+07 1e+07 1e+07 1e+07 1e+07 1e+07 1e+07 1e+07 1e+07 1e+07 5.59905e+06 6.20053e+06 3.03698e+06 1.89168e+06 108266 1.208e+06 122223 612399 8091 160796 13829 4031 5323 4514 1324 11896 5918 1510 688 809 4811 316 474 3739 200 34 43 721 98 131 86 79 226 34 47 110 17 154 59 52 10 9 8 8 7 7 7 7 7 6 6 6 6 6 6 6 6 6 6 6 6 6 5 5 
1.28805 1e+07 1e+07 1e+07 1e+07 1e+07 1e+07 1e+07 1e+07 1e+07 1e+07 1e+07 1e+07 1e+07 1e+07 1e+07 1e+07 1e+07 1e+07 1e+07 1e+07 1e+07 1e+07 1e+07 1e+07 1e+07 1e+07 1e+07 1e+07 1e+07 1e+07 1e+07 1e+07 1e+07 1e+07 1e+07 1e+07 1e+07 5.55237e+06 6.07044e+06 8.87853e+06 5.56902e+06 1.69005e+06 189536 124995 53963 185268 39442 5065 16517 6777 9156 1082 1623 2174 1155 1565 1663 441 74 285 126 89 112 30 26 63 153 85 131 58 134 33 136 17 26 74 36 10 9 8 8 7 7 7 7 7 6 6 6 6 6 6 6 6 6 6 6 6 6 6 
1.30376 1e+07 1e+07 1e+07 1e+07 1e+07 1e+07 1e+07 1e+07 1e+07 1e+07 1e+07 1e+07 1e+07 1e+07 1e+07 1e+07 1e+07 1e+07 1e+07 1e+07 1e+07 1e+07 1e+07 1e+07 1e+07 1e+07 1e+07 1e+07 1e+07 1e+07 1e+07 1e+07 1e+07 1e+07 1e+07 1e+07 1e+07 1e+07 6.85811e+06 6.72311e+06 3.29046e+06 440692 512738 787220 215699 6812 153946 35071 17685 2822 6870 2595 3209 2610 2736 654 414 924 1069 75 114 26 66 196 140 26 68 46 63 59 87 99 26 26 17 17 31 15 21 9 8 8 7 7 7 7 7 7 6 6 6 6 6 6 6 6 6 6 6 6 
1.31947 1e+07 1e+07 1e+07 1e+07 1e+07 1e+07 1e+07 1e+07 1e+07 1e+07 1e+07 1e+07 1e+07 1e+07 1e+07 1e+07 1e+07 1e+07 1e+07 1e+07 1e+07 1e+07 1e+07 1e+07 1e+07 1e+07 1e+07 1e+07 1e+07 1e+07 1e+07 1e+07 1e+07 1e+07 1e+07 1e+07 1e+07 1e+07 1e+07 7.97836e+06 1.28341e+06 4.21741e+06 732780 99635 148864 41516 38927 85288 13225 4207 5836 6740 1136 1103 1503 2462 1645 613 229 248 229 62 113 604 563 186 25 126 91 567 32 61 883 42 32 23 34 31 24 17 10 9 8 8 7 7 7 7 7 7 6 6 6 6 6 6 6 6 6 6 
1.33518 1e+07 1e+07 1e+07 1e+07 1e+07 1e+07 1e+07 1e+07 1e+07 1e+07 1e+07 1e+07 1e+07 1e+07 1e+07 1e+07 1e+07 1e+07 1e+07 1e+07 1e+07 1e+07 1e+07 1e+07 1e+07 1e+07 1e+07 1e+07 1e+07 1e+07 1e+07 1e+07 1e+07 1e+07 1e+07 1e+07 1e+07 1e+07 1e+07 1e+07 5.1888e+06 743839 270690 476106 91047 55560 181346 16654 9047 7265 5158 1338 621 2032 764 325 2546 271 523 118 52 51 25 344 329 36 43 32 30 89 44 216 290 188 17 17 16 20 14 52 21 18 10 9 8 8 7 7 7 7 7 7 6 6 6 6 6 6 6 6 
