epsilon_k[0] 0.0001
epsilon_k[1] 2.18e-05
epsilon_k[2] 7.08e-05
epsilon_k[3] 2.54e-05
epsilon_k[4] 1e-05
epsilon_k[5] 7.8e-06
epsilon_k[6] 2.18e-05
omega_x0 0.168
omega_y0 0.201
dx 0.01
n_theta 100
dtheta 0.015708
epsilon 44
max_turns 10000000
from_angle 30
to_angle 35
0.471239 1e+07 1e+07 1e+07 1e+07 1e+07 1e+07 1e+07 1e+07 1e+07 1e+07 1e+07 1e+07 1e+07 1e+07 1e+07 1e+07 1e+07 1e+07 1e+07 1e+07 1e+07 1e+07 1e+07 1e+07 1e+07 1e+07 1e+07 1e+07 1e+07 1e+07 1e+07 7.25101e+06 8.63332e+06 1e+07 9.51749e+06 6.1215e+06 1e+07 6.28646e+06 6.58007e+06 3.99702e+06 1.48571e+06 2.05079e+06 2.33485e+06 2.16776e+06 2.15622e+06 1e+07 5.0641e+06 3.17985e+06 458158 480434 699105 60558 77796 6574 26726 538164 11976 27843 1464 4461 8379 2927 2736 7718 18706 4314 190 175 351 1161 40 98 136 209 119 50 71 32 32 60 87 40 25 37 49 36 365 60 32 55 35 34 14 13 13 13 13 17 16 17 
0.486947 1e+07 1e+07 1e+07 1e+07 1e+07 1e+07 1e+07 1e+07 1e+07 1e+07 1e+07 1e+07 1e+07 1e+07 1e+07 1e+07 1e+07 1e+07 1e+07 1e+07 1e+07 1e+07 1e+07 1e+07 1e+07 1e+07 1e+07 1e+07 2.67423e+06 1.98202e+06 1e+07 1e+07 3.19205e+06 1e+07 6.04647e+06 1.28233e+06 6.70557e+06 1e+07 532989 4.16756e+06 1.70262e+06 1e+07 8.33589e+06 8.68085e+06 456746 650494 4.44339e+06 951605 642112 1.55946e+06 1e+07 213050 33967 24506 56943 12273 15047 8581 1083 20262 6374 933 390 2255 702 495 140 147 277 112 253 73 111 62 75 113 58 34 43 88 67 83 106 155 51 35 36 75 154 41 167 27 40 46 28 17 16 15 15 15 
0.502655 1e+07 1e+07 1e+07 1e+07 1e+07 1e+07 1e+07 1e+07 1e+07 1e+07 1e+07 1e+07 1e+07 1e+07 1e+07 1e+07 1e+07 1e+07 1e+07 1e+07 1e+07 1e+07 1e+07 1e+07 1e+07 1e+07 1e+07 1e+07 9.42295e+06 1e+07 1e+07 7.97419e+06 1e+07 2.23626e+06 2.0882e+06 7.36168e+06 4.21485e+06 1e+07 1.24612e+06 3.1129e+06 1.83496e+06 2.5612e+06 5.2963e+06 631054 4.8987e+06 389522 2.921e+06 525679 1.87691e+06 798851 220302 287519 711181 30976 47773 11032 938659 17493 34035 2789 2514 308 1406 772 5141 534 602 290 416 135 204 665 82 190 55 74 57 63 71 153 36 297 441 70 79 89 167 115 67 15 15 15 22 17 41 17 42 14 13 12 
0.518363 1e+07 1e+07 1e+07 1e+07 1e+07 1e+07 1e+07 1e+07 1e+07 1e+07 1e+07 1e+07 1e+07 1e+07 1e+07 1e+07 1e+07 1e+07 1e+07 1e+07 1e+07 1e+07 1e+07 1e+07 1e+07 1e+07 1e+07 6.20284e+06 7.46754e+06 4.37207e+06 8.56199e+06 1e+07 2.01892e+06 1.66763e+06 1e+07 1.93131e+06 8.00254e+06 9.99435e+06 1.04346e+06 2.87245e+06 6.60199e+06 8.17683e+06 1.75721e+06 2.40938e+06 2.10945e+06 3.18659e+06 706438 791092 859071 84045 1.52182e+06 159572 269575 9332 8556 20504 33196 7871 14046 4887 1931 2847 1800 2713 8013 234 451 628 330 295 10665 129 72 61 64 41 56 66 52 56 34 40 67 50 150 36 24 53 22 63 29 35 19 26 31 10 10 9 9 9 
0.534071 1e+07 1e+07 1e+07 1e+07 1e+07 1e+07 1e+07 1e+07 1e+07 1e+07 1e+07 1e+07 1e+07 1e+07 1e+07 1e+07 1e+07 1e+07 1e+07 1e+07 1e+07 1e+07 1e+07 1e+07 1e+07 1e+07 1e+07 1e+07 1e+07 3.3357e+06 3.57616e+06 8.39157e+06 6.87288e+06 1e+07 3.67243e+06 4.82892e+06 7.07239e+06 4.27416e+06 1.49614e+06 1e+07 2.27564e+06 531116 2.46805e+06 1.42616e+06 227663 1.85112e+06 140799 813630 1.10345e+06 1e+07 74017 229243 19929 14341 22046 6843 4229 1772 3435 32768 1195 4909 1264 727 1935 219 717 481 156 3714 70 286 250 362 52 139 72 73 38 37 60 146 134 30 89 34 48 18 23 40 23 17 13 10 9 9 8 8 8 8 
