epsilon_k[0] 0.1
epsilon_k[0] 2.18e-05
epsilon_k[0] 7.08e-05
epsilon_k[0] 2.54e-05
epsilon_k[0] 1e-05
epsilon_k[0] 7.8e-06
epsilon_k[0] 0.218
omega_x0 0.28
omega_y0 0.31
dx 0.01
n_theta 100
dtheta 0.00785398
epsilon 12
max_turns 10000000
from_angle 40
to_angle 48
0.314159 1e+07 37690 36856 8748 5631 5001 3147 1969 1969 1969 1619 757 
0.322013 1e+07 37709 37709 8776 5988 5015 3145 1834 1834 1834 1181 745 
0.329867 1e+07 37722 37722 8786 5316 5015 2875 1664 1664 1664 1112 726 
0.337721 1e+07 37772 37772 8892 5306 4992 2643 1640 1640 1640 1034 721 
0.345575 1e+07 37788 37788 9480 5315 4683 2551 1656 1656 1656 989 
0.353429 1e+07 37874 37874 9504 5257 4614 2532 1624 1624 1624 961 
0.361283 1e+07 38123 38123 9539 5251 4631 2550 1557 1557 1557 938 
0.369137 1e+07 38113 38113 9513 5249 4770 2518 1471 1471 1471 943 
