epsilon_k[0] 0.0001
epsilon_k[1] 2.18e-05
epsilon_k[2] 7.08e-05
epsilon_k[3] 2.54e-05
epsilon_k[4] 1e-05
epsilon_k[5] 7.8e-06
epsilon_k[6] 2.18e-05
omega_x0 0.168
omega_y0 0.201
dx 0.01
n_theta 100
dtheta 0.015708
epsilon 64
max_turns 10000000
from_angle 45
to_angle 50
0.706858 1e+07 1e+07 1e+07 1e+07 1e+07 1e+07 1e+07 1e+07 1e+07 1e+07 1e+07 1e+07 1e+07 1e+07 1e+07 1e+07 1e+07 1e+07 1e+07 1e+07 1e+07 1e+07 1e+07 1e+07 1e+07 1e+07 1e+07 8.0881e+06 4.28117e+06 378777 1.10364e+06 1e+07 1.55785e+06 1.50608e+06 290048 653021 329597 1.23037e+06 1.47333e+06 855761 713302 123748 39590 166903 41280 1.38094e+06 20234 80808 254433 476817 22994 7777 4256 7797 1573 2946 6526 2197 1130 738 607 2065 187 247 228 334 820 179 46 75 56 43 285 66 174 34 18 17 25 66 24 15 14 13 12 12 11 11 11 11 10 10 10 10 10 11 11 11 14 12 
0.722566 1e+07 1e+07 1e+07 1e+07 1e+07 1e+07 1e+07 1e+07 1e+07 1e+07 1e+07 1e+07 1e+07 1e+07 1e+07 1e+07 1e+07 1e+07 1e+07 1e+07 1e+07 1e+07 1e+07 1e+07 1e+07 1e+07 1e+07 1e+07 1e+07 847053 746245 1e+07 1e+07 399461 1.42532e+06 1.09693e+06 1.53997e+06 326012 351999 288932 1.97267e+06 1.24838e+06 367286 64089 63698 29340 32873 89346 18866 9493 6722 1993 2632 2648 5842 2294 1032 434 1011 4693 464 463 248 255 212 432 180 88 65 290 50 89 19 53 52 25 31 13 12 11 11 10 10 10 10 10 9 9 9 9 9 9 9 9 9 9 9 9 9 9 
0.738274 1e+07 1e+07 1e+07 1e+07 1e+07 1e+07 1e+07 1e+07 1e+07 1e+07 1e+07 1e+07 1e+07 1e+07 1e+07 1e+07 1e+07 1e+07 1e+07 1e+07 1e+07 1e+07 1e+07 1e+07 1e+07 1e+07 1e+07 1e+07 4.97995e+06 2.89252e+06 1.76025e+06 441301 822073 1.38862e+06 1.14073e+06 578493 2.36674e+06 233759 308303 535994 1.34326e+06 257612 770780 251726 53294 243541 63327 300514 11713 20344 9934 3385 5531 1068 10206 989 665 391 763 3334 1431 921 161 663 114 31 46 57 137 98 234 38 26 13 12 11 11 11 10 10 10 10 10 9 9 9 9 9 9 9 9 9 9 9 8 8 8 8 8 8 
0.753982 1e+07 1e+07 1e+07 1e+07 1e+07 1e+07 1e+07 1e+07 1e+07 1e+07 1e+07 1e+07 1e+07 1e+07 1e+07 1e+07 1e+07 1e+07 1e+07 1e+07 1e+07 1e+07 1e+07 1e+07 1e+07 1e+07 1e+07 1e+07 1e+07 2.62016e+06 869138 3.59633e+06 227280 623170 6.17053e+06 346648 356259 334489 148815 136355 2.29155e+06 91573 527435 77148 446652 400868 1.09599e+06 5429 16455 5775 4267 1203 9140 472 2146 24899 469 1474 172 1154 1061 202 92 107 106 121 104 65 21 93 20 14 12 11 11 11 10 10 10 10 10 9 9 9 9 9 9 9 9 9 9 9 8 8 8 8 8 8 8 8 
0.76969 1e+07 1e+07 1e+07 1e+07 1e+07 1e+07 1e+07 1e+07 1e+07 1e+07 1e+07 1e+07 1e+07 1e+07 1e+07 1e+07 1e+07 1e+07 1e+07 1e+07 1e+07 1e+07 1e+07 1e+07 1e+07 1e+07 1e+07 1e+07 1e+07 2.94326e+06 4.28859e+06 656477 1.02183e+06 520126 563495 434171 4.95221e+06 329579 726349 287397 694241 743970 100567 87522 247823 140139 34478 6870 9064 3973 6111 13334 41651 5116 808 652 674 1409 187 438 406 363 148 74 87 57 245 179 157 68 14 12 11 11 11 10 10 10 10 10 10 9 9 9 9 9 9 9 9 9 9 9 9 9 9 9 9 9 9 9 
