epsilon_k[0] 0.0001
epsilon_k[1] 2.18e-05
epsilon_k[2] 7.08e-05
epsilon_k[3] 2.54e-05
epsilon_k[4] 1e-05
epsilon_k[5] 7.8e-06
epsilon_k[6] 2.18e-05
omega_x0 0.168
omega_y0 0.201
dx 0.01
n_theta 100
dtheta 0.015708
epsilon 8
max_turns 10000000
from_angle 15
to_angle 20
0.235619 1e+07 1e+07 1e+07 1e+07 1e+07 1e+07 1e+07 1e+07 1e+07 1e+07 1e+07 1e+07 1e+07 1e+07 1e+07 1e+07 1e+07 1e+07 1e+07 1e+07 1e+07 1e+07 1e+07 1e+07 1e+07 1e+07 1e+07 1e+07 1e+07 1e+07 1e+07 1e+07 1e+07 1e+07 1e+07 1e+07 1e+07 1e+07 1e+07 1e+07 1e+07 1e+07 1e+07 1e+07 1e+07 1e+07 1e+07 5.2898e+06 223388 95877 242569 66058 135858 4.43843e+06 8.6395e+06 236918 532350 104123 98079 6451 4490 10185 1958 6455 2422 1556 1401 2670 2049 1037 5957 4611 774 15682 835 900 184 189 697 366 192 105 1772 324 39 46 25 15 22 28 59 16 17 8 7 7 7 6 6 6 
0.251327 1e+07 1e+07 1e+07 1e+07 1e+07 1e+07 1e+07 1e+07 1e+07 1e+07 1e+07 1e+07 1e+07 1e+07 1e+07 1e+07 1e+07 1e+07 1e+07 1e+07 1e+07 1e+07 1e+07 1e+07 1e+07 1e+07 1e+07 1e+07 1e+07 1e+07 1e+07 1e+07 1e+07 1e+07 1e+07 1e+07 1e+07 1e+07 1e+07 1e+07 1e+07 1e+07 1e+07 1e+07 1e+07 1e+07 1e+07 7.4934e+06 801672 182404 97957 351384 215177 72423 90255 55959 21557 9293 16518 17644 175091 19359 5975 4517 33237 2482 1974 913 472 1806 1271 1763 773 270 578 284 334 279 604 406 322 233 178 28 27 166 53 23 14 193 20 109 15 145 9 8 7 7 6 6 
0.267035 1e+07 1e+07 1e+07 1e+07 1e+07 1e+07 1e+07 1e+07 1e+07 1e+07 1e+07 1e+07 1e+07 1e+07 1e+07 1e+07 1e+07 1e+07 1e+07 1e+07 1e+07 1e+07 1e+07 1e+07 1e+07 1e+07 1e+07 1e+07 1e+07 1e+07 1e+07 1e+07 1e+07 1e+07 1e+07 1e+07 1e+07 1e+07 1e+07 1e+07 1e+07 1e+07 1e+07 1e+07 1e+07 1e+07 1e+07 1e+07 1.49997e+06 1.08088e+06 132371 537237 170871 98985 120763 23431 13112 7812 11494 13912 13919 7373 5014 8858 5245 1649 1989 3635 631 316 209 2321 349 2285 398 292 80 377 364 2795 318 71 132 91 26 44 159 39 178 14 23 20 43 160 21 58 8 7 7 7 
0.282743 1e+07 1e+07 1e+07 1e+07 1e+07 1e+07 1e+07 1e+07 1e+07 1e+07 1e+07 1e+07 1e+07 1e+07 1e+07 1e+07 1e+07 1e+07 1e+07 1e+07 1e+07 1e+07 1e+07 1e+07 1e+07 1e+07 1e+07 1e+07 1e+07 1e+07 1e+07 1e+07 1e+07 1e+07 1e+07 1e+07 1e+07 1e+07 1e+07 1e+07 1e+07 1e+07 1e+07 1e+07 1e+07 1e+07 1e+07 6.43417e+06 1.62918e+06 1.87458e+06 320256 186505 37613 78938 263360 41677 59526 32850 2.36462e+06 21180 19649 6902 2560 4045 1115 5334 1314 2285 464 564 302 81 2706 545 282 55 220 357 208 77 111 176 68 106 54 36 25 49 139 24 14 14 196 47 30 14 428 267 8 8 
0.298451 1e+07 1e+07 1e+07 1e+07 1e+07 1e+07 1e+07 1e+07 1e+07 1e+07 1e+07 1e+07 1e+07 1e+07 1e+07 1e+07 1e+07 1e+07 1e+07 1e+07 1e+07 1e+07 1e+07 1e+07 1e+07 1e+07 1e+07 1e+07 1e+07 1e+07 1e+07 1e+07 1e+07 1e+07 1e+07 1e+07 1e+07 1e+07 1e+07 1e+07 1e+07 1e+07 1e+07 1e+07 1e+07 1e+07 1e+07 1e+07 1.13892e+06 207483 307227 100641 16866 267166 28305 117707 300000 61616 100196 15800 8061 1029 9750 3379 2325 8283 756 451 2558 190 1154 124 797 8478 889 4419 3484 309 2151 33 104 3522 183 29 63 40 259 96 201 54 111 57 13 33 27 113 38 14 37 30 
