epsilon_k[0] 0.0001
epsilon_k[1] 2.18e-05
epsilon_k[2] 7.08e-05
epsilon_k[3] 2.54e-05
epsilon_k[4] 1e-05
epsilon_k[5] 7.8e-06
epsilon_k[6] 2.18e-05
omega_x0 0.168
omega_y0 0.201
dx 0.01
n_theta 100
dtheta 0.015708
epsilon 10
max_turns 10000000
from_angle 80
to_angle 85
1.25664 1e+07 1e+07 1e+07 1e+07 1e+07 1e+07 1e+07 1e+07 1e+07 1e+07 1e+07 1e+07 1e+07 1e+07 1e+07 1e+07 1e+07 1e+07 1e+07 1e+07 1e+07 1e+07 1e+07 1e+07 1e+07 1e+07 1e+07 1e+07 1e+07 1e+07 1e+07 1e+07 1e+07 1e+07 1e+07 1e+07 1e+07 7.30367e+06 262011 4.58902e+06 883739 263669 150987 246416 31360 39530 84907 11887 9124 4888 18974 4423 785 1086 1816 736 1502 228 197 563 598 51 39 33 44 89 48 53 143 74 47 17 35 75 40 11 9 8 8 7 7 7 7 7 6 6 6 6 6 6 6 6 6 6 6 6 6 5 5 5 
1.27235 1e+07 1e+07 1e+07 1e+07 1e+07 1e+07 1e+07 1e+07 1e+07 1e+07 1e+07 1e+07 1e+07 1e+07 1e+07 1e+07 1e+07 1e+07 1e+07 1e+07 1e+07 1e+07 1e+07 1e+07 1e+07 1e+07 1e+07 1e+07 1e+07 1e+07 1e+07 1e+07 1e+07 1e+07 1e+07 1e+07 9.16739e+06 1.33738e+06 2.58482e+06 1e+07 372305 121843 579468 3.00829e+06 33698 23198 31688 13373 6463 6334 1739 1036 1388 1174 303 743 558 589 222 140 74 34 238 117 58 65 85 47 49 33 44 72 17 59 34 21 10 8 8 8 7 7 7 7 7 6 6 6 6 6 6 6 6 6 6 6 6 6 5 5 
1.28805 1e+07 1e+07 1e+07 1e+07 1e+07 1e+07 1e+07 1e+07 1e+07 1e+07 1e+07 1e+07 1e+07 1e+07 1e+07 1e+07 1e+07 1e+07 1e+07 1e+07 1e+07 1e+07 1e+07 1e+07 1e+07 1e+07 1e+07 1e+07 1e+07 1e+07 1e+07 1e+07 1e+07 1e+07 1e+07 1e+07 1e+07 1e+07 6.29716e+06 895548 6.50487e+06 127618 141944 893350 14381 512225 120079 13663 7142 4946 1318 1847 885 602 655 632 172 571 428 88 33 39 88 38 26 755 251 35 93 37 77 32 41 17 50 40 21 10 9 8 8 7 7 7 7 7 6 6 6 6 6 6 6 6 6 6 6 6 6 6 
1.30376 1e+07 1e+07 1e+07 1e+07 1e+07 1e+07 1e+07 1e+07 1e+07 1e+07 1e+07 1e+07 1e+07 1e+07 1e+07 1e+07 1e+07 1e+07 1e+07 1e+07 1e+07 1e+07 1e+07 1e+07 1e+07 1e+07 1e+07 1e+07 1e+07 1e+07 1e+07 1e+07 1e+07 1e+07 1e+07 1e+07 1e+07 1e+07 6.78953e+06 1e+07 1.53588e+06 492610 661885 594498 2.00581e+06 54681 56527 56095 77682 1959 3672 617 2810 23244 868 6824 940 1095 168 121 202 26 309 184 222 53 69 82 140 64 107 87 33 73 16 17 42 15 54 9 8 8 7 7 7 7 7 7 6 6 6 6 6 6 6 6 6 6 6 6 
1.31947 1e+07 1e+07 1e+07 1e+07 1e+07 1e+07 1e+07 1e+07 1e+07 1e+07 1e+07 1e+07 1e+07 1e+07 1e+07 1e+07 1e+07 1e+07 1e+07 1e+07 1e+07 1e+07 1e+07 1e+07 1e+07 1e+07 1e+07 1e+07 1e+07 1e+07 1e+07 1e+07 1e+07 1e+07 1e+07 1e+07 1e+07 1e+07 1e+07 3.15593e+06 1e+07 321799 477373 396812 116638 31831 271456 5599 3155 1642 1966 9886 1242 2823 653 2012 755 317 3757 225 468 32 65 216 93 91 49 41 48 59 157 137 59 37 120 30 28 22 22 18 10 9 8 8 7 7 7 7 7 7 6 6 6 6 6 6 6 6 6 6 
1.33518 1e+07 1e+07 1e+07 1e+07 1e+07 1e+07 1e+07 1e+07 1e+07 1e+07 1e+07 1e+07 1e+07 1e+07 1e+07 1e+07 1e+07 1e+07 1e+07 1e+07 1e+07 1e+07 1e+07 1e+07 1e+07 1e+07 1e+07 1e+07 1e+07 1e+07 1e+07 1e+07 1e+07 1e+07 1e+07 1e+07 1e+07 1e+07 1e+07 1e+07 2.28359e+06 4.77841e+06 935085 456211 146555 36833 36545 14199 114311 3376 3469 2469 9200 761 2408 334 719 343 107 171 52 89 25 83 130 53 62 27 30 29 755 31 68 55 17 17 16 18 14 33 18 18 10 9 8 8 7 7 7 7 7 7 6 6 6 6 6 6 6 6 
