epsilon_k[0] 0.0001
epsilon_k[1] 2.18e-05
epsilon_k[2] 7.08e-05
epsilon_k[3] 2.54e-05
epsilon_k[4] 1e-05
epsilon_k[5] 7.8e-06
epsilon_k[6] 2.18e-05
omega_x0 0.168
omega_y0 0.201
dx 0.01
n_theta 100
dtheta 0.015708
epsilon 10
max_turns 10000000
from_angle 25
to_angle 30
0.392699 1e+07 1e+07 1e+07 1e+07 1e+07 1e+07 1e+07 1e+07 1e+07 1e+07 1e+07 1e+07 1e+07 1e+07 1e+07 1e+07 1e+07 1e+07 1e+07 1e+07 1e+07 1e+07 1e+07 1e+07 1e+07 1e+07 1e+07 1e+07 1e+07 1e+07 1e+07 1e+07 1e+07 1e+07 1e+07 1e+07 1e+07 1e+07 1e+07 1e+07 1e+07 1e+07 1e+07 1e+07 6.80633e+06 1e+07 1e+07 7.81048e+06 1e+07 4.26873e+06 452745 677568 103181 888724 51383 11400 9895 7651 5875 3913 4694 1070 19065 549 655 1950 675 380 237 1096 110 136 71 272 153 126 95 40 266 66 66 102 247 60 14 12 12 12 12 14 20 114 26 54 14027 32 24 39 139 17 
0.408407 1e+07 1e+07 1e+07 1e+07 1e+07 1e+07 1e+07 1e+07 1e+07 1e+07 1e+07 1e+07 1e+07 1e+07 1e+07 1e+07 1e+07 1e+07 1e+07 1e+07 1e+07 1e+07 1e+07 1e+07 1e+07 1e+07 1e+07 1e+07 1e+07 1e+07 1e+07 1e+07 1e+07 1e+07 1e+07 1e+07 1e+07 1e+07 1e+07 1e+07 1e+07 1e+07 1e+07 1e+07 1e+07 1e+07 3.6687e+06 1.4599e+06 2.65384e+06 1.00372e+06 287677 224778 28580 351115 121523 12063 4896 52071 3471 3601 2483 5084 1068 8397 401 204 205 559 63 97 155 83 312 151 174 166 31 199 48 57 78 125 40 61 89 145 13 12 12 12 12 12 14 151 56 86 34 27 16 24 
0.424115 1e+07 1e+07 1e+07 1e+07 1e+07 1e+07 1e+07 1e+07 1e+07 1e+07 1e+07 1e+07 1e+07 1e+07 1e+07 1e+07 1e+07 1e+07 1e+07 1e+07 1e+07 1e+07 1e+07 1e+07 1e+07 1e+07 1e+07 1e+07 1e+07 1e+07 1e+07 1e+07 1e+07 1e+07 1e+07 1e+07 1e+07 1e+07 1e+07 1e+07 1e+07 1e+07 1e+07 1e+07 4.79912e+06 9.78705e+06 1e+07 2.08991e+06 9.55541e+06 4.26223e+06 791248 3.57703e+06 38893 179319 48909 16893 24035 2828 8213 23975 2314 620 16870 2483 1074 9438 505 213 176 243 123 213 261 83 110 32 39 31 34 73 60 78 18 33 125 142 19 20 13 12 11 11 11 11 11 12 46 52 22 29 
0.439823 1e+07 1e+07 1e+07 1e+07 1e+07 1e+07 1e+07 1e+07 1e+07 1e+07 1e+07 1e+07 1e+07 1e+07 1e+07 1e+07 1e+07 1e+07 1e+07 1e+07 1e+07 1e+07 1e+07 1e+07 1e+07 1e+07 1e+07 1e+07 1e+07 1e+07 1e+07 1e+07 1e+07 1e+07 1e+07 1e+07 1e+07 1e+07 1e+07 1e+07 1e+07 1e+07 1e+07 1e+07 1e+07 1e+07 5.6341e+06 1e+07 4.23707e+06 9.09185e+06 849309 937356 292217 41429 347150 13263 5072 129156 3816 2241 4003 7975 1417 1938 14347 105 202 181 187 57 92 105 270 107 87 111 178 85 118 154 208 81 269 52 23 18 18 37 23 18 68 12 11 11 11 11 11 11 11 12 
0.455531 1e+07 1e+07 1e+07 1e+07 1e+07 1e+07 1e+07 1e+07 1e+07 1e+07 1e+07 1e+07 1e+07 1e+07 1e+07 1e+07 1e+07 1e+07 1e+07 1e+07 1e+07 1e+07 1e+07 1e+07 1e+07 1e+07 1e+07 1e+07 1e+07 1e+07 1e+07 1e+07 1e+07 1e+07 1e+07 1e+07 1e+07 1e+07 1e+07 1e+07 1e+07 1e+07 1e+07 1e+07 1e+07 7.19709e+06 1e+07 2.8163e+06 1.77047e+06 852547 259726 368281 85551 155032 33891 58878 28645 6910 1791 7721 3037 20401 25302 533 3338 95 848 114 251 62 45 230 232 114 88 43 83 198 716 157 72 162 44 26 41 76 25 31 21 20 16 22 26 16 12 11 11 10 10 10 
