epsilon_k[0] 0.1
epsilon_k[0] 2.18e-05
epsilon_k[0] 7.08e-05
epsilon_k[0] 2.54e-05
epsilon_k[0] 1e-05
epsilon_k[0] 7.8e-06
epsilon_k[0] 0.218
omega_x0 0.28
omega_y0 0.31
dx 0.01
n_theta 100
dtheta 0.00785398
epsilon 2
max_turns 10000000
from_angle 16
to_angle 24
0.125664 1e+07 1e+07 1e+07 30043 6527 3497 2337 1522 1388 1374 1328 676 
0.133518 1e+07 1e+07 1e+07 30374 6172 3251 2379 1515 1379 1341 1321 677 
0.141372 1e+07 1e+07 1e+07 30924 5994 3204 2259 1516 1378 1312 1312 677 
0.149226 1e+07 1e+07 1e+07 32218 5727 3128 2243 1484 1377 1304 1304 678 
0.15708 1e+07 1e+07 1e+07 36247 5636 3118 2212 1473 1349 1304 1300 678 
0.164934 1e+07 1e+07 1e+07 67354 5377 3108 2191 1471 1318 1266 1266 679 
0.172788 1e+07 1e+07 1e+07 25684 5202 3054 2186 1472 1308 1247 1229 682 
0.180642 1e+07 1e+07 1e+07 23077 5016 3041 2185 1538 1304 1246 1201 690 
