epsilon_k[0] 0.0001
epsilon_k[1] 2.18e-05
epsilon_k[2] 7.08e-05
epsilon_k[3] 2.54e-05
epsilon_k[4] 1e-05
epsilon_k[5] 7.8e-06
epsilon_k[6] 2.18e-05
omega_x0 0.168
omega_y0 0.201
dx 0.01
epsilon 1
max_turns 10000000
from_y 64
to_y 72
0.64 335 407 5890 126 162 94 71 97 104 84 188 87 67 24 30 30 25 93 38 118 160 344 334 34 18 115 53 77 129 24 24 20 24 25 10 9 9 9 9 9 9 9 9 9 9 9 10 29 25 17 13 19 23 13 19 22 17 14 23 12 11 15 12 11 9 9 9 9 8 8 8 8 9 9 9 13 12 12 14 10 
0.65 108 132 194 67 266 183 58 386 103 83 145 105 146 92 57 78 75 28 35 45 66 62 65 55 52 55 131 30 61 21 77 10 9 9 8 8 8 8 8 8 8 8 8 8 8 8 8 8 9 9 11 27 16 12 21 12 14 16 18 14 15 11 11 15 12 10 9 9 9 8 8 8 8 8 9 9 12 11 15 17 
0.66 233 151 85 71 147 140 60 64 861 293 73 83 121 53 24 50 225 38 156 60 211 219 24 17 72 65 45 59 19 10 9 9 8 8 8 8 8 8 7 7 7 7 7 7 7 7 8 8 8 8 8 8 9 17 13 11 25 12 14 11 12 13 14 11 13 13 10 9 9 8 8 8 8 8 8 9 9 12 11 16 
0.67 106 52 100 193 360 258 134 32 69 119 47 54 276 24 20 52 28 58 41 133 52 152 17 172 30 77 27 17 9 9 8 8 8 8 7 7 7 7 7 7 7 7 7 7 7 7 7 7 7 7 7 8 8 8 9 10 16 11 15 12 12 10 12 13 12 11 13 10 9 9 8 8 8 8 8 8 9 9 12 11 
0.68 182 53 78 907 163 100 116 47 82 235 208 157 40 23 61 46 107 265 68 34 78 49 21 39 17 28 11 9 8 8 8 8 7 7 7 7 7 7 7 7 7 7 7 7 7 7 7 7 7 7 7 7 7 7 7 8 8 9 12 10 14 14 10 10 14 14 11 15 12 9 9 8 8 8 8 8 8 9 9 12 
0.69 215 141 104 380 138 216 4799 92 62 80 77 440 33 17 68 24 59 38 82 25 188 21 83 25 29 11 9 8 8 8 7 7 7 7 7 7 7 7 7 7 7 7 7 7 7 7 7 7 7 7 7 7 7 7 7 7 7 7 8 9 13 10 12 19 10 10 14 13 11 23 9 9 8 8 8 8 8 8 9 9 
0.7 182 39 68 1149 106 182 150 2912 61 93 1053 223 33 17 271 117 109 55 37 71 17 40 569 56 11 9 8 8 8 7 7 7 7 7 7 7 7 7 7 7 7 7 6 6 6 6 6 6 6 6 7 7 7 7 7 7 7 7 7 7 8 8 10 10 12 10 10 10 12 11 12 10 9 8 8 8 8 8 8 9 
0.71 47 54 49 53 104 99 57 162 289 946 57 92 51 16 72 38 33 25 28 32 20 45 15 59 9 8 8 8 7 7 7 7 7 7 7 7 7 7 6 6 6 6 6 6 6 6 6 6 6 6 6 6 6 6 6 6 7 7 7 7 7 7 8 8 9 10 13 9 9 12 12 14 10 9 8 8 8 8 8 8 
