epsilon_k[0] 0.0001
epsilon_k[1] 2.18e-05
epsilon_k[2] 7.08e-05
epsilon_k[3] 2.54e-05
epsilon_k[4] 1e-05
epsilon_k[5] 7.8e-06
epsilon_k[6] 2.18e-05
omega_x0 0.168
omega_y0 0.201
dx 0.01
n_theta 100
dtheta 0.015708
epsilon 40
max_turns 10000000
from_angle 90
to_angle 95
1.41372 1e+07 1e+07 1e+07 1e+07 1e+07 1e+07 1e+07 1e+07 1e+07 1e+07 1e+07 1e+07 1e+07 1e+07 1e+07 1e+07 1e+07 1e+07 1e+07 1e+07 1e+07 1e+07 1e+07 1e+07 1e+07 1e+07 1e+07 1e+07 1e+07 1e+07 1e+07 1e+07 1e+07 1e+07 1e+07 5.97848e+06 5.48519e+06 1e+07 7.31135e+06 1.53743e+06 1e+07 883760 2.81559e+06 3.2842e+06 202684 46693 80128 134866 9615 917 1818 2915 611 474 308 1016 10847 425 1781 2139 145 218 196 314 143 74 79 60 75 36 66 46 65 35 38 36 19 22 16 15 16 94 23 14 15 16 16 15 11 11 10 10 10 10 10 10 10 10 10 11 
1.42942 1e+07 1e+07 1e+07 1e+07 1e+07 1e+07 1e+07 1e+07 1e+07 1e+07 1e+07 1e+07 1e+07 1e+07 1e+07 1e+07 1e+07 1e+07 1e+07 1e+07 1e+07 1e+07 1e+07 1e+07 1e+07 1e+07 1e+07 1e+07 1e+07 1e+07 1e+07 1e+07 1e+07 1e+07 1e+07 1e+07 7.56224e+06 1e+07 1e+07 1.82114e+06 7.41626e+06 1.03009e+06 980419 627863 2.57024e+06 262444 176278 59544 52953 17532 13256 1052 7708 1316 909 7996 460 258 523 492 274 105 203 75 53 78 185 164 563 120 119 33 37 241 26 23 38 60 14 14 14 14 14 17 17 25 15 15 26 15 13 12 13 15 12 11 10 10 10 10 
1.44513 1e+07 1e+07 1e+07 1e+07 1e+07 1e+07 1e+07 1e+07 1e+07 1e+07 1e+07 1e+07 1e+07 1e+07 1e+07 1e+07 1e+07 1e+07 1e+07 1e+07 1e+07 1e+07 1e+07 1e+07 1e+07 1e+07 1e+07 1e+07 1e+07 1e+07 1e+07 1e+07 1e+07 1e+07 1e+07 1e+07 1e+07 5.31814e+06 1e+07 5.33037e+06 3.00112e+06 5.74798e+06 3.9467e+06 1.58706e+06 4.28505e+06 376812 694193 53255 88927 75284 3839 1058 54405 1130 1163 1419 694 1095 3117 3074 298 338 6188 135 128 133 87 89 166 299 59 29 29 62 90 51 56 23 36 55 34 19 21 15 13 13 13 12 12 12 12 12 12 12 12 11 11 11 11 11 
1.46084 1e+07 1e+07 1e+07 1e+07 1e+07 1e+07 1e+07 1e+07 1e+07 1e+07 1e+07 1e+07 1e+07 1e+07 1e+07 1e+07 1e+07 1e+07 1e+07 1e+07 1e+07 1e+07 1e+07 1e+07 1e+07 1e+07 1e+07 1e+07 1e+07 1e+07 1e+07 1e+07 1e+07 1e+07 1e+07 1e+07 1e+07 1e+07 4.47674e+06 5.7255e+06 1e+07 1e+07 3.21576e+06 5.77438e+06 723424 519602 7.073e+06 321344 26858 34077 31380 18377 985 4761 1455 6162 25273 1092 1165 1936 1089 155 196 237 88 208 72 145 62 114 64 43 315 320 26 45 25 29 68 22 19 32 25 18 17 22 19 14 13 13 14 18 15 15 14 11 10 10 10 10 
1.47655 1e+07 1e+07 1e+07 1e+07 1e+07 1e+07 1e+07 1e+07 1e+07 1e+07 1e+07 1e+07 1e+07 1e+07 1e+07 1e+07 1e+07 1e+07 1e+07 1e+07 1e+07 1e+07 1e+07 1e+07 1e+07 1e+07 1e+07 1e+07 1e+07 1e+07 1e+07 1e+07 1e+07 1e+07 1e+07 1e+07 1e+07 6.57161e+06 1e+07 7.32339e+06 1.94485e+06 3.20842e+06 1.83528e+06 942018 242759 5.42735e+06 185859 905482 360137 111442 134345 5150 20563 13035 2085 2073 669 6303 1582 183 299 269 111 660 142 243 100 78 126 426 73 251 41 26 67 69 74 95 29 26 35 15 16 24 16 24 20 12 11 10 10 10 9 9 9 9 9 9 9 9 
1.49226 1e+07 1e+07 1e+07 1e+07 1e+07 1e+07 1e+07 1e+07 1e+07 1e+07 1e+07 1e+07 1e+07 1e+07 1e+07 1e+07 1e+07 1e+07 1e+07 1e+07 1e+07 1e+07 1e+07 1e+07 1e+07 1e+07 1e+07 1e+07 1e+07 1e+07 1e+07 1e+07 1e+07 1e+07 1e+07 1e+07 1e+07 1e+07 1e+07 1e+07 9.2061e+06 1e+07 2.49311e+06 1.62142e+06 8.22271e+06 676124 481797 399952 135202 213241 456810 54654 23253 15977 1677 871 1057 7350 721 266 103 497 203 480 422 99 158 3149 146 64 85 108 217 108 37 50 20 66 76 50 49 36 25 17 13 11 10 10 10 10 9 9 9 9 9 9 9 9 8 8 
