epsilon_k[0] 0.0001
epsilon_k[1] 2.18e-05
epsilon_k[2] 7.08e-05
epsilon_k[3] 2.54e-05
epsilon_k[4] 1e-05
epsilon_k[5] 7.8e-06
epsilon_k[6] 2.18e-05
omega_x0 0.168
omega_y0 0.201
dx 0.01
n_theta 100
dtheta 0.015708
epsilon 10
max_turns 10000000
from_angle 10
to_angle 15
0.15708 1e+07 1e+07 1e+07 1e+07 1e+07 1e+07 1e+07 1e+07 1e+07 1e+07 1e+07 1e+07 1e+07 1e+07 1e+07 1e+07 1e+07 1e+07 1e+07 1e+07 1e+07 1e+07 1e+07 1e+07 1e+07 1e+07 1e+07 1e+07 1e+07 1e+07 1e+07 1e+07 1e+07 1e+07 1e+07 1e+07 1e+07 1e+07 1e+07 1e+07 1e+07 1e+07 1e+07 1e+07 1e+07 1e+07 2.10626e+06 2.85085e+06 580270 1e+07 1e+07 1e+07 1e+07 1e+07 1e+07 1e+07 1e+07 1.5475e+06 343570 69263 26031 5938 19454 8289 3071 4232 10595 54087 1843 2107 3261 106608 239 1516 3768 375 626 190 189 177 203 1819 242 107 57 255 117 1399 10 8 7 7 6 6 6 6 6 5 5 5 
0.172788 1e+07 1e+07 1e+07 1e+07 1e+07 1e+07 1e+07 1e+07 1e+07 1e+07 1e+07 1e+07 1e+07 1e+07 1e+07 1e+07 1e+07 1e+07 1e+07 1e+07 1e+07 1e+07 1e+07 1e+07 1e+07 1e+07 1e+07 1e+07 1e+07 1e+07 1e+07 1e+07 1e+07 1e+07 1e+07 1e+07 1e+07 1e+07 1e+07 1e+07 1e+07 1e+07 1e+07 1e+07 1e+07 1e+07 1.85608e+06 1.06824e+06 403935 583917 1e+07 1e+07 1e+07 1e+07 1e+07 6.61311e+06 7.91421e+06 1.09735e+06 168861 19314 8227 17490 24864 17547 2934 1865 8322 772 3311 732 12105 20310 975 1366 1281 4024 151 522 113 246 107 55 248 3390 25 227 199 16 264 9 7 7 7 6 6 6 6 6 5 5 
0.188496 1e+07 1e+07 1e+07 1e+07 1e+07 1e+07 1e+07 1e+07 1e+07 1e+07 1e+07 1e+07 1e+07 1e+07 1e+07 1e+07 1e+07 1e+07 1e+07 1e+07 1e+07 1e+07 1e+07 1e+07 1e+07 1e+07 1e+07 1e+07 1e+07 1e+07 1e+07 1e+07 1e+07 1e+07 1e+07 1e+07 1e+07 1e+07 1e+07 1e+07 1e+07 1e+07 1e+07 1e+07 1e+07 1e+07 6.08935e+06 181252 732541 621796 6.99392e+06 1e+07 1e+07 1e+07 1e+07 937443 880967 696300 55488 30423 43129 6252 599 22176 4601 8722 987 630 12396 1524 3997 911 2295 463 9803 8404 218 341 140 298 71 61 124 104 319 162 33 664 15 18 8 7 7 7 6 6 6 6 6 5 
0.204204 1e+07 1e+07 1e+07 1e+07 1e+07 1e+07 1e+07 1e+07 1e+07 1e+07 1e+07 1e+07 1e+07 1e+07 1e+07 1e+07 1e+07 1e+07 1e+07 1e+07 1e+07 1e+07 1e+07 1e+07 1e+07 1e+07 1e+07 1e+07 1e+07 1e+07 1e+07 1e+07 1e+07 1e+07 1e+07 1e+07 1e+07 1e+07 1e+07 1e+07 1e+07 1e+07 1e+07 1e+07 1e+07 1e+07 1e+07 1.08906e+06 251819 200106 1.2268e+06 5.1562e+06 8.44911e+06 1e+07 1.36774e+06 916340 217833 126029 20332 32983 13559 96477 35427 54095 1294 6158 16446 3333 4141 3580 14054 263 887 120 509 5795 328 1856 227 606 224 104 40 267 110 16 115 161 167 17 114 8 7 7 7 6 6 6 6 6 
0.219911 1e+07 1e+07 1e+07 1e+07 1e+07 1e+07 1e+07 1e+07 1e+07 1e+07 1e+07 1e+07 1e+07 1e+07 1e+07 1e+07 1e+07 1e+07 1e+07 1e+07 1e+07 1e+07 1e+07 1e+07 1e+07 1e+07 1e+07 1e+07 1e+07 1e+07 1e+07 1e+07 1e+07 1e+07 1e+07 1e+07 1e+07 1e+07 1e+07 1e+07 1e+07 1e+07 1e+07 1e+07 1e+07 1e+07 1e+07 4.42277e+06 106255 208377 59396 93394 1e+07 1.20652e+06 1.19943e+06 463494 378605 151522 38355 8186 3.02103e+06 25679 20579 1462 1102 4576 1762 1973 862 4199 581 715 2998 842 13231 4608 347 224 1681 2454 119 70 287 58 129 41 15 130 748 178 87 113 8 7 7 7 6 6 6 6 
0.235619 1e+07 1e+07 1e+07 1e+07 1e+07 1e+07 1e+07 1e+07 1e+07 1e+07 1e+07 1e+07 1e+07 1e+07 1e+07 1e+07 1e+07 1e+07 1e+07 1e+07 1e+07 1e+07 1e+07 1e+07 1e+07 1e+07 1e+07 1e+07 1e+07 1e+07 1e+07 1e+07 1e+07 1e+07 1e+07 1e+07 1e+07 1e+07 1e+07 1e+07 1e+07 1e+07 1e+07 1e+07 1e+07 1e+07 5.07804e+06 8.33212e+06 494615 690415 211972 184299 27647 338338 3.41404e+06 2.06054e+06 216773 102432 45831 70116 281092 14092 25031 2061 5197 1595 635 6140 3743 4245 1054 467 670 1450 318 151 633 190 143 254 267 130 265 277 48 202 23 15 153 443 75 15 16 9 7 7 7 6 6 6 
