epsilon_k[0] 0.0001
epsilon_k[1] 2.18e-05
epsilon_k[2] 7.08e-05
epsilon_k[3] 2.54e-05
epsilon_k[4] 1e-05
epsilon_k[5] 7.8e-06
epsilon_k[6] 2.18e-05
omega_x0 0.168
omega_y0 0.201
dx 0.01
n_theta 100
dtheta 0.015708
epsilon 24
max_turns 10000000
from_angle 60
to_angle 65
0.942478 1e+07 1e+07 1e+07 1e+07 1e+07 1e+07 1e+07 1e+07 1e+07 1e+07 1e+07 1e+07 1e+07 1e+07 1e+07 1e+07 1e+07 1e+07 1e+07 1e+07 1e+07 1e+07 1e+07 1e+07 1e+07 1e+07 1e+07 1e+07 1e+07 1e+07 1e+07 1e+07 1e+07 1e+07 1e+07 1e+07 1e+07 1e+07 1e+07 1e+07 297065 92045 69317 54398 8152 85678 30986 11823 17540 8392 3134 4063 1762 1556 1498 520 6200 1205 1288 119 265 228 189 74 165 139 44 17 34 27 37 26 63 31 40 58 14 21 33 26 9 8 8 7 7 7 7 6 6 6 6 6 6 6 6 6 6 6 6 5 
0.958186 1e+07 1e+07 1e+07 1e+07 1e+07 1e+07 1e+07 1e+07 1e+07 1e+07 1e+07 1e+07 1e+07 1e+07 1e+07 1e+07 1e+07 1e+07 1e+07 1e+07 1e+07 1e+07 1e+07 1e+07 1e+07 1e+07 1e+07 1e+07 1e+07 1e+07 1e+07 1e+07 1e+07 1e+07 1e+07 1e+07 1e+07 1e+07 1e+07 9.05131e+06 7.94241e+06 79045 137079 16903 32764 17538 4410 34514 3704 1810 5168 5837 933 2606 1401 1091 10138 647 400 172 163 146 362 135 213 185 17 22 121 25 57 74 56 192 75 14 88 19 48 9 8 8 7 7 7 7 6 6 6 6 6 6 6 6 6 6 6 5 5 5 
0.973894 1e+07 1e+07 1e+07 1e+07 1e+07 1e+07 1e+07 1e+07 1e+07 1e+07 1e+07 1e+07 1e+07 1e+07 1e+07 1e+07 1e+07 1e+07 1e+07 1e+07 1e+07 1e+07 1e+07 1e+07 1e+07 1e+07 1e+07 1e+07 1e+07 1e+07 1e+07 1e+07 1e+07 1e+07 1e+07 1e+07 1e+07 1e+07 1e+07 1e+07 1.25177e+06 440317 55375 35649 38085 9403 12881 7805 14871 8650 3631 1011 19053 1491 4639 752 1442 943 374 332 211 211 226 416 153 19 18 28 48 105 24 40 164 53 14 41 18 36 9 8 7 7 7 7 7 6 6 6 6 6 6 6 6 6 6 6 5 5 5 5 
0.989602 1e+07 1e+07 1e+07 1e+07 1e+07 1e+07 1e+07 1e+07 1e+07 1e+07 1e+07 1e+07 1e+07 1e+07 1e+07 1e+07 1e+07 1e+07 1e+07 1e+07 1e+07 1e+07 1e+07 1e+07 1e+07 1e+07 1e+07 1e+07 1e+07 1e+07 1e+07 1e+07 1e+07 1e+07 1e+07 1e+07 1e+07 1e+07 6.66002e+06 1e+07 2.5147e+06 295704 295921 145336 47594 13550 4013 13617 5343 1313 1519 6203 4574 8977 3489 2147 193 411 319 757 376 321 114 34 25 17 25 86 136 38 134 89 24 14 19 18 48 9 8 8 7 7 7 7 6 6 6 6 6 6 6 6 6 6 6 5 5 5 5 5 
1.00531 1e+07 1e+07 1e+07 1e+07 1e+07 1e+07 1e+07 1e+07 1e+07 1e+07 1e+07 1e+07 1e+07 1e+07 1e+07 1e+07 1e+07 1e+07 1e+07 1e+07 1e+07 1e+07 1e+07 1e+07 1e+07 1e+07 1e+07 1e+07 1e+07 1e+07 1e+07 1e+07 1e+07 1e+07 1e+07 1e+07 1e+07 1e+07 1e+07 1e+07 6.12842e+06 3.59397e+06 71284 14992 47883 7260 6953 8820 1177 5372 4251 836 5671 2926 3432 2847 819 247 386 330 386 201 266 55 20 43 94 228 61 61 77 57 15 188 26 79 9 8 8 7 7 7 7 6 6 6 6 6 6 6 6 6 6 6 5 5 5 5 5 5 
