epsilon_k[0] 0.0001
epsilon_k[1] 2.18e-05
epsilon_k[2] 7.08e-05
epsilon_k[3] 2.54e-05
epsilon_k[4] 1e-05
epsilon_k[5] 7.8e-06
epsilon_k[6] 2.18e-05
omega_x0 0.168
omega_y0 0.201
dx 0.01
epsilon 16
max_turns 10000000
from_y 64
to_y 72
0.64 236 355 411 167 322 133 54 128 275 74 156 55 40 23 54 24 122 51 107 73 69 85 183 44 132 19 20 36 49 226 122 19 44 21 24 11 10 9 9 9 9 9 9 9 9 10 21 28 17 16 16 24 13 20 14 17 19 14 14 12 11 23 12 11 9 9 9 9 8 8 8 8 9 9 9 13 12 12 14 10 
0.65 768 134 336 233 98 424 116 282 77 179 75 137 111 32 347 24 521 91 61 104 85 140 125 46 17 20 33 63 53 21 45 33 10 9 9 8 8 8 8 8 8 8 8 8 8 8 8 9 9 10 16 14 12 25 16 13 14 14 34 13 14 11 11 16 12 10 9 9 9 8 8 8 8 8 9 9 12 11 15 18 
0.66 128 85 391 399 2026 180 119 348 260 207 61 58 95 102 29 197 44 41 70 68 74 64 58 17 20 30 45 27 44 24 10 9 8 8 8 8 8 8 8 8 7 7 7 7 7 8 8 8 8 8 8 9 11 14 14 11 17 13 15 11 18 13 15 11 18 23 10 9 9 8 8 8 8 8 8 9 9 12 11 15 
0.67 74 85 215 168 77 164 110 55 140 63 62 135 73 77 18 24 332 92 28 73 85 46 20 26 24 108 20 20 10 9 8 8 8 8 8 7 7 7 7 7 7 7 7 7 7 7 7 7 7 7 7 8 8 8 9 11 17 11 13 13 11 11 18 13 12 11 12 10 9 9 8 8 8 8 8 8 9 9 12 11 
0.68 161 64 180 86 172 137 131 93 65 90 262 112 173 30 18 65 48 35 1721 61 62 48 35 29 101 23 20 9 9 8 8 8 8 7 7 7 7 7 7 7 7 7 7 7 7 7 7 7 7 7 7 7 7 7 8 8 8 9 16 10 13 13 10 10 13 15 11 14 11 9 9 8 8 8 8 8 8 9 9 14 
0.69 183 79 119 39 204 227 53 149 109 217 72 106 53 18 24 53 35 94 189 42 38 17 61 81 16 80 9 8 8 8 8 7 7 7 7 7 7 7 7 7 7 7 7 7 7 7 7 7 7 7 7 7 7 7 7 7 7 8 8 9 13 10 14 11 10 10 13 12 12 15 9 9 8 8 8 8 8 8 9 9 
0.7 62 33 104 313 326 143 38 89 58 172 52 23 49 17 23 28 64 128 27 37 21 45 32 15 22 9 8 8 8 7 7 7 7 7 7 7 7 7 7 7 7 7 7 6 6 6 6 6 6 7 7 7 7 7 7 7 7 7 7 7 8 9 10 10 12 10 10 10 13 11 12 10 9 8 8 8 8 8 8 9 
0.71 54 92 32 40 60 83 123 28 57 54 173 47 22 16 54 127 34 25 21 61 17 29 16 53 9 8 8 8 7 7 7 7 7 7 7 7 7 7 6 6 6 6 6 6 6 6 6 6 6 6 6 6 6 6 6 7 7 7 7 7 7 7 8 9 9 11 12 9 10 15 11 20 10 9 8 8 8 8 8 8 
