epsilon_k[0] 0.0001
epsilon_k[1] 2.18e-05
epsilon_k[2] 7.08e-05
epsilon_k[3] 2.54e-05
epsilon_k[4] 1e-05
epsilon_k[5] 7.8e-06
epsilon_k[6] 2.18e-05
omega_x0 0.168
omega_y0 0.201
dx 0.01
n_theta 100
dtheta 0.015708
epsilon 14
max_turns 10000000
from_angle 50
to_angle 55
0.785398 1e+07 1e+07 1e+07 1e+07 1e+07 1e+07 1e+07 1e+07 1e+07 1e+07 1e+07 1e+07 1e+07 1e+07 1e+07 1e+07 1e+07 1e+07 1e+07 1e+07 1e+07 1e+07 1e+07 1e+07 1e+07 1e+07 1e+07 1e+07 1e+07 1e+07 1e+07 1e+07 1e+07 1e+07 1e+07 9.44182e+06 1e+07 9.67208e+06 6.1064e+06 1e+07 4.68448e+06 755059 248842 416939 202524 1.27021e+06 84876 630057 185491 927905 2301 3827 23511 24046 3707 1564 1830 2941 135 90 204 405 80 936 222 512 43 652 20 13 12 11 11 11 10 10 10 10 10 10 10 10 10 9 9 9 9 9 9 9 9 9 10 10 10 10 11 12 16 12 
0.801106 1e+07 1e+07 1e+07 1e+07 1e+07 1e+07 1e+07 1e+07 1e+07 1e+07 1e+07 1e+07 1e+07 1e+07 1e+07 1e+07 1e+07 1e+07 1e+07 1e+07 1e+07 1e+07 1e+07 1e+07 1e+07 1e+07 1e+07 1e+07 1e+07 1e+07 1e+07 1e+07 1e+07 1e+07 1e+07 1e+07 1e+07 1e+07 2.52674e+06 4.50658e+06 1.05164e+06 447113 714796 313087 139000 118987 37313 45169 19340 176283 4923 102893 3410 14114 1205 297 193 529 4058 288 64 215 401 46 165 89 100 63 20 14 12 11 11 11 11 10 10 10 10 10 10 10 10 10 10 11 12 12 16 12 13 17 15 11 11 11 14 13 12 11 
0.816814 1e+07 1e+07 1e+07 1e+07 1e+07 1e+07 1e+07 1e+07 1e+07 1e+07 1e+07 1e+07 1e+07 1e+07 1e+07 1e+07 1e+07 1e+07 1e+07 1e+07 1e+07 1e+07 1e+07 1e+07 1e+07 1e+07 1e+07 1e+07 1e+07 1e+07 1e+07 1e+07 1e+07 1e+07 1e+07 1e+07 5.85409e+06 7.22363e+06 1e+07 3.62641e+06 791605 398387 1.05976e+06 708435 142050 214279 261152 56942 56665 14105 9332 3179 12361 9105 2632 7873 862 5148 1801 182 36 155 282 412 458 45 26 18 58 19 75 13 12 12 12 12 12 12 13 15 14 22 22 13 14 17 16 12 11 11 12 15 12 14 10 10 10 10 10 11 
0.832522 1e+07 1e+07 1e+07 1e+07 1e+07 1e+07 1e+07 1e+07 1e+07 1e+07 1e+07 1e+07 1e+07 1e+07 1e+07 1e+07 1e+07 1e+07 1e+07 1e+07 1e+07 1e+07 1e+07 1e+07 1e+07 1e+07 1e+07 1e+07 1e+07 1e+07 1e+07 1e+07 1e+07 1e+07 4.59417e+06 1e+07 1e+07 9.16557e+06 5.13783e+06 1e+07 919595 1.68572e+06 132334 559393 75335 158574 47159 189193 29094 9249 3788 1757 3622 4193 842 15282 1512 815 917 123 41 97 412 88 46 90 105 151 48 19 18 18 17 21 29 31 25 23 14 14 20 14 16 12 11 12 13 18 13 19 11 10 10 13 12 12 10 9 9 8 
0.84823 1e+07 1e+07 1e+07 1e+07 1e+07 1e+07 1e+07 1e+07 1e+07 1e+07 1e+07 1e+07 1e+07 1e+07 1e+07 1e+07 1e+07 1e+07 1e+07 1e+07 1e+07 1e+07 1e+07 1e+07 1e+07 1e+07 1e+07 1e+07 1e+07 1e+07 1e+07 1e+07 1e+07 1e+07 1e+07 1e+07 1e+07 2.36281e+06 1.80126e+06 3.77164e+06 136575 261442 212264 199992 57276 5.02968e+06 458743 21370 93892 45054 10187 8625 19706 1373 1004 661 1293 571 800 226 513 174 19 21 28 98 226 37 34 39 87 93 16 32 23 15 46 24 15 15 12 12 12 16 20 14 19 12 14 16 12 11 10 10 9 8 7 7 7 7 
