epsilon_k[0] 0.1
epsilon_k[0] 2.18e-05
epsilon_k[0] 7.08e-05
epsilon_k[0] 2.54e-05
epsilon_k[0] 1e-05
epsilon_k[0] 7.8e-06
epsilon_k[0] 0.218
omega_x0 0.28
omega_y0 0.31
dx 0.01
n_theta 100
dtheta 0.00785398
epsilon 32
max_turns 10000000
from_angle 40
to_angle 48
0.314159 1e+07 18339 6859 2964 2773 1361 1328 1328 1283 818 
0.322013 1e+07 18628 7227 3049 2780 1358 1327 1327 1310 814 
0.329867 1e+07 20935 9223 3412 2609 1359 1327 1327 1327 888 
0.337721 1e+07 28003 23204 3378 2662 1363 1328 1328 1324 984 
0.345575 1e+07 26065 13731 3612 2739 1368 1330 1330 1311 785 
0.353429 1e+07 27996 11152 3877 3692 1417 1335 1335 1335 565 
0.361283 1e+07 64122 8567 3784 3784 1510 1345 1345 1345 483 
0.369137 1e+07 46905 8319 3786 3786 1476 1358 1358 1155 452 
