epsilon_k[0]0.1
epsilon_k[0]2.18e-05
epsilon_k[0]7.08e-05
epsilon_k[0]2.54e-05
epsilon_k[0]1e-05
epsilon_k[0]7.8e-06
epsilon_k[0]0.218
omega_x01.05558
omega_y01.26292
dx 0.01
n_theta 100
dtheta 0.00785398
epsilon 12
max_turns 10000000
from_angle 8
to_angle 16
0.0628319 1e+07 1e+07 2645 1742 1437 945 
0.0706858 1e+07 1e+07 2645 1741 1438 907 
0.0785398 1e+07 1e+07 2646 1742 1442 907 
0.0863938 1e+07 1e+07 2646 1743 1441 961 
0.0942478 1e+07 1e+07 2646 1744 1446 877 
0.102102 1e+07 1e+07 2647 1751 1459 897 
0.109956 1e+07 1e+07 2647 1763 1462 840 
0.11781 1e+07 1.91251e+06 2648 1760 1453 838 
0.125664 1e+07 1e+07 2649 1760 1448 819 
