epsilon_k[0] 0.0001
epsilon_k[1] 2.18e-05
epsilon_k[2] 7.08e-05
epsilon_k[3] 2.54e-05
epsilon_k[4] 1e-05
epsilon_k[5] 7.8e-06
epsilon_k[6] 2.18e-05
omega_x0 0.168
omega_y0 0.201
dx 0.01
epsilon 32
max_turns 10000000
from_y 40
to_y 48
0.4 1e+07 1e+07 1e+07 9.68082e+06 5.19257e+06 5.19257e+06 5.19257e+06 2.25277e+06 2.09225e+06 1.2625e+06 160856 160856 78335 40777 18513 18513 3419 2244 2244 2244 2244 2244 2244 2244 2244 2244 2244 2244 2244 2244 2244 2244 2244 2244 2244 2244 2244 550 
0.41 1e+07 1e+07 1e+07 3.80328e+06 3.80328e+06 2.24524e+06 2.24524e+06 2.24524e+06 413086 271517 271517 79325 14685 14685 14685 14685 6767 2735 2735 2735 2735 2735 2735 1907 1907 1907 1907 1907 1907 1907 1907 1907 1907 1254 1254 1254 1254 1254 1254 237 
0.42 1e+07 1e+07 8.39032e+06 8.39032e+06 8.39032e+06 2.83875e+06 600097 600097 200090 200090 200090 14384 14384 14384 14384 14384 5561 5561 1555 1555 1555 1555 1555 1555 1555 1555 1555 653 
0.43 1e+07 1e+07 2.30424e+06 2.30424e+06 2.30424e+06 2.30424e+06 2.30424e+06 2.30424e+06 1.66597e+06 64653 57721 57721 57721 7955 7955 7955 3999 3999 3999 3999 3999 3999 2356 2083 1782 716 
0.44 8.85906e+06 3.81726e+06 3.81726e+06 3.81726e+06 3.81726e+06 2.66269e+06 1.77054e+06 115379 115379 70866 44500 44500 44230 44230 26878 12822 2931 2931 2931 2931 2931 1343 1343 434 
0.45 3.46553e+06 3.46553e+06 2.86471e+06 2.86471e+06 1.17852e+06 1.17852e+06 726639 726639 219930 40836 10249 10249 1580 1580 1580 1580 1580 1580 1580 1580 1580 1580 1580 1193 1193 1193 1193 1193 1193 1193 1193 535 
0.46 2.65743e+06 998072 802612 802612 684387 217562 67738 67738 67738 22727 1782 1782 1782 1782 1782 1782 1782 1782 1782 1208 1208 1208 1208 1208 1208 623 
0.47 1.64736e+06 219005 219005 219005 219005 219005 26640 26640 26640 7252 3278 3278 3278 1521 1521 1521 1521 1486 444 
