epsilon_k[0]0.1
epsilon_k[0]2.18e-05
epsilon_k[0]7.08e-05
epsilon_k[0]2.54e-05
epsilon_k[0]1e-05
epsilon_k[0]7.8e-06
epsilon_k[0]0.218
omega_x01.75929
omega_y01.94779
dx 0.01
n_theta 100
dtheta 0.00785398
epsilon 64
max_turns 10000000
from_angle 16
to_angle 24
0.125664 1e+07 146542 5001 4707 4707 2825 2183 1216 699 
0.133518 1e+07 50825 5003 4177 4177 2823 2196 1335 730 
0.141372 1e+07 42434 5023 4162 4162 2826 2261 1287 728 
0.149226 1e+07 39420 5050 4213 4182 2827 2197 1286 729 
0.15708 1e+07 39045 5040 4602 4232 2837 2197 1306 752 
0.164934 1e+07 39105 5037 4473 4147 2885 2198 1341 744 
0.172788 1e+07 39527 5041 4509 3874 2883 2199 1983 752 
0.180642 1e+07 41470 5059 4515 3596 2882 2198 1502 773 
