epsilon_k[0] 0.1
epsilon_k[0] 2.18e-05
epsilon_k[0] 7.08e-05
epsilon_k[0] 2.54e-05
epsilon_k[0] 1e-05
epsilon_k[0] 7.8e-06
epsilon_k[0] 0.218
omega_x0 0.28
omega_y0 0.31
dx 0.01
n_theta 100
dtheta 0.00785398
epsilon 8
max_turns 10000000
from_angle 80
to_angle 88
0.628319 1e+07 111221 11952 4894 4894 1542 1542 1405 841 
0.636173 1e+07 198108 12144 4849 4849 1505 1505 1505 984 
0.644026 1e+07 110225 13068 4926 4465 1503 1503 1503 914 
0.65188 1e+07 97502 11672 5126 4463 1518 1518 1518 878 
0.659734 1e+07 110349 11309 5141 4480 1639 1639 1639 946 
0.667588 1e+07 138110 11221 5176 5176 1636 1636 1636 1021 773 
0.675442 1e+07 103348 11192 5666 5041 1638 1541 1541 1408 784 
0.683296 1e+07 105937 11223 5415 5068 1637 1464 1464 1464 825 
0.69115 1e+07 119662 11148 5447 4330 1639 1517 1517 1517 907 
