epsilon_k[0] 0.0001
epsilon_k[1] 2.18e-05
epsilon_k[2] 7.08e-05
epsilon_k[3] 2.54e-05
epsilon_k[4] 1e-05
epsilon_k[5] 7.8e-06
epsilon_k[6] 2.18e-05
omega_x0 0.168
omega_y0 0.201
dx 0.01
epsilon 64
max_turns 10000000
from_y 24
to_y 32
0.24 1e+07 1e+07 1e+07 1e+07 1e+07 1e+07 1e+07 1e+07 1e+07 1e+07 1e+07 1e+07 1e+07 1e+07 1e+07 1e+07 1e+07 1e+07 1e+07 3.41514e+06 1.33327e+06 1.71876e+06 1.09413e+06 8.12615e+06 994240 263559 87335 6.96242e+06 943836 376001 159565 2.47913e+06 507801 620996 351349 2.69141e+06 2.6192e+06 692406 108143 315273 62302 169682 26539 73243 44270 360819 16617 40689 23828 6951 12958 11638 19070 32535 4085 6219 1952 2599 641 1582 461 2300 314 1084 670 1101 27102 164 1306 488 185 29 1030 169 265 79 430 332 441 73 
0.25 1e+07 1e+07 1e+07 1e+07 1e+07 1e+07 1e+07 1e+07 1e+07 1e+07 1e+07 1e+07 1e+07 1e+07 1e+07 1e+07 1e+07 1e+07 1e+07 1e+07 790554 1.81001e+06 1.85094e+06 424054 537743 8.56877e+06 116646 1.04429e+06 429028 2.33925e+06 233908 1.00774e+06 134670 607287 455583 700304 764719 124639 148386 555716 697189 88150 551120 40273 656174 1.06196e+06 146137 129617 16860 41788 5425 21292 4038 10163 1181 6797 17498 704 2643 657 1241 5321 638 268 801 282 147 129 605 479 269 236 42 98 198 97 95 52 328 96 
0.26 1e+07 1e+07 1e+07 1e+07 1e+07 1e+07 1e+07 1e+07 1e+07 1e+07 1e+07 1e+07 1e+07 1e+07 1e+07 1e+07 1e+07 1e+07 1e+07 1e+07 686586 1.57294e+06 549977 2.43334e+06 143664 137676 506427 534653 1.88362e+06 2.0684e+06 330607 471801 115067 86032 150844 387049 924627 128888 610932 38275 296111 60708 162157 743526 34068 94160 11507 364771 42074 3400 3985 8626 6157 6628 10864 6456 2399 765 356 812 1040 757 502 146 264 395 661 438 59 95 336 61 64 631 107 958 22 1268 21 457 
0.27 1e+07 1e+07 1e+07 1e+07 1e+07 1e+07 1e+07 1e+07 1e+07 1e+07 1e+07 1e+07 1e+07 1e+07 1e+07 1e+07 1e+07 1e+07 1e+07 5.69312e+06 1.98624e+06 287963 379531 2.4755e+06 119340 680836 619356 85528 224344 1.00059e+06 254837 441127 955921 290586 132082 1.16672e+06 377061 189366 2.06407e+06 202765 499747 71564 50352 62239 303240 22945 71273 7589 4534 4543 6292 4677 1850 2105 4690 11204 4041 2009 494 686 994 557 786 159 405 228 159 198 126 481 99 93 216 22 65 72 45 24 81 62 
0.28 1e+07 1e+07 1e+07 1e+07 1e+07 1e+07 1e+07 1e+07 1e+07 1e+07 1e+07 1e+07 1e+07 1e+07 1e+07 5.08204e+06 6.96235e+06 1e+07 1e+07 5.96979e+06 1.30474e+06 325103 400753 150481 654247 2.40815e+06 90213 1.87098e+06 485897 227714 35131 230176 108454 489431 227301 667079 278876 207366 109819 245233 231149 540589 238484 25037 68964 84582 162948 14469 86815 5494 8973 4532 8588 2127 4171 1294 3655 754 89030 1524 803 189 9133 137 272 85 159 197 48 52 89 138 126 92 80 254 52 14 28 398 
0.29 1e+07 1e+07 1e+07 1e+07 1e+07 1e+07 1e+07 1e+07 1e+07 4.46488e+06 1e+07 1e+07 5.45272e+06 1e+07 4.67861e+06 1e+07 1e+07 1.99606e+06 4.42205e+06 1.58439e+06 531782 301220 104815 361973 352865 54000 521666 398106 81795 263126 55118 173417 179660 51837 275413 67540 1.01297e+06 410335 95093 87172 125569 53656 76317 27099 62047 11700 8783 8834 13962 54898 1016 758 6923 1715 5850 947 11422 4354 11649 3547 198 21454 56 175 1992 119 320 141 68 96 30 118 113 38 39 331 85 14 13 41 
0.3 1e+07 1e+07 1e+07 1e+07 1e+07 1e+07 1e+07 1e+07 1e+07 5.88686e+06 425310 1e+07 1e+07 3.54878e+06 1e+07 1e+07 1.12644e+06 870786 1.19464e+06 910312 1.33851e+06 191212 174655 142959 160932 61580 24655 80013 17084 805201 20486 364910 31496 107538 88717 18942 596262 109961 261830 58891 61227 9992 10472 65456 36112 12312 16118 9564 7224 10770 10503 3745 851 1285 15993 6129 2400 324 1443 4671 1137 300 140 239 203 254 103 35 276 78 27 26 49 232 54 19 52 15 13 13 
0.31 1e+07 1e+07 1e+07 1e+07 1e+07 1e+07 1e+07 6.65446e+06 1e+07 1.69007e+06 453236 475871 555743 3.53586e+06 413670 2.85655e+06 2.25336e+06 310976 714508 657371 287383 1.16651e+06 101924 384133 135309 106054 35603 59285 102847 101964 111664 35480 29848 13249 109684 108915 35587 20890 38213 25877 33251 55768 13766 9014 13457 3379 14781 2804 5541 9936 3956 2009 781 1329 11486 668 672 2372 338 790 178 365 57 174 93 83 152 31 55 34 170 47 19 658 56 107 4526 28 13 12 
