epsilon_k[0] 0.0001
epsilon_k[1] 2.18e-05
epsilon_k[2] 7.08e-05
epsilon_k[3] 2.54e-05
epsilon_k[4] 1e-05
epsilon_k[5] 7.8e-06
epsilon_k[6] 2.18e-05
omega_x0 0.168
omega_y0 0.201
dx 0.01
n_theta 100
dtheta 0.015708
epsilon 28
max_turns 10000000
from_angle 20
to_angle 25
0.314159 1e+07 1e+07 1e+07 1e+07 1e+07 1e+07 1e+07 1e+07 1e+07 1e+07 1e+07 1e+07 1e+07 1e+07 1e+07 1e+07 1e+07 1e+07 1e+07 1e+07 1e+07 1e+07 1e+07 1e+07 1e+07 1e+07 1e+07 1e+07 1e+07 1e+07 1e+07 1e+07 1e+07 1e+07 1e+07 1e+07 1e+07 1e+07 1e+07 1e+07 1e+07 1e+07 1e+07 1e+07 4.29476e+06 2.80789e+06 1.83858e+06 294492 181789 171215 109186 64211 30906 50313 12377 93253 12131 76006 5493 4646 4432 12329 5524 2058 18567 3673 1355 39026 3025 313 2054 251 67 174 300 764 437 268 95 103 77 21 48 100 116 130 45 102 25 26 165 30 79 39 13 14 75 25 48 64 
0.329867 1e+07 1e+07 1e+07 1e+07 1e+07 1e+07 1e+07 1e+07 1e+07 1e+07 1e+07 1e+07 1e+07 1e+07 1e+07 1e+07 1e+07 1e+07 1e+07 1e+07 1e+07 1e+07 1e+07 1e+07 1e+07 1e+07 1e+07 1e+07 1e+07 1e+07 1e+07 1e+07 1e+07 1e+07 1e+07 1e+07 1e+07 1e+07 1e+07 1e+07 1e+07 1e+07 1e+07 5.1403e+06 1e+07 2.55492e+06 1.22967e+06 1.22349e+06 555544 73369 86501 83606 26772 145353 13847 23547 7020 9326 13533 6611 7335 1018 10185 1938 1113 1316 1734 413 2985 751 467 108 1686 188 168 160 161 42 245 67 37 291 58 320 237 46 118 57 76 94 47 234 27 24 20 46 13 13 36 56 
0.345575 1e+07 1e+07 1e+07 1e+07 1e+07 1e+07 1e+07 1e+07 1e+07 1e+07 1e+07 1e+07 1e+07 1e+07 1e+07 1e+07 1e+07 1e+07 1e+07 1e+07 1e+07 1e+07 1e+07 1e+07 1e+07 1e+07 1e+07 1e+07 1e+07 1e+07 1e+07 1e+07 1e+07 1e+07 1e+07 1e+07 1e+07 1e+07 1e+07 1e+07 1e+07 1e+07 4.15175e+06 1e+07 1e+07 4.34386e+06 1.9934e+06 750618 939854 129427 51431 55291 335529 83869 71289 17124 9530 11199 36874 6050 4313 1405 3963 1110 8510 5607 598 139 398 1357 514 161 214 367 40 104 62 231 44 31 83 26 17 22 60 445 35 65 199 49 72 29 28 131 127 360 39 47 13 12 
0.361283 1e+07 1e+07 1e+07 1e+07 1e+07 1e+07 1e+07 1e+07 1e+07 1e+07 1e+07 1e+07 1e+07 1e+07 1e+07 1e+07 1e+07 1e+07 1e+07 1e+07 1e+07 1e+07 1e+07 1e+07 1e+07 1e+07 1e+07 1e+07 1e+07 1e+07 1e+07 1e+07 1e+07 1e+07 1e+07 1e+07 1e+07 1e+07 1e+07 1e+07 1e+07 9.31467e+06 1e+07 1e+07 8.51791e+06 4.1287e+06 839910 2.10338e+06 1.24888e+06 2.33914e+06 162528 69734 74444 13523 25651 14695 3846 2494 1461 1828 3568 5073 1838 2252 4208 712 549 177 228 143 513 433 985 132 862 141 45 57 200 46 44 24 14 13 14 106 21 75 46 65 54 38 436 73 56 48 40 90 33 15 
0.376991 1e+07 1e+07 1e+07 1e+07 1e+07 1e+07 1e+07 1e+07 1e+07 1e+07 1e+07 1e+07 1e+07 1e+07 1e+07 1e+07 1e+07 1e+07 1e+07 1e+07 1e+07 1e+07 1e+07 1e+07 1e+07 1e+07 1e+07 1e+07 1e+07 1e+07 1e+07 1e+07 1e+07 1e+07 1e+07 1e+07 1e+07 1e+07 1e+07 1e+07 1e+07 1e+07 1e+07 1e+07 6.36936e+06 4.11322e+06 6.60777e+06 5.41205e+06 272596 858159 123109 194825 216295 42352 80953 8052 32252 10710 17421 35170 1342 8240 1796 961 5012 334 443 1638 782 1888 66 544 50 1136 38 2779 365 186 130 45 85 35 81 14 13 12 13 14 43 180 30 55 41 57 55 22 29 197 83 30 
