epsilon_k[0] 0.0001
epsilon_k[1] 2.18e-05
epsilon_k[2] 7.08e-05
epsilon_k[3] 2.54e-05
epsilon_k[4] 1e-05
epsilon_k[5] 7.8e-06
epsilon_k[6] 2.18e-05
omega_x0 0.168
omega_y0 0.201
dx 0.01
n_theta 100
dtheta 0.015708
epsilon 16
max_turns 10000000
from_angle 25
to_angle 30
0.392699 1e+07 1e+07 1e+07 1e+07 1e+07 1e+07 1e+07 1e+07 1e+07 1e+07 1e+07 1e+07 1e+07 1e+07 1e+07 1e+07 1e+07 1e+07 1e+07 1e+07 1e+07 1e+07 1e+07 1e+07 1e+07 1e+07 1e+07 1e+07 1e+07 1e+07 1e+07 1e+07 1e+07 1e+07 1e+07 1e+07 1e+07 1e+07 1e+07 1e+07 1e+07 1e+07 1e+07 1e+07 1e+07 9.80148e+06 1.34798e+06 1.26508e+06 3.33948e+06 878136 855519 136051 49315 560223 97670 5452 42533 18058 10578 6195 9403 3653 2040 518 244 1723 2053 3588 884 1992 94 301 103 28 4558 35 247 395 4830 123 46 75 35 21 14 12 12 12 12 13 44 95 20 75 24 21 33 24 28 31 
0.408407 1e+07 1e+07 1e+07 1e+07 1e+07 1e+07 1e+07 1e+07 1e+07 1e+07 1e+07 1e+07 1e+07 1e+07 1e+07 1e+07 1e+07 1e+07 1e+07 1e+07 1e+07 1e+07 1e+07 1e+07 1e+07 1e+07 1e+07 1e+07 1e+07 1e+07 1e+07 1e+07 1e+07 1e+07 1e+07 1e+07 1e+07 1e+07 1e+07 1e+07 1e+07 1e+07 8.5844e+06 1e+07 4.89666e+06 1.25554e+06 1e+07 2.15276e+06 444255 3.70243e+06 106469 19391 44773 28302 34211 118006 4780 5581 10109 1101 3865 3311 3324 5278 677 861 211 87 658 389 119 374 208 219 220 436 38 51 78 125 93 60 70 79 36 49 13 12 12 11 12 12 13 19 45 33 253 22 17 18 
0.424115 1e+07 1e+07 1e+07 1e+07 1e+07 1e+07 1e+07 1e+07 1e+07 1e+07 1e+07 1e+07 1e+07 1e+07 1e+07 1e+07 1e+07 1e+07 1e+07 1e+07 1e+07 1e+07 1e+07 1e+07 1e+07 1e+07 1e+07 1e+07 1e+07 1e+07 1e+07 1e+07 1e+07 1e+07 1e+07 1e+07 1e+07 1e+07 1e+07 1e+07 1e+07 1e+07 4.535e+06 1e+07 1e+07 1e+07 3.31636e+06 2.05102e+06 1.3423e+06 222734 688992 492919 201430 30947 63733 54745 10080 33349 2763 11784 258 4874 1934 10746 1440 421 381 1901 218 509 64 115 77 82 57 31 64 481 32 110 49 26 18 31 133 41 18 220 13 12 11 11 11 11 11 12 102 31 21 15 
0.439823 1e+07 1e+07 1e+07 1e+07 1e+07 1e+07 1e+07 1e+07 1e+07 1e+07 1e+07 1e+07 1e+07 1e+07 1e+07 1e+07 1e+07 1e+07 1e+07 1e+07 1e+07 1e+07 1e+07 1e+07 1e+07 1e+07 1e+07 1e+07 1e+07 1e+07 1e+07 1e+07 1e+07 1e+07 1e+07 1e+07 1e+07 1e+07 1e+07 1e+07 1e+07 1e+07 1e+07 1e+07 1e+07 8.95402e+06 1e+07 1.67004e+06 687904 1.19252e+06 1.27358e+06 329733 47601 271217 21020 5192 5189 3279 1757 2178 7751 9936 689 1248 10807 749 859 128 340 104 73 159 168 2357 144 106 62 68 240 9949 130 53 151 31 28 19 17 37 47 18 58 12 11 11 11 11 10 11 11 11 
0.455531 1e+07 1e+07 1e+07 1e+07 1e+07 1e+07 1e+07 1e+07 1e+07 1e+07 1e+07 1e+07 1e+07 1e+07 1e+07 1e+07 1e+07 1e+07 1e+07 1e+07 1e+07 1e+07 1e+07 1e+07 1e+07 1e+07 1e+07 1e+07 1e+07 1e+07 1e+07 1e+07 1e+07 1e+07 1e+07 1e+07 1e+07 1e+07 1e+07 1e+07 1e+07 1e+07 7.36754e+06 1e+07 1e+07 4.52442e+06 1e+07 1.38584e+06 2.80728e+06 875964 174608 289889 63425 22849 26193 6954 1832 3764 6172 435 3533 2479 1235 1562 1079 695 137 515 86 108 45 239 842 151 64 34 92 56 111 97 64 87 44 26 184 69 35 25 25 20 16 34 16 31 13 11 11 10 10 10 
