epsilon_k[0]0.1
epsilon_k[0]2.18e-05
epsilon_k[0]7.08e-05
epsilon_k[0]2.54e-05
epsilon_k[0]1e-05
epsilon_k[0]7.8e-06
epsilon_k[0]0.218
omega_x01.75929
omega_y01.94779
dx 0.01
n_theta 100
dtheta 0.00785398
epsilon 16
max_turns 10000000
from_angle 72
to_angle 80
0.565487 1e+07 328279 2961 1960 1234 942 
0.573341 1e+07 323739 2948 1958 1231 938 
0.581195 1e+07 197466 2947 1957 1227 938 
0.589049 1e+07 197423 2953 1960 1225 933 
0.596903 1e+07 1e+07 2972 1958 1225 932 
0.604757 1e+07 512577 2948 1957 1226 931 
0.612611 1e+07 833745 3012 1957 1227 932 
0.620465 1e+07 286591 2861 1960 1230 932 
0.628319 1e+07 277833 2841 1961 1233 933 
