epsilon_k[0]0.1
epsilon_k[0]2.18e-05
epsilon_k[0]7.08e-05
epsilon_k[0]2.54e-05
epsilon_k[0]1e-05
epsilon_k[0]7.8e-06
epsilon_k[0]0.218
omega_x01.75929
omega_y01.94779
dx 0.01
n_theta 100
dtheta 0.00785398
epsilon 12
max_turns 10000000
from_angle 72
to_angle 80
0.565487 1e+07 71301 42887 6042 3504 1981 1304 1183 1183 707 
0.573341 1e+07 100100 56539 5666 3384 2154 1306 1153 1153 733 
0.581195 1e+07 116627 37457 5565 3380 1929 1302 1151 1151 695 
0.589049 1e+07 65174 37765 5515 3429 1878 1284 1145 1145 670 
0.596903 1e+07 65293 38917 5479 3284 1935 1272 1144 1144 663 
0.604757 1e+07 67339 39051 5435 3190 1812 1265 1143 1143 653 
0.612611 1e+07 101876 36926 5406 3161 1663 1265 1143 1143 649 
0.620465 1e+07 157337 36146 5631 3149 1664 1259 1141 1141 646 
0.628319 1e+07 108308 38782 5447 3145 1666 1253 1140 1140 648 
