epsilon_k[0] 0.0001
epsilon_k[1] 2.18e-05
epsilon_k[2] 7.08e-05
epsilon_k[3] 2.54e-05
epsilon_k[4] 1e-05
epsilon_k[5] 7.8e-06
epsilon_k[6] 2.18e-05
omega_x0 0.31
omega_y0 0.32
dx 0.01
epsilon 64
max_turns 10000000
from_y 8
to_y 16
0.08 1e+07 1e+07 1e+07 1e+07 1e+07 1e+07 1e+07 1e+07 1e+07 1e+07 1e+07 9595 31328 4399 3594 909 892 42 39 29 26 23 22 20 19 18 18 17 16 16 15 15 14 14 14 13 13 13 12 12 12 12 12 11 11 11 11 10 10 10 10 10 10 10 9 9 9 9 9 9 9 9 9 9 9 9 9 9 9 9 9 9 9 8 8 8 8 7 7 7 
0.09 1e+07 1e+07 1e+07 1e+07 1e+07 1e+07 1e+07 1e+07 1e+07 1e+07 1e+07 8682 387209 15646 5232 880 54 40 30 26 24 22 21 20 19 18 17 16 16 15 15 14 14 14 13 13 13 12 12 12 12 11 11 11 11 11 10 10 10 10 10 10 9 9 9 9 9 9 9 9 9 9 9 9 9 9 9 8 8 8 8 8 8 8 8 8 7 7 7 7 
0.1 1e+07 1e+07 1e+07 1e+07 1e+07 1e+07 1e+07 1e+07 9.79242e+06 338624 568636 5225 2683 1852 3585 878 44 32 27 24 22 21 20 19 18 17 17 16 15 15 14 14 14 13 13 13 12 12 12 12 11 11 11 11 11 10 10 10 10 10 10 9 9 9 9 9 9 9 9 9 9 9 9 9 8 8 8 8 8 8 8 8 8 8 7 7 7 7 7 7 
0.11 1e+07 1e+07 1e+07 1e+07 1e+07 6.28434e+06 1e+07 1.1685e+06 298688 216184 11294 4365 5217 3514 878 816 36 28 25 23 21 20 19 18 17 17 16 16 15 15 14 14 13 13 13 12 12 12 12 11 11 11 11 11 10 10 10 10 10 10 9 9 9 9 9 9 9 9 9 9 9 8 8 8 8 8 8 8 8 8 8 8 7 7 7 7 7 7 7 7 
0.12 1e+07 1e+07 1e+07 1e+07 1.64512e+06 1.26747e+06 223151 72066 7820 151106 3491 6106 11307 25204 628 50 30 26 24 22 21 19 18 18 17 16 16 15 15 14 14 13 13 13 12 12 12 12 11 11 11 11 11 10 10 10 10 10 9 9 9 9 9 9 9 9 9 9 9 8 8 8 8 8 8 8 8 8 8 8 8 7 7 7 7 7 7 7 7 7 
0.13 27810 45166 1e+07 1e+07 1.18327e+06 368121 441918 22611 17384 19131 6124 10486 2626 2056 88 33 28 25 23 21 20 19 18 17 16 16 15 15 14 14 13 13 13 12 12 12 12 11 11 11 11 11 10 10 10 10 10 9 9 9 9 9 9 9 9 9 9 8 8 8 8 8 8 8 8 8 8 8 8 7 7 7 7 7 7 7 7 7 7 7 
0.14 2639 96398 1.75971e+06 1.77358e+06 880302 42565 26957 6111 10449 1765 1755 7820 5227 2674 39 29 26 23 22 20 19 18 17 17 16 15 15 14 14 14 13 13 13 12 12 12 11 11 11 11 11 10 10 10 10 10 9 9 9 9 9 9 9 9 9 9 8 8 8 8 8 8 8 8 8 8 8 7 7 7 7 7 7 7 7 7 7 7 7 6 
0.15 871 898 6970 35603 28689 12185 26087 16516 6142 1734 2616 934 1804 75 32 27 24 22 21 20 19 18 17 16 16 15 15 14 14 13 13 13 12 12 12 12 11 11 11 11 10 10 10 10 10 9 9 9 9 9 9 9 9 9 8 8 8 8 8 8 8 8 8 8 8 8 7 7 7 7 7 7 7 7 7 7 7 7 6 6 
