epsilon_k[0] 0.0001
epsilon_k[1] 2.18e-05
epsilon_k[2] 7.08e-05
epsilon_k[3] 2.54e-05
epsilon_k[4] 1e-05
epsilon_k[5] 7.8e-06
epsilon_k[6] 2.18e-05
omega_x0 0.168
omega_y0 0.201
dx 0.01
n_theta 100
dtheta 0.015708
epsilon 52
max_turns 10000000
from_angle 25
to_angle 30
0.392699 1e+07 1e+07 1e+07 1e+07 1e+07 1e+07 1e+07 1e+07 1e+07 1e+07 1e+07 1e+07 1e+07 1e+07 1e+07 1e+07 1e+07 1e+07 1e+07 1e+07 1e+07 1e+07 1e+07 1e+07 1e+07 1e+07 1e+07 1e+07 3.58762e+06 5.71805e+06 6.10786e+06 4.84034e+06 3.75777e+06 1.25418e+06 9.1995e+06 1e+07 1.51497e+06 816586 2.46947e+06 3.08402e+06 1.9169e+06 1.53775e+06 1.89746e+06 481011 515752 3.06773e+06 2.04226e+06 3.08311e+06 164000 93530 281932 48350 31931 34853 4.94396e+06 5528 3704 4117 1149 3922 3295 1593 389 348 1245 4354 421 446 447 267 179 100 110 26 202 93 26 61 52 108 127 55 19 300 28 13 12 12 12 12 13 40 56 18 73 34 75 50 17 29 
0.408407 1e+07 1e+07 1e+07 1e+07 1e+07 1e+07 1e+07 1e+07 1e+07 1e+07 1e+07 1e+07 1e+07 1e+07 1e+07 1e+07 1e+07 1e+07 1e+07 1e+07 1e+07 1e+07 1e+07 1e+07 1e+07 1e+07 1e+07 1e+07 1e+07 5.16484e+06 3.30606e+06 9.93119e+06 1e+07 8.96684e+06 5.01386e+06 4.06063e+06 5.10698e+06 2.74747e+06 1.18502e+06 8.46412e+06 2.80638e+06 3.44123e+06 1.39876e+06 8.61204e+06 210931 995572 1.32622e+06 294500 149986 2.52233e+06 77104 218516 146929 128707 7286 17450 2766 3804 5405 5319 2426 1007 11162 1885 643 506 399 4014 172 202 112 303 105 105 114 95 99 32 48 19 50 144 40 181 18 38 44 12 12 11 11 11 12 12 48 36 22 17 32 33 
0.424115 1e+07 1e+07 1e+07 1e+07 1e+07 1e+07 1e+07 1e+07 1e+07 1e+07 1e+07 1e+07 1e+07 1e+07 1e+07 1e+07 1e+07 1e+07 1e+07 1e+07 1e+07 1e+07 1e+07 1e+07 1e+07 1e+07 4.46398e+06 1e+07 1e+07 8.87875e+06 4.20111e+06 9.66589e+06 5.63882e+06 6.5338e+06 3.18149e+06 708587 1e+07 2.15789e+06 703720 2.55224e+06 2.57311e+06 461834 1e+07 602037 456878 3.34472e+06 1.32392e+06 529526 388408 46280 207302 40814 23699 109870 16277 42881 3807 2239 9724 1.50722e+06 2624 2636 9611 1425 238 510 601 357 71 72 52 53 88 39 261 47 63 37 32 33 31 24 18 19 31 33 50 26 24 12 11 11 11 11 11 11 11 13 21 16 
0.439823 1e+07 1e+07 1e+07 1e+07 1e+07 1e+07 1e+07 1e+07 1e+07 1e+07 1e+07 1e+07 1e+07 1e+07 1e+07 1e+07 1e+07 1e+07 1e+07 1e+07 1e+07 1e+07 1e+07 1e+07 1e+07 7.59445e+06 1e+07 1e+07 8.67052e+06 1e+07 5.51739e+06 6.54276e+06 2.88958e+06 4.11518e+06 4.49866e+06 2.68297e+06 4.05509e+06 4.14708e+06 1.77659e+06 1e+07 2.69876e+06 1.32539e+06 1.52061e+06 2.69092e+06 670329 2.79025e+06 324893 1.32146e+06 2.62451e+06 5.71607e+06 50037 1.3015e+06 12581 67221 10737 79037 3008 10342 3298 5278 4958 1030 392 6146 8399 1010 412 240 4127 453 117 44 394 47 52 310 31 187 51 213 38 155 44 159 30 25 17 18 54 49 21 15 12 11 11 10 10 10 10 10 
0.455531 1e+07 1e+07 1e+07 1e+07 1e+07 1e+07 1e+07 1e+07 1e+07 1e+07 1e+07 1e+07 1e+07 1e+07 1e+07 1e+07 1e+07 1e+07 1e+07 1e+07 1e+07 1e+07 1e+07 1e+07 1e+07 5.56892e+06 1e+07 2.09651e+06 2.4878e+06 1e+07 4.46052e+06 4.68581e+06 1e+07 2.52206e+06 3.60369e+06 1e+07 5.69494e+06 2.72123e+06 1.68566e+06 2.57126e+06 1.3488e+06 4.44999e+06 2.39513e+06 3.78951e+06 3.85448e+06 1.58084e+06 346353 196176 91727 90469 111285 34821 41259 68341 363951 17449 130515 7071 2434 8788 628 27070 6458 1064 1054 787 577 875 973 164 122 72 142 57 69 146 155 1499 53 53 125 75 111 24 436 113 16 15 15 16 22 16 20 15 22 12 11 10 10 10 
