epsilon_k[0] 0.1
epsilon_k[0] 2.18e-05
epsilon_k[0] 7.08e-05
epsilon_k[0] 2.54e-05
epsilon_k[0] 1e-05
epsilon_k[0] 7.8e-06
epsilon_k[0] 0.218
omega_x0 0.31
omega_y0 0.32
dx 0.01
n_theta 100
dtheta 0.00785398
epsilon 4
max_turns 10000000
from_angle 24
to_angle 32
0.188496 1e+07 24572 4612 3079 2795 2014 1674 1674 1541 1541 1496 1492 1482 1413 1413 1413 1208 595 
0.19635 1e+07 24492 4681 3203 2869 2045 1674 1670 1541 1524 1524 1492 1463 1413 1413 1413 1110 623 
0.204204 1e+07 23703 4683 3167 2869 2047 1676 1618 1542 1498 1498 1494 1466 1416 1416 1416 1131 1131 560 
0.212058 1e+07 23259 4680 3225 2872 2067 1679 1601 1546 1498 1498 1498 1472 1422 1422 1342 1252 763 
0.219911 1e+07 23052 4662 3877 3015 2088 1686 1676 1553 1499 1498 1496 1474 1425 1418 1271 1135 804 
0.227765 1e+07 22944 4601 4025 2942 2116 1687 1603 1599 1528 1497 1496 1481 1427 1415 1268 1136 1136 547 
0.235619 1e+07 22327 4652 4652 2931 2219 1687 1566 1566 1543 1497 1496 1496 1428 1385 1271 1205 1205 545 
0.243473 1e+07 22171 4608 4608 2940 2364 1687 1565 1565 1565 1499 1496 1496 1429 1286 1286 1286 1286 804 
