epsilon_k[0]0.1
epsilon_k[0]2.18e-05
epsilon_k[0]7.08e-05
epsilon_k[0]2.54e-05
epsilon_k[0]1e-05
epsilon_k[0]7.8e-06
epsilon_k[0]0.218
omega_x01.94779
omega_y02.01062
dx 0.01
n_theta 100
dtheta 0.00785398
epsilon 8
max_turns 10000000
from_angle 80
to_angle 88
0.628319 1e+07 44347 13670 3213 984 
0.636173 1e+07 49694 10322 3236 984 
0.644026 1e+07 25875 7890 3289 985 
0.65188 1e+07 35411 7969 3335 971 
0.659734 1e+07 37296 7800 3338 1012 768 
0.667588 1e+07 29517 7826 3787 988 
0.675442 1e+07 45626 7789 3516 2377 744 
0.683296 1e+07 22573 7860 4025 1510 759 
0.69115 1e+07 23310 7718 3560 1022 732 
