epsilon_k[0]0.1
epsilon_k[0]2.18e-05
epsilon_k[0]7.08e-05
epsilon_k[0]2.54e-05
epsilon_k[0]1e-05
epsilon_k[0]7.8e-06
epsilon_k[0]0.218
omega_x01.94779
omega_y02.01062
dx 0.01
n_theta 100
dtheta 0.00785398
epsilon 14
max_turns 10000000
from_angle 0
to_angle 8
0 1e+07 12104 4732 2158 959 
0.00785398 1e+07 12105 4730 2163 959 
0.015708 1e+07 12106 4746 2167 959 
0.0235619 1e+07 12108 4733 2168 959 
0.0314159 1e+07 12111 4729 2159 959 
0.0392699 1e+07 12115 4739 2158 959 
0.0471239 1e+07 12117 4738 2159 959 
0.0549779 1e+07 12118 4740 2159 959 
0.0628319 1e+07 12138 4728 2160 959 
