epsilon_k[0] 0.0001
epsilon_k[1] 2.18e-05
epsilon_k[2] 7.08e-05
epsilon_k[3] 2.54e-05
epsilon_k[4] 1e-05
epsilon_k[5] 7.8e-06
epsilon_k[6] 2.18e-05
omega_x0 0.168
omega_y0 0.201
dx 0.01
epsilon 10
max_turns 10000000
from_y 64
to_y 72
0.64 227 551 327 200 103 190 90 134 125 94 107 225 78 23 29 24 32 68 129 106 61 540 96 115 19 24 41 34 38 124 30 18 87 18 34 10 9 9 9 9 9 9 9 9 9 10 11 24 16 17 13 15 13 14 15 17 26 14 15 12 11 16 12 11 9 9 9 9 8 8 8 8 9 9 9 13 12 12 14 10 
0.65 731 461 934 357 116 332 108 109 170 99 61 134 131 73 64 27 57 55 59 368 114 199 99 42 18 47 39 28 32 36 19 21 10 9 9 8 8 8 8 8 8 8 8 8 8 8 8 8 9 10 21 16 13 13 15 13 14 15 25 13 14 11 11 18 12 10 9 9 9 8 8 8 8 8 9 9 12 11 15 35 
0.66 728 103 119 191 83 252 128 78 92 58 220 105 80 40 22 83 30 33 36 166 62 53 69 17 28 70 56 59 30 21 9 9 8 8 8 8 8 8 8 7 7 7 7 7 7 7 8 8 8 8 8 9 10 15 15 11 14 12 16 11 13 13 19 11 16 17 10 9 9 8 8 8 8 8 8 9 9 12 11 15 
0.67 53 135 78 219 500 127 181 55 76 297 968 53 73 37 18 77 77 48 28 101 157 243 17 20 23 220 35 19 10 9 8 8 8 8 8 7 7 7 7 7 7 7 7 7 7 7 7 7 7 7 7 8 8 8 9 11 12 11 13 12 11 10 13 13 12 11 12 10 9 9 8 8 8 8 8 8 9 9 12 11 
0.68 87 54 53 178 173 203 57 174 57 193 215 63 46 44 36 30 47 63 170 112 75 37 25 78 23 173 18 9 8 8 8 8 7 7 7 7 7 7 7 7 7 7 7 7 7 7 7 7 7 7 7 7 7 7 8 8 8 9 13 10 12 19 10 10 16 15 11 14 11 9 9 8 8 8 8 8 8 9 9 13 
0.69 134 59 215 48 86 92 44 56 41 113 58 136 49 18 91 118 40 195 58 28 47 17 40 98 39 45 9 8 8 8 8 7 7 7 7 7 7 7 7 7 7 7 7 7 7 7 7 7 7 7 7 7 7 7 7 7 7 8 8 9 12 10 17 12 10 10 14 12 12 16 9 9 8 8 8 8 8 8 9 9 
0.7 49 34 141 2746 174 108 29 55 44 322 65 24 29 17 51 28 54 62 29 76 23 49 34 16 17 9 8 8 8 7 7 7 7 7 7 7 7 7 7 7 7 7 7 6 6 6 6 6 6 6 7 7 7 7 7 7 7 7 7 7 8 8 10 10 12 10 10 10 13 11 12 10 9 8 8 8 8 8 8 9 
0.71 43 111 83 43 65 61 122 67 34 118 71 58 25 16 49 52 281 47 20 50 23 109 15 40 9 8 8 8 7 7 7 7 7 7 7 7 7 7 6 6 6 6 6 6 6 6 6 6 6 6 6 6 6 6 6 7 7 7 7 7 7 7 8 8 9 10 13 9 10 14 11 15 10 9 8 8 8 8 8 8 
