epsilon_k[0] 0.0001
epsilon_k[1] 2.18e-05
epsilon_k[2] 7.08e-05
epsilon_k[3] 2.54e-05
epsilon_k[4] 1e-05
epsilon_k[5] 7.8e-06
epsilon_k[6] 2.18e-05
omega_x0 0.168
omega_y0 0.201
dx 0.01
n_theta 100
dtheta 0.015708
epsilon 28
max_turns 10000000
from_angle 40
to_angle 45
0.628319 1e+07 1e+07 1e+07 1e+07 1e+07 1e+07 1e+07 1e+07 1e+07 1e+07 1e+07 1e+07 1e+07 1e+07 1e+07 1e+07 1e+07 1e+07 1e+07 1e+07 1e+07 1e+07 1e+07 1e+07 1e+07 1e+07 1e+07 1e+07 1e+07 1e+07 1e+07 1e+07 1e+07 1e+07 1e+07 1e+07 1e+07 1e+07 1e+07 1e+07 1e+07 3.57057e+06 8.5336e+06 9.02459e+06 712605 687186 1.10248e+06 331426 917663 549444 68184 291781 6773 8677 3384 19989 7277 1594 518 3276 588 414 32847 610 185 64 106 472 109 983 160 91 567 3418 86 865 115 88 33 66 105 146 97 32 102 23 17 16 16 16 32 19 19 16 18 16 14 43 19 11 
0.644026 1e+07 1e+07 1e+07 1e+07 1e+07 1e+07 1e+07 1e+07 1e+07 1e+07 1e+07 1e+07 1e+07 1e+07 1e+07 1e+07 1e+07 1e+07 1e+07 1e+07 1e+07 1e+07 1e+07 1e+07 1e+07 1e+07 1e+07 1e+07 1e+07 1e+07 1e+07 1e+07 1e+07 1e+07 1e+07 8.67884e+06 3.40037e+06 1e+07 1e+07 1e+07 1e+07 3.69689e+06 1e+07 1e+07 1.28366e+06 802594 5.95607e+06 216214 3.38449e+06 49248 24392 187721 19999 6727 4828 13188 2448 12601 946 834 518 325 1194 263 145 544 82 84 123 164 498 561 66 264 94 89 36 31 47 142 110 31 154 4858 40 79 23 22 16 15 17 21 19 16 15 18 14 13 24 13 
0.659734 1e+07 1e+07 1e+07 1e+07 1e+07 1e+07 1e+07 1e+07 1e+07 1e+07 1e+07 1e+07 1e+07 1e+07 1e+07 1e+07 1e+07 1e+07 1e+07 1e+07 1e+07 1e+07 1e+07 1e+07 1e+07 1e+07 1e+07 1e+07 1e+07 1e+07 1e+07 1e+07 1e+07 1e+07 1e+07 1e+07 1e+07 1.87056e+06 1e+07 1e+07 1e+07 4.51329e+06 4.23935e+06 1.91472e+06 4.3649e+06 595623 706270 1e+07 85775 27590 36483 9307 29903 51092 5443 37582 1220 8304 1001 621 1824 117 1449 150 310 137 72 175 420 90 215 134 39 43 85 81 847 222 57 70 53 51 38 21 144 26 60 40 27 28 21 15 15 20 17 20 13 12 15 14 
0.675442 1e+07 1e+07 1e+07 1e+07 1e+07 1e+07 1e+07 1e+07 1e+07 1e+07 1e+07 1e+07 1e+07 1e+07 1e+07 1e+07 1e+07 1e+07 1e+07 1e+07 1e+07 1e+07 1e+07 1e+07 1e+07 1e+07 1e+07 1e+07 1e+07 1e+07 1e+07 1e+07 1e+07 1e+07 5.30391e+06 1e+07 1e+07 9.36512e+06 3.87553e+06 2.9635e+06 848378 1.34694e+06 1.42053e+06 3.0533e+06 2.31182e+06 9.00917e+06 630887 1.38164e+06 224742 26352 84716 31522 3166 8164 16939 9291 2245 816 8352 2077 563 4239 321 252 1857 252 85 2046 60 716 336 182 19 18 18 17 17 18 25 36 24 19 25 20 17 13 13 13 12 12 12 13 14 24 15 17 14 15 18 12 
0.69115 1e+07 1e+07 1e+07 1e+07 1e+07 1e+07 1e+07 1e+07 1e+07 1e+07 1e+07 1e+07 1e+07 1e+07 1e+07 1e+07 1e+07 1e+07 1e+07 1e+07 1e+07 1e+07 1e+07 1e+07 1e+07 1e+07 1e+07 1e+07 1e+07 1e+07 1e+07 1e+07 7.73326e+06 1e+07 1e+07 4.16188e+06 1e+07 6.10488e+06 1e+07 4.6037e+06 1e+07 8.37248e+06 857249 2.10509e+06 742782 369211 1e+07 459447 40116 502955 30515 61617 1291 53607 4557 1812 874 693 241 465 404 457 475 78 87 53 51 97 178 89 173 49 97 38 71 41 38 32 65 32 22 22 22 22 22 23 25 21 29 15 14 15 16 13 12 12 11 11 11 12 
