epsilon_k[0] 0.0001
epsilon_k[1] 2.18e-05
epsilon_k[2] 7.08e-05
epsilon_k[3] 2.54e-05
epsilon_k[4] 1e-05
epsilon_k[5] 7.8e-06
epsilon_k[6] 2.18e-05
omega_x0 0.168
omega_y0 0.201
dx 0.01
n_theta 100
dtheta 0.015708
epsilon 64
max_turns 10000000
from_angle 95
to_angle 101
1.49226 1e+07 1e+07 1e+07 1e+07 1e+07 1e+07 1e+07 1e+07 1e+07 1e+07 1e+07 1e+07 1e+07 1e+07 1e+07 1e+07 1e+07 1e+07 1e+07 1e+07 1e+07 1e+07 1e+07 1e+07 1e+07 1e+07 1e+07 1e+07 1e+07 1e+07 1e+07 1e+07 1e+07 1e+07 1e+07 1e+07 2.78953e+06 1.65294e+06 4.49497e+06 3.93269e+06 1.8632e+06 569656 251772 1.45866e+06 133105 219049 1.29573e+06 59979 137297 27849 26959 10502 187998 6636 923 5493 2460 10191 291 289 1102 331 519 144 1654 1561 235 161 52 87 126 125 108 75 32 117 20 61 36 26 35 20 17 30 26 11 11 10 10 10 9 9 9 9 9 9 9 9 8 8 
1.50796 1e+07 1e+07 1e+07 1e+07 1e+07 1e+07 1e+07 1e+07 1e+07 1e+07 1e+07 1e+07 1e+07 1e+07 1e+07 1e+07 1e+07 1e+07 1e+07 1e+07 1e+07 1e+07 1e+07 1e+07 1e+07 1e+07 1e+07 1e+07 1e+07 1e+07 1e+07 1e+07 1e+07 1e+07 1e+07 1e+07 9.7898e+06 7.97002e+06 1.22981e+06 1.69203e+06 3.16179e+06 407215 323173 8.87761e+06 1.04413e+06 215283 113781 145543 51289 116532 61528 71283 17430 46274 911 18293 1006 814 606 3642 262 1576 1426 424 609 59 144 380 116 282 275 92 92 40 29 20 86 48 35 34 145 18 24 61 12 11 10 10 10 10 9 9 9 9 9 9 9 9 9 9 
1.52367 1e+07 1e+07 1e+07 1e+07 1e+07 1e+07 1e+07 1e+07 1e+07 1e+07 1e+07 1e+07 1e+07 1e+07 1e+07 1e+07 1e+07 1e+07 1e+07 1e+07 1e+07 1e+07 1e+07 1e+07 1e+07 1e+07 1e+07 1e+07 1e+07 1e+07 1e+07 1e+07 1e+07 1e+07 1e+07 1e+07 1e+07 4.45872e+06 9.08054e+06 1e+07 3.47035e+06 1.48287e+06 284564 1.44382e+06 586927 205189 812307 73693 120999 115361 106865 267205 157381 38267 3514 5150 1049 6802 831 926 1416 790 2158 330 346 356 175 139 260 87 68 132 60 27 20 78 24 32 69 55 41 72 24 43 25 13 12 11 11 10 10 10 10 10 10 10 10 10 10 11 
1.53938 1e+07 1e+07 1e+07 1e+07 1e+07 1e+07 1e+07 1e+07 1e+07 1e+07 1e+07 1e+07 1e+07 1e+07 1e+07 1e+07 1e+07 1e+07 1e+07 1e+07 1e+07 1e+07 1e+07 1e+07 1e+07 1e+07 1e+07 1e+07 1e+07 1e+07 1e+07 1e+07 1e+07 1e+07 1e+07 1e+07 1e+07 1e+07 1.56874e+06 1e+07 2.3857e+06 3.46759e+06 1.35436e+06 694566 568874 323066 423075 471641 114867 94935 97579 33174 2703 131581 14897 910 941 3739 2247 877 15208 916 525 1947 185 305 264 313 70 92 208 33 41 20 31 45 38 20 27 229 19 49 37 47 35 21 21 22 21 22 17 15 14 25 17 14 15 12 12 11 
1.55509 1e+07 1e+07 1e+07 1e+07 1e+07 1e+07 1e+07 1e+07 1e+07 1e+07 1e+07 1e+07 1e+07 1e+07 1e+07 1e+07 1e+07 1e+07 1e+07 1e+07 1e+07 1e+07 1e+07 1e+07 1e+07 1e+07 1e+07 1e+07 1e+07 1e+07 1e+07 1e+07 1e+07 1e+07 1e+07 1e+07 1e+07 1e+07 9.59977e+06 8.36617e+06 8.71558e+06 1.35628e+06 4.5143e+06 2.21115e+06 2.05406e+06 4.39448e+06 688648 77958 113505 223162 33128 238863 87238 13959 1820 215301 11342 16296 6831 1577 2019 1815 581 747 638 112 119 331 185 62 80 53 20 65 86 82 58 26 25 19 25 17 17 34 24 20 16 16 15 13 12 12 12 12 12 12 13 15 43 22 
1.5708 1e+07 1e+07 1e+07 1e+07 1e+07 1e+07 1e+07 1e+07 1e+07 1e+07 1e+07 1e+07 1e+07 1e+07 1e+07 1e+07 1e+07 1e+07 1e+07 1e+07 1e+07 1e+07 1e+07 1e+07 1e+07 1e+07 1e+07 1e+07 1e+07 1e+07 1e+07 1e+07 1e+07 1e+07 1e+07 1e+07 1e+07 1e+07 1e+07 4.63558e+06 1.82392e+06 905647 1.6753e+06 1.83852e+06 392468 106626 258825 108266 161688 193897 32573 192365 332866 100759 93844 27562 3530 2247 10326 1600 1263 596 215 648 100 238 1254 388 67 59 78 100 20 50 31 41 26 24 15 14 14 14 13 13 13 13 13 12 12 13 14 16 16 25 18 19 30 21 12 11 
1.5865 1e+07 1e+07 1e+07 1e+07 1e+07 1e+07 1e+07 1e+07 1e+07 1e+07 1e+07 1e+07 1e+07 1e+07 1e+07 1e+07 1e+07 1e+07 1e+07 1e+07 1e+07 1e+07 1e+07 1e+07 1e+07 1e+07 1e+07 1e+07 1e+07 1e+07 1e+07 1e+07 1e+07 1e+07 1e+07 1e+07 1e+07 1e+07 6.45541e+06 1e+07 2.37517e+06 937207 6.38682e+06 1.1677e+06 1.41247e+06 2.57059e+06 191106 179448 94286 33908 32586 589985 114298 59136 13728 9169 6222 2287 2632 937 321 324 273 1302 158 664 86 93 98 165 347 197 20 57 72 38 37 28 15 14 14 14 14 14 16 21 25 24 17 22 19 24 80 37 22 12 11 12 12 17 
