epsilon_k[0] 0.0001
epsilon_k[1] 2.18e-05
epsilon_k[2] 7.08e-05
epsilon_k[3] 2.54e-05
epsilon_k[4] 1e-05
epsilon_k[5] 7.8e-06
epsilon_k[6] 2.18e-05
omega_x0 0.168
omega_y0 0.201
dx 0.01
n_theta 100
dtheta 0.015708
epsilon 4
max_turns 10000000
from_angle 50
to_angle 55
0.785398 1e+07 1e+07 1e+07 1e+07 1e+07 1e+07 1e+07 1e+07 1e+07 1e+07 1e+07 1e+07 1e+07 1e+07 1e+07 1e+07 1e+07 1e+07 1e+07 1e+07 1e+07 1e+07 1e+07 1e+07 1e+07 1e+07 1e+07 1e+07 1e+07 1e+07 1e+07 1e+07 1e+07 1e+07 1e+07 1e+07 1e+07 1e+07 1e+07 1e+07 1e+07 2.0055e+06 273378 1.00398e+06 818123 985112 150502 125631 4362 14965 20420 6090 6298 14642 6367 41778 392 3274 160 431 226 80 271 160 122 175 19 105 28 13 12 11 11 11 10 10 10 10 10 10 10 10 10 9 9 9 9 9 9 9 9 10 10 10 10 10 11 12 13 12 
0.801106 1e+07 1e+07 1e+07 1e+07 1e+07 1e+07 1e+07 1e+07 1e+07 1e+07 1e+07 1e+07 1e+07 1e+07 1e+07 1e+07 1e+07 1e+07 1e+07 1e+07 1e+07 1e+07 1e+07 1e+07 1e+07 1e+07 1e+07 1e+07 1e+07 1e+07 1e+07 1e+07 1e+07 1e+07 1e+07 1e+07 1e+07 1e+07 1e+07 1e+07 1e+07 662508 1.29992e+06 1.73069e+06 399924 5.67994e+06 258439 90224 73769 9480 4155 12702 8710 4851 1777 633 489 1120 376 930 253 319 4398 60 202 80 20 92 21 14 12 11 11 11 11 11 10 10 10 10 10 10 10 10 11 11 12 12 15 12 13 14 13 11 11 11 15 12 14 11 
0.816814 1e+07 1e+07 1e+07 1e+07 1e+07 1e+07 1e+07 1e+07 1e+07 1e+07 1e+07 1e+07 1e+07 1e+07 1e+07 1e+07 1e+07 1e+07 1e+07 1e+07 1e+07 1e+07 1e+07 1e+07 1e+07 1e+07 1e+07 1e+07 1e+07 1e+07 1e+07 1e+07 1e+07 1e+07 1e+07 1e+07 1e+07 1e+07 1e+07 1e+07 1e+07 1.65876e+06 1.42429e+06 561705 2.90988e+06 956817 101430 17629 147229 22157 10243 3508 2248 6456 511 2310 255 2361 195 251 319 109 240 42 1035 63 222 19 100 20 31 13 12 12 12 12 12 13 13 16 14 19 16 13 24 14 17 12 11 11 12 19 13 19 10 10 10 10 10 16 
0.832522 1e+07 1e+07 1e+07 1e+07 1e+07 1e+07 1e+07 1e+07 1e+07 1e+07 1e+07 1e+07 1e+07 1e+07 1e+07 1e+07 1e+07 1e+07 1e+07 1e+07 1e+07 1e+07 1e+07 1e+07 1e+07 1e+07 1e+07 1e+07 1e+07 1e+07 1e+07 1e+07 1e+07 1e+07 1e+07 1e+07 1e+07 4.52801e+06 3.70916e+06 1.07311e+06 1e+07 2.72609e+06 482631 988370 164152 1e+07 94047 10226 17424 16495 3750 10922 952 3679 12141 5109 110 410 596 139 56 81 51 75 813 86 94 52 49 19 18 18 18 20 31 26 16 20 14 14 21 15 14 12 11 12 16 30 13 20 11 10 11 14 12 11 9 9 9 8 
0.84823 1e+07 1e+07 1e+07 1e+07 1e+07 1e+07 1e+07 1e+07 1e+07 1e+07 1e+07 1e+07 1e+07 1e+07 1e+07 1e+07 1e+07 1e+07 1e+07 1e+07 1e+07 1e+07 1e+07 1e+07 1e+07 1e+07 1e+07 1e+07 1e+07 1e+07 1e+07 1e+07 1e+07 1e+07 1e+07 1e+07 1e+07 1e+07 1e+07 386180 409581 2.78208e+06 364597 946200 231768 347890 228547 5.27526e+06 10702 10563 19840 3664 6356 1363 3096 2607 742 2309 2095 83 280 28 19 31 105 53 195 127 32 39 115 21 16 19 26 17 26 17 17 13 12 12 12 17 17 14 25 12 16 21 12 11 10 11 9 8 7 7 7 7 
