epsilon_k[0] 0.0001
epsilon_k[1] 2.18e-05
epsilon_k[2] 7.08e-05
epsilon_k[3] 2.54e-05
epsilon_k[4] 1e-05
epsilon_k[5] 7.8e-06
epsilon_k[6] 2.18e-05
omega_x0 0.28
omega_y0 0.31
dx 0.01
epsilon 16
max_turns 10000000
from_y 16
to_y 24
0.16 1e+07 1e+07 1e+07 1e+07 1e+07 1e+07 1e+07 1e+07 1e+07 1e+07 1e+07 1e+07 1e+07 1e+07 1e+07 1e+07 1e+07 1e+07 1e+07 1e+07 1e+07 1e+07 1e+07 1e+07 1e+07 1e+07 1e+07 1e+07 2612 1059 211 133 119 146 442 1.45372e+06 8183 464527 1.33621e+06 190184 10945 6143 1722 20893 893 47 27 25 23 21 19 19 24 29 27 20 17 16 14 13 12 11 11 11 11 11 10 9 9 8 8 8 8 8 8 8 8 8 7 7 
0.17 1e+07 1e+07 1e+07 1e+07 1e+07 1e+07 1e+07 1e+07 1e+07 1e+07 1e+07 1e+07 1e+07 1e+07 1e+07 1e+07 1e+07 1e+07 1e+07 1e+07 1e+07 1e+07 1e+07 1e+07 1e+07 1e+07 1e+07 388075 1828 1254 171 125 98 104 204 37876 40392 70469 78805 31376 21351 1205 338 14821 80 66 41 35 54 26 33 34 23 20 18 17 15 14 12 11 11 11 11 10 10 9 9 8 8 8 8 8 8 8 8 7 7 7 7 7 
0.18 1e+07 1e+07 1e+07 1e+07 1e+07 1e+07 1e+07 1e+07 1e+07 1e+07 1e+07 1e+07 1e+07 1e+07 1e+07 1e+07 1e+07 1e+07 1e+07 1e+07 1e+07 1e+07 1e+07 1e+07 1e+07 1.6921e+06 1e+07 116330 2711 2738 145 108 93 92 216 449 1280 43890 153797 59097 919 917 170 91 600 69 87 59 37 65 21 20 19 17 16 15 14 12 11 11 10 10 10 9 9 8 8 8 8 8 8 8 7 7 7 7 7 7 7 7 
0.19 1e+07 1e+07 1e+07 1e+07 1e+07 1e+07 1e+07 1e+07 1e+07 1e+07 1e+07 1e+07 1e+07 1e+07 1e+07 1e+07 1e+07 1e+07 1e+07 1e+07 1e+07 1e+07 1e+07 1e+07 8.99985e+06 1e+07 695465 5260 2757 957 144 92 79 79 81 177 271 3073 33948 3517 636 76 144 114 55 51 31 25 21 20 19 18 17 16 14 13 12 11 10 10 10 9 9 9 8 8 8 8 8 8 7 7 7 7 7 7 7 7 7 7 
0.2 1e+07 1e+07 1e+07 1e+07 1e+07 1e+07 1e+07 1e+07 1e+07 1e+07 1e+07 1e+07 1e+07 1e+07 1e+07 1e+07 1e+07 1e+07 1e+07 1e+07 1e+07 1e+07 1e+07 5.15317e+06 456575 102545 1.08343e+06 98163 935 985 109 81 68 65 65 219 2227 3046 3625 9615 2153 53 43 38 40 24 21 20 19 19 20 19 16 14 13 11 11 10 10 9 9 9 8 8 8 8 8 8 7 7 7 7 7 7 7 7 7 7 7 7 
0.21 1e+07 1e+07 1e+07 1e+07 1e+07 1e+07 1e+07 1e+07 1e+07 1e+07 1e+07 1e+07 1e+07 1e+07 1e+07 1e+07 1e+07 1e+07 1e+07 1e+07 1e+07 1e+07 1e+07 3.32751e+06 7.10997e+06 38230 186671 1698 959 930 97 83 65 56 54 55 127 189 146 349 112 94 38 24 22 21 20 33 18 17 17 20 15 14 11 10 10 10 9 9 9 8 8 8 8 8 8 7 7 7 7 7 7 7 7 7 7 7 7 7 
0.22 1e+07 1e+07 1e+07 1e+07 1e+07 1e+07 1e+07 1e+07 1e+07 1e+07 1e+07 1e+07 1e+07 1e+07 1e+07 1e+07 1e+07 1e+07 1e+07 1e+07 1e+07 1e+07 1e+07 1e+07 392671 70333 12101 2660 830 201 96 67 56 52 51 57 95 51 52 39 34 25 23 21 21 27 17 15 14 13 14 16 13 11 10 10 9 9 9 8 8 8 8 8 8 7 7 7 7 7 7 7 7 7 7 7 7 7 7 7 
0.23 1e+07 1e+07 1e+07 1e+07 1e+07 1e+07 1e+07 1e+07 1e+07 1e+07 1e+07 1e+07 1e+07 1e+07 1e+07 1e+07 1e+07 1e+07 1e+07 1e+07 1e+07 1e+07 1e+07 1.10026e+06 126769 43436 3472 915 861 148 80 67 53 56 42 40 38 37 34 27 24 23 21 49 17 15 13 13 13 13 19 12 11 10 10 9 9 9 8 8 8 8 8 8 7 7 7 7 7 7 7 7 7 7 7 7 7 7 7 6 
