epsilon_k[0] 0.0001
epsilon_k[1] 2.18e-05
epsilon_k[2] 7.08e-05
epsilon_k[3] 2.54e-05
epsilon_k[4] 1e-05
epsilon_k[5] 7.8e-06
epsilon_k[6] 2.18e-05
omega_x0 0.168
omega_y0 0.201
dx 0.01
n_theta 100
dtheta 0.015708
epsilon 28
max_turns 10000000
from_angle 30
to_angle 35
0.471239 1e+07 1e+07 1e+07 1e+07 1e+07 1e+07 1e+07 1e+07 1e+07 1e+07 1e+07 1e+07 1e+07 1e+07 1e+07 1e+07 1e+07 1e+07 1e+07 1e+07 1e+07 1e+07 1e+07 1e+07 1e+07 1e+07 1e+07 1e+07 1e+07 1e+07 1e+07 1e+07 1e+07 1e+07 1e+07 1e+07 1e+07 1e+07 1e+07 1e+07 1e+07 1e+07 1e+07 1e+07 6.08856e+06 3.85165e+06 1.50113e+06 3.32096e+06 1e+07 219057 79700 42119 67738 11314 104280 9334 5910 2565 1588 22009 2458 1243 7698 2284 1022 1546 1343 801 68 40 46 214 84 212 69 204 44 71 75 58 32 166 68 31 221 47 32 30 24 94 31 16 14 13 13 14 27 19 14 13 
0.486947 1e+07 1e+07 1e+07 1e+07 1e+07 1e+07 1e+07 1e+07 1e+07 1e+07 1e+07 1e+07 1e+07 1e+07 1e+07 1e+07 1e+07 1e+07 1e+07 1e+07 1e+07 1e+07 1e+07 1e+07 1e+07 1e+07 1e+07 1e+07 1e+07 1e+07 1e+07 1e+07 1e+07 1e+07 1e+07 1e+07 1e+07 1e+07 1e+07 1e+07 1e+07 7.41003e+06 7.52848e+06 4.49138e+06 1e+07 2.53807e+06 1.77526e+06 2.92477e+06 1e+07 161315 437110 168625 362462 24724 22166 2862 13686 7470 4204 6660 23690 4853 8047 371 2666 845 329 339 187 118 103 31 57 131 123 89 114 155 142 114 58 98 119 37 218 109 34 44 47 39 34 27 42 21 25 26 16 16 16 30 
0.502655 1e+07 1e+07 1e+07 1e+07 1e+07 1e+07 1e+07 1e+07 1e+07 1e+07 1e+07 1e+07 1e+07 1e+07 1e+07 1e+07 1e+07 1e+07 1e+07 1e+07 1e+07 1e+07 1e+07 1e+07 1e+07 1e+07 1e+07 1e+07 1e+07 1e+07 1e+07 1e+07 1e+07 1e+07 1e+07 1e+07 1e+07 1e+07 8.69871e+06 6.91175e+06 1e+07 2.64913e+06 4.34262e+06 1.98385e+06 1e+07 1e+07 1e+07 730901 591610 391731 224096 297147 45068 74021 8860 30984 7633 20452 6937 3400 2828 1384 1381 1433 220 128 110 152 1064 146 269 57 47 181 58 50 57 150 201 125 46 114 69 106 233 69 72 25 18 15 15 15 32 22 17 32 17 17 19 20 
0.518363 1e+07 1e+07 1e+07 1e+07 1e+07 1e+07 1e+07 1e+07 1e+07 1e+07 1e+07 1e+07 1e+07 1e+07 1e+07 1e+07 1e+07 1e+07 1e+07 1e+07 1e+07 1e+07 1e+07 1e+07 1e+07 1e+07 1e+07 1e+07 1e+07 1e+07 1e+07 1e+07 1e+07 1e+07 1e+07 1e+07 1e+07 1e+07 1e+07 1e+07 1e+07 1e+07 1e+07 1e+07 1e+07 1e+07 1e+07 280317 675986 1.54397e+06 212140 87677 1.78535e+06 36751 20456 22156 62241 5202 4265 713 26346 3045 8094 1393 466 302 1373 384 217 152 268 81 115 87 61 89 81 41 53 56 33 90 62 52 86 29 33 24 18 34 25 25 28 38 21 11 10 9 9 9 
0.534071 1e+07 1e+07 1e+07 1e+07 1e+07 1e+07 1e+07 1e+07 1e+07 1e+07 1e+07 1e+07 1e+07 1e+07 1e+07 1e+07 1e+07 1e+07 1e+07 1e+07 1e+07 1e+07 1e+07 1e+07 1e+07 1e+07 1e+07 1e+07 1e+07 1e+07 1e+07 1e+07 1e+07 1e+07 1e+07 1e+07 1e+07 1e+07 1e+07 1e+07 8.63855e+06 1e+07 2.19356e+06 1e+07 1e+07 1e+07 1.88494e+06 8.51459e+06 318420 525160 2.73592e+06 137998 43492 246858 28071 17717 13310 13337 2499 10477 2154 1832 856 1579 589 724 1792 217 202 416 84 50 95 48 226 337 164 84 34 142 65 57 127 206 648 121 38 18 26 20 18 76 11 10 9 9 8 8 8 8 
