epsilon_k[0]0.1
epsilon_k[0]2.18e-05
epsilon_k[0]7.08e-05
epsilon_k[0]2.54e-05
epsilon_k[0]1e-05
epsilon_k[0]7.8e-06
epsilon_k[0]0.218
omega_x01.94779
omega_y02.01062
dx 0.01
n_theta 100
dtheta 0.00785398
epsilon 2
max_turns 10000000
from_angle 32
to_angle 40
0.251327 1e+07 1e+07 1e+07 1e+07 799077 5021 4721 4721 2338 1318 1318 1109 532 
0.259181 1e+07 1e+07 1e+07 1e+07 2.14703e+06 4843 4721 4721 2237 1306 1306 1266 597 
0.267035 1e+07 1e+07 1e+07 1e+07 6.26669e+06 5050 4722 4722 2238 1304 1304 1304 642 
0.274889 1e+07 1e+07 1e+07 1e+07 1.27744e+06 5640 4776 4776 2187 1304 1304 1304 547 
0.282743 1e+07 1e+07 1e+07 1e+07 1e+07 5308 4960 4960 2137 1304 1304 1304 534 
0.290597 1e+07 1e+07 1e+07 1e+07 1e+07 5610 5014 5014 2137 1307 1307 1307 549 
0.298451 1e+07 1e+07 1e+07 1e+07 1e+07 5643 5643 5643 2168 1321 1306 1306 643 
0.306305 1e+07 1e+07 1e+07 1e+07 1.74637e+06 6675 6553 6553 2135 1329 1307 1307 754 
