epsilon_k[0]0.1
epsilon_k[0]2.18e-05
epsilon_k[0]7.08e-05
epsilon_k[0]2.54e-05
epsilon_k[0]1e-05
epsilon_k[0]7.8e-06
epsilon_k[0]0.218
omega_x01.94779
omega_y02.01062
dx 0.01
n_theta 100
dtheta 0.00785398
epsilon 14
max_turns 10000000
from_angle 40
to_angle 48
0.314159 1e+07 12566 5213 3208 1292 482 
0.322013 1e+07 12589 5211 3465 1344 507 
0.329867 1e+07 12664 5243 2893 1347 481 
0.337721 1e+07 12995 5292 2892 1348 481 
0.345575 1e+07 15013 5292 2856 1350 484 
0.353429 1e+07 13807 5345 2853 1395 704 
0.361283 1e+07 13501 5325 2860 1488 1067 327 
0.369137 1e+07 13504 5526 2926 1609 827 
