epsilon_k[0] 0.1
epsilon_k[0] 2.18e-05
epsilon_k[0] 7.08e-05
epsilon_k[0] 2.54e-05
epsilon_k[0] 1e-05
epsilon_k[0] 7.8e-06
epsilon_k[0] 0.218
omega_x0 0.168
omega_y0 0.201
dx 0.01
n_theta 100
dtheta 0.00785398
epsilon 16
max_turns 10000000
from_angle 8
to_angle 16
0.0628319 1e+07 156736 44294 17374 10288 2225 1275 852 
0.0706858 1e+07 80778 80778 16385 9707 2231 1287 877 
0.0785398 1e+07 258881 48801 22807 9086 2185 1325 869 
0.0863938 1e+07 287451 32457 17957 6730 2160 1352 888 
0.0942478 1e+07 156606 31264 19304 6343 2151 1356 973 
0.102102 1e+07 262852 39609 17145 6233 2151 1411 937 
0.109956 1e+07 160873 38877 17250 6231 2148 1504 931 
0.11781 1e+07 171499 61024 14979 6018 2147 1645 949 
0.125664 1e+07 131081 37657 14885 6007 2148 1671 951 
