epsilon_k[0] 0.0001
epsilon_k[1] 2.18e-05
epsilon_k[2] 7.08e-05
epsilon_k[3] 2.54e-05
epsilon_k[4] 1e-05
epsilon_k[5] 7.8e-06
epsilon_k[6] 2.18e-05
omega_x0 0.168
omega_y0 0.201
dx 0.01
n_theta 100
dtheta 0.015708
epsilon 64
max_turns 10000000
from_angle 24
to_angle 32
0.376991 1e+07 1e+07 1e+07 1e+07 1e+07 1e+07 1e+07 1e+07 1e+07 1e+07 1e+07 1e+07 1e+07 1e+07 1e+07 1e+07 1e+07 1e+07 1e+07 1e+07 1e+07 1e+07 1e+07 1e+07 1e+07 1e+07 1e+07 2.71385e+06 2.71385e+06 2.38719e+06 2.38719e+06 1.26938e+06 1.26938e+06 990045 990045 990045 990045 582306 582306 582306 582306 582306 582306 390364 390364 390364 83608 74057 71565 71565 44841 11766 9065 9065 3606 3606 3606 3204 3204 2411 2411 454 
0.392699 1e+07 1e+07 1e+07 1e+07 1e+07 1e+07 1e+07 1e+07 1e+07 1e+07 1e+07 1e+07 1e+07 1e+07 1e+07 1e+07 1e+07 1e+07 1e+07 1e+07 1e+07 1e+07 1e+07 1e+07 1e+07 9.19559e+06 8.4201e+06 3.34945e+06 3.34945e+06 3.34945e+06 1.12068e+06 1.12068e+06 1.12068e+06 1.12068e+06 508292 304489 304489 304489 304489 304489 304489 304489 304489 304489 304489 100764 100764 63465 63465 7655 7655 7655 7655 7116 7116 7116 7116 5239 4993 720 
0.408407 1e+07 1e+07 1e+07 1e+07 1e+07 1e+07 1e+07 1e+07 1e+07 1e+07 1e+07 1e+07 1e+07 1e+07 1e+07 1e+07 1e+07 1e+07 1e+07 1e+07 1e+07 1e+07 1e+07 6.11404e+06 6.11404e+06 3.74313e+06 3.74313e+06 1.37163e+06 1.37163e+06 1.37163e+06 1.37163e+06 644013 644013 644013 644013 644013 644013 644013 288998 288998 288998 288998 130875 130875 130875 71735 31474 31474 31474 31474 13315 13315 8810 8810 8810 4996 4996 4996 4996 4996 1326 468 
0.424115 1e+07 1e+07 1e+07 1e+07 1e+07 1e+07 1e+07 1e+07 1e+07 1e+07 1e+07 1e+07 1e+07 1e+07 1e+07 1e+07 1e+07 1e+07 1e+07 1e+07 1e+07 1e+07 1e+07 1e+07 1e+07 1e+07 1e+07 1e+07 1.87121e+06 1.87121e+06 1.87121e+06 1.67704e+06 1.56176e+06 710297 478563 478563 478563 478563 478563 478563 230046 230046 230046 230046 230046 230046 230046 228607 228607 42515 41940 41940 36321 12139 12139 5307 4860 4860 4860 4860 2262 1289 452 
0.439823 1e+07 1e+07 1e+07 1e+07 1e+07 1e+07 1e+07 1e+07 1e+07 1e+07 1e+07 1e+07 1e+07 1e+07 1e+07 1e+07 1e+07 1e+07 1e+07 1e+07 1e+07 1e+07 1e+07 1e+07 1e+07 1e+07 937238 937238 937238 937238 937238 373339 373339 373339 373339 373339 373339 274654 274654 274654 274654 160556 160556 160556 160556 160556 160556 122464 122464 14856 14856 14856 14856 10696 3170 2989 2989 2989 2989 2989 2989 2593 824 
0.455531 1e+07 1e+07 1e+07 1e+07 1e+07 1e+07 1e+07 1e+07 1e+07 1e+07 1e+07 1e+07 1e+07 1e+07 1e+07 1e+07 1e+07 1e+07 1e+07 1e+07 1e+07 1e+07 1e+07 1e+07 1e+07 7.0358e+06 1.00808e+06 1.00808e+06 1.00808e+06 1.00808e+06 1.00808e+06 1.00808e+06 472346 472346 472346 472346 472346 472346 472346 472346 209107 209107 209107 209107 153744 153744 153744 22413 22413 22413 22413 22413 22413 22413 22413 22413 12727 2216 2216 1883 920 
0.471239 1e+07 1e+07 1e+07 1e+07 1e+07 1e+07 1e+07 1e+07 1e+07 1e+07 1e+07 1e+07 1e+07 1e+07 1e+07 1e+07 1e+07 1e+07 1e+07 1e+07 1e+07 1e+07 1e+07 1e+07 1e+07 1e+07 6.42302e+06 1.93941e+06 1.93941e+06 1.93941e+06 1.93941e+06 602681 602681 520789 520789 520789 520789 520789 520789 520789 520789 520789 155670 155670 117342 117342 117342 117342 117342 71659 71659 71659 69357 9028 9028 6122 6122 6122 6122 1330 1330 1032 1032 303 
0.486947 1e+07 1e+07 1e+07 1e+07 1e+07 1e+07 1e+07 1e+07 1e+07 1e+07 1e+07 1e+07 1e+07 1e+07 1e+07 1e+07 1e+07 1e+07 1e+07 1e+07 1e+07 1e+07 1e+07 1e+07 1e+07 2.13396e+06 2.13396e+06 1.18416e+06 1.18416e+06 1.18416e+06 555917 555917 200885 200885 200885 200885 200885 200885 200885 200885 200885 200885 200885 200885 200885 77537 77537 77537 77537 77537 77537 77537 77537 77537 77537 5683 5683 1776 1776 1776 1776 1776 1776 637 
