epsilon_k[0]0.1
epsilon_k[0]2.18e-05
epsilon_k[0]7.08e-05
epsilon_k[0]2.54e-05
epsilon_k[0]1e-05
epsilon_k[0]7.8e-06
epsilon_k[0]0.218
omega_x01.05558
omega_y01.26292
dx 0.01
n_theta 100
dtheta 0.00785398
epsilon 1
max_turns 10000000
from_angle 96
to_angle 101
0.753982 1e+07 1e+07 1e+07 1e+07 1e+07 1e+07 1e+07 1e+07 1e+07 1e+07 1e+07 1e+07 1e+07 1e+07 1e+07 1e+07 949762 949762 855207 449844 74120 74120 52092 26442 8931 8625 8625 8625 8625 8625 8625 8625 8625 8625 7352 3076 2710 1427 1427 1427 1199 1199 1199 1189 905 
0.761836 1e+07 1e+07 1e+07 1e+07 1e+07 1e+07 1e+07 1e+07 1e+07 1e+07 1e+07 1e+07 1e+07 1e+07 1e+07 1e+07 2.21892e+06 2.21892e+06 214756 142393 60152 60152 43879 11675 7201 7201 7201 7201 7201 7201 7201 7201 7201 7201 3513 3513 3513 1343 1272 1272 1272 944 
0.76969 1e+07 1e+07 1e+07 1e+07 1e+07 1e+07 1e+07 1e+07 1e+07 1e+07 1e+07 1e+07 1e+07 1e+07 1e+07 1e+07 1.61294e+06 1.61294e+06 200549 200549 19166 19166 19166 19166 19166 7563 7563 7563 7563 7563 7563 7563 4461 4461 3938 2711 2711 2711 1819 1819 1819 1819 1819 1352 539 
0.777544 1e+07 1e+07 1e+07 1e+07 1e+07 1e+07 1e+07 1e+07 1e+07 1e+07 1e+07 1e+07 1e+07 1e+07 1e+07 1e+07 2.57926e+06 750886 212651 212651 31575 8427 8427 8427 8427 8427 8427 8427 8427 8427 8427 8427 8427 8427 5216 5216 3511 3511 1273 1030 1030 987 
0.785398 1e+07 1e+07 1e+07 1e+07 1e+07 1e+07 1e+07 1e+07 1e+07 1e+07 1e+07 1e+07 1e+07 1e+07 1e+07 1e+07 8.91072e+06 1.40232e+06 1.40232e+06 28326 28326 28326 28326 13282 13282 13282 12110 9793 9793 9793 9793 4753 4753 4753 2767 2767 2767 2767 2767 2711 2711 2711 2711 1280 1205 547 
0.793252 1e+07 1e+07 1e+07 1e+07 1e+07 1e+07 1e+07 1e+07 1e+07 1e+07 1e+07 1e+07 1e+07 1e+07 1e+07 1e+07 3.25029e+06 3.25029e+06 467962 321681 17619 17619 14805 8440 8440 8440 8440 8440 8440 7203 6546 6546 6546 6546 5611 4961 1853 1853 1853 1853 1853 972 
