epsilon_k[0] 0.0001
epsilon_k[1] 2.18e-05
epsilon_k[2] 7.08e-05
epsilon_k[3] 2.54e-05
epsilon_k[4] 1e-05
epsilon_k[5] 7.8e-06
epsilon_k[6] 2.18e-05
omega_x0 0.168
omega_y0 0.201
dx 0.01
n_theta 100
dtheta 0.015708
epsilon 2
max_turns 10000000
from_angle 80
to_angle 85
1.25664 1e+07 1e+07 1e+07 1e+07 1e+07 1e+07 1e+07 1e+07 1e+07 1e+07 1e+07 1e+07 1e+07 1e+07 1e+07 1e+07 1e+07 1e+07 1e+07 1e+07 1e+07 1e+07 1e+07 1e+07 1e+07 1e+07 1e+07 1e+07 1e+07 1e+07 1e+07 1e+07 1e+07 1e+07 1e+07 1e+07 1e+07 1e+07 1e+07 1e+07 1e+07 1e+07 409810 222391 60661 73685 4675 10788 9621 4835 8807 10759 248 5479 731 3083 408 556 291 271 34 39 78 196 107 36 48 211 671 109 168 18 29 62 76 10 8 8 8 7 7 7 7 7 6 6 6 6 6 6 6 6 6 6 6 6 6 5 5 5 
1.27235 1e+07 1e+07 1e+07 1e+07 1e+07 1e+07 1e+07 1e+07 1e+07 1e+07 1e+07 1e+07 1e+07 1e+07 1e+07 1e+07 1e+07 1e+07 1e+07 1e+07 1e+07 1e+07 1e+07 1e+07 1e+07 1e+07 1e+07 1e+07 1e+07 1e+07 1e+07 1e+07 1e+07 1e+07 1e+07 1e+07 1e+07 1e+07 1e+07 1e+07 1e+07 2.94722e+06 1.04698e+06 242305 75346 64008 64961 18711 4288 887 2186 13473 1681 1571 843 457 313 2553 175 91 434 123 65 26 133 85 40 72 90 50 50 53 29 34 28 38 9 8 8 8 7 7 7 7 7 6 6 6 6 6 6 6 6 6 6 6 6 6 5 5 
1.28805 1e+07 1e+07 1e+07 1e+07 1e+07 1e+07 1e+07 1e+07 1e+07 1e+07 1e+07 1e+07 1e+07 1e+07 1e+07 1e+07 1e+07 1e+07 1e+07 1e+07 1e+07 1e+07 1e+07 1e+07 1e+07 1e+07 1e+07 1e+07 1e+07 1e+07 1e+07 1e+07 1e+07 1e+07 1e+07 1e+07 1e+07 1e+07 1e+07 1e+07 1e+07 4.11653e+06 279359 5.21209e+06 1.71316e+06 83818 25275 22720 76319 5501 13658 3288 14858 2349 1859 1299 1596 393 442 508 34 166 96 193 186 318 42 88 48 79 153 76 35 24 31 21 53 10 8 8 8 7 7 7 7 7 6 6 6 6 6 6 6 6 6 6 6 6 6 6 
1.30376 1e+07 1e+07 1e+07 1e+07 1e+07 1e+07 1e+07 1e+07 1e+07 1e+07 1e+07 1e+07 1e+07 1e+07 1e+07 1e+07 1e+07 1e+07 1e+07 1e+07 1e+07 1e+07 1e+07 1e+07 1e+07 1e+07 1e+07 1e+07 1e+07 1e+07 1e+07 1e+07 1e+07 1e+07 1e+07 1e+07 1e+07 1e+07 1e+07 8.3429e+06 3.80809e+06 1.01901e+06 1.68506e+06 389366 110067 11136 78743 20294 19370 23879 2158 3002 1303 1065 880 234 432 445 302 45 194 26 281 119 1082 102 38 72 169 29 85 95 33 27 17 17 78 57 11 9 8 8 7 7 7 7 7 7 6 6 6 6 6 6 6 6 6 6 6 6 
1.31947 1e+07 1e+07 1e+07 1e+07 1e+07 1e+07 1e+07 1e+07 1e+07 1e+07 1e+07 1e+07 1e+07 1e+07 1e+07 1e+07 1e+07 1e+07 1e+07 1e+07 1e+07 1e+07 1e+07 1e+07 1e+07 1e+07 1e+07 1e+07 1e+07 1e+07 1e+07 1e+07 1e+07 1e+07 1e+07 1e+07 1e+07 1e+07 1e+07 1e+07 3.40262e+06 1e+07 1.15101e+06 701207 124127 493974 267812 50939 2313 8791 6223 10899 5249 1705 1006 1697 1287 913 192 392 336 27 103 269 101 90 76 411 49 48 80 155 44 38 24 22 33 54 23 38 9 8 8 8 7 7 7 7 7 7 6 6 6 6 6 6 6 6 6 6 
1.33518 1e+07 1e+07 1e+07 1e+07 1e+07 1e+07 1e+07 1e+07 1e+07 1e+07 1e+07 1e+07 1e+07 1e+07 1e+07 1e+07 1e+07 1e+07 1e+07 1e+07 1e+07 1e+07 1e+07 1e+07 1e+07 1e+07 1e+07 1e+07 1e+07 1e+07 1e+07 1e+07 1e+07 1e+07 1e+07 1e+07 1e+07 1e+07 1e+07 1e+07 4.09414e+06 1e+07 1.76287e+06 2.02033e+06 671039 52025 196640 50507 76562 18646 13849 2117 2148 458 1244 587 3175 2169 519 656 236 184 24 33 36 38 217 1991 56 295 118 32 412 30 17 22 16 16 14 33 15 45 9 8 8 8 7 7 7 7 7 7 6 6 6 6 6 6 6 6 
