epsilon_k[0]0.1
epsilon_k[0]2.18e-05
epsilon_k[0]7.08e-05
epsilon_k[0]2.54e-05
epsilon_k[0]1e-05
epsilon_k[0]7.8e-06
epsilon_k[0]0.218
omega_x01.94779
omega_y02.01062
dx 0.01
n_theta 100
dtheta 0.00785398
epsilon 10
max_turns 10000000
from_angle 48
to_angle 56
0.376991 1e+07 14868 12231 7925 3571 1135 842 
0.384845 1e+07 14893 12609 7937 3877 1152 841 
0.392699 1e+07 14883 13049 7950 4239 1211 842 
0.400553 1e+07 14896 13092 7954 3428 1160 843 
0.408407 1e+07 14901 13295 7957 3709 1154 844 
0.416261 1e+07 14918 14554 7963 3007 1175 846 
0.424115 1e+07 14935 14935 7988 2911 1219 867 
0.431969 1e+07 14969 14969 7990 2648 1207 875 
