epsilon_k[0]0.1
epsilon_k[0]2.18e-05
epsilon_k[0]7.08e-05
epsilon_k[0]2.54e-05
epsilon_k[0]1e-05
epsilon_k[0]7.8e-06
epsilon_k[0]0.218
omega_x01.75929
omega_y01.94779
dx 0.01
n_theta 100
dtheta 0.00785398
epsilon 32
max_turns 10000000
from_angle 32
to_angle 40
0.251327 1e+07 14146 6055 3245 2437 1386 1331 1219 1137 1137 1072 339 
0.259181 1e+07 14454 6543 3357 2540 1394 1262 1190 1151 1151 789 
0.267035 1e+07 14961 6750 3130 2721 1395 1206 1163 1163 1163 776 
0.274889 1e+07 15643 6773 3122 2727 1386 1227 1214 1214 1160 716 
0.282743 1e+07 15833 7085 3189 2544 1394 1260 1162 1162 1162 491 
0.290597 1e+07 15948 7480 3027 2399 1387 1332 1216 1216 1135 470 
0.298451 1e+07 19422 6997 2955 2392 1389 1328 1232 1226 1044 444 
0.306305 1e+07 19176 6856 2949 2403 1414 1328 1328 1251 908 
