epsilon_k[0] 0.1
epsilon_k[0] 2.18e-05
epsilon_k[0] 7.08e-05
epsilon_k[0] 2.54e-05
epsilon_k[0] 1e-05
epsilon_k[0] 7.8e-06
epsilon_k[0] 0.218
omega_x0 0.28
omega_y0 0.31
dx 0.01
n_theta 100
dtheta 0.00785398
epsilon 4
max_turns 10000000
from_angle 80
to_angle 88
0.628319 1e+07 70876 9889 9889 6877 6412 4966 1203 1203 355 
0.636173 1e+07 73548 9798 9798 6623 6009 4097 1225 1204 346 
0.644026 1e+07 38517 9891 9891 6487 5694 3358 1621 1202 345 
0.65188 1e+07 59785 10016 8295 6475 5286 4016 1377 1180 344 
0.659734 1e+07 49224 10455 8624 6493 5574 5574 1349 1136 344 
0.667588 1e+07 65739 10759 7629 6383 5626 5230 2037 1170 344 
0.675442 1e+07 165136 12150 7574 6342 6093 2871 2082 868 
0.683296 1e+07 73549 13580 7427 6332 6332 4356 1816 805 
0.69115 1e+07 49973 12151 7614 6081 6081 2361 2070 803 
