epsilon_k[0] 0.1
epsilon_k[0] 2.18e-05
epsilon_k[0] 7.08e-05
epsilon_k[0] 2.54e-05
epsilon_k[0] 1e-05
epsilon_k[0] 7.8e-06
epsilon_k[0] 0.218
omega_x0 0.31
omega_y0 0.32
dx 0.01
n_theta 100
dtheta 0.00785398
epsilon 1
max_turns 10000000
from_angle 0
to_angle 8
0 1e+07 1e+07 1e+07 3257 2250 1906 1906 1906 1906 1906 1906 1906 371 
0.00785398 1e+07 1e+07 1e+07 3183 2025 1619 1310 1310 1310 1310 1310 1063 371 
0.015708 1e+07 1e+07 1e+07 3135 1953 1471 1161 1161 1161 1161 1161 1062 371 
0.0235619 1e+07 1e+07 1e+07 3125 1940 1434 1181 1181 1181 1181 1181 1043 371 
0.0314159 1e+07 1e+07 1e+07 3120 1939 1393 1082 1082 1082 1082 1079 1079 372 
0.0392699 1e+07 1e+07 1e+07 3112 1867 1387 1075 1075 1075 1075 1075 1073 373 
0.0471239 1e+07 1e+07 1e+07 3048 1838 1382 1079 1064 1064 1064 1064 898 
0.0549779 1e+07 1e+07 1e+07 2966 1801 1313 1078 1042 1042 1042 930 
0.0628319 1e+07 1e+07 1e+07 2910 1794 1230 1080 1041 1041 1041 752 
