epsilon_k[0] 0.0001
epsilon_k[1] 2.18e-05
epsilon_k[2] 7.08e-05
epsilon_k[3] 2.54e-05
epsilon_k[4] 1e-05
epsilon_k[5] 7.8e-06
epsilon_k[6] 2.18e-05
omega_x0 0.168
omega_y0 0.201
dx 0.01
epsilon 32
max_turns 10000000
from_y 32
to_y 40
0.32 1e+07 1e+07 1e+07 1e+07 1e+07 1e+07 1e+07 1e+07 1e+07 7.29237e+06 1e+07 1e+07 1e+07 1e+07 1e+07 1e+07 4.52564e+06 2.21768e+06 3.37892e+06 6.84227e+06 1e+07 1e+07 1e+07 2.83999e+06 655917 49839 126794 842309 73148 468865 40870 38614 2.82783e+06 322857 649489 19496 75294 62665 84705 14104 6538 23752 52043 9144 3596 4220 3538 1232 2399 5498 1339 1730 8063 1838 136 1618 435 295 135 140 216 103 33 38 168 106 101 52 68 97 84 30 51 19 79 412 19 288 13 12 
0.33 1e+07 1e+07 1e+07 1e+07 1e+07 1e+07 1e+07 1e+07 1e+07 9.62896e+06 1e+07 1e+07 1e+07 1e+07 1e+07 1e+07 289877 1.78046e+06 932842 202854 2.08116e+06 7.61194e+06 1e+07 49209 53513 72866 32981 346350 144164 203913 135286 10646 66397 7.6735e+06 112077 54303 18963 58291 28908 33854 8217 5552 4511 6827 5911 3617 3466 5752 1147 2715 2968 12776 1047 800 333 471 3065 722 230 314 400 125 458 304 387 93 53 40 33 183 158 101 45 51 18 79 60 89 84 12 
0.34 1e+07 1e+07 1e+07 1e+07 1e+07 1e+07 1e+07 1e+07 1e+07 8.00919e+06 1e+07 4.18658e+06 4.8727e+06 914682 1e+07 3.52568e+06 3.16673e+06 222731 1.29664e+06 69581 1.55968e+06 368799 667035 642681 60938 55421 30145 16805 65212 112886 25132 157224 26673 23597 36661 32612 8327 26460 5877 15897 6969 2066 2269 47163 8733 4820 2190 1415 556 784 1604 622 953 279 193 2393 1659 714 354 230 275 463 56 38 51 42 69 70 82 99 107 152 236 37 23 18 69 60 111 13 
0.35 1e+07 1e+07 1e+07 1e+07 1e+07 1e+07 1e+07 1e+07 8.1237e+06 1.76544e+06 2.3567e+06 5.29389e+06 1.91102e+06 1.03691e+06 3.10259e+06 571023 529341 2.57666e+06 144706 250833 135046 67297 98416 44115 19380 76962 183090 9414 14295 28731 46465 38476 7808 7846 2566 4483 9848 10340 3913 4132 3821 2088 1029 892 471 1788 1091 1501 24573 1732 6621 822 576 828 609 641 224 198 255 213 349 4142 248 317 45 62 48 107 31 33 128 111 102 563 102 24 17 470 27 53 
0.36 1e+07 1e+07 1e+07 1e+07 1e+07 1e+07 1e+07 1e+07 2.94489e+06 7.47536e+06 631206 836316 3.35657e+06 212259 539388 446791 1.76956e+06 123560 203731 244483 174212 77701 11313 7436 158585 18033 9895 239447 25273 46491 50297 31333 43139 12164 14409 5236 8007 9033 246700 4566 2624 851 1127 3552 1524 14527 6257 3078 390 340 349 1195 176 179 1159 237 417 597 219 166 137 63 76 93 172 50 78 238 138 77 41 77 41 108 25 129 43 17 36 18 
0.37 1e+07 1e+07 1e+07 1e+07 1e+07 1e+07 1e+07 6.04448e+06 8.19394e+06 7.36712e+06 1.63576e+06 151662 271078 105520 92735 102924 48698 44337 55166 65301 8219 17923 13137 91922 263512 32295 18548 10640 10752 6136 36342 13045 44647 72214 27664 3533 1958 1769 4800 1677 877 591 388 1002 823 765 202 495 1046 1240 3298 2160 638 2035 143 99 227 380 297 171 312 78 72 78 141 42 87 85 239 131 58 315 31 46 106 49 90 21 17 96 
0.38 1e+07 1e+07 1e+07 1e+07 1e+07 1e+07 2.87702e+06 1e+07 1.52308e+06 1.64952e+06 470250 356126 61617 237178 297037 26132 5585 14101 168254 27983 11888 7629 8968 53896 138695 20796 10160 33688 13159 88898 21415 25712 33594 4356 2164 58831 691 1094 5117 2111 397 793 378 1078 289 425 1936 1086 886 795 543 107 134 141 253 190 351 248 167 395 107 118 64 55 315 74 37 51 99 257 66 83 109 95 91 32 167 38 23 23 
0.39 1e+07 1e+07 1e+07 1e+07 7.72863e+06 1e+07 4.84922e+06 4.15151e+06 2.24046e+06 1.24964e+06 3.19092e+06 445605 55613 192935 22875 7857 97045 11021 12148 22023 12749 9915 18500 79896 5017 14931 11590 8318 9450 6919 5976 8432 5694 4841 10573 638 3552 2511 1162 2800 497 2915 1286 853 6980 1365 1021 554 540 604 246 50 561 232 96 502 279 194 489 473 205 84 68 117 118 128 108 158 80 39 42 90 296 85 36 38 39 212 24 15 
