epsilon_k[0]0.1
epsilon_k[0]2.18e-05
epsilon_k[0]7.08e-05
epsilon_k[0]2.54e-05
epsilon_k[0]1e-05
epsilon_k[0]7.8e-06
epsilon_k[0]0.218
omega_x01.94779
omega_y02.01062
dx 0.01
n_theta 100
dtheta 0.00785398
epsilon 14
max_turns 10000000
from_angle 88
to_angle 96
0.69115 1e+07 107396 21823 11159 6014 6014 2876 983 
0.699004 1e+07 320427 145053 16821 6757 6757 3771 982 
0.706858 1e+07 94652 64157 32121 6558 6558 4461 982 
0.714712 1e+07 506416 62840 40933 7259 7259 5130 982 
0.722566 1e+07 281750 58245 31459 8297 8297 8297 984 
0.73042 1e+07 154148 84211 32453 11158 11158 11158 985 
0.738274 1e+07 83942 83942 38437 18696 13570 6661 1005 869 
0.746128 1e+07 329907 48618 45016 25457 14764 14764 1035 926 
0.753982 1e+07 444759 107948 19085 19085 19085 5046 1118 972 
