epsilon_k[0]0.1
epsilon_k[0]2.18e-05
epsilon_k[0]7.08e-05
epsilon_k[0]2.54e-05
epsilon_k[0]1e-05
epsilon_k[0]7.8e-06
epsilon_k[0]0.218
omega_x01.94779
omega_y02.01062
dx 0.01
n_theta 100
dtheta 0.00785398
epsilon 32
max_turns 10000000
from_angle 16
to_angle 24
0.125664 1e+07 46233 8039 3815 3367 2254 1765 1019 732 
0.133518 1e+07 43411 8072 3806 3268 2321 1771 1045 732 
0.141372 1e+07 42997 8269 3809 3378 2347 1771 1098 731 
0.149226 1e+07 42487 8524 3812 3162 2371 1772 1129 728 
0.15708 1e+07 43582 9008 3823 3215 2381 1775 1133 727 
0.164934 1e+07 41046 8630 3830 3299 2451 1797 1134 727 
0.172788 1e+07 39490 8340 3962 3353 2573 1802 1135 727 
0.180642 1e+07 39206 8180 3919 3468 3103 1796 1136 728 
