epsilon_k[0] 0.0001
epsilon_k[1] 2.18e-05
epsilon_k[2] 7.08e-05
epsilon_k[3] 2.54e-05
epsilon_k[4] 1e-05
epsilon_k[5] 7.8e-06
epsilon_k[6] 2.18e-05
omega_x0 0.168
omega_y0 0.201
dx 0.01
n_theta 100
dtheta 0.015708
epsilon 10
max_turns 10000000
from_angle 25
to_angle 30
0.392699 1e+07 1e+07 1e+07 1e+07 1e+07 1e+07 1e+07 1e+07 1e+07 1e+07 1e+07 1e+07 1e+07 1e+07 1e+07 1e+07 1e+07 1e+07 1e+07 1e+07 1e+07 1e+07 1e+07 1e+07 1e+07 1e+07 1e+07 1e+07 1e+07 1e+07 1e+07 1e+07 1e+07 1e+07 1e+07 1e+07 1e+07 1e+07 1e+07 1e+07 1e+07 1e+07 1e+07 1e+07 1e+07 1e+07 1e+07 2.99263e+06 6.97454e+06 2.69513e+06 211142 997298 62607 57595 9398 11400 11820 9624 5875 3913 4694 1070 18477 549 655 1977 675 380 237 1096 110 136 71 272 153 126 95 40 266 66 66 102 247 60 14 12 12 12 12 14 20 114 26 54 2955 32 24 39 139 17 
0.408407 1e+07 1e+07 1e+07 1e+07 1e+07 1e+07 1e+07 1e+07 1e+07 1e+07 1e+07 1e+07 1e+07 1e+07 1e+07 1e+07 1e+07 1e+07 1e+07 1e+07 1e+07 1e+07 1e+07 1e+07 1e+07 1e+07 1e+07 1e+07 1e+07 1e+07 1e+07 1e+07 1e+07 1e+07 1e+07 1e+07 1e+07 1e+07 1e+07 1e+07 1e+07 1e+07 1e+07 1e+07 1e+07 1e+07 4.77912e+06 8.16711e+06 1e+07 595685 1.01474e+06 1.64194e+06 30600 49103 197279 98654 5453 6622 3471 3601 3436 5084 1068 9180 401 204 205 559 63 97 155 83 312 151 174 166 31 199 48 57 78 125 40 61 89 145 13 12 12 12 12 12 14 151 56 86 34 27 16 24 
0.424115 1e+07 1e+07 1e+07 1e+07 1e+07 1e+07 1e+07 1e+07 1e+07 1e+07 1e+07 1e+07 1e+07 1e+07 1e+07 1e+07 1e+07 1e+07 1e+07 1e+07 1e+07 1e+07 1e+07 1e+07 1e+07 1e+07 1e+07 1e+07 1e+07 1e+07 1e+07 1e+07 1e+07 1e+07 1e+07 1e+07 1e+07 1e+07 1e+07 1e+07 1e+07 1e+07 1e+07 1e+07 1e+07 1e+07 1e+07 1e+07 1e+07 6.52105e+06 930592 127001 40180 106434 283312 10814 9325 2828 8213 14642 2314 620 19109 2483 1074 23582 505 213 176 243 123 213 261 83 110 32 39 31 34 73 60 78 18 33 125 142 19 20 13 12 11 11 11 11 11 12 46 52 22 29 
0.439823 1e+07 1e+07 1e+07 1e+07 1e+07 1e+07 1e+07 1e+07 1e+07 1e+07 1e+07 1e+07 1e+07 1e+07 1e+07 1e+07 1e+07 1e+07 1e+07 1e+07 1e+07 1e+07 1e+07 1e+07 1e+07 1e+07 1e+07 1e+07 1e+07 1e+07 1e+07 1e+07 1e+07 1e+07 1e+07 1e+07 1e+07 1e+07 1e+07 1e+07 1e+07 1e+07 1e+07 1e+07 1e+07 1e+07 6.14885e+06 1.69506e+06 3.53933e+06 649653 721585 61995 56787 322206 26292 30599 5072 25609 3816 2887 7251 9585 1417 1938 4915 105 202 181 187 57 92 105 270 107 87 111 178 85 118 154 208 81 269 52 23 18 18 37 23 18 68 12 11 11 11 11 11 11 11 12 
0.455531 1e+07 1e+07 1e+07 1e+07 1e+07 1e+07 1e+07 1e+07 1e+07 1e+07 1e+07 1e+07 1e+07 1e+07 1e+07 1e+07 1e+07 1e+07 1e+07 1e+07 1e+07 1e+07 1e+07 1e+07 1e+07 1e+07 1e+07 1e+07 1e+07 1e+07 1e+07 1e+07 1e+07 1e+07 1e+07 1e+07 1e+07 1e+07 1e+07 1e+07 1e+07 1e+07 1e+07 1e+07 1e+07 1e+07 6.02743e+06 1.61987e+06 1e+07 2.75794e+06 341520 230311 955589 73246 27931 558315 4716 23864 1791 3352 2563 3393 17550 533 3338 95 848 114 251 62 45 230 232 114 88 43 83 198 716 157 72 162 44 26 41 76 25 31 21 20 16 22 26 16 12 11 11 10 10 10 
