epsilon_k[0] 0.0001
epsilon_k[1] 2.18e-05
epsilon_k[2] 7.08e-05
epsilon_k[3] 2.54e-05
epsilon_k[4] 1e-05
epsilon_k[5] 7.8e-06
epsilon_k[6] 2.18e-05
omega_x0 0.28
omega_y0 0.31
dx 0.01
epsilon 64
max_turns 10000000
from_y 48
to_y 56
0.48 10 10 10 11 11 11 11 11 12 12 12 13 13 14 15 17 21 32 22 21 21 21 23 37 49 33 17 14 13 12 11 10 10 10 9 9 9 9 9 9 8 8 8 8 8 7 7 7 7 7 7 7 6 6 6 6 6 6 6 6 6 6 6 6 6 5 5 5 5 5 5 5 5 5 5 5 5 5 5 5 
0.49 10 10 10 10 10 10 11 11 11 11 12 12 12 13 14 15 17 23 24 21 20 21 22 26 59 45 17 14 13 12 11 10 10 10 9 9 9 9 9 8 8 8 8 8 8 7 7 7 7 7 7 7 6 6 6 6 6 6 6 6 6 6 6 6 6 5 5 5 5 5 5 5 5 5 5 5 5 5 5 5 
0.5 10 10 10 10 10 10 10 10 11 11 11 11 12 12 13 14 15 17 163 22 20 20 21 23 73 45 18 14 13 12 11 10 10 10 9 9 9 9 9 8 8 8 8 8 8 7 7 7 7 7 7 6 6 6 6 6 6 6 6 6 6 6 6 6 5 5 5 5 5 5 5 5 5 5 5 5 5 5 5 5 
0.51 9 9 10 10 10 10 10 10 10 10 11 11 11 12 12 13 13 15 17 30 21 20 20 21 31 45 23 15 13 12 11 10 10 10 9 9 9 9 9 8 8 8 8 8 8 7 7 7 7 7 7 6 6 6 6 6 6 6 6 6 6 6 6 5 5 5 5 5 5 5 5 5 5 5 5 5 5 5 5 5 
0.52 9 9 9 9 9 10 10 10 10 10 10 11 11 11 12 12 13 13 15 18 23 20 20 20 23 45 37 15 13 12 11 11 10 10 9 9 9 9 9 8 8 8 8 8 8 7 7 7 7 7 7 6 6 6 6 6 6 6 6 6 6 6 6 5 5 5 5 5 5 5 5 5 5 5 5 5 5 5 5 5 
0.53 9 9 9 9 9 9 9 10 10 10 10 10 10 11 11 11 12 12 13 15 20 21 19 20 21 38 95 17 14 13 11 11 10 10 9 9 9 9 9 8 8 8 8 8 8 7 7 7 7 7 6 6 6 6 6 6 6 6 6 6 6 6 5 5 5 5 5 5 5 5 5 5 5 5 5 5 5 5 5 5 
0.54 9 9 9 9 9 9 9 9 9 10 10 10 10 10 11 11 11 12 12 14 16 31 19 19 20 23 43 21 14 13 12 11 10 10 9 9 9 9 9 8 8 8 8 8 7 7 7 7 7 7 6 6 6 6 6 6 6 6 6 6 6 6 5 5 5 5 5 5 5 5 5 5 5 5 5 5 5 5 5 5 
0.55 9 9 9 9 9 9 9 9 9 9 9 10 10 10 10 10 11 11 12 12 14 16 23 19 19 20 128 81 15 13 12 11 10 10 9 9 9 9 9 8 8 8 8 8 7 7 7 7 7 7 6 6 6 6 6 6 6 6 6 6 6 5 5 5 5 5 5 5 5 5 5 5 5 5 5 5 5 5 5 5 
