epsilon_k[0] 0.0001
epsilon_k[1] 2.18e-05
epsilon_k[2] 7.08e-05
epsilon_k[3] 2.54e-05
epsilon_k[4] 1e-05
epsilon_k[5] 7.8e-06
epsilon_k[6] 2.18e-05
omega_x0 0.168
omega_y0 0.201
dx 0.01
n_theta 100
dtheta 0.015708
epsilon 6
max_turns 10000000
from_angle 35
to_angle 40
0.549779 1e+07 1e+07 1e+07 1e+07 1e+07 1e+07 1e+07 1e+07 1e+07 1e+07 1e+07 1e+07 1e+07 1e+07 1e+07 1e+07 1e+07 1e+07 1e+07 1e+07 1e+07 1e+07 1e+07 1e+07 1e+07 1e+07 1e+07 1e+07 1e+07 1e+07 1e+07 1e+07 1e+07 1e+07 1e+07 1e+07 1e+07 1e+07 1e+07 1e+07 1e+07 1e+07 1e+07 1e+07 1e+07 1e+07 1e+07 1e+07 1e+07 9.22666e+06 1.34589e+06 1e+07 1.54838e+06 26837 101087 25683 12436 4881 1184 4032 3122 1356 9721 11243 421 10333 2513 388 315 53398 61 173 168 115 102 28 48 245 45 48 29 58 42 48 158 143 19 25 72 25 18 12 10 9 9 8 8 8 8 8 
0.565487 1e+07 1e+07 1e+07 1e+07 1e+07 1e+07 1e+07 1e+07 1e+07 1e+07 1e+07 1e+07 1e+07 1e+07 1e+07 1e+07 1e+07 1e+07 1e+07 1e+07 1e+07 1e+07 1e+07 1e+07 1e+07 1e+07 1e+07 1e+07 1e+07 1e+07 1e+07 1e+07 1e+07 1e+07 1e+07 1e+07 1e+07 1e+07 1e+07 1e+07 1e+07 1e+07 1e+07 1e+07 1e+07 1e+07 1e+07 2.35952e+06 1e+07 4.69538e+06 887055 1.00933e+06 270175 40640 77706 6481 17901 3460 1192 2808 4601 1351 1410 170 409 271 200 511 136 155 153 275 113 107 79 41 28 30 34 69 68 203 29 114 41 61 29 33 46 219 23 24 10 9 9 8 8 8 8 8 
0.581195 1e+07 1e+07 1e+07 1e+07 1e+07 1e+07 1e+07 1e+07 1e+07 1e+07 1e+07 1e+07 1e+07 1e+07 1e+07 1e+07 1e+07 1e+07 1e+07 1e+07 1e+07 1e+07 1e+07 1e+07 1e+07 1e+07 1e+07 1e+07 1e+07 1e+07 1e+07 1e+07 1e+07 1e+07 1e+07 1e+07 1e+07 1e+07 1e+07 1e+07 1e+07 1e+07 1e+07 1e+07 1e+07 8.51473e+06 9.60112e+06 5.4583e+06 1e+07 1.88004e+06 239548 454957 81245 60764 4842 9261 13029 9742 12611 988 735 788 899 289 598 238 478 350 180 146 99 108 47 86 369 28 65 77 447 94 40 26 62 30 49 82 35 32 22 158 33 16 24 10 9 8 8 8 8 8 
0.596903 1e+07 1e+07 1e+07 1e+07 1e+07 1e+07 1e+07 1e+07 1e+07 1e+07 1e+07 1e+07 1e+07 1e+07 1e+07 1e+07 1e+07 1e+07 1e+07 1e+07 1e+07 1e+07 1e+07 1e+07 1e+07 1e+07 1e+07 1e+07 1e+07 1e+07 1e+07 1e+07 1e+07 1e+07 1e+07 1e+07 1e+07 1e+07 1e+07 1e+07 1e+07 1e+07 1e+07 1e+07 1e+07 1e+07 1e+07 1e+07 3.16894e+06 2.53591e+06 291542 854105 182660 20101 5844 9327 2647 16528 5959 3672 829 775 209 579 444 274 504 224 2159 115 459 112 47 397 175 107 28 28 99 41 46 46 358 32 39 28 27 70 24 18 18 33 29 41 10 9 9 8 8 8 
0.612611 1e+07 1e+07 1e+07 1e+07 1e+07 1e+07 1e+07 1e+07 1e+07 1e+07 1e+07 1e+07 1e+07 1e+07 1e+07 1e+07 1e+07 1e+07 1e+07 1e+07 1e+07 1e+07 1e+07 1e+07 1e+07 1e+07 1e+07 1e+07 1e+07 1e+07 1e+07 1e+07 1e+07 1e+07 1e+07 1e+07 1e+07 1e+07 1e+07 1e+07 1e+07 1e+07 1e+07 1e+07 1e+07 1e+07 8.56014e+06 2.90831e+06 1.75299e+06 864787 98042 100260 84469 14824 2812 7770 2095 2230 1303 9674 528 1838 155 437 297 188 168 461 212 372 240 148 124 72 71 38 59 40 72 58 100 34 23 100 45 72 21 41 95 30 26 19 16 24 19 21 10 9 9 8 
