epsilon_k[0] 0.0001
epsilon_k[1] 2.18e-05
epsilon_k[2] 7.08e-05
epsilon_k[3] 2.54e-05
epsilon_k[4] 1e-05
epsilon_k[5] 7.8e-06
epsilon_k[6] 2.18e-05
omega_x0 0.168
omega_y0 0.201
dx 0.01
n_theta 100
dtheta 0.015708
epsilon 10
max_turns 10000000
from_angle 60
to_angle 65
0.942478 1e+07 1e+07 1e+07 1e+07 1e+07 1e+07 1e+07 1e+07 1e+07 1e+07 1e+07 1e+07 1e+07 1e+07 1e+07 1e+07 1e+07 1e+07 1e+07 1e+07 1e+07 1e+07 1e+07 1e+07 1e+07 1e+07 1e+07 1e+07 1e+07 1e+07 1e+07 1e+07 1e+07 1e+07 1e+07 1e+07 1e+07 1e+07 1e+07 1e+07 5.69274e+06 1.81182e+06 909326 764672 144856 24816 100530 10884 4635 12344 4752 14518 6816 17503 1149 5120 833 1327 273 184 77 418 45 214 39 486 70 17 27 213 27 45 37 93 492 38 14 26 22 25 9 8 8 7 7 7 7 6 6 6 6 6 6 6 6 6 6 6 6 5 
0.958186 1e+07 1e+07 1e+07 1e+07 1e+07 1e+07 1e+07 1e+07 1e+07 1e+07 1e+07 1e+07 1e+07 1e+07 1e+07 1e+07 1e+07 1e+07 1e+07 1e+07 1e+07 1e+07 1e+07 1e+07 1e+07 1e+07 1e+07 1e+07 1e+07 1e+07 1e+07 1e+07 1e+07 1e+07 1e+07 1e+07 1e+07 1e+07 1e+07 1e+07 1e+07 199897 79256 1.64241e+06 8.24312e+06 966076 62842 28708 13242 4190 17155 4476 10231 3868 4240 6135 1087 1626 364 584 61 467 692 51 92 46 17 35 143 23 117 76 31 57 22 14 42 31 11 9 8 7 7 7 7 7 6 6 6 6 6 6 6 6 6 6 6 5 5 5 
0.973894 1e+07 1e+07 1e+07 1e+07 1e+07 1e+07 1e+07 1e+07 1e+07 1e+07 1e+07 1e+07 1e+07 1e+07 1e+07 1e+07 1e+07 1e+07 1e+07 1e+07 1e+07 1e+07 1e+07 1e+07 1e+07 1e+07 1e+07 1e+07 1e+07 1e+07 1e+07 1e+07 1e+07 1e+07 1e+07 1e+07 1e+07 1e+07 1e+07 1e+07 1e+07 450799 512792 491476 69935 46156 104659 15808 14232 9418 4358 32362 2238 3312 2019 6546 585 907 256 194 597 199 167 134 52 18 25 22 44 145 51 81 32 34 15 37 32 10 8 8 7 7 7 7 7 6 6 6 6 6 6 6 6 6 6 6 5 5 5 5 
0.989602 1e+07 1e+07 1e+07 1e+07 1e+07 1e+07 1e+07 1e+07 1e+07 1e+07 1e+07 1e+07 1e+07 1e+07 1e+07 1e+07 1e+07 1e+07 1e+07 1e+07 1e+07 1e+07 1e+07 1e+07 1e+07 1e+07 1e+07 1e+07 1e+07 1e+07 1e+07 1e+07 1e+07 1e+07 1e+07 1e+07 1e+07 1e+07 1e+07 1e+07 1e+07 1e+07 329537 211270 34999 21358 5158 124250 3406 2272 6818 4277 3992 7822 4056 1480 3334 1820 521 352 202 327 180 31 47 18 183 51 61 24 87 38 22 15 41 23 10 8 8 7 7 7 7 7 6 6 6 6 6 6 6 6 6 6 6 5 5 5 5 5 
1.00531 1e+07 1e+07 1e+07 1e+07 1e+07 1e+07 1e+07 1e+07 1e+07 1e+07 1e+07 1e+07 1e+07 1e+07 1e+07 1e+07 1e+07 1e+07 1e+07 1e+07 1e+07 1e+07 1e+07 1e+07 1e+07 1e+07 1e+07 1e+07 1e+07 1e+07 1e+07 1e+07 1e+07 1e+07 1e+07 1e+07 1e+07 1e+07 1e+07 1e+07 1e+07 5.81446e+06 262798 150783 8240 84652 3581 32512 70549 696 809 6329 1402 6141 1488 1235 373 578 496 165 181 245 238 92 19 59 193 113 206 195 170 39 15 45 96 12 9 8 7 7 7 7 7 6 6 6 6 6 6 6 6 6 6 6 5 5 5 5 5 5 
