epsilon_k[0] 0.0001
epsilon_k[1] 2.18e-05
epsilon_k[2] 7.08e-05
epsilon_k[3] 2.54e-05
epsilon_k[4] 1e-05
epsilon_k[5] 7.8e-06
epsilon_k[6] 2.18e-05
omega_x0 0.168
omega_y0 0.201
dx 0.01
n_theta 100
dtheta 0.015708
epsilon 1
max_turns 10000000
from_angle 40
to_angle 45
0.628319 1e+07 1e+07 1e+07 1e+07 1e+07 1e+07 1e+07 1e+07 1e+07 1e+07 1e+07 1e+07 1e+07 1e+07 1e+07 1e+07 1e+07 1e+07 1e+07 1e+07 1e+07 1e+07 1e+07 1e+07 1e+07 1e+07 1e+07 1e+07 1e+07 1e+07 1e+07 1e+07 1e+07 1e+07 1e+07 1e+07 1e+07 1e+07 1e+07 1e+07 1e+07 1e+07 1e+07 1e+07 1e+07 1e+07 1e+07 3.84462e+06 1e+07 1.25569e+06 149759 455440 71165 7997 39265 4638 1967 11877 1779 409 530 194 784 367 1339 3543 247 223 677 290 145 148 51 67 861 521 202 371 42 178 56 97 32 22 23 16 16 16 16 17 30 19 19 41 26 23 14 18 19 10 
0.644026 1e+07 1e+07 1e+07 1e+07 1e+07 1e+07 1e+07 1e+07 1e+07 1e+07 1e+07 1e+07 1e+07 1e+07 1e+07 1e+07 1e+07 1e+07 1e+07 1e+07 1e+07 1e+07 1e+07 1e+07 1e+07 1e+07 1e+07 1e+07 1e+07 1e+07 1e+07 1e+07 1e+07 1e+07 1e+07 1e+07 1e+07 1e+07 1e+07 1e+07 1e+07 1e+07 1e+07 1e+07 1e+07 1e+07 1.33765e+06 1.6516e+06 979209 189005 164313 1.19124e+06 15006 6584 1999 12187 17222 716 221 1087 327 1003 167 819 2029 142 824 238 108 94 376 417 159 264 75 62 54 79 133 60 38 59 28 97 66 27 228 16 15 16 21 19 21 15 29 16 14 18 33 12 
0.659734 1e+07 1e+07 1e+07 1e+07 1e+07 1e+07 1e+07 1e+07 1e+07 1e+07 1e+07 1e+07 1e+07 1e+07 1e+07 1e+07 1e+07 1e+07 1e+07 1e+07 1e+07 1e+07 1e+07 1e+07 1e+07 1e+07 1e+07 1e+07 1e+07 1e+07 1e+07 1e+07 1e+07 1e+07 1e+07 1e+07 1e+07 1e+07 1e+07 1e+07 1e+07 1e+07 1e+07 1e+07 1e+07 8.58163e+06 618693 502076 591040 854634 60434 45321 20688 18505 12479 1462 822 3059 325 1376 305 303 495 294 302 175 229 45 98 72 81 144 225 155 86 180 77 36 65 60 115 60 54 101 127 61 26 23 38 19 20 15 15 35 28 21 32 17 16 14 
0.675442 1e+07 1e+07 1e+07 1e+07 1e+07 1e+07 1e+07 1e+07 1e+07 1e+07 1e+07 1e+07 1e+07 1e+07 1e+07 1e+07 1e+07 1e+07 1e+07 1e+07 1e+07 1e+07 1e+07 1e+07 1e+07 1e+07 1e+07 1e+07 1e+07 1e+07 1e+07 1e+07 1e+07 1e+07 1e+07 1e+07 1e+07 1e+07 1e+07 1e+07 1e+07 1e+07 1e+07 1e+07 1e+07 3.83611e+06 1.1306e+06 1.72625e+06 552523 97952 44113 55902 51555 6478 5475 5904 8127 791 313 3609 1033 188 1123 495 105 211 275 82 600 325 358 27 38 20 19 20 45 41 45 22 20 38 36 25 15 13 13 13 13 13 13 14 19 19 34 20 14 16 41 12 
0.69115 1e+07 1e+07 1e+07 1e+07 1e+07 1e+07 1e+07 1e+07 1e+07 1e+07 1e+07 1e+07 1e+07 1e+07 1e+07 1e+07 1e+07 1e+07 1e+07 1e+07 1e+07 1e+07 1e+07 1e+07 1e+07 1e+07 1e+07 1e+07 1e+07 1e+07 1e+07 1e+07 1e+07 1e+07 1e+07 1e+07 1e+07 1e+07 1e+07 1e+07 1e+07 1e+07 1e+07 1e+07 1e+07 2.50403e+06 250119 419208 313314 36400 132334 8420 19185 3057 6781 5038 562 6216 230 301 200 711 436 767 125 169 58 50 106 453 33 31 110 86 80 35 72 26 28 58 22 21 22 21 21 24 18 22 15 14 14 27 19 13 12 12 11 11 11 12 
