epsilon_k[0]0.1
epsilon_k[0]2.18e-05
epsilon_k[0]7.08e-05
epsilon_k[0]2.54e-05
epsilon_k[0]1e-05
epsilon_k[0]7.8e-06
epsilon_k[0]0.218
omega_x01.05558
omega_y01.26292
dx 0.01
n_theta 100
dtheta 0.00785398
epsilon 14
max_turns 10000000
from_angle 56
to_angle 64
0.439823 1e+07 68665 16002 4329 3084 1494 879 
0.447677 1e+07 130396 19887 4344 3080 1474 880 
0.455531 1e+07 178999 98203 4258 3026 1474 878 
0.463385 1e+07 200852 26141 4250 3062 1448 878 
0.471239 1e+07 329692 26270 4249 2918 1436 878 
0.479093 1e+07 215950 19001 4248 2830 1436 879 
0.486947 1e+07 129657 19198 4248 2845 1459 879 
0.494801 1e+07 346271 31702 4248 2808 1487 874 
