epsilon_k[0] 0.0001
epsilon_k[1] 2.18e-05
epsilon_k[2] 7.08e-05
epsilon_k[3] 2.54e-05
epsilon_k[4] 1e-05
epsilon_k[5] 7.8e-06
epsilon_k[6] 2.18e-05
omega_x0 0.168
omega_y0 0.201
dx 0.01
n_theta 100
dtheta 0.015708
epsilon 60
max_turns 10000000
from_angle 15
to_angle 20
0.235619 1e+07 1e+07 1e+07 1e+07 1e+07 1e+07 1e+07 1e+07 1e+07 1e+07 1e+07 1e+07 1e+07 1e+07 1e+07 1e+07 1e+07 1e+07 1e+07 1e+07 1e+07 1e+07 1e+07 1e+07 1e+07 1e+07 9.23611e+06 1e+07 9.51343e+06 1e+07 8.15884e+06 2.10659e+06 4.30284e+06 3.69715e+06 5.0962e+06 1e+07 1.35754e+06 8.78245e+06 4.56336e+06 2.61351e+06 1.19951e+06 1.02135e+06 369809 9.54796e+06 1.02546e+06 879783 289669 73511 95580 220127 70708 35205 11627 99869 39480 335976 71263 57397 13406 96371 3155 11599 43813 10049 6976 3288 695 1411 2606 622 1629 1434 2332 1170 3231 438 605 322 201 258 170 163 564 57 148 150 96 41 15 726 1178 317 17 45 16 8 7 7 7 6 
0.251327 1e+07 1e+07 1e+07 1e+07 1e+07 1e+07 1e+07 1e+07 1e+07 1e+07 1e+07 1e+07 1e+07 1e+07 1e+07 1e+07 1e+07 1e+07 1e+07 1e+07 1e+07 1e+07 1e+07 1e+07 1e+07 1e+07 1e+07 1e+07 8.63646e+06 3.9489e+06 5.31111e+06 1e+07 1.42678e+06 4.07018e+06 5.1271e+06 4.42222e+06 2.20182e+06 5.32573e+06 1.04925e+06 519351 1.18112e+06 276464 352869 301066 384550 2.22425e+06 172826 105496 83016 14364 50253 28537 84836 45002 27378 8678 25817 11137 16069 28682 4494 4652 1866 2823 9198 629 993 9289 409 1168 1448 204 629 1144 1312 3721 313 4339 476 451 639 182 67 276 60 39 439 43 1065 15 103 152 21 47 86 16 9 8 7 7 
0.267035 1e+07 1e+07 1e+07 1e+07 1e+07 1e+07 1e+07 1e+07 1e+07 1e+07 1e+07 1e+07 1e+07 1e+07 1e+07 1e+07 1e+07 1e+07 1e+07 1e+07 1e+07 1e+07 1e+07 1e+07 1e+07 6.09766e+06 1e+07 1e+07 5.03872e+06 9.3238e+06 1e+07 5.32368e+06 5.93644e+06 8.09199e+06 6.05038e+06 2.54398e+06 3.43212e+06 603513 483865 1.84943e+06 1.14906e+06 248789 418704 537453 541265 166150 346959 54357 106983 36775 46744 14474 11044 29325 35432 12888 60375 23975 6555 36537 3408 23104 3919 9618 1602 3740 1107 3006 874 5918 363 117 515 2226 247 262 436 504 2490 125 637 75 1150 89 169 26 27 27 89 44 14 16 77 33 20 15 27 88 9 8 
0.282743 1e+07 1e+07 1e+07 1e+07 1e+07 1e+07 1e+07 1e+07 1e+07 1e+07 1e+07 1e+07 1e+07 1e+07 1e+07 1e+07 1e+07 1e+07 1e+07 1e+07 1e+07 1e+07 1e+07 1e+07 1e+07 8.86029e+06 1e+07 5.73827e+06 1.3804e+06 1e+07 1e+07 4.97008e+06 1e+07 1.43536e+06 1.56227e+06 3.02714e+06 3.01655e+06 1.2311e+06 833372 426830 799062 280479 1.01025e+06 339179 165260 39264 148354 41499 169156 126767 33936 18884 16716 47911 14254 14663 19287 24679 11897 4901 2152 1924 2415 9810 2604 1154 819 6772 2779 1854 4521 791 108 492 1133 1877 158 41 187 201 232 4278 111 350 40 298 51 29 35 26 37 16 14 20 40 58 177 14 60 15 
0.298451 1e+07 1e+07 1e+07 1e+07 1e+07 1e+07 1e+07 1e+07 1e+07 1e+07 1e+07 1e+07 1e+07 1e+07 1e+07 1e+07 1e+07 1e+07 1e+07 1e+07 1e+07 1e+07 1e+07 1e+07 1e+07 6.86478e+06 4.16098e+06 1e+07 3.4884e+06 7.59006e+06 9.57845e+06 5.24552e+06 1.51805e+06 5.23585e+06 3.26912e+06 1.05953e+06 2.21735e+06 802697 910607 474749 1.81151e+06 242013 472680 130727 302993 101035 98256 117633 456677 40510 208466 163546 332420 245308 10205 47845 21050 11878 13287 47212 2011 1802 1878 2059 1506 1033 1300 1258 4543 1218 1001 832 135 219 297 138 5604 677 44 30 26 97 184 78 249 147 48 146 346 125 27 269 124 13 14 121 27 37 24 14 
