epsilon_k[0] 0.0001
epsilon_k[1] 2.18e-05
epsilon_k[2] 7.08e-05
epsilon_k[3] 2.54e-05
epsilon_k[4] 1e-05
epsilon_k[5] 7.8e-06
epsilon_k[6] 2.18e-05
omega_x0 0.168
omega_y0 0.201
dx 0.01
epsilon 0
max_turns 10000000
from_y 40
to_y 48
0.4 1e+07 1e+07 1e+07 1e+07 1e+07 1e+07 1e+07 1e+07 1e+07 1e+07 1e+07 1e+07 1.485e+06 1.485e+06 143117 143117 143117 60465 32014 32014 32014 14171 14171 4144 4144 4144 4144 4144 4144 4144 4041 4041 4041 1955 1955 1955 1449 902 
0.41 1e+07 1e+07 1e+07 1e+07 1e+07 1e+07 1e+07 1e+07 1e+07 1e+07 1e+07 2.2221e+06 2.2221e+06 2.2221e+06 86905 42983 42983 29220 7315 7315 4996 3545 3545 3545 3545 3545 3545 3545 1873 1873 1873 1873 1873 1873 1873 1873 1873 1873 1873 131 
0.42 1e+07 1e+07 1e+07 1e+07 1e+07 1e+07 1e+07 1e+07 1e+07 1e+07 1e+07 836308 836308 147022 41809 15075 15075 13534 13534 13534 13534 4071 2149 2149 2149 2149 2149 2149 2149 2149 1801 895 
0.43 1e+07 1e+07 1e+07 1e+07 1e+07 1e+07 1e+07 1e+07 1e+07 1e+07 1e+07 1.90748e+06 103427 51862 9087 9087 9087 9087 9087 1678 1471 1471 1471 1471 1471 1471 1471 865 
0.44 1e+07 1e+07 1e+07 1e+07 1e+07 1e+07 1e+07 1e+07 1e+07 738792 738792 738792 36250 12219 12219 12219 12219 4581 2842 1930 1815 1815 1815 1815 1815 1815 1815 1496 1496 1496 1243 1243 1243 1243 662 
0.45 1e+07 1e+07 1e+07 1e+07 1e+07 1e+07 1e+07 586998 586998 85669 85669 85669 20151 7607 7607 3312 3312 3312 1425 1425 1425 1425 1425 1425 1425 1425 1425 1425 1425 1425 1425 472 
0.46 1e+07 1e+07 1e+07 1e+07 1e+07 5.20568e+06 5.20568e+06 1.25486e+06 158503 83338 34338 18671 18671 4218 4218 4218 3753 3753 3753 2527 2527 2527 1934 1934 1934 1934 1934 1127 1127 1110 579 
0.47 1e+07 1e+07 1e+07 4.60395e+06 3.03649e+06 1.95746e+06 435113 435113 86199 15603 15603 10206 10206 9586 3532 3532 3532 1363 1363 1363 1105 1105 1105 1105 1105 1105 1105 1008 1008 1008 1008 371 
