epsilon_k[0] 0.0001
epsilon_k[1] 2.18e-05
epsilon_k[2] 7.08e-05
epsilon_k[3] 2.54e-05
epsilon_k[4] 1e-05
epsilon_k[5] 7.8e-06
epsilon_k[6] 2.18e-05
omega_x0 0.28
omega_y0 0.31
dx 0.01
epsilon 6
max_turns 10000000
from_y 32
to_y 40
0.32 1e+07 1e+07 1e+07 1e+07 1e+07 1e+07 1e+07 1e+07 1e+07 1e+07 1e+07 1e+07 1e+07 1e+07 1e+07 1e+07 1e+07 1e+07 1e+07 88488 1495 257 
0.33 1e+07 1e+07 1e+07 1e+07 1e+07 1e+07 1e+07 1e+07 1e+07 1e+07 1e+07 1e+07 1e+07 1e+07 1e+07 1e+07 1e+07 1e+07 3.65218e+06 1733 863 
0.34 1e+07 1e+07 1e+07 1e+07 1e+07 1e+07 1e+07 1e+07 1e+07 1e+07 1e+07 1e+07 1e+07 1e+07 1e+07 1e+07 6.27617e+06 4.89726e+06 16486 1095 153 
0.35 1e+07 1e+07 1e+07 1e+07 1e+07 1e+07 1e+07 1e+07 1e+07 1e+07 1e+07 1e+07 1e+07 1e+07 1e+07 4.67052e+06 4.67052e+06 6948 92 
0.36 1e+07 1e+07 1e+07 1e+07 1e+07 1e+07 1e+07 1e+07 1e+07 1e+07 1e+07 1e+07 1e+07 1.57653e+06 1.57653e+06 507889 117230 988 
0.37 1e+07 3.08011e+06 3.08011e+06 3.08011e+06 3.08011e+06 3.08011e+06 3.08011e+06 3.08011e+06 3.08011e+06 3.08011e+06 3.08011e+06 3.08011e+06 3.08011e+06 3.08011e+06 3.08011e+06 32 
0.38 2.62087e+06 2.62087e+06 1.85086e+06 1.85086e+06 1.85086e+06 1.85086e+06 1.85086e+06 1.85086e+06 1.85086e+06 1.85086e+06 1.85086e+06 1.01483e+06 691918 59923 30 
0.39 2321 1780 1780 1780 1780 1780 1780 1780 1780 1780 1780 1780 1780 346 
