epsilon_k[0] 0.0001
epsilon_k[1] 2.18e-05
epsilon_k[2] 7.08e-05
epsilon_k[3] 2.54e-05
epsilon_k[4] 1e-05
epsilon_k[5] 7.8e-06
epsilon_k[6] 2.18e-05
omega_x0 0.168
omega_y0 0.201
dx 0.01
epsilon 1
max_turns 10000000
from_y 32
to_y 40
0.32 1e+07 1e+07 1e+07 1e+07 1e+07 1e+07 1e+07 1e+07 1e+07 1e+07 1e+07 1e+07 1e+07 1e+07 1e+07 1e+07 1e+07 1e+07 1e+07 1e+07 1e+07 1e+07 1e+07 1e+07 1e+07 924005 924005 924005 924005 924005 924005 924005 439317 77189 77189 52624 52624 35275 12523 12523 12523 12523 8131 8131 8131 8131 8131 5469 3214 3214 2014 2014 985 
0.33 1e+07 1e+07 1e+07 1e+07 1e+07 1e+07 1e+07 1e+07 1e+07 1e+07 1e+07 1e+07 1e+07 1e+07 1e+07 1e+07 1e+07 1e+07 1e+07 1e+07 1e+07 1e+07 1e+07 1e+07 1e+07 1.04568e+06 1.04568e+06 1.04568e+06 1.04568e+06 1.04568e+06 1.04568e+06 1.04568e+06 1.04568e+06 616068 10832 10832 10832 10832 10832 4466 4466 4466 4466 4466 4466 4466 4252 2959 2959 1978 503 
0.34 1e+07 1e+07 1e+07 1e+07 1e+07 1e+07 1e+07 1e+07 1e+07 1e+07 1e+07 1e+07 1e+07 1e+07 1e+07 1e+07 1e+07 1e+07 1e+07 1e+07 1e+07 1e+07 1e+07 1e+07 1e+07 1.39647e+06 1.12952e+06 1.12952e+06 1.12952e+06 1.12952e+06 553008 169564 72764 49382 12091 12091 4740 4740 4740 3295 3295 3295 1954 1954 1954 1954 538 
0.35 1e+07 1e+07 1e+07 1e+07 1e+07 1e+07 1e+07 1e+07 1e+07 1e+07 1e+07 1e+07 1e+07 1e+07 1e+07 1e+07 1e+07 1e+07 1e+07 1e+07 1e+07 1e+07 1e+07 1e+07 4.59085e+06 2.05647e+06 2.05647e+06 2.05647e+06 667329 667329 667329 163504 32853 32853 16224 7377 7377 7377 3882 3882 3882 1779 338 
0.36 1e+07 1e+07 1e+07 1e+07 1e+07 1e+07 1e+07 1e+07 1e+07 1e+07 1e+07 1e+07 1e+07 1e+07 1e+07 1e+07 1e+07 1e+07 1e+07 1e+07 1e+07 2.82708e+06 2.82708e+06 2.82708e+06 544237 544237 155676 155676 155676 155676 133341 133341 39884 36834 4994 4994 4994 4994 4207 4207 4207 1700 1700 1700 1700 1700 1049 446 
0.37 1e+07 1e+07 1e+07 1e+07 1e+07 1e+07 1e+07 1e+07 1e+07 1e+07 1e+07 1e+07 1e+07 1e+07 1e+07 1e+07 1e+07 1e+07 1e+07 1e+07 9.73534e+06 158357 158357 158357 62834 20265 20265 20265 20265 20265 20265 19712 19712 19712 19712 6427 6427 6088 3979 3979 1788 1788 326 
0.38 1e+07 1e+07 1e+07 1e+07 1e+07 1e+07 1e+07 1e+07 1e+07 1e+07 1e+07 3.07779e+06 3.07779e+06 3.07779e+06 3.07779e+06 3.07779e+06 3.07779e+06 1.48372e+06 1.48372e+06 1.48372e+06 1.48372e+06 39324 39324 39324 39324 39324 39324 39324 26504 20612 11693 11693 11693 2940 2940 2940 2940 1095 1095 465 
0.39 1e+07 1e+07 1e+07 1e+07 1e+07 1e+07 1e+07 1e+07 1e+07 7.44439e+06 4.68597e+06 4.68597e+06 1.20415e+06 1.20415e+06 1.20415e+06 1.20415e+06 1.07896e+06 1.07896e+06 1.07896e+06 376690 6992 6992 4634 4634 4634 4634 4634 4634 4634 4634 4634 4634 4634 4634 910 
