epsilon_k[0] 0.1
epsilon_k[0] 2.18e-05
epsilon_k[0] 7.08e-05
epsilon_k[0] 2.54e-05
epsilon_k[0] 1e-05
epsilon_k[0] 7.8e-06
epsilon_k[0] 0.218
omega_x0 0.31
omega_y0 0.32
dx 0.01
n_theta 100
dtheta 0.00785398
epsilon 1
max_turns 10000000
from_angle 48
to_angle 56
0.376991 1e+07 1e+07 1e+07 2953 1312 898 
0.384845 1e+07 1e+07 1e+07 2972 1313 898 
0.392699 1e+07 1e+07 1e+07 2975 1318 898 
0.400553 1e+07 1e+07 1e+07 2985 1399 897 
0.408407 1e+07 1e+07 1e+07 3045 1619 897 
0.416261 1e+07 1e+07 1e+07 3054 1250 897 
0.424115 1e+07 1e+07 1e+07 3056 1239 897 
0.431969 1e+07 1e+07 1e+07 3054 1233 897 
