epsilon_k[0] 0.0001
epsilon_k[1] 2.18e-05
epsilon_k[2] 7.08e-05
epsilon_k[3] 2.54e-05
epsilon_k[4] 1e-05
epsilon_k[5] 7.8e-06
epsilon_k[6] 2.18e-05
omega_x0 0.168
omega_y0 0.201
dx 0.01
n_theta 100
dtheta 0.015708
epsilon 16
max_turns 10000000
from_angle 95
to_angle 101
1.49226 1e+07 1e+07 1e+07 1e+07 1e+07 1e+07 1e+07 1e+07 1e+07 1e+07 1e+07 1e+07 1e+07 1e+07 1e+07 1e+07 1e+07 1e+07 1e+07 1e+07 1e+07 1e+07 1e+07 1e+07 1e+07 1e+07 1e+07 1e+07 1e+07 1e+07 1e+07 1e+07 1e+07 1e+07 1e+07 1e+07 1e+07 1e+07 1e+07 1e+07 1e+07 1e+07 1e+07 1e+07 9.31978e+06 2.94821e+06 1.25886e+06 269907 1.30758e+06 575489 541818 61271 277822 4410 536 2886 1869 5157 657 225 212 378 308 78 158 112 70 189 140 44 486 46 63 78 44 37 29 38 22 34 27 16 25 22 12 11 10 10 10 10 9 9 9 9 9 9 9 9 8 8 
1.50796 1e+07 1e+07 1e+07 1e+07 1e+07 1e+07 1e+07 1e+07 1e+07 1e+07 1e+07 1e+07 1e+07 1e+07 1e+07 1e+07 1e+07 1e+07 1e+07 1e+07 1e+07 1e+07 1e+07 1e+07 1e+07 1e+07 1e+07 1e+07 1e+07 1e+07 1e+07 1e+07 1e+07 1e+07 1e+07 1e+07 1e+07 1e+07 1e+07 1e+07 1e+07 1e+07 1e+07 8.52429e+06 4.20044e+06 1e+07 3.74733e+06 385736 486929 241080 212639 49645 28844 10604 28276 5352 3280 1183 1257 580 1355 433 520 146 282 419 1646 151 378 103 114 66 108 122 21 85 48 60 58 20 16 22 20 13 11 11 10 10 10 10 9 9 9 9 9 9 9 9 9 9 
1.52367 1e+07 1e+07 1e+07 1e+07 1e+07 1e+07 1e+07 1e+07 1e+07 1e+07 1e+07 1e+07 1e+07 1e+07 1e+07 1e+07 1e+07 1e+07 1e+07 1e+07 1e+07 1e+07 1e+07 1e+07 1e+07 1e+07 1e+07 1e+07 1e+07 1e+07 1e+07 1e+07 1e+07 1e+07 1e+07 1e+07 1e+07 1e+07 1e+07 1e+07 1e+07 1e+07 1e+07 1e+07 7.90322e+06 1e+07 1e+07 1.35937e+06 355306 7.01857e+06 200520 67763 39020 13685 7761 1216 51312 4144 1286 234 200 472 407 130 101 111 119 105 109 72 210 82 34 21 36 28 22 56 55 93 17 41 169 20 14 12 11 11 10 10 10 10 10 10 10 10 10 10 10 11 
1.53938 1e+07 1e+07 1e+07 1e+07 1e+07 1e+07 1e+07 1e+07 1e+07 1e+07 1e+07 1e+07 1e+07 1e+07 1e+07 1e+07 1e+07 1e+07 1e+07 1e+07 1e+07 1e+07 1e+07 1e+07 1e+07 1e+07 1e+07 1e+07 1e+07 1e+07 1e+07 1e+07 1e+07 1e+07 1e+07 1e+07 1e+07 1e+07 1e+07 1e+07 1e+07 1e+07 1e+07 1e+07 1e+07 6.8313e+06 1e+07 1.06441e+06 1.9938e+06 302756 262078 57478 101996 38644 16416 4135 8494 3433 700 1010 694 1842 695 511 107 251 171 538 98 168 49 75 77 21 139 116 31 55 67 41 55 70 94 56 22 27 22 20 21 19 18 23 18 17 14 18 13 12 11 11 
1.55509 1e+07 1e+07 1e+07 1e+07 1e+07 1e+07 1e+07 1e+07 1e+07 1e+07 1e+07 1e+07 1e+07 1e+07 1e+07 1e+07 1e+07 1e+07 1e+07 1e+07 1e+07 1e+07 1e+07 1e+07 1e+07 1e+07 1e+07 1e+07 1e+07 1e+07 1e+07 1e+07 1e+07 1e+07 1e+07 1e+07 1e+07 1e+07 1e+07 1e+07 1e+07 1e+07 1e+07 1e+07 1e+07 1e+07 1.58513e+06 8.58216e+06 9.22844e+06 2.89582e+06 578627 200801 117227 112387 41961 2739 8869 12798 1960 1901 1571 517 2212 556 268 166 85 834 78 126 219 56 20 29 37 397 293 45 34 20 25 31 21 19 17 17 19 15 13 13 12 12 12 12 12 15 15 22 18 31 
1.5708 1e+07 1e+07 1e+07 1e+07 1e+07 1e+07 1e+07 1e+07 1e+07 1e+07 1e+07 1e+07 1e+07 1e+07 1e+07 1e+07 1e+07 1e+07 1e+07 1e+07 1e+07 1e+07 1e+07 1e+07 1e+07 1e+07 1e+07 1e+07 1e+07 1e+07 1e+07 1e+07 1e+07 1e+07 1e+07 1e+07 1e+07 1e+07 1e+07 1e+07 1e+07 1e+07 1e+07 1e+07 1e+07 1e+07 1e+07 1e+07 2.16338e+06 936808 196499 271712 502231 90793 116108 68723 38700 3125 1301 3543 9976 5862 942 426 235 574 128 74 161 183 62 54 21 34 76 27 36 63 17 15 14 14 13 13 13 13 13 13 13 39 41 16 25 21 472 19 20 12 11 11 
1.5865 1e+07 1e+07 1e+07 1e+07 1e+07 1e+07 1e+07 1e+07 1e+07 1e+07 1e+07 1e+07 1e+07 1e+07 1e+07 1e+07 1e+07 1e+07 1e+07 1e+07 1e+07 1e+07 1e+07 1e+07 1e+07 1e+07 1e+07 1e+07 1e+07 1e+07 1e+07 1e+07 1e+07 1e+07 1e+07 1e+07 1e+07 1e+07 1e+07 1e+07 1e+07 1e+07 1e+07 1e+07 1e+07 1e+07 1e+07 5.33871e+06 1.79595e+06 1.30776e+06 514013 330234 647911 221000 46082 13709 118263 3639 1176 841 4631 7110 1331 257 401 433 99 62 87 129 182 56 20 106 31 24 231 21 16 15 15 15 15 54 40 19 18 31 17 39 29 24 18 13 12 12 12 13 28 21 
