epsilon_k[0]0.1
epsilon_k[0]2.18e-05
epsilon_k[0]7.08e-05
epsilon_k[0]2.54e-05
epsilon_k[0]1e-05
epsilon_k[0]7.8e-06
epsilon_k[0]0.218
omega_x01.75929
omega_y01.94779
dx 0.01
n_theta 100
dtheta 0.00785398
epsilon 10
max_turns 10000000
from_angle 0
to_angle 8
0 1e+07 46072 27892 4498 1397 318 
0.00785398 1e+07 55005 27926 4507 1327 318 
0.015708 1e+07 45801 35561 4525 1319 318 
0.0235619 1e+07 45217 34767 4654 1327 318 
0.0314159 1e+07 42634 38176 4569 1373 319 
0.0392699 1e+07 32978 32978 4518 1628 328 
0.0471239 1e+07 31228 30691 5252 1431 339 
0.0549779 1e+07 30434 29025 4863 1438 332 
0.0628319 1e+07 29063 29063 4861 1418 329 
