epsilon_k[0] 0.1
epsilon_k[0] 2.18e-05
epsilon_k[0] 7.08e-05
epsilon_k[0] 2.54e-05
epsilon_k[0] 1e-05
epsilon_k[0] 7.8e-06
epsilon_k[0] 0.218
omega_x0 0.28
omega_y0 0.31
dx 0.01
n_theta 100
dtheta 0.00785398
epsilon 1
max_turns 10000000
from_angle 48
to_angle 56
0.376991 1e+07 1e+07 3989 2179 1322 596 
0.384845 1e+07 1e+07 3980 2179 1319 585 
0.392699 1e+07 1e+07 3926 2178 1317 580 
0.400553 1e+07 1e+07 3920 2178 1316 577 
0.408407 1e+07 1e+07 3917 2177 1315 570 
0.416261 1e+07 1e+07 3915 2175 1314 569 
0.424115 1e+07 1e+07 3912 2174 1313 536 
0.431969 1e+07 1e+07 3909 2174 1312 530 
