epsilon_k[0] 0.0001
epsilon_k[1] 2.18e-05
epsilon_k[2] 7.08e-05
epsilon_k[3] 2.54e-05
epsilon_k[4] 1e-05
epsilon_k[5] 7.8e-06
epsilon_k[6] 2.18e-05
omega_x0 0.168
omega_y0 0.201
dx 0.01
n_theta 100
dtheta 0.015708
epsilon 6
max_turns 10000000
from_angle 30
to_angle 35
0.471239 1e+07 1e+07 1e+07 1e+07 1e+07 1e+07 1e+07 1e+07 1e+07 1e+07 1e+07 1e+07 1e+07 1e+07 1e+07 1e+07 1e+07 1e+07 1e+07 1e+07 1e+07 1e+07 1e+07 1e+07 1e+07 1e+07 1e+07 1e+07 1e+07 1e+07 1e+07 1e+07 1e+07 1e+07 1e+07 1e+07 1e+07 1e+07 1e+07 1e+07 1e+07 1e+07 1e+07 1e+07 1e+07 1e+07 1e+07 4.72439e+06 1e+07 1.41277e+06 3.38375e+06 967635 36620 101781 40760 9646 13443 170477 5254 1727 40998 580 2172 4354 210 316 141 92 201 32 52 193 51 57 143 56 118 138 70 86 75 57 34 54 271 51 112 200 61 41 23 15 14 14 14 17 27 14 13 11 
0.486947 1e+07 1e+07 1e+07 1e+07 1e+07 1e+07 1e+07 1e+07 1e+07 1e+07 1e+07 1e+07 1e+07 1e+07 1e+07 1e+07 1e+07 1e+07 1e+07 1e+07 1e+07 1e+07 1e+07 1e+07 1e+07 1e+07 1e+07 1e+07 1e+07 1e+07 1e+07 1e+07 1e+07 1e+07 1e+07 1e+07 1e+07 1e+07 1e+07 1e+07 1e+07 1e+07 1e+07 1e+07 1e+07 6.4732e+06 1e+07 1.31573e+06 1e+07 989530 489679 180801 139626 75372 6817 11492 5675 2004 2815 2733 1165 1454 2631 659 1180 1063 275 397 62 39 31 31 161 31 32 147 164 150 99 261 74 125 60 44 160 89 67 79 29 107 23 128 54 21 21 20 18 20 16 18 
0.502655 1e+07 1e+07 1e+07 1e+07 1e+07 1e+07 1e+07 1e+07 1e+07 1e+07 1e+07 1e+07 1e+07 1e+07 1e+07 1e+07 1e+07 1e+07 1e+07 1e+07 1e+07 1e+07 1e+07 1e+07 1e+07 1e+07 1e+07 1e+07 1e+07 1e+07 1e+07 1e+07 1e+07 1e+07 1e+07 1e+07 1e+07 1e+07 1e+07 1e+07 1e+07 1e+07 1e+07 1e+07 1e+07 1e+07 1e+07 9.96526e+06 2.97136e+06 1e+07 855502 237969 183012 61126 11722 9203 3797 3794 1035 588 618 2449 4354 302 1260 503 14702 1252 121 126 240 60 99 147 51 72 140 65 39 72 451 100 113 320 359 39 49 79 16 15 15 15 16 26 23 21 19 21 21 15 
0.518363 1e+07 1e+07 1e+07 1e+07 1e+07 1e+07 1e+07 1e+07 1e+07 1e+07 1e+07 1e+07 1e+07 1e+07 1e+07 1e+07 1e+07 1e+07 1e+07 1e+07 1e+07 1e+07 1e+07 1e+07 1e+07 1e+07 1e+07 1e+07 1e+07 1e+07 1e+07 1e+07 1e+07 1e+07 1e+07 1e+07 1e+07 1e+07 1e+07 1e+07 1e+07 1e+07 1e+07 1e+07 1e+07 1e+07 1e+07 1e+07 1e+07 1e+07 458784 662191 320694 30781 24005 18171 6588 6884 5012 2242 1111 414 7592 535 442 196 152 546 386 356 252 178 319 99 57 257 43 70 42 200 119 131 157 38 57 52 25 47 18 39 22 19 37 24 24 11 10 10 9 9 
0.534071 1e+07 1e+07 1e+07 1e+07 1e+07 1e+07 1e+07 1e+07 1e+07 1e+07 1e+07 1e+07 1e+07 1e+07 1e+07 1e+07 1e+07 1e+07 1e+07 1e+07 1e+07 1e+07 1e+07 1e+07 1e+07 1e+07 1e+07 1e+07 1e+07 1e+07 1e+07 1e+07 1e+07 1e+07 1e+07 1e+07 1e+07 1e+07 1e+07 1e+07 1e+07 1e+07 1e+07 1e+07 1e+07 1e+07 1e+07 1e+07 1e+07 6.61774e+06 692783 1e+07 405317 72396 36484 15208 15813 2397 2768 219582 1111 6175 3282 694 779 484 378 460 849 153 172 49 462 125 485 57 78 422 193 113 152 238 52 102 36 34 23 52 40 19 18 23 11 10 9 9 9 8 8 8 
