epsilon_k[0] 0.0001
epsilon_k[1] 2.18e-05
epsilon_k[2] 7.08e-05
epsilon_k[3] 2.54e-05
epsilon_k[4] 1e-05
epsilon_k[5] 7.8e-06
epsilon_k[6] 2.18e-05
omega_x0 0.28
omega_y0 0.31
dx 0.01
epsilon 14
max_turns 10000000
from_y 40
to_y 48
0.4 19 23 391 321 97 1770 13908 11280 6036 1512 846 715 714 27 24 23 23 22 22 22 23 23 26 38 34 42 92 68 41 29 26 17 14 13 12 11 11 10 10 10 10 10 9 9 9 8 8 8 8 7 7 7 7 7 7 7 7 6 6 6 6 6 6 6 6 6 6 6 6 6 6 6 6 6 5 5 5 5 5 5 
0.41 16 17 19 25 49 62 426 325 151 293 43 186 239 26 24 23 22 22 21 21 22 22 24 29 34 37 102 59 40 28 26 16 14 12 12 11 11 10 10 10 10 9 9 9 9 8 8 8 8 7 7 7 7 7 7 7 6 6 6 6 6 6 6 6 6 6 6 6 6 6 6 6 5 5 5 5 5 5 5 5 
0.42 15 15 16 17 19 898 118 35 37 51 59 39 53 26 23 22 21 21 21 21 21 21 22 25 34 35 90 57 40 28 27 15 13 12 11 11 10 10 10 10 10 9 9 9 8 8 8 8 8 7 7 7 7 7 7 7 6 6 6 6 6 6 6 6 6 6 6 6 6 6 6 5 5 5 5 5 5 5 5 5 
0.43 14 14 15 15 16 18 21 46 33 32 47 43 40 28 24 22 21 21 20 20 20 21 21 23 36 34 75 56 40 28 25 15 13 12 11 11 10 10 10 10 9 9 9 9 8 8 8 8 7 7 7 7 7 7 7 6 6 6 6 6 6 6 6 6 6 6 6 6 6 6 5 5 5 5 5 5 5 5 5 5 
0.44 13 13 14 14 15 15 17 19 860 33 30 47 38 69 24 22 21 20 20 20 20 20 21 22 25 33 61 56 40 27 20 15 13 12 11 11 10 10 10 10 9 9 9 9 8 8 8 8 7 7 7 7 7 7 7 6 6 6 6 6 6 6 6 6 6 6 6 6 6 5 5 5 5 5 5 5 5 5 5 5 
0.45 12 12 13 13 14 14 15 16 17 22 35 29 51 36 26 22 21 20 20 20 20 20 20 21 23 33 48 56 40 27 19 14 13 12 11 10 10 10 10 10 9 9 9 8 8 8 8 8 7 7 7 7 7 7 6 6 6 6 6 6 6 6 6 6 6 6 6 6 5 5 5 5 5 5 5 5 5 5 5 5 
0.46 12 12 12 12 13 13 14 14 15 17 19 45 28 45 40 23 21 20 20 19 19 19 20 20 22 27 37 57 40 28 19 14 13 11 11 10 10 10 10 9 9 9 9 8 8 8 8 7 7 7 7 7 7 7 6 6 6 6 6 6 6 6 6 6 6 6 6 6 5 5 5 5 5 5 5 5 5 5 5 5 
0.47 11 11 12 12 12 12 13 13 14 15 16 18 46 28 43 28 22 20 19 19 19 19 19 20 21 23 34 77 40 28 19 14 13 11 11 10 10 10 10 9 9 9 9 8 8 8 8 7 7 7 7 7 7 6 6 6 6 6 6 6 6 6 6 6 6 6 6 5 5 5 5 5 5 5 5 5 5 5 5 5 
