epsilon_k[0] 0.0001
epsilon_k[1] 2.18e-05
epsilon_k[2] 7.08e-05
epsilon_k[3] 2.54e-05
epsilon_k[4] 1e-05
epsilon_k[5] 7.8e-06
epsilon_k[6] 2.18e-05
omega_x0 0.168
omega_y0 0.201
dx 0.01
epsilon 4
max_turns 10000000
from_y 48
to_y 56
0.48 1e+07 9.59171e+06 1.98384e+06 906672 3.23812e+06 299412 199643 524207 12611 15588 18245 4289 18915 9242 9313 683 1958 5577 2375 2935 4709 430 2909 3513 216 360 1285 337 454 667 1409 804 199 470 482 82 88 130 76 205 64 19 30 505 312 25 19 41 21 82 14 14 15 26 94 47 115 67 134 22 31 77 26 55 46 36 29 22 67 33 30 58 37 19 26 30 25 29 10 9 
0.49 3.19306e+06 3.71717e+06 1.57005e+06 261310 143044 101628 18702 25597 103528 47680 20717 10883 13741 2442 2746 1259 477 659 481 2518 4596 997 583 7785 3116 289 301 234 426 206 687 635 4363 191 236 372 92 210 56 104 25 87 18 202 58 48 19 51 16 12 12 12 12 12 12 14 31 19 55 59 67 68 30 217 81 111 53 40 23 23 22 21 77 38 28 42 16 12 10 9 
0.5 936058 867823 1.2143e+06 9.88531e+06 247194 505089 83079 45204 1261 2422 2719 1801 2585 1102 596 11723 1030 5494 2585 6790 1772 263 457 729 541 109 112 624 410 591 100 241 176 69 150 525 53 102 95 55 33 98 64 18 145 62 18 62 13 12 11 11 11 11 11 11 12 14 5550 53 54 34 24 61 34 48 41 100 80 16 17 20 42 35 25 28 18 12 9 9 
0.51 1.7871e+06 267973 115632 80210 19753 37272 2210 19027 11658 3289 16551 1347 1409 2180 914 839 1678 221 9172 2697 318 388 431 214 470 249 58 380 298 105 137 1136 436 744 389 44 136 129 135 164 81 34 63 49 18 32 22 33 16 12 11 11 11 11 11 11 11 11 12 104 47 44 30 17 33 15 82 115 24 16 16 17 27 54 47 20 33 15 9 9 
0.52 307204 440137 73661 37971 12143 19632 4105 3061 7963 6688 3363 572 2421 277 6540 1639 704 6928 744 711 964 2612 210 516 407 259 91 329 81 68 68 791 141 227 46 85 391 125 48 95 98 51 92 37 25 17 82 24 78 12 11 11 11 10 10 10 10 10 11 11 13 104 32 26 16 31 14 38 35 85 15 16 25 26 36 17 20 24 9 9 
0.53 1.12216e+06 21335 22240 5080 1140 3226 338589 2152 6488 2156 1418 30763 454 540 1161 32836 1038 2371 2285 962 360 90 131 129 191 197 227 109 175 246 73 179 660 285 63 75 59 58 67 54 41 75 65 91 125 49 17 112 29 25 12 11 10 10 10 10 10 10 10 10 11 12 18 20 31 16 14 14 26 51 16 16 16 19 24 25 256 22 10 9 
0.54 43163 41772 1973 688 1058 1876 2179 2681 1811 4549 399 475 255 503 542 2047 538 408 466 163 175 154 542 71 123 43 103 100 53 85 662 70 26 31 51 19 18 17 17 17 17 56 233 104 135 68 23 20 36 29 28 11 11 10 10 10 10 10 10 10 10 10 11 15 16 33 15 13 13 28 29 15 24 15 17 29 19 28 10 9 
0.55 30493 10644 2305 4683 610 281 1605 3766 113405 1782 362 769 1132 2297 338 354 185 381 203 120 1102 313 226 38 76 336 50 131 744 60 27 26 26 63 49 25 30 156 45 48 27 35 17 16 16 22 28 24 23 17 75 17 11 10 10 10 10 10 10 10 10 10 10 10 12 25 15 15 13 13 20 29 16 26 16 19 24 15 17 9 
