epsilon_k[0] 0.0001
epsilon_k[1] 2.18e-05
epsilon_k[2] 7.08e-05
epsilon_k[3] 2.54e-05
epsilon_k[4] 1e-05
epsilon_k[5] 7.8e-06
epsilon_k[6] 2.18e-05
omega_x0 0.168
omega_y0 0.201
dx 0.01
epsilon 0
max_turns 10000000
from_y 48
to_y 56
0.48 1e+07 1e+07 2.81572e+06 2.37985e+06 759514 470184 140104 59001 11057 11057 8364 8364 2729 2729 2729 484 
0.49 1e+07 3.10552e+06 3.10552e+06 335512 335512 273620 273620 12615 12615 12615 6103 6103 4512 4512 4512 4512 910 
0.5 1.343e+06 478131 466424 466424 466424 154759 20566 20566 1686 1686 1686 1686 1686 1686 1686 1686 767 
0.51 825468 308301 274323 43465 43465 6796 6796 6796 1376 1376 1376 1220 700 
0.52 1.76442e+06 77241 32651 32651 32651 6114 3257 3257 2090 2090 657 
0.53 41556 41556 41556 41556 30358 1416 1416 1416 1416 747 
0.54 16913 16913 16913 4401 4325 1169 1169 1169 1169 1169 977 
0.55 9619 3346 739 
