epsilon_k[0] 0.1
epsilon_k[0] 2.18e-05
epsilon_k[0] 7.08e-05
epsilon_k[0] 2.54e-05
epsilon_k[0] 1e-05
epsilon_k[0] 7.8e-06
epsilon_k[0] 0.218
omega_x0 0.168
omega_y0 0.201
dx 0.01
n_theta 100
dtheta 0.00785398
epsilon 1
max_turns 10000000
from_angle 88
to_angle 96
0.69115 1e+07 1e+07 1e+07 1e+07 1e+07 1e+07 1e+07 1e+07 1e+07 1e+07 1e+07 1e+07 1e+07 1e+07 8.82532e+06 7.70203e+06 2.75298e+06 2.46295e+06 359016 359016 80982 40056 26118 23378 9078 9078 9078 9078 9078 9078 9078 9078 4372 3878 3878 3878 3878 3878 2566 1919 1919 1919 1422 1422 878 
0.699004 1e+07 1e+07 1e+07 1e+07 1e+07 1e+07 1e+07 1e+07 1e+07 1e+07 1e+07 1e+07 1e+07 1e+07 1e+07 4.99607e+06 317259 317259 317259 154566 105226 54076 40991 20942 20942 20452 15878 15878 13914 4482 4482 4482 4482 4482 4482 4482 2769 2769 2769 2769 2769 2710 2708 1096 546 
0.706858 1e+07 1e+07 1e+07 1e+07 1e+07 1e+07 1e+07 1e+07 1e+07 1e+07 1e+07 1e+07 1e+07 1e+07 1e+07 6.83575e+06 2.0645e+06 2.0645e+06 1.0401e+06 62980 62980 34260 28105 28105 8726 8726 8201 8201 8201 8201 8201 4023 4023 4023 4023 2065 2065 1418 1418 1418 1418 1418 1274 554 
0.714712 1e+07 1e+07 1e+07 1e+07 1e+07 1e+07 1e+07 1e+07 1e+07 1e+07 1e+07 1e+07 1e+07 1e+07 1e+07 6.35845e+06 205131 167550 167550 167550 45611 45611 16457 16457 10825 10825 10825 10825 10825 10825 10825 9089 9089 6327 6327 3074 2753 2682 1201 1201 1201 1201 1201 874 
0.722566 1e+07 1e+07 1e+07 1e+07 1e+07 1e+07 1e+07 1e+07 1e+07 1e+07 1e+07 1e+07 1e+07 1e+07 1e+07 1.60426e+06 1.60426e+06 1.60426e+06 303955 101187 71658 71658 54153 25435 14870 14870 5432 5432 5432 5432 5432 3867 2637 2637 2637 2637 2065 1817 1817 1199 1199 1199 1199 1199 1040 1040 476 
0.73042 1e+07 1e+07 1e+07 1e+07 1e+07 1e+07 1e+07 1e+07 1e+07 1e+07 1e+07 1e+07 1e+07 1e+07 1e+07 1e+07 1.60697e+06 185955 185955 69049 69049 69049 69049 27075 12194 9094 9094 9094 9094 9094 9094 4422 4422 2922 2922 2922 1917 1917 1917 1848 1848 1848 1745 1405 546 
0.738274 1e+07 1e+07 1e+07 1e+07 1e+07 1e+07 1e+07 1e+07 1e+07 1e+07 1e+07 1e+07 1e+07 1e+07 1e+07 1e+07 5.08631e+06 1.57776e+06 41275 41275 41275 41275 41275 41275 12351 9508 8993 7938 7938 7938 4589 4589 4589 4510 4510 2609 2609 2064 1849 1849 907 
0.746128 1e+07 1e+07 1e+07 1e+07 1e+07 1e+07 1e+07 1e+07 1e+07 1e+07 1e+07 1e+07 1e+07 1e+07 1e+07 1e+07 1e+07 532240 351123 105055 105055 94618 12206 12206 12206 9312 9312 9312 9312 8690 8690 7278 5546 5546 5473 3078 2936 2936 2936 1116 1116 1116 958 
0.753982 1e+07 1e+07 1e+07 1e+07 1e+07 1e+07 1e+07 1e+07 1e+07 1e+07 1e+07 1e+07 1e+07 1e+07 1e+07 1e+07 3.3494e+06 3.18343e+06 138288 138288 93288 93288 83240 60227 8948 8625 8625 8625 8625 8625 8625 8625 6082 6082 6082 3512 2710 1427 1427 1427 1199 1199 1199 1199 1199 412 
