epsilon_k[0] 0.0001
epsilon_k[1] 2.18e-05
epsilon_k[2] 7.08e-05
epsilon_k[3] 2.54e-05
epsilon_k[4] 1e-05
epsilon_k[5] 7.8e-06
epsilon_k[6] 2.18e-05
omega_x0 0.168
omega_y0 0.201
dx 0.01
n_theta 100
dtheta 0.015708
epsilon 18
max_turns 10000000
from_angle 90
to_angle 95
1.41372 1e+07 1e+07 1e+07 1e+07 1e+07 1e+07 1e+07 1e+07 1e+07 1e+07 1e+07 1e+07 1e+07 1e+07 1e+07 1e+07 1e+07 1e+07 1e+07 1e+07 1e+07 1e+07 1e+07 1e+07 1e+07 1e+07 1e+07 1e+07 1e+07 1e+07 1e+07 1e+07 1e+07 1e+07 1e+07 1e+07 1e+07 1e+07 1e+07 1e+07 1e+07 7.63356e+06 3.08697e+06 3.81778e+06 1.65763e+06 438424 209262 1.14643e+06 518258 19990 27289 11073 1810 535 667 1726 1307 497 328 268 214 290 105 539 658 75 115 43 63 115 61 23 56 58 68 42 18 25 15 15 20 50 16 14 19 71 25 12 11 10 10 10 10 10 10 10 10 10 10 11 
1.42942 1e+07 1e+07 1e+07 1e+07 1e+07 1e+07 1e+07 1e+07 1e+07 1e+07 1e+07 1e+07 1e+07 1e+07 1e+07 1e+07 1e+07 1e+07 1e+07 1e+07 1e+07 1e+07 1e+07 1e+07 1e+07 1e+07 1e+07 1e+07 1e+07 1e+07 1e+07 1e+07 1e+07 1e+07 1e+07 1e+07 1e+07 1e+07 1e+07 1e+07 1e+07 5.76562e+06 4.28963e+06 1.80969e+06 922903 225527 1.53801e+06 64150 3.39372e+06 10623 8387 6782 8498 741 1918 1835 1998 370 7197 692 292 73 55 161 187 68 200 306 287 114 43 61 418 25 20 30 21 14 14 14 14 14 18 25 18 15 15 22 19 13 13 13 15 13 12 11 10 10 10 10 
1.44513 1e+07 1e+07 1e+07 1e+07 1e+07 1e+07 1e+07 1e+07 1e+07 1e+07 1e+07 1e+07 1e+07 1e+07 1e+07 1e+07 1e+07 1e+07 1e+07 1e+07 1e+07 1e+07 1e+07 1e+07 1e+07 1e+07 1e+07 1e+07 1e+07 1e+07 1e+07 1e+07 1e+07 1e+07 1e+07 1e+07 1e+07 1e+07 1e+07 1e+07 1e+07 1e+07 7.35593e+06 3.4113e+06 2.3795e+06 2.02281e+06 444314 56811 66097 71911 30661 122435 2041 2140 1144 1401 1087 1538 612 2958 1610 628 394 137 142 112 186 222 166 157 32 77 58 58 56 31 79 90 36 20 38 16 14 13 13 12 12 12 12 12 12 12 11 11 11 11 11 11 11 11 
1.46084 1e+07 1e+07 1e+07 1e+07 1e+07 1e+07 1e+07 1e+07 1e+07 1e+07 1e+07 1e+07 1e+07 1e+07 1e+07 1e+07 1e+07 1e+07 1e+07 1e+07 1e+07 1e+07 1e+07 1e+07 1e+07 1e+07 1e+07 1e+07 1e+07 1e+07 1e+07 1e+07 1e+07 1e+07 1e+07 1e+07 1e+07 1e+07 1e+07 1e+07 1e+07 1e+07 1e+07 6.504e+06 4.67359e+06 4.0733e+06 788225 1.49901e+06 214246 156066 27784 42061 9710 26419 4981 711 1180 479 588 2711 209 278 253 220 154 132 236 119 53 78 78 80 75 281 26 26 36 27 22 21 26 18 23 329 17 19 19 14 13 13 14 16 20 16 13 11 10 10 10 9 
1.47655 1e+07 1e+07 1e+07 1e+07 1e+07 1e+07 1e+07 1e+07 1e+07 1e+07 1e+07 1e+07 1e+07 1e+07 1e+07 1e+07 1e+07 1e+07 1e+07 1e+07 1e+07 1e+07 1e+07 1e+07 1e+07 1e+07 1e+07 1e+07 1e+07 1e+07 1e+07 1e+07 1e+07 1e+07 1e+07 1e+07 1e+07 1e+07 1e+07 1e+07 1e+07 1e+07 1e+07 1e+07 6.73174e+06 6.37822e+06 1.32208e+06 399479 675013 140636 203777 94689 33477 30396 1859 1266 970 858 677 1178 258 253 188 209 159 219 1538 125 261 382 177 34 621 159 110 73 49 42 25 46 32 15 15 17 16 19 17 11 11 10 10 10 9 9 9 9 9 9 9 9 
1.49226 1e+07 1e+07 1e+07 1e+07 1e+07 1e+07 1e+07 1e+07 1e+07 1e+07 1e+07 1e+07 1e+07 1e+07 1e+07 1e+07 1e+07 1e+07 1e+07 1e+07 1e+07 1e+07 1e+07 1e+07 1e+07 1e+07 1e+07 1e+07 1e+07 1e+07 1e+07 1e+07 1e+07 1e+07 1e+07 1e+07 1e+07 1e+07 1e+07 1e+07 1e+07 1e+07 1e+07 1e+07 1e+07 7.29539e+06 1.80398e+06 199600 394577 187061 204733 150814 41985 5383 3413 3365 1635 995 11602 11688 749 347 241 276 89 315 74 147 220 46 122 84 79 119 42 27 36 57 36 77 28 16 23 39 12 11 10 10 10 10 9 9 9 9 9 9 9 9 8 8 
