epsilon_k[0] 0.0001
epsilon_k[1] 2.18e-05
epsilon_k[2] 7.08e-05
epsilon_k[3] 2.54e-05
epsilon_k[4] 1e-05
epsilon_k[5] 7.8e-06
epsilon_k[6] 2.18e-05
omega_x0 0.168
omega_y0 0.201
dx 0.01
n_theta 100
dtheta 0.015708
epsilon 48
max_turns 10000000
from_angle 20
to_angle 30
0.314159 1e+07 1e+07 1e+07 1e+07 1e+07 1e+07 1e+07 1e+07 1e+07 1e+07 1e+07 1e+07 1e+07 1e+07 1e+07 1e+07 1e+07 1e+07 1e+07 1e+07 1e+07 1e+07 1e+07 1e+07 1e+07 1e+07 1e+07 1e+07 1e+07 1e+07 1e+07 1e+07 1e+07 1e+07 1e+07 1e+07 1e+07 3.54662e+06 3.54662e+06 3.54662e+06 807246 807246 807246 807246 580770 580770 136369 136369 104856 53259 53259 33082 33082 18825 7923 7923 7923 7923 7923 3882 3882 1477 1477 1477 1113 1113 602 
0.329867 1e+07 1e+07 1e+07 1e+07 1e+07 1e+07 1e+07 1e+07 1e+07 1e+07 1e+07 1e+07 1e+07 1e+07 1e+07 1e+07 1e+07 1e+07 1e+07 1e+07 1e+07 1e+07 1e+07 1e+07 1e+07 1e+07 1e+07 1e+07 1e+07 1e+07 1e+07 8.39686e+06 8.39686e+06 6.28904e+06 1.39304e+06 1.39304e+06 1.39304e+06 1.39304e+06 1.39304e+06 1.39304e+06 1.39304e+06 1.39304e+06 962333 962333 535182 535182 361464 361464 41217 41217 32036 23121 18485 6806 6806 6806 6806 4627 4627 4627 621 
0.345575 1e+07 1e+07 1e+07 1e+07 1e+07 1e+07 1e+07 1e+07 1e+07 1e+07 1e+07 1e+07 1e+07 1e+07 1e+07 1e+07 1e+07 1e+07 1e+07 1e+07 1e+07 1e+07 1e+07 1e+07 1e+07 1e+07 1e+07 1e+07 8.28263e+06 8.28263e+06 6.2421e+06 6.2421e+06 6.2421e+06 5.09069e+06 4.1623e+06 4.1623e+06 4.1623e+06 3.96092e+06 3.69043e+06 847142 847142 847142 847142 847142 847142 847142 847142 92634 92634 92634 29569 12437 12437 12437 12437 12437 9021 3342 3342 3342 1381 1381 909 
0.361283 1e+07 1e+07 1e+07 1e+07 1e+07 1e+07 1e+07 1e+07 1e+07 1e+07 1e+07 1e+07 1e+07 1e+07 1e+07 1e+07 1e+07 1e+07 1e+07 1e+07 1e+07 1e+07 1e+07 1e+07 1e+07 1e+07 1e+07 1e+07 1e+07 1e+07 1e+07 8.98602e+06 8.98602e+06 8.98602e+06 2.71333e+06 2.71333e+06 2.71333e+06 2.71333e+06 2.71333e+06 2.71333e+06 2.71333e+06 2.71333e+06 2.71333e+06 2.71333e+06 331539 331539 331539 180264 118564 118564 63778 63778 28221 17475 17475 7010 4655 3194 2257 2257 2257 2257 2257 2257 2257 744 
0.376991 1e+07 1e+07 1e+07 1e+07 1e+07 1e+07 1e+07 1e+07 1e+07 1e+07 1e+07 1e+07 1e+07 1e+07 1e+07 1e+07 1e+07 1e+07 1e+07 1e+07 1e+07 1e+07 1e+07 1e+07 1e+07 1e+07 1e+07 1e+07 7.2374e+06 7.2374e+06 7.2374e+06 7.2374e+06 5.11406e+06 4.58416e+06 3.14442e+06 3.14442e+06 816552 816552 816552 621003 621003 621003 621003 621003 415701 165078 165078 165078 165078 144862 108672 49600 26603 5214 5214 5214 5214 5214 5214 5214 1783 670 
0.392699 1e+07 1e+07 1e+07 1e+07 1e+07 1e+07 1e+07 1e+07 1e+07 1e+07 1e+07 1e+07 1e+07 1e+07 1e+07 1e+07 1e+07 1e+07 1e+07 1e+07 1e+07 1e+07 1e+07 1e+07 1e+07 1e+07 1e+07 7.94158e+06 7.94158e+06 7.94158e+06 7.94158e+06 7.94158e+06 4.08512e+06 4.08512e+06 4.08512e+06 4.08512e+06 4.08512e+06 482442 482442 482442 482442 482442 482442 482442 252105 252105 252105 89183 89183 55410 55410 22097 22097 18145 18145 14839 5594 5594 3519 3519 2362 2362 1917 886 
0.408407 1e+07 1e+07 1e+07 1e+07 1e+07 1e+07 1e+07 1e+07 1e+07 1e+07 1e+07 1e+07 1e+07 1e+07 1e+07 1e+07 1e+07 1e+07 1e+07 1e+07 1e+07 1e+07 1e+07 1e+07 1e+07 1e+07 1e+07 1e+07 1e+07 1e+07 5.01612e+06 5.01612e+06 5.01612e+06 2.01025e+06 2.01025e+06 2.01025e+06 2.01025e+06 2.01025e+06 2.01025e+06 2.01025e+06 2.01025e+06 2.01025e+06 2.01025e+06 570891 570891 550919 550919 134032 134032 134032 44529 44529 9771 5372 5372 5372 5372 1603 1603 1603 1603 1233 1233 1233 403 
0.424115 1e+07 1e+07 1e+07 1e+07 1e+07 1e+07 1e+07 1e+07 1e+07 1e+07 1e+07 1e+07 1e+07 1e+07 1e+07 1e+07 1e+07 1e+07 1e+07 1e+07 1e+07 1e+07 1e+07 1e+07 1e+07 1e+07 9.84138e+06 9.84138e+06 3.45773e+06 3.45773e+06 3.45773e+06 3.45773e+06 1.90741e+06 1.90741e+06 1.90741e+06 1.90741e+06 1.90741e+06 1.90741e+06 689938 689938 471418 471418 471418 471418 471418 471418 471418 293465 169513 169513 169513 17109 17109 17109 8332 7017 2126 2126 2126 1352 1352 1352 1110 1110 826 
0.439823 1e+07 1e+07 1e+07 1e+07 1e+07 1e+07 1e+07 1e+07 1e+07 1e+07 1e+07 1e+07 1e+07 1e+07 1e+07 1e+07 1e+07 1e+07 1e+07 1e+07 1e+07 1e+07 1e+07 1e+07 1e+07 7.6346e+06 3.28111e+06 3.28111e+06 3.28111e+06 3.28111e+06 3.28111e+06 3.28111e+06 2.40837e+06 2.40837e+06 2.40837e+06 1.80164e+06 1.80164e+06 1.80164e+06 1.80164e+06 1.80164e+06 1.80164e+06 1.80164e+06 1.80164e+06 1.44404e+06 369687 320875 320875 161496 161496 93807 44481 32376 32376 23847 23847 20951 1990 1990 1990 1465 1465 1465 1342 1342 523 
0.455531 1e+07 1e+07 1e+07 1e+07 1e+07 1e+07 1e+07 1e+07 1e+07 1e+07 1e+07 1e+07 1e+07 1e+07 1e+07 1e+07 1e+07 1e+07 1e+07 1e+07 1e+07 1e+07 1e+07 1e+07 1e+07 1e+07 1e+07 9.39932e+06 4.48782e+06 4.48782e+06 4.48782e+06 4.48782e+06 4.48782e+06 4.08401e+06 612626 612626 612626 612626 612626 612626 580399 580399 580399 580399 580399 580399 580399 391213 116168 116168 116168 116168 81243 41430 8166 8166 8166 8015 8015 2919 2016 2016 629 
