epsilon_k[0] 0.0001
epsilon_k[1] 2.18e-05
epsilon_k[2] 7.08e-05
epsilon_k[3] 2.54e-05
epsilon_k[4] 1e-05
epsilon_k[5] 7.8e-06
epsilon_k[6] 2.18e-05
omega_x0 0.168
omega_y0 0.201
dx 0.01
n_theta 100
dtheta 0.015708
epsilon 20
max_turns 10000000
from_angle 80
to_angle 85
1.25664 1e+07 1e+07 1e+07 1e+07 1e+07 1e+07 1e+07 1e+07 1e+07 1e+07 1e+07 1e+07 1e+07 1e+07 1e+07 1e+07 1e+07 1e+07 1e+07 1e+07 1e+07 1e+07 1e+07 1e+07 1e+07 1e+07 1e+07 1e+07 1e+07 1e+07 1e+07 1e+07 1e+07 1e+07 1e+07 1e+07 1e+07 1.8368e+06 3.25194e+06 204974 219186 81012 1.86608e+06 35837 70889 32258 46643 3450 30602 1901 6049 2075 338 495 344 585 688 293 249 543 54 33 62 42 122 42 63 86 497 281 81 17 50 176 15 51 9 8 8 7 7 7 7 7 6 6 6 6 6 6 6 6 6 6 6 6 6 5 5 5 
1.27235 1e+07 1e+07 1e+07 1e+07 1e+07 1e+07 1e+07 1e+07 1e+07 1e+07 1e+07 1e+07 1e+07 1e+07 1e+07 1e+07 1e+07 1e+07 1e+07 1e+07 1e+07 1e+07 1e+07 1e+07 1e+07 1e+07 1e+07 1e+07 1e+07 1e+07 1e+07 1e+07 1e+07 1e+07 1e+07 1e+07 1e+07 1e+07 3.72268e+06 1.22626e+06 383688 308164 100890 668278 11898 23628 21629 17058 1213 1651 6908 1312 1541 638 968 518 373 337 559 4576 44 117 85 201 153 63 135 104 319 37 35 43 17 125 64 16 12 9 8 8 7 7 7 7 7 6 6 6 6 6 6 6 6 6 6 6 6 6 5 5 
1.28805 1e+07 1e+07 1e+07 1e+07 1e+07 1e+07 1e+07 1e+07 1e+07 1e+07 1e+07 1e+07 1e+07 1e+07 1e+07 1e+07 1e+07 1e+07 1e+07 1e+07 1e+07 1e+07 1e+07 1e+07 1e+07 1e+07 1e+07 1e+07 1e+07 1e+07 1e+07 1e+07 1e+07 1e+07 1e+07 1e+07 9.16174e+06 1e+07 1.43017e+06 7.96099e+06 1.20754e+06 1.56987e+06 106816 38282 97796 138022 6273 2641 9282 10292 3021 1901 1337 15648 1382 677 316 370 167 105 161 129 46 36 131 64 83 33 135 82 111 60 27 17 66 52 15 36 9 8 8 7 7 7 7 7 7 6 6 6 6 6 6 6 6 6 6 6 6 6 
1.30376 1e+07 1e+07 1e+07 1e+07 1e+07 1e+07 1e+07 1e+07 1e+07 1e+07 1e+07 1e+07 1e+07 1e+07 1e+07 1e+07 1e+07 1e+07 1e+07 1e+07 1e+07 1e+07 1e+07 1e+07 1e+07 1e+07 1e+07 1e+07 1e+07 1e+07 1e+07 1e+07 1e+07 1e+07 1e+07 1e+07 1e+07 3.94227e+06 7.16682e+06 1.79562e+06 3.1921e+06 178760 316020 42940 1.72378e+06 239412 7836 2802 4631 3565 1909 5186 7134 2980 1332 262 184 224 347 4711 474 28 50 245 316 33 193 49 163 42 62 51 27 35 22 25 44 15 31 9 8 8 7 7 7 7 7 7 6 6 6 6 6 6 6 6 6 6 6 6 
1.31947 1e+07 1e+07 1e+07 1e+07 1e+07 1e+07 1e+07 1e+07 1e+07 1e+07 1e+07 1e+07 1e+07 1e+07 1e+07 1e+07 1e+07 1e+07 1e+07 1e+07 1e+07 1e+07 1e+07 1e+07 1e+07 1e+07 1e+07 1e+07 1e+07 1e+07 1e+07 1e+07 1e+07 1e+07 1e+07 1e+07 1e+07 1e+07 2.98803e+06 6.73366e+06 2.34487e+06 315040 99396 525312 30931 46068 8770 10385 44862 90068 589 3031 1854 639 5652 372 280 125 486 212 189 49 26 542 1476 171 64 241 41 72 54 62 58 22 25 29 23 15 35 19 11 9 8 8 7 7 7 7 7 7 6 6 6 6 6 6 6 6 6 6 
1.33518 1e+07 1e+07 1e+07 1e+07 1e+07 1e+07 1e+07 1e+07 1e+07 1e+07 1e+07 1e+07 1e+07 1e+07 1e+07 1e+07 1e+07 1e+07 1e+07 1e+07 1e+07 1e+07 1e+07 1e+07 1e+07 1e+07 1e+07 1e+07 1e+07 1e+07 1e+07 1e+07 1e+07 1e+07 1e+07 1e+07 1e+07 9.06091e+06 1e+07 2.49784e+06 3.31887e+06 1e+07 1.15092e+06 1e+07 47654 74366 775981 14738 4546 5138 164327 641 4197 7226 615 482 467 665 155 312 161 50 32 67 148 109 370 44 34 45 54 26 49 52 17 17 22 22 15 25 18 17 11 9 8 8 7 7 7 7 7 7 6 6 6 6 6 6 6 6 
