epsilon_k[0] 0.0001
epsilon_k[1] 2.18e-05
epsilon_k[2] 7.08e-05
epsilon_k[3] 2.54e-05
epsilon_k[4] 1e-05
epsilon_k[5] 7.8e-06
epsilon_k[6] 2.18e-05
omega_x0 0.168
omega_y0 0.201
dx 0.01
n_theta 100
dtheta 0.015708
epsilon 1
max_turns 10000000
from_angle 30
to_angle 35
0.471239 1e+07 1e+07 1e+07 1e+07 1e+07 1e+07 1e+07 1e+07 1e+07 1e+07 1e+07 1e+07 1e+07 1e+07 1e+07 1e+07 1e+07 1e+07 1e+07 1e+07 1e+07 1e+07 1e+07 1e+07 1e+07 1e+07 1e+07 1e+07 1e+07 1e+07 1e+07 1e+07 1e+07 1e+07 1e+07 1e+07 1e+07 1e+07 1e+07 1e+07 1e+07 1e+07 1e+07 1e+07 1e+07 1e+07 1e+07 9.21978e+06 4.58367e+06 560381 653716 282999 448286 103365 143906 6053 19362 3456 2193 1609 1069 1496 421 4464 237 199 288 207 56 32 99 849 51 89 102 146 177 65 91 57 163 32 39 161 154 228 78 46 111 55 23 15 14 14 19 16 19 26 12 11 
0.486947 1e+07 1e+07 1e+07 1e+07 1e+07 1e+07 1e+07 1e+07 1e+07 1e+07 1e+07 1e+07 1e+07 1e+07 1e+07 1e+07 1e+07 1e+07 1e+07 1e+07 1e+07 1e+07 1e+07 1e+07 1e+07 1e+07 1e+07 1e+07 1e+07 1e+07 1e+07 1e+07 1e+07 1e+07 1e+07 1e+07 1e+07 1e+07 1e+07 1e+07 1e+07 1e+07 1e+07 1e+07 1e+07 1e+07 1e+07 1e+07 1e+07 2.11261e+06 1e+07 1.67166e+06 71526 3.86516e+06 112019 7364 24193 13178 9765 3696 3859 7568 2771 444 797 455 18063 253 116 57 31 31 31 31 214 276 159 66 77 110 144 73 328 42 463 112 102 270 41 88 23 107 60 27 20 19 31 18 18 14 
0.502655 1e+07 1e+07 1e+07 1e+07 1e+07 1e+07 1e+07 1e+07 1e+07 1e+07 1e+07 1e+07 1e+07 1e+07 1e+07 1e+07 1e+07 1e+07 1e+07 1e+07 1e+07 1e+07 1e+07 1e+07 1e+07 1e+07 1e+07 1e+07 1e+07 1e+07 1e+07 1e+07 1e+07 1e+07 1e+07 1e+07 1e+07 1e+07 1e+07 1e+07 1e+07 1e+07 1e+07 1e+07 1e+07 1e+07 1e+07 1e+07 3.98252e+06 1e+07 1e+07 8.80445e+06 1e+07 4.46302e+06 14940 24543 9808 11438 58770 7866 20874 2029 619 1621 209 774 221 136 51 77 61 66 80 51 65 76 67 107 162 71 66 133 131 167 120 227 77 40 16 15 15 15 16 17 59 26 21 16 14 14 
0.518363 1e+07 1e+07 1e+07 1e+07 1e+07 1e+07 1e+07 1e+07 1e+07 1e+07 1e+07 1e+07 1e+07 1e+07 1e+07 1e+07 1e+07 1e+07 1e+07 1e+07 1e+07 1e+07 1e+07 1e+07 1e+07 1e+07 1e+07 1e+07 1e+07 1e+07 1e+07 1e+07 1e+07 1e+07 1e+07 1e+07 1e+07 1e+07 1e+07 1e+07 1e+07 1e+07 1e+07 1e+07 1e+07 1e+07 1e+07 1e+07 9.74891e+06 1e+07 1e+07 3.56009e+06 1e+07 1.0985e+06 10662 6636 8660 2415 1372 15683 2140 14976 821 1895 590 730 211 216 322 144 52 120 289 270 126 117 41 70 38 33 60 75 33 59 43 42 43 23 20 36 22 19 29 41 21 11 10 10 9 9 
0.534071 1e+07 1e+07 1e+07 1e+07 1e+07 1e+07 1e+07 1e+07 1e+07 1e+07 1e+07 1e+07 1e+07 1e+07 1e+07 1e+07 1e+07 1e+07 1e+07 1e+07 1e+07 1e+07 1e+07 1e+07 1e+07 1e+07 1e+07 1e+07 1e+07 1e+07 1e+07 1e+07 1e+07 1e+07 1e+07 1e+07 1e+07 1e+07 1e+07 1e+07 1e+07 1e+07 1e+07 1e+07 1e+07 1e+07 1e+07 1e+07 1e+07 1e+07 1e+07 1e+07 1e+07 141971 21217 10516 6210 17518 1755 1087 1824 1539 437 944 1351 379 437 1900 6887 481 695 128 141 270 1437 108 58 136 153 150 136 96 112 90 116 37 22 34 27 19 20 18 11 10 9 9 9 8 8 8 
