epsilon_k[0] 0.0001
epsilon_k[1] 2.18e-05
epsilon_k[2] 7.08e-05
epsilon_k[3] 2.54e-05
epsilon_k[4] 1e-05
epsilon_k[5] 7.8e-06
epsilon_k[6] 2.18e-05
omega_x0 0.168
omega_y0 0.201
dx 0.01
n_theta 100
dtheta 0.015708
epsilon 12
max_turns 10000000
from_angle 40
to_angle 45
0.628319 1e+07 1e+07 1e+07 1e+07 1e+07 1e+07 1e+07 1e+07 1e+07 1e+07 1e+07 1e+07 1e+07 1e+07 1e+07 1e+07 1e+07 1e+07 1e+07 1e+07 1e+07 1e+07 1e+07 1e+07 1e+07 1e+07 1e+07 1e+07 1e+07 1e+07 1e+07 1e+07 1e+07 1e+07 1e+07 1e+07 1e+07 1e+07 1e+07 1e+07 1e+07 1e+07 1e+07 1e+07 1e+07 1e+07 1e+07 485869 1.02973e+06 197598 100800 309263 43488 13401 8918 5030 5745 177328 513 498 715 453 2835 301 448 435 178 325 517 2026 186 434 128 72 146 96 108 61 98 71 171 107 42 33 68 19 16 16 16 16 21 26 43 33 21 18 14 20 29 10 
0.644026 1e+07 1e+07 1e+07 1e+07 1e+07 1e+07 1e+07 1e+07 1e+07 1e+07 1e+07 1e+07 1e+07 1e+07 1e+07 1e+07 1e+07 1e+07 1e+07 1e+07 1e+07 1e+07 1e+07 1e+07 1e+07 1e+07 1e+07 1e+07 1e+07 1e+07 1e+07 1e+07 1e+07 1e+07 1e+07 1e+07 1e+07 1e+07 1e+07 1e+07 1e+07 1e+07 1e+07 1e+07 4.78681e+06 8.06032e+06 1.58671e+06 763844 209884 240295 223203 200839 47389 17341 75105 6335 1987 953 2564 182 6107 893 1511 1054 239 607 754 314 178 1076 283 133 204 57 64 133 30 46 98 1435 89 57 54 52 335 29 27 17 15 15 23 19 22 15 17 16 14 25 15 12 
0.659734 1e+07 1e+07 1e+07 1e+07 1e+07 1e+07 1e+07 1e+07 1e+07 1e+07 1e+07 1e+07 1e+07 1e+07 1e+07 1e+07 1e+07 1e+07 1e+07 1e+07 1e+07 1e+07 1e+07 1e+07 1e+07 1e+07 1e+07 1e+07 1e+07 1e+07 1e+07 1e+07 1e+07 1e+07 1e+07 1e+07 1e+07 1e+07 1e+07 1e+07 1e+07 1e+07 1e+07 1e+07 1.65994e+06 7.22486e+06 1.96204e+06 4.91541e+06 569943 210388 92324 157961 81336 3040 3241 4717 9001 791 644 244 1873 127 265 221 217 192 66 52 51 362 72 67 39 213 56 61 59 33 42 30 105 33 26 36 59 152 31 23 46 18 19 15 15 24 21 21 14 16 17 14 
0.675442 1e+07 1e+07 1e+07 1e+07 1e+07 1e+07 1e+07 1e+07 1e+07 1e+07 1e+07 1e+07 1e+07 1e+07 1e+07 1e+07 1e+07 1e+07 1e+07 1e+07 1e+07 1e+07 1e+07 1e+07 1e+07 1e+07 1e+07 1e+07 1e+07 1e+07 1e+07 1e+07 1e+07 1e+07 1e+07 1e+07 1e+07 1e+07 1e+07 1e+07 1e+07 1e+07 1e+07 819396 1.67212e+06 508490 672082 1.77071e+06 103990 289905 59361 140831 9064 12517 3955 1473 7020 434 145824 350 966 1137 630 170 625 1155 107 81 75 377 107 102 20 19 18 18 19 85 23 37 21 34 26 45 15 13 13 13 12 12 13 13 21 17 16 18 14 15 21 12 
0.69115 1e+07 1e+07 1e+07 1e+07 1e+07 1e+07 1e+07 1e+07 1e+07 1e+07 1e+07 1e+07 1e+07 1e+07 1e+07 1e+07 1e+07 1e+07 1e+07 1e+07 1e+07 1e+07 1e+07 1e+07 1e+07 1e+07 1e+07 1e+07 1e+07 1e+07 1e+07 1e+07 1e+07 1e+07 1e+07 1e+07 1e+07 1e+07 1e+07 1e+07 1e+07 8.22035e+06 1e+07 3.04281e+06 2.53923e+06 1e+07 365152 1.00038e+06 58024 30270 23221 8951 3522 1600 3785 2027 1461 822 127 712 4008 1284 108 615 216 106 42 285 44 173 175 31 70 181 262 39 119 224 100 30 22 22 24 30 32 21 29 18 16 14 14 16 16 13 12 12 11 11 11 12 
