epsilon_k[0] 0.0001
epsilon_k[1] 2.18e-05
epsilon_k[2] 7.08e-05
epsilon_k[3] 2.54e-05
epsilon_k[4] 1e-05
epsilon_k[5] 7.8e-06
epsilon_k[6] 2.18e-05
omega_x0 0.31
omega_y0 0.32
dx 0.01
epsilon 2
max_turns 10000000
from_y 16
to_y 24
0.16 1e+07 1e+07 1e+07 1e+07 1e+07 1e+07 1e+07 1e+07 1e+07 1e+07 1e+07 9.01633e+06 925 1e+07 4.66459e+06 158 111 170 123 60 29 23 21 19 18 17 16 15 15 14 14 13 13 12 12 12 12 11 11 11 11 10 10 10 10 10 9 9 9 9 9 9 9 9 9 8 8 8 8 8 8 8 8 8 8 7 7 7 7 7 7 7 7 7 7 7 7 6 6 6 
0.17 1e+07 1e+07 1e+07 1e+07 1e+07 1e+07 1e+07 1e+07 1e+07 1e+07 1e+07 94016 216 111292 11496 87 108 172 91 66 25 22 20 18 17 16 16 15 14 14 13 13 13 12 12 12 11 11 11 11 10 10 10 10 10 9 9 9 9 9 9 9 9 9 8 8 8 8 8 8 8 8 8 8 7 7 7 7 7 7 7 7 7 7 7 7 6 6 6 6 
0.18 1e+07 1e+07 1e+07 1e+07 1e+07 1e+07 1e+07 1e+07 1e+07 1e+07 2.7667e+06 1184 111 413 82 78 107 203 61 29 23 21 19 18 17 16 15 15 14 14 13 13 12 12 12 11 11 11 11 10 10 10 10 10 9 9 9 9 9 9 9 9 9 8 8 8 8 8 8 8 8 8 8 7 7 7 7 7 7 7 7 7 7 7 6 6 6 6 6 6 
0.19 819547 2.40122e+06 1e+07 1e+07 1e+07 1e+07 1e+07 1e+07 1e+07 448817 14146 60 54 56 83 76 108 301 59 26 22 20 18 17 16 15 15 14 14 13 13 12 12 12 12 11 11 11 10 10 10 10 10 9 9 9 9 9 9 9 9 8 8 8 8 8 8 8 8 8 8 7 7 7 7 7 7 7 7 7 7 7 7 6 6 6 6 6 6 6 
0.2 69 66 2670 3.00634e+06 1e+07 1e+07 1.71372e+06 644155 25224 1125 52 48 47 48 53 75 108 128 32 24 21 19 18 17 16 15 15 14 13 13 13 12 12 12 11 11 11 11 10 10 10 10 10 9 9 9 9 9 9 9 8 8 8 8 8 8 8 8 8 8 7 7 7 7 7 7 7 7 7 7 7 7 6 6 6 6 6 6 6 6 
0.21 37 121 61 71 440 703 174 83 205 52 46 44 44 45 48 75 108 65 27 22 20 18 17 16 15 15 14 14 13 13 12 12 12 11 11 11 11 10 10 10 10 10 9 9 9 9 9 9 9 8 8 8 8 8 8 8 8 8 8 7 7 7 7 7 7 7 7 7 7 7 7 6 6 6 6 6 6 6 6 6 
0.22 28 31 40 62 61 94 108 76 232 48 44 43 42 43 45 96 111 60 25 21 19 18 17 16 15 15 14 13 13 13 12 12 12 11 11 11 10 10 10 10 10 9 9 9 9 9 9 9 8 8 8 8 8 8 8 8 8 8 7 7 7 7 7 7 7 7 7 7 7 7 6 6 6 6 6 6 6 6 6 6 
0.23 24 26 28 32 106 59 91 76 120 46 43 41 41 42 44 56 142 32 24 21 19 17 16 16 15 14 14 13 13 12 12 12 11 11 11 11 10 10 10 10 9 9 9 9 9 9 9 9 8 8 8 8 8 8 8 8 8 7 7 7 7 7 7 7 7 7 7 7 7 6 6 6 6 6 6 6 6 6 6 6 
