epsilon_k[0] 0.0001
epsilon_k[1] 2.18e-05
epsilon_k[2] 7.08e-05
epsilon_k[3] 2.54e-05
epsilon_k[4] 1e-05
epsilon_k[5] 7.8e-06
epsilon_k[6] 2.18e-05
omega_x0 0.168
omega_y0 0.201
dx 0.01
epsilon 32
max_turns 10000000
from_y 8
to_y 16
0.08 1e+07 1e+07 1e+07 1e+07 1e+07 1e+07 1e+07 1e+07 1e+07 1e+07 1e+07 1e+07 1e+07 1e+07 1e+07 1e+07 1e+07 1e+07 1e+07 1e+07 1e+07 1e+07 1e+07 1e+07 1e+07 1e+07 1e+07 1e+07 1e+07 1e+07 1e+07 1e+07 1e+07 1e+07 1e+07 1e+07 1e+07 1e+07 1e+07 1e+07 1e+07 1e+07 1e+07 1.29576e+06 786655 207846 207846 74721 74721 74721 74721 74721 74721 74721 74721 74721 74721 74721 41966 41966 41966 21986 17823 8550 4291 1107 1107 1107 1107 696 
0.09 1e+07 1e+07 1e+07 1e+07 1e+07 1e+07 1e+07 1e+07 1e+07 1e+07 1e+07 1e+07 1e+07 1e+07 1e+07 1e+07 1e+07 1e+07 1e+07 1e+07 1e+07 1e+07 1e+07 1e+07 1e+07 1e+07 1e+07 1e+07 1e+07 1e+07 1e+07 1e+07 1e+07 1e+07 1e+07 1e+07 1e+07 1e+07 1e+07 1e+07 1e+07 1e+07 5.33527e+06 859994 222716 222716 212948 130268 110345 110345 110345 110345 110345 110345 110345 110345 110345 110345 110345 61118 9342 9342 7235 3590 3590 3590 3590 2163 509 
0.1 1e+07 1e+07 1e+07 1e+07 1e+07 1e+07 1e+07 1e+07 1e+07 1e+07 1e+07 1e+07 1e+07 1e+07 1e+07 1e+07 1e+07 1e+07 1e+07 1e+07 1e+07 1e+07 1e+07 1e+07 1e+07 1e+07 1e+07 1e+07 1e+07 1e+07 1e+07 1e+07 1e+07 1e+07 1e+07 1e+07 1e+07 1e+07 1e+07 1e+07 1e+07 1e+07 4.56716e+06 3.28592e+06 632011 632011 60808 60808 60808 60808 40836 40836 40836 40836 40836 40836 40836 40836 40836 40836 11359 1761 1761 1761 1761 1761 1761 1761 1037 1037 1037 1037 1037 1037 200 
0.11 1e+07 1e+07 1e+07 1e+07 1e+07 1e+07 1e+07 1e+07 1e+07 1e+07 1e+07 1e+07 1e+07 1e+07 1e+07 1e+07 1e+07 1e+07 1e+07 1e+07 1e+07 1e+07 1e+07 1e+07 1e+07 1e+07 1e+07 1e+07 1e+07 1e+07 1e+07 1e+07 1e+07 1e+07 1e+07 1e+07 1e+07 1e+07 1e+07 1e+07 1e+07 1e+07 1e+07 4.55651e+06 4.55651e+06 201414 77044 77044 77044 77044 32749 32749 28205 28205 28205 28205 24287 12945 12945 12945 6002 6002 6002 1232 655 
0.12 1e+07 1e+07 1e+07 1e+07 1e+07 1e+07 1e+07 1e+07 1e+07 1e+07 1e+07 1e+07 1e+07 1e+07 1e+07 1e+07 1e+07 1e+07 1e+07 1e+07 1e+07 1e+07 1e+07 1e+07 1e+07 1e+07 1e+07 1e+07 1e+07 1e+07 1e+07 1e+07 1e+07 1e+07 1e+07 1e+07 1e+07 1e+07 1e+07 1e+07 7.56315e+06 2.27305e+06 1.16671e+06 770620 531980 240922 125257 53460 14052 14052 14052 10334 10334 10334 10334 10334 10334 10334 10334 10334 10334 5223 771 
0.13 1e+07 1e+07 1e+07 1e+07 1e+07 1e+07 1e+07 1e+07 1e+07 1e+07 1e+07 1e+07 1e+07 1e+07 1e+07 1e+07 1e+07 1e+07 1e+07 1e+07 1e+07 1e+07 1e+07 1e+07 1e+07 1e+07 1e+07 1e+07 1e+07 1e+07 1e+07 1e+07 1e+07 9.10964e+06 9.10964e+06 9.10964e+06 9.10964e+06 9.10964e+06 9.10964e+06 9.10964e+06 9.10964e+06 5.37591e+06 3.09363e+06 923515 923515 338890 83651 83651 18504 18504 18504 18504 18504 18504 18504 18504 9020 9020 9020 3440 3440 3290 3290 3290 3290 1679 1679 1679 1679 1679 1150 463 
0.14 1e+07 1e+07 1e+07 1e+07 1e+07 1e+07 1e+07 1e+07 1e+07 1e+07 1e+07 1e+07 1e+07 1e+07 1e+07 1e+07 1e+07 1e+07 1e+07 1e+07 1e+07 1e+07 1e+07 1e+07 1e+07 1e+07 1e+07 1e+07 1e+07 1e+07 1e+07 1e+07 1e+07 1e+07 8.25395e+06 8.25395e+06 8.25395e+06 8.25395e+06 6.69996e+06 6.69996e+06 4.69849e+06 4.69849e+06 1.12593e+06 436269 329574 248506 66717 66717 43318 43318 43318 43318 43318 43318 8196 8196 8196 5138 5138 5138 5138 2634 2181 1707 807 
0.15 1e+07 1e+07 1e+07 1e+07 1e+07 1e+07 1e+07 1e+07 1e+07 1e+07 1e+07 1e+07 1e+07 1e+07 1e+07 1e+07 1e+07 1e+07 1e+07 1e+07 1e+07 1e+07 1e+07 1e+07 1e+07 1e+07 1e+07 1e+07 1e+07 1e+07 1e+07 1e+07 1e+07 1e+07 1e+07 1e+07 1e+07 3.79304e+06 3.79304e+06 3.79304e+06 3.79304e+06 2.82966e+06 1.31419e+06 1.04153e+06 282719 282719 193372 93963 93963 93963 9218 9218 9218 9218 9218 9218 9218 6962 6962 6962 1473 1473 1473 929 
