epsilon_k[0] 0.0001
epsilon_k[1] 2.18e-05
epsilon_k[2] 7.08e-05
epsilon_k[3] 2.54e-05
epsilon_k[4] 1e-05
epsilon_k[5] 7.8e-06
epsilon_k[6] 2.18e-05
omega_x0 0.168
omega_y0 0.201
dx 0.01
n_theta 100
dtheta 0.015708
epsilon 20
max_turns 10000000
from_angle 85
to_angle 90
1.33518 1e+07 1e+07 1e+07 1e+07 1e+07 1e+07 1e+07 1e+07 1e+07 1e+07 1e+07 1e+07 1e+07 1e+07 1e+07 1e+07 1e+07 1e+07 1e+07 1e+07 1e+07 1e+07 1e+07 1e+07 1e+07 1e+07 1e+07 1e+07 1e+07 1e+07 1e+07 1e+07 1e+07 1e+07 1e+07 1e+07 1e+07 1e+07 4.37861e+06 3.73651e+06 5.308e+06 580096 339584 330251 69523 45730 41662 81795 5382 9187 76023 1630 3979 2042 837 954 475 923 154 342 161 50 32 67 148 109 586 44 34 45 54 26 49 52 17 17 22 22 15 25 18 17 11 9 8 8 7 7 7 7 7 7 6 6 6 6 6 6 6 6 
1.35088 1e+07 1e+07 1e+07 1e+07 1e+07 1e+07 1e+07 1e+07 1e+07 1e+07 1e+07 1e+07 1e+07 1e+07 1e+07 1e+07 1e+07 1e+07 1e+07 1e+07 1e+07 1e+07 1e+07 1e+07 1e+07 1e+07 1e+07 1e+07 1e+07 1e+07 1e+07 1e+07 1e+07 1e+07 1e+07 1e+07 1e+07 1e+07 1e+07 1e+07 2.88954e+06 7.5446e+06 2.49965e+06 151797 178077 50794 17170 6343 6107 4398 2139 10842 4819 7834 750 4350 796 1325 192 902 460 63 137 76 50 46 25 53 166 121 32 27 25 508 53 23 26 17 17 23 14 15 19 14 15 9 8 8 8 7 7 7 7 7 7 6 6 6 6 6 
1.36659 1e+07 1e+07 1e+07 1e+07 1e+07 1e+07 1e+07 1e+07 1e+07 1e+07 1e+07 1e+07 1e+07 1e+07 1e+07 1e+07 1e+07 1e+07 1e+07 1e+07 1e+07 1e+07 1e+07 1e+07 1e+07 1e+07 1e+07 1e+07 1e+07 1e+07 1e+07 1e+07 1e+07 1e+07 1e+07 1e+07 1e+07 1e+07 1e+07 1e+07 4.9231e+06 628229 943158 1.24306e+06 188432 102657 43122 153451 11184 2877 3403 5547 3141 1460 5194 1373 654 385 308 666 232 99 81 42 32 23 132 24 19 18 28 219 23 32 80 29 19 22 19 14 17 18 16 13 22 15 13 12 10 8 8 8 7 7 7 7 7 7 6 6 
1.3823 1e+07 1e+07 1e+07 1e+07 1e+07 1e+07 1e+07 1e+07 1e+07 1e+07 1e+07 1e+07 1e+07 1e+07 1e+07 1e+07 1e+07 1e+07 1e+07 1e+07 1e+07 1e+07 1e+07 1e+07 1e+07 1e+07 1e+07 1e+07 1e+07 1e+07 1e+07 1e+07 1e+07 1e+07 1e+07 1e+07 1e+07 1e+07 1e+07 7.7818e+06 1e+07 1.58982e+06 2.40225e+06 881194 565509 564305 453203 146389 8164 17559 669203 2543 4522 7787 800 1666 1500 516 153 181 244 237 67 53 41 39 58 27 23 50 18 17 18 69 21 46 115 30 30 18 12 12 11 12 13 13 14 12 15 12 17 11 9 9 8 8 7 7 7 7 
1.39801 1e+07 1e+07 1e+07 1e+07 1e+07 1e+07 1e+07 1e+07 1e+07 1e+07 1e+07 1e+07 1e+07 1e+07 1e+07 1e+07 1e+07 1e+07 1e+07 1e+07 1e+07 1e+07 1e+07 1e+07 1e+07 1e+07 1e+07 1e+07 1e+07 1e+07 1e+07 1e+07 1e+07 1e+07 1e+07 1e+07 1e+07 1e+07 1e+07 1e+07 7.59541e+06 7.73336e+06 2.95086e+06 4.14421e+06 1.80742e+06 1.66968e+06 106138 39255 140704 11201 2045 6287 4916 7651 5250 3727 1190 267 219 308 130 388 558 117 55 77 64 46 119 60 54 31 26 17 16 17 21 27 37 16 57 70 19 12 11 11 11 10 11 11 15 15 12 15 11 10 10 10 9 8 
1.41372 1e+07 1e+07 1e+07 1e+07 1e+07 1e+07 1e+07 1e+07 1e+07 1e+07 1e+07 1e+07 1e+07 1e+07 1e+07 1e+07 1e+07 1e+07 1e+07 1e+07 1e+07 1e+07 1e+07 1e+07 1e+07 1e+07 1e+07 1e+07 1e+07 1e+07 1e+07 1e+07 1e+07 1e+07 1e+07 1e+07 1e+07 1e+07 1e+07 1e+07 7.72024e+06 8.20308e+06 1e+07 2.17785e+06 5.63768e+06 395017 483604 79474 23739 17781 17126 1954 547 696 2541 1205 1565 763 793 252 197 545 1282 2579 255 65 162 43 91 252 330 23 55 37 130 28 18 20 15 15 28 27 16 14 26 26 19 13 11 10 10 10 10 10 10 10 10 10 10 11 
