epsilon_k[0] 0.0001
epsilon_k[1] 2.18e-05
epsilon_k[2] 7.08e-05
epsilon_k[3] 2.54e-05
epsilon_k[4] 1e-05
epsilon_k[5] 7.8e-06
epsilon_k[6] 2.18e-05
omega_x0 0.168
omega_y0 0.201
dx 0.01
n_theta 100
dtheta 0.015708
epsilon 1
max_turns 10000000
from_angle 50
to_angle 55
0.785398 1e+07 1e+07 1e+07 1e+07 1e+07 1e+07 1e+07 1e+07 1e+07 1e+07 1e+07 1e+07 1e+07 1e+07 1e+07 1e+07 1e+07 1e+07 1e+07 1e+07 1e+07 1e+07 1e+07 1e+07 1e+07 1e+07 1e+07 1e+07 1e+07 1e+07 1e+07 1e+07 1e+07 1e+07 1e+07 1e+07 1e+07 1e+07 1e+07 1e+07 1e+07 4.2675e+06 5.12402e+06 4.25694e+06 1e+07 3.7679e+06 167517 32660 17167 68356 26493 15046 5820 1468 8300 457 806 318 1005 9332 238 231 271 444 143 68 19 337 115 13 12 11 11 11 10 10 10 10 10 10 10 10 10 9 9 9 9 9 9 9 9 10 10 10 10 10 11 13 13 12 
0.801106 1e+07 1e+07 1e+07 1e+07 1e+07 1e+07 1e+07 1e+07 1e+07 1e+07 1e+07 1e+07 1e+07 1e+07 1e+07 1e+07 1e+07 1e+07 1e+07 1e+07 1e+07 1e+07 1e+07 1e+07 1e+07 1e+07 1e+07 1e+07 1e+07 1e+07 1e+07 1e+07 1e+07 1e+07 1e+07 1e+07 1e+07 1e+07 1e+07 1e+07 1e+07 1e+07 2.92494e+06 8.73342e+06 2.68032e+06 687945 102939 44691 21010 6503 3832 8017 7513 2165 2668 2170 3303 656 128 712 247 123 63 342 338 128 19 274 96 14 12 11 11 11 11 11 10 10 10 10 10 10 10 10 11 11 12 12 28 12 13 14 12 11 11 11 16 12 16 11 
0.816814 1e+07 1e+07 1e+07 1e+07 1e+07 1e+07 1e+07 1e+07 1e+07 1e+07 1e+07 1e+07 1e+07 1e+07 1e+07 1e+07 1e+07 1e+07 1e+07 1e+07 1e+07 1e+07 1e+07 1e+07 1e+07 1e+07 1e+07 1e+07 1e+07 1e+07 1e+07 1e+07 1e+07 1e+07 1e+07 1e+07 1e+07 1e+07 1e+07 1e+07 1e+07 1e+07 6.6231e+06 1e+07 639179 752761 99058 50430 100722 4391 1601 6121 6896 1014 12944 563 860 453 203 300 333 207 145 58 155 367 42 19 48 22 125 13 12 12 12 12 12 13 13 16 14 22 15 13 19 14 14 12 11 11 13 16 13 15 10 10 10 10 10 13 
0.832522 1e+07 1e+07 1e+07 1e+07 1e+07 1e+07 1e+07 1e+07 1e+07 1e+07 1e+07 1e+07 1e+07 1e+07 1e+07 1e+07 1e+07 1e+07 1e+07 1e+07 1e+07 1e+07 1e+07 1e+07 1e+07 1e+07 1e+07 1e+07 1e+07 1e+07 1e+07 1e+07 1e+07 1e+07 1e+07 1e+07 1e+07 1e+07 1e+07 1e+07 1e+07 1e+07 6.20223e+06 3.3503e+06 5.27336e+06 3.64453e+06 71092 59573 13998 50939 47512 35992 3013 1754 622 1037 1159 959 74 83 228 1157 79 71 61 106 115 32 120 19 18 18 18 21 26 23 16 32 14 15 21 15 13 12 11 12 16 17 14 17 11 10 11 13 12 11 9 9 9 8 
0.84823 1e+07 1e+07 1e+07 1e+07 1e+07 1e+07 1e+07 1e+07 1e+07 1e+07 1e+07 1e+07 1e+07 1e+07 1e+07 1e+07 1e+07 1e+07 1e+07 1e+07 1e+07 1e+07 1e+07 1e+07 1e+07 1e+07 1e+07 1e+07 1e+07 1e+07 1e+07 1e+07 1e+07 1e+07 1e+07 1e+07 1e+07 1e+07 7.18765e+06 597898 1e+07 1e+07 8.13928e+06 9.65802e+06 1e+07 1.07902e+06 6.06144e+06 26306 28485 13823 21982 9629 5016 2004 554 650 409 113 416 34 88 41 20 169 106 106 135 60 32 67 83 19 17 19 35 18 22 16 28 13 12 12 12 20 41 14 24 13 21 18 13 11 10 10 8 8 7 7 7 7 
