epsilon_k[0] 0.0001
epsilon_k[1] 2.18e-05
epsilon_k[2] 7.08e-05
epsilon_k[3] 2.54e-05
epsilon_k[4] 1e-05
epsilon_k[5] 7.8e-06
epsilon_k[6] 2.18e-05
omega_x0 0.168
omega_y0 0.201
dx 0.01
n_theta 100
dtheta 0.015708
epsilon 14
max_turns 10000000
from_angle 40
to_angle 45
0.628319 1e+07 1e+07 1e+07 1e+07 1e+07 1e+07 1e+07 1e+07 1e+07 1e+07 1e+07 1e+07 1e+07 1e+07 1e+07 1e+07 1e+07 1e+07 1e+07 1e+07 1e+07 1e+07 1e+07 1e+07 1e+07 1e+07 1e+07 1e+07 1e+07 1e+07 1e+07 1e+07 1e+07 1e+07 1e+07 1e+07 1e+07 1e+07 1e+07 1e+07 1e+07 1e+07 1e+07 1e+07 6.86754e+06 3.83067e+06 3.44505e+06 1.98483e+06 2.29451e+06 810287 378722 2.08728e+06 132022 89989 6531 2615 1276 3847 3851 1029 6520 792 1454 747 380 548 148 124 421 615 972 216 320 193 95 205 290 88 33 61 103 64 53 28 186 31 16 16 16 16 21 50 22 53 30 18 14 19 28 10 
0.644026 1e+07 1e+07 1e+07 1e+07 1e+07 1e+07 1e+07 1e+07 1e+07 1e+07 1e+07 1e+07 1e+07 1e+07 1e+07 1e+07 1e+07 1e+07 1e+07 1e+07 1e+07 1e+07 1e+07 1e+07 1e+07 1e+07 1e+07 1e+07 1e+07 1e+07 1e+07 1e+07 1e+07 1e+07 1e+07 1e+07 1e+07 1e+07 1e+07 1e+07 1e+07 1e+07 1e+07 1e+07 8.36762e+06 689950 767162 405948 278196 191129 972030 52900 77607 6791 32742 7474 2774 2389 4392 573 3664 918 1792 995 834 259 296 92 215 228 106 304 208 1388 132 65 30 64 52 558 48 378 51 29 121 28 32 18 15 15 21 19 24 15 16 16 14 24 15 12 
0.659734 1e+07 1e+07 1e+07 1e+07 1e+07 1e+07 1e+07 1e+07 1e+07 1e+07 1e+07 1e+07 1e+07 1e+07 1e+07 1e+07 1e+07 1e+07 1e+07 1e+07 1e+07 1e+07 1e+07 1e+07 1e+07 1e+07 1e+07 1e+07 1e+07 1e+07 1e+07 1e+07 1e+07 1e+07 1e+07 1e+07 1e+07 1e+07 1e+07 1e+07 6.28868e+06 1e+07 1e+07 6.41332e+06 1e+07 2.20824e+06 1.72276e+06 1e+07 74277 836543 19507 16103 52188 2938 2539 5182 18755 667 151 1405 670 377 544 358 278 137 129 664 2136 62 62 54 105 161 1182 444 153 32 33 31 81 32 29 57 46 77 27 23 32 18 19 15 15 21 23 21 14 14 16 14 
0.675442 1e+07 1e+07 1e+07 1e+07 1e+07 1e+07 1e+07 1e+07 1e+07 1e+07 1e+07 1e+07 1e+07 1e+07 1e+07 1e+07 1e+07 1e+07 1e+07 1e+07 1e+07 1e+07 1e+07 1e+07 1e+07 1e+07 1e+07 1e+07 1e+07 1e+07 1e+07 1e+07 1e+07 1e+07 1e+07 1e+07 1e+07 1e+07 1e+07 1e+07 9.85006e+06 8.44919e+06 1e+07 4.29114e+06 1.21655e+06 895443 440439 213233 72995 141591 24747 18716 20467 5475 7291 2592 1421 2954 2395 1146 402 202 7401 146 230 923 116 96 513 139 188 71 20 19 18 18 19 55 23 28 35 33 60 32 15 13 13 13 12 12 13 13 23 17 16 17 14 15 20 12 
0.69115 1e+07 1e+07 1e+07 1e+07 1e+07 1e+07 1e+07 1e+07 1e+07 1e+07 1e+07 1e+07 1e+07 1e+07 1e+07 1e+07 1e+07 1e+07 1e+07 1e+07 1e+07 1e+07 1e+07 1e+07 1e+07 1e+07 1e+07 1e+07 1e+07 1e+07 1e+07 1e+07 1e+07 1e+07 1e+07 1e+07 1e+07 1e+07 1e+07 1e+07 6.09258e+06 1e+07 1e+07 5.3987e+06 623641 246891 282448 895304 1.16482e+06 16163 132967 80596 18787 2067 7609 1265 17663 1260 408 1764 1651 2383 339 163 166 492 71 83 45 257 105 31 48 80 47 36 52 294 47 39 22 22 23 30 24 21 26 17 16 14 14 16 16 13 12 12 11 11 11 12 
