epsilon_k[0] 0.0001
epsilon_k[1] 2.18e-05
epsilon_k[2] 7.08e-05
epsilon_k[3] 2.54e-05
epsilon_k[4] 1e-05
epsilon_k[5] 7.8e-06
epsilon_k[6] 2.18e-05
omega_x0 0.168
omega_y0 0.201
dx 0.01
n_theta 100
dtheta 0.015708
epsilon 20
max_turns 10000000
from_angle 30
to_angle 40
0.471239 1e+07 1e+07 1e+07 1e+07 1e+07 1e+07 1e+07 1e+07 1e+07 1e+07 1e+07 1e+07 1e+07 1e+07 1e+07 1e+07 1e+07 1e+07 1e+07 1e+07 1e+07 1e+07 1e+07 1e+07 1e+07 1e+07 1e+07 1e+07 1e+07 1e+07 1e+07 1e+07 1e+07 1e+07 1e+07 1e+07 1e+07 1e+07 1e+07 1e+07 1e+07 1e+07 1e+07 1e+07 2.57887e+06 2.57887e+06 2.57887e+06 714199 714199 714199 110988 110988 91609 31337 22068 14400 2584 2584 2584 1990 1990 728 
0.486947 1e+07 1e+07 1e+07 1e+07 1e+07 1e+07 1e+07 1e+07 1e+07 1e+07 1e+07 1e+07 1e+07 1e+07 1e+07 1e+07 1e+07 1e+07 1e+07 1e+07 1e+07 1e+07 1e+07 1e+07 1e+07 1e+07 1e+07 1e+07 1e+07 1e+07 1e+07 1e+07 1e+07 1e+07 1e+07 1e+07 1e+07 1e+07 1e+07 1e+07 1e+07 1e+07 5.05241e+06 5.05241e+06 5.05241e+06 5.05241e+06 1.81948e+06 1.81948e+06 1.81948e+06 490110 490110 145987 109878 78884 17934 5589 5589 5589 5589 3085 3085 1878 1349 585 
0.502655 1e+07 1e+07 1e+07 1e+07 1e+07 1e+07 1e+07 1e+07 1e+07 1e+07 1e+07 1e+07 1e+07 1e+07 1e+07 1e+07 1e+07 1e+07 1e+07 1e+07 1e+07 1e+07 1e+07 1e+07 1e+07 1e+07 1e+07 1e+07 1e+07 1e+07 1e+07 1e+07 1e+07 1e+07 1e+07 1e+07 1e+07 1e+07 1e+07 1e+07 5.2011e+06 5.2011e+06 5.2011e+06 5.2011e+06 5.2011e+06 5.2011e+06 5.2011e+06 2.10249e+06 401442 401442 229483 209175 96295 14351 14351 10679 1694 1694 1694 1694 734 
0.518363 1e+07 1e+07 1e+07 1e+07 1e+07 1e+07 1e+07 1e+07 1e+07 1e+07 1e+07 1e+07 1e+07 1e+07 1e+07 1e+07 1e+07 1e+07 1e+07 1e+07 1e+07 1e+07 1e+07 1e+07 1e+07 1e+07 1e+07 1e+07 1e+07 1e+07 1e+07 1e+07 1e+07 1e+07 1e+07 1e+07 1e+07 1e+07 1e+07 1e+07 1e+07 1e+07 1e+07 1e+07 1e+07 5.2778e+06 5.2778e+06 5.2778e+06 510963 510963 109982 109982 109982 75428 75428 75428 6659 6659 6659 1038 721 
0.534071 1e+07 1e+07 1e+07 1e+07 1e+07 1e+07 1e+07 1e+07 1e+07 1e+07 1e+07 1e+07 1e+07 1e+07 1e+07 1e+07 1e+07 1e+07 1e+07 1e+07 1e+07 1e+07 1e+07 1e+07 1e+07 1e+07 1e+07 1e+07 1e+07 1e+07 1e+07 1e+07 1e+07 1e+07 1e+07 1e+07 1e+07 1e+07 9.76729e+06 9.76729e+06 4.5024e+06 4.5024e+06 4.5024e+06 4.5024e+06 4.5024e+06 4.5024e+06 4.5024e+06 1.08563e+06 1.08563e+06 827292 700328 236842 229836 229836 8816 8816 4427 4427 4427 3113 2597 499 
0.549779 1e+07 1e+07 1e+07 1e+07 1e+07 1e+07 1e+07 1e+07 1e+07 1e+07 1e+07 1e+07 1e+07 1e+07 1e+07 1e+07 1e+07 1e+07 1e+07 1e+07 1e+07 1e+07 1e+07 1e+07 1e+07 1e+07 1e+07 1e+07 1e+07 1e+07 1e+07 1e+07 1e+07 1e+07 1e+07 1e+07 1e+07 1e+07 1e+07 1e+07 1e+07 8.89429e+06 8.89429e+06 8.89429e+06 8.89429e+06 4.99424e+06 4.21848e+06 758703 758703 758703 185432 185432 36350 36350 36350 2957 2957 2413 2413 2413 2413 1655 1655 1257 356 
0.565487 1e+07 1e+07 1e+07 1e+07 1e+07 1e+07 1e+07 1e+07 1e+07 1e+07 1e+07 1e+07 1e+07 1e+07 1e+07 1e+07 1e+07 1e+07 1e+07 1e+07 1e+07 1e+07 1e+07 1e+07 1e+07 1e+07 1e+07 1e+07 1e+07 1e+07 1e+07 1e+07 1e+07 1e+07 1e+07 1e+07 1e+07 1e+07 1e+07 1e+07 7.70326e+06 7.70326e+06 7.70326e+06 7.70326e+06 4.68833e+06 3.84733e+06 626266 626266 585289 585289 540354 122795 12632 12632 12632 5587 5587 5587 2195 2195 1704 1704 1704 1704 247 
0.581195 1e+07 1e+07 1e+07 1e+07 1e+07 1e+07 1e+07 1e+07 1e+07 1e+07 1e+07 1e+07 1e+07 1e+07 1e+07 1e+07 1e+07 1e+07 1e+07 1e+07 1e+07 1e+07 1e+07 1e+07 1e+07 1e+07 1e+07 1e+07 1e+07 1e+07 1e+07 1e+07 1e+07 1e+07 1e+07 1e+07 1e+07 1e+07 1e+07 9.56121e+06 9.56121e+06 9.56121e+06 9.56121e+06 9.56121e+06 2.79052e+06 2.79052e+06 2.5708e+06 326803 326803 326803 326803 58038 58038 17605 4738 4738 4738 4738 1342 1342 1342 563 
0.596903 1e+07 1e+07 1e+07 1e+07 1e+07 1e+07 1e+07 1e+07 1e+07 1e+07 1e+07 1e+07 1e+07 1e+07 1e+07 1e+07 1e+07 1e+07 1e+07 1e+07 1e+07 1e+07 1e+07 1e+07 1e+07 1e+07 1e+07 1e+07 1e+07 1e+07 1e+07 1e+07 1e+07 1e+07 1e+07 1e+07 1e+07 1e+07 1e+07 5.06704e+06 5.06704e+06 5.06704e+06 5.06704e+06 2.53964e+06 1.97158e+06 1.97158e+06 1.97158e+06 1.97158e+06 440126 440126 440126 114147 114147 82682 8123 8123 3362 3020 3020 437 
0.612611 1e+07 1e+07 1e+07 1e+07 1e+07 1e+07 1e+07 1e+07 1e+07 1e+07 1e+07 1e+07 1e+07 1e+07 1e+07 1e+07 1e+07 1e+07 1e+07 1e+07 1e+07 1e+07 1e+07 1e+07 1e+07 1e+07 1e+07 1e+07 1e+07 1e+07 1e+07 1e+07 1e+07 1e+07 1e+07 1e+07 1e+07 1e+07 1e+07 1e+07 1e+07 6.89096e+06 5.68276e+06 5.68276e+06 5.68276e+06 2.11619e+06 984517 601311 508635 398119 246583 59118 59118 43402 32102 8305 2497 2497 2494 1267 433 
