epsilon_k[0] 0.0001
epsilon_k[1] 2.18e-05
epsilon_k[2] 7.08e-05
epsilon_k[3] 2.54e-05
epsilon_k[4] 1e-05
epsilon_k[5] 7.8e-06
epsilon_k[6] 2.18e-05
omega_x0 0.31
omega_y0 0.32
dx 0.01
epsilon 1
max_turns 10000000
from_y 32
to_y 40
0.32 14 14 15 15 15 15 16 16 17 17 18 19 20 22 27 40 34 22 19 17 16 15 14 14 13 13 12 12 11 11 11 10 10 10 10 9 9 9 9 9 9 8 8 8 8 8 8 8 8 8 7 7 7 7 7 7 7 7 7 7 7 6 6 6 6 6 6 6 6 6 6 6 6 6 6 6 6 6 6 5 
0.33 14 14 14 14 14 15 15 15 16 16 17 17 18 20 22 28 68 22 19 17 16 15 14 14 13 12 12 12 11 11 11 10 10 10 10 9 9 9 9 9 9 8 8 8 8 8 8 8 8 7 7 7 7 7 7 7 7 7 7 7 6 6 6 6 6 6 6 6 6 6 6 6 6 6 6 6 6 6 5 5 
0.34 13 13 14 14 14 14 14 15 15 15 16 16 17 18 19 22 46 23 19 17 16 15 14 13 13 12 12 11 11 11 11 10 10 10 10 9 9 9 9 9 8 8 8 8 8 8 8 8 8 7 7 7 7 7 7 7 7 7 7 7 6 6 6 6 6 6 6 6 6 6 6 6 6 6 6 6 6 5 5 5 
0.35 13 13 13 13 13 14 14 14 14 14 15 15 16 17 18 19 23 26 20 17 16 15 14 13 13 12 12 11 11 11 10 10 10 10 9 9 9 9 9 9 8 8 8 8 8 8 8 8 7 7 7 7 7 7 7 7 7 7 7 6 6 6 6 6 6 6 6 6 6 6 6 6 6 6 6 6 5 5 5 5 
0.36 12 13 13 13 13 13 13 13 14 14 14 15 15 16 16 17 19 26 20 18 16 15 14 13 13 12 12 11 11 11 10 10 10 10 9 9 9 9 9 8 8 8 8 8 8 8 8 8 7 7 7 7 7 7 7 7 7 7 6 6 6 6 6 6 6 6 6 6 6 6 6 6 6 6 6 5 5 5 5 5 
0.37 12 12 12 12 12 13 13 13 13 13 14 14 14 15 15 16 17 19 23 18 16 15 14 13 13 12 12 11 11 11 10 10 10 10 9 9 9 9 9 8 8 8 8 8 8 8 8 7 7 7 7 7 7 7 7 7 7 7 6 6 6 6 6 6 6 6 6 6 6 6 6 6 6 6 5 5 5 5 5 5 
0.38 12 12 12 12 12 12 12 12 13 13 13 13 14 14 14 15 16 17 21 19 16 15 14 13 13 12 12 11 11 11 10 10 10 9 9 9 9 9 8 8 8 8 8 8 8 8 7 7 7 7 7 7 7 7 7 7 7 6 6 6 6 6 6 6 6 6 6 6 6 6 6 6 6 5 5 5 5 5 5 5 
0.39 11 11 12 12 12 12 12 12 12 12 13 13 13 13 14 14 15 16 17 22 17 15 14 13 13 12 12 11 11 10 10 10 10 9 9 9 9 9 8 8 8 8 8 8 8 8 7 7 7 7 7 7 7 7 7 7 7 6 6 6 6 6 6 6 6 6 6 6 6 6 6 6 5 5 5 5 5 5 5 5 
