epsilon_k[0] 0.0001
epsilon_k[1] 2.18e-05
epsilon_k[2] 7.08e-05
epsilon_k[3] 2.54e-05
epsilon_k[4] 1e-05
epsilon_k[5] 7.8e-06
epsilon_k[6] 2.18e-05
omega_x0 0.168
omega_y0 0.201
dx 0.01
n_theta 100
dtheta 0.015708
epsilon 8
max_turns 10000000
from_angle 80
to_angle 85
1.25664 1e+07 1e+07 1e+07 1e+07 1e+07 1e+07 1e+07 1e+07 1e+07 1e+07 1e+07 1e+07 1e+07 1e+07 1e+07 1e+07 1e+07 1e+07 1e+07 1e+07 1e+07 1e+07 1e+07 1e+07 1e+07 1e+07 1e+07 1e+07 1e+07 1e+07 1e+07 1e+07 1e+07 1e+07 1e+07 1e+07 1e+07 3.50996e+06 1e+07 1.43891e+06 351154 288653 73745 268192 81867 39431 66147 5808 8809 8501 2396 910 449 1637 2024 670 996 927 163 158 65 102 60 272 62 52 56 60 73 71 31 17 37 226 37 10 9 8 8 7 7 7 7 7 6 6 6 6 6 6 6 6 6 6 6 6 6 5 5 5 
1.27235 1e+07 1e+07 1e+07 1e+07 1e+07 1e+07 1e+07 1e+07 1e+07 1e+07 1e+07 1e+07 1e+07 1e+07 1e+07 1e+07 1e+07 1e+07 1e+07 1e+07 1e+07 1e+07 1e+07 1e+07 1e+07 1e+07 1e+07 1e+07 1e+07 1e+07 1e+07 1e+07 1e+07 1e+07 1e+07 1e+07 1e+07 1e+07 1.87298e+06 255518 3.63621e+06 345211 314972 217493 61326 1.22078e+06 27344 6001 3265 124914 5816 1345 2187 4412 680 1125 774 369 704 111 34 34 52 128 74 47 111 215 55 34 59 71 17 62 22 54 10 8 8 8 7 7 7 7 7 6 6 6 6 6 6 6 6 6 6 6 6 6 5 5 
1.28805 1e+07 1e+07 1e+07 1e+07 1e+07 1e+07 1e+07 1e+07 1e+07 1e+07 1e+07 1e+07 1e+07 1e+07 1e+07 1e+07 1e+07 1e+07 1e+07 1e+07 1e+07 1e+07 1e+07 1e+07 1e+07 1e+07 1e+07 1e+07 1e+07 1e+07 1e+07 1e+07 1e+07 1e+07 1e+07 1e+07 1e+07 1e+07 1e+07 7.63477e+06 1.35994e+06 1.15126e+06 236972 96698 1.08265e+06 161044 265193 45802 2974 20834 1707 1546 1140 518 957 249 366 248 1285 84 217 38 56 38 26 95 94 49 422 61 113 67 29 17 43 231 28 10 9 8 8 7 7 7 7 7 6 6 6 6 6 6 6 6 6 6 6 6 6 6 
1.30376 1e+07 1e+07 1e+07 1e+07 1e+07 1e+07 1e+07 1e+07 1e+07 1e+07 1e+07 1e+07 1e+07 1e+07 1e+07 1e+07 1e+07 1e+07 1e+07 1e+07 1e+07 1e+07 1e+07 1e+07 1e+07 1e+07 1e+07 1e+07 1e+07 1e+07 1e+07 1e+07 1e+07 1e+07 1e+07 1e+07 1e+07 1e+07 6.62606e+06 6.32077e+06 605070 2.27776e+06 540653 67415 63790 70556 25069 7671 17302 6608 34904 3195 9589 11876 1753 1658 532 170 272 468 33 26 377 322 35 1875 50 60 59 31 69 44 63 40 16 16 66 16 20 9 8 8 7 7 7 7 7 7 6 6 6 6 6 6 6 6 6 6 6 6 
1.31947 1e+07 1e+07 1e+07 1e+07 1e+07 1e+07 1e+07 1e+07 1e+07 1e+07 1e+07 1e+07 1e+07 1e+07 1e+07 1e+07 1e+07 1e+07 1e+07 1e+07 1e+07 1e+07 1e+07 1e+07 1e+07 1e+07 1e+07 1e+07 1e+07 1e+07 1e+07 1e+07 1e+07 1e+07 1e+07 1e+07 1e+07 1e+07 6.29412e+06 1e+07 4.24377e+06 1.04865e+06 1e+07 2.65609e+06 60875 218041 24982 42014 31022 11978 1453 3181 3483 2634 12822 1490 348 264 227 1467 97 159 39 544 165 54 251 42 41 35 107 96 128 36 29 47 21 79 158 29 10 8 8 8 7 7 7 7 7 7 6 6 6 6 6 6 6 6 6 6 
1.33518 1e+07 1e+07 1e+07 1e+07 1e+07 1e+07 1e+07 1e+07 1e+07 1e+07 1e+07 1e+07 1e+07 1e+07 1e+07 1e+07 1e+07 1e+07 1e+07 1e+07 1e+07 1e+07 1e+07 1e+07 1e+07 1e+07 1e+07 1e+07 1e+07 1e+07 1e+07 1e+07 1e+07 1e+07 1e+07 1e+07 1e+07 1e+07 1e+07 1.73908e+06 8.54751e+06 461781 800980 210779 68850 52097 74323 9966 2316 11029 136694 5745 7923 51628 373 352 6586 514 176 210 132 175 25 43 53 57 75 24 30 28 98 38 37 34 17 17 16 17 14 56 20 38 10 9 8 8 7 7 7 7 7 7 6 6 6 6 6 6 6 6 
