epsilon_k[0] 0.0001
epsilon_k[1] 2.18e-05
epsilon_k[2] 7.08e-05
epsilon_k[3] 2.54e-05
epsilon_k[4] 1e-05
epsilon_k[5] 7.8e-06
epsilon_k[6] 2.18e-05
omega_x0 0.168
omega_y0 0.201
dx 0.01
n_theta 100
dtheta 0.015708
epsilon 36
max_turns 10000000
from_angle 5
to_angle 10
0.0785398 1e+07 1e+07 1e+07 1e+07 1e+07 1e+07 1e+07 1e+07 1e+07 1e+07 1e+07 1e+07 1e+07 1e+07 1e+07 1e+07 1e+07 1e+07 1e+07 1e+07 1e+07 1e+07 1e+07 1e+07 1e+07 1e+07 1e+07 1e+07 1e+07 1e+07 1e+07 1e+07 1e+07 1e+07 1e+07 1e+07 1e+07 1e+07 1e+07 1e+07 1e+07 1e+07 1e+07 1e+07 2.15422e+06 1e+07 1e+07 1.86652e+06 1e+07 1e+07 1e+07 1e+07 1e+07 1e+07 1e+07 8.2389e+06 1e+07 1.93564e+06 8.64915e+06 256039 90346 15009 14695 1128 4249 2198 1328 7640 4084 4631 1752 1868 4916 803 1265 435 728 1780 190 306 267 120 6769 125 252 20 325 8 7 7 6 6 6 6 6 5 5 5 5 5 
0.0942478 1e+07 1e+07 1e+07 1e+07 1e+07 1e+07 1e+07 1e+07 1e+07 1e+07 1e+07 1e+07 1e+07 1e+07 1e+07 1e+07 1e+07 1e+07 1e+07 1e+07 1e+07 1e+07 1e+07 1e+07 1e+07 1e+07 1e+07 1e+07 1e+07 1e+07 1e+07 1e+07 1e+07 1e+07 1e+07 1e+07 1e+07 1e+07 1e+07 1e+07 1e+07 1e+07 1e+07 1e+07 6.99789e+06 1.35333e+06 1e+07 1e+07 1e+07 1e+07 1e+07 1e+07 1e+07 1e+07 6.39686e+06 1e+07 2.09663e+06 1.22727e+06 528524 1.30797e+06 16303 10712 4191 17088 2156 2946 27694 965 22108 7066 5619 1216 11821 5441 1198 331 1458 423 200 443 284 1522 1560 312 62 17 17 8 7 7 6 6 6 6 6 6 5 5 5 5 
0.109956 1e+07 1e+07 1e+07 1e+07 1e+07 1e+07 1e+07 1e+07 1e+07 1e+07 1e+07 1e+07 1e+07 1e+07 1e+07 1e+07 1e+07 1e+07 1e+07 1e+07 1e+07 1e+07 1e+07 1e+07 1e+07 1e+07 1e+07 1e+07 1e+07 1e+07 1e+07 1e+07 1e+07 1e+07 1e+07 1e+07 1e+07 1e+07 1e+07 1e+07 1e+07 1e+07 1e+07 1e+07 1e+07 825084 1.07462e+06 511413 2.61992e+06 2.40925e+06 1e+07 1e+07 4.59686e+06 8.4318e+06 5.41469e+06 1.31407e+06 936682 2.25707e+06 593891 269499 26708 11250 9886 2830 65580 4034 3614 3699 994 1456 4463 1258 5597 1733 967 1210 4186 2490 1334 5348 208 209 121 296 477 185 293 10 8 7 7 6 6 6 6 6 5 5 5 5 
0.125664 1e+07 1e+07 1e+07 1e+07 1e+07 1e+07 1e+07 1e+07 1e+07 1e+07 1e+07 1e+07 1e+07 1e+07 1e+07 1e+07 1e+07 1e+07 1e+07 1e+07 1e+07 1e+07 1e+07 1e+07 1e+07 1e+07 1e+07 1e+07 1e+07 1e+07 1e+07 1e+07 1e+07 1e+07 1e+07 1e+07 1e+07 1e+07 1e+07 1e+07 1e+07 1e+07 1e+07 1e+07 4.76918e+06 1.31364e+06 373475 3.67038e+06 72977 1.2082e+06 1.5281e+06 1e+07 1e+07 5.96647e+06 8.87364e+06 5.12918e+06 515078 683289 1.7472e+06 220995 24717 9428 5899 12909 19839 8735 3667 2502 3169 3872 7020 2999 1318 1363 400 158 58 169 304 316 92 237 63 2193 528 213 16 37 8 7 7 6 6 6 6 6 6 5 5 5 
0.141372 1e+07 1e+07 1e+07 1e+07 1e+07 1e+07 1e+07 1e+07 1e+07 1e+07 1e+07 1e+07 1e+07 1e+07 1e+07 1e+07 1e+07 1e+07 1e+07 1e+07 1e+07 1e+07 1e+07 1e+07 1e+07 1e+07 1e+07 1e+07 1e+07 1e+07 1e+07 1e+07 1e+07 1e+07 1e+07 1e+07 1e+07 1e+07 1e+07 1e+07 1e+07 1e+07 1e+07 1e+07 1e+07 946814 356089 244196 192950 2.24565e+06 471551 1e+07 3.38296e+06 5.60005e+06 1.2896e+06 1.8362e+06 505565 85246 316164 49759 33297 5653 4019 8523 16014 4000 2407 2770 1410 12872 1347 1196 1260 1154 739 511 255 446 246 102 126 111 169 567 458 167 95 607 10 8 7 7 6 6 6 6 6 5 5 5 
0.15708 1e+07 1e+07 1e+07 1e+07 1e+07 1e+07 1e+07 1e+07 1e+07 1e+07 1e+07 1e+07 1e+07 1e+07 1e+07 1e+07 1e+07 1e+07 1e+07 1e+07 1e+07 1e+07 1e+07 1e+07 1e+07 1e+07 1e+07 1e+07 1e+07 1e+07 1e+07 1e+07 1e+07 1e+07 1e+07 1e+07 1e+07 1e+07 1e+07 1e+07 1e+07 1e+07 1e+07 1e+07 1e+07 770008 160109 60862 225375 23391 488352 308656 1.93712e+06 2.22359e+06 2.5778e+06 351135 257891 156938 61478 166219 9499 17208 4231 3762 11972 5110 9255 1319 1112 6402 2959 3659 703 416 384 409 288 9113 4745 155 157 216 202 664 109 32 459 16 17 9 7 7 7 6 6 6 6 6 5 5 
