epsilon_k[0] 0.0001
epsilon_k[1] 2.18e-05
epsilon_k[2] 7.08e-05
epsilon_k[3] 2.54e-05
epsilon_k[4] 1e-05
epsilon_k[5] 7.8e-06
epsilon_k[6] 2.18e-05
omega_x0 0.168
omega_y0 0.201
dx 0.01
n_theta 100
dtheta 0.015708
epsilon 60
max_turns 10000000
from_angle 90
to_angle 95
1.41372 1e+07 1e+07 1e+07 1e+07 1e+07 1e+07 1e+07 1e+07 1e+07 1e+07 1e+07 1e+07 1e+07 1e+07 1e+07 1e+07 1e+07 1e+07 1e+07 1e+07 1e+07 1e+07 1e+07 1e+07 1e+07 1e+07 1e+07 1e+07 1e+07 1e+07 1e+07 1e+07 1e+07 1e+07 4.29557e+06 6.46841e+06 1.30403e+06 1.30535e+06 676301 615775 594874 420770 1.87368e+06 40952 388352 225715 66748 1.14316e+06 107150 45180 2231 972 5377 4597 410 414 508 1431 253 471 872 100 101 109 122 83 521 63 90 27 33 36 33 145 21 72 20 18 19 15 15 20 25 15 14 21 18 15 12 11 10 10 10 10 10 10 10 10 10 10 
1.42942 1e+07 1e+07 1e+07 1e+07 1e+07 1e+07 1e+07 1e+07 1e+07 1e+07 1e+07 1e+07 1e+07 1e+07 1e+07 1e+07 1e+07 1e+07 1e+07 1e+07 1e+07 1e+07 1e+07 1e+07 1e+07 1e+07 1e+07 1e+07 1e+07 1e+07 1e+07 1e+07 1e+07 1e+07 1e+07 8.86445e+06 7.80098e+06 1.75204e+06 3.80677e+06 776387 4.66306e+06 451534 847376 183740 1.0097e+06 238178 46147 15822 8604 4670 26130 4609 1339 57646 795 1111 1070 1387 400 161 280 371 106 63 67 67 97 43 38 118 290 41 55 31 57 35 29 28 22 14 14 14 14 18 22 19 15 14 17 20 13 12 12 20 13 11 11 10 10 10 
1.44513 1e+07 1e+07 1e+07 1e+07 1e+07 1e+07 1e+07 1e+07 1e+07 1e+07 1e+07 1e+07 1e+07 1e+07 1e+07 1e+07 1e+07 1e+07 1e+07 1e+07 1e+07 1e+07 1e+07 1e+07 1e+07 1e+07 1e+07 1e+07 1e+07 1e+07 1e+07 1e+07 1e+07 1e+07 1e+07 1e+07 6.89904e+06 2.56312e+06 1.57293e+06 1.62657e+06 835590 2.25147e+06 252201 657308 196807 134968 82532 21476 39169 119942 9700 43770 2763 1115 379 1582 1661 11603 1593 761 748 263 2510 193 149 87 143 2114 48 83 84 48 30 49 69 92 60 49 25 97 28 57 30 26 30 14 13 13 13 12 12 12 12 12 12 12 12 12 11 11 
1.46084 1e+07 1e+07 1e+07 1e+07 1e+07 1e+07 1e+07 1e+07 1e+07 1e+07 1e+07 1e+07 1e+07 1e+07 1e+07 1e+07 1e+07 1e+07 1e+07 1e+07 1e+07 1e+07 1e+07 1e+07 1e+07 1e+07 1e+07 1e+07 1e+07 1e+07 1e+07 1e+07 1e+07 1e+07 1e+07 1e+07 8.19394e+06 3.91788e+06 2.0724e+06 598288 678607 2.68088e+06 404606 433671 722967 88442 114200 131052 22271 8235 183234 1427 10138 2289 1246 3013 1112 15393 635 282 248 279 165 271 313 132 130 117 31 60 204 59 102 56 62 26 41 36 31 20 23 22 26 17 17 24 22 14 14 13 14 19 15 18 16 12 11 10 10 10 
1.47655 1e+07 1e+07 1e+07 1e+07 1e+07 1e+07 1e+07 1e+07 1e+07 1e+07 1e+07 1e+07 1e+07 1e+07 1e+07 1e+07 1e+07 1e+07 1e+07 1e+07 1e+07 1e+07 1e+07 1e+07 1e+07 1e+07 1e+07 1e+07 1e+07 1e+07 1e+07 1e+07 1e+07 1e+07 1e+07 1e+07 3.12881e+06 4.00655e+06 5.3321e+06 4.50586e+06 503585 1.55134e+06 280794 410313 643309 79939 80186 62476 357318 4382 84329 14712 25913 5613 2199 4575 1153 1323 958 1885 1084 206 310 163 415 1983 51 138 88 49 473 185 27 37 39 358 73 56 22 26 30 35 18 20 23 41 17 13 11 10 10 10 10 9 9 9 9 9 9 9 
1.49226 1e+07 1e+07 1e+07 1e+07 1e+07 1e+07 1e+07 1e+07 1e+07 1e+07 1e+07 1e+07 1e+07 1e+07 1e+07 1e+07 1e+07 1e+07 1e+07 1e+07 1e+07 1e+07 1e+07 1e+07 1e+07 1e+07 1e+07 1e+07 1e+07 1e+07 1e+07 1e+07 1e+07 1e+07 1e+07 1e+07 6.03324e+06 9.99626e+06 2.36669e+06 988003 7.29347e+06 3.92721e+06 234695 241727 193698 89477 5.2583e+06 126907 127456 49165 125157 43615 8119 928 1537 4562 63431 1662 646 962 137 449 3760 379 15368 129 767 282 62 94 103 159 146 204 36 62 20 40 49 28 146 21 17 35 18 11 11 10 10 10 9 9 9 9 9 9 9 9 8 8 
