epsilon_k[0]0.1
epsilon_k[0]2.18e-05
epsilon_k[0]7.08e-05
epsilon_k[0]2.54e-05
epsilon_k[0]1e-05
epsilon_k[0]7.8e-06
epsilon_k[0]0.218
omega_x01.94779
omega_y02.01062
dx 0.01
n_theta 100
dtheta 0.00785398
epsilon 32
max_turns 10000000
from_angle 56
to_angle 64
0.439823 1e+07 36565 7765 7765 3803 2951 2024 1719 944 
0.447677 1e+07 36564 7751 6248 3970 2885 2150 1695 965 
0.455531 1e+07 36564 7748 5732 3914 2941 2245 1703 1025 615 
0.463385 1e+07 36564 7785 5420 4151 2997 2192 1704 1035 614 
0.471239 1e+07 36564 7741 5404 3698 3014 2209 1731 1073 614 
0.479093 1e+07 36565 7855 5345 3682 3682 2317 1738 1219 623 
0.486947 1e+07 36568 7910 5314 3683 3486 2332 1744 1370 621 
0.494801 1e+07 36569 7926 5309 3698 3583 2343 1817 1655 706 
