epsilon_k[0] 0.0001
epsilon_k[1] 2.18e-05
epsilon_k[2] 7.08e-05
epsilon_k[3] 2.54e-05
epsilon_k[4] 1e-05
epsilon_k[5] 7.8e-06
epsilon_k[6] 2.18e-05
omega_x0 0.28
omega_y0 0.31
dx 0.001
epsilon 0
max_turns 10000000
from_y 400
to_y 480
0.4 75 300 510 84 51 49 48 48 49 50 55 79 145 337 168 129 169 108 2917 4830 90 338 201 128 560 1571 96 300 146 425 1102 754 3482 573 200 3709 839 398 2002 5568 3708 44168 11761 21574 4.50948e+06 1e+07 1e+07 1e+07 1e+07 1e+07 1e+07 1e+07 1e+07 1e+07 1e+07 1e+07 1e+07 1e+07 1e+07 1e+07 1e+07 1e+07 1e+07 1e+07 1e+07 1e+07 1e+07 1e+07 1e+07 1e+07 1e+07 1e+07 1e+07 1e+07 117342 4107 3535 5168 583 885 
0.401 329 561 74 108 183 53 50 48 48 48 49 50 920 771 1044 1786 454 101 529 442 191 91 205 396 94 124 121 129 415 830 292 1191 2801 151 151 302 2183 6894 1305 730 4099 607 7074 6011 38880 1e+07 1e+07 1e+07 1e+07 1e+07 1e+07 1e+07 1e+07 1e+07 1e+07 1e+07 1e+07 1e+07 1e+07 1e+07 1e+07 1e+07 1e+07 1e+07 1e+07 1e+07 1e+07 1e+07 1e+07 1e+07 1e+07 1e+07 188756 347440 56983 3688 1383 986 1687 1134 
0.402 708 164 491 116 75 276 148 51 49 48 48 48 49 51 282 301 374 552 307 167 104 286 246 229 187 100 67 123 251 122 171 172 303 149 150 687 410 916 589 1169 1196 7191 2385 13782 263287 1.87748e+06 317138 535328 1e+07 1e+07 1e+07 1e+07 1e+07 1e+07 1e+07 1e+07 1e+07 1e+07 1e+07 1e+07 1e+07 1e+07 1e+07 1e+07 1e+07 1e+07 1e+07 1e+07 1e+07 1e+07 1e+07 1e+07 72904 20222 21219 3376 985 4738 232 568 
0.403 171 169 297 295 375 76 78 467 55 50 48 48 47 48 49 52 80 415 417 1230 138 141 504 114 1130 863 122 64 70 402 120 258 252 1261 388 178 252 1187 438 220 1522 2751 435 652 1423 1509 2672 24844 1e+07 1e+07 1e+07 1e+07 1e+07 1e+07 1e+07 1e+07 1e+07 1e+07 1e+07 1e+07 1e+07 1e+07 1e+07 1e+07 1e+07 1e+07 1e+07 1e+07 1e+07 1e+07 1e+07 188477 282716 20931 1141 1535 751 3260 316 2121 
0.404 552 137 156 172 227 91 353 74 105 154 51 49 48 47 47 48 49 59 130 253 231 104 80 366 519 380 312 263 62 64 118 120 627 321 151 271 747 2205 827 248 779 550 403 4945 4541 1994 11688 17154 33944 53573 2.90784e+06 1e+07 1e+07 1e+07 1e+07 1e+07 1e+07 1e+07 1e+07 1e+07 1e+07 1e+07 1e+07 1e+07 1e+07 1e+07 1e+07 1e+07 1e+07 1e+07 62576 9.30058e+06 4777 623 465 702 75315 2349 1735 474 
0.405 107 162 94 203 409 486 268 90 369 74 130 134 50 48 47 47 47 48 50 81 223 651 376 178 126 196 86 263 99 61 63 362 396 102 772 241 422 531 175 221 623 1285 821 628 1235 28965 2726 883 10178 2864 38724 14114 66673 1e+07 1e+07 1e+07 1e+07 1e+07 1e+07 1e+07 1e+07 1e+07 1e+07 1e+07 1e+07 1e+07 1e+07 722911 403135 24463 2259 25140 1077 8957 6377 435 276 669 712 546 
0.406 28 53 119 94 92 174 133 200 403 90 199 75 345 52 49 47 47 47 47 48 51 190 225 580 100 76 355 89 365 99 61 61 252 211 303 275 431 146 995 472 243 685 428 724 491 3010 10735 3760 5668 2469 5469 4154 25965 2.96863e+06 1e+07 1e+07 1e+07 1e+07 1e+07 1e+07 1e+07 1e+07 1e+07 1e+07 1e+07 1e+07 1e+07 1e+07 45550 12203 45396 2374 9533 844 2391 392 2075 408 630 340 
0.407 23 25 28 53 92 151 93 730 131 318 193 139 77 195 135 50 48 47 47 47 47 49 60 199 196 262 78 129 112 440 227 60 61 339 97 187 201 199 289 133 1140 382 250 715 1558 745 708 3528 4036 656 2033 4395 4914 203622 1e+07 1e+07 1e+07 1e+07 1e+07 1e+07 1e+07 1e+07 1e+07 1e+07 1e+07 1e+07 1e+07 1e+07 1e+07 4803 2944 20956 628 344 354 457 258 1295 696 4682 
0.408 21 22 23 24 28 53 120 75 99 117 131 252 129 179 74 131 56 49 47 47 46 47 47 49 78 246 311 132 75 101 127 93 60 60 95 92 192 106 145 253 366 229 405 1278 327 634 1543 776 686 1170 1127 1384 1126 9023 1e+07 1e+07 1e+07 1e+07 1e+07 1e+07 1e+07 1e+07 1e+07 1e+07 1e+07 1e+07 1e+07 1e+07 1e+07 6493 4119 866 663 651 1333 315 785 1570 281 260 
0.409 20 21 21 22 23 24 28 52 153 70 122 138 131 328 335 300 74 166 51 48 47 46 46 47 48 51 199 249 171 74 265 86 281 60 60 65 90 205 195 204 177 458 537 325 243 330 787 1142 1010 513 964 896 260 901 681 536 3.88918e+06 1e+07 1e+07 1e+07 1e+07 1e+07 1e+07 1e+07 1e+07 1e+07 1e+07 10214 2963 1799 664 1224 515 271 593 544 1226 409 558 118 
0.41 19 20 20 21 21 22 23 24 28 52 134 70 309 176 130 205 238 134 76 96 49 47 47 46 46 47 48 103 184 258 594 82 201 528 60 59 63 88 307 137 758 175 546 281 282 376 478 468 942 256 300 1332 545 820 348 452 793 1e+07 1e+07 302723 54982 53949 1e+07 1e+07 1e+07 1e+07 5227 1432 290 628 2483 312 238 617 812 432 457 941 186 749 
0.411 19 19 19 20 20 21 21 22 23 24 28 52 140 70 141 99 131 207 89 79 121 54 48 47 46 46 46 47 50 118 158 240 73 99 177 61 59 61 88 248 109 120 169 358 1243 280 497 1021 312 246 364 148 345 443 148 209 208 286 305 538 1053 1e+07 803 687 275 289 503 685 394 391 238 209 1246 411 360 515 607 187 285 234 
0.412 18 19 19 19 19 20 20 21 21 22 23 25 29 53 68 72 113 95 413 240 88 74 156 50 47 46 46 46 46 48 54 118 209 75 172 171 62 59 60 89 121 103 346 169 255 331 477 309 435 186 136 155 415 155 152 312 121 172 266 229 441 1111 1657 1161 499 335 180 231 219 1155 711 157 192 161 1377 123 245 368 207 663 
0.413 18 18 18 19 19 19 19 20 20 21 21 22 23 25 30 55 66 111 111 93 190 266 157 74 109 49 47 46 46 46 47 49 241 133 99 74 85 66 59 59 192 229 106 163 136 126 286 338 420 298 196 221 108 80 78 78 82 106 178 165 284 555 1293 349 382 223 142 363 517 135 246 308 219 107 186 169 264 254 369 276 
0.414 18 18 18 18 18 19 19 19 19 20 20 21 21 22 23 25 31 177 66 161 109 93 151 1135 100 104 52 48 46 46 46 46 47 51 119 211 73 99 147 59 59 357 222 131 380 125 197 463 275 142 329 110 77 80 418 179 124 162 77 76 113 317 169 272 220 339 213 122 92 93 91 149 255 241 120 402 207 484 136 482 
0.415 17 17 18 18 18 18 18 19 19 19 19 20 20 21 21 22 23 25 82 81 67 318 108 94 282 201 76 338 49 47 46 46 46 46 48 78 260 275 104 322 59 58 99 119 115 496 114 256 223 411 237 82 86 92 218 207 395 253 559 91 118 86 75 106 288 182 781 750 94 163 301 944 178 90 252 235 472 94 240 178 
0.416 17 17 17 17 18 18 18 18 18 19 19 19 19 20 20 21 21 22 23 25 73 154 70 108 179 228 16788 88 73 115 48 46 46 45 46 47 50 152 2029 72 84 60 58 62 153 274 106 294 111 261 160 134 181 155 66 64 64 64 64 64 65 275 152 116 76 172 195 143 469 270 182 79 79 79 308 92 170 153 163 108 
0.417 17 17 17 17 17 17 18 18 18 18 18 19 19 19 19 20 20 21 21 22 23 26 69 66 132 124 243 117 183 93 110 51 47 46 45 45 46 47 123 210 75 104 64 58 60 116 430 125 258 156 212 160 296 170 64 66 129 97 96 384 67 64 63 64 115 89 78 82 598 202 160 89 87 123 107 79 82 90 141 149 
0.418 17 17 17 17 17 17 17 17 18 18 18 18 18 19 19 19 19 20 20 21 22 22 24 26 53 65 94 120 108 109 144 116 190 49 46 45 45 45 46 49 118 113 73 127 58 59 237 122 241 149 220 201 78 112 65 93 125 91 95 88 172 125 150 296 64 62 65 203 86 149 230 178 148 181 59 59 124 81 81 91 
0.419 16 16 17 17 17 17 17 17 17 17 18 18 18 18 18 19 19 19 19 20 20 21 22 23 24 27 53 67 90 108 324 107 183 73 54 47 46 45 45 45 47 56 178 72 84 59 58 87 102 85 240 200 163 123 64 388 97 41 40 39 39 40 42 73 140 258 67 62 63 6000 78 116 115 157 141 54 52 53 100 80 
0.42 16 16 16 16 16 17 17 17 17 17 17 17 18 18 18 18 18 19 19 19 20 20 20 21 22 23 24 29 233 178 91 160 202 199 87 166 49 46 45 45 45 46 48 119 99 243 60 58 134 149 85 104 96 165 67 136 47 39 38 37 37 37 37 37 38 41 131 149 110 62 62 466 74 119 127 117 53 51 51 52 
0.421 16 16 16 16 16 16 16 17 17 17 17 17 17 17 18 18 18 18 18 19 19 19 20 20 20 21 22 23 25 33 67 91 91 156 334 837 99 127 48 46 45 45 45 46 53 116 71 119 58 62 75 85 259 392 77 65 89 39 37 36 36 36 36 36 36 36 37 39 47 138 91 62 62 160 74 112 178 53 50 50 
0.422 16 16 16 16 16 16 16 16 16 17 17 17 17 17 17 17 18 18 18 18 18 19 19 19 20 20 21 21 22 23 25 67 65 104 90 70 177 158 73 51 47 45 45 45 46 48 130 76 84 58 59 74 84 234 116 117 107 40 37 36 36 35 35 35 35 35 35 36 36 38 42 194 91 62 63 120 233 99 55 50 
0.423 16 16 16 16 16 16 16 16 16 16 16 17 17 17 17 17 17 17 18 18 18 18 18 19 19 19 20 20 21 21 22 23 26 52 131 106 89 67 91 93 105 48 46 45 45 45 46 53 168 77 59 58 76 83 94 84 98 139 38 36 35 35 34 34 34 34 34 34 35 35 36 37 42 649 93 61 66 74 133 239 
0.424 15 15 15 16 16 16 16 16 16 16 16 16 16 17 17 17 17 17 17 17 18 18 18 18 18 19 19 19 20 20 21 21 22 24 27 203 104 130 106 65 186 101 55 47 45 45 45 45 47 185 71 66 57 91 238 102 85 65 42 37 36 35 34 34 34 34 34 34 34 34 34 35 36 37 43 93 68 61 132 287 
0.425 15 15 15 15 15 16 16 16 16 16 16 16 16 16 16 17 17 17 17 17 17 17 18 18 18 18 18 19 19 19 20 20 21 22 23 24 30 65 340 104 98 65 306 74 49 46 45 44 45 46 53 199 84 57 69 170 96 129 65 40 37 35 34 34 34 33 33 33 33 33 33 34 34 35 36 37 126 84 62 61 
0.426 15 15 15 15 15 15 15 16 16 16 16 16 16 16 16 16 16 17 17 17 17 17 17 17 18 18 18 18 19 19 19 19 20 20 21 22 23 25 100 118 327 104 66 66 93 76 47 45 45 44 45 47 170 72 58 59 88 110 59 66 39 36 35 34 34 33 33 33 33 33 33 33 33 33 34 35 36 38 107 147 
0.427 15 15 15 15 15 15 15 15 15 16 16 16 16 16 16 16 16 16 16 17 17 17 17 17 17 17 18 18 18 18 19 19 19 20 20 20 21 22 23 26 52 327 197 88 64 92 75 50 46 45 44 45 46 62 75 62 57 74 73 56 75 38 36 34 34 33 33 33 32 32 32 32 32 33 33 33 34 35 36 39 
0.428 15 15 15 15 15 15 15 15 15 15 15 16 16 16 16 16 16 16 16 16 16 17 17 17 17 17 17 17 18 18 18 18 19 19 19 20 20 21 21 22 24 28 65 133 190 91 63 202 98 47 45 44 44 45 47 125 87 57 75 68 55 93 38 35 34 33 33 33 32 32 32 32 32 32 32 33 33 33 34 35 
0.429 15 15 15 15 15 15 15 15 15 15 15 15 15 16 16 16 16 16 16 16 16 16 16 17 17 17 17 17 17 18 18 18 18 18 19 19 19 20 20 21 22 23 25 36 105 107 180 65 64 86 51 46 45 44 44 46 91 71 58 201 68 54 93 37 35 34 33 33 32 32 32 32 32 32 32 32 32 32 33 33 
0.43 15 15 15 15 15 15 15 15 15 15 15 15 15 15 15 16 16 16 16 16 16 16 16 16 16 17 17 17 17 17 17 18 18 18 18 18 19 19 19 20 20 21 22 23 26 52 83 106 115 63 91 75 47 45 44 44 45 48 133 61 58 105 53 70 37 35 34 33 33 32 32 32 32 32 32 32 32 32 32 32 
0.431 14 14 15 15 15 15 15 15 15 15 15 15 15 15 15 15 15 16 16 16 16 16 16 16 16 16 16 17 17 17 17 17 17 18 18 18 18 18 19 19 19 20 20 21 22 24 27 64 212 129 85 62 105 52 46 44 44 44 46 132 97 57 126 53 65 37 35 34 33 32 32 32 32 31 31 31 31 31 32 32 
0.432 14 14 14 14 14 15 15 15 15 15 15 15 15 15 15 15 15 15 15 16 16 16 16 16 16 16 16 16 17 17 17 17 17 17 17 18 18 18 18 19 19 19 20 20 21 21 23 24 34 81 204 561 63 63 72 48 45 44 44 45 49 72 57 72 55 65 37 35 34 33 32 32 32 31 31 31 31 31 31 31 
0.433 14 14 14 14 14 14 14 15 15 15 15 15 15 15 15 15 15 15 15 15 15 16 16 16 16 16 16 16 16 16 17 17 17 17 17 17 17 18 18 18 18 19 19 19 20 20 21 22 23 25 52 106 86 115 61 257 55 46 44 44 44 46 127 60 65 82 108 37 35 33 33 32 32 31 31 31 31 31 31 31 
0.434 14 14 14 14 14 14 14 14 14 15 15 15 15 15 15 15 15 15 15 15 15 15 15 16 16 16 16 16 16 16 16 16 17 17 17 17 17 17 17 18 18 18 18 19 19 19 20 20 21 22 24 28 94 145 81 67 61 77 48 45 44 44 45 53 144 57 66 146 38 35 33 33 32 32 31 31 31 31 31 31 
0.435 14 14 14 14 14 14 14 14 14 14 14 15 15 15 15 15 15 15 15 15 15 15 15 15 15 16 16 16 16 16 16 16 16 16 17 17 17 17 17 17 18 18 18 18 18 19 19 20 20 21 21 23 24 48 153 104 271 62 65 61 46 44 44 44 47 78 57 82 53 38 35 33 32 32 31 31 31 31 31 31 
0.436 14 14 14 14 14 14 14 14 14 14 14 14 14 15 15 15 15 15 15 15 15 15 15 15 15 15 15 16 16 16 16 16 16 16 16 16 17 17 17 17 17 17 18 18 18 18 19 19 19 20 20 21 22 23 26 66 280 80 178 61 89 47 45 44 44 45 375 58 72 52 39 35 33 32 32 31 31 31 31 30 
0.437 14 14 14 14 14 14 14 14 14 14 14 14 14 14 14 15 15 15 15 15 15 15 15 15 15 15 15 15 15 16 16 16 16 16 16 16 16 16 17 17 17 17 17 17 18 18 18 18 19 19 19 20 20 21 22 24 30 119 1141 78 62 62 59 45 44 44 44 48 896 60 52 42 35 33 32 32 31 31 31 30 
0.438 14 14 14 14 14 14 14 14 14 14 14 14 14 14 14 14 14 15 15 15 15 15 15 15 15 15 15 15 15 15 15 16 16 16 16 16 16 16 16 16 17 17 17 17 17 17 18 18 18 18 19 19 20 20 21 22 23 25 51 120 103 101 60 85 47 44 44 44 46 92 57 451 100 35 33 32 32 31 31 31 
0.439 14 14 14 14 14 14 14 14 14 14 14 14 14 14 14 14 14 14 14 14 15 15 15 15 15 15 15 15 15 15 15 15 15 16 16 16 16 16 16 16 16 17 17 17 17 17 17 18 18 18 18 19 19 19 20 20 21 22 23 27 98 143 77 63 61 54 45 44 43 44 90 57 66 65 36 34 32 32 31 31 
0.44 14 14 14 14 14 14 14 14 14 14 14 14 14 14 14 14 14 14 14 14 14 14 15 15 15 15 15 15 15 15 15 15 15 15 15 16 16 16 16 16 16 16 16 17 17 17 17 17 17 18 18 18 18 19 19 19 20 20 21 22 25 75 115 134 108 60 85 47 44 43 44 47 86 72 54 36 34 32 32 31 
0.441 13 13 13 14 14 14 14 14 14 14 14 14 14 14 14 14 14 14 14 14 14 14 14 14 15 15 15 15 15 15 15 15 15 15 15 15 15 16 16 16 16 16 16 16 16 17 17 17 17 17 17 18 18 18 18 19 19 20 20 21 22 23 26 98 438 77 64 60 51 45 43 43 45 86 58 51 37 34 32 32 
0.442 13 13 13 13 13 14 14 14 14 14 14 14 14 14 14 14 14 14 14 14 14 14 14 14 14 14 15 15 15 15 15 15 15 15 15 15 15 15 16 16 16 16 16 16 16 16 16 17 17 17 17 17 18 18 18 18 19 19 19 20 20 21 22 24 48 135 92 77 60 99 46 44 43 44 51 56 52 38 34 33 
0.443 13 13 13 13 13 13 13 14 14 14 14 14 14 14 14 14 14 14 14 14 14 14 14 14 14 14 14 14 15 15 15 15 15 15 15 15 15 15 15 15 16 16 16 16 16 16 16 16 17 17 17 17 17 17 18 18 18 18 19 19 19 20 21 22 23 26 95 129 80 64 60 49 44 43 43 46 63 66 41 34 
0.444 13 13 13 13 13 13 13 13 13 13 14 14 14 14 14 14 14 14 14 14 14 14 14 14 14 14 14 14 14 14 15 15 15 15 15 15 15 15 15 15 15 15 16 16 16 16 16 16 16 16 17 17 17 17 17 17 18 18 18 18 19 19 20 20 21 22 24 36 140 92 75 59 72 45 43 43 44 88 72 69 
0.445 13 13 13 13 13 13 13 13 13 13 13 13 14 14 14 14 14 14 14 14 14 14 14 14 14 14 14 14 14 14 14 14 15 15 15 15 15 15 15 15 15 15 15 15 16 16 16 16 16 16 16 16 17 17 17 17 17 18 18 18 18 19 19 19 20 21 21 23 26 112 146 99 63 60 47 44 43 44 50 57 
0.446 13 13 13 13 13 13 13 13 13 13 13 13 13 13 14 14 14 14 14 14 14 14 14 14 14 14 14 14 14 14 14 14 14 14 15 15 15 15 15 15 15 15 15 15 15 15 16 16 16 16 16 16 16 16 17 17 17 17 17 18 18 18 18 19 19 20 20 21 22 24 35 171 104 75 59 67 45 43 43 45 
0.447 13 13 13 13 13 13 13 13 13 13 13 13 13 13 13 13 14 14 14 14 14 14 14 14 14 14 14 14 14 14 14 14 14 14 14 14 15 15 15 15 15 15 15 15 15 15 15 15 16 16 16 16 16 16 16 17 17 17 17 17 17 18 18 18 19 19 19 20 21 21 23 26 172 122 96 62 61 46 43 43 
0.448 13 13 13 13 13 13 13 13 13 13 13 13 13 13 13 13 13 13 14 14 14 14 14 14 14 14 14 14 14 14 14 14 14 14 14 14 14 14 15 15 15 15 15 15 15 15 15 15 15 16 16 16 16 16 16 16 16 17 17 17 17 17 18 18 18 18 19 19 20 20 21 22 24 74 196 146 74 59 50 44 
0.449 13 13 13 13 13 13 13 13 13 13 13 13 13 13 13 13 13 13 13 13 13 14 14 14 14 14 14 14 14 14 14 14 14 14 14 14 14 14 14 15 15 15 15 15 15 15 15 15 15 15 15 16 16 16 16 16 16 16 16 17 17 17 17 17 18 18 18 18 19 19 20 20 21 23 26 71 129 79 60 102 
0.45 13 13 13 13 13 13 13 13 13 13 13 13 13 13 13 13 13 13 13 13 13 13 13 14 14 14 14 14 14 14 14 14 14 14 14 14 14 14 14 14 14 15 15 15 15 15 15 15 15 15 15 15 15 16 16 16 16 16 16 16 17 17 17 17 17 17 18 18 18 19 19 20 20 21 22 24 60 239 98 79 
0.451 13 13 13 13 13 13 13 13 13 13 13 13 13 13 13 13 13 13 13 13 13 13 13 13 13 14 14 14 14 14 14 14 14 14 14 14 14 14 14 14 14 14 14 15 15 15 15 15 15 15 15 15 15 15 16 16 16 16 16 16 16 16 17 17 17 17 17 18 18 18 18 19 19 20 21 21 23 27 45 124 
0.452 13 13 13 13 13 13 13 13 13 13 13 13 13 13 13 13 13 13 13 13 13 13 13 13 13 13 13 14 14 14 14 14 14 14 14 14 14 14 14 14 14 14 14 14 14 15 15 15 15 15 15 15 15 15 15 15 16 16 16 16 16 16 16 17 17 17 17 17 17 18 18 18 19 19 20 20 21 22 24 54 
0.453 13 13 13 13 13 13 13 13 13 13 13 13 13 13 13 13 13 13 13 13 13 13 13 13 13 13 13 13 13 14 14 14 14 14 14 14 14 14 14 14 14 14 14 14 14 14 14 15 15 15 15 15 15 15 15 15 15 15 16 16 16 16 16 16 16 17 17 17 17 17 18 18 18 18 19 19 20 21 22 23 
0.454 12 12 13 13 13 13 13 13 13 13 13 13 13 13 13 13 13 13 13 13 13 13 13 13 13 13 13 13 13 13 13 14 14 14 14 14 14 14 14 14 14 14 14 14 14 14 14 14 14 15 15 15 15 15 15 15 15 15 15 15 16 16 16 16 16 16 16 17 17 17 17 17 18 18 18 19 19 20 20 21 
0.455 12 12 12 12 13 13 13 13 13 13 13 13 13 13 13 13 13 13 13 13 13 13 13 13 13 13 13 13 13 13 13 13 13 14 14 14 14 14 14 14 14 14 14 14 14 14 14 14 14 14 14 15 15 15 15 15 15 15 15 15 15 16 16 16 16 16 16 16 17 17 17 17 17 18 18 18 18 19 19 20 
0.456 12 12 12 12 12 12 12 13 13 13 13 13 13 13 13 13 13 13 13 13 13 13 13 13 13 13 13 13 13 13 13 13 13 13 13 14 14 14 14 14 14 14 14 14 14 14 14 14 14 14 14 14 15 15 15 15 15 15 15 15 15 15 15 16 16 16 16 16 16 16 17 17 17 17 17 18 18 18 19 19 
0.457 12 12 12 12 12 12 12 12 12 13 13 13 13 13 13 13 13 13 13 13 13 13 13 13 13 13 13 13 13 13 13 13 13 13 13 13 13 14 14 14 14 14 14 14 14 14 14 14 14 14 14 14 14 14 15 15 15 15 15 15 15 15 15 15 15 16 16 16 16 16 16 17 17 17 17 17 18 18 18 18 
0.458 12 12 12 12 12 12 12 12 12 12 12 12 13 13 13 13 13 13 13 13 13 13 13 13 13 13 13 13 13 13 13 13 13 13 13 13 13 13 13 14 14 14 14 14 14 14 14 14 14 14 14 14 14 14 14 14 15 15 15 15 15 15 15 15 15 15 16 16 16 16 16 16 16 17 17 17 17 17 18 18 
0.459 12 12 12 12 12 12 12 12 12 12 12 12 12 12 13 13 13 13 13 13 13 13 13 13 13 13 13 13 13 13 13 13 13 13 13 13 13 13 13 13 13 14 14 14 14 14 14 14 14 14 14 14 14 14 14 14 14 14 15 15 15 15 15 15 15 15 15 15 16 16 16 16 16 16 17 17 17 17 17 18 
0.46 12 12 12 12 12 12 12 12 12 12 12 12 12 12 12 12 13 13 13 13 13 13 13 13 13 13 13 13 13 13 13 13 13 13 13 13 13 13 13 13 13 13 13 14 14 14 14 14 14 14 14 14 14 14 14 14 14 14 14 15 15 15 15 15 15 15 15 15 15 16 16 16 16 16 16 16 17 17 17 17 
0.461 12 12 12 12 12 12 12 12 12 12 12 12 12 12 12 12 12 12 13 13 13 13 13 13 13 13 13 13 13 13 13 13 13 13 13 13 13 13 13 13 13 13 13 13 13 14 14 14 14 14 14 14 14 14 14 14 14 14 14 14 14 15 15 15 15 15 15 15 15 15 15 16 16 16 16 16 16 17 17 17 
0.462 12 12 12 12 12 12 12 12 12 12 12 12 12 12 12 12 12 12 12 12 12 13 13 13 13 13 13 13 13 13 13 13 13 13 13 13 13 13 13 13 13 13 13 13 13 13 13 14 14 14 14 14 14 14 14 14 14 14 14 14 14 14 14 15 15 15 15 15 15 15 15 15 15 16 16 16 16 16 16 17 
0.463 12 12 12 12 12 12 12 12 12 12 12 12 12 12 12 12 12 12 12 12 12 12 12 13 13 13 13 13 13 13 13 13 13 13 13 13 13 13 13 13 13 13 13 13 13 13 13 13 13 14 14 14 14 14 14 14 14 14 14 14 14 14 14 14 15 15 15 15 15 15 15 15 15 15 16 16 16 16 16 16 
0.464 12 12 12 12 12 12 12 12 12 12 12 12 12 12 12 12 12 12 12 12 12 12 12 12 12 13 13 13 13 13 13 13 13 13 13 13 13 13 13 13 13 13 13 13 13 13 13 13 13 13 13 14 14 14 14 14 14 14 14 14 14 14 14 14 14 14 15 15 15 15 15 15 15 15 15 15 16 16 16 16 
0.465 12 12 12 12 12 12 12 12 12 12 12 12 12 12 12 12 12 12 12 12 12 12 12 12 12 12 12 13 13 13 13 13 13 13 13 13 13 13 13 13 13 13 13 13 13 13 13 13 13 13 13 13 14 14 14 14 14 14 14 14 14 14 14 14 14 14 14 14 15 15 15 15 15 15 15 15 15 16 16 16 
0.466 12 12 12 12 12 12 12 12 12 12 12 12 12 12 12 12 12 12 12 12 12 12 12 12 12 12 12 12 12 13 13 13 13 13 13 13 13 13 13 13 13 13 13 13 13 13 13 13 13 13 13 13 13 13 14 14 14 14 14 14 14 14 14 14 14 14 14 14 14 15 15 15 15 15 15 15 15 15 15 16 
0.467 12 12 12 12 12 12 12 12 12 12 12 12 12 12 12 12 12 12 12 12 12 12 12 12 12 12 12 12 12 12 12 13 13 13 13 13 13 13 13 13 13 13 13 13 13 13 13 13 13 13 13 13 13 13 13 13 14 14 14 14 14 14 14 14 14 14 14 14 14 14 14 15 15 15 15 15 15 15 15 15 
0.468 12 12 12 12 12 12 12 12 12 12 12 12 12 12 12 12 12 12 12 12 12 12 12 12 12 12 12 12 12 12 12 12 12 12 13 13 13 13 13 13 13 13 13 13 13 13 13 13 13 13 13 13 13 13 13 13 13 13 14 14 14 14 14 14 14 14 14 14 14 14 14 14 14 15 15 15 15 15 15 15 
0.469 12 12 12 12 12 12 12 12 12 12 12 12 12 12 12 12 12 12 12 12 12 12 12 12 12 12 12 12 12 12 12 12 12 12 12 12 13 13 13 13 13 13 13 13 13 13 13 13 13 13 13 13 13 13 13 13 13 13 13 13 14 14 14 14 14 14 14 14 14 14 14 14 14 14 15 15 15 15 15 15 
0.47 12 12 12 12 12 12 12 12 12 12 12 12 12 12 12 12 12 12 12 12 12 12 12 12 12 12 12 12 12 12 12 12 12 12 12 12 12 12 13 13 13 13 13 13 13 13 13 13 13 13 13 13 13 13 13 13 13 13 13 13 13 14 14 14 14 14 14 14 14 14 14 14 14 14 14 14 15 15 15 15 
0.471 11 12 12 12 12 12 12 12 12 12 12 12 12 12 12 12 12 12 12 12 12 12 12 12 12 12 12 12 12 12 12 12 12 12 12 12 12 12 12 12 13 13 13 13 13 13 13 13 13 13 13 13 13 13 13 13 13 13 13 13 13 13 13 14 14 14 14 14 14 14 14 14 14 14 14 14 14 14 15 15 
0.472 11 11 11 12 12 12 12 12 12 12 12 12 12 12 12 12 12 12 12 12 12 12 12 12 12 12 12 12 12 12 12 12 12 12 12 12 12 12 12 12 12 12 13 13 13 13 13 13 13 13 13 13 13 13 13 13 13 13 13 13 13 13 13 13 13 14 14 14 14 14 14 14 14 14 14 14 14 14 14 15 
0.473 11 11 11 11 11 11 12 12 12 12 12 12 12 12 12 12 12 12 12 12 12 12 12 12 12 12 12 12 12 12 12 12 12 12 12 12 12 12 12 12 12 12 12 12 13 13 13 13 13 13 13 13 13 13 13 13 13 13 13 13 13 13 13 13 13 13 13 14 14 14 14 14 14 14 14 14 14 14 14 14 
0.474 11 11 11 11 11 11 11 11 12 12 12 12 12 12 12 12 12 12 12 12 12 12 12 12 12 12 12 12 12 12 12 12 12 12 12 12 12 12 12 12 12 12 12 12 12 12 13 13 13 13 13 13 13 13 13 13 13 13 13 13 13 13 13 13 13 13 13 13 14 14 14 14 14 14 14 14 14 14 14 14 
0.475 11 11 11 11 11 11 11 11 11 11 11 12 12 12 12 12 12 12 12 12 12 12 12 12 12 12 12 12 12 12 12 12 12 12 12 12 12 12 12 12 12 12 12 12 12 12 12 12 13 13 13 13 13 13 13 13 13 13 13 13 13 13 13 13 13 13 13 13 13 13 14 14 14 14 14 14 14 14 14 14 
0.476 11 11 11 11 11 11 11 11 11 11 11 11 11 12 12 12 12 12 12 12 12 12 12 12 12 12 12 12 12 12 12 12 12 12 12 12 12 12 12 12 12 12 12 12 12 12 12 12 12 12 13 13 13 13 13 13 13 13 13 13 13 13 13 13 13 13 13 13 13 13 13 13 14 14 14 14 14 14 14 14 
0.477 11 11 11 11 11 11 11 11 11 11 11 11 11 11 11 11 12 12 12 12 12 12 12 12 12 12 12 12 12 12 12 12 12 12 12 12 12 12 12 12 12 12 12 12 12 12 12 12 12 12 12 12 13 13 13 13 13 13 13 13 13 13 13 13 13 13 13 13 13 13 13 13 13 14 14 14 14 14 14 14 
0.478 11 11 11 11 11 11 11 11 11 11 11 11 11 11 11 11 11 11 12 12 12 12 12 12 12 12 12 12 12 12 12 12 12 12 12 12 12 12 12 12 12 12 12 12 12 12 12 12 12 12 12 12 12 13 13 13 13 13 13 13 13 13 13 13 13 13 13 13 13 13 13 13 13 13 13 14 14 14 14 14 
0.479 11 11 11 11 11 11 11 11 11 11 11 11 11 11 11 11 11 11 11 11 11 12 12 12 12 12 12 12 12 12 12 12 12 12 12 12 12 12 12 12 12 12 12 12 12 12 12 12 12 12 12 12 12 12 12 13 13 13 13 13 13 13 13 13 13 13 13 13 13 13 13 13 13 13 13 13 13 14 14 14 
