epsilon_k[0] 0.0001
epsilon_k[1] 2.18e-05
epsilon_k[2] 7.08e-05
epsilon_k[3] 2.54e-05
epsilon_k[4] 1e-05
epsilon_k[5] 7.8e-06
epsilon_k[6] 2.18e-05
omega_x0 0.168
omega_y0 0.201
dx 0.01
epsilon 8
max_turns 10000000
from_y 16
to_y 24
0.16 1e+07 1e+07 1e+07 1e+07 1e+07 1e+07 1e+07 1e+07 1e+07 1e+07 1e+07 1e+07 1e+07 1e+07 1e+07 1e+07 1e+07 1e+07 1e+07 1e+07 1e+07 1e+07 1e+07 1e+07 1e+07 1e+07 1e+07 1e+07 1e+07 1e+07 1e+07 1e+07 1e+07 1e+07 1e+07 1e+07 1e+07 1e+07 1e+07 1e+07 1e+07 1e+07 1e+07 1e+07 1e+07 1e+07 6.77351e+06 1.74059e+06 1.24792e+06 127696 310655 239856 123017 51398 30620 26866 8039 5016 4046 6909 60161 9874 2453 8872 5982 1724 3694 2795 4863 875 2130 5194 313 297 7781 252 416 6251 226 51 
0.17 1e+07 1e+07 1e+07 1e+07 1e+07 1e+07 1e+07 1e+07 1e+07 1e+07 1e+07 1e+07 1e+07 1e+07 1e+07 1e+07 1e+07 1e+07 1e+07 1e+07 1e+07 1e+07 1e+07 1e+07 1e+07 1e+07 1e+07 1e+07 1e+07 1e+07 1e+07 1e+07 1e+07 1e+07 1e+07 1e+07 1e+07 1e+07 1e+07 1e+07 1e+07 1e+07 1e+07 1e+07 9.80757e+06 1e+07 1e+07 5.80417e+06 784888 334874 68701 91263 79327 175449 10636 5519 25179 8317 3467 4885 2470 3850 7547 6856 1638 1018 840 568 2465 1762 443 1288 161 418 1161 5699 160 3318 1605 345 
0.18 1e+07 1e+07 1e+07 1e+07 1e+07 1e+07 1e+07 1e+07 1e+07 1e+07 1e+07 1e+07 1e+07 1e+07 1e+07 1e+07 1e+07 1e+07 1e+07 1e+07 1e+07 1e+07 1e+07 1e+07 1e+07 1e+07 1e+07 1e+07 1e+07 1e+07 1e+07 1e+07 1e+07 1e+07 1e+07 1e+07 1e+07 1e+07 1e+07 1e+07 1e+07 1e+07 1e+07 9.16554e+06 1e+07 1.45685e+06 1e+07 781059 683866 127076 136574 37233 19374 13220 4184 4238 4969 1516 13746 1437 2382 1605 2792 1105 1485 381 2149 1712 550 988 427 4962 2115 271 192 306 192 437 86 149 
0.19 1e+07 1e+07 1e+07 1e+07 1e+07 1e+07 1e+07 1e+07 1e+07 1e+07 1e+07 1e+07 1e+07 1e+07 1e+07 1e+07 1e+07 1e+07 1e+07 1e+07 1e+07 1e+07 1e+07 1e+07 1e+07 1e+07 1e+07 1e+07 1e+07 1e+07 1e+07 1e+07 1e+07 1e+07 1e+07 1e+07 1e+07 1e+07 1e+07 1e+07 1e+07 1e+07 1e+07 1e+07 1e+07 3.01972e+06 653404 205068 109221 1.03017e+06 33790 13212 9574 37126 61192 2626 7902 12221 4726 1274 2604 2185 1696 687 971 3510 1959 328 1877 10298 626 728 282 1013 5603 654 93 133 48 133 
0.2 1e+07 1e+07 1e+07 1e+07 1e+07 1e+07 1e+07 1e+07 1e+07 1e+07 1e+07 1e+07 1e+07 1e+07 1e+07 1e+07 1e+07 1e+07 1e+07 1e+07 1e+07 1e+07 1e+07 1e+07 1e+07 1e+07 1e+07 1e+07 1e+07 1e+07 1e+07 1e+07 1e+07 1e+07 1e+07 1e+07 1e+07 1e+07 1e+07 1e+07 1e+07 1e+07 2.02549e+06 1e+07 2.55817e+06 838303 87490 631869 109421 120443 68147 177392 17696 117508 15031 7323 9625 793 1391 2173 3471 1689 2213 976 2105 379 699 145 4196 290 598 1312 650 158 2121 110 381 168 127 844 
0.21 1e+07 1e+07 1e+07 1e+07 1e+07 1e+07 1e+07 1e+07 1e+07 1e+07 1e+07 1e+07 1e+07 1e+07 1e+07 1e+07 1e+07 1e+07 1e+07 1e+07 1e+07 1e+07 1e+07 1e+07 1e+07 1e+07 1e+07 1e+07 1e+07 1e+07 1e+07 1e+07 1e+07 1e+07 1e+07 1e+07 1e+07 1e+07 1e+07 1e+07 1e+07 7.28914e+06 4.08337e+06 1.94102e+06 8.4183e+06 414915 1e+07 223670 798765 21678 27770 159118 112856 6524 43404 5074 9089 8096 3706 4196 773 3944 1117 2450 1268 972 653 2447 579 617 333 535 62 280 256 119 414 162 159 1700 
0.22 1e+07 1e+07 1e+07 1e+07 1e+07 1e+07 1e+07 1e+07 1e+07 1e+07 1e+07 1e+07 1e+07 1e+07 1e+07 1e+07 1e+07 1e+07 1e+07 1e+07 1e+07 1e+07 1e+07 1e+07 1e+07 1e+07 1e+07 1e+07 1e+07 1e+07 1e+07 1e+07 1e+07 1e+07 1e+07 1e+07 1e+07 1e+07 1e+07 1e+07 7.68823e+06 9.05715e+06 2.12379e+06 2.99538e+06 3.14753e+06 214938 996212 46724 83035 20431 122082 127413 11051 36363 12907 5472 3042 1089 9340 3494 10972 1296 1455 627 1516 453 1811 185 358 360 137 12075 7146 412 238 355 65 223 159 66 
0.23 1e+07 1e+07 1e+07 1e+07 1e+07 1e+07 1e+07 1e+07 1e+07 1e+07 1e+07 1e+07 1e+07 1e+07 1e+07 1e+07 1e+07 1e+07 1e+07 1e+07 1e+07 1e+07 1e+07 1e+07 1e+07 1e+07 1e+07 1e+07 1e+07 1e+07 1e+07 1e+07 1e+07 1e+07 1e+07 1e+07 1e+07 1e+07 1e+07 1e+07 1e+07 1e+07 3.23292e+06 4.31622e+06 379558 625576 65311 31418 256990 77722 21234 15096 4994 29657 2509 1627 11250 2686 2955 8453 786 568 112 329 240 228 949 4623 214 306 708 81 7813 286 127 265 216 73 120 300 
