epsilon_k[0]0.1
epsilon_k[0]2.18e-05
epsilon_k[0]7.08e-05
epsilon_k[0]2.54e-05
epsilon_k[0]1e-05
epsilon_k[0]7.8e-06
epsilon_k[0]0.218
omega_x01.94779
omega_y02.01062
dx 0.01
n_theta 100
dtheta 0.00785398
epsilon 6
max_turns 10000000
from_angle 96
to_angle 101
0.753982 1e+07 1e+07 47063 19394 19394 4244 1480 636 
0.761836 1e+07 1e+07 338400 15392 15392 3304 913 
0.76969 1e+07 1e+07 213751 12425 12425 3685 875 
0.777544 1e+07 1e+07 47077 12405 12405 4509 875 
0.785398 1e+07 1e+07 69635 15013 15013 3219 839 
0.793252 1e+07 1e+07 250843 19336 19336 3187 842 
