epsilon_k[0] 0.0001
epsilon_k[1] 2.18e-05
epsilon_k[2] 7.08e-05
epsilon_k[3] 2.54e-05
epsilon_k[4] 1e-05
epsilon_k[5] 7.8e-06
epsilon_k[6] 2.18e-05
omega_x0 0.168
omega_y0 0.201
dx 0.01
epsilon 0
max_turns 10000000
from_y 72
to_y 80
0.72 21 21 21 153 41 64 103 27 98 62 67 29 27 17 41 33 27 18 22 17 91 120 37 9 8 8 8 7 7 7 7 7 7 7 7 6 6 6 6 6 6 6 6 6 6 6 6 6 6 6 6 6 6 6 6 6 6 6 6 7 7 7 7 7 8 8 9 12 10 9 10 15 12 11 9 8 8 8 8 8 
0.73 34 154 73 21 75 62 88 30 26 47 33 32 86 109 33 75 30 23 17 79 39 23 10 8 8 8 7 7 7 7 7 7 7 6 6 6 6 6 6 6 6 6 6 6 6 6 6 6 6 6 6 6 6 6 6 6 6 6 6 6 6 6 7 7 7 7 8 9 9 18 9 9 12 11 19 9 8 8 8 8 
0.74 315 44 34 2174 40 30 28 36 58 52 20 44 20 40 40 32 27 23 24 15 27 34 9 8 8 7 7 7 7 7 7 7 6 6 6 6 6 6 6 6 6 6 6 6 6 6 6 6 6 6 6 6 6 6 6 6 6 6 6 6 6 6 6 6 7 7 7 7 8 9 13 9 9 10 11 12 9 8 8 8 
0.75 46 143 46 27 123 52 34 58 25 45 25 22 26 25 41 21 18 17 17 67 23 9 8 8 7 7 7 7 7 7 6 6 6 6 6 6 6 6 6 6 6 6 6 6 6 6 6 6 6 6 6 6 6 6 6 6 6 6 6 6 6 6 6 6 6 6 7 7 7 7 8 9 10 9 9 18 17 9 8 8 
0.76 34 221 49 21 56 86 30 28 28 40 22 15 17 26 50 28 16 16 14 40 17 9 8 7 7 7 7 7 7 6 6 6 6 6 6 6 6 6 6 6 6 6 6 6 6 6 6 6 6 6 6 6 6 6 6 6 6 6 6 6 6 6 6 6 6 6 6 6 7 7 7 8 9 12 9 9 12 14 10 8 
0.77 74 95 24 43 37 32 79 21 19 45 24 14 16 71 50 20 15 26 15 15 10 8 8 7 7 7 7 7 6 6 6 6 6 6 6 6 6 6 6 6 6 6 6 6 6 6 6 6 6 6 6 6 6 6 6 6 6 6 6 6 6 6 6 6 6 6 6 6 6 6 7 7 7 8 11 9 9 12 14 10 
0.78 16 39 101 31 33 66 29 109 47 25 20 13 15 27 22 13 16 16 35 26 9 8 7 7 7 7 7 6 6 6 6 6 6 6 6 6 6 6 6 6 6 6 6 6 6 6 6 6 6 6 6 6 6 6 6 6 6 6 6 6 6 6 6 6 6 6 6 6 6 6 6 6 7 7 8 9 9 9 11 12 
0.79 15 31 45 22 30 22 21 16 19 27 16 13 15 15 28 12 15 14 22 13 8 8 7 7 7 7 7 6 6 6 6 6 6 6 6 6 6 6 6 6 6 6 6 6 6 6 6 6 6 6 6 5 5 5 5 6 6 6 6 6 6 6 6 6 6 6 6 6 6 6 6 6 6 7 7 8 9 11 9 10 
