epsilon_k[0] 0.0001
epsilon_k[1] 2.18e-05
epsilon_k[2] 7.08e-05
epsilon_k[3] 2.54e-05
epsilon_k[4] 1e-05
epsilon_k[5] 7.8e-06
epsilon_k[6] 2.18e-05
omega_x0 0.28
omega_y0 0.31
dx 0.01
epsilon 1
max_turns 10000000
from_y 16
to_y 24
0.16 1e+07 1e+07 1e+07 1e+07 1e+07 1e+07 1e+07 1e+07 1e+07 1e+07 1e+07 1e+07 1e+07 1e+07 1e+07 1e+07 1e+07 1e+07 1e+07 1e+07 1e+07 1e+07 1e+07 1e+07 1e+07 1e+07 1e+07 1e+07 1e+07 1e+07 566 180 132 110 148 1e+07 1e+07 1e+07 1e+07 1e+07 1e+07 1e+07 29393 224573 5008 1160 79 51 27 24 22 22 23 32 46 29 18 16 15 13 12 11 11 11 11 11 10 9 9 9 8 8 8 8 8 8 8 8 8 8 
0.17 1e+07 1e+07 1e+07 1e+07 1e+07 1e+07 1e+07 1e+07 1e+07 1e+07 1e+07 1e+07 1e+07 1e+07 1e+07 1e+07 1e+07 1e+07 1e+07 1e+07 1e+07 1e+07 1e+07 1e+07 1e+07 1e+07 1e+07 1e+07 1e+07 1e+07 727 156 132 94 95 1e+07 1e+07 1e+07 1e+07 3.90961e+06 8.06024e+06 1.89407e+06 4225 4294 1023 154 74 73 32 32 29 40 50 23 19 17 16 15 13 12 11 11 11 11 10 9 9 9 8 8 8 8 8 8 8 8 7 7 7 7 
0.18 1e+07 1e+07 1e+07 1e+07 1e+07 1e+07 1e+07 1e+07 1e+07 1e+07 1e+07 1e+07 1e+07 1e+07 1e+07 1e+07 1e+07 1e+07 1e+07 1e+07 1e+07 1e+07 1e+07 1e+07 1e+07 1e+07 1e+07 1e+07 1e+07 32353 1043 142 104 99 78 91 503957 1e+07 1e+07 1e+07 90360 11386 457 222 90 92 64 82 73 37 30 21 19 18 17 15 14 13 12 11 11 10 10 9 9 9 8 8 8 8 8 8 8 7 7 7 7 7 7 7 
0.19 1e+07 1e+07 1e+07 1e+07 1e+07 1e+07 1e+07 1e+07 1e+07 1e+07 1e+07 1e+07 1e+07 1e+07 1e+07 1e+07 1e+07 1e+07 1e+07 1e+07 1e+07 1e+07 1e+07 1e+07 1e+07 1e+07 1e+07 1e+07 1e+07 260 421 125 90 77 68 68 206 1e+07 43128 1.24277e+06 23389 905 143 247 63 61 39 29 30 21 20 19 18 16 15 14 12 11 11 10 10 10 9 9 8 8 8 8 8 8 8 7 7 7 7 7 7 7 7 7 
0.2 1e+07 1e+07 1e+07 1e+07 1e+07 1e+07 1e+07 1e+07 1e+07 1e+07 1e+07 1e+07 1e+07 1e+07 1e+07 1e+07 1e+07 1e+07 1e+07 1e+07 1e+07 1e+07 1e+07 1e+07 1e+07 1e+07 1e+07 1e+07 3.35804e+06 237 284 111 79 67 64 66 63 23831 8626 117733 5477 296 45 41 35 53 24 21 20 19 18 17 16 15 14 12 11 10 10 10 9 9 9 8 8 8 8 8 8 7 7 7 7 7 7 7 7 7 7 7 
0.21 1e+07 1e+07 1e+07 1e+07 1e+07 1e+07 1e+07 1e+07 1e+07 1e+07 1e+07 1e+07 1e+07 1e+07 1e+07 1e+07 1e+07 1e+07 1e+07 1e+07 1e+07 1e+07 1e+07 1e+07 1e+07 1e+07 1e+07 1e+07 57213 239 210 118 78 64 54 51 50 51 65 225 70 105 55 35 25 22 21 20 19 18 18 17 15 14 12 11 10 10 9 9 9 8 8 8 8 8 8 7 7 7 7 7 7 7 7 7 7 7 7 7 
0.22 1e+07 1e+07 1e+07 1e+07 1e+07 1e+07 1e+07 1e+07 1e+07 1e+07 1e+07 1e+07 1e+07 1e+07 1e+07 1e+07 1e+07 1e+07 1e+07 1e+07 1e+07 1e+07 1e+07 1e+07 1e+07 1e+07 1e+07 1e+07 187 223 170 91 66 55 51 53 41 40 39 37 36 30 25 23 21 20 20 21 25 40 21 15 16 12 11 10 10 9 9 9 8 8 8 8 8 8 7 7 7 7 7 7 7 7 7 7 7 7 7 7 
0.23 1e+07 1e+07 1e+07 1e+07 1e+07 1e+07 1e+07 1e+07 1e+07 1e+07 1e+07 1e+07 1e+07 1e+07 1e+07 1e+07 1e+07 1e+07 1e+07 1e+07 1e+07 1e+07 1e+07 1e+07 1e+07 1e+07 1e+07 356878 146 216 144 80 65 52 72 40 38 37 36 30 26 24 22 21 20 21 18 16 15 15 34 21 11 10 10 10 9 9 9 8 8 8 8 8 7 7 7 7 7 7 7 7 7 7 7 7 7 7 7 7 
