epsilon_k[0] 0.0001
epsilon_k[1] 2.18e-05
epsilon_k[2] 7.08e-05
epsilon_k[3] 2.54e-05
epsilon_k[4] 1e-05
epsilon_k[5] 7.8e-06
epsilon_k[6] 2.18e-05
omega_x0 0.168
omega_y0 0.201
dx 0.01
n_theta 100
dtheta 0.015708
epsilon 24
max_turns 10000000
from_angle 25
to_angle 30
0.392699 1e+07 1e+07 1e+07 1e+07 1e+07 1e+07 1e+07 1e+07 1e+07 1e+07 1e+07 1e+07 1e+07 1e+07 1e+07 1e+07 1e+07 1e+07 1e+07 1e+07 1e+07 1e+07 1e+07 1e+07 1e+07 1e+07 1e+07 1e+07 1e+07 1e+07 1e+07 1e+07 1e+07 1e+07 1e+07 1e+07 1e+07 1e+07 1e+07 1e+07 1e+07 8.31969e+06 1e+07 1e+07 4.41094e+06 1.22317e+06 1.08921e+06 1.52599e+06 733562 526990 232419 196639 73859 20439 239728 53154 27126 2820 6142 4004 8462 859 4072 3127 941 590 556 1006 618 98 119 166 136 27 1067 30 383 130 184 49 38 256 192 21 14 12 12 12 12 13 39 74 45 37 45 27 23 18 30 25 
0.408407 1e+07 1e+07 1e+07 1e+07 1e+07 1e+07 1e+07 1e+07 1e+07 1e+07 1e+07 1e+07 1e+07 1e+07 1e+07 1e+07 1e+07 1e+07 1e+07 1e+07 1e+07 1e+07 1e+07 1e+07 1e+07 1e+07 1e+07 1e+07 1e+07 1e+07 1e+07 1e+07 1e+07 1e+07 1e+07 1e+07 1e+07 1e+07 1e+07 1e+07 1e+07 1e+07 1e+07 1e+07 3.56105e+06 3.22409e+06 1.00936e+06 2.55361e+06 2.79112e+06 347774 1.32246e+06 166095 67635 27520 29953 7169 18282 2376 6400 1490 793 2587 800 11171 892 847 170 115 63 88 72 83 187 468 100 104 62 100 47 26 268 70 85 53 90 20 13 12 12 11 11 12 12 139 59 37 25 88 40 16 
0.424115 1e+07 1e+07 1e+07 1e+07 1e+07 1e+07 1e+07 1e+07 1e+07 1e+07 1e+07 1e+07 1e+07 1e+07 1e+07 1e+07 1e+07 1e+07 1e+07 1e+07 1e+07 1e+07 1e+07 1e+07 1e+07 1e+07 1e+07 1e+07 1e+07 1e+07 1e+07 1e+07 1e+07 1e+07 1e+07 1e+07 1e+07 1e+07 1e+07 1e+07 1e+07 1e+07 6.31211e+06 1.93518e+06 6.50946e+06 8.43986e+06 1e+07 3.55623e+06 3.36945e+06 487703 653021 190322 195862 444821 27093 9583 16639 9254 6916 2441 2010 669 5100 352 1774 705 358 409 195 358 193 157 56 80 87 53 156 321 30 24 55 47 18 52 35 182 21 40 14 12 11 11 11 11 11 12 17 22 16 15 
0.439823 1e+07 1e+07 1e+07 1e+07 1e+07 1e+07 1e+07 1e+07 1e+07 1e+07 1e+07 1e+07 1e+07 1e+07 1e+07 1e+07 1e+07 1e+07 1e+07 1e+07 1e+07 1e+07 1e+07 1e+07 1e+07 1e+07 1e+07 1e+07 1e+07 1e+07 1e+07 1e+07 1e+07 1e+07 1e+07 1e+07 1e+07 1e+07 1e+07 1e+07 1e+07 1e+07 1e+07 1e+07 1e+07 1.44127e+06 6.1558e+06 1.52628e+06 2.53552e+06 3.78067e+06 227701 481107 72728 52599 26347 5542 6441 3496 1316 2668 3634 2754 2448 314 2548 233 1397 626 375 78 110 209 55 83 113 108 40 156 75 210 38 32 139 161 41 31 17 79 39 23 24 12 11 11 11 10 10 10 11 11 
0.455531 1e+07 1e+07 1e+07 1e+07 1e+07 1e+07 1e+07 1e+07 1e+07 1e+07 1e+07 1e+07 1e+07 1e+07 1e+07 1e+07 1e+07 1e+07 1e+07 1e+07 1e+07 1e+07 1e+07 1e+07 1e+07 1e+07 1e+07 1e+07 1e+07 1e+07 1e+07 1e+07 1e+07 1e+07 1e+07 1e+07 1e+07 1e+07 1e+07 1e+07 1e+07 1e+07 1e+07 1e+07 9.42025e+06 8.29776e+06 1.53722e+06 1.06369e+06 536116 1e+07 480466 101144 738180 336287 27922 9311 20599 15675 1866 3002 5473 954 4744 12810 1670 4764 1497 720 188 41 58 321 74 587 38 32 48 46 160 106 140 110 329 25 33 31 54 17 75 25 17 27 16 17 13 11 11 10 10 10 
