epsilon_k[0] 0.0001
epsilon_k[1] 2.18e-05
epsilon_k[2] 7.08e-05
epsilon_k[3] 2.54e-05
epsilon_k[4] 1e-05
epsilon_k[5] 7.8e-06
epsilon_k[6] 2.18e-05
omega_x0 0.168
omega_y0 0.201
dx 0.01
epsilon 10
max_turns 10000000
from_y 24
to_y 32
0.24 1e+07 1e+07 1e+07 1e+07 1e+07 1e+07 1e+07 1e+07 1e+07 1e+07 1e+07 1e+07 1e+07 1e+07 1e+07 1e+07 1e+07 1e+07 1e+07 1e+07 1e+07 1e+07 1e+07 1e+07 1e+07 1e+07 1e+07 1e+07 1e+07 1e+07 1e+07 1e+07 1e+07 1e+07 1e+07 1e+07 1e+07 1e+07 4.35434e+06 4.32313e+06 1e+07 2.25601e+06 1.32742e+06 3.32345e+06 2.50851e+06 594273 47842 112752 34903 46999 16214 6702 5072 1735 14278 1431 469 2082 341 9200 1373 284 479 603 233 1027 891 445 1056 111 66 1707 447 132 6381 331 24 257 252 81 
0.25 1e+07 1e+07 1e+07 1e+07 1e+07 1e+07 1e+07 1e+07 1e+07 1e+07 1e+07 1e+07 1e+07 1e+07 1e+07 1e+07 1e+07 1e+07 1e+07 1e+07 1e+07 1e+07 1e+07 1e+07 1e+07 1e+07 1e+07 1e+07 1e+07 1e+07 1e+07 1e+07 1e+07 1e+07 1e+07 8.78374e+06 1e+07 1.20411e+06 8.48519e+06 9.50448e+06 1.8355e+06 2.65202e+06 2.66843e+06 2.53414e+06 663594 334827 209456 96383 23373 10466 2442 5369 5936 2861 12548 15828 1595 10151 795 1025 776 4104 227 1038 641 1394 221 334 122 112 77 545 795 46 749 197 218 348 6336 874 
0.26 1e+07 1e+07 1e+07 1e+07 1e+07 1e+07 1e+07 1e+07 1e+07 1e+07 1e+07 1e+07 1e+07 1e+07 1e+07 1e+07 1e+07 1e+07 1e+07 1e+07 1e+07 1e+07 1e+07 1e+07 1e+07 1e+07 4.65265e+06 1e+07 1e+07 1e+07 1e+07 1e+07 1e+07 1e+07 1e+07 1e+07 1e+07 1e+07 847949 576481 1e+07 3.36323e+06 200642 262654 907951 1.18096e+06 52806 32114 8840 51483 7704 3236 5975 5117 953 807 653 1727 503 959 110 3408 1442 188 175 1706 96 173 11910 305 64 169 873 197 106 55 424 177 639 72 
0.27 1e+07 1e+07 1e+07 1e+07 1e+07 1e+07 1e+07 1e+07 1e+07 1e+07 1e+07 1e+07 1e+07 1e+07 1e+07 1e+07 1e+07 1e+07 1e+07 1e+07 1e+07 1e+07 1e+07 1e+07 1e+07 2.56498e+06 1e+07 1e+07 5.36776e+06 1e+07 8.55884e+06 1e+07 1e+07 3.50119e+06 1e+07 3.14063e+06 1.30574e+06 364775 1.49733e+06 843317 1.92548e+06 767558 899964 9.91202e+06 286664 56796 145726 5226 10283 11426 4962 2557 4583 1243 4599 483 40724 4554 5206 2450 282 171 135 271 559 168 214 459 398 294 246 291 228 3381 86 81 24 23 20 1340 
0.28 1e+07 1e+07 1e+07 1e+07 1e+07 1e+07 1e+07 1e+07 1e+07 1e+07 1e+07 1e+07 1e+07 1e+07 1e+07 1e+07 1e+07 1e+07 1e+07 1e+07 1e+07 1e+07 1e+07 1e+07 319861 4.32972e+06 1e+07 1.07898e+06 1.4321e+06 1.65582e+06 2.47206e+06 1e+07 8.13927e+06 7.89999e+06 6.62952e+06 3.89377e+06 5.02272e+06 7.34241e+06 7.76319e+06 147713 660822 265808 315562 44475 676243 11550 121265 13962 5411 9581 9954 4678 976 2935 1180 4007 1372 3905 1114 195 1134 9249 112 14454 367 108 1219 46 81 116 136 140 107 102 125 75 16 15 461 274 
0.29 1e+07 1e+07 1e+07 1e+07 1e+07 1e+07 1e+07 1e+07 1e+07 1e+07 1e+07 1e+07 1e+07 1e+07 1e+07 1e+07 1e+07 1e+07 1e+07 1e+07 1e+07 1e+07 1e+07 3.73722e+06 1e+07 3.34419e+06 643504 444831 1.91502e+06 954522 431384 377553 1e+07 5.4325e+06 245639 265454 1.57225e+06 1.38526e+06 369251 236555 1.30653e+06 736290 33272 24467 70959 10926 4194 18987 3436 22178 1867 6193 6183 305 11308 891 563 1945 335 117 274 252 132 102 78 348 104 244 114 300 215 133 147 131 83 133 17 14 15 56 
0.3 1e+07 1e+07 1e+07 1e+07 1e+07 1e+07 1e+07 1e+07 1e+07 1e+07 1e+07 1e+07 1e+07 1e+07 1e+07 1e+07 1e+07 1e+07 1e+07 1e+07 1e+07 1e+07 1e+07 1e+07 1.04734e+06 304251 445310 1.1702e+06 749027 816845 197672 877610 1.41704e+06 2.12208e+06 413348 144707 620369 1.4322e+06 1.1024e+06 38966 32463 30269 219664 8221 9596 10017 5328 9176 9121 4760 5076 2196 3293 1691 3375 2832 1435 663 1444 16335 1618 41 279 263 192 250 313 58 178 319 96 26 299 134 127 33 94 13 13 16 
0.31 1e+07 1e+07 1e+07 1e+07 1e+07 1e+07 1e+07 1e+07 1e+07 1e+07 1e+07 1e+07 1e+07 1e+07 1e+07 1e+07 1e+07 1e+07 1e+07 1e+07 1e+07 1e+07 1e+07 1e+07 309616 1.37264e+06 141434 332124 150711 3.64832e+06 66482 327694 7.54572e+06 1.16457e+06 1.87035e+06 164043 454156 1.07183e+06 152209 25530 25992 122178 1.34501e+06 13023 5502 8775 27537 5677 11850 2641 8754 3449 910 862 1736 1031 355 569 1873 279 75 41 117 100 1606 5104 127 39 49 79 51 59 51 145 448 21 208 14 13 13 
