epsilon_k[0] 0.0001
epsilon_k[1] 2.18e-05
epsilon_k[2] 7.08e-05
epsilon_k[3] 2.54e-05
epsilon_k[4] 1e-05
epsilon_k[5] 7.8e-06
epsilon_k[6] 2.18e-05
omega_x0 0.168
omega_y0 0.201
dx 0.01
n_theta 100
dtheta 0.015708
epsilon 44
max_turns 10000000
from_angle 50
to_angle 55
0.785398 1e+07 1e+07 1e+07 1e+07 1e+07 1e+07 1e+07 1e+07 1e+07 1e+07 1e+07 1e+07 1e+07 1e+07 1e+07 1e+07 1e+07 1e+07 1e+07 1e+07 1e+07 1e+07 1e+07 1e+07 1e+07 1e+07 1e+07 1e+07 1e+07 7.42961e+06 4.14996e+06 1.13275e+06 2.4372e+06 8.97081e+06 1.43678e+06 468462 1e+07 4.53404e+06 1e+07 278027 981288 116713 239320 1.11678e+06 314622 42043 72452 137108 28740 9129 20490 4327 5054 1146 2839 4568 4712 1429 277 182 223 91 53 138 126 431 204 19 53 27 12 11 11 11 10 10 10 10 10 10 10 10 10 9 9 9 9 9 9 9 9 9 10 10 10 10 11 12 15 13 
0.801106 1e+07 1e+07 1e+07 1e+07 1e+07 1e+07 1e+07 1e+07 1e+07 1e+07 1e+07 1e+07 1e+07 1e+07 1e+07 1e+07 1e+07 1e+07 1e+07 1e+07 1e+07 1e+07 1e+07 1e+07 1e+07 1e+07 1e+07 1e+07 3.81201e+06 8.00308e+06 3.47849e+06 1.59712e+06 5.65417e+06 1.03305e+06 3.06999e+06 3.56804e+06 819742 4.02841e+06 1.77411e+06 770673 9.15026e+06 1e+07 57834 334750 181516 66497 6286 15748 4811 6299 159825 6382 4628 2925 6437 246 803 1663 748 1622 687 131 603 146 315 48 91 18 44 20 12 12 11 11 11 10 10 10 10 10 10 10 10 10 10 10 11 12 13 16 12 16 14 12 11 11 12 14 12 15 
0.816814 1e+07 1e+07 1e+07 1e+07 1e+07 1e+07 1e+07 1e+07 1e+07 1e+07 1e+07 1e+07 1e+07 1e+07 1e+07 1e+07 1e+07 1e+07 1e+07 1e+07 1e+07 1e+07 1e+07 1e+07 1e+07 1e+07 1e+07 1e+07 3.33868e+06 1e+07 1e+07 4.61357e+06 2.45988e+06 6.23845e+06 698533 2.41483e+06 521250 585822 760969 4.0458e+06 110622 1e+07 3.50234e+06 225506 79303 20247 34394 5889 558554 33444 3342 2488 2868 3790 2322 982 935 197 1129 334 985 181 256 44 42 165 120 32 648 23 23 13 12 12 12 11 11 12 12 13 19 14 22 14 13 18 14 13 11 11 12 17 13 15 11 10 10 9 10 10 
0.832522 1e+07 1e+07 1e+07 1e+07 1e+07 1e+07 1e+07 1e+07 1e+07 1e+07 1e+07 1e+07 1e+07 1e+07 1e+07 1e+07 1e+07 1e+07 1e+07 1e+07 1e+07 1e+07 1e+07 1e+07 1e+07 1e+07 1e+07 1e+07 1e+07 3.19314e+06 5.18687e+06 4.51939e+06 2.39498e+06 1.27638e+06 1.34505e+06 3.27828e+06 356469 1.46368e+06 4.42372e+06 158510 48985 985691 429264 67949 21524 14123 4841 6056 14213 188152 12685 8750 998 23648 5198 958 393 269 392 526 226 119 28 36 59 114 4150 32 58 19 18 19 19 17 20 17 34 16 18 14 15 17 16 13 12 11 12 15 14 16 12 10 10 10 13 12 10 9 9 8 
0.84823 1e+07 1e+07 1e+07 1e+07 1e+07 1e+07 1e+07 1e+07 1e+07 1e+07 1e+07 1e+07 1e+07 1e+07 1e+07 1e+07 1e+07 1e+07 1e+07 1e+07 1e+07 1e+07 1e+07 1e+07 1e+07 1e+07 1e+07 1e+07 1e+07 1e+07 1e+07 1e+07 1e+07 951552 596991 2.43957e+06 1.57433e+06 793021 533026 112951 1.78975e+06 151467 285788 86678 36654 28441 14914 6096 57681 14424 22764 3051 6248 8517 2740 1122 461 1759 134 647 294 53 21 19 280 170 25 71 84 135 68 29 19 16 24 16 16 31 15 18 12 12 12 13 14 14 19 13 11 14 19 15 10 10 9 8 8 7 7 7 
