epsilon_k[0] 0.1
epsilon_k[0] 2.18e-05
epsilon_k[0] 7.08e-05
epsilon_k[0] 2.54e-05
epsilon_k[0] 1e-05
epsilon_k[0] 7.8e-06
epsilon_k[0] 0.218
omega_x0 0.28
omega_y0 0.31
dx 0.01
n_theta 100
dtheta 0.00785398
epsilon 1
max_turns 10000000
from_angle 80
to_angle 88
0.628319 1e+07 1e+07 3057 2756 1246 578 
0.636173 1e+07 1e+07 3055 3041 1245 586 
0.644026 1e+07 1e+07 3053 3053 1244 601 
0.65188 1e+07 1e+07 3052 3052 1244 602 
0.659734 1e+07 1e+07 3051 3051 1243 589 
0.667588 1e+07 1e+07 3050 3050 1242 587 
0.675442 1e+07 1e+07 3049 3049 1242 586 
0.683296 1e+07 1e+07 3048 3048 1241 586 
0.69115 1e+07 1e+07 3048 3048 1241 586 
