epsilon_k[0]0.1
epsilon_k[0]2.18e-05
epsilon_k[0]7.08e-05
epsilon_k[0]2.54e-05
epsilon_k[0]1e-05
epsilon_k[0]7.8e-06
epsilon_k[0]0.218
omega_x01.05558
omega_y01.26292
dx 0.01
n_theta 100
dtheta 0.00785398
epsilon 4
max_turns 10000000
from_angle 88
to_angle 96
0.69115 1e+07 1.9997e+06 13139 13139 6304 4925 1999 1288 1288 471 
0.699004 1e+07 6.78408e+06 15380 10899 7907 5174 1848 1286 979 
0.706858 1e+07 3.23141e+06 26744 6683 5323 5323 1812 1285 1056 486 
0.714712 1e+07 1.13143e+06 37303 6413 6269 6269 1775 1284 1284 489 
0.722566 1e+07 350797 28449 5401 5401 5401 1848 1283 1283 487 
0.73042 1e+07 523898 75146 5477 5477 5477 2296 1283 1283 492 
0.738274 1e+07 515458 18650 5288 5288 4029 1531 1283 1283 557 
0.746128 1e+07 2.33834e+06 15594 5477 5477 3944 1499 1283 1283 563 
0.753982 1e+07 1e+07 14474 5376 5376 4299 1497 1283 1283 620 
