epsilon_k[0]0.1
epsilon_k[0]2.18e-05
epsilon_k[0]7.08e-05
epsilon_k[0]2.54e-05
epsilon_k[0]1e-05
epsilon_k[0]7.8e-06
epsilon_k[0]0.218
omega_x01.94779
omega_y02.01062
dx 0.01
n_theta 100
dtheta 0.00785398
epsilon 64
max_turns 10000000
from_angle 96
to_angle 101
0.753982 1e+07 40784 18014 10324 10324 5879 5879 1352 836 
0.761836 1e+07 40771 18165 10281 10281 4353 3157 1002 828 
0.76969 1e+07 41081 17926 10274 10274 4284 2530 980 
0.777544 1e+07 40734 17874 10275 10263 4824 1992 960 
0.785398 1e+07 40847 17873 10276 9893 4052 1975 962 
0.793252 1e+07 40659 17976 10263 9569 4015 1961 947 
