epsilon_k[0]0.1
epsilon_k[0]2.18e-05
epsilon_k[0]7.08e-05
epsilon_k[0]2.54e-05
epsilon_k[0]1e-05
epsilon_k[0]7.8e-06
epsilon_k[0]0.218
omega_x01.05558
omega_y01.26292
dx 0.01
n_theta 100
dtheta 0.00785398
epsilon 12
max_turns 10000000
from_angle 56
to_angle 64
0.439823 1e+07 341885 5132 2403 2403 972 
0.447677 1e+07 921377 5131 2439 2439 976 
0.455531 1e+07 1.57025e+06 5281 2495 2495 976 
0.463385 1e+07 1.15405e+06 5485 2645 2645 978 
0.471239 1e+07 340104 5526 2726 2726 989 
0.479093 1e+07 318369 5698 2648 2648 1009 678 
0.486947 1e+07 579855 5558 2650 2650 994 
0.494801 1e+07 1.62777e+06 6252 2651 2651 997 
