epsilon_k[0] 0.1
epsilon_k[0] 2.18e-05
epsilon_k[0] 7.08e-05
epsilon_k[0] 2.54e-05
epsilon_k[0] 1e-05
epsilon_k[0] 7.8e-06
epsilon_k[0] 0.218
omega_x0 0.168
omega_y0 0.201
dx 0.01
n_theta 100
dtheta 0.00785398
epsilon 2
max_turns 10000000
from_angle 80
to_angle 88
0.628319 1e+07 1e+07 1e+07 1e+07 1e+07 1e+07 1e+07 6.6386e+06 6.11523e+06 638551 464915 464915 386721 51701 51701 14877 14877 6979 6979 6979 6561 1773 484 
0.636173 1e+07 1e+07 1e+07 1e+07 1e+07 1e+07 1e+07 5.6327e+06 3.46501e+06 1.47426e+06 85299 85299 85299 85299 32533 10896 9235 8616 7211 7211 3803 3803 484 
0.644026 1e+07 1e+07 1e+07 1e+07 1e+07 1e+07 1e+07 5.71264e+06 705393 705393 705393 133952 117675 65442 30863 30863 16169 8072 8072 8072 6155 1788 484 
0.65188 1e+07 1e+07 1e+07 1e+07 1e+07 1e+07 1e+07 1e+07 1.10118e+06 467462 467462 149799 149799 120563 27246 27246 22978 22978 3886 3886 3509 3010 485 
0.659734 1e+07 1e+07 1e+07 1e+07 1e+07 1e+07 1e+07 2.52063e+06 2.52063e+06 600015 561759 240085 66235 66235 21313 21313 21313 16517 16517 10037 7919 3484 1348 1348 1348 1348 1020 336 
0.667588 1e+07 1e+07 1e+07 1e+07 1e+07 1e+07 1e+07 6.17367e+06 6.17367e+06 448428 448428 44755 44755 44755 44755 13899 13899 10680 10680 10680 5761 5761 1058 1058 1058 880 
0.675442 1e+07 1e+07 1e+07 1e+07 1e+07 1e+07 1e+07 1e+07 6.11205e+06 906329 545945 54087 54087 54087 43015 15165 15165 10035 10035 6485 3006 3006 2143 2143 2143 874 
0.683296 1e+07 1e+07 1e+07 1e+07 1e+07 1e+07 1e+07 2.83875e+06 2.83875e+06 1.51415e+06 208828 208828 58337 18306 17622 17622 17622 12417 12417 10028 6420 2146 1348 484 
0.69115 1e+07 1e+07 1e+07 1e+07 1e+07 1e+07 1e+07 1e+07 1e+07 463909 281279 275527 172219 120124 120124 81222 7279 7279 7279 7279 7279 1811 1811 484 
