epsilon_k[0] 0.0001
epsilon_k[1] 2.18e-05
epsilon_k[2] 7.08e-05
epsilon_k[3] 2.54e-05
epsilon_k[4] 1e-05
epsilon_k[5] 7.8e-06
epsilon_k[6] 2.18e-05
omega_x0 0.168
omega_y0 0.201
dx 0.01
n_theta 100
dtheta 0.015708
epsilon 48
max_turns 10000000
from_angle 10
to_angle 15
0.15708 1e+07 1e+07 1e+07 1e+07 1e+07 1e+07 1e+07 1e+07 1e+07 1e+07 1e+07 1e+07 1e+07 1e+07 1e+07 1e+07 1e+07 1e+07 1e+07 1e+07 1e+07 1e+07 1e+07 1e+07 1e+07 1e+07 1e+07 1e+07 1e+07 1e+07 1e+07 1e+07 1e+07 1e+07 1e+07 1e+07 1e+07 1e+07 1e+07 1e+07 1e+07 1e+07 1e+07 1e+07 1e+07 335215 100141 526925 125536 189474 81649 67148 709021 2.24366e+06 29033 682731 260628 190673 189498 15488 14571 6617 1293 3984 2459 1638 836 2860 1850 1648 2382 1040 1962 1008 330 218 1405 336 126 198 231 191 660 222 128 90 334 236 183 10 8 7 7 6 6 6 6 6 5 5 
0.172788 1e+07 1e+07 1e+07 1e+07 1e+07 1e+07 1e+07 1e+07 1e+07 1e+07 1e+07 1e+07 1e+07 1e+07 1e+07 1e+07 1e+07 1e+07 1e+07 1e+07 1e+07 1e+07 1e+07 1e+07 1e+07 1e+07 1e+07 1e+07 1e+07 1e+07 1e+07 1e+07 1e+07 1e+07 1e+07 1e+07 1e+07 1e+07 1e+07 1e+07 1e+07 1e+07 1e+07 1e+07 1e+07 189808 59544 89527 129182 357276 163439 33695 144470 284135 1.50486e+06 278023 172987 265434 4318 70864 14477 4546 4884 9821 14425 2344 2947 1301 32616 1030 5136 2553 629 396 4859 442 993 518 201 103 149 99 185 195 83 292 31 81 16 32 9 7 7 7 6 6 6 6 6 5 
0.188496 1e+07 1e+07 1e+07 1e+07 1e+07 1e+07 1e+07 1e+07 1e+07 1e+07 1e+07 1e+07 1e+07 1e+07 1e+07 1e+07 1e+07 1e+07 1e+07 1e+07 1e+07 1e+07 1e+07 1e+07 1e+07 1e+07 1e+07 1e+07 1e+07 1e+07 1e+07 8.11884e+06 1e+07 1e+07 1e+07 1e+07 1e+07 1e+07 1e+07 1e+07 1e+07 1e+07 3.11443e+06 1e+07 1e+07 673002 118393 33242 32617 64149 42156 95858 144838 189474 82891 115632 70058 50176 13095 218280 9554 15553 14606 8992 1953 2478 2058 2236 1647 2448 514 931 1309 653 3488 1118 485 297 548 726 1001 40 140 186 207 34 136 85 140 16 16 8 7 7 7 6 6 6 6 6 
0.204204 1e+07 1e+07 1e+07 1e+07 1e+07 1e+07 1e+07 1e+07 1e+07 1e+07 1e+07 1e+07 1e+07 1e+07 1e+07 1e+07 1e+07 1e+07 1e+07 1e+07 1e+07 1e+07 1e+07 1e+07 1e+07 1e+07 1e+07 1e+07 1e+07 1e+07 1e+07 9.34066e+06 1e+07 1e+07 1e+07 1e+07 1e+07 1e+07 1e+07 1e+07 1e+07 9.92536e+06 744151 1e+07 1e+07 428977 429794 48177 37998 32879 216668 18422 37320 26937 3.46308e+06 375465 50470 32702 35774 192687 11927 63909 17267 1179 1285 4463 1487 9943 1182 4966 16974 1489 2203 457 9175 858 302 1215 551 1678 971 103 155 64 146 71 63 107 304 152 18 73 8 7 7 7 6 6 6 6 
0.219911 1e+07 1e+07 1e+07 1e+07 1e+07 1e+07 1e+07 1e+07 1e+07 1e+07 1e+07 1e+07 1e+07 1e+07 1e+07 1e+07 1e+07 1e+07 1e+07 1e+07 1e+07 1e+07 1e+07 1e+07 1e+07 1e+07 1e+07 1e+07 1e+07 1e+07 1e+07 1e+07 1e+07 1e+07 1e+07 1e+07 1e+07 1e+07 1e+07 1e+07 1e+07 2.65073e+06 5.12607e+06 208127 1e+07 1.14554e+06 309104 56215 642747 165651 129264 27996 17845 19855 8425 181490 110874 26278 942574 5145 2045 5904 3537 1436 4430 2637 2442 1186 504 290 540 778 453 5961 2266 7924 3548 229 465 2813 97 194 396 395 54 225 52 17 21 326 61 17 16 9 7 7 7 6 6 6 
0.235619 1e+07 1e+07 1e+07 1e+07 1e+07 1e+07 1e+07 1e+07 1e+07 1e+07 1e+07 1e+07 1e+07 1e+07 1e+07 1e+07 1e+07 1e+07 1e+07 1e+07 1e+07 1e+07 1e+07 1e+07 1e+07 1e+07 1e+07 1e+07 1e+07 1e+07 1e+07 1e+07 1e+07 1e+07 1e+07 1e+07 1e+07 1e+07 1e+07 8.71273e+06 4.76492e+06 4.12685e+06 1e+07 192174 2.46815e+06 3.31549e+06 8.86743e+06 135023 295350 39067 30308 21015 21360 12734 71940 40116 15919 12470 48884 7574 2420 7571 1869 5166 4697 868 2065 2230 1009 725 2221 5395 1250 456 1629 113 503 584 244 1846 192 35 71 92 96 92 38 43 16 23 34 43 15 52 9 8 7 7 6 6 
