epsilon_k[0] 0.0001
epsilon_k[1] 2.18e-05
epsilon_k[2] 7.08e-05
epsilon_k[3] 2.54e-05
epsilon_k[4] 1e-05
epsilon_k[5] 7.8e-06
epsilon_k[6] 2.18e-05
omega_x0 0.168
omega_y0 0.201
dx 0.01
epsilon 1
max_turns 10000000
from_y 56
to_y 64
0.56 5856 3329 6994 985 1934 623 3268 641 2302 4492 985 6465 679 1246 261 959 394 159 101 241 198 498 1819 125 590 87 56 115 343 31 118 68 25 46 67 103 46 120 75 467 73 45 30 145 20 28 16 16 26 30 23 22 19 11 10 10 10 10 9 9 9 9 9 10 10 11 14 14 15 12 13 29 15 27 22 28 22 16 34 10 
0.57 8670 725 2896 724 2456 5270 1947 1106 231 471 270 493 340 208 77 134 108 329 34 167 241 33 156 258 209 69 89 67 119 295 55 39 189 63 219 100 40 567 44 107 166 89 26 16 14 14 16 33 23 15 25 15 22 15 12 10 10 10 9 9 9 9 9 9 9 10 10 12 13 15 12 13 27 15 29 19 23 19 14 22 
0.58 18212 1774 15729 1009 3233 266 753 1567 248 356 218 343 506 604 2053 132 166 1657 39 73 447 33 144 66 26 258 183 46 107 50 95 181 245 113 176 25 27 44 77 104 70 229 120 53 22 15 13 13 13 13 57 15 32 14 29 12 10 10 10 9 9 9 9 9 9 9 9 10 11 13 14 12 13 18 25 19 15 14 16 18 
0.59 351 1539 1247 345 913 277 391 220 363 513 768 164 501 526 38 32 28 81 69 78 183 104 86 69 33 144 562 256 35 76 101 75 25 47 144 33 40 43 36 73 41 37 32 210 46 126 56 53 14 13 12 12 17 15 24 23 19 10 10 9 9 9 9 9 9 9 9 9 10 11 12 14 12 15 15 23 15 18 21 12 
0.6 1230 833 1306 243 296 1305 209 1978 447 636 232 194 111 53 55 25 279 34 32 32 120 44 65 69 80 102 74 88 62 64 24 35 77 163 25 30 18 18 24 43 53 27 25 28 65 40 28 46 28 40 27 13 12 12 14 15 13 14 11 10 9 9 9 9 9 9 9 9 9 9 10 12 15 12 16 14 14 13 21 15 
0.61 705 4584 606 6527 1087 563 406 557 348 318 202 119 55 30 24 68 109 62 27 276 981 56 45 181 103 76 546 760 97 59 28 26 32 42 70 52 153 46 34 43 43 16 15 14 15 31 42 33 51 20 29 79 18 13 12 12 16 17 15 11 10 9 9 9 9 9 9 9 9 9 9 10 13 20 11 15 27 11 14 12 
0.62 1280 355 481 3742 409 160 228 312 268 314 153 179 47 92 84 72 130 39 46 78 262 270 120 340 47 92 22 56 83 23 31 41 131 98 1250 22 79 81 249 102 256 241 28 26 209 17 82 14 15 17 18 36 20 18 15 13 12 12 24 13 12 10 9 9 9 9 9 9 9 9 9 9 10 13 15 11 17 35 11 16 
0.63 719 1479 184 344 215 118 413 95 496 164 119 71 53 24 217 36 272 45 138 33 33 68 40 75 52 18 58 110 40 99 33 47 19 18 25 51 95 16 28 50 53 55 25 16 27 26 22 24 16 17 13 19 18 15 15 14 16 13 11 12 21 15 10 9 9 9 9 9 8 8 9 9 9 9 13 13 11 14 11 10 
