epsilon_k[0] 0.0001
epsilon_k[1] 2.18e-05
epsilon_k[2] 7.08e-05
epsilon_k[3] 2.54e-05
epsilon_k[4] 1e-05
epsilon_k[5] 7.8e-06
epsilon_k[6] 2.18e-05
omega_x0 0.168
omega_y0 0.201
dx 0.01
n_theta 100
dtheta 0.015708
epsilon 18
max_turns 10000000
from_angle 50
to_angle 55
0.785398 1e+07 1e+07 1e+07 1e+07 1e+07 1e+07 1e+07 1e+07 1e+07 1e+07 1e+07 1e+07 1e+07 1e+07 1e+07 1e+07 1e+07 1e+07 1e+07 1e+07 1e+07 1e+07 1e+07 1e+07 1e+07 1e+07 1e+07 1e+07 1e+07 1e+07 1e+07 1e+07 1e+07 1e+07 1e+07 1e+07 6.33899e+06 5.26016e+06 5.30974e+06 3.75416e+06 327135 4.5479e+06 1.54973e+06 2.88068e+06 110886 275408 29834 132551 77657 6624 64887 35687 5118 1593 2320 402 3076 1285 221 621 147 113 75 327 78 269 27 133 19 14 12 11 11 11 10 10 10 10 10 10 10 10 10 9 9 9 9 9 9 9 9 9 10 10 10 10 11 12 19 12 
0.801106 1e+07 1e+07 1e+07 1e+07 1e+07 1e+07 1e+07 1e+07 1e+07 1e+07 1e+07 1e+07 1e+07 1e+07 1e+07 1e+07 1e+07 1e+07 1e+07 1e+07 1e+07 1e+07 1e+07 1e+07 1e+07 1e+07 1e+07 1e+07 1e+07 1e+07 1e+07 1e+07 1e+07 1e+07 1e+07 1e+07 8.25308e+06 4.66364e+06 3.07546e+06 271115 4.55458e+06 1.61291e+06 81579 864064 231169 53944 23210 60659 7750 7443 6187 16689 2425 4429 2283 3013 748 488 310 471 232 617 63 128 557 112 43 609 43 15 12 12 11 11 11 10 10 10 10 10 10 10 10 10 10 11 11 12 16 13 13 18 18 11 11 11 13 14 12 11 
0.816814 1e+07 1e+07 1e+07 1e+07 1e+07 1e+07 1e+07 1e+07 1e+07 1e+07 1e+07 1e+07 1e+07 1e+07 1e+07 1e+07 1e+07 1e+07 1e+07 1e+07 1e+07 1e+07 1e+07 1e+07 1e+07 1e+07 1e+07 1e+07 1e+07 1e+07 1e+07 1e+07 1e+07 3.26967e+06 1e+07 1e+07 1e+07 3.44355e+06 2.34004e+06 510358 4.62615e+06 138450 343722 77650 46669 58163 685904 14318 12205 6112 6944 6736 7284 2047 355 1035 781 1109 664 152 329 53 59 184 525 245 25 18 52 19 35 13 12 12 12 12 12 12 13 14 14 19 24 13 13 28 19 12 11 11 12 14 12 14 11 10 10 10 10 11 
0.832522 1e+07 1e+07 1e+07 1e+07 1e+07 1e+07 1e+07 1e+07 1e+07 1e+07 1e+07 1e+07 1e+07 1e+07 1e+07 1e+07 1e+07 1e+07 1e+07 1e+07 1e+07 1e+07 1e+07 1e+07 1e+07 1e+07 1e+07 1e+07 1e+07 1e+07 1e+07 1e+07 1e+07 1e+07 1e+07 1e+07 5.68768e+06 462061 1.06495e+06 796238 453899 929055 200551 412279 230656 173896 44450 23017 28206 61553 1152 2207 2633 1972 374 3682 343 597 3385 120 477 602 144 197 34 265 42 54 52 19 18 18 17 21 21 25 20 17 15 14 21 15 21 12 11 12 13 15 13 21 11 10 10 12 12 12 10 9 9 8 
0.84823 1e+07 1e+07 1e+07 1e+07 1e+07 1e+07 1e+07 1e+07 1e+07 1e+07 1e+07 1e+07 1e+07 1e+07 1e+07 1e+07 1e+07 1e+07 1e+07 1e+07 1e+07 1e+07 1e+07 1e+07 1e+07 1e+07 1e+07 1e+07 1e+07 1e+07 1e+07 1e+07 1e+07 1e+07 1e+07 1e+07 4.4137e+06 1.60026e+06 608832 1.37054e+06 169032 1.12168e+06 446603 1.36347e+06 383035 30439 30492 28873 77166 8302 5813 2860 1117 4722 1091 204 4900 358 3340 59 182 265 20 20 192 84 116 39 67 37 95 44 16 22 20 15 31 18 15 19 12 12 12 16 18 14 20 12 13 14 12 12 10 10 9 8 7 7 7 7 
