epsilon_k[0] 0.0001
epsilon_k[1] 2.18e-05
epsilon_k[2] 7.08e-05
epsilon_k[3] 2.54e-05
epsilon_k[4] 1e-05
epsilon_k[5] 7.8e-06
epsilon_k[6] 2.18e-05
omega_x0 0.168
omega_y0 0.201
dx 0.01
n_theta 100
dtheta 0.015708
epsilon 40
max_turns 10000000
from_angle 30
to_angle 40
0.471239 1e+07 1e+07 1e+07 1e+07 1e+07 1e+07 1e+07 1e+07 1e+07 1e+07 1e+07 1e+07 1e+07 1e+07 1e+07 1e+07 1e+07 1e+07 1e+07 1e+07 1e+07 1e+07 1e+07 1e+07 1e+07 1e+07 1e+07 1e+07 1e+07 1e+07 1e+07 1e+07 8.18352e+06 3.70974e+06 3.70974e+06 3.70974e+06 3.70974e+06 3.70974e+06 3.70974e+06 3.08995e+06 3.08995e+06 3.08995e+06 1.21975e+06 1.21975e+06 1.21975e+06 1.21975e+06 1.21975e+06 1.21975e+06 316397 316397 289299 260234 56312 20396 20396 5812 3350 3350 3350 3237 3237 1581 1581 240 
0.486947 1e+07 1e+07 1e+07 1e+07 1e+07 1e+07 1e+07 1e+07 1e+07 1e+07 1e+07 1e+07 1e+07 1e+07 1e+07 1e+07 1e+07 1e+07 1e+07 1e+07 1e+07 1e+07 1e+07 1e+07 1e+07 1e+07 1e+07 1e+07 1e+07 1e+07 3.0273e+06 3.0273e+06 3.0273e+06 3.0273e+06 3.0273e+06 3.0273e+06 3.0273e+06 3.0273e+06 3.0273e+06 1.24304e+06 1.24304e+06 1.24304e+06 1.24304e+06 1.24304e+06 892343 892343 892343 892343 892343 589683 555691 121887 121887 27004 17700 7618 7618 7618 2346 2346 2346 1476 1476 1476 1476 368 
0.502655 1e+07 1e+07 1e+07 1e+07 1e+07 1e+07 1e+07 1e+07 1e+07 1e+07 1e+07 1e+07 1e+07 1e+07 1e+07 1e+07 1e+07 1e+07 1e+07 1e+07 1e+07 1e+07 1e+07 1e+07 1e+07 1e+07 1e+07 1e+07 1e+07 1e+07 1e+07 9.55035e+06 9.55035e+06 4.85112e+06 4.85112e+06 2.91126e+06 2.91126e+06 2.91126e+06 795547 795547 795547 795547 795547 795547 795547 795547 795547 344864 203500 203500 203500 104128 22877 22877 22877 15149 3421 1327 1327 1327 1327 1327 1198 660 
0.518363 1e+07 1e+07 1e+07 1e+07 1e+07 1e+07 1e+07 1e+07 1e+07 1e+07 1e+07 1e+07 1e+07 1e+07 1e+07 1e+07 1e+07 1e+07 1e+07 1e+07 1e+07 1e+07 1e+07 1e+07 1e+07 1e+07 1e+07 1e+07 1e+07 1e+07 7.12245e+06 7.12245e+06 7.12245e+06 7.12245e+06 7.12245e+06 7.12245e+06 7.12245e+06 7.12245e+06 7.12245e+06 1.48136e+06 1.48136e+06 1.32975e+06 1.32975e+06 1.16446e+06 1.16446e+06 1.16446e+06 1.16446e+06 1.16446e+06 1.16446e+06 233638 233638 75143 39129 11012 7056 7056 7056 7056 7056 2374 2374 2374 1201 265 
0.534071 1e+07 1e+07 1e+07 1e+07 1e+07 1e+07 1e+07 1e+07 1e+07 1e+07 1e+07 1e+07 1e+07 1e+07 1e+07 1e+07 1e+07 1e+07 1e+07 1e+07 1e+07 1e+07 1e+07 1e+07 1e+07 1e+07 1e+07 1e+07 1e+07 7.63048e+06 7.63048e+06 7.61178e+06 7.61178e+06 7.61178e+06 4.1969e+06 4.1969e+06 2.98875e+06 2.98875e+06 2.98875e+06 2.98875e+06 2.98875e+06 2.98875e+06 2.98875e+06 1.85513e+06 1.8353e+06 1.21625e+06 1.21625e+06 1.21625e+06 570247 95133 95133 63207 63207 63207 43455 5345 5345 4370 4370 2463 901 
0.549779 1e+07 1e+07 1e+07 1e+07 1e+07 1e+07 1e+07 1e+07 1e+07 1e+07 1e+07 1e+07 1e+07 1e+07 1e+07 1e+07 1e+07 1e+07 1e+07 1e+07 1e+07 1e+07 1e+07 1e+07 1e+07 1e+07 1e+07 1e+07 1e+07 1e+07 7.07849e+06 7.07849e+06 3.74627e+06 3.74627e+06 2.76421e+06 2.76421e+06 2.76421e+06 2.76421e+06 2.76421e+06 2.76421e+06 2.76421e+06 1.70616e+06 1.70616e+06 1.70616e+06 821172 629039 629039 629039 572065 572065 119125 86715 58204 47797 13725 13725 2354 2354 1602 1602 1602 1471 916 
0.565487 1e+07 1e+07 1e+07 1e+07 1e+07 1e+07 1e+07 1e+07 1e+07 1e+07 1e+07 1e+07 1e+07 1e+07 1e+07 1e+07 1e+07 1e+07 1e+07 1e+07 1e+07 1e+07 1e+07 1e+07 1e+07 1e+07 1e+07 1e+07 6.18729e+06 6.18729e+06 6.18729e+06 6.18729e+06 3.03711e+06 3.03711e+06 3.03711e+06 3.03711e+06 3.03711e+06 3.03711e+06 3.03711e+06 3.03711e+06 3.03711e+06 1.73614e+06 1.73614e+06 1.08676e+06 1.08676e+06 1.08676e+06 1.08676e+06 703431 703431 409992 409992 122651 67714 15199 6480 6480 6480 4266 746 
0.581195 1e+07 1e+07 1e+07 1e+07 1e+07 1e+07 1e+07 1e+07 1e+07 1e+07 1e+07 1e+07 1e+07 1e+07 1e+07 1e+07 1e+07 1e+07 1e+07 1e+07 1e+07 1e+07 1e+07 1e+07 1e+07 1e+07 1e+07 1e+07 1e+07 1e+07 6.64128e+06 6.64128e+06 6.64128e+06 6.64128e+06 6.64128e+06 6.64128e+06 6.64128e+06 2.99508e+06 2.99508e+06 1.14027e+06 1.14027e+06 1.14027e+06 1.14027e+06 1.02236e+06 1.02236e+06 1.02236e+06 1.02236e+06 269110 269110 269110 269110 129082 111314 8575 2920 2920 2920 2824 2824 2491 2491 612 
0.596903 1e+07 1e+07 1e+07 1e+07 1e+07 1e+07 1e+07 1e+07 1e+07 1e+07 1e+07 1e+07 1e+07 1e+07 1e+07 1e+07 1e+07 1e+07 1e+07 1e+07 1e+07 1e+07 1e+07 1e+07 1e+07 1e+07 1e+07 1e+07 6.41445e+06 6.41445e+06 2.86336e+06 2.86336e+06 2.86336e+06 2.86336e+06 2.86336e+06 2.86336e+06 2.86336e+06 2.86336e+06 1.89636e+06 1.89636e+06 1.89636e+06 1.24346e+06 1.24346e+06 1.24346e+06 1.24346e+06 1.24346e+06 1.19876e+06 1.19876e+06 229148 102883 102883 102883 102883 25577 14817 14817 14817 6544 864 
0.612611 1e+07 1e+07 1e+07 1e+07 1e+07 1e+07 1e+07 1e+07 1e+07 1e+07 1e+07 1e+07 1e+07 1e+07 1e+07 1e+07 1e+07 1e+07 1e+07 1e+07 1e+07 1e+07 1e+07 1e+07 1e+07 1e+07 1e+07 1e+07 1e+07 1e+07 9.53329e+06 5.62462e+06 3.82581e+06 3.82581e+06 3.82581e+06 3.82581e+06 3.82581e+06 3.82581e+06 2.859e+06 2.859e+06 2.859e+06 300660 300660 300660 300660 174841 174841 174841 174841 174841 76074 47533 39244 39244 2531 2531 2531 2531 2497 595 
