epsilon_k[0] 0.0001
epsilon_k[1] 2.18e-05
epsilon_k[2] 7.08e-05
epsilon_k[3] 2.54e-05
epsilon_k[4] 1e-05
epsilon_k[5] 7.8e-06
epsilon_k[6] 2.18e-05
omega_x0 0.168
omega_y0 0.201
dx 0.01
epsilon 14
max_turns 10000000
from_y 8
to_y 16
0.08 1e+07 1e+07 1e+07 1e+07 1e+07 1e+07 1e+07 1e+07 1e+07 1e+07 1e+07 1e+07 1e+07 1e+07 1e+07 1e+07 1e+07 1e+07 1e+07 1e+07 1e+07 1e+07 1e+07 1e+07 1e+07 1e+07 1e+07 1e+07 1e+07 1e+07 1e+07 1e+07 1e+07 1e+07 1e+07 1e+07 1e+07 1e+07 1e+07 1e+07 1e+07 1e+07 1e+07 1e+07 1e+07 7.31499e+06 480955 578879 850786 1e+07 1e+07 1e+07 1e+07 1e+07 1e+07 1e+07 6.52942e+06 4.10791e+06 104321 197019 198368 16157 11869 51842 229692 1779 1769 2122 2691 4253 5046 3818 393 1905 5291 557 327 665 199 98 
0.09 1e+07 1e+07 1e+07 1e+07 1e+07 1e+07 1e+07 1e+07 1e+07 1e+07 1e+07 1e+07 1e+07 1e+07 1e+07 1e+07 1e+07 1e+07 1e+07 1e+07 1e+07 1e+07 1e+07 1e+07 1e+07 1e+07 1e+07 1e+07 1e+07 1e+07 1e+07 1e+07 1e+07 1e+07 1e+07 1e+07 1e+07 1e+07 1e+07 1e+07 1e+07 1e+07 1e+07 1e+07 1e+07 7.02447e+06 768752 193289 254864 3.103e+06 1e+07 1e+07 1e+07 1e+07 9.18497e+06 898465 288386 1.62627e+06 123955 80089 70294 40819 3233 6087 13354 4490 3121 834 13495 513 3952 1185 735 2692 1003 388 8950 1295 424 345 
0.1 1e+07 1e+07 1e+07 1e+07 1e+07 1e+07 1e+07 1e+07 1e+07 1e+07 1e+07 1e+07 1e+07 1e+07 1e+07 1e+07 1e+07 1e+07 1e+07 1e+07 1e+07 1e+07 1e+07 1e+07 1e+07 1e+07 1e+07 1e+07 1e+07 1e+07 1e+07 1e+07 1e+07 1e+07 1e+07 1e+07 1e+07 1e+07 1e+07 1e+07 1e+07 1e+07 1e+07 1e+07 1e+07 1e+07 2.78764e+06 1.92759e+06 101228 212977 1e+07 1e+07 1e+07 3.41277e+06 4.5285e+06 1.29346e+06 253960 56109 109084 18026 10808 127060 5566 5405 2998 1107 1814 4701 4068 15317 10903 438 2035 956 92 275 409 2334 545 338 
0.11 1e+07 1e+07 1e+07 1e+07 1e+07 1e+07 1e+07 1e+07 1e+07 1e+07 1e+07 1e+07 1e+07 1e+07 1e+07 1e+07 1e+07 1e+07 1e+07 1e+07 1e+07 1e+07 1e+07 1e+07 1e+07 1e+07 1e+07 1e+07 1e+07 1e+07 1e+07 1e+07 1e+07 1e+07 1e+07 1e+07 1e+07 1e+07 1e+07 1e+07 1e+07 1e+07 1e+07 1e+07 1e+07 1.88653e+06 1.6345e+06 1.61355e+06 100659 36046 506559 2.19463e+06 954899 1.05711e+06 710982 737169 246551 109793 60309 38772 16094 7173 745 6446 9435 7936 1876 990 2359 5879 1816 324 2509 332 1416 328 594 163 76 159 
0.12 1e+07 1e+07 1e+07 1e+07 1e+07 1e+07 1e+07 1e+07 1e+07 1e+07 1e+07 1e+07 1e+07 1e+07 1e+07 1e+07 1e+07 1e+07 1e+07 1e+07 1e+07 1e+07 1e+07 1e+07 1e+07 1e+07 1e+07 1e+07 1e+07 1e+07 1e+07 1e+07 1e+07 1e+07 1e+07 1e+07 1e+07 1e+07 1e+07 1e+07 1e+07 1e+07 1e+07 1e+07 6.22528e+06 6.61556e+06 1e+07 2.36616e+06 184818 157318 16876 33001 122533 108169 184294 103643 38768 39159 5569 16819 15415 4270 2428 1225 4434 8329 5925 2316 2254 1853 1488 4204 1125 1327 2619 998 1472 2200 135 171 
0.13 1e+07 1e+07 1e+07 1e+07 1e+07 1e+07 1e+07 1e+07 1e+07 1e+07 1e+07 1e+07 1e+07 1e+07 1e+07 1e+07 1e+07 1e+07 1e+07 1e+07 1e+07 1e+07 1e+07 1e+07 1e+07 1e+07 1e+07 1e+07 1e+07 1e+07 1e+07 1e+07 1e+07 1e+07 1e+07 1e+07 1e+07 1e+07 1e+07 1e+07 1e+07 1e+07 1e+07 1e+07 1e+07 8.78005e+06 479754 87587 165380 153957 56681 185145 75904 431863 139935 217423 60955 242159 3221 6992 4697 8614 1951 9908 4223 8517 8376 5531 1578 8274 1884 2076 395 1262 357 292 29275 514 113 416 
0.14 1e+07 1e+07 1e+07 1e+07 1e+07 1e+07 1e+07 1e+07 1e+07 1e+07 1e+07 1e+07 1e+07 1e+07 1e+07 1e+07 1e+07 1e+07 1e+07 1e+07 1e+07 1e+07 1e+07 1e+07 1e+07 1e+07 1e+07 1e+07 1e+07 1e+07 1e+07 1e+07 1e+07 1e+07 1e+07 1e+07 1e+07 1e+07 1e+07 1e+07 1e+07 1e+07 1e+07 8.80257e+06 1e+07 1e+07 764989 391171 240596 71475 262933 468635 29487 71263 82073 119611 20825 37225 2558 1717 8950 6649 3824 403 14022 7092 1056 2164 6224 783 395 884 1720 471 474 120 564 71 182 80 
0.15 1e+07 1e+07 1e+07 1e+07 1e+07 1e+07 1e+07 1e+07 1e+07 1e+07 1e+07 1e+07 1e+07 1e+07 1e+07 1e+07 1e+07 1e+07 1e+07 1e+07 1e+07 1e+07 1e+07 1e+07 1e+07 1e+07 1e+07 1e+07 1e+07 1e+07 1e+07 1e+07 1e+07 1e+07 1e+07 1e+07 1e+07 1e+07 1e+07 1e+07 1e+07 1e+07 1e+07 1e+07 6.14851e+06 1.67756e+06 1e+07 204252 86476 42683 187476 28352 31608 31070 23337 179424 6748 5576 5623 43435 15075 2126 3118 10530 2060 63017 3072 3985 1079 1824 427 529 258 202 1355 162 667 354 458 663 
