epsilon_k[0] 0.1
epsilon_k[0] 2.18e-05
epsilon_k[0] 7.08e-05
epsilon_k[0] 2.54e-05
epsilon_k[0] 1e-05
epsilon_k[0] 7.8e-06
epsilon_k[0] 0.218
omega_x0 0.31
omega_y0 0.32
dx 0.01
n_theta 100
dtheta 0.00785398
epsilon 16
max_turns 10000000
from_angle 24
to_angle 32
0.188496 1e+07 12113 5962 4137 1486 735 
0.19635 1e+07 12180 6002 6002 1520 745 
0.204204 1e+07 12295 6170 4016 1560 781 
0.212058 1e+07 12189 6185 3800 2093 775 
0.219911 1e+07 12188 6106 3798 2105 811 
0.227765 1e+07 12208 6118 3798 2961 832 
0.235619 1e+07 12225 6154 3799 3799 867 
0.243473 1e+07 12246 6198 3801 3801 873 
