epsilon_k[0] 0.0001
epsilon_k[1] 2.18e-05
epsilon_k[2] 7.08e-05
epsilon_k[3] 2.54e-05
epsilon_k[4] 1e-05
epsilon_k[5] 7.8e-06
epsilon_k[6] 2.18e-05
omega_x0 0.168
omega_y0 0.201
dx 0.01
n_theta 100
dtheta 0.015708
epsilon 2
max_turns 10000000
from_angle 50
to_angle 55
0.785398 1e+07 1e+07 1e+07 1e+07 1e+07 1e+07 1e+07 1e+07 1e+07 1e+07 1e+07 1e+07 1e+07 1e+07 1e+07 1e+07 1e+07 1e+07 1e+07 1e+07 1e+07 1e+07 1e+07 1e+07 1e+07 1e+07 1e+07 1e+07 1e+07 1e+07 1e+07 1e+07 1e+07 1e+07 1e+07 1e+07 1e+07 1e+07 1e+07 1e+07 1e+07 2.43242e+06 486245 2.5034e+06 3.00908e+06 775656 253645 175119 73297 73045 14852 3973 7059 5410 8860 945 1808 1370 1471 1060 720 53 257 121 78 227 19 822 65 13 12 11 11 11 10 10 10 10 10 10 10 10 10 9 9 9 9 9 9 9 9 10 10 10 10 10 11 13 13 12 
0.801106 1e+07 1e+07 1e+07 1e+07 1e+07 1e+07 1e+07 1e+07 1e+07 1e+07 1e+07 1e+07 1e+07 1e+07 1e+07 1e+07 1e+07 1e+07 1e+07 1e+07 1e+07 1e+07 1e+07 1e+07 1e+07 1e+07 1e+07 1e+07 1e+07 1e+07 1e+07 1e+07 1e+07 1e+07 1e+07 1e+07 1e+07 1e+07 1e+07 1e+07 1e+07 7.35239e+06 1.86349e+06 4.45854e+06 4.83667e+06 247083 129840 45689 8468 13606 17038 8832 2106 3399 1562 710 4321 1021 804 2034 294 279 50 1551 219 69 19 130 380 14 12 11 11 11 11 11 10 10 10 10 10 10 10 10 11 11 12 12 24 12 13 14 12 11 11 11 15 12 15 11 
0.816814 1e+07 1e+07 1e+07 1e+07 1e+07 1e+07 1e+07 1e+07 1e+07 1e+07 1e+07 1e+07 1e+07 1e+07 1e+07 1e+07 1e+07 1e+07 1e+07 1e+07 1e+07 1e+07 1e+07 1e+07 1e+07 1e+07 1e+07 1e+07 1e+07 1e+07 1e+07 1e+07 1e+07 1e+07 1e+07 1e+07 1e+07 1e+07 1e+07 1e+07 1e+07 6.24481e+06 379486 2.17718e+06 742381 1.83389e+06 103602 176946 16788 11979 7851 43735 10909 1411 5544 1049 2869 1601 293 84 454 47 135 48 124 108 187 19 52 21 109 13 12 12 12 12 12 13 13 16 14 18 16 13 19 14 14 12 11 11 13 16 13 15 10 10 10 10 10 14 
0.832522 1e+07 1e+07 1e+07 1e+07 1e+07 1e+07 1e+07 1e+07 1e+07 1e+07 1e+07 1e+07 1e+07 1e+07 1e+07 1e+07 1e+07 1e+07 1e+07 1e+07 1e+07 1e+07 1e+07 1e+07 1e+07 1e+07 1e+07 1e+07 1e+07 1e+07 1e+07 1e+07 1e+07 1e+07 1e+07 1e+07 1e+07 1e+07 1e+07 1e+07 1e+07 1e+07 1e+07 998561 1.39217e+06 1e+07 329051 57047 48129 4732 8250 1671 2156 924 660 1000 424 313 140 295 36 788 73 217 288 112 190 32 49 19 18 18 18 20 27 24 16 22 14 15 27 15 13 12 11 12 18 17 13 16 11 10 11 13 12 11 9 9 9 8 
0.84823 1e+07 1e+07 1e+07 1e+07 1e+07 1e+07 1e+07 1e+07 1e+07 1e+07 1e+07 1e+07 1e+07 1e+07 1e+07 1e+07 1e+07 1e+07 1e+07 1e+07 1e+07 1e+07 1e+07 1e+07 1e+07 1e+07 1e+07 1e+07 1e+07 1e+07 1e+07 1e+07 1e+07 1e+07 1e+07 1e+07 1e+07 8.44334e+06 9.90043e+06 3.24196e+06 2.56895e+06 5.62278e+06 4.50545e+06 1.6928e+06 1.07879e+06 1.37629e+06 730740 116894 27634 33592 14587 2996 2103 6998 36608 636 580 631 656 75 93 29 20 82 35 57 116 120 32 207 101 19 17 19 23 17 33 16 19 13 12 12 12 17 19 14 24 13 17 16 13 11 10 10 9 8 7 7 7 7 
