epsilon_k[0] 0.0001
epsilon_k[1] 2.18e-05
epsilon_k[2] 7.08e-05
epsilon_k[3] 2.54e-05
epsilon_k[4] 1e-05
epsilon_k[5] 7.8e-06
epsilon_k[6] 2.18e-05
omega_x0 0.168
omega_y0 0.201
dx 0.01
epsilon 32
max_turns 10000000
from_y 72
to_y 80
0.72 20 20 21 26 65 204 87 39 215 29 38 60 24 16 40 27 80 18 28 73 65 27 15 41 9 8 8 7 7 7 7 7 7 7 7 7 6 6 6 6 6 6 6 6 6 6 6 6 6 6 6 6 6 6 6 6 6 6 7 7 7 7 7 7 8 9 9 12 9 9 10 16 154 11 9 8 8 8 8 8 
0.73 58 27 22 20 43 93 38 75 35 60 340 31 31 16 22 46 62 23 23 24 15 25 38 9 8 8 7 7 7 7 7 7 7 7 6 6 6 6 6 6 6 6 6 6 6 6 6 6 6 6 6 6 6 6 6 6 6 6 6 6 6 7 7 7 7 7 8 9 10 10 9 9 12 12 18 9 8 8 8 8 
0.74 41 37 105 84 21 44 27 45 33 32 43 27 20 17 51 43 25 32 16 22 37 24 10 8 8 7 7 7 7 7 7 7 6 6 6 6 6 6 6 6 6 6 6 6 6 6 6 6 6 6 6 6 6 6 6 6 6 6 6 6 6 6 6 6 7 7 7 7 8 9 13 9 9 15 11 28 9 8 8 8 
0.75 41 45 92 29 53 38 24 65 73 30 50 48 19 26 25 45 85 26 99 14 45 18 9 8 8 7 7 7 7 7 7 6 6 6 6 6 6 6 6 6 6 6 6 6 6 6 6 6 6 6 6 6 6 6 6 6 6 6 6 6 6 6 6 6 6 6 7 7 7 8 9 11 9 9 10 12 13 9 8 8 
0.76 32 60 199 21 29 49 85 57 20 48 44 27 23 20 25 36 29 22 16 25 62 9 8 8 7 7 7 7 7 7 6 6 6 6 6 6 6 6 6 6 6 6 6 6 6 6 6 6 6 6 6 6 6 6 6 6 6 6 6 6 6 6 6 6 6 6 6 6 7 7 7 8 9 12 9 9 16 16 9 8 
0.77 38 88 20 55 64 169 176 26 29 38 49 14 20 33 42 45 14 19 14 26 59 9 8 7 7 7 7 7 7 6 6 6 6 6 6 6 6 6 6 6 6 6 6 6 6 6 6 6 6 6 6 6 6 6 6 6 6 6 6 6 6 6 6 6 6 6 6 6 6 6 7 7 8 9 12 9 9 15 14 10 
0.78 16 45 51 72 147 39 43 40 212 33 26 14 21 30 36 25 13 14 14 15 10 8 8 7 7 7 7 7 6 6 6 6 6 6 6 6 6 6 6 6 6 6 6 6 6 6 6 6 6 6 6 6 6 6 6 6 6 6 6 6 6 6 6 6 6 6 6 6 6 6 6 7 7 7 8 11 9 9 12 15 
0.79 15 25 53 21 28 21 31 28 48 31 24 13 19 37 18 12 13 19 24 17 9 8 7 7 7 7 7 6 6 6 6 6 6 6 6 6 6 6 6 6 6 6 6 6 6 6 6 6 6 6 6 6 5 5 6 6 6 6 6 6 6 6 6 6 6 6 6 6 6 6 6 6 6 7 7 8 9 9 9 12 
