epsilon_k[0] 0.0001
epsilon_k[1] 2.18e-05
epsilon_k[2] 7.08e-05
epsilon_k[3] 2.54e-05
epsilon_k[4] 1e-05
epsilon_k[5] 7.8e-06
epsilon_k[6] 2.18e-05
omega_x0 0.168
omega_y0 0.201
dx 0.01
n_theta 100
dtheta 0.015708
epsilon 28
max_turns 10000000
from_angle 15
to_angle 20
0.235619 1e+07 1e+07 1e+07 1e+07 1e+07 1e+07 1e+07 1e+07 1e+07 1e+07 1e+07 1e+07 1e+07 1e+07 1e+07 1e+07 1e+07 1e+07 1e+07 1e+07 1e+07 1e+07 1e+07 1e+07 1e+07 1e+07 1e+07 1e+07 1e+07 1e+07 1e+07 1e+07 1e+07 1e+07 1e+07 1e+07 1e+07 1e+07 1e+07 1e+07 1e+07 1e+07 1e+07 4.59758e+06 2.98282e+06 1.02787e+06 8.55865e+06 1e+07 1.90562e+06 19817 28408 26285 342415 102194 67155 8491 26608 57876 27926 4992 74672 40716 9016 2820 10572 1131 2439 1086 1549 375 2024 1617 2057 803 226 213 314 234 172 519 222 113 71 86 395 111 91 16 1221 143 28 53 88 110 8 7 7 7 6 6 
0.251327 1e+07 1e+07 1e+07 1e+07 1e+07 1e+07 1e+07 1e+07 1e+07 1e+07 1e+07 1e+07 1e+07 1e+07 1e+07 1e+07 1e+07 1e+07 1e+07 1e+07 1e+07 1e+07 1e+07 1e+07 1e+07 1e+07 1e+07 1e+07 1e+07 1e+07 1e+07 1e+07 1e+07 1e+07 1e+07 1e+07 1e+07 1e+07 1e+07 1e+07 1e+07 1e+07 1e+07 1e+07 9.84502e+06 346381 4.64087e+06 409394 180638 286275 20671 75308 20093 60045 2.14779e+06 688159 212654 14129 3785 7405 7014 11521 6623 28912 3055 1916 2816 1179 398 725 5484 683 2036 2777 2512 107 593 61 363 447 273 118 28 35 28 43 39 162 15 18 208 49 159 23 18 9 8 7 7 6 
0.267035 1e+07 1e+07 1e+07 1e+07 1e+07 1e+07 1e+07 1e+07 1e+07 1e+07 1e+07 1e+07 1e+07 1e+07 1e+07 1e+07 1e+07 1e+07 1e+07 1e+07 1e+07 1e+07 1e+07 1e+07 1e+07 1e+07 1e+07 1e+07 1e+07 1e+07 1e+07 1e+07 1e+07 1e+07 1e+07 1e+07 1e+07 1e+07 1e+07 1e+07 1e+07 1e+07 1e+07 3.6893e+06 1.08153e+06 490923 1.30928e+06 442662 648007 197091 77331 272814 136578 28533 33018 31450 25609 9988 9275 2059 73719 2280 6997 651 2164 806 343 4933 1474 1194 364 7232 8391 6124 3220 531 776 148 90 223 148 131 127 298 231 46 22 72 76 16 14 77 25 49 15 44 117 8 7 7 
0.282743 1e+07 1e+07 1e+07 1e+07 1e+07 1e+07 1e+07 1e+07 1e+07 1e+07 1e+07 1e+07 1e+07 1e+07 1e+07 1e+07 1e+07 1e+07 1e+07 1e+07 1e+07 1e+07 1e+07 1e+07 1e+07 1e+07 1e+07 1e+07 1e+07 1e+07 1e+07 1e+07 1e+07 1e+07 1e+07 1e+07 1e+07 1e+07 1e+07 1e+07 1e+07 1e+07 1e+07 1e+07 2.0734e+06 4.01995e+06 417934 1.95947e+06 114243 32029 99845 32351 19308 9842 295376 14317 79566 7067 7751 4065 5779 4233 6076 1172 1350 688 439 504 4462 1027 584 475 661 1158 389 303 221 349 109 545 216 47 190 153 40 52 30 41 55 62 49 14 41 21 72 199 15 31 37 8 
0.298451 1e+07 1e+07 1e+07 1e+07 1e+07 1e+07 1e+07 1e+07 1e+07 1e+07 1e+07 1e+07 1e+07 1e+07 1e+07 1e+07 1e+07 1e+07 1e+07 1e+07 1e+07 1e+07 1e+07 1e+07 1e+07 1e+07 1e+07 1e+07 1e+07 1e+07 1e+07 1e+07 1e+07 1e+07 1e+07 1e+07 1e+07 1e+07 1e+07 1e+07 1e+07 1e+07 1e+07 1e+07 4.75343e+06 1.91622e+06 497381 585597 6.78852e+06 107724 112488 143337 573064 343084 7443 46097 20177 121230 12975 3872 911 42670 8522 7931 471 690 7111 854 3046 830 235 378 1954 1769 393 293 108 2474 529 332 195 356 64 53 54 114 713 295 154 68 41 114 14 14 1227 52 26 37 15 27 
