epsilon_k[0] 0.0001
epsilon_k[1] 2.18e-05
epsilon_k[2] 7.08e-05
epsilon_k[3] 2.54e-05
epsilon_k[4] 1e-05
epsilon_k[5] 7.8e-06
epsilon_k[6] 2.18e-05
omega_x0 0.168
omega_y0 0.201
dx 0.01
n_theta 100
dtheta 0.015708
epsilon 32
max_turns 10000000
from_angle 10
to_angle 15
0.15708 1e+07 1e+07 1e+07 1e+07 1e+07 1e+07 1e+07 1e+07 1e+07 1e+07 1e+07 1e+07 1e+07 1e+07 1e+07 1e+07 1e+07 1e+07 1e+07 1e+07 1e+07 1e+07 1e+07 1e+07 1e+07 1e+07 1e+07 1e+07 1e+07 1e+07 1e+07 1e+07 1e+07 1e+07 1e+07 1e+07 1e+07 1e+07 1e+07 1e+07 1e+07 1e+07 1e+07 1e+07 2.37148e+06 1.15039e+06 3.48743e+06 140784 148040 153798 1.46531e+06 3.95283e+06 1e+07 4.72537e+06 1e+07 787364 85929 181189 24716 126584 10806 16519 91998 18211 2742 12068 1536 1708 926 5302 904 7176 1416 307 1260 1671 1863 247 353 1101 135 128 62 201 118 119 48 16 16 8 7 7 6 6 6 6 6 6 5 5 
0.172788 1e+07 1e+07 1e+07 1e+07 1e+07 1e+07 1e+07 1e+07 1e+07 1e+07 1e+07 1e+07 1e+07 1e+07 1e+07 1e+07 1e+07 1e+07 1e+07 1e+07 1e+07 1e+07 1e+07 1e+07 1e+07 1e+07 1e+07 1e+07 1e+07 1e+07 1e+07 1e+07 1e+07 1e+07 1e+07 1e+07 1e+07 1e+07 1e+07 1e+07 1e+07 1e+07 1e+07 1e+07 9.4419e+06 1e+07 96291 213458 261707 85284 285418 835032 2.06474e+06 7.78834e+06 1.25852e+06 2.27629e+06 301586 171492 53805 336252 17980 14787 3047 14708 3632 6982 1127 11714 685 1089 1967 1809 1034 2356 1998 804 958 151 222 287 270 169 1330 62 26 56 64 143 81 18 8 7 7 6 6 6 6 6 6 5 
0.188496 1e+07 1e+07 1e+07 1e+07 1e+07 1e+07 1e+07 1e+07 1e+07 1e+07 1e+07 1e+07 1e+07 1e+07 1e+07 1e+07 1e+07 1e+07 1e+07 1e+07 1e+07 1e+07 1e+07 1e+07 1e+07 1e+07 1e+07 1e+07 1e+07 1e+07 1e+07 1e+07 1e+07 1e+07 1e+07 1e+07 1e+07 1e+07 1e+07 1e+07 1e+07 1e+07 1e+07 2.67412e+06 3.17341e+06 414706 6.95007e+06 43665 105030 91551 245900 32517 164020 433192 600490 285017 119926 37480 26032 23647 4257 19915 2629 2039 15280 1972 5850 12280 40185 121966 4144 5625 1344 4017 3197 540 739 151 572 207 528 55 203 101 34 25 31 40 153 579 23 8 7 7 6 6 6 6 6 6 
0.204204 1e+07 1e+07 1e+07 1e+07 1e+07 1e+07 1e+07 1e+07 1e+07 1e+07 1e+07 1e+07 1e+07 1e+07 1e+07 1e+07 1e+07 1e+07 1e+07 1e+07 1e+07 1e+07 1e+07 1e+07 1e+07 1e+07 1e+07 1e+07 1e+07 1e+07 1e+07 1e+07 1e+07 1e+07 1e+07 1e+07 1e+07 1e+07 1e+07 1e+07 1e+07 1e+07 1e+07 1e+07 8.12847e+06 429597 100419 267713 346260 31825 29837 39559 415321 6.23063e+06 1.69495e+06 578675 50690 24462 47865 168002 5202 6784 3465 80298 2801 11430 6534 2597 11315 6494 3053 1408 742 1056 1962 139 283 740 431 638 218 156 112 382 131 1021 25 271 62 114 40 11 8 7 7 6 6 6 6 6 
0.219911 1e+07 1e+07 1e+07 1e+07 1e+07 1e+07 1e+07 1e+07 1e+07 1e+07 1e+07 1e+07 1e+07 1e+07 1e+07 1e+07 1e+07 1e+07 1e+07 1e+07 1e+07 1e+07 1e+07 1e+07 1e+07 1e+07 1e+07 1e+07 1e+07 1e+07 1e+07 1e+07 1e+07 1e+07 1e+07 1e+07 1e+07 1e+07 1e+07 1e+07 1e+07 1e+07 6.28083e+06 2.2824e+06 913766 1.95733e+06 535759 699873 76519 44068 80127 13177 59484 73788 35811 267305 129565 16425 11059 4382 3664 8690 12474 18172 1367 2873 515 1438 4056 8041 5134 2533 223 1771 413 1054 195 131 127 169 113 706 767 138 47 47 25 200 141 230 59 41 32 8 7 7 6 6 6 6 
0.235619 1e+07 1e+07 1e+07 1e+07 1e+07 1e+07 1e+07 1e+07 1e+07 1e+07 1e+07 1e+07 1e+07 1e+07 1e+07 1e+07 1e+07 1e+07 1e+07 1e+07 1e+07 1e+07 1e+07 1e+07 1e+07 1e+07 1e+07 1e+07 1e+07 1e+07 1e+07 1e+07 1e+07 1e+07 1e+07 1e+07 1e+07 1e+07 1e+07 1e+07 1e+07 1e+07 1e+07 9.19644e+06 1.08879e+06 980720 244889 243199 35019 49188 16978 42250 14931 18451 27328 88000 98139 89884 11106 28046 11993 1600 3202 3234 2001 3398 1724 2083 2142 335 8867 9263 1451 498 695 174 341 1036 1377 10980 1126 4582 143 129 324 184 49 16 34 91 73 342 222 94 8 7 7 7 6 6 
