epsilon_k[0] 0.0001
epsilon_k[1] 2.18e-05
epsilon_k[2] 7.08e-05
epsilon_k[3] 2.54e-05
epsilon_k[4] 1e-05
epsilon_k[5] 7.8e-06
epsilon_k[6] 2.18e-05
omega_x0 0.168
omega_y0 0.201
dx 0.01
n_theta 100
dtheta 0.015708
epsilon 20
max_turns 10000000
from_angle 30
to_angle 35
0.471239 1e+07 1e+07 1e+07 1e+07 1e+07 1e+07 1e+07 1e+07 1e+07 1e+07 1e+07 1e+07 1e+07 1e+07 1e+07 1e+07 1e+07 1e+07 1e+07 1e+07 1e+07 1e+07 1e+07 1e+07 1e+07 1e+07 1e+07 1e+07 1e+07 1e+07 1e+07 1e+07 1e+07 1e+07 1e+07 1e+07 1e+07 1e+07 1e+07 1e+07 1e+07 1e+07 1e+07 1e+07 2.57887e+06 1e+07 1e+07 714199 1e+07 7.92175e+06 110988 2.06217e+06 91609 31337 22068 14400 2584 3735 13161 1990 4412 728 8788 2516 1264 224 8457 164 175 33 121 491 89 382 153 56 182 54 49 40 44 68 76 235 69 109 56 44 56 33 35 15 14 13 13 16 15 14 16 12 
0.486947 1e+07 1e+07 1e+07 1e+07 1e+07 1e+07 1e+07 1e+07 1e+07 1e+07 1e+07 1e+07 1e+07 1e+07 1e+07 1e+07 1e+07 1e+07 1e+07 1e+07 1e+07 1e+07 1e+07 1e+07 1e+07 1e+07 1e+07 1e+07 1e+07 1e+07 1e+07 1e+07 1e+07 1e+07 1e+07 1e+07 1e+07 1e+07 1e+07 1e+07 1e+07 1e+07 5.05241e+06 1e+07 8.96974e+06 1e+07 1.81948e+06 6.59977e+06 5.162e+06 490110 977465 145987 109878 78884 17934 5589 11240 30215 11964 3085 6383 1878 1349 585 2196 658 354 1712 523 277 35 31 58 93 97 30 115 216 113 96 294 179 98 66 450 51 33 45 35 64 42 27 45 20 21 20 24 20 18 17 
0.502655 1e+07 1e+07 1e+07 1e+07 1e+07 1e+07 1e+07 1e+07 1e+07 1e+07 1e+07 1e+07 1e+07 1e+07 1e+07 1e+07 1e+07 1e+07 1e+07 1e+07 1e+07 1e+07 1e+07 1e+07 1e+07 1e+07 1e+07 1e+07 1e+07 1e+07 1e+07 1e+07 1e+07 1e+07 1e+07 1e+07 1e+07 1e+07 1e+07 1e+07 5.2011e+06 1e+07 1e+07 1e+07 1e+07 6.43911e+06 6.54311e+06 2.10249e+06 401442 709824 229483 209175 96295 14351 60924 10679 1694 2913 63175 11211 734 6700 1545 820 494 993 479 331 170 350 50 166 58 112 124 51 76 168 78 37 45 65 151 98 78 41 33 22 17 15 15 15 17 31 17 19 25 21 16 16 
0.518363 1e+07 1e+07 1e+07 1e+07 1e+07 1e+07 1e+07 1e+07 1e+07 1e+07 1e+07 1e+07 1e+07 1e+07 1e+07 1e+07 1e+07 1e+07 1e+07 1e+07 1e+07 1e+07 1e+07 1e+07 1e+07 1e+07 1e+07 1e+07 1e+07 1e+07 1e+07 1e+07 1e+07 1e+07 1e+07 1e+07 1e+07 1e+07 1e+07 1e+07 1e+07 1e+07 1e+07 1e+07 1e+07 5.2778e+06 1e+07 1e+07 510963 1.06173e+06 109982 263449 145449 75428 80083 213730 6659 20678 19425 1038 721 7215 5914 2811 152 1354 372 3086 314 128 109 146 219 53 62 39 118 126 58 44 52 40 211 70 52 24 27 25 18 48 237 22 29 70 19 11 10 9 9 9 
0.534071 1e+07 1e+07 1e+07 1e+07 1e+07 1e+07 1e+07 1e+07 1e+07 1e+07 1e+07 1e+07 1e+07 1e+07 1e+07 1e+07 1e+07 1e+07 1e+07 1e+07 1e+07 1e+07 1e+07 1e+07 1e+07 1e+07 1e+07 1e+07 1e+07 1e+07 1e+07 1e+07 1e+07 1e+07 1e+07 1e+07 1e+07 1e+07 9.76729e+06 1e+07 4.5024e+06 1e+07 4.88245e+06 1e+07 1e+07 1e+07 1e+07 1.08563e+06 1.12187e+06 827292 700328 236842 229836 265409 8816 19969 4427 5800 54891 3113 2597 499 1324 310 532 326 105 480 884 311 146 95 151 103 48 196 67 40 64 251 46 95 51 105 104 43 22 18 30 19 26 26 11 10 9 9 9 8 8 8 
