epsilon_k[0] 0.1
epsilon_k[0] 2.18e-05
epsilon_k[0] 7.08e-05
epsilon_k[0] 2.54e-05
epsilon_k[0] 1e-05
epsilon_k[0] 7.8e-06
epsilon_k[0] 0.218
omega_x0 0.168
omega_y0 0.201
dx 0.01
n_theta 100
dtheta 0.00785398
epsilon 10
max_turns 10000000
from_angle 88
to_angle 96
0.69115 1e+07 26649 13000 4024 3052 3052 1212 687 
0.699004 1e+07 21702 13864 3801 3087 2219 1125 684 
0.706858 1e+07 22164 9487 3803 3067 2125 1016 686 
0.714712 1e+07 35670 11241 3803 2939 1757 1189 682 
0.722566 1e+07 54779 12130 3969 2840 1716 1363 666 
0.73042 1e+07 42477 14838 3910 2233 1711 1353 567 
0.738274 1e+07 34714 15466 3920 1984 1613 876 
0.746128 1e+07 42428 11260 4017 1898 1594 848 
0.753982 1e+07 33882 11822 4293 1847 1593 846 
