epsilon_k[0] 0.0001
epsilon_k[1] 2.18e-05
epsilon_k[2] 7.08e-05
epsilon_k[3] 2.54e-05
epsilon_k[4] 1e-05
epsilon_k[5] 7.8e-06
epsilon_k[6] 2.18e-05
omega_x0 0.168
omega_y0 0.201
dx 0.01
n_theta 100
dtheta 0.015708
epsilon 30
max_turns 10000000
from_angle 55
to_angle 60
0.863938 1e+07 1e+07 1e+07 1e+07 1e+07 1e+07 1e+07 1e+07 1e+07 1e+07 1e+07 1e+07 1e+07 1e+07 1e+07 1e+07 1e+07 1e+07 1e+07 1e+07 1e+07 1e+07 1e+07 1e+07 1e+07 1e+07 1e+07 1e+07 1e+07 1e+07 1e+07 1e+07 1e+07 5.22434e+06 1e+07 3.30055e+06 1e+07 1.21111e+06 644998 406469 769379 4.24233e+06 1.05428e+06 21654 21759 97811 43396 58609 128104 10868 2003 7125 1359 2925 1196 1717 858 7172 823 947 127 26 33 20 18 18 17 17 17 20 24 60 40 26 26 15 22 13 12 12 13 20 18 14 30 15 16 12 12 10 13 9 8 7 7 7 7 7 6 6 
0.879646 1e+07 1e+07 1e+07 1e+07 1e+07 1e+07 1e+07 1e+07 1e+07 1e+07 1e+07 1e+07 1e+07 1e+07 1e+07 1e+07 1e+07 1e+07 1e+07 1e+07 1e+07 1e+07 1e+07 1e+07 1e+07 1e+07 1e+07 1e+07 1e+07 1e+07 1e+07 1e+07 1e+07 1e+07 9.86619e+06 1e+07 694833 397550 360169 211683 189621 102167 87139 34456 42580 15582 522711 15199 13919 5516 12719 4056 11357 1453 544 1041 161 1137 3126 230 57 198 78 80 51 102 23 23 33 98 34 52 19 15 18 14 12 12 15 22 17 15 15 16 12 33 11 14 9 8 7 7 7 7 7 6 6 6 6 6 
0.895354 1e+07 1e+07 1e+07 1e+07 1e+07 1e+07 1e+07 1e+07 1e+07 1e+07 1e+07 1e+07 1e+07 1e+07 1e+07 1e+07 1e+07 1e+07 1e+07 1e+07 1e+07 1e+07 1e+07 1e+07 1e+07 1e+07 1e+07 1e+07 1e+07 1e+07 1e+07 1e+07 1e+07 1e+07 1e+07 1e+07 449385 576821 487659 210247 135120 573747 175776 88161 49373 15512 25754 169201 10657 12320 5672 2601 1337 4383 2601 800 1045 791 130 296 123 303 75 54 49 42 277 43 65 74 47 16 21 26 13 13 15 20 60 33 21 15 14 14 15 12 9 8 7 7 7 7 7 6 6 6 6 6 6 6 
0.911062 1e+07 1e+07 1e+07 1e+07 1e+07 1e+07 1e+07 1e+07 1e+07 1e+07 1e+07 1e+07 1e+07 1e+07 1e+07 1e+07 1e+07 1e+07 1e+07 1e+07 1e+07 1e+07 1e+07 1e+07 1e+07 1e+07 1e+07 1e+07 1e+07 1e+07 1e+07 1e+07 1e+07 1e+07 1e+07 1e+07 1e+07 2.75749e+06 402617 293090 67304 125628 59588 30204 8710 7668 33413 30771 22377 8353 2755 7622 1234 692 482 2376 367 886 345 98 73 221 71 49 31 50 80 259 92 125 16 18 29 13 14 30 41 30 24 19 14 17 15 14 9 8 7 7 7 7 7 6 6 6 6 6 6 6 6 6 
0.92677 1e+07 1e+07 1e+07 1e+07 1e+07 1e+07 1e+07 1e+07 1e+07 1e+07 1e+07 1e+07 1e+07 1e+07 1e+07 1e+07 1e+07 1e+07 1e+07 1e+07 1e+07 1e+07 1e+07 1e+07 1e+07 1e+07 1e+07 1e+07 1e+07 1e+07 1e+07 1e+07 1e+07 1e+07 1e+07 1e+07 1e+07 1e+07 3.13224e+06 1.26391e+06 1e+07 23212 39466 25809 66677 61718 10138 49405 63706 9954 6719 4817 5140 1844 3423 3636 1758 940 452 431 198 473 61 129 452 35 91 80 17 17 27 40 14 21 56 38 30 22 13 17 16 16 9 8 8 7 7 7 7 6 6 6 6 6 6 6 6 6 6 6 
