epsilon_k[0] 0.0001
epsilon_k[1] 2.18e-05
epsilon_k[2] 7.08e-05
epsilon_k[3] 2.54e-05
epsilon_k[4] 1e-05
epsilon_k[5] 7.8e-06
epsilon_k[6] 2.18e-05
omega_x0 0.168
omega_y0 0.201
dx 0.01
n_theta 100
dtheta 0.015708
epsilon 40
max_turns 10000000
from_angle 30
to_angle 35
0.471239 1e+07 1e+07 1e+07 1e+07 1e+07 1e+07 1e+07 1e+07 1e+07 1e+07 1e+07 1e+07 1e+07 1e+07 1e+07 1e+07 1e+07 1e+07 1e+07 1e+07 1e+07 1e+07 1e+07 1e+07 1e+07 1e+07 1e+07 1e+07 1e+07 1e+07 1e+07 1e+07 8.18352e+06 3.70974e+06 6.01624e+06 1e+07 1e+07 1e+07 3.99271e+06 3.08995e+06 9.81533e+06 8.2982e+06 1.21975e+06 9.52061e+06 1.92016e+06 3.32093e+06 7.23525e+06 2.96238e+06 316397 602969 289299 260234 56312 20396 37698 5812 3350 5588 5693 3237 5566 1581 8931 240 11538 734 1648 190 4403 98 42 74 402 92 90 77 63 41 55 79 49 67 32 47 82 30 135 68 28 53 33 22 14 13 13 13 14 15 14 19 
0.486947 1e+07 1e+07 1e+07 1e+07 1e+07 1e+07 1e+07 1e+07 1e+07 1e+07 1e+07 1e+07 1e+07 1e+07 1e+07 1e+07 1e+07 1e+07 1e+07 1e+07 1e+07 1e+07 1e+07 1e+07 1e+07 1e+07 1e+07 1e+07 1e+07 1e+07 3.0273e+06 1e+07 1e+07 1e+07 6.78304e+06 1e+07 1e+07 1e+07 1e+07 1.24304e+06 2.63356e+06 1.89824e+06 5.20022e+06 1.5464e+06 892343 5.0169e+06 914580 6.59339e+06 1.2423e+06 589683 555691 121887 1.15974e+06 27004 17700 7618 34382 28829 2346 5709 15451 1476 8952 5951 2669 368 171 133 307 316 91 33 39 255 54 41 64 34 144 377 66 92 45 115 208 39 67 66 870 63 29 27 57 30 26 18 16 15 15 15 
0.502655 1e+07 1e+07 1e+07 1e+07 1e+07 1e+07 1e+07 1e+07 1e+07 1e+07 1e+07 1e+07 1e+07 1e+07 1e+07 1e+07 1e+07 1e+07 1e+07 1e+07 1e+07 1e+07 1e+07 1e+07 1e+07 1e+07 1e+07 1e+07 1e+07 1e+07 1e+07 9.55035e+06 1e+07 4.85112e+06 8.1991e+06 2.91126e+06 3.85859e+06 3.65048e+06 795547 2.54382e+06 1e+07 1e+07 5.1278e+06 7.04038e+06 4.62489e+06 1.96348e+06 1.52615e+06 344864 203500 463987 1.35397e+06 104128 22877 48175 243724 15149 3421 1327 17525 3157 8164 2137 1198 660 262 239 481 165 610 130 705 95 74 70 45 99 92 164 76 118 73 81 71 69 106 38 41 37 27 15 15 15 21 17 23 17 21 29 13 13 
0.518363 1e+07 1e+07 1e+07 1e+07 1e+07 1e+07 1e+07 1e+07 1e+07 1e+07 1e+07 1e+07 1e+07 1e+07 1e+07 1e+07 1e+07 1e+07 1e+07 1e+07 1e+07 1e+07 1e+07 1e+07 1e+07 1e+07 1e+07 1e+07 1e+07 1e+07 7.12245e+06 1e+07 1e+07 8.26118e+06 1e+07 8.79696e+06 1e+07 9.92267e+06 1e+07 1.48136e+06 8.29451e+06 1.32975e+06 1e+07 1.16446e+06 2.63064e+06 1e+07 4.73334e+06 1e+07 2.23636e+06 233638 1.79282e+06 75143 39129 11012 7056 51916 13884 7466 10634 2374 5608 3255 1201 265 346 628 156 231 143 371 176 483 143 58 135 47 115 209 66 53 33 120 66 31 59 76 25 32 21 51 37 25 37 31 22 11 10 9 9 9 
0.534071 1e+07 1e+07 1e+07 1e+07 1e+07 1e+07 1e+07 1e+07 1e+07 1e+07 1e+07 1e+07 1e+07 1e+07 1e+07 1e+07 1e+07 1e+07 1e+07 1e+07 1e+07 1e+07 1e+07 1e+07 1e+07 1e+07 1e+07 1e+07 1e+07 7.63048e+06 1e+07 7.61178e+06 1e+07 1e+07 4.1969e+06 4.26023e+06 2.98875e+06 1e+07 1e+07 1e+07 1e+07 1e+07 6.40797e+06 1.85513e+06 1.8353e+06 1.21625e+06 5.07022e+06 1.38725e+06 570247 95133 131989 63207 272893 189630 43455 5345 8411 4370 4847 2463 901 1970 1084 291 36361 7766 238 224 173 277 99 101 217 142 137 120 52 181 33 206 85 59 36 35 71 25 45 18 27 24 18 25 12 10 9 9 8 8 8 8 
