epsilon_k[0] 0.0001
epsilon_k[1] 2.18e-05
epsilon_k[2] 7.08e-05
epsilon_k[3] 2.54e-05
epsilon_k[4] 1e-05
epsilon_k[5] 7.8e-06
epsilon_k[6] 2.18e-05
omega_x0 0.168
omega_y0 0.201
dx 0.01
epsilon 16
max_turns 10000000
from_y 24
to_y 32
0.24 1e+07 1e+07 1e+07 1e+07 1e+07 1e+07 1e+07 1e+07 1e+07 1e+07 1e+07 1e+07 1e+07 1e+07 1e+07 1e+07 1e+07 1e+07 1e+07 1e+07 1e+07 1e+07 1e+07 1e+07 1e+07 1e+07 1e+07 1e+07 1e+07 1e+07 9.53862e+06 1e+07 1e+07 1e+07 1e+07 1e+07 1e+07 1e+07 1.25478e+06 1e+07 2.90157e+06 1.30565e+06 332725 471517 329141 107623 270481 12283 20633 7665 32170 9015 20307 1606 6559 9762 3094 3371 2924 3682 3091 555 817 7000 170 896 225 3014 346 282 584 1161 245 317 358 709 107 103 142 185 
0.25 1e+07 1e+07 1e+07 1e+07 1e+07 1e+07 1e+07 1e+07 1e+07 1e+07 1e+07 1e+07 1e+07 1e+07 1e+07 1e+07 1e+07 1e+07 1e+07 1e+07 1e+07 1e+07 1e+07 1e+07 1e+07 7.55738e+06 4.75658e+06 5.7867e+06 1e+07 1e+07 1e+07 1e+07 1e+07 1e+07 2.31519e+06 1e+07 1e+07 1.36151e+06 3.02018e+06 753193 1.69216e+06 705583 774978 342828 100725 451953 379746 90421 255421 6201 12740 18011 2038 2237 2619 1873 1900 520 8679 951 4179 2716 4151 516 71 152 664 525 271 169 57 53 583 347 49 45 98 22 351 78 
0.26 1e+07 1e+07 1e+07 1e+07 1e+07 1e+07 1e+07 1e+07 1e+07 1e+07 1e+07 1e+07 1e+07 1e+07 1e+07 1e+07 1e+07 1e+07 1e+07 1e+07 1e+07 1e+07 1e+07 1e+07 1e+07 9.31411e+06 1e+07 1e+07 1e+07 1e+07 1e+07 1e+07 4.27806e+06 1e+07 1e+07 1e+07 6.51333e+06 1.25813e+06 1.14373e+06 2.11177e+06 1.71561e+06 2.11979e+06 1.33567e+06 748731 238023 110270 47025 42291 4035 7203 1687 7396 29641 2447 5346 6485 41203 1233 908 3481 519 452 1066 469 71 186 110 66 276 122 39 54 66 52 510 137 224 66 230 80 
0.27 1e+07 1e+07 1e+07 1e+07 1e+07 1e+07 1e+07 1e+07 1e+07 1e+07 1e+07 1e+07 1e+07 1e+07 1e+07 1e+07 1e+07 1e+07 1e+07 1e+07 1e+07 1e+07 1e+07 2.90246e+06 6.52353e+06 9.79568e+06 1e+07 1e+07 1e+07 1.47818e+06 5.38626e+06 7.32549e+06 3.54317e+06 1e+07 3.49828e+06 2.83145e+06 2.66959e+06 1.28999e+06 872857 671106 468124 257328 823389 174933 137758 255889 51704 16406 3622 26767 198183 4004 1282 8623 3448 847 9713 1589 596 1865 520 635 202 273 195 90 366 295 317 146 494 56 235 119 54 2546 27 22 21 324 
0.28 1e+07 1e+07 1e+07 1e+07 1e+07 1e+07 1e+07 1e+07 1e+07 1e+07 1e+07 1e+07 1e+07 1e+07 1e+07 1e+07 1e+07 1e+07 1e+07 1e+07 1e+07 1e+07 1e+07 3.43623e+06 5.00182e+06 1.70897e+06 2.69668e+06 1.58073e+06 558968 1.83518e+06 245501 780998 1.93052e+06 2.49035e+06 1e+07 1.37685e+06 920791 862754 3.03144e+06 1.25078e+06 213758 210779 51703 54512 35684 66266 29914 2382 563648 41491 2593 4622 11144 6561 762 11473 2761 1309 1049 1178 1395 1480 77 1006 161 151 161 93 118 321 316 407 278 127 67 103 16 15 81 27 
0.29 1e+07 1e+07 1e+07 1e+07 1e+07 1e+07 1e+07 1e+07 1e+07 1e+07 1e+07 1e+07 1e+07 1e+07 1e+07 1e+07 1e+07 1e+07 1e+07 1e+07 1e+07 1e+07 1e+07 5.12125e+06 2.23012e+06 1e+07 9.60561e+06 1.99884e+06 1.48413e+06 2.6743e+06 1.79311e+06 518659 2.1713e+06 3.48012e+06 350050 1.44783e+06 1.04732e+06 384746 2.65124e+06 161428 283821 236321 108454 36065 374949 5282 6735 3203 8892 12724 3868 9925 3763 3203 1325 2073 4548 290 582 1260 3152 382 111 95 135 302 190 233 109 1719 33 105 163 95 29 139 25 14 14 141 
0.3 1e+07 1e+07 1e+07 1e+07 1e+07 1e+07 1e+07 1e+07 1e+07 1e+07 1e+07 1e+07 1e+07 1e+07 1e+07 1e+07 1e+07 1e+07 1e+07 1e+07 1e+07 1e+07 1e+07 1e+07 341923 9.4177e+06 607220 986980 1.71968e+06 203193 966278 2.14392e+06 908429 826527 145840 772002 778057 127291 421229 95388 589656 49567 14559 143790 4081 5561 7711 11039 6258 12494 4945 1057 1407 45722 851 10311 6116 1017 495 436 127 40 54 124 151 184 81 64 32 197 378 55 215 137 62 84 302 13 13 15 
0.31 1e+07 1e+07 1e+07 1e+07 1e+07 1e+07 1e+07 1e+07 1e+07 1e+07 1e+07 1e+07 1e+07 1e+07 1e+07 1e+07 1e+07 1e+07 1e+07 1e+07 1e+07 1e+07 1e+07 1e+07 1.46854e+06 409599 128346 248566 107989 945173 75822 85510 461124 183977 40304 92522 189914 56683 23677 25699 24668 81371 10942 22903 9243 4304 11363 1978 2134 6344 2284 1667 1978 812 2760 247 412 176 1396 134 128 64 85 142 507 121 1565 137 115 85 52 170 65 522 364 142 66 14 13 13 
