epsilon_k[0] 0.1
epsilon_k[0] 2.18e-05
epsilon_k[0] 7.08e-05
epsilon_k[0] 2.54e-05
epsilon_k[0] 1e-05
epsilon_k[0] 7.8e-06
epsilon_k[0] 0.218
omega_x0 0.168
omega_y0 0.201
dx 0.01
n_theta 100
dtheta 0.00785398
epsilon 12
max_turns 10000000
from_angle 72
to_angle 80
0.565487 1e+07 1e+07 36744 4620 3261 1010 679 
0.573341 1e+07 1e+07 14120 5482 3581 1015 680 
0.581195 1e+07 1e+07 14028 6573 3540 996 
0.589049 1e+07 1e+07 12324 7696 5178 994 
0.596903 1e+07 1e+07 14804 6069 3123 994 
0.604757 1e+07 1e+07 16415 6222 2838 993 
0.612611 1e+07 1e+07 21595 6480 2873 993 
0.620465 1e+07 1e+07 20824 7085 2642 1042 684 
0.628319 1e+07 1e+07 17604 7617 2568 985 
