epsilon_k[0] 0.0001
epsilon_k[1] 2.18e-05
epsilon_k[2] 7.08e-05
epsilon_k[3] 2.54e-05
epsilon_k[4] 1e-05
epsilon_k[5] 7.8e-06
epsilon_k[6] 2.18e-05
omega_x0 0.168
omega_y0 0.201
dx 0.01
n_theta 100
dtheta 0.015708
epsilon 4
max_turns 10000000
from_angle 85
to_angle 90
1.33518 1e+07 1e+07 1e+07 1e+07 1e+07 1e+07 1e+07 1e+07 1e+07 1e+07 1e+07 1e+07 1e+07 1e+07 1e+07 1e+07 1e+07 1e+07 1e+07 1e+07 1e+07 1e+07 1e+07 1e+07 1e+07 1e+07 1e+07 1e+07 1e+07 1e+07 1e+07 1e+07 1e+07 1e+07 1e+07 1e+07 1e+07 1e+07 1e+07 5.16302e+06 2.886e+06 1.70575e+06 96913 233878 588845 69703 283964 15653 16069 77393 1925 3587 9836 9439 6260 268 254 722 285 70 1254 239 24 198 41 30 49 26 35 67 102 70 56 29 17 18 16 16 14 30 15 31 9 8 8 8 7 7 7 7 7 7 6 6 6 6 6 6 6 6 
1.35088 1e+07 1e+07 1e+07 1e+07 1e+07 1e+07 1e+07 1e+07 1e+07 1e+07 1e+07 1e+07 1e+07 1e+07 1e+07 1e+07 1e+07 1e+07 1e+07 1e+07 1e+07 1e+07 1e+07 1e+07 1e+07 1e+07 1e+07 1e+07 1e+07 1e+07 1e+07 1e+07 1e+07 1e+07 1e+07 1e+07 1e+07 1e+07 1e+07 1e+07 8.347e+06 899356 1e+07 204003 252250 319363 191327 78149 9560 27503 8912 3614 1054 2312 1924 1211 716 1204 217 260 77 42 94 24 32 58 68 62 365 73 47 46 87 65 18 45 25 31 16 16 14 52 17 19 12 9 8 8 7 7 7 7 7 7 7 6 6 6 6 6 
1.36659 1e+07 1e+07 1e+07 1e+07 1e+07 1e+07 1e+07 1e+07 1e+07 1e+07 1e+07 1e+07 1e+07 1e+07 1e+07 1e+07 1e+07 1e+07 1e+07 1e+07 1e+07 1e+07 1e+07 1e+07 1e+07 1e+07 1e+07 1e+07 1e+07 1e+07 1e+07 1e+07 1e+07 1e+07 1e+07 1e+07 1e+07 1e+07 1e+07 1e+07 5.0353e+06 2.30115e+06 2.59262e+06 595114 652941 107352 192626 59513 13661 38591 4846 8453 5586 772 910 288 301 595 500 218 219 179 70 30 105 25 64 99 19 39 30 44 52 80 54 29 35 18 18 15 16 14 17 13 32 18 26 17 9 8 8 8 7 7 7 7 7 7 6 6 
1.3823 1e+07 1e+07 1e+07 1e+07 1e+07 1e+07 1e+07 1e+07 1e+07 1e+07 1e+07 1e+07 1e+07 1e+07 1e+07 1e+07 1e+07 1e+07 1e+07 1e+07 1e+07 1e+07 1e+07 1e+07 1e+07 1e+07 1e+07 1e+07 1e+07 1e+07 1e+07 1e+07 1e+07 1e+07 1e+07 1e+07 1e+07 1e+07 1e+07 1e+07 1e+07 6.92921e+06 6.87249e+06 858833 893499 399630 268138 64504 49542 28109 14040 20571 3083 5729 1165 746 950 405 405 280 860 376 184 136 48 41 50 24 61 51 17 17 42 73 96 25 53 33 31 23 12 12 11 12 20 17 12 15 22 16 13 10 9 8 8 8 7 7 7 7 
1.39801 1e+07 1e+07 1e+07 1e+07 1e+07 1e+07 1e+07 1e+07 1e+07 1e+07 1e+07 1e+07 1e+07 1e+07 1e+07 1e+07 1e+07 1e+07 1e+07 1e+07 1e+07 1e+07 1e+07 1e+07 1e+07 1e+07 1e+07 1e+07 1e+07 1e+07 1e+07 1e+07 1e+07 1e+07 1e+07 1e+07 1e+07 1e+07 1e+07 1e+07 1e+07 1e+07 1e+07 1e+07 1e+07 1.53936e+06 356011 63981 4951 5459 1790 65658 3382 9052 8250 7132 1012 5696 1110 219 145 351 160 51 74 335 209 71 108 67 44 31 35 16 16 49 25 31 17 37 18 48 13 11 11 11 11 11 11 12 13 12 12 13 11 10 10 10 9 8 
1.41372 1e+07 1e+07 1e+07 1e+07 1e+07 1e+07 1e+07 1e+07 1e+07 1e+07 1e+07 1e+07 1e+07 1e+07 1e+07 1e+07 1e+07 1e+07 1e+07 1e+07 1e+07 1e+07 1e+07 1e+07 1e+07 1e+07 1e+07 1e+07 1e+07 1e+07 1e+07 1e+07 1e+07 1e+07 1e+07 1e+07 1e+07 1e+07 1e+07 1e+07 1e+07 1e+07 1e+07 7.72789e+06 3.6924e+06 1.24941e+06 450714 256196 50903 37186 3628 4191 12303 4798 895 3142 553 741 5277 393 19494 459 348 317 218 91 43 66 115 138 60 42 303 57 47 19 21 17 15 17 35 24 15 16 17 37 121 12 11 10 10 10 10 10 10 10 10 10 10 12 
