epsilon_k[0]0.1
epsilon_k[0]2.18e-05
epsilon_k[0]7.08e-05
epsilon_k[0]2.54e-05
epsilon_k[0]1e-05
epsilon_k[0]7.8e-06
epsilon_k[0]0.218
omega_x01.05558
omega_y01.26292
dx 0.01
n_theta 100
dtheta 0.00785398
epsilon 14
max_turns 10000000
from_angle 72
to_angle 80
0.565487 1e+07 307781 13169 4302 2673 1966 834 
0.573341 1e+07 744947 13973 4307 2645 1955 833 
0.581195 1e+07 165398 48011 4331 2681 1960 833 
0.589049 1e+07 279548 17902 4356 2639 1955 833 
0.596903 1e+07 218793 15865 4406 2634 1969 833 
0.604757 1e+07 194906 14052 4591 2612 2156 833 
0.612611 1e+07 214213 14147 5220 2531 2531 833 
0.620465 1e+07 248749 14146 6912 2493 2203 833 
0.628319 1e+07 1.32142e+06 14146 5466 2469 1685 834 
