epsilon_k[0] 0.1
epsilon_k[0] 2.18e-05
epsilon_k[0] 7.08e-05
epsilon_k[0] 2.54e-05
epsilon_k[0] 1e-05
epsilon_k[0] 7.8e-06
epsilon_k[0] 0.218
omega_x0 0.28
omega_y0 0.31
dx 0.01
n_theta 100
dtheta 0.00785398
epsilon 6
max_turns 10000000
from_angle 80
to_angle 88
0.628319 1e+07 201193 5976 5562 4029 3291 1246 809 
0.636173 1e+07 93351 6071 6071 3991 3281 1257 854 
0.644026 1e+07 86316 6777 6777 3995 3375 1476 823 
0.65188 1e+07 110019 6439 6439 4010 3218 1777 834 
0.659734 1e+07 52475 6689 6689 4036 3167 2154 906 
0.667588 1e+07 220402 6848 6848 4036 3063 1975 984 
0.675442 1e+07 933614 7332 7332 4085 3171 1801 1094 766 
0.683296 1e+07 325055 7663 7663 4086 4086 2130 1110 767 
0.69115 1e+07 5.81071e+06 8533 8533 4087 2797 1639 1133 767 
