epsilon_k[0] 0.0001
epsilon_k[1] 2.18e-05
epsilon_k[2] 7.08e-05
epsilon_k[3] 2.54e-05
epsilon_k[4] 1e-05
epsilon_k[5] 7.8e-06
epsilon_k[6] 2.18e-05
omega_x0 0.168
omega_y0 0.201
dx 0.01
n_theta 100
dtheta 0.015708
epsilon 32
max_turns 10000000
from_angle 45
to_angle 50
0.706858 1e+07 1e+07 1e+07 1e+07 1e+07 1e+07 1e+07 1e+07 1e+07 1e+07 1e+07 1e+07 1e+07 1e+07 1e+07 1e+07 1e+07 1e+07 1e+07 1e+07 1e+07 1e+07 1e+07 1e+07 1e+07 1e+07 1e+07 9.06712e+06 1e+07 1e+07 9.89974e+06 7.96657e+06 9.91344e+06 8.08225e+06 7.74394e+06 2.43273e+06 1e+07 3.34999e+06 8.09438e+06 1e+07 1e+07 1e+07 457406 162789 1.69908e+06 741178 230746 567146 147428 54071 25563 95247 11387 1184 2449 2194 734 686 4013 552 1086 700 503 250 79 90 289 150 222 262 159 129 52 99 203 52 18 19 87 27 130 28 23 17 18 13 12 11 11 11 11 10 10 10 10 10 11 11 12 13 
0.722566 1e+07 1e+07 1e+07 1e+07 1e+07 1e+07 1e+07 1e+07 1e+07 1e+07 1e+07 1e+07 1e+07 1e+07 1e+07 1e+07 1e+07 1e+07 1e+07 1e+07 1e+07 1e+07 1e+07 1e+07 1e+07 1e+07 1e+07 1e+07 1e+07 1e+07 1e+07 4.61583e+06 1e+07 1e+07 1.1011e+06 1e+07 6.30873e+06 7.25544e+06 6.33109e+06 7.97446e+06 4.33863e+06 1.73697e+06 769751 279246 1.47126e+06 249437 2.60523e+06 825633 110876 17411 23489 22786 9528 3700 12849 863 941 132 3137 617 4090 442 181 86 235 33 31 101 118 61 40 22 32 367 19 66 13 12 11 11 11 10 10 10 10 10 10 9 9 9 9 9 9 9 9 9 9 9 9 9 
0.738274 1e+07 1e+07 1e+07 1e+07 1e+07 1e+07 1e+07 1e+07 1e+07 1e+07 1e+07 1e+07 1e+07 1e+07 1e+07 1e+07 1e+07 1e+07 1e+07 1e+07 1e+07 1e+07 1e+07 1e+07 1e+07 1e+07 1e+07 1e+07 1e+07 9.55937e+06 1e+07 7.93293e+06 1.79097e+06 2.82648e+06 4.88478e+06 1e+07 1e+07 1e+07 1e+07 4.12193e+06 9.65017e+06 242032 113981 384974 211557 166447 101303 147343 11283 14204 52815 2959 4373 1268 5510 3514 984 986 321 674 383 118 64 768 280 116 405 678 96 19 52 80 66 12 12 11 11 10 10 10 10 10 10 9 9 9 9 9 9 9 9 9 9 9 8 8 8 8 8 8 
0.753982 1e+07 1e+07 1e+07 1e+07 1e+07 1e+07 1e+07 1e+07 1e+07 1e+07 1e+07 1e+07 1e+07 1e+07 1e+07 1e+07 1e+07 1e+07 1e+07 1e+07 1e+07 1e+07 1e+07 1e+07 1e+07 1e+07 1e+07 1e+07 1e+07 1e+07 6.18768e+06 6.41824e+06 1e+07 1e+07 1e+07 4.63243e+06 1e+07 1e+07 1e+07 4.08468e+06 1.26859e+06 853335 758911 1.17837e+06 9.11968e+06 51821 79774 107651 60768 14590 16076 26783 10128 7677 3079 1511 3642 5535 2457 1351 177 143 377 191 32 77 133 61 19 140 27 12 12 11 11 10 10 10 10 10 10 9 9 9 9 9 9 9 9 9 9 9 9 8 8 8 8 8 8 8 
0.76969 1e+07 1e+07 1e+07 1e+07 1e+07 1e+07 1e+07 1e+07 1e+07 1e+07 1e+07 1e+07 1e+07 1e+07 1e+07 1e+07 1e+07 1e+07 1e+07 1e+07 1e+07 1e+07 1e+07 1e+07 1e+07 1e+07 1e+07 1e+07 1e+07 1e+07 1e+07 5.78879e+06 3.38644e+06 4.51229e+06 2.95565e+06 2.28408e+06 1.90682e+06 1e+07 1.88592e+06 3.61895e+06 1.76242e+06 2.35742e+06 1.22985e+06 285644 102405 99860 86458 14282 12748 55275 5529 11162 3935 3392 3363 4622 707 1006 998 236 561 219 63 343 361 1039 90 19 204 58 12 12 11 11 10 10 10 10 10 10 10 9 9 9 9 9 9 9 9 9 9 9 9 9 9 9 9 9 9 9 
