epsilon_k[0]0.1
epsilon_k[0]2.18e-05
epsilon_k[0]7.08e-05
epsilon_k[0]2.54e-05
epsilon_k[0]1e-05
epsilon_k[0]7.8e-06
epsilon_k[0]0.218
omega_x01.75929
omega_y01.94779
dx 0.01
n_theta 100
dtheta 0.00785398
epsilon 16
max_turns 10000000
from_angle 56
to_angle 64
0.439823 1e+07 107784 3631 1987 1337 960 
0.447677 1e+07 93704 3640 1987 1368 956 
0.455531 1e+07 93226 3460 1984 1337 952 
0.463385 1e+07 66655 3397 1983 1331 951 
0.471239 1e+07 65491 3380 1982 1328 950 
0.479093 1e+07 89528 3328 1981 1321 950 
0.486947 1e+07 67391 3313 1981 1306 950 
0.494801 1e+07 82537 3245 1982 1305 951 
