epsilon_k[0]0.1
epsilon_k[0]2.18e-05
epsilon_k[0]7.08e-05
epsilon_k[0]2.54e-05
epsilon_k[0]1e-05
epsilon_k[0]7.8e-06
epsilon_k[0]0.218
omega_x01.05558
omega_y01.26292
dx 0.01
n_theta 100
dtheta 0.00785398
epsilon 10
max_turns 10000000
from_angle 80
to_angle 88
0.628319 1e+07 18724 5319 5319 3294 1713 1257 1257 682 
0.636173 1e+07 17809 5742 4623 3945 1719 1403 891 
0.644026 1e+07 18325 5808 4525 3599 1712 1712 847 
0.65188 1e+07 18990 5930 4315 3622 1698 1365 843 
0.659734 1e+07 17612 6055 4213 4213 1714 1365 835 
0.667588 1e+07 17767 6155 3931 3904 1791 1791 846 
0.675442 1e+07 17890 6839 3897 3451 2655 1785 1265 520 
0.683296 1e+07 22553 7930 3902 3063 3063 1256 844 
0.69115 1e+07 26649 13000 4024 3052 3052 1212 687 
