epsilon_k[0] 0.0001
epsilon_k[1] 2.18e-05
epsilon_k[2] 7.08e-05
epsilon_k[3] 2.54e-05
epsilon_k[4] 1e-05
epsilon_k[5] 7.8e-06
epsilon_k[6] 2.18e-05
omega_x0 0.168
omega_y0 0.201
dx 0.01
n_theta 100
dtheta 0.015708
epsilon 14
max_turns 10000000
from_angle 55
to_angle 60
0.863938 1e+07 1e+07 1e+07 1e+07 1e+07 1e+07 1e+07 1e+07 1e+07 1e+07 1e+07 1e+07 1e+07 1e+07 1e+07 1e+07 1e+07 1e+07 1e+07 1e+07 1e+07 1e+07 1e+07 1e+07 1e+07 1e+07 1e+07 1e+07 1e+07 1e+07 1e+07 1e+07 1e+07 1e+07 1e+07 1e+07 4.22906e+06 768058 985994 1.5528e+06 9.61294e+06 1.21575e+06 199461 354153 211791 71810 49619 34760 42132 35644 437481 4297 4831 2803 2375 1314 450 416 339 566 112 41 27 19 18 18 18 17 17 28 21 37 58 28 19 15 21 13 12 12 19 16 21 15 18 14 13 15 11 11 10 8 8 7 7 7 7 7 6 6 
0.879646 1e+07 1e+07 1e+07 1e+07 1e+07 1e+07 1e+07 1e+07 1e+07 1e+07 1e+07 1e+07 1e+07 1e+07 1e+07 1e+07 1e+07 1e+07 1e+07 1e+07 1e+07 1e+07 1e+07 1e+07 1e+07 1e+07 1e+07 1e+07 1e+07 1e+07 1e+07 1e+07 1e+07 1e+07 1e+07 1e+07 1e+07 3.00441e+06 5.22542e+06 3.07589e+06 2.89586e+06 328441 67460 333276 203487 95223 45933 20088 29477 6716 7894 36350 6801 2290 17295 1564 162 1575 347 138 100 176 108 42 52 46 29 41 94 51 44 28 56 15 38 13 13 13 18 25 20 15 20 15 13 13 12 11 9 8 7 7 7 7 7 6 6 6 6 6 
0.895354 1e+07 1e+07 1e+07 1e+07 1e+07 1e+07 1e+07 1e+07 1e+07 1e+07 1e+07 1e+07 1e+07 1e+07 1e+07 1e+07 1e+07 1e+07 1e+07 1e+07 1e+07 1e+07 1e+07 1e+07 1e+07 1e+07 1e+07 1e+07 1e+07 1e+07 1e+07 1e+07 1e+07 1e+07 1e+07 1e+07 1e+07 6.94832e+06 767235 492242 116093 492817 361488 847488 271229 623895 349196 62712 27910 75887 9181 62684 12679 1747 2736 1228 1332 6915 310 277 223 115 127 64 36 82 77 152 109 53 22 16 26 23 13 13 26 22 38 19 26 13 18 12 13 11 8 8 7 7 7 7 6 6 6 6 6 6 6 6 
0.911062 1e+07 1e+07 1e+07 1e+07 1e+07 1e+07 1e+07 1e+07 1e+07 1e+07 1e+07 1e+07 1e+07 1e+07 1e+07 1e+07 1e+07 1e+07 1e+07 1e+07 1e+07 1e+07 1e+07 1e+07 1e+07 1e+07 1e+07 1e+07 1e+07 1e+07 1e+07 1e+07 1e+07 1e+07 1e+07 1e+07 1e+07 1e+07 3.04438e+06 1.68046e+06 197638 571048 100219 52043 176846 221591 32138 84870 30738 7549 10729 1810 7761 601 907 1644 626 130 4829 133 68 103 60 46 58 39 94 110 181 17 16 47 15 14 33 24 198 55 18 13 16 13 15 10 8 8 7 7 7 7 6 6 6 6 6 6 6 6 6 6 
0.92677 1e+07 1e+07 1e+07 1e+07 1e+07 1e+07 1e+07 1e+07 1e+07 1e+07 1e+07 1e+07 1e+07 1e+07 1e+07 1e+07 1e+07 1e+07 1e+07 1e+07 1e+07 1e+07 1e+07 1e+07 1e+07 1e+07 1e+07 1e+07 1e+07 1e+07 1e+07 1e+07 1e+07 1e+07 1e+07 1e+07 1e+07 1e+07 1e+07 1.29239e+06 1.3432e+06 543643 166037 106503 219620 51497 120296 18445 13228 10755 11883 1212 3204 4869 3129 1055 1271 247 623 116 541 83 72 402 326 34 119 98 16 46 151 164 15 38 351 59 33 27 15 18 17 11 8 8 7 7 7 7 7 6 6 6 6 6 6 6 6 6 6 6 
