epsilon_k[0] 0.0001
epsilon_k[1] 2.18e-05
epsilon_k[2] 7.08e-05
epsilon_k[3] 2.54e-05
epsilon_k[4] 1e-05
epsilon_k[5] 7.8e-06
epsilon_k[6] 2.18e-05
omega_x0 0.168
omega_y0 0.201
dx 0.01
epsilon 12
max_turns 10000000
from_y 16
to_y 24
0.16 1e+07 1e+07 1e+07 1e+07 1e+07 1e+07 1e+07 1e+07 1e+07 1e+07 1e+07 1e+07 1e+07 1e+07 1e+07 1e+07 1e+07 1e+07 1e+07 1e+07 1e+07 1e+07 1e+07 1e+07 1e+07 1e+07 1e+07 1e+07 1e+07 1e+07 1e+07 1e+07 1e+07 1e+07 1e+07 1e+07 1e+07 1e+07 1e+07 1e+07 1e+07 1e+07 1e+07 1e+07 1e+07 2.57647e+06 1e+07 581729 824777 46329 46390 296994 12260 69915 164635 80552 72603 3822 7607 178702 1450 2780 6271 356 5551 7040 419 377 4468 3603 624 609 16577 500 5131 435 150 534 385 236 
0.17 1e+07 1e+07 1e+07 1e+07 1e+07 1e+07 1e+07 1e+07 1e+07 1e+07 1e+07 1e+07 1e+07 1e+07 1e+07 1e+07 1e+07 1e+07 1e+07 1e+07 1e+07 1e+07 1e+07 1e+07 1e+07 1e+07 1e+07 1e+07 1e+07 1e+07 1e+07 1e+07 1e+07 1e+07 1e+07 1e+07 1e+07 1e+07 1e+07 1e+07 1e+07 1e+07 1e+07 4.78194e+06 2.26477e+06 2.89211e+06 1.55701e+06 2.27518e+06 97104 1e+07 240302 9664 154547 13343 252155 6494 3886 5801 1973 2649 1811 2110 1340 4210 2214 957 802 3777 247 4962 3753 889 94 117 445 371 191 530 313 3982 
0.18 1e+07 1e+07 1e+07 1e+07 1e+07 1e+07 1e+07 1e+07 1e+07 1e+07 1e+07 1e+07 1e+07 1e+07 1e+07 1e+07 1e+07 1e+07 1e+07 1e+07 1e+07 1e+07 1e+07 1e+07 1e+07 1e+07 1e+07 1e+07 1e+07 1e+07 1e+07 1e+07 1e+07 1e+07 1e+07 1e+07 1e+07 1e+07 1e+07 1e+07 1e+07 1e+07 8.2184e+06 7.89628e+06 7.17754e+06 2.57348e+06 944416 1.38812e+06 2.13097e+06 154322 41273 129800 14756 148832 511641 22429 4124 9347 1726 10218 24392 1593 6377 272 2529 387 190 635 4176 525 1124 1317 2516 292 96 260 827 186 229 284 
0.19 1e+07 1e+07 1e+07 1e+07 1e+07 1e+07 1e+07 1e+07 1e+07 1e+07 1e+07 1e+07 1e+07 1e+07 1e+07 1e+07 1e+07 1e+07 1e+07 1e+07 1e+07 1e+07 1e+07 1e+07 1e+07 1e+07 1e+07 1e+07 1e+07 1e+07 1e+07 1e+07 1e+07 1e+07 1e+07 1e+07 1e+07 1e+07 1e+07 1e+07 1e+07 4.55352e+06 4.35913e+06 5.0408e+06 7.98705e+06 2.10042e+06 878558 389804 248013 2.9108e+06 94076 24639 104142 14636 11245 6306 2018 7151 7340 2427 1468 2410 979 553 1060 943 2903 597 528 2339 177 153 149 231 383 153 513 189 143 112 
0.2 1e+07 1e+07 1e+07 1e+07 1e+07 1e+07 1e+07 1e+07 1e+07 1e+07 1e+07 1e+07 1e+07 1e+07 1e+07 1e+07 1e+07 1e+07 1e+07 1e+07 1e+07 1e+07 1e+07 1e+07 1e+07 1e+07 1e+07 1e+07 1e+07 1e+07 1e+07 1e+07 1e+07 1e+07 1e+07 1e+07 1e+07 1e+07 1e+07 1e+07 1e+07 1e+07 1.21411e+06 1e+07 492775 5.29101e+06 560294 133836 262529 42823 134232 35981 8346 4892 22633 17832 70084 11382 1160 8022 4207 7062 5747 596 1297 663 9708 769 4377 12889 642 9751 1111 985 298 164 1131 236 43 59 
0.21 1e+07 1e+07 1e+07 1e+07 1e+07 1e+07 1e+07 1e+07 1e+07 1e+07 1e+07 1e+07 1e+07 1e+07 1e+07 1e+07 1e+07 1e+07 1e+07 1e+07 1e+07 1e+07 1e+07 1e+07 1e+07 1e+07 1e+07 1e+07 1e+07 1e+07 1e+07 1e+07 1e+07 1e+07 1e+07 1e+07 1e+07 1e+07 1e+07 1e+07 1e+07 1.76468e+06 1.48329e+06 1e+07 2.07016e+06 921822 3.3507e+06 84058 605102 30667 34066 26425 4336 5511 11040 48226 1898 2438 1348 1242 10120 780 769 520 1907 4820 680 401 506 207 977 350 360 187 274 48 4081 107 34 35 
0.22 1e+07 1e+07 1e+07 1e+07 1e+07 1e+07 1e+07 1e+07 1e+07 1e+07 1e+07 1e+07 1e+07 1e+07 1e+07 1e+07 1e+07 1e+07 1e+07 1e+07 1e+07 1e+07 1e+07 1e+07 1e+07 1e+07 1e+07 1e+07 1e+07 1e+07 1e+07 1e+07 1e+07 1e+07 1e+07 1e+07 1e+07 5.19129e+06 1e+07 6.37793e+06 2.32679e+06 4.29564e+06 5.42717e+06 829030 456968 216859 71931 23221 97495 229432 5453 8087 14543 13112 1850 5577 1419 6635 1386 3603 3691 630 5512 463 1720 1215 1201 219 168 705 1188 678 275 105 173 216 191 101 371 176 
0.23 1e+07 1e+07 1e+07 1e+07 1e+07 1e+07 1e+07 1e+07 1e+07 1e+07 1e+07 1e+07 1e+07 1e+07 1e+07 1e+07 1e+07 1e+07 1e+07 1e+07 1e+07 1e+07 1e+07 1e+07 1e+07 1e+07 1e+07 1e+07 1e+07 1e+07 1e+07 6.94277e+06 5.96922e+06 1e+07 1e+07 1e+07 6.78925e+06 1e+07 1e+07 1e+07 1e+07 1.97276e+06 4.06446e+06 1.58635e+06 897231 391832 336686 110003 9.01912e+06 20089 23380 8590 5010 1802 1332 5854 4563 2393 1171 1185 27412 336 199 811 12935 26427 463 1159 201 293 69 122 205 55 607 103 152 175 186 67 
