epsilon_k[0] 0.1
epsilon_k[0] 2.18e-05
epsilon_k[0] 7.08e-05
epsilon_k[0] 2.54e-05
epsilon_k[0] 1e-05
epsilon_k[0] 7.8e-06
epsilon_k[0] 0.218
omega_x0 0.28
omega_y0 0.31
dx 0.01
n_theta 100
dtheta 0.00785398
epsilon 6
max_turns 10000000
from_angle 48
to_angle 56
0.376991 1e+07 10320 4657 2575 2057 1246 836 
0.384845 1e+07 10689 4577 2647 2007 1292 908 
0.392699 1e+07 11116 4243 2875 2007 1941 895 
0.400553 1e+07 11185 4241 2876 2007 1362 912 
0.408407 1e+07 11536 4236 3283 2021 1246 986 
0.416261 1e+07 11987 4272 3174 2227 1289 1179 771 
0.424115 1e+07 12197 4242 3203 2436 1247 1135 771 
0.431969 1e+07 12632 4242 3097 2117 1216 1124 771 
