epsilon_k[0]0.1
epsilon_k[0]2.18e-05
epsilon_k[0]7.08e-05
epsilon_k[0]2.54e-05
epsilon_k[0]1e-05
epsilon_k[0]7.8e-06
epsilon_k[0]0.218
omega_x01.94779
omega_y02.01062
dx 0.01
n_theta 100
dtheta 0.00785398
epsilon 32
max_turns 10000000
from_angle 40
to_angle 48
0.314159 1e+07 36930 7978 4267 3609 2620 1800 1233 729 
0.322013 1e+07 36867 9342 4553 3585 2617 1808 1235 724 
0.329867 1e+07 36859 8039 4645 3681 2620 1816 1240 727 
0.337721 1e+07 36911 7931 4787 3664 2622 1811 1246 730 
0.345575 1e+07 36908 7950 4880 3673 2620 1820 1326 731 
0.353429 1e+07 36853 7914 5072 3709 2618 1824 1311 741 
0.361283 1e+07 36849 7707 5221 3746 2622 1830 1313 746 
0.369137 1e+07 36812 7698 5319 3740 2627 1835 1326 778 
