epsilon_k[0] 0.0001
epsilon_k[1] 2.18e-05
epsilon_k[2] 7.08e-05
epsilon_k[3] 2.54e-05
epsilon_k[4] 1e-05
epsilon_k[5] 7.8e-06
epsilon_k[6] 2.18e-05
omega_x0 0.168
omega_y0 0.201
dx 0.001
epsilon 10
max_turns 10000000
from_y 720
to_y 800
0.72 21 21 21 21 21 21 21 21 21 20 20 20 20 20 20 21 21 21 21 21 21 22 23 37 108 44 27 45 95 47 84 26 40 30 47 96 108 52 117 40 41 42 215 57 89 107 35 34 75 63 49 146 90 72 267 37 33 115 58 96 127 40 40 84 73 34 46 118 219 34 34 43 37 64 115 27 26 26 30 41 
0.721 21 21 21 21 21 21 21 21 21 21 21 21 21 20 20 20 20 21 21 21 21 21 21 22 25 61 46 49 38 69 73 68 28 26 76 41 55 115 93 150 106 43 43 439 131 198 79 83 34 80 66 48 242 79 45 43 66 57 61 89 193 53 319 156 162 26 190 73 42 28 36 60 54 208 57 28 26 26 33 64 
0.722 24 23 23 22 22 22 21 21 21 21 21 21 21 21 21 21 20 20 21 21 21 21 21 21 22 22 50 28 37 27 76 97 51 67 26 31 58 44 55 85 241 139 417 42 114 225 83 62 60 34 338 117 54 59 158 60 37 32 109 50 71 57 195 254 132 27 57 62 236 27 27 34 72 60 42 37 27 26 58 47 
0.723 82 249 180 346 218 31 23 22 22 21 21 21 21 21 21 21 21 21 21 21 21 21 21 21 21 21 22 24 44 60 3653 57 91 46 121 26 61 55 64 75 80 180 101 242 42 159 124 47 58 56 33 88 77 72 62 62 45 137 129 78 47 352 89 56 280 95 58 204 146 27 27 27 41 49 53 34 27 26 26 40 
0.724 111 80 88 391 28 48 116 31 31 23 22 22 21 21 21 21 21 21 21 21 21 21 21 21 21 21 21 21 22 94 28 67 27 79 99 154 26 37 101 50 186 47 720 426 79 51 71 82 79 148 184 33 66 91 116 97 35 62 32 41 265 69 104 80 313 42 26 48 187 27 72 27 31 48 63 73 28 26 26 70 
0.725 139 64 130 155 73 73 43 29 56 78 29 41 22 22 21 21 21 21 21 21 21 21 21 21 21 21 21 21 21 22 23 92 519 29 32 78 138 28 28 58 123 102 152 66 41 62 59 92 60 119 309 120 59 269 54 59 437 77 50 162 487 150 177 125 46 118 26 60 98 27 39 35 28 55 43 94 28 27 26 34 
0.726 46 167 41 132 52 43 60 76 121 61 28 52 37 30 23 22 21 21 21 21 21 21 21 21 21 21 21 21 21 21 21 22 46 95 225 44 97 136 138 27 38 38 108 126 145 99 114 227 48 154 42 110 36 178 132 101 278 91 63 35 56 50 107 83 178 152 86 57 92 28 67 67 27 49 63 32 28 27 26 26 
0.727 157 42 376 28 28 63 57 169 52 714 163 77 74 205 57 36 23 22 21 21 21 21 21 21 21 21 21 21 21 21 21 21 22 24 70 43 27 64 56 32 26 30 40 51 563 72 402 224 51 58 33 55 149 33 63 89 58 49 80 51 50 185 169 91 126 48 165 27 83 72 75 49 69 39 54 179 28 27 27 26 
0.728 113 80 955 118 339 45 69 28 96 34 74 113 82 58 56 42 49 74 23 22 21 21 21 21 21 21 21 21 21 21 21 21 21 21 22 30 83 29 751 63 53 26 30 39 54 161 76 81 92 113 72 32 113 47 75 100 100 58 44 65 38 49 81 87 60 90 100 26 95 189 257 34 62 27 64 84 28 27 27 26 
0.729 139 143 55 74 62 69 94 129 130 30 30 305 40 76 1089 59 39 70 200 58 23 22 21 21 21 21 21 21 21 21 21 21 21 21 21 22 25 29 216 45 236 62 26 30 39 42 120 195 137 42 83 32 33 103 38 83 37 52 361 39 147 134 168 209 3307 1543 38 49 82 120 56 28 34 30 50 77 29 26 27 27 
0.73 34 34 34 59 68 59 73 47 74 68 93 174 29 4511 41 82 78 95 29 90 30 48 22 22 21 21 21 21 21 21 21 21 21 21 21 21 22 23 43 38 38 83 65 26 30 327 69 159 121 384 95 45 52 38 33 39 49 45 69 51 52 34 61 66 87 70 34 78 137 187 28 28 54 103 46 58 56 26 27 28 
0.731 590 57 59 35 35 35 35 185 81 46 43 704 140 51 248 100 206 85 123 236 28 50 863 24 22 22 21 21 21 21 21 21 21 21 21 21 21 21 22 52 67 27 71 58 26 30 125 37 141 228 223 73 42 46 61 39 37 57 38 131 34 144 461 45 77 73 144 70 26 42 28 28 29 31 31 52 48 26 26 29 
0.732 105 106 174 210 74 93 34 42 42 47 448 60 654 144 115 29 160 53 99 108 121 35 55 43 34 23 22 22 21 21 21 21 21 21 21 21 21 21 21 22 25 69 28 66 68 26 30 611 34 89 234 116 174 190 39 34 40 44 54 198 53 45 31 73 84 87 101 167 38 38 183 35 34 35 27 47 68 26 26 27 
0.733 167 77 74 61 88 91 55 47 34 53 70 64 92 47 47 69 70 29 50 41 281 125 68 28 77 36 42 23 22 21 21 21 21 21 21 21 21 21 21 21 21 23 29 83 76 98 26 42 424 146 210 239 45 70 44 62 32 38 47 34 84 76 76 43 210 54 47 33 51 147 383 72 24 29 64 82 32 26 26 26 
0.734 47 42 37 38 53 100 65 76 73 42 53 144 109 88 39 64 149 191 29 305 134 248 197 48 87 28 48 30 25 22 22 21 21 21 21 21 21 21 21 21 21 21 22 63 67 102 71 26 68 54 179 43 101 90 31 49 49 33 28 57 66 104 101 30 49 139 86 172 67 25 64 80 24 22 33 35 40 26 26 26 
0.735 30 30 31 37 38 44 63 81 58 46 40 34 48 80 42 49 64 97 118 36 29 71 41 86 70 241 30 79 271 109 24 22 22 21 21 21 21 21 21 21 21 21 21 22 30 61 102 68 26 50 145 76 173 356 66 52 36 79 28 28 107 72 80 62 53 77 82 47 67 48 46 27 40 21 33 27 78 26 26 26 
0.736 32 31 31 30 30 32 37 46 53 95 179 46 40 129 69 41 222 109 318 86 138 29 36 163 244 72 42 36 28 125 60 36 23 22 22 21 21 21 21 21 21 21 21 21 22 31 43 39 166 26 71 130 160 97 288 34 40 52 31 27 28 34 146 207 31 47 84 63 49 91 129 56 32 21 23 34 55 26 32 26 
0.737 46 57 99 52 32 31 31 37 45 55 163 69 63 43 119 47 88 771 85 63 59 237 29 36 33 502 75 84 139 41 28 58 67 31 23 22 22 21 21 21 21 21 21 21 21 21 24 44 42 52 26 32 35 56 138 60 58 52 35 27 27 29 58 49 59 144 74 116 76 37 26 239 28 21 21 43 50 26 31 55 
0.738 65 38 37 42 58 55 32 31 31 37 241 92 52 46 46 75 58 53 63 47 59 132 61 30 30 240 79 140 90 70 104 69 29 48 30 63 23 22 22 21 21 21 21 21 21 21 21 23 89 65 156 65 68 238 161 160 48 37 45 28 27 27 45 83 42 38 42 244 277 36 36 549 78 21 21 33 43 26 31 34 
0.739 60 87 37 37 39 37 45 37 31 31 64 84 120 44 144 38 39 107 85 178 41 46 362 111 38 29 39 37 136 76 248 75 47 29 30 57 29 49 23 22 21 21 21 21 21 21 21 21 23 142 91 66 46 35 62 216 116 46 53 45 28 28 28 92 97 55 599 269 242 38 31 79 62 21 21 23 39 71 37 47 
0.74 229 86 59 37 37 55 46 37 79 32 31 50 85 69 41 65 34 76 49 60 123 42 55 130 74 175 28 198 33 41 171 83 98 47 38 30 29 49 30 81 23 22 21 21 21 21 21 21 21 23 104 78 57 30 94 215 93 54 75 63 27 32 28 42 56 62 95 90 80 95 50 35 69 22 20 21 40 323 34 146 
0.741 76 133 53 44 38 37 69 48 71 75 38 31 43 75 38 72 38 59 70 56 41 43 48 47 228 66 75 28 37 59 220 102 65 103 173 40 47 99 28 115 30 80 22 22 21 21 21 21 21 21 22 56 51 77 53 36 582 96 50 44 29 56 412 28 63 112 56 123 43 42 81 25 206 33 20 21 45 69 32 73 
0.742 136 69 143 138 51 39 37 43 52 45 51 36 31 67 240 52 121 82 87 65 108 118 126 72 71 43 56 31 28 30 221 33 67 49 113 259 104 79 41 145 28 68 29 24 22 21 21 21 21 21 21 22 58 52 26 395 87 63 100 88 62 29 132 36 29 55 122 151 285 83 91 29 37 151 21 20 28 59 30 30 
0.743 39 39 49 125 235 137 39 37 125 182 67 50 32 32 96 67 48 57 33 76 97 58 36 116 44 66 40 35 29 28 29 80 81 33 96 67 96 68 83 69 40 40 28 151 103 23 22 21 21 21 21 21 23 46 103 27 34 107 81 50 43 28 47 80 29 34 50 30 89 109 71 31 40 43 21 20 21 65 26 51 
0.744 91 52 65 131 39 41 48 38 38 40 66 48 68 31 125 114 80 151 141 68 94 60 35 110 58 53 67 81 121 28 28 28 31 141 128 124 46 56 48 148 499 46 94 49 28 70 42 22 21 21 21 21 21 23 79 64 31 42 166 40 59 56 440 38 70 28 58 83 57 275 559 87 25 65 21 20 21 26 25 38 
0.745 66 139 304 56 80 78 39 39 37 55 57 44 47 44 31 44 59 45 49 39 51 200 35 66 91 125 145 185 74 37 28 28 28 28 29 37 74 34 166 47 58 41 84 88 57 128 29 29 23 21 21 21 21 21 25 28 49 57 57 90 140 34 28 71 62 74 34 34 61 131 135 62 43 60 25 20 20 36 26 90 
0.746 27 35 50 89 44 58 183 39 38 37 45 53 44 62 31 61 177 94 46 192 54 108 34 35 224 109 44 35 97 81 28 28 28 28 28 28 28 28 28 28 28 30 34 46 121 107 158 68 245 24 22 21 21 21 21 30 58 26 43 40 68 32 58 63 42 48 28 183 37 45 62 74 37 47 105 20 20 25 31 52 
0.747 25 25 65 69 35 47 207 84 40 38 60 69 110 262 44 33 55 127 76 33 99 129 34 34 62 117 42 51 66 35 28 28 28 28 28 28 28 28 28 28 28 28 28 28 28 72 133 164 61 28 56 22 21 21 21 21 30 33 33 272 50 50 27 50 57 73 33 34 67 45 44 71 153 26 47 20 20 21 43 30 
0.748 31 38 26 26 66 44 108 51 91 39 38 43 44 61 279 31 42 38 88 33 75 55 34 34 67 40 71 103 82 29 28 28 28 27 27 28 28 28 50 59 38 47 71 62 34 85 28 30 39 83 58 45 22 21 21 21 21 195 78 46 68 57 125 353 47 114 36 28 38 150 96 47 115 48 107 21 20 20 46 39 
0.749 35 27 30 37 26 69 98 210 309 586 39 69 125 58 38 32 91 62 53 33 43 43 35 48 116 64 42 106 31 28 27 27 27 27 27 27 28 37 34 124 36 52 31 31 31 31 44 89 28 92 89 40 103 22 21 21 21 22 28 38 51 124 65 26 91 507 48 84 95 91 49 87 97 56 142 22 20 20 36 28 
0.75 105 35 43 33 41 42 42 64 400 181 47 87 111 1112 62 35 39 70 188 33 44 34 35 40 44 51 65 31 28 28 28 29 29 28 28 27 27 29 39 33 31 40 41 281 96 43 215 51 32 288 28 33 59 36 22 21 21 21 23 45 36 67 118 31 44 41 36 40 29 90 46 32 304 151 33 207 20 20 27 26 
0.751 23 46 142 52 32 50 34 45 43 97 153 184 73 102 59 44 94 66 49 44 70 175 34 118 33 75 171 27 28 48 74 71 119 79 38 28 27 28 36 33 31 76 74 35 50 45 61 93 60 617 63 57 29 45 29 22 21 21 21 162 56 31 83 40 26 44 63 37 80 53 37 71 128 63 25 27 20 20 21 26 
0.752 21 22 41 41 66 30 40 56 66 49 138 61 74 79 43 47 50 64 40 55 148 54 50 46 34 276 27 43 35 41 47 387 76 48 41 51 28 27 29 55 31 87 37 71 48 44 38 52 44 40 90 48 33 28 71 28 22 21 21 21 50 106 43 110 34 29 39 59 304 29 74 67 132 83 49 47 20 20 20 32 
0.753 21 21 22 55 70 27 32 87 149 53 98 116 82 56 97 147 79 37 40 69 34 41 99 105 270 28 142 43 119 45 64 68 58 86 105 69 34 28 27 56 31 193 34 78 43 144 103 33 571 56 32 55 46 57 35 79 28 22 21 21 22 31 43 93 84 26 69 66 56 117 54 31 90 96 69 50 21 20 20 38 
0.754 21 21 21 22 40 38 39 86 178 99 98 57 62 214 52 50 39 79 39 37 70 42 67 83 28 70 74 96 74 45 75 48 43 50 68 52 65 36 28 27 39 59 39 42 28 42 50 41 35 34 34 58 52 189 40 146 41 29 21 21 21 48 46 49 118 36 29 44 228 42 30 54 45 38 125 25 29 20 20 33 
0.755 22 21 21 21 23 34 28 73 67 61 100 378 43 74 48 52 77 59 56 236 51 179 35 28 57 60 196 51 40 28 28 29 28 28 55 41 45 63 42 28 28 30 33 64 27 41 99 34 38 33 47 33 51 34 33 89 443 41 68 21 20 21 65 26 88 51 35 45 73 54 63 46 41 31 153 40 27 20 20 22 
0.756 31 22 21 21 22 102 61 42 41 80 74 125 43 177 46 68 84 36 70 51 34 32 28 51 94 43 41 38 47 49 29 29 29 33 56 67 47 82 37 71 27 36 50 108 26 51 81 50 57 49 44 42 41 51 63 54 38 43 53 32 21 20 21 47 117 87 35 68 51 65 150 49 33 37 735 186 46 20 19 20 
0.757 49 46 22 21 21 23 59 28 41 52 77 128 43 108 75 53 68 39 40 70 117 70 59 115 40 28 56 125 27 23 23 23 23 23 27 47 125 29 32 95 47 27 47 59 26 101 49 79 42 64 94 78 292 792 102 46 38 36 41 147 30 21 20 103 53 49 298 45 123 108 170 33 58 157 38 32 148 21 19 20 
0.758 45 52 44 22 21 22 109 36 41 121 44 136 52 51 41 32 159 42 34 35 39 28 162 47 32 29 24 22 22 22 22 22 22 22 22 22 23 44 53 41 182 63 27 52 33 26 57 55 78 38 93 68 90 118 49 82 52 42 33 37 97 22 20 21 28 52 87 55 154 127 101 51 79 63 456 196 25 29 19 20 
0.759 54 51 62 23 21 21 88 103 33 49 40 300 100 199 61 31 53 77 129 95 32 41 116 370 41 23 22 22 21 21 21 21 21 21 21 21 22 22 24 33 29 56 75 40 41 26 93 55 66 39 38 169 145 74 81 138 44 135 36 33 194 241 21 20 21 40 47 97 34 52 41 98 42 37 113 59 34 27 20 19 
0.76 39 43 121 174 22 21 23 55 116 69 70 91 92 95 43 40 37 38 63 37 89 135 29 30 22 22 21 21 21 21 21 21 21 21 21 21 21 21 22 23 72 28 89 28 30 86 28 46 43 38 48 215 110 265 143 95 60 80 63 31 33 28 50 21 20 42 35 40 28 54 39 57 59 80 50 92 26 83 20 19 
0.761 71 38 72 97 22 21 22 70 32 143 151 1103 145 77 69 52 31 65 63 28 83 28 34 22 21 21 21 21 21 21 21 21 21 21 21 21 21 21 21 21 22 64 28 59 27 47 26 80 46 77 179 2356 190 174 449 113 252 128 783 32 30 47 34 23 20 21 44 45 280 29 43 44 85 86 36 65 41 29 21 19 
0.762 64 60 33 42 50 22 22 53 30 58 60 145 92 42 43 43 50 171 42 56 84 29 22 21 21 21 21 21 21 22 22 22 22 22 22 21 21 21 21 21 21 22 57 28 91 28 62 43 46 69 196 73 217 39 54 124 39 217 188 41 31 37 35 343 21 20 38 30 167 25 35 39 209 146 50 45 62 28 28 19 
0.763 149 40 44 40 45 22 21 76 27 77 60 183 204 77 84 38 35 35 28 45 56 22 21 21 21 21 21 22 22 23 40 117 74 209 24 23 22 22 21 21 21 21 22 30 32 33 30 25 37 81 142 93 45 39 40 51 41 74 45 63 54 31 262 48 28 21 20 56 26 54 60 28 28 89 58 53 83 51 33 19 
0.764 75 49 64 92 29 22 21 54 28 101 38 92 128 43 32 58 74 54 42 175 24 21 21 21 21 22 23 32 49 126 61 29 29 29 64 118 29 24 22 21 21 21 21 21 30 32 28 40 37 41 59 77 39 33 80 109 79 38 39 177 118 138 30 40 29 23 20 22 26 73 27 74 80 106 76 29 41 33 37 20 
0.765 26 485 48 87 41 50 21 23 97 102 45 41 112 48 32 43 116 237 45 30 22 21 21 21 22 26 235 30 137 309 158 187 238 436 85 97 56 28 101 24 22 21 21 21 21 36 38 27 25 42 90 139 86 33 43 68 49 69 56 53 34 81 40 39 32 63 21 20 45 104 33 51 84 40 103 45 58 43 24 21 
0.766 50 67 128 61 34 31 21 23 68 97 49 40 191 73 39 44 44 64 28 22 21 21 21 22 83 37 830 385 56 34 291 59 207 111 131 35 39 60 86 29 29 22 21 21 21 21 36 172 40 26 53 222 112 33 90 62 39 57 52 96 80 44 69 32 33 68 34 20 21 27 37 55 46 51 54 55 31 47 40 28 
0.767 23 41 87 41 36 114 22 22 44 293 199 130 102 84 43 34 48 143 47 21 21 21 22 70 29 109 123 34 96 292 105 48 55 48 39 78 41 109 30 75 45 55 23 21 21 21 21 48 31 28 42 58 79 32 167 35 35 47 102 77 64 94 38 65 31 51 28 21 20 33 332 32 35 37 52 99 29 54 24 31 
0.768 22 30 60 51 44 29 22 22 321 63 116 70 81 35 52 44 28 80 22 21 21 22 66 29 156 34 70 93 70 84 41 54 213 71 113 213 87 40 123 97 29 61 180 44 21 21 21 21 64 26 25 1546 227 33 138 50 42 43 93 45 45 126 121 38 187 45 62 73 20 21 29 50 241 27 26 76 50 122 69 30 
0.769 81 22 57 89 35 46 22 22 39 423 84 61 56 37 35 46 64 29 21 21 21 24 29 88 34 102 249 35 297 58 85 93 34 33 33 48 39 64 38 51 66 33 29 41 43 22 21 21 22 52 50 70 137 109 61 46 48 64 42 45 34 102 39 52 33 37 42 84 22 20 29 47 25 36 26 50 34 65 78 25 
0.77 34 23 75 128 50 45 23 22 39 66 547 88 57 30 35 46 67 22 21 21 22 49 146 35 162 105 65 258 34 39 36 36 41 40 35 39 33 31 31 36 58 36 36 120 315 63 22 21 21 22 75 25 126 110 57 47 42 41 76 50 78 51 67 39 78 39 34 31 52 20 21 30 116 38 31 36 45 30 30 111 
0.771 35 53 23 59 37 33 24 22 52 71 39 76 56 44 190 28 40 21 21 21 32 100 34 112 41 107 36 44 36 33 44 50 35 35 35 100 49 51 33 31 36 31 245 38 133 121 28 22 21 21 38 26 32 601 89 50 47 43 47 28 49 41 51 46 79 125 77 30 33 77 20 46 54 28 27 26 59 97 45 38 
0.772 84 32 22 28 66 47 62 21 53 74 131 128 45 40 62 44 23 21 21 23 63 94 68 40 62 42 46 33 84 66 43 69 34 34 42 48 239 267 84 39 68 50 43 36 40 26 27 28 21 21 21 46 39 58 49 38 35 39 34 55 163 115 49 83 71 53 48 91 34 27 20 21 24 29 29 43 84 79 31 38 
0.773 29 36 23 29 89 45 29 21 39 213 46 279 40 63 61 71 21 21 21 102 73 94 44 113 70 37 51 67 41 69 32 42 67 35 50 87 229 74 272 261 72 130 90 37 59 34 25 34 51 21 21 21 59 25 108 31 34 43 36 31 54 44 30 70 46 68 229 68 38 51 32 20 79 100 28 21 73 66 50 59 
0.774 23 63 30 87 39 62 60 21 75 88 93 1097 42 40 142 115 21 21 23 73 28 65 127 45 37 58 41 32 32 31 43 39 48 75 83 64 253 36 77 68 72 60 263 117 58 105 67 37 30 29 21 21 22 26 45 61 192 86 38 89 40 22 22 22 29 46 229 67 86 37 145 20 22 25 26 30 39 43 32 85 
0.775 34 28 38 23 57 32 76 21 124 86 53 90 38 34 63 23 21 21 78 67 90 88 69 49 35 36 56 33 31 32 32 32 32 32 32 35 49 63 116 51 132 59 110 49 61 64 51 33 32 55 28 21 21 28 25 69 36 65 35 25 27 22 21 22 22 68 68 74 52 33 35 52 20 25 46 29 20 27 67 28 
0.776 20 23 42 22 194 55 40 21 44 44 105 40 30 55 67 21 21 22 93 170 34 41 80 60 32 64 40 33 88 42 229 44 36 67 36 59 42 35 276 33 82 128 82 53 216 29 37 47 80 63 100 111 21 21 32 37 106 74 84 25 29 21 22 22 22 22 30 78 120 42 32 55 20 32 40 46 20 26 58 47 
0.777 19 60 82 24 28 61 28 21 62 67 96 46 49 56 28 21 21 79 72 86 130 62 42 32 150 43 42 53 49 34 44 31 41 35 76 79 47 35 47 45 46 90 103 153 38 54 119 31 35 89 49 65 29 21 21 29 131 38 37 29 45 21 22 31 31 22 22 41 161 52 88 43 90 20 39 25 28 20 36 34 
0.778 18 31 26 69 34 47 110 21 56 59 39 39 45 92 53 21 21 56 82 71 151 33 33 40 52 36 38 47 40 41 71 84 96 31 377 88 68 62 31 62 88 47 69 81 80 39 205 64 30 104 72 30 68 22 20 25 25 155 47 59 44 21 23 32 26 36 24 22 30 68 38 32 103 20 27 31 75 19 25 43 
0.779 17 20 24 41 35 56 49 21 28 159 49 39 32 30 21 21 24 42 61 42 41 48 33 46 36 50 27 31 50 60 32 65 50 35 33 31 31 31 34 61 96 82 35 79 53 31 180 137 80 55 30 47 29 26 21 20 38 87 39 48 26 22 23 37 51 136 27 24 22 271 40 65 34 22 20 24 36 19 28 45 
0.78 17 18 23 31 29 58 35 21 27 40 73 30 38 304 21 21 78 27 95 133 80 94 54 37 40 27 46 190 32 49 36 35 37 31 43 63 30 30 31 53 36 31 31 49 33 43 46 90 256 50 321 28 51 45 41 21 21 24 111 36 30 26 22 52 32 48 54 71 22 38 249 38 32 162 20 30 32 21 19 30 
0.781 16 18 27 39 22 276 79 21 27 52 94 30 47 55 21 21 134 87 228 178 56 86 36 51 26 39 50 50 71 56 516 39 40 34 37 45 80 120 58 59 37 31 40 77 80 43 30 31 36 73 51 46 96 37 30 28 20 31 38 37 54 25 21 52 41 287 42 90 27 22 31 59 58 46 21 21 49 63 19 25 
0.782 16 17 26 154 22 162 93 21 42 94 65 46 53 39 20 23 100 34 74 35 35 35 37 26 46 37 58 31 62 31 64 30 73 41 37 52 25 25 25 24 24 25 64 31 60 30 56 119 58 77 47 45 70 34 91 24 22 20 26 45 85 41 21 25 102 41 26 30 44 38 22 66 40 28 34 20 23 42 19 20 
0.783 16 17 20 38 23 55 35 21 30 152 104 30 59 22 20 47 113 108 50 60 54 44 54 45 47 51 66 36 34 39 49 34 64 70 104 54 26 26 26 27 26 26 41 33 24 46 40 66 53 30 44 62 49 58 49 59 24 21 21 73 35 54 27 32 37 27 22 22 25 253 34 306 35 32 61 20 26 28 20 19 
0.784 16 16 18 28 43 56 59 21 106 52 100 87 27 21 21 218 68 242 89 65 48 77 26 59 136 55 51 61 42 36 32 71 29 26 252 90 31 27 54 42 64 54 27 31 43 26 24 378 40 43 122 31 50 41 37 320 51 26 20 37 97 37 44 21 58 29 27 28 31 26 70 22 815 31 26 46 20 41 118 18 
0.785 15 16 18 22 49 103 31 21 49 33 39 44 71 21 21 46 177 61 34 85 59 26 82 38 37 31 55 147 47 157 50 26 98 30 56 49 22 21 21 21 20 20 20 21 22 37 31 25 24 34 115 70 49 91 67 36 32 31 27 20 24 32 51 21 105 28 72 31 32 29 77 26 23 39 39 36 20 28 28 18 
0.786 15 16 17 22 44 93 46 21 64 32 31 100 42 20 23 29 159 36 35 137 99 42 90 38 41 72 49 33 76 51 38 36 51 22 21 21 20 20 20 20 20 20 20 20 20 20 20 22 32 25 23 127 130 35 39 48 54 32 31 21 21 119 34 24 27 29 36 22 21 23 24 32 23 97 32 26 22 22 30 19 
0.787 15 16 17 24 33 26 37 21 27 33 63 35 41 20 37 46 66 34 58 35 26 63 86 32 68 30 46 134 27 158 28 27 21 21 21 21 21 21 21 22 22 22 21 21 20 20 20 20 20 21 95 24 42 33 30 217 34 26 26 24 20 33 52 33 21 29 23 28 18 19 23 23 53 22 42 54 88 20 32 26 
0.788 15 15 16 23 34 32 32 21 26 48 40 932 22 20 47 43 94 49 92 44 85 51 111 37 44 32 120 26 206 38 22 21 21 21 21 41 55 38 29 52 66 89 59 47 27 37 21 20 20 20 20 29 26 32 86 32 82 56 31 30 27 20 44 30 30 27 22 22 17 17 18 42 43 37 164 28 31 20 35 32 
0.789 15 15 16 21 37 43 40 21 27 57 39 34 21 21 47 841 36 40 123 32 48 38 39 44 36 43 69 44 31 21 21 21 21 29 80 114 131 77 26 44 36 24 23 23 26 29 41 36 33 20 20 20 21 45 24 99 29 49 45 29 29 20 26 96 44 22 27 21 17 17 17 18 42 85 22 45 97 38 20 60 
0.79 15 15 16 20 41 37 39 21 50 37 41 69 21 21 35 90 44 62 37 25 110 34 35 35 34 33 37 31 21 21 21 22 86 298 135 33 38 24 23 26 38 30 47 56 40 32 32 23 25 34 31 20 20 20 26 23 41 28 49 21 27 23 20 38 28 22 29 21 17 16 16 17 24 29 33 345 27 90 20 24 
0.791 15 15 16 18 32 24 38 21 45 46 41 28 20 24 61 37 27 57 44 102 76 27 47 63 78 250 38 21 20 21 55 55 130 264 69 24 24 50 47 42 39 24 34 27 29 26 24 50 48 28 22 62 21 20 20 26 23 27 42 25 21 37 22 24 43 27 25 21 18 16 16 16 17 37 32 22 30 27 21 24 
0.792 15 15 16 17 30 22 34 21 40 70 39 97 20 38 331 42 60 27 28 50 32 38 48 60 27 27 21 20 21 30 28 49 30 93 24 32 36 98 31 41 28 36 19 19 19 19 19 27 39 25 54 31 23 38 20 19 25 23 27 36 21 48 28 20 40 26 21 26 21 16 16 16 16 17 22 28 168 34 56 20 
0.793 15 15 15 17 24 22 58 21 130 45 30 50 20 101 172 49 41 27 25 57 27 43 38 77 55 22 20 21 71 28 97 28 77 25 95 78 35 34 26 19 18 18 17 17 17 17 17 17 18 18 39 78 49 23 40 20 19 24 26 301 28 20 26 26 21 33 27 32 20 16 16 16 16 16 30 35 23 26 57 20 
0.794 15 15 15 16 23 22 70 21 145 59 39 28 20 128 82 35 28 31 46 38 26 36 34 38 62 20 20 23 63 220 35 34 43 58 32 50 78 19 18 18 17 17 17 17 17 17 17 17 17 17 17 18 21 24 79 32 20 19 26 35 27 33 19 36 20 32 36 21 21 17 16 16 16 16 17 23 74 37 37 96 
0.795 14 15 15 16 21 22 59 21 85 36 30 33 20 26 116 26 49 33 51 35 78 63 193 27 21 20 21 234 58 30 252 71 49 43 77 31 18 18 17 17 17 17 17 17 17 17 17 17 17 17 17 17 17 18 31 35 22 20 19 31 28 27 20 20 25 20 29 25 20 18 16 16 15 16 16 30 32 276 25 34 
0.796 14 15 15 16 19 58 44 21 60 36 49 22 20 32 306 67 200 25 73 25 29 213 66 22 20 21 30 54 244 224 64 79 40 46 22 18 18 17 17 17 17 17 17 17 17 17 16 16 16 16 16 17 17 17 17 19 28 22 20 19 33 26 48 19 24 21 26 22 24 19 16 16 15 15 16 17 23 23 64 27 
0.797 14 15 15 16 19 38 39 21 178 46 56 21 21 26 54 28 35 34 36 26 109 202 27 20 20 23 651 57 41 25 35 184 44 39 18 18 17 17 17 17 17 17 17 17 17 17 16 16 16 16 16 16 16 16 17 17 18 24 22 20 19 30 26 25 19 26 20 28 24 24 17 16 15 15 15 16 21 84 47 30 
0.798 14 14 15 15 18 40 41 21 58 31 38 20 25 62 36 65 27 44 32 57 33 81 21 20 21 97 61 261 35 50 114 190 43 18 18 17 17 17 17 17 17 17 17 17 17 17 17 17 16 16 16 16 16 16 16 16 17 17 26 22 20 19 23 38 19 20 29 25 22 26 18 16 15 15 15 16 16 23 22 213 
0.799 14 14 15 15 17 39 30 21 181 31 65 20 32 53 25 37 31 52 25 36 100 28 20 20 201 101 38 56 82 95 34 86 19 18 17 17 17 17 17 17 17 17 17 17 17 17 17 17 17 17 16 16 16 16 16 16 16 17 17 29 22 19 20 46 29 19 27 20 50 21 22 16 15 15 15 15 16 24 52 45 
