epsilon_k[0] 0.0001
epsilon_k[1] 2.18e-05
epsilon_k[2] 7.08e-05
epsilon_k[3] 2.54e-05
epsilon_k[4] 1e-05
epsilon_k[5] 7.8e-06
epsilon_k[6] 2.18e-05
omega_x0 0.168
omega_y0 0.201
dx 0.01
epsilon 1
max_turns 10000000
from_y 48
to_y 56
0.48 1e+07 1e+07 1e+07 1e+07 1.37577e+06 1.37577e+06 900239 217428 15224 15224 3647 3647 3647 2300 2300 442 
0.49 1e+07 4.61881e+06 1.10956e+06 1.10956e+06 613789 110097 90894 4234 4234 4234 4234 4234 4234 1746 1746 1746 298 
0.5 2.26821e+06 2.26821e+06 2.26821e+06 1.0817e+06 77809 77809 18457 17543 17543 17543 3460 3460 3460 1055 1055 1055 1055 618 
0.51 1.61292e+06 1.61128e+06 338168 338168 66923 28880 28880 28880 24462 5298 5298 2511 1237 710 
0.52 259405 100860 100860 96535 11657 11657 11657 11657 2664 2664 2664 2664 2664 422 
0.53 853218 82305 14643 14643 14643 1601 1601 1601 1601 1601 1601 1601 425 
0.54 50115 13806 13806 3762 3762 1139 1139 1032 1032 956 
0.55 19458 19458 3276 3276 1906 1906 1906 1906 1248 1248 1248 967 
