epsilon_k[0] 0.0001
epsilon_k[1] 2.18e-05
epsilon_k[2] 7.08e-05
epsilon_k[3] 2.54e-05
epsilon_k[4] 1e-05
epsilon_k[5] 7.8e-06
epsilon_k[6] 2.18e-05
omega_x0 0.168
omega_y0 0.201
dx 0.01
epsilon 6
max_turns 10000000
from_y 48
to_y 56
0.48 2.91248e+06 1e+07 2.84136e+06 1.83305e+06 605385 1.92831e+06 53383 43730 24160 5353 172793 2463 4447 2648 3443 580 1313 3925 4173 2441 2053 4256 4516 671 618 953 1645 693 1564 7533 365 358 340 233 797 259 224 48 95 33 87 19 36 34 40 53 19 325 20 45 14 14 16 39 69 31 81 54 100 79 154 83 26 35 257 56 70 22 47 44 28 62 52 19 27 67 29 20 10 9 
0.49 2.69438e+06 1e+07 2.74903e+06 1.04582e+06 291974 323089 38153 177930 4506 56510 14337 4182 5043 4447 864 2953 1855 23833 1191 2761 6519 2559 406 1086 354 3700 243 361 705 316 469 370 568 281 520 512 45 157 50 118 25 45 18 135 35 44 19 87 17 12 12 12 12 12 12 14 71 19 96 42 55 40 56 287 61 59 54 58 46 35 22 21 29 33 45 57 16 13 10 9 
0.5 3.38452e+06 1.6485e+06 579404 1.90444e+06 264715 159795 12211 1e+07 2296 2157 4402 10644 4140 1813 37509 1182 911 25757 670 9448 936 655 1838 12407 416 5111 149 163 328 142 886 383 568 85 177 332 63 98 195 235 31 45 26 18 79 47 18 45 14 12 11 11 11 11 11 11 12 14 77 102 41 24 27 28 25 55 68 43 64 16 17 20 28 25 25 127 29 12 9 9 
0.51 2.47748e+06 2.87294e+06 1.66879e+06 40766 99465 38478 15062 16453 4472 2909 3136 5485 3776 646 1312 4377 746 322 1347 106 11459 580 613 413 409 1976 49 956 93 112 412 179 747 91 196 66 183 71 110 71 217 53 101 155 18 32 22 35 17 12 11 11 11 11 11 11 11 11 12 76 26 36 36 17 28 15 87 1015 75 17 16 17 92 33 20 19 18 23 9 9 
0.52 1.59154e+06 163566 36339 94210 23469 12630 2774 2963 1918 1317 14393 586 1308 4805 2218 2553 420 925 289 230 8068 327 4584 832 1082 137 68 108 90 87 173 183 261 142 93 112 1166 203 119 326 64 86 43 48 34 17 72 23 31 12 11 11 11 10 10 10 10 10 11 11 13 50 62 40 16 23 14 55 43 41 15 16 30 23 24 17 26 16 9 9 
0.53 35889 22536 68994 16754 7085 629 5681 1138 4381 3148 1270 1128 515 520 1008 471 225 4235 123 560 282 313 540 107 751 445 313 172 316 50 39 197 47 78 113 192 126 117 132 162 120 46 44 81 298 31 17 38 33 24 12 11 10 10 10 10 10 10 10 10 11 12 18 20 46 16 14 13 45 43 16 16 16 19 32 25 44 28 10 9 
0.54 36636 18480 68955 3663 5370 1250 8922 1709 1072 683 1243 1374 7132 751 454 1051 278 195 278 73 257 95 215 246 57 1951 43 66 114 82 231 37 25 31 119 18 18 17 17 17 17 26 97 42 142 70 22 20 25 94 23 11 11 10 10 10 10 10 10 10 10 10 11 15 16 22 15 13 13 26 24 15 21 15 17 31 18 18 11 9 
0.55 17585 9425 2561 144926 806 997 1903 6745 1185 3120 1031 607 1854 405 422 3168 332 971 68 89 114 140 193 45 100 43 153 36 166 80 26 73 41 125 44 32 65 108 38 31 58 32 17 16 16 22 47 24 31 16 32 17 11 10 10 10 10 10 10 10 10 10 10 10 12 21 15 15 13 13 20 21 15 46 16 18 22 16 40 9 
