epsilon_k[0] 0.0001
epsilon_k[1] 2.18e-05
epsilon_k[2] 7.08e-05
epsilon_k[3] 2.54e-05
epsilon_k[4] 1e-05
epsilon_k[5] 7.8e-06
epsilon_k[6] 2.18e-05
omega_x0 0.168
omega_y0 0.201
dx 0.01
n_theta 100
dtheta 0.015708
epsilon 30
max_turns 10000000
from_angle 85
to_angle 90
1.33518 1e+07 1e+07 1e+07 1e+07 1e+07 1e+07 1e+07 1e+07 1e+07 1e+07 1e+07 1e+07 1e+07 1e+07 1e+07 1e+07 1e+07 1e+07 1e+07 1e+07 1e+07 1e+07 1e+07 1e+07 1e+07 1e+07 1e+07 1e+07 1e+07 1e+07 1e+07 1e+07 1e+07 1e+07 1e+07 1e+07 5.90209e+06 1e+07 3.34557e+06 1.43539e+06 680796 745326 313661 100131 23509 967029 33701 85915 8678 7875 1723 1564 9364 1660 1050 680 435 959 385 1594 124 545 32 25 186 64 25 111 83 63 28 41 45 23 17 17 25 33 29 14 25 24 18 9 8 8 7 7 7 7 7 7 6 6 6 6 6 6 6 6 
1.35088 1e+07 1e+07 1e+07 1e+07 1e+07 1e+07 1e+07 1e+07 1e+07 1e+07 1e+07 1e+07 1e+07 1e+07 1e+07 1e+07 1e+07 1e+07 1e+07 1e+07 1e+07 1e+07 1e+07 1e+07 1e+07 1e+07 1e+07 1e+07 1e+07 1e+07 1e+07 1e+07 1e+07 1e+07 1e+07 1e+07 1e+07 3.28288e+06 1e+07 2.89118e+06 3.7556e+06 463747 219316 112202 190185 185610 111146 19781 6750 9153 5918 8972 9408 1064 866 2515 430 147 754 209 646 229 150 31 24 51 24 25 41 48 96 49 70 245 36 19 25 17 19 15 25 13 28 14 14 10 8 8 8 7 7 7 7 7 7 6 6 6 6 6 
1.36659 1e+07 1e+07 1e+07 1e+07 1e+07 1e+07 1e+07 1e+07 1e+07 1e+07 1e+07 1e+07 1e+07 1e+07 1e+07 1e+07 1e+07 1e+07 1e+07 1e+07 1e+07 1e+07 1e+07 1e+07 1e+07 1e+07 1e+07 1e+07 1e+07 1e+07 1e+07 1e+07 1e+07 1e+07 1e+07 1e+07 7.61031e+06 1e+07 4.73872e+06 2.27231e+06 1e+07 6.01211e+06 1.92582e+06 233543 145529 120939 25904 282343 39685 945 3663 1942 3936 20364 2102 782 1458 144 365 163 213 239 140 243 51 23 50 27 23 17 25 39 61 74 80 55 18 49 17 13 14 22 18 13 15 15 15 12 11 9 8 8 7 7 7 7 7 7 7 6 
1.3823 1e+07 1e+07 1e+07 1e+07 1e+07 1e+07 1e+07 1e+07 1e+07 1e+07 1e+07 1e+07 1e+07 1e+07 1e+07 1e+07 1e+07 1e+07 1e+07 1e+07 1e+07 1e+07 1e+07 1e+07 1e+07 1e+07 1e+07 1e+07 1e+07 1e+07 1e+07 1e+07 1e+07 1e+07 1e+07 1e+07 1e+07 1e+07 1.18619e+06 7.65241e+06 3.26905e+06 757601 404656 309939 187635 79402 33670 98343 46044 3906 56483 7225 28003 1699 4057 409 2059 6269 295 503 290 487 93 195 90 34 65 37 23 163 19 17 17 48 99 34 31 31 18 38 13 12 11 11 12 14 15 12 16 13 14 13 10 9 8 8 7 7 7 7 
1.39801 1e+07 1e+07 1e+07 1e+07 1e+07 1e+07 1e+07 1e+07 1e+07 1e+07 1e+07 1e+07 1e+07 1e+07 1e+07 1e+07 1e+07 1e+07 1e+07 1e+07 1e+07 1e+07 1e+07 1e+07 1e+07 1e+07 1e+07 1e+07 1e+07 1e+07 1e+07 1e+07 1e+07 1e+07 1e+07 1e+07 1e+07 1e+07 6.51368e+06 4.8326e+06 1.0857e+06 1.21167e+06 4.25344e+06 696852 80822 72564 159514 233161 15928 12114 4842 891 1145 1166 636 36184 663 182 506 285 183 607 559 707 140 90 36 120 51 1017 33 35 27 20 16 16 69 21 39 16 68 47 25 12 11 11 11 10 11 11 12 14 12 18 12 10 10 10 9 8 
1.41372 1e+07 1e+07 1e+07 1e+07 1e+07 1e+07 1e+07 1e+07 1e+07 1e+07 1e+07 1e+07 1e+07 1e+07 1e+07 1e+07 1e+07 1e+07 1e+07 1e+07 1e+07 1e+07 1e+07 1e+07 1e+07 1e+07 1e+07 1e+07 1e+07 1e+07 1e+07 1e+07 1e+07 1e+07 1e+07 1e+07 1e+07 1e+07 1e+07 1e+07 1e+07 808096 845589 5.57479e+06 711444 303200 650317 57213 10917 6449 14439 1717 11748 357 5634 3413 3307 1349 2466 508 165 92 298 437 166 238 119 61 70 51 86 107 58 1249 99 35 18 24 16 15 33 21 23 14 23 18 36 16 11 11 10 10 10 10 10 10 10 10 10 11 
