epsilon_k[0] 0.0001
epsilon_k[1] 2.18e-05
epsilon_k[2] 7.08e-05
epsilon_k[3] 2.54e-05
epsilon_k[4] 1e-05
epsilon_k[5] 7.8e-06
epsilon_k[6] 2.18e-05
omega_x0 0.168
omega_y0 0.201
dx 0.01
epsilon 12
max_turns 10000000
from_y 24
to_y 32
0.24 1e+07 1e+07 1e+07 1e+07 1e+07 1e+07 1e+07 1e+07 1e+07 1e+07 1e+07 1e+07 1e+07 1e+07 1e+07 1e+07 1e+07 1e+07 1e+07 1e+07 1e+07 1e+07 1e+07 1e+07 1e+07 1e+07 1e+07 1e+07 1e+07 1e+07 1e+07 1e+07 1e+07 1e+07 1e+07 3.96784e+06 3.96784e+06 3.96784e+06 3.96784e+06 3.96784e+06 3.21614e+06 2.11913e+06 2.11913e+06 1.31112e+06 994026 135604 104346 104346 10297 4153 2388 2388 2388 2388 2388 2388 1594 1594 1594 1482 1482 588 
0.25 1e+07 1e+07 1e+07 1e+07 1e+07 1e+07 1e+07 1e+07 1e+07 1e+07 1e+07 1e+07 1e+07 1e+07 1e+07 1e+07 1e+07 1e+07 1e+07 1e+07 1e+07 1e+07 1e+07 1e+07 1e+07 1e+07 1e+07 1e+07 1e+07 1e+07 1e+07 1e+07 1e+07 1e+07 5.24823e+06 5.24823e+06 3.75413e+06 1.33864e+06 1.33864e+06 1.33864e+06 1.33864e+06 1.33864e+06 1.33864e+06 1.33864e+06 370108 142405 104336 62731 11589 11589 5827 4360 4360 4360 1379 1379 1163 1163 1163 1163 1163 416 
0.26 1e+07 1e+07 1e+07 1e+07 1e+07 1e+07 1e+07 1e+07 1e+07 1e+07 1e+07 1e+07 1e+07 1e+07 1e+07 1e+07 1e+07 1e+07 1e+07 1e+07 1e+07 1e+07 1e+07 1e+07 1e+07 1e+07 8.71301e+06 8.71301e+06 8.71301e+06 8.71301e+06 8.71301e+06 7.71124e+06 7.71124e+06 7.71124e+06 7.71124e+06 7.71124e+06 7.02672e+06 935453 935453 935453 935453 727628 306174 306174 306174 306174 37005 37005 33762 15988 3622 3622 735 
0.27 1e+07 1e+07 1e+07 1e+07 1e+07 1e+07 1e+07 1e+07 1e+07 1e+07 1e+07 1e+07 1e+07 1e+07 1e+07 1e+07 1e+07 1e+07 1e+07 1e+07 1e+07 1e+07 1e+07 5.84936e+06 1.48754e+06 1.48754e+06 1.48754e+06 1.48754e+06 1.48754e+06 1.48754e+06 1.48754e+06 1.48754e+06 1.41104e+06 1.41104e+06 1.41104e+06 1.30644e+06 1.30644e+06 1.30644e+06 1.28986e+06 1.01164e+06 277763 277763 277763 277763 217433 54931 9181 9181 4172 4172 2543 2543 2209 2209 666 
0.28 1e+07 1e+07 1e+07 1e+07 1e+07 1e+07 1e+07 1e+07 1e+07 1e+07 1e+07 1e+07 1e+07 1e+07 1e+07 1e+07 1e+07 1e+07 1e+07 1e+07 1e+07 1e+07 1e+07 6.78602e+06 4.10419e+06 1.74172e+06 1.74172e+06 1.74172e+06 1.74172e+06 1.74172e+06 939360 939360 939360 939360 631462 631462 631462 311180 311180 311180 311180 311180 268373 268373 268373 63742 9763 9763 6120 6120 6120 2157 1462 1462 912 
0.29 1e+07 1e+07 1e+07 1e+07 1e+07 1e+07 1e+07 1e+07 1e+07 1e+07 1e+07 1e+07 1e+07 1e+07 1e+07 1e+07 1e+07 1e+07 1e+07 1e+07 1e+07 1e+07 1e+07 9.18315e+06 346359 346359 346359 346359 346359 346359 346359 152452 152452 152452 152452 152452 152452 152452 128814 128814 128814 52149 52149 52149 52149 16088 7860 7860 7860 1842 1842 1842 1842 1842 1163 863 
0.3 1e+07 1e+07 1e+07 1e+07 1e+07 1e+07 1e+07 1e+07 1e+07 1e+07 1e+07 1e+07 1e+07 1e+07 1e+07 1e+07 1e+07 1e+07 1e+07 1e+07 1e+07 1e+07 1e+07 9.18548e+06 9.18548e+06 184173 184173 184173 184173 184173 184173 184173 184173 184173 184173 184173 177710 177710 98704 36845 36845 36845 21505 21505 5264 5264 5264 5264 5264 5264 5264 1937 1090 1090 514 
0.31 1e+07 1e+07 1e+07 1e+07 1e+07 1e+07 1e+07 1e+07 1e+07 1e+07 1e+07 1e+07 1e+07 1e+07 1e+07 1e+07 1e+07 1e+07 1e+07 1e+07 1e+07 1e+07 1e+07 1e+07 186261 186261 70760 70760 70760 70760 70760 70760 70760 70760 70760 70760 51373 28000 28000 28000 28000 28000 23088 20972 8143 7230 7230 2965 1633 1633 1633 1558 1558 1023 1023 1023 173 
