epsilon_k[0] 0.0001
epsilon_k[1] 2.18e-05
epsilon_k[2] 7.08e-05
epsilon_k[3] 2.54e-05
epsilon_k[4] 1e-05
epsilon_k[5] 7.8e-06
epsilon_k[6] 2.18e-05
omega_x0 0.168
omega_y0 0.201
dx 0.01
n_theta 100
dtheta 0.015708
epsilon 30
max_turns 10000000
from_angle 85
to_angle 90
1.33518 1e+07 1e+07 1e+07 1e+07 1e+07 1e+07 1e+07 1e+07 1e+07 1e+07 1e+07 1e+07 1e+07 1e+07 1e+07 1e+07 1e+07 1e+07 1e+07 1e+07 1e+07 1e+07 1e+07 1e+07 1e+07 1e+07 1e+07 1e+07 1e+07 1e+07 1e+07 1e+07 1e+07 1e+07 1e+07 1e+07 1e+07 1e+07 7.15067e+06 1.80375e+06 478347 2.01001e+06 91170 1.06528e+06 34375 34629 302992 19962 11970 10772 1723 1564 9364 1660 1050 680 435 959 385 1594 124 545 32 25 186 64 25 111 83 63 28 41 45 23 17 17 25 33 29 14 25 24 18 9 8 8 7 7 7 7 7 7 6 6 6 6 6 6 6 6 
1.35088 1e+07 1e+07 1e+07 1e+07 1e+07 1e+07 1e+07 1e+07 1e+07 1e+07 1e+07 1e+07 1e+07 1e+07 1e+07 1e+07 1e+07 1e+07 1e+07 1e+07 1e+07 1e+07 1e+07 1e+07 1e+07 1e+07 1e+07 1e+07 1e+07 1e+07 1e+07 1e+07 1e+07 1e+07 1e+07 1e+07 1e+07 2.102e+06 3.31759e+06 1.69948e+06 1e+07 1.04827e+06 842482 289902 57945 49408 31102 10853 6750 9153 26905 11978 2837 1064 866 7840 430 147 754 209 646 229 150 31 24 51 24 25 41 48 96 49 70 245 36 19 25 17 19 15 25 13 28 14 14 10 8 8 8 7 7 7 7 7 7 6 6 6 6 6 
1.36659 1e+07 1e+07 1e+07 1e+07 1e+07 1e+07 1e+07 1e+07 1e+07 1e+07 1e+07 1e+07 1e+07 1e+07 1e+07 1e+07 1e+07 1e+07 1e+07 1e+07 1e+07 1e+07 1e+07 1e+07 1e+07 1e+07 1e+07 1e+07 1e+07 1e+07 1e+07 1e+07 1e+07 1e+07 1e+07 1e+07 6.72748e+06 1e+07 1e+07 5.68434e+06 7.8529e+06 3.02609e+06 1e+07 173361 206732 115916 121224 10153 13230 945 2823 1942 6223 8594 2107 782 1458 144 365 163 213 239 140 243 51 23 50 27 23 17 25 39 61 74 80 55 18 49 17 13 14 22 18 13 15 15 15 12 11 9 8 8 7 7 7 7 7 7 7 6 
1.3823 1e+07 1e+07 1e+07 1e+07 1e+07 1e+07 1e+07 1e+07 1e+07 1e+07 1e+07 1e+07 1e+07 1e+07 1e+07 1e+07 1e+07 1e+07 1e+07 1e+07 1e+07 1e+07 1e+07 1e+07 1e+07 1e+07 1e+07 1e+07 1e+07 1e+07 1e+07 1e+07 1e+07 1e+07 1e+07 1e+07 1e+07 1e+07 4.906e+06 3.73108e+06 6.9172e+06 2.0566e+06 2.26919e+06 3.89939e+06 185156 58120 33944 543918 20411 7328 22918 7225 3577 1699 3261 409 2077 6269 295 503 290 487 93 195 90 34 65 37 23 163 19 17 17 48 99 34 31 31 18 38 13 12 11 11 12 14 15 12 16 13 14 13 10 9 8 8 7 7 7 7 
1.39801 1e+07 1e+07 1e+07 1e+07 1e+07 1e+07 1e+07 1e+07 1e+07 1e+07 1e+07 1e+07 1e+07 1e+07 1e+07 1e+07 1e+07 1e+07 1e+07 1e+07 1e+07 1e+07 1e+07 1e+07 1e+07 1e+07 1e+07 1e+07 1e+07 1e+07 1e+07 1e+07 1e+07 1e+07 1e+07 1e+07 1e+07 5.24971e+06 3.26739e+06 3.63357e+06 5.2906e+06 1.82795e+06 649851 977588 371250 248268 111914 27044 14796 41519 6899 891 1145 1166 636 81740 663 182 506 285 183 607 559 707 140 90 36 120 51 1017 33 35 27 20 16 16 69 21 39 16 68 47 25 12 11 11 11 10 11 11 12 14 12 18 12 10 10 10 9 8 
1.41372 1e+07 1e+07 1e+07 1e+07 1e+07 1e+07 1e+07 1e+07 1e+07 1e+07 1e+07 1e+07 1e+07 1e+07 1e+07 1e+07 1e+07 1e+07 1e+07 1e+07 1e+07 1e+07 1e+07 1e+07 1e+07 1e+07 1e+07 1e+07 1e+07 1e+07 1e+07 1e+07 1e+07 1e+07 1e+07 1e+07 1e+07 9.63159e+06 1e+07 4.96233e+06 4.63834e+06 1e+07 1.7913e+06 2.30425e+06 693914 209058 1e+07 130541 146087 29926 14439 1717 4636 357 5634 3320 3307 1349 2231 508 165 92 298 437 166 238 119 61 70 51 86 107 58 1249 99 35 18 24 16 15 33 21 23 14 23 18 36 16 11 11 10 10 10 10 10 10 10 10 10 11 
