epsilon_k[0] 0.1
epsilon_k[0] 2.18e-05
epsilon_k[0] 7.08e-05
epsilon_k[0] 2.54e-05
epsilon_k[0] 1e-05
epsilon_k[0] 7.8e-06
epsilon_k[0] 0.218
omega_x0 0.168
omega_y0 0.201
dx 0.01
n_theta 100
dtheta 0.00785398
epsilon 64
max_turns 10000000
from_angle 32
to_angle 40
0.251327 1e+07 10911 3446 2272 1221 1013 1013 1013 1013 524 
0.259181 1e+07 10926 3493 2756 1304 1015 1015 1015 1015 514 
0.267035 1e+07 11374 3567 2291 1302 1024 1024 1024 1024 506 
0.274889 1e+07 11457 3660 2384 1277 1027 1027 1027 1027 493 
0.282743 1e+07 11417 7670 1837 1277 1033 1033 1033 1033 478 
0.290597 1e+07 11620 4370 1798 1279 1048 1048 1048 1048 477 
0.298451 1e+07 11683 3916 1731 1298 1075 1075 1075 1075 464 
0.306305 1e+07 11739 3944 1776 1295 1295 1237 1237 1237 454 
