epsilon_k[0] 0.0001
epsilon_k[1] 2.18e-05
epsilon_k[2] 7.08e-05
epsilon_k[3] 2.54e-05
epsilon_k[4] 1e-05
epsilon_k[5] 7.8e-06
epsilon_k[6] 2.18e-05
omega_x0 0.168
omega_y0 0.201
dx 0.01
epsilon 64
max_turns 10000000
from_y 40
to_y 48
0.4 2.67966e+06 2.67966e+06 1.09562e+06 592230 592230 592230 592230 70383 70383 70383 66883 66883 27606 27606 27606 17660 17660 10385 7801 4251 3829 3829 3829 3329 3329 1859 1859 1859 1859 1859 1859 1859 1859 964 
0.41 833346 833346 536635 392510 278733 278733 142811 142811 142811 142811 142811 26676 26676 7998 7998 5387 4475 4475 4408 4408 4408 1085 1085 1085 881 
0.42 1.33092e+06 1.33092e+06 1.07739e+06 683706 683706 520026 160125 56792 56792 56792 34237 17451 17451 10302 10302 7548 4073 4073 3083 3083 3083 3083 3083 1805 1805 1446 1446 1446 1149 1149 851 
0.43 849220 849220 155098 155098 142425 142425 142425 142425 25156 25156 25156 25156 12241 5026 5026 5026 4011 4011 4011 1909 1909 1909 1909 1909 830 
0.44 1.26498e+06 804843 804843 804843 783129 245882 245882 229535 37424 19866 3555 3555 3555 3555 3555 3555 1459 1459 1459 1459 1459 1459 1389 1214 1214 1214 1214 644 
0.45 1.40905e+06 1.40905e+06 264147 55720 55720 55720 26975 26975 26146 3569 3569 3569 3496 3496 2978 2228 2228 2228 1851 1851 1011 1011 1011 1011 1011 417 
0.46 1.23834e+06 352789 244109 69624 61706 61706 61706 40699 36315 10710 6079 3587 3587 3587 3587 1824 1824 1824 1020 1020 1020 1020 1020 935 
0.47 4.79054e+06 435287 327735 59535 59535 59535 26129 8741 8741 917 
