epsilon_k[0] 0.0001
epsilon_k[1] 2.18e-05
epsilon_k[2] 7.08e-05
epsilon_k[3] 2.54e-05
epsilon_k[4] 1e-05
epsilon_k[5] 7.8e-06
epsilon_k[6] 2.18e-05
omega_x0 0.168
omega_y0 0.201
dx 0.01
epsilon 16
max_turns 10000000
from_y 32
to_y 40
0.32 1e+07 1e+07 1e+07 1e+07 1e+07 1e+07 1e+07 1e+07 1e+07 1e+07 1e+07 1e+07 1e+07 1e+07 1e+07 1e+07 1e+07 1e+07 1e+07 1e+07 1e+07 1e+07 1e+07 1e+07 231580 80999 236400 344408 281120 70253 231560 156394 1.37104e+06 47209 81183 460115 222665 65867 143889 11238 14845 3232 2319 5980 71657 1520 4090 7584 3826 2441 549 4592 781 79042 743 244 413 209 680 208 205 97 33 200 201 1602 177 212 134 45 136 29 52 20 92 65 40 32 13 12 
0.33 1e+07 1e+07 1e+07 1e+07 1e+07 1e+07 1e+07 1e+07 1e+07 1e+07 1e+07 1e+07 1e+07 1e+07 1e+07 1e+07 1e+07 1e+07 1e+07 1e+07 1e+07 1e+07 1e+07 1e+07 251506 330193 17480 58827 62897 162951 111063 91940 76733 435947 514130 14401 16601 46442 14703 6011 6074 2758 12470 10452 2916 5642 1125 8621 1477 1316 1340 1480 1209 4113 921 2141 319 3484 268 156 131 90 32 123 44 51 37 32 32 254 135 182 691 200 19 242 341 43 14 12 
0.34 1e+07 1e+07 1e+07 1e+07 1e+07 1e+07 1e+07 1e+07 1e+07 1e+07 1e+07 1e+07 1e+07 1e+07 1e+07 1e+07 1e+07 1e+07 1e+07 3.16168e+06 1e+07 1e+07 3.03946e+06 1.62189e+06 169090 5.2097e+06 56472 76784 71809 612458 234382 81385 36431 45118 92213 29988 18792 24192 7617 8634 40080 3789 1382 1927 4016 2578 17314 1034 2150 3253 1876 3952 1458 8269 2078 311 248 182 260 302 553 152 77 39 119 44 37 135 154 80 81 206 65 84 55 18 72 32 79 13 
0.35 1e+07 1e+07 1e+07 1e+07 1e+07 1e+07 1e+07 1e+07 1e+07 1e+07 1e+07 1e+07 8.3239e+06 1e+07 3.52977e+06 1e+07 962766 2.06085e+06 2.95888e+06 879301 543601 5.76765e+06 1.46812e+06 278228 138067 23798 82134 40931 93101 47585 20345 37995 9460 12012 2395 30812 47414 2433 2698 4007 9865 5909 1040 10422 1752 2651 8577 1737 2035 1699 291 993 491 1058 321 345 982 282 168 398 1257 585 77 87 142 50 78 279 32 62 47 50 38 63 36 29 18 33 19 21 
0.36 1e+07 1e+07 1e+07 1e+07 1e+07 1e+07 1e+07 1e+07 1e+07 1e+07 1e+07 1.92072e+06 2.37309e+06 7.46514e+06 657019 7.03231e+06 501734 1.7027e+06 1.00072e+06 8.46962e+06 76946 31446 452917 716799 69335 29922 156979 61854 21657 2.66907e+06 169098 424784 12698 37216 9198 3380 6059 2325 3540 4575 1833 719 798 441 1086 310 493 253 754 497 490 361 296 1248 568 134 347 150 795 294 426 76 96 108 184 179 271 114 265 42 49 98 226 164 25 36 191 17 46 20 
0.37 1e+07 1e+07 1e+07 1e+07 1e+07 1e+07 1e+07 1e+07 1e+07 1e+07 4.11926e+06 872682 1.43935e+06 1e+07 1.71125e+06 263667 676640 523008 281683 51922 452852 20201 38119 36652 78929 181140 20404 46269 59887 81375 33081 105673 9131 11993 52728 3855 1894 9239 2297 1019 9882 7122 5058 2811 507 706 265 549 435 1027 370 576 84 207 701 237 427 295 328 144 90 111 147 40 219 57 125 157 66 268 75 66 157 37 54 50 79 79 17 46 
0.38 1e+07 1e+07 1e+07 1e+07 1e+07 1e+07 1e+07 1e+07 7.44606e+06 8.98096e+06 1e+07 1.14754e+06 4.54865e+06 127488 44003 114024 75385 69746 133959 253874 95627 18879 113188 158276 27560 11957 30942 28635 15098 14067 335410 11145 10034 33669 4802 38155 3674 1471 3806 359 1166 1134 149 3596 544 736 218 625 449 206 229 659 429 318 386 597 296 113 181 155 122 238 188 120 113 258 259 33 64 90 119 655 363 72 788 47 84 30 175 17 
0.39 1e+07 1e+07 1e+07 1e+07 1e+07 1e+07 1e+07 7.02156e+06 5.42392e+06 1.10521e+06 1.10628e+06 198214 3.87374e+06 576732 43720 20937 87199 39192 17376 22324 13613 44661 38059 5149 10565 6728 2571 22068 46038 3106 3189 2893 13456 2538 4741 8960 1931 2497 432 932 1630 886 886 468 422 179 1556 941 1448 1504 534 208 1245 42 96 344 1036 1754 1082 80 125 904 112 150 54 34 48 272 155 39 211 137 64 211 44 75 78 44 23 16 
