epsilon_k[0] 0.1
epsilon_k[0] 2.18e-05
epsilon_k[0] 7.08e-05
epsilon_k[0] 2.54e-05
epsilon_k[0] 1e-05
epsilon_k[0] 7.8e-06
epsilon_k[0] 0.218
omega_x0 0.168
omega_y0 0.201
dx 0.01
n_theta 100
dtheta 0.00785398
epsilon 2
max_turns 10000000
from_angle 64
to_angle 72
0.502655 1e+07 1e+07 1e+07 1e+07 1e+07 1e+07 1e+07 1e+07 4.40424e+06 241666 88737 79482 79482 46344 18705 18705 18705 18705 6566 6566 3089 3089 2708 2212 1349 407 
0.510509 1e+07 1e+07 1e+07 1e+07 1e+07 1e+07 1e+07 1e+07 4.79916e+06 120121 120121 78544 67004 30781 30781 30781 14361 14361 14361 6159 6159 3958 1273 552 
0.518363 1e+07 1e+07 1e+07 1e+07 1e+07 1e+07 1e+07 1e+07 1.24695e+06 1.24695e+06 1.17317e+06 26527 26527 26527 26527 23763 23763 21318 8364 7121 5476 4670 1194 1194 1061 405 
0.526217 1e+07 1e+07 1e+07 1e+07 1e+07 1e+07 1e+07 1e+07 6.77043e+06 2.79726e+06 575963 31657 31657 31657 31657 31657 27317 7027 7027 6488 5690 1346 1346 555 
0.534071 1e+07 1e+07 1e+07 1e+07 1e+07 1e+07 1e+07 4.5728e+06 4.5728e+06 626399 67324 67324 38605 38605 38605 33544 33544 16979 7426 3554 2288 2145 2141 2141 407 
0.541925 1e+07 1e+07 1e+07 1e+07 1e+07 1e+07 1e+07 1e+07 1e+07 6.66663e+06 161086 35923 35923 29776 29776 29776 20144 20144 9090 3950 3950 1340 1340 1340 406 
0.549779 1e+07 1e+07 1e+07 1e+07 1e+07 1e+07 1e+07 1e+07 6.15118e+06 764279 764279 456169 235733 40266 40266 40266 33320 13899 13899 6339 5617 1998 1200 1200 406 
0.557633 1e+07 1e+07 1e+07 1e+07 1e+07 1e+07 1e+07 1e+07 1e+07 4.46609e+06 1.35388e+06 25727 25727 25727 9736 9736 9736 9736 9736 2287 2287 1275 1275 483 
0.565487 1e+07 1e+07 1e+07 1e+07 1e+07 1e+07 1e+07 6.91672e+06 2.6193e+06 297370 297370 255345 88086 58343 55720 22975 22975 13972 13972 3957 3957 1349 1349 959 
