epsilon_k[0] 0.0001
epsilon_k[1] 2.18e-05
epsilon_k[2] 7.08e-05
epsilon_k[3] 2.54e-05
epsilon_k[4] 1e-05
epsilon_k[5] 7.8e-06
epsilon_k[6] 2.18e-05
omega_x0 0.168
omega_y0 0.201
dx 0.01
n_theta 100
dtheta 0.015708
epsilon 6
max_turns 10000000
from_angle 20
to_angle 25
0.314159 1e+07 1e+07 1e+07 1e+07 1e+07 1e+07 1e+07 1e+07 1e+07 1e+07 1e+07 1e+07 1e+07 1e+07 1e+07 1e+07 1e+07 1e+07 1e+07 1e+07 1e+07 1e+07 1e+07 1e+07 1e+07 1e+07 1e+07 1e+07 1e+07 1e+07 1e+07 1e+07 1e+07 1e+07 1e+07 1e+07 1e+07 1e+07 1e+07 1e+07 1e+07 1e+07 1e+07 1e+07 1e+07 1e+07 1e+07 1e+07 1e+07 1.40274e+06 3.21792e+06 126931 396367 169958 49846 33717 23945 8872 13333 21609 93906 831955 1000 2932 19842 1022 3999 689 3170 887 393004 219 248 4016 79 241 368 265 179 225 183 39 218 213 23 25 330 36 26 55 81 20 63 14 13 34 20 73 234 14 
0.329867 1e+07 1e+07 1e+07 1e+07 1e+07 1e+07 1e+07 1e+07 1e+07 1e+07 1e+07 1e+07 1e+07 1e+07 1e+07 1e+07 1e+07 1e+07 1e+07 1e+07 1e+07 1e+07 1e+07 1e+07 1e+07 1e+07 1e+07 1e+07 1e+07 1e+07 1e+07 1e+07 1e+07 1e+07 1e+07 1e+07 1e+07 1e+07 1e+07 1e+07 1e+07 1e+07 1e+07 1e+07 1e+07 1e+07 1e+07 1e+07 1e+07 1e+07 2.87133e+06 1.06446e+06 244480 1.42442e+06 14057 39272 2844 24607 4007 1608 1140 4963 3463 1959 17584 941 318 2976 1978 374 501 6471 48 126 662 53 378 95 1931 267 346 164 22 124 83 21 30 92 75 134 336 176 46 51 41 14 13 64 18 173 
0.345575 1e+07 1e+07 1e+07 1e+07 1e+07 1e+07 1e+07 1e+07 1e+07 1e+07 1e+07 1e+07 1e+07 1e+07 1e+07 1e+07 1e+07 1e+07 1e+07 1e+07 1e+07 1e+07 1e+07 1e+07 1e+07 1e+07 1e+07 1e+07 1e+07 1e+07 1e+07 1e+07 1e+07 1e+07 1e+07 1e+07 1e+07 1e+07 1e+07 1e+07 1e+07 1e+07 1e+07 1e+07 1e+07 1e+07 1e+07 1e+07 1e+07 7.16736e+06 1.74278e+06 2.67458e+06 631122 926462 12682 23644 38637 31132 6358 4751 6727 2398 2700 2964 4023 428 374 408 199 614 247 8500 193 588 86 176 120 471 293 152 55 17 24 122 21 94 29 39 58 40 35 64 194 70 50 26 29 15 12 13 
0.361283 1e+07 1e+07 1e+07 1e+07 1e+07 1e+07 1e+07 1e+07 1e+07 1e+07 1e+07 1e+07 1e+07 1e+07 1e+07 1e+07 1e+07 1e+07 1e+07 1e+07 1e+07 1e+07 1e+07 1e+07 1e+07 1e+07 1e+07 1e+07 1e+07 1e+07 1e+07 1e+07 1e+07 1e+07 1e+07 1e+07 1e+07 1e+07 1e+07 1e+07 1e+07 1e+07 1e+07 1e+07 1e+07 1e+07 1e+07 1e+07 1e+07 1e+07 5.05669e+06 2.17218e+06 197518 127013 46030 7642 8080 12171 13313 7363 7585 28630 5594 4290 2057 2140 536 335 157 303 430 137 321 189 375 38 46 3162 1162 51 43 89 14 14 15 63 172 75 27 38 80 105 39 46 86 35 111 173 17 37 
0.376991 1e+07 1e+07 1e+07 1e+07 1e+07 1e+07 1e+07 1e+07 1e+07 1e+07 1e+07 1e+07 1e+07 1e+07 1e+07 1e+07 1e+07 1e+07 1e+07 1e+07 1e+07 1e+07 1e+07 1e+07 1e+07 1e+07 1e+07 1e+07 1e+07 1e+07 1e+07 1e+07 1e+07 1e+07 1e+07 1e+07 1e+07 1e+07 1e+07 1e+07 1e+07 1e+07 1e+07 1e+07 1e+07 1e+07 1e+07 3.74951e+06 1e+07 8.57279e+06 1e+07 187004 247970 143956 19172 49599 7570 2087 2677 4076 24962 7690 1962 1787 780 1694 237 216 9134 94 66 171 242 94 114 112 178 142 63 68 238 472 24 13 13 13 13 20 33 314 264 83 24 103 58 30 46 29 26 57 
