epsilon_k[0] 0.0001
epsilon_k[1] 2.18e-05
epsilon_k[2] 7.08e-05
epsilon_k[3] 2.54e-05
epsilon_k[4] 1e-05
epsilon_k[5] 7.8e-06
epsilon_k[6] 2.18e-05
omega_x0 0.168
omega_y0 0.201
dx 0.01
n_theta 100
dtheta 0.015708
epsilon 30
max_turns 10000000
from_angle 20
to_angle 25
0.314159 1e+07 1e+07 1e+07 1e+07 1e+07 1e+07 1e+07 1e+07 1e+07 1e+07 1e+07 1e+07 1e+07 1e+07 1e+07 1e+07 1e+07 1e+07 1e+07 1e+07 1e+07 1e+07 1e+07 1e+07 1e+07 1e+07 1e+07 1e+07 1e+07 1e+07 1e+07 1e+07 1e+07 1e+07 1e+07 1e+07 1e+07 1e+07 1e+07 1e+07 1e+07 1e+07 1e+07 6.15883e+06 4.61449e+06 1.89857e+06 352247 297846 193708 2.85174e+06 627624 22895 81265 15461 26280 36241 11978 1622 5763 4949 6451 22829 9073 17100 1348 355 1080 189 1952 326 799 578 310 346 8314 560 127 331 98 624 68 21 310 68 63 113 40 130 25 25 58 271 27 267 13 13 61 28 39 95 
0.329867 1e+07 1e+07 1e+07 1e+07 1e+07 1e+07 1e+07 1e+07 1e+07 1e+07 1e+07 1e+07 1e+07 1e+07 1e+07 1e+07 1e+07 1e+07 1e+07 1e+07 1e+07 1e+07 1e+07 1e+07 1e+07 1e+07 1e+07 1e+07 1e+07 1e+07 1e+07 1e+07 1e+07 1e+07 1e+07 1e+07 1e+07 1e+07 1e+07 1e+07 1e+07 1e+07 1e+07 9.68144e+06 9.62595e+06 2.56285e+06 4.85513e+06 9.24387e+06 450786 116710 123130 42041 28177 127344 60182 11404 2140 2421 18665 3781 3921 3811 1407 926 1238 1395 349 547 7325 22877 6520 591 212 180 159 469 84 41 304 125 125 60 562 28 75 45 270 81 69 113 79 95 43 46 19 52 13 13 39 60 
0.345575 1e+07 1e+07 1e+07 1e+07 1e+07 1e+07 1e+07 1e+07 1e+07 1e+07 1e+07 1e+07 1e+07 1e+07 1e+07 1e+07 1e+07 1e+07 1e+07 1e+07 1e+07 1e+07 1e+07 1e+07 1e+07 1e+07 1e+07 1e+07 1e+07 1e+07 1e+07 1e+07 1e+07 1e+07 1e+07 1e+07 1e+07 1e+07 1e+07 1e+07 1e+07 1e+07 1e+07 1e+07 1e+07 1e+07 1.35581e+06 3.05572e+06 852409 176847 90977 88355 69276 124802 38633 15678 4359 32836 14933 4548 1228 3105 3013 5774 3379 1141 934 142 531 1342 344 61 328 303 39 53 45 579 32384 376 92 41 17 30 175 428 71 102 58 86 44 61 28 39 29 26 23 73 13 12 
0.361283 1e+07 1e+07 1e+07 1e+07 1e+07 1e+07 1e+07 1e+07 1e+07 1e+07 1e+07 1e+07 1e+07 1e+07 1e+07 1e+07 1e+07 1e+07 1e+07 1e+07 1e+07 1e+07 1e+07 1e+07 1e+07 1e+07 1e+07 1e+07 1e+07 1e+07 1e+07 1e+07 1e+07 1e+07 1e+07 1e+07 1e+07 1e+07 1e+07 1e+07 1e+07 6.01123e+06 1e+07 5.25814e+06 3.05743e+06 1e+07 1.2506e+06 732283 220439 694442 383399 93330 119161 84682 311704 7123 23116 14952 5728 30953 4001 768 2073 449 793 3571 1790 126 325 299 234 157 845 525 432 137 241 59 55 135 300 23 14 13 14 25 66 110 167 155 73 67 58 47 45 64 60 208 42 15 
0.376991 1e+07 1e+07 1e+07 1e+07 1e+07 1e+07 1e+07 1e+07 1e+07 1e+07 1e+07 1e+07 1e+07 1e+07 1e+07 1e+07 1e+07 1e+07 1e+07 1e+07 1e+07 1e+07 1e+07 1e+07 1e+07 1e+07 1e+07 1e+07 1e+07 1e+07 1e+07 1e+07 1e+07 1e+07 1e+07 1e+07 1e+07 1e+07 1e+07 1e+07 1e+07 1e+07 1e+07 1e+07 9.95825e+06 4.60581e+06 4.63001e+06 703631 326569 246719 97775 2.70529e+06 198235 31524 50988 20214 29374 22784 14375 7237 1412 1494 1091 1895 1590 966 251 3090 6820 118 452 129 753 109 56 67 209 457 112 33 22 34 106 14 13 12 13 14 26 87 89 83 82 78 22 22 40 80 36 42 
