epsilon_k[0]0.1
epsilon_k[0]2.18e-05
epsilon_k[0]7.08e-05
epsilon_k[0]2.54e-05
epsilon_k[0]1e-05
epsilon_k[0]7.8e-06
epsilon_k[0]0.218
omega_x01.05558
omega_y01.26292
dx 0.01
n_theta 100
dtheta 0.00785398
epsilon 6
max_turns 10000000
from_angle 56
to_angle 64
0.439823 1e+07 90474 21179 1778 1384 704 
0.447677 1e+07 78748 14873 1713 1382 704 
0.455531 1e+07 70990 19718 1711 1189 717 
0.463385 1e+07 65005 11538 1711 1157 760 
0.471239 1e+07 60100 11029 1712 1056 720 
0.479093 1e+07 57915 10655 1773 988 
0.486947 1e+07 55980 10245 1831 995 
0.494801 1e+07 53725 10170 1784 976 
