epsilon_k[0] 0.0001
epsilon_k[1] 2.18e-05
epsilon_k[2] 7.08e-05
epsilon_k[3] 2.54e-05
epsilon_k[4] 1e-05
epsilon_k[5] 7.8e-06
epsilon_k[6] 2.18e-05
omega_x0 0.168
omega_y0 0.201
dx 0.01
n_theta 100
dtheta 0.015708
epsilon 64
max_turns 10000000
from_angle 5
to_angle 10
0.0785398 1e+07 1e+07 1e+07 1e+07 1e+07 1e+07 1e+07 1e+07 1e+07 1e+07 1e+07 1e+07 1e+07 1e+07 1e+07 1e+07 1e+07 1e+07 1e+07 1e+07 1e+07 1e+07 1e+07 1e+07 1e+07 1e+07 1e+07 1e+07 1e+07 1e+07 1e+07 1e+07 1e+07 1e+07 1e+07 1e+07 1e+07 1e+07 1e+07 1e+07 1e+07 1e+07 1e+07 1e+07 8.52556e+06 5.51003e+06 1e+07 7.29158e+06 2.6594e+06 3.54184e+06 4.92703e+06 2.44547e+06 1e+07 1e+07 1e+07 8.35131e+06 1.24866e+06 178156 192385 128809 59986 8589 4019 12263 7541 5028 9424 9644 2978 839 1160 20353 17194 1282 840 567 3062 309 292 136 1018 469 136 189 163 43 114 9 7 7 7 6 6 6 6 6 5 5 5 5 
0.0942478 1e+07 1e+07 1e+07 1e+07 1e+07 1e+07 1e+07 1e+07 1e+07 1e+07 1e+07 1e+07 1e+07 1e+07 1e+07 1e+07 1e+07 1e+07 1e+07 1e+07 1e+07 1e+07 1e+07 1e+07 1e+07 1e+07 1e+07 1e+07 1e+07 1e+07 1e+07 1e+07 1e+07 1e+07 1e+07 1e+07 1e+07 1e+07 1e+07 1e+07 1e+07 1e+07 1e+07 1e+07 2.51396e+06 4.32106e+06 1e+07 1e+07 2.82176e+06 265015 1.17426e+06 1.97708e+06 1e+07 2.79154e+06 1.91056e+06 636548 674261 393354 391909 100137 19651 89954 6485 10386 460523 3712 1839 5813 2204 3793 3527 936 2591 710615 510 428 12811 146 66 206 157 169 80 247 40 308 377 29 8 7 7 6 6 6 6 6 5 5 5 5 
0.109956 1e+07 1e+07 1e+07 1e+07 1e+07 1e+07 1e+07 1e+07 1e+07 1e+07 1e+07 1e+07 1e+07 1e+07 1e+07 1e+07 1e+07 1e+07 1e+07 1e+07 1e+07 1e+07 1e+07 1e+07 1e+07 1e+07 1e+07 1e+07 1e+07 1e+07 1e+07 1e+07 1e+07 1e+07 9.85427e+06 1e+07 1e+07 1e+07 1e+07 1e+07 1e+07 1e+07 1e+07 7.68796e+06 5.66085e+06 1.50015e+06 1e+07 3.7475e+06 1.23614e+06 299507 209518 2.136e+06 389548 2.64477e+06 1.49305e+06 491429 4.92777e+06 167719 193044 343629 50452 23273 4888 11996 37856 2247 5299 8773 3735 4127 4666 8408 2190 1400 1231 1606 1021 1030 89 548 215 244 326 77 33 50 17 17 8 7 7 6 6 6 6 6 6 5 5 5 
0.125664 1e+07 1e+07 1e+07 1e+07 1e+07 1e+07 1e+07 1e+07 1e+07 1e+07 1e+07 1e+07 1e+07 1e+07 1e+07 1e+07 1e+07 1e+07 1e+07 1e+07 1e+07 1e+07 1e+07 1e+07 1e+07 1e+07 1e+07 1e+07 1e+07 1e+07 1e+07 9.07552e+06 1e+07 7.37586e+06 1e+07 1e+07 6.68518e+06 1e+07 1e+07 1e+07 1e+07 1e+07 1e+07 1e+07 1.94907e+06 770711 1.84374e+06 498829 633448 526335 222122 222529 1.41476e+06 170717 177487 1.61298e+06 155019 423954 599901 13464 47858 5094 7302 23305 3062 3150 7213 4656 1748 1900 1746 458 2775 871 24516 654 538 104 76 190 487 241 89 73 996 84 128 92 89 8 7 7 6 6 6 6 6 5 5 5 
0.141372 1e+07 1e+07 1e+07 1e+07 1e+07 1e+07 1e+07 1e+07 1e+07 1e+07 1e+07 1e+07 1e+07 1e+07 1e+07 1e+07 1e+07 1e+07 1e+07 1e+07 1e+07 1e+07 1e+07 1e+07 1e+07 1e+07 1e+07 1e+07 1e+07 1e+07 1e+07 1e+07 5.9029e+06 9.44302e+06 1e+07 1.56406e+06 5.8803e+06 1e+07 1e+07 1e+07 1e+07 1e+07 1e+07 1e+07 319792 518358 435431 439541 378173 561491 134955 252608 704841 1.13334e+06 196127 562610 1.04027e+06 60446 139081 17189 2.34065e+06 5781 7804 5209 2327 2422 1314 4758 11669 1705 549 1106 1231 5572 3862 3213 1207 924 559 461 61 91 98 88 125 48 146 16 53 9 7 7 6 6 6 6 6 6 5 5 
0.15708 1e+07 1e+07 1e+07 1e+07 1e+07 1e+07 1e+07 1e+07 1e+07 1e+07 1e+07 1e+07 1e+07 1e+07 1e+07 1e+07 1e+07 1e+07 1e+07 1e+07 1e+07 1e+07 1e+07 1e+07 1e+07 1e+07 1e+07 1e+07 1e+07 9.40895e+06 2.74989e+06 1e+07 2.35039e+06 1e+07 5.51529e+06 6.52589e+06 1e+07 1e+07 1e+07 1e+07 1e+07 1e+07 1e+07 9.1141e+06 1.31721e+06 5.16642e+06 83427 73629 4.06653e+06 206244 65605 118248 1.43412e+06 302666 95165 1.20438e+06 115572 25428 137639 20234 2785 10337 19748 2675 2657 4145 3072 9793 3601 3444 2014 1344 2563 829 4415 2546 455 213 368 105 127 189 214 427 439 67 436 321 100 235 8 7 7 6 6 6 6 6 5 5 
