epsilon_k[0] 0.0001
epsilon_k[1] 2.18e-05
epsilon_k[2] 7.08e-05
epsilon_k[3] 2.54e-05
epsilon_k[4] 1e-05
epsilon_k[5] 7.8e-06
epsilon_k[6] 2.18e-05
omega_x0 0.28
omega_y0 0.31
dx 0.001
epsilon 14
max_turns 10000000
from_y 400
to_y 480
0.4 19 19 19 19 20 20 20 21 21 22 23 24 26 32 82 97 280 597 227 890 391 282 78 569 55 50 49 49 49 52 321 947 777 863 828 921 312 797 876 126 97 865 1735 4371 820 859 846 2477 1718 47457 1770 16531 13894 19252 40893 4275 10417 41678 31331 20023 13908 89999 13805 44291 15645 11886 58462 10735 32746 5320 11280 17672 9532 8628 2585 1750 7819 2549 3476 27805 
0.401 18 18 19 19 19 19 20 20 20 21 21 22 23 24 26 39 183 96 164 714 866 302 119 105 79 369 51 49 49 49 50 55 1052 1746 288 81 133 636 142 133 1741 93 1775 884 759 884 1521 1157 1441 1790 7905 1832 2527 1665 4313 26052 19122 12422 5487 32954 15720 9612 1935 12931 2617 1893 44002 7902 12044 15714 17077 18487 5534 20171 28607 6422 1781 11458 4329 35463 
0.402 18 18 18 18 19 19 19 19 20 20 20 21 21 22 23 24 26 311 203 803 758 1440 844 404 101 331 257 55 50 49 48 49 50 81 2320 298 85 1684 91 3159 69 160 93 263 942 311 1785 993 765 2182 912 4936 12167 10125 7019 6060 6994 13062 8757 17112 26846 1895 2633 14042 10509 18822 40725 6379 6082 4653 10465 5080 3325 1910 6833 2618 1835 863 3192 1896 
0.403 18 18 18 18 18 18 19 19 19 19 20 20 20 21 21 22 23 24 27 277 73 124 555 379 202 905 964 77 317 51 49 48 48 49 52 922 1730 3253 230 813 1737 67 66 93 110 155 239 320 751 1599 3017 3758 2655 3708 5113 2616 9247 2337 6035 9701 3393 4666 1891 3318 3553 17093 2762 2501 2689 2874 4007 13131 4657 3214 5151 1598 2087 4910 1679 899 
0.404 17 17 18 18 18 18 18 18 19 19 19 19 20 20 20 21 21 22 23 24 27 55 1570 610 1024 137 230 159 106 1035 56 50 48 48 48 50 304 1734 724 77 1320 270 67 64 243 109 354 735 345 1747 2606 3607 2012 1475 2339 2102 4372 1984 3932 12383 3178 1479 1979 2049 3159 5077 2626 4381 1110 1195 7093 6100 1650 1655 3708 1755 4034 6254 1551 790 
0.405 17 17 17 17 18 18 18 18 18 18 19 19 19 19 20 20 20 21 22 22 23 25 29 103 95 362 931 135 224 201 81 163 51 49 48 48 48 51 887 1004 82 1668 189 68 63 123 121 142 391 280 2521 2712 3277 1291 2044 1147 1058 1747 556 911 2010 785 3913 1400 2610 1783 1714 1899 1810 1750 3739 2853 1725 2680 984 1786 7848 1115 1316 1527 
0.406 17 17 17 17 17 17 18 18 18 18 18 18 19 19 19 19 20 20 21 21 22 22 23 25 31 165 121 374 589 1118 475 604 77 60 49 48 48 48 49 322 593 107 79 88 550 62 917 109 108 169 883 1721 1730 2731 916 1108 883 660 1835 1521 1707 803 742 1403 1439 1174 1002 1167 2211 1028 1276 1019 921 7519 1412 1150 1343 852 778 9320 
0.407 17 17 17 17 17 17 17 17 18 18 18 18 18 18 19 19 19 19 20 20 21 21 22 23 24 26 276 70 162 138 544 383 277 103 103 51 48 48 47 48 50 125 498 76 215 252 62 100 105 108 136 947 860 2307 1379 871 154 929 169 660 496 143 279 843 900 877 1392 2616 952 869 866 914 917 990 831 1113 2762 940 1210 286 
0.408 16 16 17 17 17 17 17 17 17 17 18 18 18 18 18 18 19 19 19 20 20 20 21 21 22 23 24 27 57 794 159 303 375 172 117 77 85 49 48 47 47 49 57 228 165 519 508 62 65 107 107 194 1986 804 1115 901 158 212 365 80 80 79 80 207 621 229 430 1224 2606 1813 169 1149 564 429 984 885 868 211 899 292 
0.409 16 16 16 16 17 17 17 17 17 17 17 17 18 18 18 18 18 18 19 19 19 20 20 20 21 21 22 23 24 28 383 188 135 241 136 198 94 110 51 48 47 47 48 50 152 197 76 138 62 63 351 107 603 619 317 943 537 1503 80 245 290 100 392 163 365 79 239 153 594 1886 1826 453 450 95 658 223 1020 356 112 139 
0.41 16 16 16 16 16 16 17 17 17 17 17 17 17 17 18 18 18 18 18 19 19 19 19 20 20 20 21 21 22 23 25 30 69 152 315 134 229 357 291 745 49 48 47 47 48 56 160 75 89 63 62 676 108 189 301 995 326 154 80 94 426 70 68 69 271 817 94 640 79 330 325 666 725 97 112 338 96 140 1041 438 
0.411 16 16 16 16 16 16 16 16 17 17 17 17 17 17 17 17 18 18 18 18 18 19 19 19 19 20 20 20 21 22 22 24 26 93 149 436 111 119 504 118 77 52 48 47 47 47 50 122 103 446 66 61 90 235 285 860 810 224 80 124 67 66 67 67 66 65 65 68 294 105 78 161 573 249 756 84 81 115 122 138 
0.412 16 16 16 16 16 16 16 16 16 16 17 17 17 17 17 17 17 17 18 18 18 18 18 19 19 19 19 20 20 21 21 22 23 24 26 55 149 578 108 774 251 285 146 49 47 47 47 48 58 200 75 175 61 281 182 131 143 683 159 152 66 70 110 598 284 278 121 71 65 65 138 295 78 140 303 96 82 296 83 81 
0.413 16 16 16 16 16 16 16 16 16 16 16 16 17 17 17 17 17 17 17 17 18 18 18 18 18 19 19 19 19 20 20 21 21 22 23 24 28 76 927 978 272 134 173 76 52 48 47 47 47 50 314 75 397 61 68 80 309 226 291 83 68 350 112 107 44 44 48 89 111 108 67 64 73 279 80 195 368 83 224 180 
0.414 15 15 15 16 16 16 16 16 16 16 16 16 16 16 17 17 17 17 17 17 17 18 18 18 18 18 18 19 19 19 20 20 20 21 21 22 23 25 32 95 928 256 94 301 90 420 49 47 46 47 48 249 119 103 61 62 78 189 209 872 106 68 113 42 40 39 39 39 40 43 159 718 74 64 71 106 250 149 82 58 
0.415 15 15 15 15 15 16 16 16 16 16 16 16 16 16 16 16 17 17 17 17 17 17 17 18 18 18 18 18 18 19 19 19 20 20 20 21 22 22 24 26 59 1050 4740 107 93 579 79 52 48 47 46 47 50 144 74 64 61 78 118 508 325 75 141 42 39 38 38 37 37 38 39 40 74 111 180 63 114 77 146 96 
0.416 15 15 15 15 15 15 15 16 16 16 16 16 16 16 16 16 16 16 17 17 17 17 17 17 17 18 18 18 18 18 18 19 19 19 20 20 21 21 22 23 24 27 69 902 1775 118 93 280 419 49 47 46 46 48 94 77 129 60 158 118 416 144 66 48 39 38 37 37 36 36 37 37 38 39 47 113 71 63 844 80 
0.417 15 15 15 15 15 15 15 15 15 16 16 16 16 16 16 16 16 16 16 16 17 17 17 17 17 17 17 18 18 18 18 18 19 19 19 19 20 20 21 21 22 23 25 31 693 1888 279 94 113 102 52 47 46 46 47 50 135 115 60 90 126 97 138 72 41 38 37 36 36 36 36 36 36 36 37 39 49 186 66 64 
0.418 15 15 15 15 15 15 15 15 15 15 15 16 16 16 16 16 16 16 16 16 16 17 17 17 17 17 17 17 17 18 18 18 18 18 19 19 19 19 20 20 21 21 22 24 26 55 196 5343 106 208 396 93 49 47 46 46 48 295 74 61 69 131 113 130 91 39 37 36 36 35 35 35 35 35 36 36 37 39 545 125 
0.419 15 15 15 15 15 15 15 15 15 15 15 15 15 16 16 16 16 16 16 16 16 16 16 17 17 17 17 17 17 17 17 18 18 18 18 18 19 19 19 20 20 20 21 22 23 24 28 70 430 2051 91 141 90 52 47 46 46 47 52 82 64 61 156 174 98 199 39 37 36 35 35 35 34 34 35 35 35 36 37 39 
0.42 15 15 15 15 15 15 15 15 15 15 15 15 15 15 15 16 16 16 16 16 16 16 16 16 16 17 17 17 17 17 17 17 17 18 18 18 18 18 19 19 19 20 20 21 21 22 23 25 35 168 898 186 71 575 178 48 46 46 46 48 118 87 60 105 278 97 45 38 36 35 35 34 34 34 34 34 34 35 35 36 
0.421 14 15 15 15 15 15 15 15 15 15 15 15 15 15 15 15 15 16 16 16 16 16 16 16 16 16 16 17 17 17 17 17 17 17 18 18 18 18 18 19 19 19 19 20 20 21 21 22 24 26 94 201 697 132 67 89 51 47 46 46 47 133 74 59 76 222 138 43 37 36 35 34 34 34 34 34 34 34 34 35 
0.422 14 14 14 15 15 15 15 15 15 15 15 15 15 15 15 15 15 15 15 16 16 16 16 16 16 16 16 16 16 17 17 17 17 17 17 17 18 18 18 18 18 19 19 19 20 20 20 21 22 23 24 29 117 306 1775 73 98 94 48 46 46 46 49 197 61 91 74 188 42 37 36 35 34 34 34 33 33 33 33 34 
0.423 14 14 14 14 14 15 15 15 15 15 15 15 15 15 15 15 15 15 15 15 15 16 16 16 16 16 16 16 16 16 16 17 17 17 17 17 17 17 18 18 18 18 18 19 19 19 20 20 21 21 22 23 25 89 352 310 198 65 138 51 47 46 46 47 888 106 62 70 115 41 37 35 34 34 34 33 33 33 33 33 
0.424 14 14 14 14 14 14 14 14 15 15 15 15 15 15 15 15 15 15 15 15 15 15 15 16 16 16 16 16 16 16 16 16 16 17 17 17 17 17 17 17 18 18 18 18 18 19 19 19 20 20 21 22 22 24 27 85 899 283 157 68 138 48 46 45 46 52 75 60 103 58 41 37 35 34 34 33 33 33 33 33 
0.425 14 14 14 14 14 14 14 14 14 14 15 15 15 15 15 15 15 15 15 15 15 15 15 15 15 16 16 16 16 16 16 16 16 16 16 17 17 17 17 17 17 18 18 18 18 18 19 19 19 20 20 20 21 22 23 25 82 486 4365 841 64 117 50 46 45 46 48 119 59 127 56 41 37 35 34 34 33 33 33 33 
0.426 14 14 14 14 14 14 14 14 14 14 14 14 15 15 15 15 15 15 15 15 15 15 15 15 15 15 15 16 16 16 16 16 16 16 16 16 17 17 17 17 17 17 17 18 18 18 18 18 19 19 19 20 20 21 21 22 24 27 122 711 173 103 65 123 47 46 45 47 203 61 75 55 42 37 35 34 33 33 33 32 
0.427 14 14 14 14 14 14 14 14 14 14 14 14 14 14 15 15 15 15 15 15 15 15 15 15 15 15 15 15 15 16 16 16 16 16 16 16 16 16 17 17 17 17 17 17 17 18 18 18 18 18 19 19 19 20 20 21 22 23 25 31 783 936 324 63 91 49 46 45 46 50 227 73 55 44 37 35 34 33 33 32 
0.428 14 14 14 14 14 14 14 14 14 14 14 14 14 14 14 14 15 15 15 15 15 15 15 15 15 15 15 15 15 15 16 16 16 16 16 16 16 16 16 16 17 17 17 17 17 17 17 18 18 18 18 19 19 19 20 20 21 21 22 23 26 68 877 187 102 64 58 47 45 45 47 76 60 248 479 37 35 34 33 33 
0.429 14 14 14 14 14 14 14 14 14 14 14 14 14 14 14 14 14 14 15 15 15 15 15 15 15 15 15 15 15 15 15 15 16 16 16 16 16 16 16 16 16 16 17 17 17 17 17 17 18 18 18 18 18 19 19 19 20 20 21 22 23 24 30 633 683 121 63 91 48 45 45 46 391 59 69 112 37 35 34 33 
0.43 14 14 14 14 14 14 14 14 14 14 14 14 14 14 14 14 14 14 14 14 15 15 15 15 15 15 15 15 15 15 15 15 15 15 16 16 16 16 16 16 16 16 16 17 17 17 17 17 17 17 18 18 18 18 18 19 19 20 20 20 21 22 23 26 67 1756 341 87 64 51 46 45 45 49 64 84 70 37 35 34 
0.431 14 14 14 14 14 14 14 14 14 14 14 14 14 14 14 14 14 14 14 14 14 14 15 15 15 15 15 15 15 15 15 15 15 15 15 15 16 16 16 16 16 16 16 16 16 17 17 17 17 17 17 17 18 18 18 18 19 19 19 20 20 21 22 22 24 30 833 879 86 62 74 47 45 45 47 73 79 57 37 35 
0.432 13 13 14 14 14 14 14 14 14 14 14 14 14 14 14 14 14 14 14 14 14 14 14 14 15 15 15 15 15 15 15 15 15 15 15 15 15 15 16 16 16 16 16 16 16 16 16 17 17 17 17 17 17 18 18 18 18 18 19 19 19 20 20 21 22 23 26 104 860 177 68 64 49 45 45 46 326 60 53 38 
0.433 13 13 13 13 14 14 14 14 14 14 14 14 14 14 14 14 14 14 14 14 14 14 14 14 14 14 15 15 15 15 15 15 15 15 15 15 15 15 15 15 16 16 16 16 16 16 16 16 16 17 17 17 17 17 17 18 18 18 18 19 19 19 20 20 21 21 22 24 30 959 646 81 61 70 46 45 45 49 59 54 
0.434 13 13 13 13 13 13 13 14 14 14 14 14 14 14 14 14 14 14 14 14 14 14 14 14 14 14 14 14 15 15 15 15 15 15 15 15 15 15 15 15 15 16 16 16 16 16 16 16 16 16 17 17 17 17 17 17 17 18 18 18 18 19 19 19 20 20 21 22 23 26 127 826 119 64 894 47 45 45 47 81 
0.435 13 13 13 13 13 13 13 13 13 14 14 14 14 14 14 14 14 14 14 14 14 14 14 14 14 14 14 14 14 14 15 15 15 15 15 15 15 15 15 15 15 15 15 16 16 16 16 16 16 16 16 16 17 17 17 17 17 17 18 18 18 18 18 19 19 20 20 21 21 22 24 31 4349 647 83 61 51 45 45 46 
0.436 13 13 13 13 13 13 13 13 13 13 13 14 14 14 14 14 14 14 14 14 14 14 14 14 14 14 14 14 14 14 14 14 15 15 15 15 15 15 15 15 15 15 15 15 15 16 16 16 16 16 16 16 16 16 17 17 17 17 17 17 18 18 18 18 19 19 19 20 20 21 22 23 26 1746 827 110 62 74 46 45 
0.437 13 13 13 13 13 13 13 13 13 13 13 13 13 14 14 14 14 14 14 14 14 14 14 14 14 14 14 14 14 14 14 14 14 14 15 15 15 15 15 15 15 15 15 15 15 15 15 16 16 16 16 16 16 16 16 17 17 17 17 17 17 18 18 18 18 18 19 19 20 20 21 21 23 24 779 1732 132 103 62 48 
0.438 13 13 13 13 13 13 13 13 13 13 13 13 13 13 13 14 14 14 14 14 14 14 14 14 14 14 14 14 14 14 14 14 14 14 14 14 15 15 15 15 15 15 15 15 15 15 15 15 16 16 16 16 16 16 16 16 16 17 17 17 17 17 17 18 18 18 18 19 19 19 20 20 21 22 23 27 48 855 78 61 
0.439 13 13 13 13 13 13 13 13 13 13 13 13 13 13 13 13 13 13 14 14 14 14 14 14 14 14 14 14 14 14 14 14 14 14 14 14 14 14 15 15 15 15 15 15 15 15 15 15 15 15 16 16 16 16 16 16 16 16 16 17 17 17 17 17 17 18 18 18 18 19 19 20 20 21 22 23 25 53 844 94 
0.44 13 13 13 13 13 13 13 13 13 13 13 13 13 13 13 13 13 13 13 13 14 14 14 14 14 14 14 14 14 14 14 14 14 14 14 14 14 14 14 14 15 15 15 15 15 15 15 15 15 15 15 15 16 16 16 16 16 16 16 16 17 17 17 17 17 17 18 18 18 18 19 19 19 20 20 21 22 24 28 80 
0.441 13 13 13 13 13 13 13 13 13 13 13 13 13 13 13 13 13 13 13 13 13 13 14 14 14 14 14 14 14 14 14 14 14 14 14 14 14 14 14 14 14 15 15 15 15 15 15 15 15 15 15 15 15 15 16 16 16 16 16 16 16 16 17 17 17 17 17 17 18 18 18 18 19 19 20 20 21 22 23 25 
0.442 13 13 13 13 13 13 13 13 13 13 13 13 13 13 13 13 13 13 13 13 13 13 13 13 14 14 14 14 14 14 14 14 14 14 14 14 14 14 14 14 14 14 14 15 15 15 15 15 15 15 15 15 15 15 15 16 16 16 16 16 16 16 16 17 17 17 17 17 17 18 18 18 18 19 19 19 20 20 21 22 
0.443 13 13 13 13 13 13 13 13 13 13 13 13 13 13 13 13 13 13 13 13 13 13 13 13 13 13 14 14 14 14 14 14 14 14 14 14 14 14 14 14 14 14 14 14 14 15 15 15 15 15 15 15 15 15 15 15 15 16 16 16 16 16 16 16 16 17 17 17 17 17 17 18 18 18 18 19 19 20 20 21 
0.444 13 13 13 13 13 13 13 13 13 13 13 13 13 13 13 13 13 13 13 13 13 13 13 13 13 13 13 13 14 14 14 14 14 14 14 14 14 14 14 14 14 14 14 14 14 14 14 15 15 15 15 15 15 15 15 15 15 15 15 16 16 16 16 16 16 16 16 17 17 17 17 17 18 18 18 18 19 19 19 20 
0.445 13 13 13 13 13 13 13 13 13 13 13 13 13 13 13 13 13 13 13 13 13 13 13 13 13 13 13 13 13 13 14 14 14 14 14 14 14 14 14 14 14 14 14 14 14 14 14 14 14 15 15 15 15 15 15 15 15 15 15 15 16 16 16 16 16 16 16 16 17 17 17 17 17 17 18 18 18 18 19 19 
0.446 12 12 13 13 13 13 13 13 13 13 13 13 13 13 13 13 13 13 13 13 13 13 13 13 13 13 13 13 13 13 13 13 14 14 14 14 14 14 14 14 14 14 14 14 14 14 14 14 14 14 15 15 15 15 15 15 15 15 15 15 15 15 16 16 16 16 16 16 16 16 17 17 17 17 17 18 18 18 18 19 
0.447 12 12 12 12 13 13 13 13 13 13 13 13 13 13 13 13 13 13 13 13 13 13 13 13 13 13 13 13 13 13 13 13 13 13 14 14 14 14 14 14 14 14 14 14 14 14 14 14 14 14 14 14 15 15 15 15 15 15 15 15 15 15 15 15 16 16 16 16 16 16 16 17 17 17 17 17 17 18 18 18 
0.448 12 12 12 12 12 12 12 13 13 13 13 13 13 13 13 13 13 13 13 13 13 13 13 13 13 13 13 13 13 13 13 13 13 13 13 13 14 14 14 14 14 14 14 14 14 14 14 14 14 14 14 14 14 14 15 15 15 15 15 15 15 15 15 15 15 16 16 16 16 16 16 16 16 17 17 17 17 17 18 18 
0.449 12 12 12 12 12 12 12 12 12 13 13 13 13 13 13 13 13 13 13 13 13 13 13 13 13 13 13 13 13 13 13 13 13 13 13 13 13 13 14 14 14 14 14 14 14 14 14 14 14 14 14 14 14 14 14 14 15 15 15 15 15 15 15 15 15 15 15 16 16 16 16 16 16 16 17 17 17 17 17 17 
0.45 12 12 12 12 12 12 12 12 12 12 12 13 13 13 13 13 13 13 13 13 13 13 13 13 13 13 13 13 13 13 13 13 13 13 13 13 13 13 13 13 14 14 14 14 14 14 14 14 14 14 14 14 14 14 14 14 14 15 15 15 15 15 15 15 15 15 15 15 16 16 16 16 16 16 16 16 17 17 17 17 
0.451 12 12 12 12 12 12 12 12 12 12 12 12 12 12 13 13 13 13 13 13 13 13 13 13 13 13 13 13 13 13 13 13 13 13 13 13 13 13 13 13 13 13 14 14 14 14 14 14 14 14 14 14 14 14 14 14 14 14 14 15 15 15 15 15 15 15 15 15 15 15 16 16 16 16 16 16 16 17 17 17 
0.452 12 12 12 12 12 12 12 12 12 12 12 12 12 12 12 12 13 13 13 13 13 13 13 13 13 13 13 13 13 13 13 13 13 13 13 13 13 13 13 13 13 13 13 13 14 14 14 14 14 14 14 14 14 14 14 14 14 14 14 14 14 15 15 15 15 15 15 15 15 15 15 15 16 16 16 16 16 16 16 17 
0.453 12 12 12 12 12 12 12 12 12 12 12 12 12 12 12 12 12 12 13 13 13 13 13 13 13 13 13 13 13 13 13 13 13 13 13 13 13 13 13 13 13 13 13 13 13 13 14 14 14 14 14 14 14 14 14 14 14 14 14 14 14 14 14 15 15 15 15 15 15 15 15 15 15 16 16 16 16 16 16 16 
0.454 12 12 12 12 12 12 12 12 12 12 12 12 12 12 12 12 12 12 12 12 13 13 13 13 13 13 13 13 13 13 13 13 13 13 13 13 13 13 13 13 13 13 13 13 13 13 13 13 14 14 14 14 14 14 14 14 14 14 14 14 14 14 14 14 15 15 15 15 15 15 15 15 15 15 15 16 16 16 16 16 
0.455 12 12 12 12 12 12 12 12 12 12 12 12 12 12 12 12 12 12 12 12 12 12 12 13 13 13 13 13 13 13 13 13 13 13 13 13 13 13 13 13 13 13 13 13 13 13 13 13 13 14 14 14 14 14 14 14 14 14 14 14 14 14 14 14 14 14 15 15 15 15 15 15 15 15 15 15 16 16 16 16 
0.456 12 12 12 12 12 12 12 12 12 12 12 12 12 12 12 12 12 12 12 12 12 12 12 12 12 13 13 13 13 13 13 13 13 13 13 13 13 13 13 13 13 13 13 13 13 13 13 13 13 13 13 14 14 14 14 14 14 14 14 14 14 14 14 14 14 14 14 14 15 15 15 15 15 15 15 15 15 15 16 16 
0.457 12 12 12 12 12 12 12 12 12 12 12 12 12 12 12 12 12 12 12 12 12 12 12 12 12 12 12 13 13 13 13 13 13 13 13 13 13 13 13 13 13 13 13 13 13 13 13 13 13 13 13 13 13 14 14 14 14 14 14 14 14 14 14 14 14 14 14 14 14 15 15 15 15 15 15 15 15 15 15 16 
0.458 12 12 12 12 12 12 12 12 12 12 12 12 12 12 12 12 12 12 12 12 12 12 12 12 12 12 12 12 12 13 13 13 13 13 13 13 13 13 13 13 13 13 13 13 13 13 13 13 13 13 13 13 13 13 13 14 14 14 14 14 14 14 14 14 14 14 14 14 14 14 14 15 15 15 15 15 15 15 15 15 
0.459 12 12 12 12 12 12 12 12 12 12 12 12 12 12 12 12 12 12 12 12 12 12 12 12 12 12 12 12 12 12 12 13 13 13 13 13 13 13 13 13 13 13 13 13 13 13 13 13 13 13 13 13 13 13 13 13 13 14 14 14 14 14 14 14 14 14 14 14 14 14 14 14 15 15 15 15 15 15 15 15 
0.46 12 12 12 12 12 12 12 12 12 12 12 12 12 12 12 12 12 12 12 12 12 12 12 12 12 12 12 12 12 12 12 12 12 13 13 13 13 13 13 13 13 13 13 13 13 13 13 13 13 13 13 13 13 13 13 13 13 13 14 14 14 14 14 14 14 14 14 14 14 14 14 14 14 14 15 15 15 15 15 15 
0.461 12 12 12 12 12 12 12 12 12 12 12 12 12 12 12 12 12 12 12 12 12 12 12 12 12 12 12 12 12 12 12 12 12 12 12 13 13 13 13 13 13 13 13 13 13 13 13 13 13 13 13 13 13 13 13 13 13 13 13 13 14 14 14 14 14 14 14 14 14 14 14 14 14 14 14 14 15 15 15 15 
0.462 12 12 12 12 12 12 12 12 12 12 12 12 12 12 12 12 12 12 12 12 12 12 12 12 12 12 12 12 12 12 12 12 12 12 12 12 12 13 13 13 13 13 13 13 13 13 13 13 13 13 13 13 13 13 13 13 13 13 13 13 13 13 14 14 14 14 14 14 14 14 14 14 14 14 14 14 14 15 15 15 
0.463 12 12 12 12 12 12 12 12 12 12 12 12 12 12 12 12 12 12 12 12 12 12 12 12 12 12 12 12 12 12 12 12 12 12 12 12 12 12 12 13 13 13 13 13 13 13 13 13 13 13 13 13 13 13 13 13 13 13 13 13 13 13 13 13 14 14 14 14 14 14 14 14 14 14 14 14 14 14 14 15 
0.464 11 12 12 12 12 12 12 12 12 12 12 12 12 12 12 12 12 12 12 12 12 12 12 12 12 12 12 12 12 12 12 12 12 12 12 12 12 12 12 12 12 13 13 13 13 13 13 13 13 13 13 13 13 13 13 13 13 13 13 13 13 13 13 13 13 14 14 14 14 14 14 14 14 14 14 14 14 14 14 14 
0.465 11 11 11 12 12 12 12 12 12 12 12 12 12 12 12 12 12 12 12 12 12 12 12 12 12 12 12 12 12 12 12 12 12 12 12 12 12 12 12 12 12 12 12 13 13 13 13 13 13 13 13 13 13 13 13 13 13 13 13 13 13 13 13 13 13 13 13 14 14 14 14 14 14 14 14 14 14 14 14 14 
0.466 11 11 11 11 11 11 12 12 12 12 12 12 12 12 12 12 12 12 12 12 12 12 12 12 12 12 12 12 12 12 12 12 12 12 12 12 12 12 12 12 12 12 12 12 12 13 13 13 13 13 13 13 13 13 13 13 13 13 13 13 13 13 13 13 13 13 13 13 13 14 14 14 14 14 14 14 14 14 14 14 
0.467 11 11 11 11 11 11 11 11 12 12 12 12 12 12 12 12 12 12 12 12 12 12 12 12 12 12 12 12 12 12 12 12 12 12 12 12 12 12 12 12 12 12 12 12 12 12 12 13 13 13 13 13 13 13 13 13 13 13 13 13 13 13 13 13 13 13 13 13 13 13 13 14 14 14 14 14 14 14 14 14 
0.468 11 11 11 11 11 11 11 11 11 11 11 12 12 12 12 12 12 12 12 12 12 12 12 12 12 12 12 12 12 12 12 12 12 12 12 12 12 12 12 12 12 12 12 12 12 12 12 12 12 13 13 13 13 13 13 13 13 13 13 13 13 13 13 13 13 13 13 13 13 13 13 13 14 14 14 14 14 14 14 14 
0.469 11 11 11 11 11 11 11 11 11 11 11 11 11 12 12 12 12 12 12 12 12 12 12 12 12 12 12 12 12 12 12 12 12 12 12 12 12 12 12 12 12 12 12 12 12 12 12 12 12 12 12 13 13 13 13 13 13 13 13 13 13 13 13 13 13 13 13 13 13 13 13 13 13 13 14 14 14 14 14 14 
0.47 11 11 11 11 11 11 11 11 11 11 11 11 11 11 11 11 12 12 12 12 12 12 12 12 12 12 12 12 12 12 12 12 12 12 12 12 12 12 12 12 12 12 12 12 12 12 12 12 12 12 12 12 12 13 13 13 13 13 13 13 13 13 13 13 13 13 13 13 13 13 13 13 13 13 13 13 14 14 14 14 
0.471 11 11 11 11 11 11 11 11 11 11 11 11 11 11 11 11 11 11 12 12 12 12 12 12 12 12 12 12 12 12 12 12 12 12 12 12 12 12 12 12 12 12 12 12 12 12 12 12 12 12 12 12 12 12 12 13 13 13 13 13 13 13 13 13 13 13 13 13 13 13 13 13 13 13 13 13 13 14 14 14 
0.472 11 11 11 11 11 11 11 11 11 11 11 11 11 11 11 11 11 11 11 11 12 12 12 12 12 12 12 12 12 12 12 12 12 12 12 12 12 12 12 12 12 12 12 12 12 12 12 12 12 12 12 12 12 12 12 12 12 13 13 13 13 13 13 13 13 13 13 13 13 13 13 13 13 13 13 13 13 13 13 14 
0.473 11 11 11 11 11 11 11 11 11 11 11 11 11 11 11 11 11 11 11 11 11 11 11 12 12 12 12 12 12 12 12 12 12 12 12 12 12 12 12 12 12 12 12 12 12 12 12 12 12 12 12 12 12 12 12 12 12 12 12 13 13 13 13 13 13 13 13 13 13 13 13 13 13 13 13 13 13 13 13 13 
0.474 11 11 11 11 11 11 11 11 11 11 11 11 11 11 11 11 11 11 11 11 11 11 11 11 11 12 12 12 12 12 12 12 12 12 12 12 12 12 12 12 12 12 12 12 12 12 12 12 12 12 12 12 12 12 12 12 12 12 12 12 12 13 13 13 13 13 13 13 13 13 13 13 13 13 13 13 13 13 13 13 
0.475 11 11 11 11 11 11 11 11 11 11 11 11 11 11 11 11 11 11 11 11 11 11 11 11 11 11 11 12 12 12 12 12 12 12 12 12 12 12 12 12 12 12 12 12 12 12 12 12 12 12 12 12 12 12 12 12 12 12 12 12 12 12 13 13 13 13 13 13 13 13 13 13 13 13 13 13 13 13 13 13 
0.476 11 11 11 11 11 11 11 11 11 11 11 11 11 11 11 11 11 11 11 11 11 11 11 11 11 11 11 11 11 11 12 12 12 12 12 12 12 12 12 12 12 12 12 12 12 12 12 12 12 12 12 12 12 12 12 12 12 12 12 12 12 12 12 12 13 13 13 13 13 13 13 13 13 13 13 13 13 13 13 13 
0.477 11 11 11 11 11 11 11 11 11 11 11 11 11 11 11 11 11 11 11 11 11 11 11 11 11 11 11 11 11 11 11 11 12 12 12 12 12 12 12 12 12 12 12 12 12 12 12 12 12 12 12 12 12 12 12 12 12 12 12 12 12 12 12 12 12 12 13 13 13 13 13 13 13 13 13 13 13 13 13 13 
0.478 11 11 11 11 11 11 11 11 11 11 11 11 11 11 11 11 11 11 11 11 11 11 11 11 11 11 11 11 11 11 11 11 11 11 12 12 12 12 12 12 12 12 12 12 12 12 12 12 12 12 12 12 12 12 12 12 12 12 12 12 12 12 12 12 12 12 12 12 13 13 13 13 13 13 13 13 13 13 13 13 
0.479 11 11 11 11 11 11 11 11 11 11 11 11 11 11 11 11 11 11 11 11 11 11 11 11 11 11 11 11 11 11 11 11 11 11 11 11 12 12 12 12 12 12 12 12 12 12 12 12 12 12 12 12 12 12 12 12 12 12 12 12 12 12 12 12 12 12 12 12 12 12 13 13 13 13 13 13 13 13 13 13 
