epsilon_k[0] 0.0001
epsilon_k[1] 2.18e-05
epsilon_k[2] 7.08e-05
epsilon_k[3] 2.54e-05
epsilon_k[4] 1e-05
epsilon_k[5] 7.8e-06
epsilon_k[6] 2.18e-05
omega_x0 0.168
omega_y0 0.201
dx 0.01
epsilon 14
max_turns 10000000
from_y 40
to_y 48
0.4 1e+07 1e+07 1e+07 1e+07 1e+07 1e+07 1e+07 7.3716e+06 1.56148e+06 1.56148e+06 426229 321077 321077 321077 31405 31405 27356 27356 26463 19931 19931 15334 12906 3048 3048 2105 2105 2105 2105 2105 2105 2105 2105 2105 2105 2105 1274 1274 1274 1274 508 
0.41 1e+07 1e+07 1e+07 1e+07 1e+07 1e+07 1e+07 9.75753e+06 2.92763e+06 2.92763e+06 540615 385646 385646 135469 7309 7309 7309 7309 7309 7309 7309 7309 5707 5707 5707 5707 5707 5707 4266 4266 4266 1153 1153 1153 1153 1153 1153 318 
0.42 1e+07 1e+07 1e+07 1e+07 1e+07 1e+07 9.07874e+06 1.85308e+06 1.16033e+06 446234 446234 113601 113601 53053 53053 28330 20843 15273 7294 7294 3980 3980 3980 3980 1295 1295 1295 1295 1295 1295 1295 1218 1218 1218 273 
0.43 1e+07 1e+07 1e+07 1e+07 1e+07 4.27646e+06 1.42006e+06 1.42006e+06 1.42006e+06 1.42006e+06 125255 125255 16855 12933 12933 12933 3827 2882 2882 2882 2532 1971 1971 1971 1971 1402 1402 1402 1402 1402 1402 1402 1402 1402 411 
0.44 1e+07 1e+07 1e+07 1e+07 1e+07 6.9337e+06 730283 703128 233731 233731 233731 38165 38165 14573 14573 11840 2989 2989 2989 2989 1842 1842 1842 1842 1842 604 
0.45 1e+07 1e+07 1e+07 1e+07 5.01022e+06 2.70546e+06 573482 305836 305836 305836 61604 61604 10742 10742 9726 4668 4668 4668 620 
0.46 1e+07 1e+07 1e+07 1.31141e+06 1.31141e+06 288529 288529 158113 158113 35482 35482 7676 7676 7676 2018 2018 2018 2018 2018 2018 429 
0.47 5.30615e+06 3.55264e+06 1.35806e+06 1.35806e+06 1.35806e+06 1.23402e+06 1.0326e+06 61485 44518 44518 44518 5037 5037 5037 5037 5037 884 
