epsilon_k[0]0.1
epsilon_k[0]2.18e-05
epsilon_k[0]7.08e-05
epsilon_k[0]2.54e-05
epsilon_k[0]1e-05
epsilon_k[0]7.8e-06
epsilon_k[0]0.218
omega_x01.05558
omega_y01.26292
dx 0.01
n_theta 100
dtheta 0.00785398
epsilon 32
max_turns 10000000
from_angle 56
to_angle 64
0.439823 1e+07 84239 6188 4077 2521 2521 1275 744 
0.447677 1e+07 84083 6151 4078 2136 2136 1181 662 
0.455531 1e+07 59609 6206 4079 2087 2087 1177 649 
0.463385 1e+07 60148 6166 4081 2043 2043 1078 645 
0.471239 1e+07 51707 6101 4079 2037 2037 1102 642 
0.479093 1e+07 53355 6105 4081 2023 2023 1094 642 
0.486947 1e+07 52047 6213 4126 2008 2008 1095 642 
0.494801 1e+07 51564 6105 4732 1990 1990 1095 642 
