epsilon_k[0] 0.1
epsilon_k[0] 2.18e-05
epsilon_k[0] 7.08e-05
epsilon_k[0] 2.54e-05
epsilon_k[0] 1e-05
epsilon_k[0] 7.8e-06
epsilon_k[0] 0.218
omega_x0 0.28
omega_y0 0.31
dx 0.01
n_theta 100
dtheta 0.00785398
epsilon 10
max_turns 10000000
from_angle 88
to_angle 96
0.69115 1e+07 82534 21777 11879 9745 5258 857 
0.699004 1e+07 89393 21861 11760 9650 6369 844 
0.706858 1e+07 84480 21730 12153 9674 8325 842 
0.714712 1e+07 86322 21817 10529 9649 5899 992 
0.722566 1e+07 88664 22912 10203 9689 9689 832 
0.73042 1e+07 91126 22126 10901 9839 6053 799 
0.738274 1e+07 98851 21002 9970 9914 5190 797 
0.746128 1e+07 100677 20835 9477 9477 6060 797 
0.753982 1e+07 99090 20243 9327 9327 6681 796 
