epsilon_k[0] 0.0001
epsilon_k[1] 2.18e-05
epsilon_k[2] 7.08e-05
epsilon_k[3] 2.54e-05
epsilon_k[4] 1e-05
epsilon_k[5] 7.8e-06
epsilon_k[6] 2.18e-05
omega_x0 0.168
omega_y0 0.201
dx 0.01
epsilon 64
max_turns 10000000
from_y 40
to_y 48
0.4 2.67966e+06 5.13151e+06 1.09562e+06 592230 817848 2.11593e+06 1.96723e+06 70383 1.36736e+06 201689 66883 277806 27606 48697 40004 17660 18319 10385 7801 4251 3829 4023 7110 3329 6695 1859 5403 3441 4299 2640 2805 5480 6324 964 2789 1687 4631 3510 2836 141 588 252 234 434 266 498 1098 65 55 1512 149 384 164 865 304 164 289 210 717 107 524 131 63 188 130 46 27 27 39 40 40 67 46 87 69 406 29 247 33 28 
0.41 833346 4.91707e+06 536635 392510 278733 1.87615e+06 142811 198007 196045 147378 235370 26676 66593 7998 12459 5387 4475 11940 4408 9823 27281 1085 2069 9740 881 1445 1503 27688 1485 2507 8538 2825 1468 1177 3065 1473 1452 588 189 3061 664 2420 369 268 607 381 185 182 2135 228 75 345 109 134 308 49 259 322 80 62 156 80 33 53 100 38 56 64 28 31 67 50 85 224 69 73 72 48 157 42 
0.42 1.33092e+06 1.94865e+06 1.07739e+06 683706 1.32316e+06 520026 160125 56792 66029 1.83015e+06 34237 17451 18254 10302 27860 7548 4073 8505 3083 4624 4515 5554 4637 1805 1958 1446 2096 304090 1149 2481 851 8974 1797 1239 3336 549 2892 1059 409 228 180 565 968 2084 253 141 684 162 734 191 343 148 437 782 32 108 60 208 605 100 65 65 38 71 110 36 59 27 38 28 118 63 67 79 87 55 46 49 151 45 
0.43 849220 2.42042e+06 155098 1.45508e+06 142425 227348 937439 220654 25156 69570 104240 72095 12241 5026 111602 81610 4011 4251 19022 1909 2297 5531 2677 2904 830 11713 1628 3714 570 669 535 803 1046 1031 449 1156 584 610 176 95 294 1874 93 133 134 115 263 148 84 160 64 294 94 194 26 47 168 49 240 129 135 209 111 67 161 298 90 21 52 72 31 30 41 74 52 48 30 17 16 18 
0.44 1.26498e+06 804843 1.15315e+06 910704 783129 245882 466718 229535 37424 19866 3555 8730 35500 8369 4460 4437 1459 2214 2661 7536 2177 13429 1389 1214 5165 1322 3382 644 2877 1015 709 7572 540 4009 850 4111 240 157 218 869 547 150 828 97 353 511 178 149 59 32 75 131 84 70 25 36 57 25 46 156 165 116 142 118 86 213 40 49 21 31 28 31 131 56 30 21 18 17 18 17 
0.45 1.40905e+06 4.9782e+06 264147 55720 178546 71455 26975 177484 26146 3569 15938 18636 3496 7211 2978 2228 6158 2245 1851 3457 1011 9476 82205 1024 6887 417 1663 1574 951 1895 3082 751 489 2051 317 2560 312 433 171 274 1239 1987 88 45 171 55 115 45 44 62 997 57 952 69 64 92 18 54 23 65 114 54 125 92 119 384 483 107 143 20 64 234 36 106 39 18 24 59 45 22 
0.46 1.23834e+06 352789 244109 69624 61706 150423 79366 40699 36315 10710 6079 3587 10189 9169 12453 1824 1832 2418 1020 1404 6185 2991 2188 935 554 447 428 1078 704 1853 10276 1038 591 1098 971 5417 208 222 170 544 1833 55 53 102 577 107 323 373 112 348 106 60 106 426 38 30 67 18 28 26 119 70 75 120 34 149 62 47 55 32 36 50 32 67 19 44 68 19 19 16 
0.47 4.79054e+06 435287 327735 59535 745880 1.07804e+06 26129 8741 28722 917 7017 15050 11420 1259 1502 11091 2124 1798 15288 4084 1083 1854 1417 2850 267 776 51911 999 1857 2560 2408 1080 9716 253 2130 366 307 222 197 89 27 212 83 169 84 39 125 90 19 19 22 22 19 41 196 49 36 38 19 17 80 104 25 98 31 64 108 47 29 28 20 23 40 73 19 64 56 28 33 21 
