epsilon_k[0] 0.1
epsilon_k[0] 2.18e-05
epsilon_k[0] 7.08e-05
epsilon_k[0] 2.54e-05
epsilon_k[0] 1e-05
epsilon_k[0] 7.8e-06
epsilon_k[0] 0.218
omega_x0 0.31
omega_y0 0.32
dx 0.01
n_theta 100
dtheta 0.00785398
epsilon 6
max_turns 10000000
from_angle 48
to_angle 56
0.376991 1e+07 1e+07 10687 4537 4537 3165 1215 720 
0.384845 1e+07 1e+07 10959 4537 4537 3067 1159 718 
0.392699 1e+07 1e+07 11053 4537 4537 2818 1150 716 
0.400553 1e+07 1e+07 10653 4537 4536 2800 1194 715 
0.408407 1e+07 1e+07 10808 4538 4536 2608 1161 715 
0.416261 1e+07 1e+07 11010 4538 4536 2928 1190 719 
0.424115 1e+07 1e+07 10947 4538 4535 2994 1260 711 
0.431969 1e+07 1e+07 11119 4538 4535 2763 1500 705 
