epsilon_k[0] 0.0001
epsilon_k[1] 2.18e-05
epsilon_k[2] 7.08e-05
epsilon_k[3] 2.54e-05
epsilon_k[4] 1e-05
epsilon_k[5] 7.8e-06
epsilon_k[6] 2.18e-05
omega_x0 0.168
omega_y0 0.201
dx 0.01
epsilon 10
max_turns 10000000
from_y 40
to_y 48
0.4 1e+07 1e+07 1e+07 1e+07 1e+07 1e+07 6.91289e+06 1e+07 1e+07 1e+07 1e+07 2.04802e+06 449010 98573 205914 22753 33626 608503 807649 13124 160415 8457 2627 42188 13723 1971 93788 4371 7657 2727 3540 4318 1657 1863 3682 2060 7703 1778 19896 7956 527 1817 546 113 2872 321 137 413 414 377 176 71 54 68 1725 341 215 116 503 75 157 48 62 27 38 38 37 106 125 37 138 80 72 433 63 80 40 28 31 58 
0.41 1e+07 1e+07 1e+07 1e+07 1e+07 1e+07 1e+07 9.94588e+06 2.9485e+06 973537 617013 481799 247370 116028 440023 84034 31431 56581 13482 3492 9453 20492 2994 1809 6563 1484 2506 5566 2931 6266 30349 4097 2553 902 991 1632 761 1256 324 1159 4129 1942 310 151 62 547 51 132 645 713 235 140 517 45 51 172 295 558 128 210 114 39 245 206 28 48 28 47 293 310 36 199 557 95 57 33 228 50 29 72 
0.42 1e+07 1e+07 1e+07 9.88178e+06 1e+07 2.5095e+06 1e+07 1e+07 977568 696476 627911 149766 1.12835e+06 8764 220198 49063 11117 5823 18048 17534 9345 2394 4022 1247 75194 3025 4297 2167 2674 9738 119183 3046 5079 9217 1125 1113 1343 283 1359 3637 581 301 2875 346 666 80 69 1120 415 83 87 248 68 13646 81 153 267 3311 164 170 268 39 122 57 41 34 29 41 61 41 34 72 90 84 31 37 34 40 45 28 
0.43 1e+07 1e+07 1e+07 1e+07 1e+07 1e+07 2.37229e+06 2.12529e+06 1.44348e+06 238530 66130 30230 16619 22548 12362 12136 11413 13031 3253 2373 1558 9385 2909 1812 2590 1753 8752 1912 5064 2238 3676 1406 432 2052 1391 306 1399 95 234 161 58 306 39 71 75 434 223 106 32 131 145 125 93 34 91 44 137 241 291 60 108 39 86 28 28 105 60 76 42 37 53 498 56 30 35 25 23 17 15 18 
0.44 1e+07 1e+07 1e+07 1e+07 1e+07 8.52464e+06 1.45198e+06 344438 596836 195250 40921 252449 4.35339e+06 3057 45688 22464 5662 3353 1616 1531 1552 2210 2506 6847 1767 1182 1778 9168 1614 2183 1142 10247 1298 664 1401 354 546 241 279 466 213 113 571 164 1147 316 74 156 77 116 118 60 30 70 25 46 154 97 87 162 63 138 91 259 123 32 61 25 51 58 48 42 27 95 22 18 51 73 24 18 
0.45 1e+07 1e+07 5.22187e+06 4.83096e+06 1.88531e+06 6.30693e+06 2.59887e+06 520309 363186 50446 313306 22546 13467 16432 137293 21532 7842 25782 4218 2045 5854 561 1728 834 2851 3241 3743 17666 3278 1630 4004 2140 2195 278 401 135 732 1018 128 108 160 39 264 62 99 58 94 447 145 129 142 1432 161 38 49 52 20 68 119 158 103 71 43 90 150 83 29 40 71 58 36 43 66 29 20 63 38 19 19 22 
0.46 1e+07 6.96226e+06 3.6224e+06 1e+07 1.25836e+06 2.23412e+06 461571 311282 83597 87327 198121 3489 6656 3404 37154 2536 62161 4119 1340 21235 3014 7392 1287 714 2735 1207 2672 11328 4535 3555 5885 832 539 314 693 203 157 48 83 192 204 20 28 110 119 146 55 100 35 19 20 209 153 224 262 217 26 18 55 123 39 80 94 69 62 102 51 190 94 58 35 42 25 29 23 35 19 21 17 38 
0.47 4.6477e+06 5.36883e+06 1e+07 2.83344e+06 6.76104e+06 422290 1.27759e+06 60881 6646 56622 159860 5049 6371 7996 2323 2972 5028 1555 2392 3281 6546 2490 3730 5926 3942 10832 1420 2105 14041 884 635 7031 602 317 126 94 138 488 166 277 47 19 53 88 175 47 45 19 281 117 179 276 25 19 140 105 1712 219 18 24 84 32 24 60 35 67 98 76 70 42 22 31 60 19 33 19 18 239 19 11 
