epsilon_k[0] 0.0001
epsilon_k[1] 2.18e-05
epsilon_k[2] 7.08e-05
epsilon_k[3] 2.54e-05
epsilon_k[4] 1e-05
epsilon_k[5] 7.8e-06
epsilon_k[6] 2.18e-05
omega_x0 0.168
omega_y0 0.201
dx 0.01
n_theta 100
dtheta 0.015708
epsilon 28
max_turns 10000000
from_angle 40
to_angle 50
0.628319 1e+07 1e+07 1e+07 1e+07 1e+07 1e+07 1e+07 1e+07 1e+07 1e+07 1e+07 1e+07 1e+07 1e+07 1e+07 1e+07 1e+07 1e+07 1e+07 1e+07 1e+07 1e+07 1e+07 1e+07 1e+07 1e+07 1e+07 1e+07 1e+07 1e+07 1e+07 1e+07 1e+07 1e+07 1e+07 1e+07 1e+07 1e+07 1e+07 1e+07 1e+07 3.57057e+06 3.57057e+06 3.57057e+06 712605 687186 687186 331426 331426 331426 68184 68184 6773 6773 3384 3384 3384 1594 518 
0.644026 1e+07 1e+07 1e+07 1e+07 1e+07 1e+07 1e+07 1e+07 1e+07 1e+07 1e+07 1e+07 1e+07 1e+07 1e+07 1e+07 1e+07 1e+07 1e+07 1e+07 1e+07 1e+07 1e+07 1e+07 1e+07 1e+07 1e+07 1e+07 1e+07 1e+07 1e+07 1e+07 1e+07 1e+07 1e+07 8.67884e+06 3.40037e+06 3.40037e+06 3.40037e+06 3.40037e+06 3.40037e+06 3.40037e+06 3.40037e+06 3.40037e+06 1.28366e+06 802594 802594 216214 216214 49248 24392 24392 19999 6727 4828 4828 2448 2448 946 
0.659734 1e+07 1e+07 1e+07 1e+07 1e+07 1e+07 1e+07 1e+07 1e+07 1e+07 1e+07 1e+07 1e+07 1e+07 1e+07 1e+07 1e+07 1e+07 1e+07 1e+07 1e+07 1e+07 1e+07 1e+07 1e+07 1e+07 1e+07 1e+07 1e+07 1e+07 1e+07 1e+07 1e+07 1e+07 1e+07 1e+07 1e+07 1.87056e+06 1.87056e+06 1.87056e+06 1.87056e+06 1.87056e+06 1.87056e+06 1.87056e+06 1.87056e+06 595623 595623 595623 85775 27590 27590 9307 9307 9307 5443 5443 1220 1220 1001 621 
0.675442 1e+07 1e+07 1e+07 1e+07 1e+07 1e+07 1e+07 1e+07 1e+07 1e+07 1e+07 1e+07 1e+07 1e+07 1e+07 1e+07 1e+07 1e+07 1e+07 1e+07 1e+07 1e+07 1e+07 1e+07 1e+07 1e+07 1e+07 1e+07 1e+07 1e+07 1e+07 1e+07 1e+07 1e+07 5.30391e+06 5.30391e+06 5.30391e+06 5.30391e+06 3.87553e+06 2.9635e+06 848378 848378 848378 848378 848378 848378 630887 630887 224742 26352 26352 26352 3166 3166 3166 3166 2245 816 
0.69115 1e+07 1e+07 1e+07 1e+07 1e+07 1e+07 1e+07 1e+07 1e+07 1e+07 1e+07 1e+07 1e+07 1e+07 1e+07 1e+07 1e+07 1e+07 1e+07 1e+07 1e+07 1e+07 1e+07 1e+07 1e+07 1e+07 1e+07 1e+07 1e+07 1e+07 1e+07 1e+07 7.73326e+06 7.73326e+06 7.73326e+06 4.16188e+06 4.16188e+06 4.16188e+06 4.16188e+06 4.16188e+06 4.16188e+06 4.16188e+06 857249 857249 742782 369211 369211 369211 40116 40116 30515 30515 1291 1291 1291 1291 874 
0.706858 1e+07 1e+07 1e+07 1e+07 1e+07 1e+07 1e+07 1e+07 1e+07 1e+07 1e+07 1e+07 1e+07 1e+07 1e+07 1e+07 1e+07 1e+07 1e+07 1e+07 1e+07 1e+07 1e+07 1e+07 1e+07 1e+07 1e+07 1e+07 1e+07 1e+07 1e+07 1e+07 1e+07 4.66374e+06 4.66374e+06 4.66374e+06 4.66374e+06 4.66374e+06 4.66374e+06 4.66374e+06 4.66374e+06 4.66374e+06 1.02505e+06 603370 603370 603370 603370 96834 96834 82469 15477 5082 5082 5082 3192 1025 790 
0.722566 1e+07 1e+07 1e+07 1e+07 1e+07 1e+07 1e+07 1e+07 1e+07 1e+07 1e+07 1e+07 1e+07 1e+07 1e+07 1e+07 1e+07 1e+07 1e+07 1e+07 1e+07 1e+07 1e+07 1e+07 1e+07 1e+07 1e+07 1e+07 1e+07 1e+07 1e+07 1e+07 1e+07 1e+07 1e+07 2.15819e+06 2.15819e+06 2.15819e+06 2.15819e+06 2.15819e+06 2.15819e+06 2.15819e+06 281461 281461 281461 172389 37297 37297 13870 13870 13870 6759 6374 1490 1490 1298 1298 435 
0.738274 1e+07 1e+07 1e+07 1e+07 1e+07 1e+07 1e+07 1e+07 1e+07 1e+07 1e+07 1e+07 1e+07 1e+07 1e+07 1e+07 1e+07 1e+07 1e+07 1e+07 1e+07 1e+07 1e+07 1e+07 1e+07 1e+07 1e+07 1e+07 1e+07 1e+07 1e+07 1e+07 1e+07 9.9451e+06 9.9451e+06 8.42037e+06 8.42037e+06 4.63465e+06 4.63465e+06 4.63465e+06 4.63465e+06 4.35965e+06 1.29288e+06 1.29288e+06 1.29288e+06 166110 48101 48101 37259 37259 10748 10748 3715 2659 780 
0.753982 1e+07 1e+07 1e+07 1e+07 1e+07 1e+07 1e+07 1e+07 1e+07 1e+07 1e+07 1e+07 1e+07 1e+07 1e+07 1e+07 1e+07 1e+07 1e+07 1e+07 1e+07 1e+07 1e+07 1e+07 1e+07 1e+07 1e+07 1e+07 1e+07 1e+07 8.68547e+06 5.09227e+06 5.09227e+06 5.09227e+06 5.09227e+06 5.09227e+06 5.09227e+06 5.09227e+06 3.6872e+06 1.20962e+06 697464 697464 200369 200369 127318 127318 61280 61280 45450 11153 7774 7774 7774 7774 1286 1286 1286 1286 1286 690 
0.76969 1e+07 1e+07 1e+07 1e+07 1e+07 1e+07 1e+07 1e+07 1e+07 1e+07 1e+07 1e+07 1e+07 1e+07 1e+07 1e+07 1e+07 1e+07 1e+07 1e+07 1e+07 1e+07 1e+07 1e+07 1e+07 1e+07 1e+07 1e+07 1e+07 1e+07 1e+07 1e+07 1e+07 2.36879e+06 2.36879e+06 2.36879e+06 2.36879e+06 2.36879e+06 2.08209e+06 2.08209e+06 1.79839e+06 1.79839e+06 430555 401847 213623 213623 103952 16132 16132 6795 6795 6795 6795 943 
