epsilon_k[0]0.1
epsilon_k[0]2.18e-05
epsilon_k[0]7.08e-05
epsilon_k[0]2.54e-05
epsilon_k[0]1e-05
epsilon_k[0]7.8e-06
epsilon_k[0]0.218
omega_x01.94779
omega_y02.01062
dx 0.01
n_theta 100
dtheta 0.00785398
epsilon 6
max_turns 10000000
from_angle 24
to_angle 32
0.188496 1e+07 1e+07 7663 4537 4537 3078 1431 876 
0.19635 1e+07 1e+07 7711 4537 4537 2924 1446 968 
0.204204 1e+07 1e+07 7711 4537 4537 2851 1404 894 
0.212058 1e+07 1e+07 7438 4537 4537 3023 1428 797 
0.219911 1e+07 1e+07 7216 4537 4537 3125 1407 792 
0.227765 1e+07 1e+07 7215 4537 4537 2799 1482 769 
0.235619 1e+07 1e+07 7204 4537 4537 2721 1619 767 
0.243473 1e+07 1e+07 7214 4537 4537 2720 1660 765 
