epsilon_k[0] 0.0001
epsilon_k[1] 2.18e-05
epsilon_k[2] 7.08e-05
epsilon_k[3] 2.54e-05
epsilon_k[4] 1e-05
epsilon_k[5] 7.8e-06
epsilon_k[6] 2.18e-05
omega_x0 0.168
omega_y0 0.201
dx 0.01
n_theta 100
dtheta 0.015708
epsilon 30
max_turns 10000000
from_angle 30
to_angle 40
0.471239 1e+07 1e+07 1e+07 1e+07 1e+07 1e+07 1e+07 1e+07 1e+07 1e+07 1e+07 1e+07 1e+07 1e+07 1e+07 1e+07 1e+07 1e+07 1e+07 1e+07 1e+07 1e+07 1e+07 1e+07 1e+07 1e+07 1e+07 1e+07 1e+07 1e+07 1e+07 1e+07 1e+07 1e+07 1e+07 1e+07 1e+07 1e+07 1e+07 8.71708e+06 8.71708e+06 8.71708e+06 8.71708e+06 8.71708e+06 5.94885e+06 1.48162e+06 1.48162e+06 456780 456780 456780 74088 74088 74088 74088 74088 9983 9983 2542 2542 2542 1252 616 
0.486947 1e+07 1e+07 1e+07 1e+07 1e+07 1e+07 1e+07 1e+07 1e+07 1e+07 1e+07 1e+07 1e+07 1e+07 1e+07 1e+07 1e+07 1e+07 1e+07 1e+07 1e+07 1e+07 1e+07 1e+07 1e+07 1e+07 1e+07 1e+07 1e+07 1e+07 1e+07 1e+07 1e+07 1e+07 1e+07 8.78931e+06 8.78931e+06 8.78931e+06 8.78931e+06 8.78931e+06 3.31681e+06 3.31681e+06 3.31681e+06 3.31681e+06 3.31681e+06 2.21486e+06 654935 654935 654935 305938 239561 55091 53836 28533 13324 13324 7971 7971 3186 3186 3186 3186 3186 3186 3186 650 
0.502655 1e+07 1e+07 1e+07 1e+07 1e+07 1e+07 1e+07 1e+07 1e+07 1e+07 1e+07 1e+07 1e+07 1e+07 1e+07 1e+07 1e+07 1e+07 1e+07 1e+07 1e+07 1e+07 1e+07 1e+07 1e+07 1e+07 1e+07 1e+07 1e+07 1e+07 1e+07 1e+07 1e+07 1e+07 1e+07 1e+07 1e+07 8.96742e+06 8.96742e+06 8.96742e+06 8.96742e+06 8.96742e+06 8.96742e+06 6.21965e+06 3.77235e+06 3.77235e+06 429226 429226 162642 162642 162642 162642 29631 29631 15009 11965 5269 3189 3189 2277 2277 1953 1953 601 
0.518363 1e+07 1e+07 1e+07 1e+07 1e+07 1e+07 1e+07 1e+07 1e+07 1e+07 1e+07 1e+07 1e+07 1e+07 1e+07 1e+07 1e+07 1e+07 1e+07 1e+07 1e+07 1e+07 1e+07 1e+07 1e+07 1e+07 1e+07 1e+07 1e+07 1e+07 1e+07 1e+07 1e+07 1e+07 1e+07 1e+07 1e+07 9.29618e+06 9.29618e+06 9.29618e+06 8.43733e+06 6.90868e+06 6.90868e+06 3.46805e+06 3.46805e+06 3.26187e+06 3.26187e+06 3.26187e+06 391292 236506 79120 79120 79120 29139 11900 11900 5667 5667 5667 3035 3035 2148 2148 2148 178 
0.534071 1e+07 1e+07 1e+07 1e+07 1e+07 1e+07 1e+07 1e+07 1e+07 1e+07 1e+07 1e+07 1e+07 1e+07 1e+07 1e+07 1e+07 1e+07 1e+07 1e+07 1e+07 1e+07 1e+07 1e+07 1e+07 1e+07 1e+07 1e+07 1e+07 1e+07 1e+07 1e+07 1e+07 1e+07 1e+07 1e+07 1e+07 1e+07 1e+07 6.57467e+06 4.04605e+06 4.04605e+06 3.94211e+06 3.94211e+06 2.25214e+06 1.20434e+06 1.20434e+06 1.20434e+06 284295 284295 243281 68596 55381 21130 21130 11331 2682 2682 1741 1741 1741 1061 1061 379 
0.549779 1e+07 1e+07 1e+07 1e+07 1e+07 1e+07 1e+07 1e+07 1e+07 1e+07 1e+07 1e+07 1e+07 1e+07 1e+07 1e+07 1e+07 1e+07 1e+07 1e+07 1e+07 1e+07 1e+07 1e+07 1e+07 1e+07 1e+07 1e+07 1e+07 1e+07 1e+07 1e+07 1e+07 1e+07 1e+07 1e+07 5.54892e+06 5.54892e+06 4.27906e+06 4.27906e+06 4.27906e+06 2.40194e+06 2.40194e+06 2.40194e+06 2.40194e+06 858825 858825 858825 477765 190782 96676 96676 50353 38560 3742 3742 3742 3742 2928 2641 2641 1676 212 
0.565487 1e+07 1e+07 1e+07 1e+07 1e+07 1e+07 1e+07 1e+07 1e+07 1e+07 1e+07 1e+07 1e+07 1e+07 1e+07 1e+07 1e+07 1e+07 1e+07 1e+07 1e+07 1e+07 1e+07 1e+07 1e+07 1e+07 1e+07 1e+07 1e+07 1e+07 1e+07 1e+07 1e+07 1e+07 1e+07 1e+07 1e+07 1e+07 1e+07 3.671e+06 3.671e+06 3.671e+06 3.671e+06 3.671e+06 1.42721e+06 685548 685548 580949 580949 580949 138127 69850 69850 7461 7461 7461 5360 1775 1775 1775 1775 1775 1775 1261 848 
0.581195 1e+07 1e+07 1e+07 1e+07 1e+07 1e+07 1e+07 1e+07 1e+07 1e+07 1e+07 1e+07 1e+07 1e+07 1e+07 1e+07 1e+07 1e+07 1e+07 1e+07 1e+07 1e+07 1e+07 1e+07 1e+07 1e+07 1e+07 1e+07 1e+07 1e+07 1e+07 1e+07 1e+07 1e+07 1e+07 1e+07 1e+07 1e+07 4.62485e+06 4.62485e+06 4.62485e+06 969401 969401 969401 969401 969401 969401 969401 151467 151467 151467 151467 151467 29750 11297 10513 3418 2067 2067 1286 1286 1286 560 
0.596903 1e+07 1e+07 1e+07 1e+07 1e+07 1e+07 1e+07 1e+07 1e+07 1e+07 1e+07 1e+07 1e+07 1e+07 1e+07 1e+07 1e+07 1e+07 1e+07 1e+07 1e+07 1e+07 1e+07 1e+07 1e+07 1e+07 1e+07 1e+07 1e+07 1e+07 1e+07 1e+07 9.98028e+06 9.98028e+06 3.77275e+06 3.77275e+06 3.77275e+06 3.77275e+06 3.77275e+06 3.77275e+06 3.77275e+06 2.36427e+06 2.36427e+06 2.36427e+06 2.36427e+06 2.36427e+06 2.36427e+06 373706 99819 99819 99819 39772 32472 18164 18164 15645 1681 1681 1681 394 
0.612611 1e+07 1e+07 1e+07 1e+07 1e+07 1e+07 1e+07 1e+07 1e+07 1e+07 1e+07 1e+07 1e+07 1e+07 1e+07 1e+07 1e+07 1e+07 1e+07 1e+07 1e+07 1e+07 1e+07 1e+07 1e+07 1e+07 1e+07 1e+07 1e+07 1e+07 1e+07 1e+07 1e+07 1e+07 1e+07 1e+07 3.45979e+06 3.45979e+06 3.45979e+06 3.45979e+06 3.45979e+06 3.45979e+06 3.45979e+06 3.45979e+06 3.45979e+06 351865 351865 351865 351865 286221 98643 98643 17062 6811 6811 3871 3871 2934 2014 1356 431 
