epsilon_k[0] 0.0001
epsilon_k[1] 2.18e-05
epsilon_k[2] 7.08e-05
epsilon_k[3] 2.54e-05
epsilon_k[4] 1e-05
epsilon_k[5] 7.8e-06
epsilon_k[6] 2.18e-05
omega_x0 0.168
omega_y0 0.201
dx 0.01
n_theta 100
dtheta 0.015708
epsilon 30
max_turns 10000000
from_angle 15
to_angle 20
0.235619 1e+07 1e+07 1e+07 1e+07 1e+07 1e+07 1e+07 1e+07 1e+07 1e+07 1e+07 1e+07 1e+07 1e+07 1e+07 1e+07 1e+07 1e+07 1e+07 1e+07 1e+07 1e+07 1e+07 1e+07 1e+07 1e+07 1e+07 1e+07 1e+07 1e+07 1e+07 1e+07 1e+07 1e+07 1e+07 1e+07 1e+07 1e+07 1e+07 1e+07 1e+07 1e+07 9.41823e+06 7.98155e+06 653933 1.18857e+06 2.00617e+06 364364 176195 21086 12580 34774 35368 346182 101789 18167 18878 79991 144469 22946 3635 4261 53771 11197 776 1588 2349 2617 3059 183 12701 2342 1467 419 2387 334 5897 270 1843 151 75 111 71 320 967 40 105 16 119 99 79 80 295 17 8 7 7 7 6 6 
0.251327 1e+07 1e+07 1e+07 1e+07 1e+07 1e+07 1e+07 1e+07 1e+07 1e+07 1e+07 1e+07 1e+07 1e+07 1e+07 1e+07 1e+07 1e+07 1e+07 1e+07 1e+07 1e+07 1e+07 1e+07 1e+07 1e+07 1e+07 1e+07 1e+07 1e+07 1e+07 1e+07 1e+07 1e+07 1e+07 1e+07 1e+07 1e+07 1e+07 1e+07 1e+07 1e+07 1e+07 3.18721e+06 4.54748e+06 1e+07 434532 207125 26566 49192 18768 12382 21035 31884 26711 265304 28665 6650 167469 10846 2476 8546 3880 9828 3889 1346 2054 728 1108 561 1425 2280 1259 928 998 117 77 426 374 585 124 579 28 37 250 403 75 48 15 16 171 38 218 59 15 9 8 7 7 6 
0.267035 1e+07 1e+07 1e+07 1e+07 1e+07 1e+07 1e+07 1e+07 1e+07 1e+07 1e+07 1e+07 1e+07 1e+07 1e+07 1e+07 1e+07 1e+07 1e+07 1e+07 1e+07 1e+07 1e+07 1e+07 1e+07 1e+07 1e+07 1e+07 1e+07 1e+07 1e+07 1e+07 1e+07 1e+07 1e+07 1e+07 1e+07 1e+07 1e+07 1e+07 1e+07 1e+07 1e+07 5.31352e+06 7.28728e+06 1.0148e+06 510387 247937 411680 453693 81163 19325 18587 53115 45191 111230 7871 20299 23510 4922 9603 17890 77645 1160 5952 2223 3283 4502 739 1389 783 416 1275 209 347 191 960 1580 232 251 80 8479 171 118 40 77 21 85 94 17 14 79 52 82 15 29 16 8 7 7 
0.282743 1e+07 1e+07 1e+07 1e+07 1e+07 1e+07 1e+07 1e+07 1e+07 1e+07 1e+07 1e+07 1e+07 1e+07 1e+07 1e+07 1e+07 1e+07 1e+07 1e+07 1e+07 1e+07 1e+07 1e+07 1e+07 1e+07 1e+07 1e+07 1e+07 1e+07 1e+07 1e+07 1e+07 1e+07 1e+07 1e+07 1e+07 1e+07 1e+07 1e+07 1e+07 1e+07 7.47008e+06 1e+07 655977 713934 1.08293e+06 289022 74990 98300 46699 32443 70099 23016 30216 24798 8498 19191 8354 20761 2019 11674 1490 2957 3776 37485 1935 421 254 1229 1083 364 881 858 1372 324 7412 914 46 69 173 55 403 197 64 31 28 76 28 62 23 14 77 20 31 52 15 137 16 9 
0.298451 1e+07 1e+07 1e+07 1e+07 1e+07 1e+07 1e+07 1e+07 1e+07 1e+07 1e+07 1e+07 1e+07 1e+07 1e+07 1e+07 1e+07 1e+07 1e+07 1e+07 1e+07 1e+07 1e+07 1e+07 1e+07 1e+07 1e+07 1e+07 1e+07 1e+07 1e+07 1e+07 1e+07 1e+07 1e+07 1e+07 1e+07 1e+07 1e+07 1e+07 1e+07 1e+07 1e+07 1.12742e+06 1.72866e+06 2.21185e+06 1.35815e+06 1e+07 396451 123963 65339 1.34277e+06 40907 36702 172955 179685 4445 20444 14373 5606 4960 9167 4907 4662 3101 1901 8346 439 996 489 243 148 537 1333 707 1516 100 300 437 292 296 2134 138 90 352 35 117 116 112 24 78 70 14 14 80 26 27 39 14 29 
