epsilon_k[0] 0.0001
epsilon_k[1] 2.18e-05
epsilon_k[2] 7.08e-05
epsilon_k[3] 2.54e-05
epsilon_k[4] 1e-05
epsilon_k[5] 7.8e-06
epsilon_k[6] 2.18e-05
omega_x0 0.168
omega_y0 0.201
dx 0.01
n_theta 100
dtheta 0.015708
epsilon 12
max_turns 10000000
from_angle 80
to_angle 85
1.25664 1e+07 1e+07 1e+07 1e+07 1e+07 1e+07 1e+07 1e+07 1e+07 1e+07 1e+07 1e+07 1e+07 1e+07 1e+07 1e+07 1e+07 1e+07 1e+07 1e+07 1e+07 1e+07 1e+07 1e+07 1e+07 1e+07 1e+07 1e+07 1e+07 1e+07 1e+07 1e+07 1e+07 1e+07 1e+07 1e+07 1e+07 6.89206e+06 7.94868e+06 2.036e+06 2.1033e+06 3.09052e+06 46970 649992 58045 121215 42801 34198 849 22417 1570 1639 5474 482 4452 538 319 1167 146 221 453 251 420 75 44 42 40 194 238 70 61 17 27 34 40 11 9 8 8 7 7 7 7 7 6 6 6 6 6 6 6 6 6 6 6 6 6 5 5 5 
1.27235 1e+07 1e+07 1e+07 1e+07 1e+07 1e+07 1e+07 1e+07 1e+07 1e+07 1e+07 1e+07 1e+07 1e+07 1e+07 1e+07 1e+07 1e+07 1e+07 1e+07 1e+07 1e+07 1e+07 1e+07 1e+07 1e+07 1e+07 1e+07 1e+07 1e+07 1e+07 1e+07 1e+07 1e+07 1e+07 1e+07 1e+07 5.56673e+06 5.97633e+06 2.36813e+06 582479 227927 322899 24590 8091 112144 73220 3885 15829 4514 1324 5759 5918 1510 688 809 4811 316 474 3739 200 34 43 721 98 131 86 79 226 34 47 110 17 154 59 52 10 9 8 8 7 7 7 7 7 6 6 6 6 6 6 6 6 6 6 6 6 6 5 5 
1.28805 1e+07 1e+07 1e+07 1e+07 1e+07 1e+07 1e+07 1e+07 1e+07 1e+07 1e+07 1e+07 1e+07 1e+07 1e+07 1e+07 1e+07 1e+07 1e+07 1e+07 1e+07 1e+07 1e+07 1e+07 1e+07 1e+07 1e+07 1e+07 1e+07 1e+07 1e+07 1e+07 1e+07 1e+07 1e+07 8.24833e+06 1e+07 6.26633e+06 4.46997e+06 1.75258e+06 416984 1.94544e+06 2.48982e+06 2.59724e+06 72599 105458 39442 5065 16517 4225 18545 1082 1623 2174 1155 1565 1663 441 74 285 126 89 112 30 26 63 153 85 131 58 134 33 136 17 26 74 36 10 9 8 8 7 7 7 7 7 6 6 6 6 6 6 6 6 6 6 6 6 6 6 
1.30376 1e+07 1e+07 1e+07 1e+07 1e+07 1e+07 1e+07 1e+07 1e+07 1e+07 1e+07 1e+07 1e+07 1e+07 1e+07 1e+07 1e+07 1e+07 1e+07 1e+07 1e+07 1e+07 1e+07 1e+07 1e+07 1e+07 1e+07 1e+07 1e+07 1e+07 1e+07 1e+07 1e+07 1e+07 1e+07 1e+07 9.19292e+06 1e+07 1e+07 1.37712e+06 2.71396e+06 550297 304691 99670 118632 9604 43107 35071 17685 2822 6870 2595 3209 2610 2736 654 414 924 1069 75 114 26 66 196 140 26 68 46 63 59 87 99 26 26 17 17 31 15 21 9 8 8 7 7 7 7 7 7 6 6 6 6 6 6 6 6 6 6 6 6 
1.31947 1e+07 1e+07 1e+07 1e+07 1e+07 1e+07 1e+07 1e+07 1e+07 1e+07 1e+07 1e+07 1e+07 1e+07 1e+07 1e+07 1e+07 1e+07 1e+07 1e+07 1e+07 1e+07 1e+07 1e+07 1e+07 1e+07 1e+07 1e+07 1e+07 1e+07 1e+07 1e+07 1e+07 1e+07 1e+07 1e+07 1e+07 1e+07 1e+07 2.02565e+06 4.50368e+06 1.91023e+06 2.9478e+06 46606 410635 26557 38927 49560 13225 4207 12106 49192 1136 1103 1503 2462 1645 613 229 248 229 62 113 604 563 186 25 126 91 567 32 61 883 42 32 23 34 31 24 17 10 9 8 8 7 7 7 7 7 7 6 6 6 6 6 6 6 6 6 6 
1.33518 1e+07 1e+07 1e+07 1e+07 1e+07 1e+07 1e+07 1e+07 1e+07 1e+07 1e+07 1e+07 1e+07 1e+07 1e+07 1e+07 1e+07 1e+07 1e+07 1e+07 1e+07 1e+07 1e+07 1e+07 1e+07 1e+07 1e+07 1e+07 1e+07 1e+07 1e+07 1e+07 1e+07 1e+07 1e+07 1e+07 1e+07 1e+07 1e+07 1e+07 1.26323e+06 1.10845e+06 617310 687004 71651 55833 233849 16654 6376 8211 5158 1338 621 2032 764 325 2546 271 523 118 52 51 25 344 329 36 43 32 30 89 44 216 290 188 17 17 16 20 14 52 21 18 10 9 8 8 7 7 7 7 7 7 6 6 6 6 6 6 6 6 
