epsilon_k[0] 0.0001
epsilon_k[1] 2.18e-05
epsilon_k[2] 7.08e-05
epsilon_k[3] 2.54e-05
epsilon_k[4] 1e-05
epsilon_k[5] 7.8e-06
epsilon_k[6] 2.18e-05
omega_x0 0.168
omega_y0 0.201
dx 0.01
epsilon 2
max_turns 10000000
from_y 40
to_y 48
0.4 1e+07 1e+07 1e+07 1e+07 1e+07 1e+07 1e+07 1e+07 1e+07 1e+07 1e+07 820174 3.6556e+06 848056 85045 87996 266054 66435 28013 1e+07 28952 13226 11652 7788 8532 4697 16321 5491 33570 6973 2011 8196 2772 6486 687 4538 3070 1528 371 2040 7174 3482 1286 445 967 103 76 124 349 8202 84 57 146 262 120 649 155 196 992 992 70 587 121 28 42 49 59 223 45 34 43 432 348 76 60 62 96 30 36 32 
0.41 1e+07 1e+07 1e+07 1e+07 1e+07 1e+07 1e+07 1e+07 1e+07 1.31096e+06 1.31199e+06 1e+07 1.80841e+06 2.38902e+06 124155 272312 36704 21824 57419 22920 9939 4993 3477 2178 4949 7260 18290 11293 2707 2703 1523 1875 7364 1258 1110 12382 3280 869 3619 372 1818 146 9873 181 230 79 52 51 55 118 318 168 480 50 204 408 1083 177 404 115 379 641 64 134 71 115 29 41 60 482 133 81 178 69 59 33 45 121 28 98 
0.42 1e+07 1e+07 1e+07 1e+07 1e+07 1e+07 1e+07 1e+07 9.07229e+06 625294 402006 345986 400159 437598 481577 14025 22263 28396 5189 6505 3233 7383 2286 3353 2440 42802 1490 5128 14756 657 3681 629 2210 12620 5569 587 7491 768 320 2932 45 325 7281 348 159 98 353 144 214 142 38 396 873 287 46 446 179 797 266 174 36 37 83 237 165 49 29 44 35 104 97 257 46 54 31 19 22 28 31 33 
0.43 1e+07 1e+07 1e+07 1e+07 1e+07 1e+07 1e+07 1e+07 2.69449e+06 4.82641e+06 135072 99914 1.28922e+06 27081 10656 40634 122494 17341 2965 10444 61764 8315 1550 1654 7822 1746 2074 3851 1461 5270 1040 18025 1072 1574 892 976 364 474 681 537 326 45 802 86 66 412 357 33 98 264 27 39 88 129 258 44 55 122 103 123 546 219 43 56 156 36 156 27 29 620 85 223 28 51 24 26 25 23 15 25 
0.44 1e+07 1e+07 1e+07 1e+07 1e+07 1e+07 9.97198e+06 1e+07 194927 226523 120719 138282 15320 186614 6801 24577 15873 4343 3658 1670 7998 2207 8855 1575 2549 2043 4022 4837 3853 4590 4275 5446 286 616 186 408 623 1006 1317 178 217 416 469 85 418 232 809 85 962 66 152 1025 38 89 26 55 44 113 499 270 1539 36 57 28 474 27 94 33 27 156 91 58 92 70 19 38 41 53 27 18 
0.45 1e+07 1e+07 1e+07 1e+07 1e+07 1e+07 5.79195e+06 605860 1.38469e+06 138811 1.57928e+06 88147 95236 172764 7659 12896 4163 10668 2892 1750 1764 1705 5239 1718 7029 3400 4518 6796 1592 1228 2264 3917 1299 525 637 425 376 90 118 65 182 37 47 146 921 56 411 146 299 223 527 239 94 38 278 349 20 59 702 106 48 206 91 43 38 52 45 39 39 57 212 55 164 74 39 70 23 19 19 26 
0.46 1e+07 1e+07 1e+07 7.57044e+06 3.87536e+06 1.83469e+06 1.71502e+06 151660 45189 16971 52876 38058 5479 15243 19555 1765 10384 1895 4162 7147 797 2956 1501 1335 1163 9952 4300 4700 775 1587 2579 1554 647 1073 1115 231 197 92 134 141 27 21 433 198 600 148 172 28 20 19 19 92 173 664 119 91 26 18 93 113 67 34 179 34 112 112 73 57 67 57 28 36 387 18 40 136 28 18 28 28 
0.47 1e+07 1e+07 1e+07 4.28914e+06 3.51058e+06 1.09724e+06 1.3594e+06 31123 80170 121483 17840 7784 8413 2344 6435 1322 907 2325 5233 3539 6522 4706 4045 5685 1438 2804 1417 6001 593 1409 815 311 698 425 723 273 132 626 463 377 85 19 27 248 54 118 166 20 77 1451 106 161 54 19 33 294 64 172 18 38 340 43 24 89 44 210 38 23 22 21 24 38 33 18 39 31 34 26 12 10 
