epsilon_k[0] 0.0001
epsilon_k[1] 2.18e-05
epsilon_k[2] 7.08e-05
epsilon_k[3] 2.54e-05
epsilon_k[4] 1e-05
epsilon_k[5] 7.8e-06
epsilon_k[6] 2.18e-05
omega_x0 0.28
omega_y0 0.31
dx 0.01
epsilon 0
max_turns 10000000
from_y 64
to_y 72
0.64 7 7 8 8 8 8 8 8 8 8 8 8 8 8 8 8 9 9 9 9 10 10 11 12 14 23 18 15 14 14 14 15 15 16 17 27 35 39 39 29 30 16 10 9 8 8 8 7 7 7 7 6 6 6 6 6 6 6 6 5 5 5 5 5 5 5 5 5 5 5 5 5 5 5 5 5 5 5 5 4 
0.65 7 7 7 7 7 8 8 8 8 8 8 8 8 8 8 8 8 9 9 9 9 10 10 11 12 15 21 15 14 14 14 14 14 15 15 18 44 24 30 33 28 16 10 9 9 8 8 7 7 7 7 6 6 6 6 6 6 6 5 5 5 5 5 5 5 5 5 5 5 5 5 5 5 5 5 5 5 5 4 4 
0.66 7 7 7 7 7 7 7 7 8 8 8 8 8 8 8 8 8 8 9 9 9 9 10 10 11 16 23 18 14 14 14 14 14 14 14 15 17 37 22 41 34 20 11 9 9 8 8 8 7 7 7 6 6 6 6 6 6 6 5 5 5 5 5 5 5 5 5 5 5 5 5 5 5 5 5 5 5 5 4 4 
0.67 7 7 7 7 7 7 7 7 7 7 8 8 8 8 8 8 8 8 8 9 9 9 9 10 10 12 16 20 14 14 13 13 13 14 14 14 15 16 22 23 20 16 12 10 9 9 8 8 7 7 7 6 6 6 6 6 6 6 5 5 5 5 5 5 5 5 5 5 5 5 5 5 5 5 5 5 5 4 4 4 
0.68 7 7 7 7 7 7 7 7 7 7 7 7 8 8 8 8 8 8 8 8 9 9 9 9 10 11 13 20 16 14 13 13 13 13 13 13 14 14 15 16 25 14 12 10 9 9 9 8 8 7 7 6 6 6 6 6 6 6 5 5 5 5 5 5 5 5 5 5 5 5 5 5 5 5 5 5 4 4 4 4 
0.69 7 7 7 7 7 7 7 7 7 7 7 7 7 8 8 8 8 8 8 8 8 9 9 9 10 10 12 39 20 14 13 13 13 13 13 13 13 13 13 14 15 13 11 10 10 10 11 9 8 7 7 6 6 6 6 6 6 5 5 5 5 5 5 5 5 5 5 5 5 5 5 5 5 5 5 5 4 4 4 4 
0.7 7 7 7 7 7 7 7 7 7 7 7 7 7 7 7 8 8 8 8 8 8 9 9 9 9 10 11 14 18 14 13 12 12 12 12 12 13 13 13 13 13 12 11 10 10 10 12 9 8 7 7 6 6 6 6 6 6 5 5 5 5 5 5 5 5 5 5 5 5 5 5 5 5 5 5 4 4 4 4 4 
0.71 7 7 7 7 7 7 7 7 7 7 7 7 7 7 7 7 8 8 8 8 8 8 9 9 9 10 10 12 18 17 13 12 12 12 12 12 12 12 12 12 12 11 10 10 9 9 9 8 8 7 7 6 6 6 6 6 6 5 5 5 5 5 5 5 5 5 5 5 5 5 5 5 5 5 4 4 4 4 4 4 
