epsilon_k[0] 0.0001
epsilon_k[1] 2.18e-05
epsilon_k[2] 7.08e-05
epsilon_k[3] 2.54e-05
epsilon_k[4] 1e-05
epsilon_k[5] 7.8e-06
epsilon_k[6] 2.18e-05
omega_x0 0.28
omega_y0 0.31
dx 0.01
epsilon 2
max_turns 10000000
from_y 56
to_y 64
0.56 9 9 9 9 9 9 9 9 9 10 10 10 10 10 11 11 12 13 14 17 24 21 17 17 16 16 16 17 17 19 31 36 58 24 14 11 11 10 10 11 11 10 11 9 8 8 7 7 7 7 7 6 6 6 6 6 6 6 6 6 6 5 5 5 5 5 5 5 5 5 5 5 5 5 5 5 5 5 5 5 
0.57 9 9 9 9 9 9 9 9 9 9 9 10 10 10 10 11 11 12 13 14 18 23 19 17 16 16 16 16 17 18 21 32 115 25 17 12 11 11 10 11 12 11 10 8 8 8 7 7 7 7 7 6 6 6 6 6 6 6 6 6 6 5 5 5 5 5 5 5 5 5 5 5 5 5 5 5 5 5 5 5 
0.58 8 8 8 9 9 9 9 9 9 9 9 9 9 10 10 10 11 11 12 13 14 32 34 17 16 16 16 16 16 17 18 30 36 43 40 13 11 11 11 11 16 11 10 8 8 8 7 7 7 7 7 6 6 6 6 6 6 6 6 6 6 5 5 5 5 5 5 5 5 5 5 5 5 5 5 5 5 5 5 5 
0.59 8 8 8 8 8 8 9 9 9 9 9 9 9 9 10 10 10 11 11 12 13 14 24 20 16 16 15 16 16 16 17 19 29 57 25 20 12 11 11 11 18 12 9 8 8 8 7 7 7 7 7 6 6 6 6 6 6 6 6 6 5 5 5 5 5 5 5 5 5 5 5 5 5 5 5 5 5 5 5 5 
0.6 8 8 8 8 8 8 8 8 8 9 9 9 9 9 9 9 10 10 10 11 12 13 16 22 17 16 15 15 15 16 16 17 30 35 83 21 14 12 11 12 19 12 9 9 8 8 7 7 7 7 7 6 6 6 6 6 6 6 6 6 5 5 5 5 5 5 5 5 5 5 5 5 5 5 5 5 5 5 5 5 
0.61 8 8 8 8 8 8 8 8 8 8 8 9 9 9 9 9 9 10 10 10 11 12 13 21 29 16 15 15 15 15 16 16 18 36 43 81 35 13 12 12 17 12 10 9 8 8 7 7 7 7 7 6 6 6 6 6 6 6 6 6 5 5 5 5 5 5 5 5 5 5 5 5 5 5 5 5 5 5 5 5 
0.62 8 8 8 8 8 8 8 8 8 8 8 8 8 9 9 9 9 9 10 10 10 11 13 14 23 18 15 15 15 15 15 16 17 19 26 59 35 19 14 15 18 13 10 9 8 8 7 7 7 7 7 6 6 6 6 6 6 6 6 5 5 5 5 5 5 5 5 5 5 5 5 5 5 5 5 5 5 5 5 5 
0.63 8 8 8 8 8 8 8 8 8 8 8 8 8 8 9 9 9 9 9 9 10 10 11 13 16 22 16 15 14 15 15 15 16 17 32 34 46 31 21 20 21 14 10 9 8 8 7 7 7 7 7 6 6 6 6 6 6 6 6 5 5 5 5 5 5 5 5 5 5 5 5 5 5 5 5 5 5 5 5 5 
