epsilon_k[0]0.1
epsilon_k[0]2.18e-05
epsilon_k[0]7.08e-05
epsilon_k[0]2.54e-05
epsilon_k[0]1e-05
epsilon_k[0]7.8e-06
epsilon_k[0]0.218
omega_x01.94779
omega_y02.01062
dx 0.01
n_theta 100
dtheta 0.00785398
epsilon 32
max_turns 10000000
from_angle 8
to_angle 16
0.0628319 1e+07 56834 7964 4550 3175 2250 1759 975 
0.0706858 1e+07 46290 7910 3947 3176 2196 1759 976 
0.0785398 1e+07 45218 7941 3948 3182 2197 1760 979 
0.0863938 1e+07 45066 7907 3870 3224 2211 1760 993 
0.0942478 1e+07 44444 7947 3815 3430 2290 1760 1005 717 
0.102102 1e+07 44381 7955 3825 3416 2245 1761 999 
0.109956 1e+07 44385 7949 3868 3229 2243 1762 1003 719 
0.11781 1e+07 44450 7989 3814 3232 2245 1763 1008 721 
0.125664 1e+07 46233 8039 3815 3367 2254 1765 1019 732 
