epsilon_k[0] 0.0001
epsilon_k[1] 2.18e-05
epsilon_k[2] 7.08e-05
epsilon_k[3] 2.54e-05
epsilon_k[4] 1e-05
epsilon_k[5] 7.8e-06
epsilon_k[6] 2.18e-05
omega_x0 0.168
omega_y0 0.201
dx 0.01
n_theta 100
dtheta 0.015708
epsilon 6
max_turns 10000000
from_angle 10
to_angle 15
0.15708 1e+07 1e+07 1e+07 1e+07 1e+07 1e+07 1e+07 1e+07 1e+07 1e+07 1e+07 1e+07 1e+07 1e+07 1e+07 1e+07 1e+07 1e+07 1e+07 1e+07 1e+07 1e+07 1e+07 1e+07 1e+07 1e+07 1e+07 1e+07 1e+07 1e+07 1e+07 1e+07 1e+07 1e+07 1e+07 1e+07 1e+07 1e+07 1e+07 1e+07 1e+07 1e+07 1e+07 1e+07 1e+07 1e+07 1e+07 1e+07 1e+07 1e+07 1e+07 1e+07 1e+07 1e+07 1e+07 1e+07 6.95716e+06 1.89367e+06 455065 220966 42897 8150 6212 37654 2186 52248 2173 5557 2524 1029 2191 1801 1352 20855 780 560 792 165 186 111 95 659 102 289 48 125 228 198 9 8 7 7 6 6 6 6 6 5 5 5 
0.172788 1e+07 1e+07 1e+07 1e+07 1e+07 1e+07 1e+07 1e+07 1e+07 1e+07 1e+07 1e+07 1e+07 1e+07 1e+07 1e+07 1e+07 1e+07 1e+07 1e+07 1e+07 1e+07 1e+07 1e+07 1e+07 1e+07 1e+07 1e+07 1e+07 1e+07 1e+07 1e+07 1e+07 1e+07 1e+07 1e+07 1e+07 1e+07 1e+07 1e+07 1e+07 1e+07 1e+07 1e+07 1e+07 1e+07 1e+07 1.92822e+06 282373 1e+07 1e+07 1e+07 1e+07 1e+07 1e+07 1e+07 2.49036e+06 2.48058e+06 111865 48674 96653 9973 4958 14166 5184 864 2051 1378 1776 2656 2701 2830 1147 966 583 3187 484 288 180 225 43 322 219 746 25 98 109 15 16 8 7 7 7 6 6 6 6 6 5 5 
0.188496 1e+07 1e+07 1e+07 1e+07 1e+07 1e+07 1e+07 1e+07 1e+07 1e+07 1e+07 1e+07 1e+07 1e+07 1e+07 1e+07 1e+07 1e+07 1e+07 1e+07 1e+07 1e+07 1e+07 1e+07 1e+07 1e+07 1e+07 1e+07 1e+07 1e+07 1e+07 1e+07 1e+07 1e+07 1e+07 1e+07 1e+07 1e+07 1e+07 1e+07 1e+07 1e+07 1e+07 1e+07 1e+07 1e+07 1e+07 1.17012e+06 914200 1.15832e+06 1e+07 1e+07 1e+07 1e+07 1e+07 1e+07 1.17775e+06 291695 1.6261e+06 72139 12771 5484 14653 18170 13376 6035 27972 1265 918 1477 2588 12220 2797 511 3587 5262 189 187 6592 133 250 197 185 93 26 25 126 135 16 136 8 7 7 6 6 6 6 6 6 5 
0.204204 1e+07 1e+07 1e+07 1e+07 1e+07 1e+07 1e+07 1e+07 1e+07 1e+07 1e+07 1e+07 1e+07 1e+07 1e+07 1e+07 1e+07 1e+07 1e+07 1e+07 1e+07 1e+07 1e+07 1e+07 1e+07 1e+07 1e+07 1e+07 1e+07 1e+07 1e+07 1e+07 1e+07 1e+07 1e+07 1e+07 1e+07 1e+07 1e+07 1e+07 1e+07 1e+07 1e+07 1e+07 1e+07 1e+07 7.05112e+06 3.16464e+06 843034 1e+07 719369 1e+07 1e+07 1e+07 1e+07 1e+07 397355 52692 23035 37678 37465 12726 3565 4780 18556 4037 1698 952 4385 3336 1357 1015 5217 380 466 549 268 282 503 155 3136 132 230 429 50878 16 29 54 246 128 24 8 7 7 6 6 6 6 6 6 
0.219911 1e+07 1e+07 1e+07 1e+07 1e+07 1e+07 1e+07 1e+07 1e+07 1e+07 1e+07 1e+07 1e+07 1e+07 1e+07 1e+07 1e+07 1e+07 1e+07 1e+07 1e+07 1e+07 1e+07 1e+07 1e+07 1e+07 1e+07 1e+07 1e+07 1e+07 1e+07 1e+07 1e+07 1e+07 1e+07 1e+07 1e+07 1e+07 1e+07 1e+07 1e+07 1e+07 1e+07 1e+07 1e+07 1e+07 1e+07 1e+07 1.54552e+06 664042 211497 896352 1e+07 1e+07 4.50563e+06 1.3806e+06 561406 51862 17788 17380 9877 37770 100352 1509 1118 1714 3142 6936 654 5792 2117 14390 1854 1091 195 353 1345 23296 863 273 178 93 870 158 652 23 15 284 97 167 24 75 8 7 7 7 6 6 6 6 
0.235619 1e+07 1e+07 1e+07 1e+07 1e+07 1e+07 1e+07 1e+07 1e+07 1e+07 1e+07 1e+07 1e+07 1e+07 1e+07 1e+07 1e+07 1e+07 1e+07 1e+07 1e+07 1e+07 1e+07 1e+07 1e+07 1e+07 1e+07 1e+07 1e+07 1e+07 1e+07 1e+07 1e+07 1e+07 1e+07 1e+07 1e+07 1e+07 1e+07 1e+07 1e+07 1e+07 1e+07 1e+07 1e+07 1e+07 1e+07 1e+07 2.95538e+06 295662 231065 61503 255764 3.38797e+06 1e+07 234911 2.37976e+06 1.75218e+06 23706 36254 29309 5390 9440 15333 2649 5270 1854 1444 1294 36721 715 10433 991 2155 472 479 153 80 125 211 190 54 97 87 40 99 133 15 21 204 97 254 64 8 7 7 7 6 6 6 
