epsilon_k[0] 0.0001
epsilon_k[1] 2.18e-05
epsilon_k[2] 7.08e-05
epsilon_k[3] 2.54e-05
epsilon_k[4] 1e-05
epsilon_k[5] 7.8e-06
epsilon_k[6] 2.18e-05
omega_x0 0.168
omega_y0 0.201
dx 0.01
epsilon 0
max_turns 10000000
from_y 24
to_y 32
0.24 1e+07 1e+07 1e+07 1e+07 1e+07 1e+07 1e+07 1e+07 1e+07 1e+07 1e+07 1e+07 1e+07 1e+07 1e+07 1e+07 1e+07 1e+07 1e+07 1e+07 1e+07 1e+07 1e+07 1e+07 1e+07 1e+07 1e+07 1e+07 1e+07 1e+07 1e+07 1e+07 1e+07 1e+07 1e+07 1e+07 1e+07 1e+07 1e+07 1e+07 1e+07 1e+07 1e+07 1e+07 1e+07 1e+07 343169 107510 10238 15580 57294 7279 6516 4657 2628 2559 8376 5974 1777 374 4238 1529 886 337 171 320 524 1277 1250 289 153 271 887 78 273 65 22 413 57 50 
0.25 1e+07 1e+07 1e+07 1e+07 1e+07 1e+07 1e+07 1e+07 1e+07 1e+07 1e+07 1e+07 1e+07 1e+07 1e+07 1e+07 1e+07 1e+07 1e+07 1e+07 1e+07 1e+07 1e+07 1e+07 1e+07 1e+07 1e+07 1e+07 1e+07 1e+07 1e+07 1e+07 1e+07 1e+07 1e+07 1e+07 1e+07 1e+07 1e+07 1e+07 1e+07 1e+07 1e+07 1e+07 1e+07 1e+07 1e+07 1e+07 291223 6257 19859 3829 1744 3731 2114 836 826 322 678 1399 598 1707 246 233 91 1448 454 140 267 76 216 1952 284 55 160 63 168 145 244 84 
0.26 1e+07 1e+07 1e+07 1e+07 1e+07 1e+07 1e+07 1e+07 1e+07 1e+07 1e+07 1e+07 1e+07 1e+07 1e+07 1e+07 1e+07 1e+07 1e+07 1e+07 1e+07 1e+07 1e+07 1e+07 1e+07 1e+07 1e+07 1e+07 1e+07 1e+07 1e+07 1e+07 1e+07 1e+07 1e+07 1e+07 1e+07 1e+07 1e+07 1e+07 1e+07 1e+07 1e+07 1e+07 1e+07 1e+07 1e+07 32429 71837 4480 2880 1966 4145 12276 49839 10862 701 782 1508 489 733 374 513 3063 56 56 503 323 1126 498 527 132 616 122 42 279 965 29 645 231 
0.27 1e+07 1e+07 1e+07 1e+07 1e+07 1e+07 1e+07 1e+07 1e+07 1e+07 1e+07 1e+07 1e+07 1e+07 1e+07 1e+07 1e+07 1e+07 1e+07 1e+07 1e+07 1e+07 1e+07 1e+07 1e+07 1e+07 1e+07 1e+07 1e+07 1e+07 1e+07 1e+07 1e+07 1e+07 1e+07 1e+07 1e+07 9.64342e+06 1e+07 1e+07 1e+07 1e+07 1e+07 1e+07 1e+07 1e+07 32211 12169 6307 2649 9675 1285 3733 9063 576 2448 803 6699 274 872 158 319 129 1102 130 80 751 252 105 429 86 413 161 469 557 45 24 58 21 1045 
0.28 1e+07 1e+07 1e+07 1e+07 1e+07 1e+07 1e+07 1e+07 1e+07 1e+07 1e+07 1e+07 1e+07 1e+07 1e+07 1e+07 1e+07 1e+07 1e+07 1e+07 1e+07 1e+07 1e+07 1e+07 1e+07 1e+07 1e+07 1e+07 1e+07 1e+07 1e+07 1e+07 1e+07 1e+07 1e+07 3.11456e+06 7.94425e+06 2.4752e+06 1.55135e+06 1e+07 1e+07 1e+07 1e+07 1e+07 1e+07 12406 7829 7049 7876 3014 3144 1629 1211 574 3684 5717 1404 1417 394 294 497 437 111 2342 1756 4074 156 122 133 217 210 173 227 136 82 88 15 16 37 162 
0.29 1e+07 1e+07 1e+07 1e+07 1e+07 1e+07 1e+07 1e+07 1e+07 1e+07 1e+07 1e+07 1e+07 1e+07 1e+07 1e+07 1e+07 1e+07 1e+07 1e+07 1e+07 1e+07 1e+07 1e+07 1e+07 1e+07 1e+07 1e+07 1e+07 1e+07 1e+07 1e+07 1e+07 1e+07 1.94208e+06 767233 1.28329e+06 1.56487e+06 928794 1e+07 1e+07 1e+07 1e+07 1e+07 120626 12396 28502 9395 22592 1092 6232 8106 6376 4842 6597 427 6366 245 129 469 1415 267 167 47 112 198 137 456 45 117 244 11653 83 105 81 22 15 14 16 53 
0.3 1e+07 1e+07 1e+07 1e+07 1e+07 1e+07 1e+07 1e+07 1e+07 1e+07 1e+07 1e+07 1e+07 1e+07 1e+07 1e+07 1e+07 1e+07 1e+07 1e+07 1e+07 1e+07 1e+07 1e+07 1e+07 1e+07 1e+07 1e+07 1e+07 1e+07 1e+07 1e+07 1e+07 1.46594e+06 1.30535e+06 1.92924e+06 318361 394186 627604 1.76875e+06 40053 1e+07 1e+07 278159 21923 7476 6006 7373 2178 12809 2785 3702 552 1067 1524 16552 36898 5984 230 91 40 33 62 73 266 297 204 44 2750 149 53 59 186 193 144 69 322 13 13 36 
0.31 1e+07 1e+07 1e+07 1e+07 1e+07 1e+07 1e+07 1e+07 1e+07 1e+07 1e+07 1e+07 1e+07 1e+07 1e+07 1e+07 1e+07 1e+07 1e+07 1e+07 1e+07 1e+07 1e+07 1e+07 1e+07 1e+07 1e+07 1e+07 1e+07 1e+07 1e+07 1e+07 721143 520219 290110 605886 3.73528e+06 216467 44217 60361 97246 31720 23567 26336 10184 13524 7433 9112 2804 2873 6579 450 2349 8285 561 606 274 385 535 194 136 32 55 81 318 390 342 240 32 75 153 1725 27 69 79 20 22 14 13 13 
