epsilon_k[0] 0.1
epsilon_k[0] 2.18e-05
epsilon_k[0] 7.08e-05
epsilon_k[0] 2.54e-05
epsilon_k[0] 1e-05
epsilon_k[0] 7.8e-06
epsilon_k[0] 0.218
omega_x0 0.31
omega_y0 0.32
dx 0.01
n_theta 100
dtheta 0.00785398
epsilon 1
max_turns 10000000
from_angle 72
to_angle 80
0.565487 1e+07 1e+07 1e+07 3050 1083 896 
0.573341 1e+07 1e+07 1e+07 3050 1082 896 
0.581195 1e+07 1e+07 1e+07 3050 1082 896 
0.589049 1e+07 1e+07 1e+07 3051 1081 896 
0.596903 1e+07 1e+07 1e+07 3053 1081 896 
0.604757 1e+07 1e+07 1e+07 3057 1081 896 
0.612611 1e+07 1e+07 1e+07 3069 1081 896 
0.620465 1e+07 1e+07 1e+07 3120 1081 896 
0.628319 1e+07 1e+07 1e+07 3249 1081 896 
