epsilon_k[0] 0.0001
epsilon_k[1] 2.18e-05
epsilon_k[2] 7.08e-05
epsilon_k[3] 2.54e-05
epsilon_k[4] 1e-05
epsilon_k[5] 7.8e-06
epsilon_k[6] 2.18e-05
omega_x0 0.168
omega_y0 0.201
dx 0.01
n_theta 100
dtheta 0.015708
epsilon 30
max_turns 10000000
from_angle 30
to_angle 35
0.471239 1e+07 1e+07 1e+07 1e+07 1e+07 1e+07 1e+07 1e+07 1e+07 1e+07 1e+07 1e+07 1e+07 1e+07 1e+07 1e+07 1e+07 1e+07 1e+07 1e+07 1e+07 1e+07 1e+07 1e+07 1e+07 1e+07 1e+07 1e+07 1e+07 1e+07 1e+07 1e+07 1e+07 1e+07 1e+07 1e+07 1e+07 1e+07 1e+07 8.71708e+06 1e+07 1e+07 1e+07 1e+07 5.94885e+06 1.48162e+06 3.04565e+06 456780 5.32923e+06 1.21472e+06 74088 91648 214847 138463 1.5958e+06 9983 1e+07 2542 8511 3504 1252 616 2609 240 706 2670 445 4730 122 97 48 124 52 51 102 585 126 58 75 68 32 41 55 30 174 82 44 33 24 32 28 16 14 13 13 13 24 18 14 13 
0.486947 1e+07 1e+07 1e+07 1e+07 1e+07 1e+07 1e+07 1e+07 1e+07 1e+07 1e+07 1e+07 1e+07 1e+07 1e+07 1e+07 1e+07 1e+07 1e+07 1e+07 1e+07 1e+07 1e+07 1e+07 1e+07 1e+07 1e+07 1e+07 1e+07 1e+07 1e+07 1e+07 1e+07 1e+07 1e+07 8.78931e+06 1e+07 9.03489e+06 1e+07 1e+07 3.31681e+06 1e+07 1e+07 1e+07 1e+07 2.21486e+06 654935 748278 1.14082e+06 305938 239561 55091 53836 28533 13324 58294 7971 10790 3186 3770 7418 3186 8193 12191 7025 650 459 419 614 151 48 31 103 211 111 43 42 161 48 53 73 239 75 165 48 66 35 89 148 40 66 27 41 21 45 20 16 16 15 23 
0.502655 1e+07 1e+07 1e+07 1e+07 1e+07 1e+07 1e+07 1e+07 1e+07 1e+07 1e+07 1e+07 1e+07 1e+07 1e+07 1e+07 1e+07 1e+07 1e+07 1e+07 1e+07 1e+07 1e+07 1e+07 1e+07 1e+07 1e+07 1e+07 1e+07 1e+07 1e+07 1e+07 1e+07 1e+07 1e+07 1e+07 1e+07 8.96742e+06 1e+07 1e+07 1e+07 1e+07 1e+07 6.21965e+06 3.77235e+06 1e+07 429226 6.67042e+06 162642 395235 213099 905100 29631 52819 15009 11965 5269 3189 5944 2277 2467 1953 2273 601 1146 135 591 502 336 145 1357 218 53 43 189 139 52 411 116 70 77 59 90 711 87 75 83 45 21 15 15 15 25 20 18 26 17 40 24 27 
0.518363 1e+07 1e+07 1e+07 1e+07 1e+07 1e+07 1e+07 1e+07 1e+07 1e+07 1e+07 1e+07 1e+07 1e+07 1e+07 1e+07 1e+07 1e+07 1e+07 1e+07 1e+07 1e+07 1e+07 1e+07 1e+07 1e+07 1e+07 1e+07 1e+07 1e+07 1e+07 1e+07 1e+07 1e+07 1e+07 1e+07 1e+07 9.29618e+06 1e+07 1e+07 8.43733e+06 6.90868e+06 7.89272e+06 3.46805e+06 1e+07 3.26187e+06 5.40263e+06 1e+07 391292 236506 79120 583966 92383 29139 11900 22747 5667 73952 11681 3035 6394 2148 6053 7204 178 189 458 283 98 105 251 229 182 55 55 80 55 36 70 59 33 43 63 284 178 69 48 47 19 28 40 28 26 29 21 11 10 9 9 9 
0.534071 1e+07 1e+07 1e+07 1e+07 1e+07 1e+07 1e+07 1e+07 1e+07 1e+07 1e+07 1e+07 1e+07 1e+07 1e+07 1e+07 1e+07 1e+07 1e+07 1e+07 1e+07 1e+07 1e+07 1e+07 1e+07 1e+07 1e+07 1e+07 1e+07 1e+07 1e+07 1e+07 1e+07 1e+07 1e+07 1e+07 1e+07 1e+07 1e+07 6.57467e+06 4.04605e+06 1e+07 3.94211e+06 1e+07 2.25214e+06 1.20434e+06 1e+07 7.54744e+06 284295 499405 243281 68596 55381 21130 30224 11331 2682 17630 1741 3066 2189 1061 2132 379 623 277 98 234 138 103 110 51 74 823 147 373 62 61 33 142 71 107 42 55 41 127 31 18 36 20 18 90 12 10 9 9 8 8 8 8 
