epsilon_k[0]0.1
epsilon_k[0]2.18e-05
epsilon_k[0]7.08e-05
epsilon_k[0]2.54e-05
epsilon_k[0]1e-05
epsilon_k[0]7.8e-06
epsilon_k[0]0.218
omega_x01.94779
omega_y02.01062
dx 0.01
n_theta 100
dtheta 0.00785398
epsilon 1
max_turns 10000000
from_angle 40
to_angle 48
0.314159 1e+07 1e+07 1e+07 2839 1313 902 
0.322013 1e+07 1e+07 1e+07 2808 1312 901 
0.329867 1e+07 1e+07 1e+07 2781 1312 901 
0.337721 1e+07 1e+07 1e+07 2807 1312 900 
0.345575 1e+07 1e+07 1e+07 2814 1311 900 
0.353429 1e+07 1e+07 1e+07 2819 1311 899 
0.361283 1e+07 1e+07 1e+07 2848 1311 899 
0.369137 1e+07 1e+07 1e+07 2960 1311 898 
