epsilon_k[0] 0.1
epsilon_k[0] 2.18e-05
epsilon_k[0] 7.08e-05
epsilon_k[0] 2.54e-05
epsilon_k[0] 1e-05
epsilon_k[0] 7.8e-06
epsilon_k[0] 0.218
omega_x0 0.168
omega_y0 0.201
dx 0.01
n_theta 100
dtheta 0.00785398
epsilon 32
max_turns 10000000
from_angle 40
to_angle 48
0.314159 1e+07 88155 8886 4812 2833 2086 995 
0.322013 1e+07 67074 8887 6067 3278 2042 1015 509 
0.329867 1e+07 59566 8894 5243 3216 2918 1058 490 
0.337721 1e+07 59711 8932 5241 3223 2166 1196 528 
0.345575 1e+07 59812 8983 4334 3263 2051 1324 549 
0.353429 1e+07 60098 11260 4247 3288 2085 2085 572 
0.361283 1e+07 60109 10224 4226 3325 2142 2142 653 
0.369137 1e+07 60969 9436 4264 3328 3286 2301 956 
