epsilon_k[0] 0.1
epsilon_k[0] 2.18e-05
epsilon_k[0] 7.08e-05
epsilon_k[0] 2.54e-05
epsilon_k[0] 1e-05
epsilon_k[0] 7.8e-06
epsilon_k[0] 0.218
omega_x0 0.28
omega_y0 0.31
dx 0.01
n_theta 100
dtheta 0.00785398
epsilon 1
max_turns 10000000
from_angle 8
to_angle 16
0.0628319 1e+07 1e+07 26554 4848 4848 1381 508 
0.0706858 1e+07 1e+07 27429 8969 4865 1330 507 
0.0785398 1e+07 1e+07 17863 4154 4154 1310 509 
0.0863938 1e+07 1e+07 24035 3990 3990 1307 503 
0.0942478 1e+07 1e+07 16074 3978 3978 1307 455 
0.102102 1e+07 1e+07 15271 3977 3977 1251 453 
0.109956 1e+07 1e+07 15207 3992 3992 1244 451 
0.11781 1e+07 1e+07 16724 5305 4550 1229 451 
0.125664 1e+07 1e+07 14481 4775 4775 1168 450 
