epsilon_k[0] 0.0001
epsilon_k[1] 2.18e-05
epsilon_k[2] 7.08e-05
epsilon_k[3] 2.54e-05
epsilon_k[4] 1e-05
epsilon_k[5] 7.8e-06
epsilon_k[6] 2.18e-05
omega_x0 0.28
omega_y0 0.31
dx 0.01
n_theta 100
dtheta 0.015708
epsilon 12
max_turns 10000000
from_angle 96
to_angle 101
1.50796 1e+07 1e+07 1e+07 1e+07 1e+07 1e+07 1e+07 1e+07 1e+07 1e+07 1e+07 1e+07 1e+07 1e+07 1e+07 1e+07 1e+07 1e+07 1e+07 1e+07 1e+07 1e+07 1e+07 1e+07 1e+07 1e+07 1e+07 1e+07 1e+07 1e+07 1e+07 1e+07 1e+07 1e+07 1e+07 1e+07 1e+07 1e+07 1.91768e+06 10435 52 
1.52367 1e+07 1e+07 1e+07 1e+07 1e+07 1e+07 1e+07 1e+07 1e+07 1e+07 1e+07 1e+07 1e+07 1e+07 1e+07 1e+07 1e+07 1e+07 1e+07 1e+07 1e+07 1e+07 1e+07 1e+07 1e+07 1e+07 1e+07 1e+07 1e+07 1e+07 1e+07 1e+07 1e+07 1e+07 1e+07 1e+07 1e+07 8.05622e+06 915885 9572 84 
1.53938 1e+07 1e+07 1e+07 1e+07 1e+07 1e+07 1e+07 1e+07 1e+07 1e+07 1e+07 1e+07 1e+07 1e+07 1e+07 1e+07 1e+07 1e+07 1e+07 1e+07 1e+07 1e+07 1e+07 1e+07 1e+07 1e+07 1e+07 1e+07 1e+07 1e+07 1e+07 1e+07 1e+07 1e+07 1e+07 1e+07 1e+07 1.71991e+06 1.71991e+06 848 
1.55509 1e+07 1e+07 1e+07 1e+07 1e+07 1e+07 1e+07 1e+07 1e+07 1e+07 1e+07 1e+07 1e+07 1e+07 1e+07 1e+07 1e+07 1e+07 1e+07 1e+07 1e+07 1e+07 1e+07 1e+07 1e+07 1e+07 1e+07 1e+07 1e+07 1e+07 1e+07 1e+07 1e+07 1e+07 1e+07 1e+07 1e+07 1.83368e+06 732723 798 
1.5708 1e+07 1e+07 1e+07 1e+07 1e+07 1e+07 1e+07 1e+07 1e+07 1e+07 1e+07 1e+07 1e+07 1e+07 1e+07 1e+07 1e+07 1e+07 1e+07 1e+07 1e+07 1e+07 1e+07 1e+07 1e+07 1e+07 1e+07 1e+07 1e+07 1e+07 1e+07 1e+07 1e+07 1e+07 1e+07 1e+07 5.67056e+06 664963 65149 1766 19 
1.5865 1e+07 1e+07 1e+07 1e+07 1e+07 1e+07 1e+07 1e+07 1e+07 1e+07 1e+07 1e+07 1e+07 1e+07 1e+07 1e+07 1e+07 1e+07 1e+07 1e+07 1e+07 1e+07 1e+07 1e+07 1e+07 1e+07 1e+07 1e+07 1e+07 1e+07 1e+07 1e+07 1e+07 1e+07 1e+07 1e+07 3.39439e+06 3.39439e+06 3492 2030 18 
