epsilon_k[0] 0.1
epsilon_k[0] 2.18e-05
epsilon_k[0] 7.08e-05
epsilon_k[0] 2.54e-05
epsilon_k[0] 1e-05
epsilon_k[0] 7.8e-06
epsilon_k[0] 0.218
omega_x0 0.31
omega_y0 0.32
dx 0.01
n_theta 100
dtheta 0.00785398
epsilon 1
max_turns 10000000
from_angle 56
to_angle 64
0.439823 1e+07 1e+07 1e+07 3051 1225 897 
0.447677 1e+07 1e+07 1e+07 3049 1189 897 
0.455531 1e+07 1e+07 1e+07 3049 1180 897 
0.463385 1e+07 1e+07 1e+07 3055 1178 896 
0.471239 1e+07 1e+07 1e+07 3192 1176 896 
0.479093 1e+07 1e+07 1e+07 3044 1165 896 
0.486947 1e+07 1e+07 1e+07 2977 1158 896 
0.494801 1e+07 1e+07 1e+07 2969 1155 896 
