epsilon_k[0] 0.0001
epsilon_k[1] 2.18e-05
epsilon_k[2] 7.08e-05
epsilon_k[3] 2.54e-05
epsilon_k[4] 1e-05
epsilon_k[5] 7.8e-06
epsilon_k[6] 2.18e-05
omega_x0 0.168
omega_y0 0.201
dx 0.01
n_theta 100
dtheta 0.015708
epsilon 6
max_turns 10000000
from_angle 80
to_angle 85
1.25664 1e+07 1e+07 1e+07 1e+07 1e+07 1e+07 1e+07 1e+07 1e+07 1e+07 1e+07 1e+07 1e+07 1e+07 1e+07 1e+07 1e+07 1e+07 1e+07 1e+07 1e+07 1e+07 1e+07 1e+07 1e+07 1e+07 1e+07 1e+07 1e+07 1e+07 1e+07 1e+07 1e+07 1e+07 1e+07 1e+07 1e+07 2.81378e+06 1e+07 1e+07 1.43514e+06 339209 491938 96810 834493 260616 252574 24902 2045 10019 2165 996 254 810 377 683 255 430 63 388 94 204 149 81 77 227 44 100 206 87 204 17 64 29 75 10 8 8 8 7 7 7 7 7 6 6 6 6 6 6 6 6 6 6 6 6 6 5 5 5 
1.27235 1e+07 1e+07 1e+07 1e+07 1e+07 1e+07 1e+07 1e+07 1e+07 1e+07 1e+07 1e+07 1e+07 1e+07 1e+07 1e+07 1e+07 1e+07 1e+07 1e+07 1e+07 1e+07 1e+07 1e+07 1e+07 1e+07 1e+07 1e+07 1e+07 1e+07 1e+07 1e+07 1e+07 1e+07 1e+07 1e+07 1e+07 1e+07 3.36893e+06 5.97692e+06 2.53081e+06 660677 140650 834310 224281 86388 14134 14326 2045 1340 4801 5531 1420 5109 355 11095 927 294 210 194 34 34 274 26 90 157 45 89 289 37 35 558 18 44 32 25 10 8 8 8 7 7 7 7 7 6 6 6 6 6 6 6 6 6 6 6 6 6 5 5 
1.28805 1e+07 1e+07 1e+07 1e+07 1e+07 1e+07 1e+07 1e+07 1e+07 1e+07 1e+07 1e+07 1e+07 1e+07 1e+07 1e+07 1e+07 1e+07 1e+07 1e+07 1e+07 1e+07 1e+07 1e+07 1e+07 1e+07 1e+07 1e+07 1e+07 1e+07 1e+07 1e+07 1e+07 1e+07 1e+07 1e+07 1e+07 1e+07 1e+07 2.27688e+06 297261 289375 254107 90471 68991 132459 19190 48968 147030 13463 4070 3351 461 581 58519 723 282 1074 815 219 106 39 207 110 49 67 110 74 48 66 111 86 36 17 81 38 33 10 9 8 8 7 7 7 7 7 6 6 6 6 6 6 6 6 6 6 6 6 6 6 
1.30376 1e+07 1e+07 1e+07 1e+07 1e+07 1e+07 1e+07 1e+07 1e+07 1e+07 1e+07 1e+07 1e+07 1e+07 1e+07 1e+07 1e+07 1e+07 1e+07 1e+07 1e+07 1e+07 1e+07 1e+07 1e+07 1e+07 1e+07 1e+07 1e+07 1e+07 1e+07 1e+07 1e+07 1e+07 1e+07 1e+07 1e+07 1e+07 7.12666e+06 3.44226e+06 1.92907e+06 153629 3.48497e+06 474526 538348 128214 280377 42705 5847 2652 2043 2242 1730 6094 931 385 278 1805 237 466 34 26 352 242 88 40 88 39 166 59 70 117 37 63 16 16 75 27 12 9 8 8 7 7 7 7 7 7 6 6 6 6 6 6 6 6 6 6 6 6 
1.31947 1e+07 1e+07 1e+07 1e+07 1e+07 1e+07 1e+07 1e+07 1e+07 1e+07 1e+07 1e+07 1e+07 1e+07 1e+07 1e+07 1e+07 1e+07 1e+07 1e+07 1e+07 1e+07 1e+07 1e+07 1e+07 1e+07 1e+07 1e+07 1e+07 1e+07 1e+07 1e+07 1e+07 1e+07 1e+07 1e+07 1e+07 1e+07 1e+07 7.26948e+06 1.98278e+06 272273 3.17987e+06 165512 96636 170940 1.07206e+06 8587 2512 14147 1065 20533 1523 3122 1026 5599 3067 426 225 115 95 305 41 950 170 217 130 49 41 71 34 65 44 33 24 21 66 53 19 23 10 8 8 8 7 7 7 7 7 7 6 6 6 6 6 6 6 6 6 6 
1.33518 1e+07 1e+07 1e+07 1e+07 1e+07 1e+07 1e+07 1e+07 1e+07 1e+07 1e+07 1e+07 1e+07 1e+07 1e+07 1e+07 1e+07 1e+07 1e+07 1e+07 1e+07 1e+07 1e+07 1e+07 1e+07 1e+07 1e+07 1e+07 1e+07 1e+07 1e+07 1e+07 1e+07 1e+07 1e+07 1e+07 1e+07 1e+07 1e+07 9.57945e+06 3.91192e+06 2.0655e+06 306619 1.20739e+06 6.4318e+06 199915 119816 47734 21411 4047 1548 1154 10099 869 315 800 283 658 307 392 1159 180 24 61 56 30 87 24 36 37 51 92 84 30 17 18 16 16 14 40 17 20 10 8 8 8 7 7 7 7 7 7 6 6 6 6 6 6 6 6 
