epsilon_k[0]0.1
epsilon_k[0]2.18e-05
epsilon_k[0]7.08e-05
epsilon_k[0]2.54e-05
epsilon_k[0]1e-05
epsilon_k[0]7.8e-06
epsilon_k[0]0.218
omega_x01.05558
omega_y01.26292
dx 0.01
n_theta 100
dtheta 0.00785398
epsilon 32
max_turns 10000000
from_angle 8
to_angle 16
0.0628319 1e+07 44636 11494 4905 1783 1230 953 
0.0706858 1e+07 44636 17432 4813 1783 1286 926 
0.0785398 1e+07 44636 15960 4751 1784 1412 918 
0.0863938 1e+07 44664 30343 4729 1786 1630 897 
0.0942478 1e+07 45218 15400 4730 1793 1556 892 
0.102102 1e+07 45254 12480 4733 1800 1442 893 
0.109956 1e+07 49943 11616 4744 1808 1400 880 
0.11781 1e+07 45521 11226 4772 1817 1318 880 
0.125664 1e+07 47642 11221 5100 1833 1283 881 
