epsilon_k[0] 0.0001
epsilon_k[1] 2.18e-05
epsilon_k[2] 7.08e-05
epsilon_k[3] 2.54e-05
epsilon_k[4] 1e-05
epsilon_k[5] 7.8e-06
epsilon_k[6] 2.18e-05
omega_x0 0.168
omega_y0 0.201
dx 0.01
epsilon 12
max_turns 10000000
from_y 48
to_y 56
0.48 3.06876e+06 1e+07 663357 607427 2.74451e+06 106334 70318 94726 10232 6695 19407 296534 3455 8341 2482 3409 3871 2681 1264 815 3687 1118 1925 1554 991 2054 1426 719 1841 899 734 188 477 141 242 757 469 54 36 415 357 19 22 111 86 49 19 74 20 21 16 14 40 159 50 43 124 50 89 31 58 82 48 52 147 93 96 48 85 23 38 39 25 46 26 35 18 20 10 9 
0.49 586475 1.70809e+06 529104 491523 74303 78351 49785 95414 65646 3664 13541 5066 4805 1196 3065 524 470 2833 12528 10746 10655 1677 2336 588 9408 9027 264 188 328 498 305 587 1386 129 454 129 79 76 59 131 33 140 18 87 104 39 19 30 29 13 12 12 12 12 12 15 62 19 40 35 44 29 122 136 42 34 89 77 66 30 22 21 47 54 81 37 20 30 10 9 
0.5 957335 807926 243760 151651 45715 1.98622e+06 56859 15319 2417 1570 3090 7124 5377 2462 3084 7151 2103 889 7815 4670 639 928 352 845 247 133 141 174 154 114 598 211 3657 289 162 531 80 240 37 59 33 24 62 18 278 64 18 25 14 12 11 11 11 11 11 11 12 14 282 62 52 23 18 29 22 43 97 42 90 17 18 28 26 25 39 34 18 24 9 9 
0.51 4.06063e+06 1.56134e+06 2.96179e+06 36239 52276 1.54486e+06 8085 204161 1914 3293 3304 1719 6123 911 1677 786 3183 1454 1334 2290 223 901 323 703 598 468 54 218 109 113 399 633 192 138 523 228 63 87 53 339 100 149 353 54 18 89 22 31 21 12 11 11 11 11 11 11 11 11 12 118 21 31 50 16 24 15 44 90 49 18 16 17 53 51 19 34 18 19 9 9 
0.52 3.20679e+06 107940 87578 23973 14127 5575 1117 5459 4483 1968 1443 2602 1611 2627 1664 788 911 869 2161 2178 302 415 150 604 165 722 433 356 203 110 80 102 327 148 73 353 183 158 361 47 138 45 116 30 35 17 89 25 27 12 11 11 11 10 10 10 10 10 11 11 13 34 28 33 16 47 14 32 26 48 16 16 22 37 49 16 24 28 9 9 
0.53 123020 376196 26667 23894 2705 4979 4187 6859 1502 3996 2252 647 462 2053 1421 667 2251 5676 11471 431 964 120 66 644 215 57 154 224 67 111 124 176 89 286 49 50 120 45 24 340 39 197 34 86 37 55 17 54 28 37 12 11 10 10 10 10 10 10 10 10 11 12 18 20 23 15 14 13 28 34 17 16 16 19 21 29 26 15 10 9 
0.54 266232 541771 9157 3833 6124 818 2521 2948 475 5853 700 759 956 615 16589 23973 196 172 1246 599 88 456 104 143 100 59 339 210 75 56 164 60 25 103 295 18 18 17 17 17 17 37 22 105 67 44 22 24 35 26 25 11 11 10 10 10 10 10 10 10 10 10 11 14 16 27 15 13 13 19 18 15 20 15 17 21 20 23 11 9 
0.55 417396 5074 11700 6563 1071 2567 432 551 1520 775 379 290 418 730 348 554 264 228 82 6286 340 149 58 45 58 33 100 42 77 94 25 38 306 28 52 38 23 28 340 72 23 27 16 16 17 41 96 41 31 16 21 26 11 10 10 10 10 10 10 10 10 10 10 10 12 33 14 15 13 13 24 19 15 25 15 18 35 71 21 9 
