epsilon_k[0] 0.0001
epsilon_k[1] 2.18e-05
epsilon_k[2] 7.08e-05
epsilon_k[3] 2.54e-05
epsilon_k[4] 1e-05
epsilon_k[5] 7.8e-06
epsilon_k[6] 2.18e-05
omega_x0 0.28
omega_y0 0.31
dx 0.01
epsilon 2
max_turns 10000000
from_y 8
to_y 16
0.08 1e+07 1e+07 1e+07 1e+07 1e+07 1e+07 1e+07 1e+07 1e+07 1e+07 1e+07 1e+07 1e+07 1e+07 1e+07 1e+07 1e+07 1e+07 1e+07 1e+07 1e+07 1e+07 1e+07 1e+07 1e+07 1e+07 1e+07 1e+07 1e+07 1e+07 1e+07 627 1e+07 1e+07 1e+07 1e+07 1e+07 1e+07 1e+07 1e+07 1e+07 1e+07 1e+07 679535 346515 1e+07 1e+07 1e+07 73604 153 52 34 92 26 23 26 18 17 18 21 19 15 14 13 12 12 12 12 11 11 11 11 11 11 11 11 11 11 10 10 
0.09 1e+07 1e+07 1e+07 1e+07 1e+07 1e+07 1e+07 1e+07 1e+07 1e+07 1e+07 1e+07 1e+07 1e+07 1e+07 1e+07 1e+07 1e+07 1e+07 1e+07 1e+07 1e+07 1e+07 1e+07 1e+07 1e+07 1e+07 1e+07 1e+07 1e+07 1e+07 516 1e+07 1e+07 1e+07 1e+07 1e+07 1e+07 1e+07 1e+07 1e+07 1e+07 260593 4.25761e+06 358283 155082 1.81036e+06 77770 8156 88 45 40 24 27 18 16 16 16 16 20 17 14 13 13 12 12 12 12 12 12 12 12 11 11 11 10 10 10 10 10 
0.1 1e+07 1e+07 1e+07 1e+07 1e+07 1e+07 1e+07 1e+07 1e+07 1e+07 1e+07 1e+07 1e+07 1e+07 1e+07 1e+07 1e+07 1e+07 1e+07 1e+07 1e+07 1e+07 1e+07 1e+07 1e+07 1e+07 1e+07 1e+07 1e+07 1e+07 1e+07 451 466 1e+07 1e+07 1e+07 1e+07 1e+07 1e+07 1e+07 1e+07 1e+07 1.24235e+06 2.04478e+06 146254 2.40094e+06 100282 3866 1630 77 39 24 23 17 16 15 15 15 16 19 17 14 13 13 12 12 12 14 14 12 11 11 10 10 10 10 10 10 10 10 
0.11 1e+07 1e+07 1e+07 1e+07 1e+07 1e+07 1e+07 1e+07 1e+07 1e+07 1e+07 1e+07 1e+07 1e+07 1e+07 1e+07 1e+07 1e+07 1e+07 1e+07 1e+07 1e+07 1e+07 1e+07 1e+07 1e+07 1e+07 1e+07 1e+07 1e+07 4.69644e+06 355 268 1e+07 1e+07 1e+07 1e+07 1e+07 1e+07 1e+07 1e+07 1e+07 4.51322e+06 357156 1e+07 1e+07 385712 15297 144 47 25 23 17 16 15 15 15 15 16 20 17 14 13 13 13 14 13 12 11 11 10 10 10 10 10 10 10 10 10 11 
0.12 1e+07 1e+07 1e+07 1e+07 1e+07 1e+07 1e+07 1e+07 1e+07 1e+07 1e+07 1e+07 1e+07 1e+07 1e+07 1e+07 1e+07 1e+07 1e+07 1e+07 1e+07 1e+07 1e+07 1e+07 1e+07 1e+07 1e+07 1e+07 1e+07 1e+07 1e+07 305 216 1e+07 1e+07 1e+07 1e+07 1e+07 1e+07 1e+07 1e+07 1e+07 428743 1.7415e+06 1e+07 1e+07 11448 323 84 26 27 17 16 15 15 15 15 15 16 23 22 16 14 14 13 12 11 11 11 10 10 10 10 10 10 11 14 12 10 10 
0.13 1e+07 1e+07 1e+07 1e+07 1e+07 1e+07 1e+07 1e+07 1e+07 1e+07 1e+07 1e+07 1e+07 1e+07 1e+07 1e+07 1e+07 1e+07 1e+07 1e+07 1e+07 1e+07 1e+07 1e+07 1e+07 1e+07 1e+07 1e+07 1e+07 1e+07 1243 259 180 1564 1e+07 1e+07 1e+07 1e+07 1e+07 1e+07 1e+07 1e+07 295914 1.02941e+06 2.99401e+06 19227 3557 245 29 24 19 16 15 15 15 15 15 16 24 28 21 15 13 12 12 11 11 11 10 10 10 11 12 12 11 10 9 9 9 9 
0.14 1e+07 1e+07 1e+07 1e+07 1e+07 1e+07 1e+07 1e+07 1e+07 1e+07 1e+07 1e+07 1e+07 1e+07 1e+07 1e+07 1e+07 1e+07 1e+07 1e+07 1e+07 1e+07 1e+07 1e+07 1e+07 1e+07 1e+07 1e+07 1e+07 1e+07 4606 254 155 168 1e+07 1e+07 1e+07 1e+07 1e+07 1e+07 1e+07 1e+07 96266 1.29083e+06 47058 7627 742 50 26 22 18 16 15 15 15 15 17 57 33 20 15 13 12 12 11 11 11 11 11 11 13 10 10 9 9 9 8 8 8 8 
0.15 1e+07 1e+07 1e+07 1e+07 1e+07 1e+07 1e+07 1e+07 1e+07 1e+07 1e+07 1e+07 1e+07 1e+07 1e+07 1e+07 1e+07 1e+07 1e+07 1e+07 1e+07 1e+07 1e+07 1e+07 1e+07 1e+07 1e+07 1e+07 1e+07 1e+07 666 194 141 129 1e+07 1e+07 1e+07 1e+07 1e+07 1e+07 1e+07 7.2347e+06 73680 969236 37735 2603 253 38 25 22 18 17 17 17 18 26 44 23 17 15 13 12 11 11 11 11 11 12 11 10 9 9 9 8 8 8 8 8 8 8 
