epsilon_k[0] 0.0001
epsilon_k[1] 2.18e-05
epsilon_k[2] 7.08e-05
epsilon_k[3] 2.54e-05
epsilon_k[4] 1e-05
epsilon_k[5] 7.8e-06
epsilon_k[6] 2.18e-05
omega_x0 0.168
omega_y0 0.201
dx 0.01
epsilon 6
max_turns 10000000
from_y 16
to_y 24
0.16 1e+07 1e+07 1e+07 1e+07 1e+07 1e+07 1e+07 1e+07 1e+07 1e+07 1e+07 1e+07 1e+07 1e+07 1e+07 1e+07 1e+07 1e+07 1e+07 1e+07 1e+07 1e+07 1e+07 1e+07 1e+07 1e+07 1e+07 1e+07 1e+07 1e+07 1e+07 1e+07 1e+07 1e+07 1e+07 1e+07 1e+07 1e+07 1e+07 1e+07 1e+07 1e+07 1e+07 1e+07 1e+07 1e+07 1e+07 1e+07 1.81226e+06 5.56738e+06 148515 138460 97003 9927 42173 9814 6254 15457 11016 7943 7745 13972 5217 5751 520 6293 1997 1752 3355 1003 2581 1186 5445 511 352 732 244 141 335 195 
0.17 1e+07 1e+07 1e+07 1e+07 1e+07 1e+07 1e+07 1e+07 1e+07 1e+07 1e+07 1e+07 1e+07 1e+07 1e+07 1e+07 1e+07 1e+07 1e+07 1e+07 1e+07 1e+07 1e+07 1e+07 1e+07 1e+07 1e+07 1e+07 1e+07 1e+07 1e+07 1e+07 1e+07 1e+07 1e+07 1e+07 1e+07 1e+07 1e+07 1e+07 1e+07 1e+07 1e+07 1e+07 1e+07 1e+07 9.01122e+06 1e+07 1.54578e+06 2.09735e+06 413978 229396 39998 16391 17072 15257 6565 23328 1569 17726 5052 935 3891 151667 1237 3074 1586 236 2366 424 4652 701 369 438 381 178 170 391 325 637 
0.18 1e+07 1e+07 1e+07 1e+07 1e+07 1e+07 1e+07 1e+07 1e+07 1e+07 1e+07 1e+07 1e+07 1e+07 1e+07 1e+07 1e+07 1e+07 1e+07 1e+07 1e+07 1e+07 1e+07 1e+07 1e+07 1e+07 1e+07 1e+07 1e+07 1e+07 1e+07 1e+07 1e+07 1e+07 1e+07 1e+07 1e+07 1e+07 1e+07 1e+07 1e+07 1e+07 1e+07 1e+07 1e+07 3.19364e+06 5.40015e+06 2.27457e+06 563142 937638 318300 1.02404e+06 13296 27482 13993 37910 9192 24072 2647 4380 1237 767 4038 1026 3458 371 394 758 3529 1182 986 290 1951 260 82 353 248 10654 107 138 
0.19 1e+07 1e+07 1e+07 1e+07 1e+07 1e+07 1e+07 1e+07 1e+07 1e+07 1e+07 1e+07 1e+07 1e+07 1e+07 1e+07 1e+07 1e+07 1e+07 1e+07 1e+07 1e+07 1e+07 1e+07 1e+07 1e+07 1e+07 1e+07 1e+07 1e+07 1e+07 1e+07 1e+07 1e+07 1e+07 1e+07 1e+07 1e+07 1e+07 1e+07 1e+07 1e+07 1e+07 5.691e+06 2.46618e+06 1e+07 555314 672377 174035 333031 82013 19190 11923 77172 30984 5014 2259 6485 8807 3034 4178 5186 2034 866 2014 1543 2217 1307 1011 3172 441 355 97 305 196 203 2411 284 80 283 
0.2 1e+07 1e+07 1e+07 1e+07 1e+07 1e+07 1e+07 1e+07 1e+07 1e+07 1e+07 1e+07 1e+07 1e+07 1e+07 1e+07 1e+07 1e+07 1e+07 1e+07 1e+07 1e+07 1e+07 1e+07 1e+07 1e+07 1e+07 1e+07 1e+07 1e+07 1e+07 1e+07 1e+07 1e+07 1e+07 1e+07 1e+07 1e+07 1e+07 1e+07 1e+07 9.67627e+06 1e+07 3.68267e+06 1.06346e+06 671068 299201 1.37034e+06 115005 311642 20831 14108 167296 40230 23932 6105 843 1529 2078 9198 1959 3376 1021 773 805 855 1055 183 778 2205 664 568 797 329 1518 578 522 108 217 299 
0.21 1e+07 1e+07 1e+07 1e+07 1e+07 1e+07 1e+07 1e+07 1e+07 1e+07 1e+07 1e+07 1e+07 1e+07 1e+07 1e+07 1e+07 1e+07 1e+07 1e+07 1e+07 1e+07 1e+07 1e+07 1e+07 1e+07 1e+07 1e+07 1e+07 1e+07 1e+07 1e+07 1e+07 1e+07 1e+07 1e+07 1e+07 1e+07 1e+07 1e+07 1e+07 8.25835e+06 1e+07 6.95865e+06 3.65479e+06 2.27166e+06 845133 276965 812750 61210 20362 38453 22374 5237 10152 11004 4884 6537 2020 3236 6470 607 549 23074 1636 2179 2403 1093 263 189 437 2759 359 82 486 94 170 1517 472 333 
0.22 1e+07 1e+07 1e+07 1e+07 1e+07 1e+07 1e+07 1e+07 1e+07 1e+07 1e+07 1e+07 1e+07 1e+07 1e+07 1e+07 1e+07 1e+07 1e+07 1e+07 1e+07 1e+07 1e+07 1e+07 1e+07 1e+07 1e+07 1e+07 1e+07 1e+07 1e+07 1e+07 1e+07 1e+07 1e+07 1e+07 1e+07 1e+07 1e+07 1e+07 6.67872e+06 1e+07 1e+07 2.08716e+06 2.58969e+06 1.46823e+06 718947 338620 137470 26177 25016 20653 37041 9229 6008 4096 2459 1847 995 645 1716 1117 505 2842 14063 432 640 306 3488 670 451 711 67 344 340 68 210 425 34 35 
0.23 1e+07 1e+07 1e+07 1e+07 1e+07 1e+07 1e+07 1e+07 1e+07 1e+07 1e+07 1e+07 1e+07 1e+07 1e+07 1e+07 1e+07 1e+07 1e+07 1e+07 1e+07 1e+07 1e+07 1e+07 1e+07 1e+07 1e+07 1e+07 1e+07 1e+07 1e+07 1e+07 1e+07 1e+07 1e+07 1e+07 1e+07 1e+07 1e+07 1e+07 8.08102e+06 4.51232e+06 1e+07 6.34561e+06 326321 3.05066e+06 247996 75530 425622 34942 8299 5200 10613 4271 6818 2315 6021 1501 3929 1739 1295 2090 95 662 2675 596 468 829 131 178 967 100 151 157 93 220 132 170 491 76 
