epsilon_k[0] 0.0001
epsilon_k[1] 2.18e-05
epsilon_k[2] 7.08e-05
epsilon_k[3] 2.54e-05
epsilon_k[4] 1e-05
epsilon_k[5] 7.8e-06
epsilon_k[6] 2.18e-05
omega_x0 0.168
omega_y0 0.201
dx 0.01
n_theta 100
dtheta 0.015708
epsilon 56
max_turns 10000000
from_angle 60
to_angle 65
0.942478 1e+07 1e+07 1e+07 1e+07 1e+07 1e+07 1e+07 1e+07 1e+07 1e+07 1e+07 1e+07 1e+07 1e+07 1e+07 1e+07 1e+07 1e+07 1e+07 1e+07 1e+07 1e+07 1e+07 1e+07 1e+07 1e+07 1e+07 1e+07 1e+07 1e+07 1e+07 1e+07 1e+07 1e+07 2.25014e+06 303071 268166 221277 70694 37053 23861 32496 7986 23516 23233 11001 9131 4452 6339 82731 4169 2907 4560 3268 994 1057 827 575 333 651 193 87 214 146 86 62 89 34 16 21 20 15 16 45 30 82 22 13 28 16 15 9 8 7 7 7 7 7 6 6 6 6 6 6 6 6 6 6 6 5 
0.958186 1e+07 1e+07 1e+07 1e+07 1e+07 1e+07 1e+07 1e+07 1e+07 1e+07 1e+07 1e+07 1e+07 1e+07 1e+07 1e+07 1e+07 1e+07 1e+07 1e+07 1e+07 1e+07 1e+07 1e+07 1e+07 1e+07 1e+07 1e+07 1e+07 1e+07 1e+07 1e+07 1e+07 1e+07 1e+07 2.04198e+06 2.09184e+06 264550 169821 75722 40070 28210 19815 15039 13708 4421 11222 89852 4741 3033 3317 1192 4027 2396 6736 760 574 2531 2264 149 206 916 109 144 123 196 85 16 35 56 78 31 35 192 267 20 14 17 26 11 8 8 7 7 7 7 6 6 6 6 6 6 6 6 6 6 6 5 5 5 
0.973894 1e+07 1e+07 1e+07 1e+07 1e+07 1e+07 1e+07 1e+07 1e+07 1e+07 1e+07 1e+07 1e+07 1e+07 1e+07 1e+07 1e+07 1e+07 1e+07 1e+07 1e+07 1e+07 1e+07 1e+07 1e+07 1e+07 1e+07 1e+07 1e+07 1e+07 1e+07 1e+07 1e+07 1e+07 1e+07 1e+07 2.17725e+06 99341 109327 34834 26002 20480 121814 5257 15422 22083 11091 1648 3123 1378 1584 5361 1651 12393 983 390 2225 6541 271 847 866 329 229 99 76 30 17 23 22 22 44 246 92 45 34 15 17 18 10 8 8 7 7 7 7 6 6 6 6 6 6 6 6 6 6 6 5 5 5 5 
0.989602 1e+07 1e+07 1e+07 1e+07 1e+07 1e+07 1e+07 1e+07 1e+07 1e+07 1e+07 1e+07 1e+07 1e+07 1e+07 1e+07 1e+07 1e+07 1e+07 1e+07 1e+07 1e+07 1e+07 1e+07 1e+07 1e+07 1e+07 1e+07 1e+07 1e+07 1e+07 1e+07 1e+07 1e+07 1e+07 1e+07 1e+07 241035 61678 73895 29923 25265 22758 11055 37473 6641 9606 3972 10801 2139 1386 1205 1496 492 1092 18336 2999 3963 2781 250 407 185 382 40 45 18 20 22 47 37 24 58 75 25 15 22 18 10 8 8 7 7 7 7 6 6 6 6 6 6 6 6 6 6 6 5 5 5 5 5 
1.00531 1e+07 1e+07 1e+07 1e+07 1e+07 1e+07 1e+07 1e+07 1e+07 1e+07 1e+07 1e+07 1e+07 1e+07 1e+07 1e+07 1e+07 1e+07 1e+07 1e+07 1e+07 1e+07 1e+07 1e+07 1e+07 1e+07 1e+07 1e+07 1e+07 1e+07 1e+07 1e+07 1e+07 1e+07 1e+07 1e+07 3.78546e+06 1.38518e+06 305838 166472 88539 30117 57593 154324 26120 9946 5381 5473 6348 1495 790 5756 1259 922 3857 2570 2109 8057 1092 318 447 87 47 138 44 17 32 147 43 74 94 56 21 14 71 44 11 8 8 7 7 7 7 7 6 6 6 6 6 6 6 6 6 6 5 5 5 5 5 5 
