epsilon_k[0] 0.0001
epsilon_k[1] 2.18e-05
epsilon_k[2] 7.08e-05
epsilon_k[3] 2.54e-05
epsilon_k[4] 1e-05
epsilon_k[5] 7.8e-06
epsilon_k[6] 2.18e-05
omega_x0 0.168
omega_y0 0.201
dx 0.01
n_theta 100
dtheta 0.015708
epsilon 4
max_turns 10000000
from_angle 90
to_angle 95
1.41372 1e+07 1e+07 1e+07 1e+07 1e+07 1e+07 1e+07 1e+07 1e+07 1e+07 1e+07 1e+07 1e+07 1e+07 1e+07 1e+07 1e+07 1e+07 1e+07 1e+07 1e+07 1e+07 1e+07 1e+07 1e+07 1e+07 1e+07 1e+07 1e+07 1e+07 1e+07 1e+07 1e+07 1e+07 1e+07 1e+07 1e+07 1e+07 1e+07 1e+07 1e+07 1e+07 1e+07 1e+07 4.77484e+06 1.7667e+06 2.14348e+06 69816 16586 1.0248e+06 5740 9862 7843 2723 852 7805 1000 837 2497 394 11027 459 392 408 218 91 43 66 115 138 60 42 446 57 47 19 21 17 15 17 35 24 15 16 17 37 81 12 11 10 10 10 10 10 10 10 10 10 10 12 
1.42942 1e+07 1e+07 1e+07 1e+07 1e+07 1e+07 1e+07 1e+07 1e+07 1e+07 1e+07 1e+07 1e+07 1e+07 1e+07 1e+07 1e+07 1e+07 1e+07 1e+07 1e+07 1e+07 1e+07 1e+07 1e+07 1e+07 1e+07 1e+07 1e+07 1e+07 1e+07 1e+07 1e+07 1e+07 1e+07 1e+07 1e+07 1e+07 1e+07 1e+07 1e+07 1e+07 1e+07 1e+07 6.31484e+06 1e+07 1.38328e+06 1.82152e+06 227221 65065 33567 2813 871 4585 9835 1565 1251 573 769 720 262 94 408 219 181 147 80 702 192 44 105 44 82 31 25 27 15 14 14 14 14 15 17 18 20 15 15 21 24 13 13 13 15 13 12 11 10 10 10 10 
1.44513 1e+07 1e+07 1e+07 1e+07 1e+07 1e+07 1e+07 1e+07 1e+07 1e+07 1e+07 1e+07 1e+07 1e+07 1e+07 1e+07 1e+07 1e+07 1e+07 1e+07 1e+07 1e+07 1e+07 1e+07 1e+07 1e+07 1e+07 1e+07 1e+07 1e+07 1e+07 1e+07 1e+07 1e+07 1e+07 1e+07 1e+07 1e+07 1e+07 1e+07 1e+07 1e+07 1e+07 1e+07 1e+07 4.81073e+06 1.11546e+06 580433 2.70378e+06 223070 34813 14654 5907 21043 8038 10604 754 3684 1618 1110 418 196 376 130 215 48 79 58 69 77 49 90 69 193 27 63 137 23 22 50 16 14 13 13 12 12 12 12 12 12 12 11 11 11 11 11 11 11 11 11 
1.46084 1e+07 1e+07 1e+07 1e+07 1e+07 1e+07 1e+07 1e+07 1e+07 1e+07 1e+07 1e+07 1e+07 1e+07 1e+07 1e+07 1e+07 1e+07 1e+07 1e+07 1e+07 1e+07 1e+07 1e+07 1e+07 1e+07 1e+07 1e+07 1e+07 1e+07 1e+07 1e+07 1e+07 1e+07 1e+07 1e+07 1e+07 1e+07 1e+07 1e+07 1e+07 1e+07 1e+07 1e+07 1e+07 8.78753e+06 1.93812e+06 700425 271515 151689 75406 63475 2802 12691 609 1410 341 594 1669 418 113 416 1072 256 119 146 134 358 90 160 94 34 76 324 26 26 44 52 74 29 21 19 19 26 16 18 20 14 13 13 13 23 16 20 12 11 10 10 10 9 
1.47655 1e+07 1e+07 1e+07 1e+07 1e+07 1e+07 1e+07 1e+07 1e+07 1e+07 1e+07 1e+07 1e+07 1e+07 1e+07 1e+07 1e+07 1e+07 1e+07 1e+07 1e+07 1e+07 1e+07 1e+07 1e+07 1e+07 1e+07 1e+07 1e+07 1e+07 1e+07 1e+07 1e+07 1e+07 1e+07 1e+07 1e+07 1e+07 1e+07 1e+07 1e+07 1e+07 1e+07 1e+07 1e+07 1e+07 3.13977e+06 5.28398e+06 1.15554e+06 596495 81243 19613 6297 7575 1360 2718 1002 339 335 411 5273 480 341 162 280 55 127 61 128 228 28 51 37 27 26 134 42 38 26 42 16 15 15 17 16 18 20 11 10 10 10 10 9 9 9 9 9 9 9 8 
1.49226 1e+07 1e+07 1e+07 1e+07 1e+07 1e+07 1e+07 1e+07 1e+07 1e+07 1e+07 1e+07 1e+07 1e+07 1e+07 1e+07 1e+07 1e+07 1e+07 1e+07 1e+07 1e+07 1e+07 1e+07 1e+07 1e+07 1e+07 1e+07 1e+07 1e+07 1e+07 1e+07 1e+07 1e+07 1e+07 1e+07 1e+07 1e+07 1e+07 1e+07 1e+07 1e+07 1e+07 1e+07 1e+07 1e+07 1e+07 5.00078e+06 7.35339e+06 359518 446164 27871 14372 9106 1990 1397 7683 18132 1809 648 2228 732 283 226 116 126 196 189 711 80 292 59 74 105 33 32 28 38 23 27 63 16 31 17 12 11 10 10 10 9 9 9 9 9 9 9 9 9 8 8 
