epsilon_k[0] 0.0001
epsilon_k[1] 2.18e-05
epsilon_k[2] 7.08e-05
epsilon_k[3] 2.54e-05
epsilon_k[4] 1e-05
epsilon_k[5] 7.8e-06
epsilon_k[6] 2.18e-05
omega_x0 0.168
omega_y0 0.201
dx 0.01
n_theta 100
dtheta 0.015708
epsilon 52
max_turns 10000000
from_angle 50
to_angle 60
0.785398 1e+07 1e+07 1e+07 1e+07 1e+07 1e+07 1e+07 1e+07 1e+07 1e+07 1e+07 1e+07 1e+07 1e+07 1e+07 1e+07 1e+07 1e+07 1e+07 1e+07 1e+07 1e+07 1e+07 1e+07 1e+07 1e+07 1e+07 1e+07 8.47573e+06 6.22871e+06 4.61154e+06 2.54313e+06 1.11204e+06 901479 901479 901479 901479 901479 901479 92065 92065 92065 92065 92065 92065 84817 84817 10259 10259 5283 1901 1901 1901 1901 1901 1901 1901 208 
0.801106 1e+07 1e+07 1e+07 1e+07 1e+07 1e+07 1e+07 1e+07 1e+07 1e+07 1e+07 1e+07 1e+07 1e+07 1e+07 1e+07 1e+07 1e+07 1e+07 1e+07 1e+07 1e+07 1e+07 1e+07 1e+07 1e+07 4.89218e+06 4.89218e+06 3.1554e+06 3.1554e+06 3.1554e+06 3.1554e+06 2.12811e+06 2.12811e+06 279118 279118 211836 211836 211836 211836 211836 43013 43013 37622 36206 14418 14418 14418 14418 4537 1713 1713 1713 1713 721 
0.816814 1e+07 1e+07 1e+07 1e+07 1e+07 1e+07 1e+07 1e+07 1e+07 1e+07 1e+07 1e+07 1e+07 1e+07 1e+07 1e+07 1e+07 1e+07 1e+07 1e+07 1e+07 1e+07 1e+07 1e+07 1e+07 1e+07 1e+07 5.91885e+06 5.91885e+06 5.91885e+06 3.36291e+06 989078 801807 582546 582546 582546 582546 582546 582546 582546 276412 54078 54078 54078 54078 40102 23296 13602 12740 3367 3367 3367 2255 1019 406 
0.832522 1e+07 1e+07 1e+07 1e+07 1e+07 1e+07 1e+07 1e+07 1e+07 1e+07 1e+07 1e+07 1e+07 1e+07 1e+07 1e+07 1e+07 1e+07 1e+07 1e+07 1e+07 1e+07 1e+07 1e+07 1e+07 1e+07 1e+07 1e+07 1e+07 1.87354e+06 1.87354e+06 1.87354e+06 1.87354e+06 1.27236e+06 621463 621463 621463 621463 621463 154018 154018 154018 110450 12272 12272 9494 9494 9494 9494 4850 4850 3343 1330 1330 1043 583 
0.84823 1e+07 1e+07 1e+07 1e+07 1e+07 1e+07 1e+07 1e+07 1e+07 1e+07 1e+07 1e+07 1e+07 1e+07 1e+07 1e+07 1e+07 1e+07 1e+07 1e+07 1e+07 1e+07 1e+07 1e+07 1e+07 1e+07 1e+07 1e+07 1e+07 5.27683e+06 4.02512e+06 4.02512e+06 1.94076e+06 1.94076e+06 241939 241939 241939 241939 241939 88668 45050 45050 13412 7358 7358 7358 7358 7358 6071 3333 2142 2142 2142 931 
0.863938 1e+07 1e+07 1e+07 1e+07 1e+07 1e+07 1e+07 1e+07 1e+07 1e+07 1e+07 1e+07 1e+07 1e+07 1e+07 1e+07 1e+07 1e+07 1e+07 1e+07 1e+07 1e+07 1e+07 1e+07 1e+07 1e+07 1e+07 1e+07 1e+07 1e+07 6.4548e+06 3.72165e+06 1.89028e+06 1.89028e+06 611511 611511 611511 213587 213587 213587 40799 40799 22843 15795 15795 13417 8253 8253 8253 7558 3983 3983 3983 2994 358 
0.879646 1e+07 1e+07 1e+07 1e+07 1e+07 1e+07 1e+07 1e+07 1e+07 1e+07 1e+07 1e+07 1e+07 1e+07 1e+07 1e+07 1e+07 1e+07 1e+07 1e+07 1e+07 1e+07 1e+07 1e+07 1e+07 1e+07 1e+07 1e+07 1e+07 1e+07 1e+07 1e+07 2.58021e+06 499667 254082 254082 254082 101558 79733 79733 79733 79733 18561 18561 10713 10713 10713 9705 9705 4515 4515 4515 4515 4515 1143 1143 456 
0.895354 1e+07 1e+07 1e+07 1e+07 1e+07 1e+07 1e+07 1e+07 1e+07 1e+07 1e+07 1e+07 1e+07 1e+07 1e+07 1e+07 1e+07 1e+07 1e+07 1e+07 1e+07 1e+07 1e+07 1e+07 1e+07 1e+07 1e+07 1e+07 1e+07 1e+07 1e+07 1e+07 2.03176e+06 2.03176e+06 628830 386758 353212 215401 96812 96812 96812 96812 22193 22193 22193 20949 20949 3640 2929 2520 2520 2520 2520 2520 1343 1343 1198 1198 503 
0.911062 1e+07 1e+07 1e+07 1e+07 1e+07 1e+07 1e+07 1e+07 1e+07 1e+07 1e+07 1e+07 1e+07 1e+07 1e+07 1e+07 1e+07 1e+07 1e+07 1e+07 1e+07 1e+07 1e+07 1e+07 1e+07 1e+07 1e+07 1e+07 1e+07 1e+07 1e+07 1e+07 1e+07 3.89825e+06 708864 674009 262363 130038 130038 82985 58321 25411 17919 9609 8904 8778 8778 8778 4337 4337 4337 1142 1142 1142 556 
0.92677 1e+07 1e+07 1e+07 1e+07 1e+07 1e+07 1e+07 1e+07 1e+07 1e+07 1e+07 1e+07 1e+07 1e+07 1e+07 1e+07 1e+07 1e+07 1e+07 1e+07 1e+07 1e+07 1e+07 1e+07 1e+07 1e+07 1e+07 1e+07 1e+07 1e+07 1e+07 1e+07 1e+07 5.13792e+06 5.13792e+06 477773 265005 50877 50877 35322 35322 35322 19266 5432 5432 5432 5432 5432 5432 3592 2924 2924 2924 1141 1088 566 
