epsilon_k[0] 0.0001
epsilon_k[1] 2.18e-05
epsilon_k[2] 7.08e-05
epsilon_k[3] 2.54e-05
epsilon_k[4] 1e-05
epsilon_k[5] 7.8e-06
epsilon_k[6] 2.18e-05
omega_x0 0.168
omega_y0 0.201
dx 0.01
n_theta 100
dtheta 0.015708
epsilon 8
max_turns 10000000
from_angle 50
to_angle 55
0.785398 1e+07 1e+07 1e+07 1e+07 1e+07 1e+07 1e+07 1e+07 1e+07 1e+07 1e+07 1e+07 1e+07 1e+07 1e+07 1e+07 1e+07 1e+07 1e+07 1e+07 1e+07 1e+07 1e+07 1e+07 1e+07 1e+07 1e+07 1e+07 1e+07 1e+07 1e+07 1e+07 1e+07 1e+07 1e+07 1e+07 1e+07 4.6953e+06 1e+07 1e+07 1e+07 1.29621e+06 1.61687e+06 204929 911052 3.61478e+06 187137 55178 6086 7149 7964 2376 2121 565 1925 591 480 1546 412 654 1126 218 172 356 1410 157 20 118 62 13 12 11 11 11 10 10 10 10 10 10 10 10 10 9 9 9 9 9 9 9 9 9 10 10 10 10 11 12 13 12 
0.801106 1e+07 1e+07 1e+07 1e+07 1e+07 1e+07 1e+07 1e+07 1e+07 1e+07 1e+07 1e+07 1e+07 1e+07 1e+07 1e+07 1e+07 1e+07 1e+07 1e+07 1e+07 1e+07 1e+07 1e+07 1e+07 1e+07 1e+07 1e+07 1e+07 1e+07 1e+07 1e+07 1e+07 1e+07 1e+07 1e+07 1e+07 1e+07 1e+07 1.05369e+06 1e+07 222382 402968 121934 819999 3.79305e+06 368062 27753 11706 6983 4629 6830 1875 3597 3130 448 2094 283 74 45395 38 64 301 153 143 73 21 55 20 14 12 11 11 11 11 11 10 10 10 10 10 10 10 10 11 11 12 12 15 12 13 15 13 11 11 11 19 13 13 11 
0.816814 1e+07 1e+07 1e+07 1e+07 1e+07 1e+07 1e+07 1e+07 1e+07 1e+07 1e+07 1e+07 1e+07 1e+07 1e+07 1e+07 1e+07 1e+07 1e+07 1e+07 1e+07 1e+07 1e+07 1e+07 1e+07 1e+07 1e+07 1e+07 1e+07 1e+07 1e+07 1e+07 1e+07 1e+07 1e+07 1e+07 1e+07 7.93914e+06 1e+07 587142 1e+07 2.28809e+06 1.08441e+06 213592 2.11216e+06 4.2147e+06 117456 148697 13001 8282 11333 1917 26024 956 644 463 370 1644 104 177 68 278 84 46 870 70 71 19 72 20 22 13 12 12 12 12 12 12 13 18 14 18 18 13 15 15 18 12 11 11 12 17 13 17 10 10 10 10 10 14 
0.832522 1e+07 1e+07 1e+07 1e+07 1e+07 1e+07 1e+07 1e+07 1e+07 1e+07 1e+07 1e+07 1e+07 1e+07 1e+07 1e+07 1e+07 1e+07 1e+07 1e+07 1e+07 1e+07 1e+07 1e+07 1e+07 1e+07 1e+07 1e+07 1e+07 1e+07 1e+07 1e+07 1e+07 1e+07 1e+07 1e+07 1e+07 1e+07 8.54117e+06 1.2791e+06 751036 396372 1.43184e+06 598425 376436 92611 1.00477e+06 252189 30025 91157 5150 2410 9009 137581 4673 730 308 500 174 240 27 176 162 107 161 93 136 46 80 19 18 18 18 25 24 53 17 18 14 14 23 14 15 12 11 12 14 18 13 19 11 10 10 15 12 11 9 9 9 8 
0.84823 1e+07 1e+07 1e+07 1e+07 1e+07 1e+07 1e+07 1e+07 1e+07 1e+07 1e+07 1e+07 1e+07 1e+07 1e+07 1e+07 1e+07 1e+07 1e+07 1e+07 1e+07 1e+07 1e+07 1e+07 1e+07 1e+07 1e+07 1e+07 1e+07 1e+07 1e+07 1e+07 1e+07 1e+07 1e+07 7.2038e+06 1e+07 1e+07 4.91264e+06 963171 383349 444540 441867 633685 204409 107487 91354 1.16085e+06 35463 25818 11011 1602 3009 11484 356 1588 1021 335 464 142 227 50 19 22 27 864 70 93 32 33 79 49 16 24 29 16 25 19 16 14 12 12 12 18 17 14 25 12 15 15 12 11 10 10 9 8 7 7 7 7 
