epsilon_k[0] 0.0001
epsilon_k[1] 2.18e-05
epsilon_k[2] 7.08e-05
epsilon_k[3] 2.54e-05
epsilon_k[4] 1e-05
epsilon_k[5] 7.8e-06
epsilon_k[6] 2.18e-05
omega_x0 0.168
omega_y0 0.201
dx 0.001
epsilon 8
max_turns 10000000
from_y 720
to_y 800
0.72 21 21 21 21 21 21 21 21 21 21 21 20 20 20 20 21 21 21 21 21 21 22 23 30 31 39 27 31 184 44 149 27 27 31 44 90 4169 137 225 68 41 43 110 57 231 99 36 34 86 45 119 58 134 47 82 38 37 78 103 67 65 69 56 102 33 79 55 155 34 27 93 52 37 102 60 27 26 26 30 236 
0.721 22 22 21 21 21 21 21 21 21 21 21 21 21 21 21 21 21 21 21 21 21 21 21 22 24 46 87 81 35 62 219 174 170 26 36 217 100 178 40 199 40 42 54 109 90 80 54 42 87 228 185 121 176 93 34 67 37 48 61 58 93 85 65 300 32 27 38 357 35 27 27 31 37 159 54 28 26 26 43 50 
0.722 48 25 23 22 22 22 22 21 21 21 21 21 21 21 21 21 21 21 21 21 21 21 21 21 22 22 40 29 44 27 161 99 759 34 26 73 46 59 172 41 256 43 123 44 146 217 58 61 56 52 52 54 48 59 78 65 37 31 42 93 76 57 90 58 64 26 105 123 135 27 27 42 88 67 32 39 27 26 41 61 
0.723 45 60 115 124 29 55 24 22 22 22 21 21 21 21 21 21 21 21 21 21 21 21 21 21 21 21 22 23 113 51 44 63 121 47 66 26 32 114 72 3144 40 138 300 81 42 70 110 91 77 75 43 121 70 95 62 50 95 102 48 1476 421 83 83 79 63 41 54 78 151 28 65 27 40 179 66 70 27 26 26 44 
0.724 155 74 101 106 29 37 47 118 44 24 22 22 21 21 21 21 21 21 21 21 21 21 21 21 21 21 21 21 22 49 29 38 27 66 50 81 27 34 95 43 365 72 87 826 206 195 193 99 67 89 81 33 55 226 62 104 77 55 31 187 206 66 109 89 92 44 28 66 161 28 152 29 41 69 90 34 27 27 26 56 
0.725 55 176 65 182 115 123 452 96 29 55 52 30 23 22 22 21 21 21 21 21 21 21 21 21 21 21 21 21 21 22 23 122 70 95 37 74 56 43 27 32 75 129 104 94 42 88 168 130 72 42 119 115 35 114 65 90 108 40 74 133 199 74 151 102 65 158 26 60 74 28 494 49 27 43 148 70 27 27 26 32 
0.726 31 127 58 35 85 44 72 108 236 63 29 210 101 84 23 22 22 21 21 21 21 21 21 21 21 21 21 21 21 21 21 22 51 29 111 58 89 43 40 26 31 32 56 48 225 100 103 93 49 41 34 44 67 66 154 48 240 40 122 31 44 270 77 138 66 419 67 296 172 27 58 50 27 76 438 82 27 27 26 26 
0.727 144 112 124 30 28 37 103 52 59 259 51 146 37 30 49 166 23 22 22 21 21 21 21 21 21 21 21 21 21 21 21 21 22 23 62 61 27 64 251 88 26 64 32 104 58 190 117 64 282 54 32 39 194 33 69 115 132 49 41 121 62 130 155 335 110 157 45 66 418 28 51 35 48 30 81 97 27 27 27 26 
0.728 628 71 73 80 99 228 132 28 49 51 40 83 68 160 102 29 261 51 23 22 22 21 21 21 21 21 21 21 21 21 21 21 21 21 22 41 69 93 32 54 46 26 102 32 233 176 41 6080 182 85 66 32 57 48 40 46 51 92 51 36 31 87 109 131 42 34 186 26 50 109 62 28 51 27 53 43 26 26 27 26 
0.729 40 58 186 90 91 285 100 43 136 37 29 81 47 50 126 359 38 37 99 36 23 22 22 21 21 21 21 21 21 21 21 21 21 21 21 22 24 30 41 60 70 127 26 34 33 335 402 272 355 41 72 32 35 105 38 53 52 47 213 68 65 75 64 100 1663 160 357 149 76 233 136 70 28 29 137 125 26 26 27 27 
0.73 34 34 34 35 41 92 49 116 42 148 127 36 29 126 139 53 51 51 31 60 88 76 23 22 21 21 21 21 21 21 21 21 21 21 21 21 22 23 154 70 28 52 68 26 42 55 42 220 42 277 197 46 40 76 64 40 47 39 71 54 60 31 91 112 127 60 51 94 94 181 39 39 48 43 169 58 26 26 26 28 
0.731 78 117 55 35 35 43 35 43 179 45 48 332 108 220 30 60 43 104 179 49 28 72 29 36 22 22 21 21 21 21 21 21 21 21 21 21 21 21 22 584 59 27 105 67 26 39 107 42 110 214 75 112 39 47 70 40 37 54 40 62 33 81 61 44 53 71 61 47 26 112 28 45 27 37 74 45 26 26 26 28 
0.732 72 46 55 59 73 55 34 135 61 60 107 81 623 442 173 30 478 34 175 124 48 82 29 62 96 24 22 22 21 21 21 21 21 21 21 21 21 21 21 22 24 29 106 200 60 27 58 89 34 101 98 256 66 40 97 51 46 38 56 58 54 61 30 67 77 144 116 70 93 64 28 37 22 39 27 49 27 26 26 27 
0.733 116 94 55 40 58 50 51 54 34 163 41 56 100 59 86 41 121 29 82 83 83 189 95 30 59 52 56 23 22 22 21 21 21 21 21 21 21 21 21 21 21 23 128 50 117 192 27 48 580 122 41 195 85 103 56 48 32 37 41 34 73 40 246 35 62 79 42 33 131 87 68 30 22 24 237 61 107 26 26 26 
0.734 37 54 52 66 47 72 595 115 70 39 58 52 41 42 111 43 225 186 30 150 33 234 59 120 36 28 48 70 41 23 22 22 21 21 21 21 21 21 21 21 21 21 22 247 81 43 78 26 31 111 89 154 109 110 31 137 52 54 28 47 39 230 45 30 41 133 145 898 93 26 166 146 22 22 31 61 174 26 27 26 
0.735 30 31 31 45 42 58 606 154 73 67 123 34 44 57 64 60 45 94 85 218 29 96 54 141 106 143 35 29 54 29 40 23 22 22 21 21 21 21 21 21 21 21 21 22 78 80 41 41 26 121 84 160 139 129 87 44 36 39 28 28 49 208 49 51 102 52 471 55 38 27 70 33 22 21 34 32 124 26 32 26 
0.736 32 31 31 31 31 36 41 65 59 48 69 62 34 82 51 66 421 45 48 44 36 29 45 71 48 65 53 114 29 143 60 410 25 22 22 21 21 21 21 21 21 21 21 21 22 25 157 35 167 26 81 64 133 262 112 34 60 54 29 27 28 34 119 45 36 169 95 79 83 84 117 27 23 21 22 27 82 26 31 28 
0.737 73 50 59 39 31 31 31 39 71 52 57 53 41 38 59 153 81 235 71 71 112 98 29 188 84 41 72 55 360 59 28 36 35 60 24 22 22 21 21 21 21 21 21 21 21 21 23 151 33 61 26 142 44 40 104 99 62 40 46 27 27 29 55 45 73 57 79 136 210 46 84 52 102 21 21 91 49 26 29 37 
0.738 41 48 64 41 47 37 32 31 32 84 76 38 74 136 42 44 170 140 174 43 46 46 106 35 29 53 64 90 896 96 41 84 28 140 33 47 24 22 22 21 21 21 21 21 21 21 21 23 413 34 168 27 133 40 119 87 125 36 151 28 27 27 45 87 130 140 62 134 70 33 26 44 36 21 21 50 83 25 42 29 
0.739 83 43 39 37 37 37 67 47 31 31 38 59 104 63 75 40 79 45 63 128 79 55 107 147 66 28 35 44 148 417 128 78 94 39 28 94 33 49 24 22 22 21 21 21 21 21 21 21 22 66 50 126 32 43 80 431 142 72 123 46 28 28 28 38 44 167 67 51 137 47 43 50 50 21 20 23 36 26 200 142 
0.74 71 115 172 46 37 37 37 37 44 32 31 61 86 106 470 59 33 45 61 89 310 67 67 47 178 69 28 85 72 67 87 92 211 71 135 57 28 35 49 40 23 22 22 21 21 21 21 21 21 22 265 48 202 71 55 56 120 47 37 42 28 66 28 48 129 41 35 149 102 119 82 43 27 21 20 21 26 27 53 39 
0.741 91 97 84 99 45 37 37 61 37 72 33 31 37 89 97 38 51 55 478 52 75 89 149 53 496 293 133 28 30 76 58 42 212 787 67 113 58 34 28 111 42 49 23 22 21 21 21 21 21 21 22 68 76 91 251 50 104 87 35 41 29 46 60 28 169 65 54 43 46 104 47 25 48 23 20 21 39 44 61 43 
0.742 69 153 141 87 79 51 37 38 43 63 64 32 31 133 41 73 50 36 50 45 69 36 72 87 146 66 107 115 28 29 36 101 280 76 87 144 51 111 46 42 30 43 77 51 22 22 21 21 21 21 21 22 261 64 27 32 93 132 111 35 42 31 71 196 28 94 191 51 498 111 54 30 159 54 20 20 55 32 37 43 
0.743 96 141 39 39 134 46 40 37 47 40 98 52 32 34 74 57 95 46 40 42 45 71 35 80 106 270 65 69 30 28 28 52 39 40 39 72 133 69 73 57 74 41 66 36 47 24 22 21 21 21 21 21 22 47 93 26 36 122 46 34 42 28 114 69 29 34 100 30 46 85 73 84 96 61 20 20 22 31 28 81 
0.744 44 43 59 201 289 39 39 38 37 82 42 53 49 31 50 42 39 112 41 119 53 41 34 81 94 39 44 258 101 29 28 28 28 67 35 53 45 35 62 54 267 141 44 63 254 103 64 22 21 21 21 21 21 23 186 79 37 72 161 40 36 50 34 72 57 28 58 37 93 129 62 321 25 28 21 20 21 34 30 34 
0.745 61 34 63 48 123 76 168 38 38 38 42 49 37 38 32 78 55 56 75 46 57 76 34 42 392 40 85 41 97 179 28 28 28 28 28 28 29 43 60 37 57 44 59 706 172 40 29 78 24 22 21 21 21 21 23 27 318 53 76 75 1462 34 28 95 39 51 34 33 64 165 85 200 41 45 21 20 20 43 25 34 
0.746 27 96 40 55 46 65 675 63 38 38 46 71 95 83 32 39 65 38 53 49 52 40 34 34 136 51 45 34 80 111 29 28 28 28 28 27 27 27 27 27 28 28 29 34 36 74 72 68 210 33 22 21 21 21 21 70 41 27 102 55 149 33 127 89 82 67 28 121 37 82 86 76 360 36 44 20 20 27 26 33 
0.747 26 25 105 65 50 388 75 168 53 38 39 41 119 38 39 40 52 44 214 93 47 63 35 34 71 83 70 34 215 70 28 28 28 28 28 28 28 28 28 30 49 85 29 28 27 28 57 48 88 45 43 22 21 21 21 21 57 38 27 72 84 58 27 60 50 43 34 34 36 47 66 72 43 75 43 20 20 22 41 33 
0.748 34 44 28 26 43 119 45 72 114 118 39 232 88 141 53 32 45 43 86 34 43 36 35 34 58 45 39 72 36 29 28 28 27 27 27 28 28 40 135 55 97 34 34 33 89 38 29 27 60 65 41 109 22 21 21 21 21 49 42 77 125 72 65 130 79 66 33 28 38 30 127 122 67 26 35 20 20 21 37 33 
0.749 38 28 32 76 27 47 45 44 52 101 76 44 57 91 38 32 60 51 91 66 56 34 36 47 464 55 35 43 30 28 27 27 27 27 27 28 28 45 121 33 32 31 47 90 63 40 31 165 66 28 68 107 71 23 21 21 21 22 132 33 84 117 47 26 52 42 44 42 252 68 44 142 65 41 66 21 20 20 31 29 
0.75 46 33 57 30 46 98 87 83 141 196 135 61 49 44 48 33 70 38 48 110 66 49 39 57 49 62 135 29 27 27 28 28 28 28 27 27 28 37 49 38 35 74 116 56 46 43 37 88 57 46 35 49 45 28 23 21 21 21 22 32 26 185 95 32 40 55 46 89 28 63 34 31 87 48 104 29 20 20 28 33 
0.751 23 36 33 105 33 56 39 59 56 89 52 93 110 44 190 40 43 38 41 48 50 44 35 63 32 89 29 27 28 48 69 66 52 76 31 27 27 28 67 47 55 143 40 230 40 46 93 46 35 37 101 43 27 65 36 23 21 21 21 46 60 73 140 80 26 61 55 38 171 92 43 31 398 57 25 44 20 20 22 25 
0.752 21 22 42 31 69 31 230 54 101 50 100 45 119 61 61 45 44 353 41 66 36 83 54 45 34 30 27 56 33 76 83 47 108 47 34 55 28 27 35 40 52 44 47 89 59 37 36 120 65 41 306 68 70 35 63 96 23 21 21 21 364 32 134 48 40 30 46 61 69 28 33 190 36 371 28 77 20 20 21 38 
0.753 21 21 22 126 106 28 40 39 68 78 99 240 43 59 48 53 39 47 31 81 99 55 132 39 63 28 87 141 73 76 50 49 49 101 78 140 104 28 27 52 31 53 98 41 28 48 33 117 34 35 76 34 131 73 73 33 44 22 21 21 21 35 31 65 77 26 41 98 54 78 60 30 80 300 67 158 21 20 20 33 
0.754 21 21 21 22 88 60 38 35 147 52 58 101 78 74 147 45 78 39 38 42 77 45 40 34 28 34 64 83 76 87 45 44 63 59 69 38 2957 33 27 28 37 125 68 29 28 32 35 35 38 41 556 36 36 47 60 65 250 61 22 21 21 23 119 64 52 33 29 44 60 44 32 38 31 376 33 78 131 20 20 26 
0.755 22 21 21 21 23 85 29 33 130 54 211 1373 101 46 52 44 52 38 51 34 76 82 57 27 33 98 65 34 52 28 29 29 28 28 128 40 45 51 39 27 34 54 34 29 27 33 52 65 42 31 56 31 35 38 62 41 56 89 28 21 21 21 55 26 100 208 34 93 68 87 76 40 44 31 47 31 31 20 20 26 
0.756 51 22 21 21 22 36 40 31 72 42 68 80 95 90 94 68 73 43 38 89 36 32 28 41 135 60 35 440 56 60 30 100 29 36 52 267 46 82 45 63 27 293 66 33 26 33 36 33 46 37 76 93 68 36 31 39 43 60 75 69 21 20 21 51 36 161 39 41 83 171 55 70 247 68 855 47 63 20 19 21 
0.757 80 131 22 21 21 23 51 27 35 59 89 929 57 51 44 40 54 31 49 148 59 96 69 95 42 28 44 78 25 23 23 23 23 23 25 52 48 29 45 45 36 27 30 67 26 33 44 49 40 38 76 111 71 181 42 42 48 32 66 60 29 21 20 24 94 49 82 55 160 99 187 93 32 31 74 31 32 21 19 20 
0.758 54 41 103 22 21 22 136 35 420 154 42 115 65 67 90 32 41 33 188 34 36 28 77 46 81 121 23 22 22 22 22 22 22 22 22 22 23 61 51 34 56 91 28 54 27 30 43 44 87 42 38 44 191 79 37 85 50 72 33 68 178 23 21 21 65 30 55 31 447 48 437 824 542 67 87 112 25 49 19 20 
0.759 46 65 226 23 21 22 75 56 49 83 73 193 44 82 109 32 81 50 189 53 28 91 38 135 30 22 22 21 21 21 21 21 21 21 21 21 22 22 24 32 29 180 98 45 79 26 110 54 57 38 51 111 994 108 108 61 82 64 38 46 32 55 21 20 21 52 41 114 34 55 58 44 29 50 69 66 85 121 19 19 
0.76 38 54 747 29 22 21 23 101 68 53 74 59 122 85 41 98 103 62 41 60 50 59 347 87 22 22 21 21 21 21 21 21 21 21 21 21 21 21 22 23 46 28 40 27 39 26 77 90 58 199 92 122 73 167 200 223 128 66 32 64 32 92 28 21 20 29 31 71 52 58 33 71 39 81 31 104 26 32 20 19 
0.761 39 34 42 67 23 21 22 97 37 68 75 124 60 54 52 49 33 104 115 28 103 28 43 22 21 21 21 21 21 21 21 21 21 21 21 21 21 21 21 21 22 34 28 164 27 32 26 38 54 53 338 198 115 103 55 160 270 61 56 43 50 133 27 39 20 21 37 29 87 29 35 37 236 81 55 45 47 45 20 19 
0.762 66 47 51 170 47 22 22 141 28 85 58 91 203 57 44 37 40 42 45 33 32 141 22 21 21 21 21 21 21 22 22 22 22 22 22 21 21 21 21 21 21 22 31 28 62 36 27 32 47 66 336 181 39 39 109 54 39 125 96 42 52 52 35 54 21 20 24 26 80 25 48 44 55 120 35 37 201 30 44 19 
0.763 68 42 52 34 109 22 22 65 27 43 119 73 192 96 54 39 56 40 28 66 49 22 21 21 21 21 22 22 23 24 30 81 57 30 24 23 22 22 21 21 21 21 22 28 43 86 39 25 71 127 127 102 112 34 98 38 122 49 40 107 106 50 30 49 40 21 20 33 26 44 66 28 28 61 38 44 86 42 71 19 
0.764 54 48 41 45 29 23 21 49 29 44 64 80 81 79 31 48 49 70 76 29 23 21 21 21 21 22 23 67 110 56 29 29 30 29 80 96 29 24 22 21 21 21 21 21 29 39 27 41 32 62 93 177 39 69 43 56 84 71 67 40 201 140 35 51 93 30 20 22 26 86 28 736 86 105 29 75 58 63 47 20 
0.765 27 40 83 39 50 60 21 23 47 50 41 164 57 64 46 33 43 38 75 29 22 21 21 21 22 49 536 29 48 53 292 279 61 259 131 66 81 28 127 24 22 21 21 21 21 36 33 28 25 51 44 88 46 48 256 84 45 49 68 45 48 92 118 31 66 56 21 20 27 27 32 60 43 33 54 39 32 124 27 20 
0.766 35 71 152 33 45 69 22 23 60 153 59 40 496 57 44 35 53 52 28 22 21 21 21 22 117 102 78 130 51 561 37 57 88 159 139 72 161 45 104 37 46 22 21 21 21 21 35 45 149 39 50 145 40 98 36 35 99 194 82 55 45 49 263 50 35 55 36 20 21 26 104 49 62 44 53 79 92 97 34 23 
0.767 22 33 218 248 64 245 22 22 38 104 69 40 149 118 46 69 88 52 89 21 21 21 22 32 29 114 51 146 109 72 82 54 55 80 110 59 103 229 29 152 62 31 24 21 21 21 21 40 32 26 40 303 102 47 42 39 35 78 73 134 55 58 45 338 32 36 99 22 20 27 31 30 42 28 43 33 36 58 23 29 
0.768 23 55 43 105 33 28 22 22 83 47 216 99 66 53 55 89 27 36 22 21 21 22 122 38 116 172 36 69 56 57 53 170 54 97 50 109 37 37 41 54 36 81 47 73 21 21 21 21 28 27 26 66 133 31 40 44 43 62 87 49 75 69 65 74 135 31 40 73 20 21 30 43 56 27 26 58 92 57 78 30 
0.769 64 22 44 66 38 45 22 22 61 74 149 44 121 44 34 51 73 30 21 21 21 52 29 211 38 225 52 113 50 83 62 35 33 34 35 33 89 43 35 37 50 55 28 153 44 22 21 21 22 35 31 52 196 37 57 47 48 56 58 41 56 120 64 50 55 148 41 36 24 20 28 41 25 56 26 58 92 47 95 24 
0.77 39 23 51 68 46 47 23 22 46 54 212 239 56 32 35 67 53 22 21 21 22 102 614 31 391 54 91 141 34 39 39 35 43 43 40 39 31 31 32 32 41 43 59 61 87 48 22 21 21 22 34 25 70 56 37 46 42 49 63 27 42 44 43 67 89 73 35 43 39 21 21 48 65 38 37 34 59 34 34 68 
0.771 41 30 23 44 94 42 34 22 199 79 43 169 45 34 76 27 128 21 21 21 505 167 37 829 35 129 34 59 41 56 74 42 35 35 35 67 54 50 33 32 39 55 63 32 116 85 28 22 21 21 30 26 44 189 31 42 36 35 26 45 28 29 112 127 56 39 74 55 34 50 20 56 92 28 28 26 51 39 34 23 
0.772 39 53 22 115 80 44 45 22 97 45 76 75 49 38 281 88 23 21 21 24 45 35 137 35 169 58 37 40 77 40 47 56 35 529 41 100 121 328 98 48 53 43 70 39 45 25 28 55 21 21 21 36 37 119 61 53 43 54 26 28 127 29 48 90 102 267 39 91 30 35 21 21 24 29 37 38 81 42 35 44 
0.773 23 39 26 40 86 45 115 21 46 89 45 174 38 31 102 38 21 21 21 51 45 67 95 46 92 37 44 39 34 42 42 38 35 40 188 121 124 64 99 47 52 49 190 44 45 44 25 45 31 21 21 21 41 25 104 39 79 40 76 31 36 22 23 46 29 76 84 39 34 48 37 20 34 39 28 21 43 52 44 73 
0.774 33 48 54 115 73 38 66 21 42 57 52 49 42 42 34 53 21 21 24 55 28 171 262 56 38 35 59 32 31 33 38 190 117 71 264 80 93 49 78 233 385 124 199 148 182 57 46 31 104 31 21 21 22 27 43 58 37 158 30 28 23 22 22 22 24 30 61 40 105 31 72 20 21 25 27 40 28 90 43 35 
0.775 27 46 49 22 47 32 47 21 39 155 74 64 37 78 52 22 21 21 77 52 49 132 45 36 40 47 45 31 32 105 42 33 32 32 32 33 48 84 45 37 102 37 60 30 38 34 114 37 41 36 29 21 21 28 25 128 64 39 64 34 22 21 22 22 22 23 41 53 76 45 78 55 20 26 39 29 20 28 38 26 
0.776 20 23 57 22 75 80 83 21 47 52 51 57 41 51 132 21 21 23 89 66 44 40 82 42 32 49 32 32 34 37 46 52 35 40 35 43 111 47 77 32 112 51 71 34 49 29 34 99 62 29 35 31 21 21 33 39 62 41 153 25 22 21 22 28 22 22 24 121 72 46 56 41 20 35 39 34 20 26 167 31 
0.777 19 30 75 74 211 64 29 21 50 44 110 119 41 66 28 21 21 89 171 71 63 40 48 31 123 33 41 47 66 54 39 31 55 158 33 38 38 40 130 44 32 90 58 82 175 56 53 28 58 89 36 44 37 21 21 29 60 36 54 34 27 21 35 36 32 37 22 100 61 38 67 49 66 20 33 25 58 20 37 45 
0.778 18 25 45 86 29 83 98 21 82 78 38 60 47 109 53 21 21 43 205 69 112 34 38 127 39 40 321 50 41 40 34 63 55 32 60 108 160 148 59 52 54 33 31 56 582 69 72 81 72 72 494 37 38 22 20 24 25 47 40 50 49 21 32 65 40 230 42 22 47 82 53 33 48 20 26 31 30 19 27 60 
0.779 17 20 23 48 31 106 228 21 84 76 78 31 45 30 22 21 25 37 38 41 52 34 44 39 35 35 27 31 56 58 167 98 48 58 31 31 31 31 31 74 164 61 31 81 44 41 85 221 48 68 28 94 34 39 21 20 46 91 41 51 24 21 34 86 39 64 155 45 22 55 41 37 39 25 20 24 40 19 32 50 
0.78 17 18 40 41 23 143 36 21 28 47 54 30 41 174 21 21 47 28 121 75 72 408 45 36 49 27 45 355 32 77 39 42 72 31 36 30 50 46 43 31 46 31 31 37 59 39 63 90 57 42 43 44 69 33 43 21 21 24 63 96 30 22 24 57 59 58 37 226 37 23 47 48 39 112 20 70 38 20 19 29 
0.781 16 17 49 66 22 126 28 21 27 44 265 32 110 36 21 21 72 81 49 80 31 59 39 39 26 224 77 57 39 63 47 188 34 30 60 41 29 35 32 30 39 37 36 31 31 31 97 48 31 47 75 76 42 87 33 70 20 24 254 35 217 27 21 579 92 31 55 57 176 22 48 34 38 37 21 21 72 29 19 25 
0.782 16 17 21 39 22 114 49 21 27 121 49 70 36 83 21 23 56 35 70 52 34 51 42 26 122 48 94 32 85 32 40 68 36 41 51 25 25 47 34 30 24 24 25 41 44 43 33 32 38 36 55 47 67 42 41 25 23 20 26 73 62 31 21 45 27 26 23 37 48 33 22 73 40 30 27 20 24 52 19 21 
0.783 16 17 19 39 24 49 53 21 38 110 174 30 63 22 21 199 58 308 40 60 48 104 40 40 58 311 46 51 64 29 82 34 26 78 31 27 26 37 104 63 30 38 26 30 24 24 30 41 45 44 31 65 68 93 69 56 23 21 21 35 54 54 23 32 36 25 32 29 23 37 31 31 39 37 46 20 26 28 19 19 
0.784 16 16 18 23 117 45 34 21 31 91 58 53 27 21 21 130 50 281 57 35 41 50 27 40 126 85 38 29 163 49 35 61 43 34 55 66 27 46 28 54 113 43 149 26 45 27 48 24 67 31 32 96 56 59 94 59 57 54 20 27 34 28 29 21 59 25 29 26 28 25 37 22 83 31 27 43 20 57 36 18 
0.785 15 16 18 23 29 79 56 21 58 33 56 45 40 21 21 63 51 45 33 36 63 26 145 97 178 39 29 35 33 63 31 67 44 27 28 22 21 21 20 20 20 20 20 20 21 22 39 33 30 25 59 72 63 34 48 37 29 29 27 20 24 64 38 21 27 25 27 22 23 49 26 42 22 59 40 34 20 27 115 18 
0.786 15 16 17 26 31 31 40 21 32 32 33 52 78 20 24 28 65 38 48 63 39 45 37 32 33 101 34 40 63 27 72 29 42 21 21 20 20 20 20 20 20 20 20 20 20 20 20 21 31 29 23 42 89 28 46 59 27 59 31 21 21 34 30 24 30 26 28 21 20 21 269 43 29 54 51 26 23 22 33 19 
0.787 15 16 17 28 40 33 36 21 48 32 35 34 38 20 101 38 44 34 36 66 26 234 69 32 37 58 33 39 26 75 51 22 21 21 21 21 21 22 23 50 38 28 24 21 21 20 20 20 20 20 26 28 42 57 27 49 29 300 25 23 20 29 45 32 21 29 29 19 17 18 22 23 81 22 42 44 58 20 34 35 
0.788 15 15 16 20 34 29 50 21 86 51 38 69 22 20 82 39 165 35 93 74 34 42 46 44 42 63 34 26 66 36 21 21 21 21 22 120 385 27 45 65 70 45 42 45 42 26 38 21 20 20 20 21 29 24 51 27 28 44 282 39 25 20 79 49 25 27 22 20 17 17 17 27 42 27 90 27 32 20 42 52 
0.789 15 15 16 19 46 136 30 21 27 41 40 76 21 21 79 123 37 40 57 66 42 35 32 31 286 75 26 90 57 21 21 21 22 58 114 54 100 27 53 37 23 23 23 23 23 23 28 36 26 21 20 20 20 28 23 78 32 40 35 31 46 21 25 70 29 23 32 27 17 16 16 17 71 32 22 44 55 42 20 29 
0.79 15 15 16 18 33 26 44 21 29 50 77 59 21 21 27 475 32 87 35 25 57 33 74 150 60 47 43 37 21 21 21 35 96 94 43 27 51 23 25 87 43 171 72 84 70 38 36 29 22 26 26 20 20 20 60 23 67 28 94 20 31 23 20 36 29 21 34 20 17 16 16 16 18 22 26 46 26 36 20 24 
0.791 15 15 16 18 26 22 61 21 61 36 35 78 20 23 228 56 29 38 47 51 64 27 50 71 71 131 37 21 20 21 177 27 118 121 47 23 31 30 46 92 25 224 27 31 29 29 27 24 50 62 23 25 26 20 19 23 23 29 27 26 20 24 25 22 42 27 57 22 17 16 16 16 16 52 33 22 34 28 21 24 
0.792 15 15 16 17 29 22 86 21 38 41 70 66 20 135 114 43 57 28 27 73 32 37 499 153 42 42 21 20 21 335 84 163 36 27 25 57 182 25 65 91 39 19 18 18 18 18 18 19 27 36 24 33 22 25 20 19 21 23 26 44 22 21 27 20 38 44 21 24 19 16 16 16 16 17 44 26 55 30 53 20 
0.793 15 15 15 17 22 22 38 21 67 59 30 117 20 131 146 40 89 27 25 49 27 46 43 59 38 21 20 21 71 143 42 55 24 55 36 131 109 28 19 18 18 17 17 17 17 17 17 17 17 18 19 26 35 26 26 20 19 21 23 26 31 19 39 24 21 33 28 33 19 16 16 16 16 16 21 38 22 26 27 20 
0.794 15 15 15 16 22 23 33 21 84 47 61 134 20 33 61 44 28 39 44 37 26 46 33 79 39 20 20 40 28 95 55 24 32 51 43 72 22 18 18 17 17 17 17 17 17 17 17 17 17 17 17 17 18 26 54 22 21 19 21 24 30 83 19 24 20 34 23 21 21 17 16 16 16 16 17 34 32 54 51 36 
0.795 14 15 15 16 21 31 46 21 49 44 30 42 20 26 50 27 40 45 77 37 202 46 1009 27 21 20 22 33 277 49 25 35 82 115 54 19 18 17 17 17 17 17 17 17 17 17 17 17 17 17 17 17 17 17 20 41 22 22 19 26 65 36 21 19 26 20 29 25 20 18 16 15 15 16 16 18 49 92 25 34 
0.796 14 15 15 16 26 86 40 21 51 36 78 22 20 50 38 181 48 25 58 25 29 84 137 22 20 21 183 52 30 37 52 129 39 32 19 18 17 17 17 17 17 17 17 17 17 17 16 16 16 16 16 16 17 17 17 18 28 26 23 19 27 37 42 19 28 22 24 21 32 19 16 15 15 15 16 16 27 39 51 40 
0.797 14 15 15 16 23 38 49 21 72 58 72 21 21 115 45 28 41 43 36 26 49 65 28 20 20 44 277 80 127 37 53 32 41 19 18 17 17 17 17 17 17 17 17 17 17 17 16 16 16 16 16 16 16 16 17 17 17 23 25 21 19 25 26 32 19 26 20 27 24 23 16 16 15 15 15 16 18 32 82 35 
0.798 14 14 15 15 18 30 36 21 94 43 48 21 23 104 39 41 27 138 36 97 33 50 21 20 21 37 83 172 25 33 70 46 20 18 17 17 17 17 17 17 17 17 17 17 17 17 17 17 16 16 16 16 16 16 16 16 17 17 29 25 20 19 22 27 19 19 25 24 21 29 17 16 15 15 15 15 16 23 22 114 
0.799 14 14 15 15 17 33 68 22 50 32 131 20 65 82 26 67 32 55 25 34 60 28 20 20 120 77 116 56 35 84 41 37 18 18 17 17 17 17 17 17 17 17 17 17 17 17 17 17 17 17 16 16 16 16 16 16 16 17 17 42 28 20 20 33 26 19 25 20 31 21 21 16 15 15 15 15 16 19 143 38 
