epsilon_k[0] 0.1
epsilon_k[0] 2.18e-05
epsilon_k[0] 7.08e-05
epsilon_k[0] 2.54e-05
epsilon_k[0] 1e-05
epsilon_k[0] 7.8e-06
epsilon_k[0] 0.218
omega_x0 0.168
omega_y0 0.201
dx 0.01
n_theta 100
dtheta 0.00785398
epsilon 10
max_turns 10000000
from_angle 48
to_angle 56
0.376991 1e+07 76253 4772 4007 3106 2234 1550 1550 1132 844 
0.384845 1e+07 39829 4778 3929 2880 2342 1511 1511 1511 845 
0.392699 1e+07 27827 4784 3953 2909 2683 1551 1551 1551 846 
0.400553 1e+07 24358 4788 4788 3133 2347 1703 1703 1390 846 
0.408407 1e+07 32568 4800 4519 3272 2676 1469 1469 1241 846 
0.416261 1e+07 27459 4832 4453 2871 2422 1460 1391 1328 846 
0.424115 1e+07 25982 4842 4318 2749 2475 1478 1387 1218 846 
0.431969 1e+07 49992 4851 4317 2723 2111 1538 1203 1203 846 
