epsilon_k[0] 0.0001
epsilon_k[1] 2.18e-05
epsilon_k[2] 7.08e-05
epsilon_k[3] 2.54e-05
epsilon_k[4] 1e-05
epsilon_k[5] 7.8e-06
epsilon_k[6] 2.18e-05
omega_x0 0.168
omega_y0 0.201
dx 0.01
epsilon 12
max_turns 10000000
from_y 8
to_y 16
0.08 1e+07 1e+07 1e+07 1e+07 1e+07 1e+07 1e+07 1e+07 1e+07 1e+07 1e+07 1e+07 1e+07 1e+07 1e+07 1e+07 1e+07 1e+07 1e+07 1e+07 1e+07 1e+07 1e+07 1e+07 1e+07 1e+07 1e+07 1e+07 1e+07 1e+07 1e+07 1e+07 1e+07 1e+07 1e+07 1e+07 1e+07 1e+07 1e+07 1e+07 1e+07 1e+07 1e+07 1e+07 1e+07 1e+07 819095 2.07748e+06 1.64409e+06 1e+07 1e+07 1e+07 1e+07 1e+07 1e+07 3.5023e+06 684371 190049 197010 129178 11298 14996 18578 1437 6391 2076 1919 1050 9545 3983 15241 860 1833 3047 5247 257 1329 535 550 131 
0.09 1e+07 1e+07 1e+07 1e+07 1e+07 1e+07 1e+07 1e+07 1e+07 1e+07 1e+07 1e+07 1e+07 1e+07 1e+07 1e+07 1e+07 1e+07 1e+07 1e+07 1e+07 1e+07 1e+07 1e+07 1e+07 1e+07 1e+07 1e+07 1e+07 1e+07 1e+07 1e+07 1e+07 1e+07 1e+07 1e+07 1e+07 1e+07 1e+07 1e+07 1e+07 1e+07 1e+07 1e+07 1e+07 3.66223e+06 411649 5.70775e+06 903192 1e+07 1e+07 1e+07 1e+07 1e+07 1e+07 4.75969e+06 3.65655e+06 209007 82393 26128 83773 5756 7449 6470 4555 4251 3331 44617 1695 16859 2028 657 382 1262 527 304 412 126 1859 1440 
0.1 1e+07 1e+07 1e+07 1e+07 1e+07 1e+07 1e+07 1e+07 1e+07 1e+07 1e+07 1e+07 1e+07 1e+07 1e+07 1e+07 1e+07 1e+07 1e+07 1e+07 1e+07 1e+07 1e+07 1e+07 1e+07 1e+07 1e+07 1e+07 1e+07 1e+07 1e+07 1e+07 1e+07 1e+07 1e+07 1e+07 1e+07 1e+07 1e+07 1e+07 1e+07 1e+07 1e+07 1e+07 1e+07 1e+07 1.02776e+06 446995 901008 75941 1e+07 1e+07 1e+07 1e+07 1e+07 1.91507e+06 331659 518097 309254 38203 9604 17296 16442 8944 4452 2047 8526 20323 2259 1595 2719 5224 444 1213 5523 10314 352 132 1125 923 
0.11 1e+07 1e+07 1e+07 1e+07 1e+07 1e+07 1e+07 1e+07 1e+07 1e+07 1e+07 1e+07 1e+07 1e+07 1e+07 1e+07 1e+07 1e+07 1e+07 1e+07 1e+07 1e+07 1e+07 1e+07 1e+07 1e+07 1e+07 1e+07 1e+07 1e+07 1e+07 1e+07 1e+07 1e+07 1e+07 1e+07 1e+07 1e+07 1e+07 1e+07 1e+07 1e+07 1e+07 1e+07 1e+07 5.10173e+06 147369 665365 241050 3.74819e+06 2.48937e+06 6.93218e+06 1.09243e+06 2.03656e+06 1.42996e+06 274327 1.86096e+06 77267 26259 42177 11623 11261 3538 3869 1240 4144 2098 953 2506 10905 2364 3513 372 349 3728 1805 112 88 100 282 
0.12 1e+07 1e+07 1e+07 1e+07 1e+07 1e+07 1e+07 1e+07 1e+07 1e+07 1e+07 1e+07 1e+07 1e+07 1e+07 1e+07 1e+07 1e+07 1e+07 1e+07 1e+07 1e+07 1e+07 1e+07 1e+07 1e+07 1e+07 1e+07 1e+07 1e+07 1e+07 1e+07 1e+07 1e+07 1e+07 1e+07 1e+07 1e+07 1e+07 1e+07 1e+07 1e+07 1e+07 1e+07 1e+07 1e+07 7.81955e+06 266275 32539 65418 49628 237297 2.29608e+06 2.41524e+06 556833 119506 22660 18256 11437 4621 10241 2438 3667 4247 1228 5634 20929 652 2897 1268 5848 2794 25746 947 326 308 101 208 269 829 
0.13 1e+07 1e+07 1e+07 1e+07 1e+07 1e+07 1e+07 1e+07 1e+07 1e+07 1e+07 1e+07 1e+07 1e+07 1e+07 1e+07 1e+07 1e+07 1e+07 1e+07 1e+07 1e+07 1e+07 1e+07 1e+07 1e+07 1e+07 1e+07 1e+07 1e+07 1e+07 1e+07 1e+07 1e+07 1e+07 1e+07 1e+07 1e+07 1e+07 1e+07 1e+07 1e+07 1e+07 1e+07 1e+07 1e+07 609032 413653 144864 102988 165002 43516 105013 316822 1.07381e+06 67741 20666 192853 193143 5395 5091 4119 1406 1602 2076 1420 10687 5948 1311 1088 588 227 739 642 3500 571 255 91 137 495 
0.14 1e+07 1e+07 1e+07 1e+07 1e+07 1e+07 1e+07 1e+07 1e+07 1e+07 1e+07 1e+07 1e+07 1e+07 1e+07 1e+07 1e+07 1e+07 1e+07 1e+07 1e+07 1e+07 1e+07 1e+07 1e+07 1e+07 1e+07 1e+07 1e+07 1e+07 1e+07 1e+07 1e+07 1e+07 1e+07 1e+07 1e+07 1e+07 1e+07 1e+07 1e+07 1e+07 1e+07 1e+07 1e+07 1e+07 2.27368e+06 218819 95362 92577 64348 24637 21229 65884 64269 457810 118308 8736 11270 17739 17045 27641 5651 1002 759351 488 1815 3055 14429 3160 266 1877 716 1475 661 695 109 313 90 130 
0.15 1e+07 1e+07 1e+07 1e+07 1e+07 1e+07 1e+07 1e+07 1e+07 1e+07 1e+07 1e+07 1e+07 1e+07 1e+07 1e+07 1e+07 1e+07 1e+07 1e+07 1e+07 1e+07 1e+07 1e+07 1e+07 1e+07 1e+07 1e+07 1e+07 1e+07 1e+07 1e+07 1e+07 1e+07 1e+07 1e+07 1e+07 1e+07 1e+07 1e+07 1e+07 1e+07 1e+07 6.52162e+06 1e+07 1e+07 8.3493e+06 143063 283439 790477 262683 183211 155635 58889 81888 3.60573e+06 7113 11890 6766 6367 7437 28467 2820 4470 713 1791 4021 4638 1089 642 627 1135 359 738 2926 982 399 883 182 160 
