epsilon_k[0] 0.0001
epsilon_k[1] 2.18e-05
epsilon_k[2] 7.08e-05
epsilon_k[3] 2.54e-05
epsilon_k[4] 1e-05
epsilon_k[5] 7.8e-06
epsilon_k[6] 2.18e-05
omega_x0 0.168
omega_y0 0.201
dx 0.01
epsilon 0
max_turns 10000000
from_y 64
to_y 72
0.64 166 425 229 222 127 344 77 1028 130 69 83 610 61 24 36 32 25 33 127 39 109 282 190 40 18 25 146 68 55 24 28 31 22 32 10 9 9 9 9 9 9 9 9 9 9 9 10 19 35 24 13 18 18 13 20 21 17 14 18 12 11 14 12 11 9 9 9 9 8 8 8 8 9 9 9 13 12 12 14 10 
0.65 117 98 639 67 273 186 72 127 339 526 91 134 103 63 42 77 37 34 36 142 171 97 91 20 29 90 47 28 36 34 38 10 9 9 8 8 8 8 8 8 8 8 8 8 8 8 8 8 9 9 11 18 15 12 17 12 15 16 16 14 15 11 11 16 12 10 9 9 9 8 8 8 8 8 9 9 12 11 14 17 
0.66 214 149 118 139 304 381 86 104 71 71 68 587 119 74 26 43 54 31 90 76 304 66 23 18 100 80 143 44 19 10 9 9 8 8 8 8 8 8 7 7 7 7 7 7 7 7 7 8 8 8 8 8 9 14 13 11 17 12 14 11 12 13 14 11 13 13 10 9 9 8 8 8 8 8 8 9 9 12 11 16 
0.67 80 52 94 233 136 638 107 32 49 135 46 62 64 24 21 48 30 311 144 161 45 181 17 76 37 22 73 19 9 9 8 8 8 8 7 7 7 7 7 7 7 7 7 7 7 7 7 7 7 7 7 8 8 8 9 10 14 11 14 12 13 10 12 13 12 11 13 10 9 9 8 8 8 8 8 8 9 9 12 11 
0.68 140 66 269 281 229 573 140 212 67 148 201 125 289 21 45 34 71 40 61 60 72 25 21 185 16 40 11 9 8 8 8 8 7 7 7 7 7 7 7 7 7 7 7 7 7 7 7 7 7 7 7 7 7 7 7 8 8 9 12 10 14 13 10 10 13 14 11 15 12 9 9 8 8 8 8 8 8 9 9 12 
0.69 119 146 81 98 218 210 31 119 99 86 82 81 37 17 30 24 69 60 83 25 93 22 74 18 79 10 9 8 8 8 7 7 7 7 7 7 7 7 7 7 7 7 7 7 7 7 7 7 7 7 7 7 7 7 7 7 7 7 8 9 14 10 12 17 10 10 14 13 11 18 9 9 8 8 8 8 8 8 9 9 
0.7 196 54 116 263 319 63 111 64 132 49 78 239 89 17 205 34 66 32 28 59 17 70 24 52 11 9 8 8 8 7 7 7 7 7 7 7 7 7 7 7 7 7 6 6 6 6 6 6 6 6 7 7 7 7 7 7 7 7 7 7 8 8 10 10 12 10 10 10 12 11 12 10 9 8 8 8 8 8 8 9 
0.71 39 261 118 46 68 50 92 54 383 59 49 79 52 17 316 31 99 25 63 35 20 91 16 30 9 8 8 8 7 7 7 7 7 7 7 7 7 7 6 6 6 6 6 6 6 6 6 6 6 6 6 6 6 6 6 6 7 7 7 7 7 7 8 8 9 10 13 9 9 12 12 14 10 9 8 8 8 8 8 8 
