epsilon_k[0] 0.0001
epsilon_k[1] 2.18e-05
epsilon_k[2] 7.08e-05
epsilon_k[3] 2.54e-05
epsilon_k[4] 1e-05
epsilon_k[5] 7.8e-06
epsilon_k[6] 2.18e-05
omega_x0 0.168
omega_y0 0.201
dx 0.01
n_theta 100
dtheta 0.015708
epsilon 8
max_turns 10000000
from_angle 35
to_angle 40
0.549779 1e+07 1e+07 1e+07 1e+07 1e+07 1e+07 1e+07 1e+07 1e+07 1e+07 1e+07 1e+07 1e+07 1e+07 1e+07 1e+07 1e+07 1e+07 1e+07 1e+07 1e+07 1e+07 1e+07 1e+07 1e+07 1e+07 1e+07 1e+07 1e+07 1e+07 1e+07 1e+07 1e+07 1e+07 1e+07 1e+07 1e+07 1e+07 1e+07 1e+07 1e+07 1e+07 1e+07 1e+07 1e+07 1e+07 4.71648e+06 6.4389e+06 1e+07 1e+07 213161 1.163e+06 1.0798e+06 21039 18239 19748 8107 2970 13458 3110 9333 1281 3754 872 539 338 6029 256 308 344 84 336 129 175 187 29 75 66 77 118 29 132 123 75 55 56 21 23 34 26 17 12 10 9 9 8 8 8 8 8 
0.565487 1e+07 1e+07 1e+07 1e+07 1e+07 1e+07 1e+07 1e+07 1e+07 1e+07 1e+07 1e+07 1e+07 1e+07 1e+07 1e+07 1e+07 1e+07 1e+07 1e+07 1e+07 1e+07 1e+07 1e+07 1e+07 1e+07 1e+07 1e+07 1e+07 1e+07 1e+07 1e+07 1e+07 1e+07 1e+07 1e+07 1e+07 1e+07 1e+07 1e+07 1e+07 1e+07 1e+07 1e+07 5.08541e+06 6.19899e+06 1e+07 1e+07 1e+07 1.89972e+06 854305 594396 89698 11246 28357 19532 2644 2235 1069 598 1091 1287 1560 713 299 515 1690 475 129 262 216 218 76 228 206 48 28 59 71 43 29 161 29 37 35 38 28 82 32 49 21 19 10 9 9 8 8 8 8 8 
0.581195 1e+07 1e+07 1e+07 1e+07 1e+07 1e+07 1e+07 1e+07 1e+07 1e+07 1e+07 1e+07 1e+07 1e+07 1e+07 1e+07 1e+07 1e+07 1e+07 1e+07 1e+07 1e+07 1e+07 1e+07 1e+07 1e+07 1e+07 1e+07 1e+07 1e+07 1e+07 1e+07 1e+07 1e+07 1e+07 1e+07 1e+07 1e+07 1e+07 1e+07 1e+07 1e+07 1e+07 1e+07 1e+07 1e+07 2.60218e+06 4.6897e+06 2.19627e+06 775831 155295 3.12463e+06 38476 11213 484626 25962 5342 9149 4743 479 1138 488 1962 188 550 588 249 1892 135 145 398 158 397 103 224 27 133 327 43 58 26 25 109 70 35 204 45 25 26 46 90 17 32 10 9 8 8 8 8 8 
0.596903 1e+07 1e+07 1e+07 1e+07 1e+07 1e+07 1e+07 1e+07 1e+07 1e+07 1e+07 1e+07 1e+07 1e+07 1e+07 1e+07 1e+07 1e+07 1e+07 1e+07 1e+07 1e+07 1e+07 1e+07 1e+07 1e+07 1e+07 1e+07 1e+07 1e+07 1e+07 1e+07 1e+07 1e+07 1e+07 1e+07 1e+07 1e+07 1e+07 1e+07 1e+07 1e+07 1e+07 1e+07 7.24831e+06 5.31772e+06 3.01846e+06 2.17287e+06 1.64591e+06 769857 838297 64907 33764 17734 4422 6222 5024 1356 1893 3280 851 376 1772 1602 173 247 601 200 763 271 174 81 531 111 89 99 27 28 190 44 69 133 37 38 58 34 45 29 24 18 19 71 24 33 10 9 9 8 8 8 
0.612611 1e+07 1e+07 1e+07 1e+07 1e+07 1e+07 1e+07 1e+07 1e+07 1e+07 1e+07 1e+07 1e+07 1e+07 1e+07 1e+07 1e+07 1e+07 1e+07 1e+07 1e+07 1e+07 1e+07 1e+07 1e+07 1e+07 1e+07 1e+07 1e+07 1e+07 1e+07 1e+07 1e+07 1e+07 1e+07 1e+07 1e+07 1e+07 1e+07 1e+07 1e+07 1e+07 1e+07 1e+07 1e+07 6.36089e+06 6.1172e+06 6.98742e+06 1e+07 446819 124976 26007 43541 37255 9599 14272 17636 3246 1244 1435 636 1073 288 142 101 942 312 290 166 450 498 148 214 233 72 80 96 60 215 65 138 90 31 58 124 36 21 55 75 21 27 19 16 23 22 21 10 9 9 8 
