epsilon_k[0] 0.0001
epsilon_k[1] 2.18e-05
epsilon_k[2] 7.08e-05
epsilon_k[3] 2.54e-05
epsilon_k[4] 1e-05
epsilon_k[5] 7.8e-06
epsilon_k[6] 2.18e-05
omega_x0 0.168
omega_y0 0.201
dx 0.01
n_theta 100
dtheta 0.015708
epsilon 56
max_turns 10000000
from_angle 50
to_angle 60
0.785398 1e+07 1e+07 1e+07 1e+07 1e+07 1e+07 1e+07 1e+07 1e+07 1e+07 1e+07 1e+07 1e+07 1e+07 1e+07 1e+07 1e+07 1e+07 1e+07 1e+07 1e+07 1e+07 1e+07 1e+07 1e+07 1e+07 1e+07 1e+07 8.3897e+06 5.49984e+06 5.49984e+06 5.49984e+06 2.83397e+06 2.83397e+06 488102 488102 213306 213306 213306 213306 213306 213306 213306 213306 213306 213306 96838 28509 27393 20482 4954 2182 1959 1959 470 
0.801106 1e+07 1e+07 1e+07 1e+07 1e+07 1e+07 1e+07 1e+07 1e+07 1e+07 1e+07 1e+07 1e+07 1e+07 1e+07 1e+07 1e+07 1e+07 1e+07 1e+07 1e+07 1e+07 1e+07 1e+07 1e+07 1e+07 1e+07 1e+07 1e+07 8.23069e+06 1.42536e+06 1.24111e+06 1.24111e+06 1.24111e+06 1.24111e+06 1.04484e+06 1.02156e+06 307953 307953 72319 72319 63477 31930 31930 31930 31930 28273 28273 28273 7733 2460 2460 2460 2460 2460 2460 741 
0.816814 1e+07 1e+07 1e+07 1e+07 1e+07 1e+07 1e+07 1e+07 1e+07 1e+07 1e+07 1e+07 1e+07 1e+07 1e+07 1e+07 1e+07 1e+07 1e+07 1e+07 1e+07 1e+07 1e+07 1e+07 1e+07 1e+07 1e+07 7.03024e+06 7.03024e+06 4.0897e+06 3.89818e+06 993519 993519 423492 423492 219772 219772 219772 181708 181708 181708 98649 98649 98649 98649 51043 15199 15199 15199 14850 14850 12019 9797 3644 3644 492 
0.832522 1e+07 1e+07 1e+07 1e+07 1e+07 1e+07 1e+07 1e+07 1e+07 1e+07 1e+07 1e+07 1e+07 1e+07 1e+07 1e+07 1e+07 1e+07 1e+07 1e+07 1e+07 1e+07 1e+07 1e+07 1e+07 1e+07 1e+07 1e+07 4.8899e+06 1.11179e+06 1.11179e+06 1.06617e+06 1.06617e+06 1.06617e+06 1.06617e+06 1.06617e+06 358843 358843 358843 134957 134957 29406 29406 26148 26148 26148 26148 6629 6629 6629 5734 1679 1679 1679 1679 1414 1414 626 
0.84823 1e+07 1e+07 1e+07 1e+07 1e+07 1e+07 1e+07 1e+07 1e+07 1e+07 1e+07 1e+07 1e+07 1e+07 1e+07 1e+07 1e+07 1e+07 1e+07 1e+07 1e+07 1e+07 1e+07 1e+07 1e+07 1e+07 1e+07 1e+07 7.38991e+06 5.69985e+06 5.69985e+06 1.34659e+06 1.34659e+06 1.34659e+06 1.34659e+06 460604 451904 197657 197657 197657 197657 23042 23042 23042 23042 21903 17600 8892 5680 3822 3822 3822 3822 3822 971 
0.863938 1e+07 1e+07 1e+07 1e+07 1e+07 1e+07 1e+07 1e+07 1e+07 1e+07 1e+07 1e+07 1e+07 1e+07 1e+07 1e+07 1e+07 1e+07 1e+07 1e+07 1e+07 1e+07 1e+07 1e+07 1e+07 1e+07 1e+07 1e+07 1e+07 6.6863e+06 3.07119e+06 2.65445e+06 456455 456455 456455 254603 254603 254603 254603 202549 202549 46933 11100 11100 11100 11100 5982 5982 5982 2048 2048 2048 2048 1777 1121 1121 595 
0.879646 1e+07 1e+07 1e+07 1e+07 1e+07 1e+07 1e+07 1e+07 1e+07 1e+07 1e+07 1e+07 1e+07 1e+07 1e+07 1e+07 1e+07 1e+07 1e+07 1e+07 1e+07 1e+07 1e+07 1e+07 1e+07 1e+07 1e+07 1e+07 1e+07 1e+07 1e+07 1e+07 1.91852e+06 957543 786172 227818 227818 227818 203696 203696 52065 52065 9231 9231 9231 9231 9231 3563 3563 1931 1931 1931 1931 1931 1931 896 
0.895354 1e+07 1e+07 1e+07 1e+07 1e+07 1e+07 1e+07 1e+07 1e+07 1e+07 1e+07 1e+07 1e+07 1e+07 1e+07 1e+07 1e+07 1e+07 1e+07 1e+07 1e+07 1e+07 1e+07 1e+07 1e+07 1e+07 1e+07 1e+07 1e+07 1e+07 1e+07 8.91249e+06 1.37455e+06 625982 625982 622661 622661 622661 622661 503001 202118 43681 43681 43681 14483 6760 6760 6760 2298 2298 1971 1106 1106 1106 1106 1106 429 
0.911062 1e+07 1e+07 1e+07 1e+07 1e+07 1e+07 1e+07 1e+07 1e+07 1e+07 1e+07 1e+07 1e+07 1e+07 1e+07 1e+07 1e+07 1e+07 1e+07 1e+07 1e+07 1e+07 1e+07 1e+07 1e+07 1e+07 1e+07 1e+07 1e+07 1e+07 1e+07 1e+07 1e+07 2.99618e+06 1.33889e+06 1.33889e+06 612215 612215 612215 258233 38822 22501 21221 21221 21221 9755 8137 8137 8137 3837 2321 2321 1196 1196 1196 501 
0.92677 1e+07 1e+07 1e+07 1e+07 1e+07 1e+07 1e+07 1e+07 1e+07 1e+07 1e+07 1e+07 1e+07 1e+07 1e+07 1e+07 1e+07 1e+07 1e+07 1e+07 1e+07 1e+07 1e+07 1e+07 1e+07 1e+07 1e+07 1e+07 1e+07 1e+07 1e+07 1e+07 1e+07 1e+07 667146 540601 303456 303456 172590 172590 172590 36558 8662 8662 7297 7297 7297 4128 2978 1203 1203 1203 1203 766 
