epsilon_k[0] 0.1
epsilon_k[0] 2.18e-05
epsilon_k[0] 7.08e-05
epsilon_k[0] 2.54e-05
epsilon_k[0] 1e-05
epsilon_k[0] 7.8e-06
epsilon_k[0] 0.218
omega_x0 0.31
omega_y0 0.32
dx 0.01
n_theta 100
dtheta 0.00785398
epsilon 14
max_turns 10000000
from_angle 96
to_angle 101
0.753982 1e+07 444760 107948 19085 19085 19085 5046 1118 972 
0.761836 1e+07 2.14694e+06 43343 18587 18451 14495 4759 1168 981 
0.76969 1e+07 666009 43432 19399 18718 18718 5042 1186 1007 1007 929 
0.777544 1e+07 348178 92214 18535 18535 18535 7974 1285 1114 1114 1002 500 
0.785398 1e+07 826437 58654 56635 12347 12347 8783 1770 1114 1083 813 
0.793252 1e+07 523139 57714 24965 13893 13893 11984 3359 1174 1121 936 
