epsilon_k[0]0.1
epsilon_k[0]2.18e-05
epsilon_k[0]7.08e-05
epsilon_k[0]2.54e-05
epsilon_k[0]1e-05
epsilon_k[0]7.8e-06
epsilon_k[0]0.218
omega_x01.94779
omega_y02.01062
dx 0.01
n_theta 100
dtheta 0.00785398
epsilon 2
max_turns 10000000
from_angle 72
to_angle 80
0.565487 1e+07 1e+07 1e+07 1e+07 30696 7453 5805 3037 2381 2334 1908 1302 1302 1302 1302 567 
0.573341 1e+07 1e+07 1e+07 1e+07 31460 7838 4552 3114 2338 2309 1909 1400 1344 1344 1344 673 
0.581195 1e+07 1e+07 1e+07 1e+07 30516 7516 6676 2815 2564 2327 2050 1544 1344 1344 1344 673 
0.589049 1e+07 1e+07 1e+07 1e+07 31003 7546 6577 2776 2313 2313 2117 1346 1271 1271 1271 597 
0.596903 1e+07 1e+07 1e+07 1e+07 31926 7378 7378 2521 2304 2304 2245 1340 1270 1270 1270 597 
0.604757 1e+07 1e+07 1e+07 1e+07 49721 7323 5737 2517 2333 2263 2192 1371 1270 1270 1270 648 
0.612611 1e+07 1e+07 1e+07 1e+07 1.01354e+06 7396 6285 2514 2238 2188 2188 1466 1269 1269 1269 1269 598 
0.620465 1e+07 1e+07 1e+07 1e+07 79924 7182 4847 2514 2195 2195 2195 1908 1270 1270 1270 1270 642 
0.628319 1e+07 1e+07 1e+07 1e+07 66143 6864 4583 3204 2195 2167 2167 2167 1299 1299 1299 1299 640 
