epsilon_k[0] 0.0001
epsilon_k[1] 2.18e-05
epsilon_k[2] 7.08e-05
epsilon_k[3] 2.54e-05
epsilon_k[4] 1e-05
epsilon_k[5] 7.8e-06
epsilon_k[6] 2.18e-05
omega_x0 0.28
omega_y0 0.31
dx 0.01
epsilon 0
max_turns 10000000
from_y 56
to_y 64
0.56 9 9 9 9 9 9 9 9 9 10 10 10 10 10 11 11 12 13 14 18 23 21 17 17 16 16 16 17 17 19 30 37 360 23 16 12 11 10 10 11 11 10 11 9 8 8 7 7 7 7 7 6 6 6 6 6 6 6 6 6 6 5 5 5 5 5 5 5 5 5 5 5 5 5 5 5 5 5 5 5 
0.57 9 9 9 9 9 9 9 9 9 9 9 10 10 10 10 11 11 12 13 14 19 24 18 17 16 16 16 16 17 17 20 38 58 30 17 12 11 11 11 11 12 11 10 9 8 8 7 7 7 7 7 6 6 6 6 6 6 6 6 6 6 5 5 5 5 5 5 5 5 5 5 5 5 5 5 5 5 5 5 5 
0.58 8 8 8 9 9 9 9 9 9 9 9 9 9 10 10 10 11 11 12 13 14 59 30 17 16 16 16 16 16 17 18 31 41 46 22 14 12 11 11 11 18 11 10 8 8 8 7 7 7 7 7 6 6 6 6 6 6 6 6 6 6 5 5 5 5 5 5 5 5 5 5 5 5 5 5 5 5 5 5 5 
0.59 8 8 8 8 8 8 9 9 9 9 9 9 9 9 10 10 10 11 11 12 13 15 23 19 16 16 15 15 16 16 17 19 37 63 43 17 12 11 11 11 17 12 9 8 8 8 7 7 7 7 7 6 6 6 6 6 6 6 6 6 5 5 5 5 5 5 5 5 5 5 5 5 5 5 5 5 5 5 5 5 
0.6 8 8 8 8 8 8 8 8 9 9 9 9 9 9 9 9 10 10 10 11 12 13 17 22 17 16 15 15 15 16 16 17 23 30 104 23 16 12 11 12 17 12 9 9 8 8 7 7 7 7 7 6 6 6 6 6 6 6 6 6 5 5 5 5 5 5 5 5 5 5 5 5 5 5 5 5 5 5 5 5 
0.61 8 8 8 8 8 8 8 8 8 8 8 9 9 9 9 9 9 10 10 10 11 12 14 38 24 16 15 15 15 15 16 16 18 48 116 82 21 15 12 13 17 12 10 9 8 8 7 7 7 7 7 6 6 6 6 6 6 6 6 6 5 5 5 5 5 5 5 5 5 5 5 5 5 5 5 5 5 5 5 5 
0.62 8 8 8 8 8 8 8 8 8 8 8 8 9 9 9 9 9 9 10 10 10 11 13 14 22 17 15 15 15 15 15 16 16 19 26 39 41 21 17 17 19 13 10 9 8 8 7 7 7 7 7 6 6 6 6 6 6 6 6 5 5 5 5 5 5 5 5 5 5 5 5 5 5 5 5 5 5 5 5 5 
0.63 8 8 8 8 8 8 8 8 8 8 8 8 8 8 9 9 9 9 9 10 10 11 11 13 18 23 16 15 14 14 15 15 16 17 21 29 41 73 22 21 23 14 10 9 8 8 7 7 7 7 7 6 6 6 6 6 6 6 6 5 5 5 5 5 5 5 5 5 5 5 5 5 5 5 5 5 5 5 5 5 
