epsilon_k[0] 0.1
epsilon_k[0] 2.18e-05
epsilon_k[0] 7.08e-05
epsilon_k[0] 2.54e-05
epsilon_k[0] 1e-05
epsilon_k[0] 7.8e-06
epsilon_k[0] 0.218
omega_x0 0.31
omega_y0 0.32
dx 0.01
n_theta 100
dtheta 0.00785398
epsilon 14
max_turns 10000000
from_angle 24
to_angle 32
0.188496 1e+07 12190 4945 2228 985 
0.19635 1e+07 12244 4944 2232 993 
0.204204 1e+07 12358 4944 2230 994 
0.212058 1e+07 12552 4951 2232 1000 407 
0.219911 1e+07 12315 4954 2238 1002 407 
0.227765 1e+07 12283 4973 2242 1005 407 
0.235619 1e+07 12397 4987 2243 1008 408 
0.243473 1e+07 12347 4996 2242 1041 408 
