epsilon_k[0]0.1
epsilon_k[0]2.18e-05
epsilon_k[0]7.08e-05
epsilon_k[0]2.54e-05
epsilon_k[0]1e-05
epsilon_k[0]7.8e-06
epsilon_k[0]0.218
omega_x01.75929
omega_y01.94779
dx 0.01
n_theta 100
dtheta 0.00785398
epsilon 2
max_turns 10000000
from_angle 40
to_angle 48
0.314159 1e+07 1e+07 1e+07 18539 3606 2281 1727 1317 1179 895 
0.322013 1e+07 1e+07 1e+07 18598 3498 2261 1726 1317 1178 892 
0.329867 1e+07 1e+07 1e+07 18681 3709 2258 1757 1316 1076 890 
0.337721 1e+07 1e+07 1e+07 18748 3315 2257 1901 1316 1038 864 
0.345575 1e+07 1e+07 1e+07 18882 3281 2247 1620 1318 1035 859 
0.353429 1e+07 1e+07 1e+07 19161 3285 2246 1624 1310 1033 861 
0.361283 1e+07 1e+07 1e+07 19470 3247 2241 1581 1306 1008 891 
0.369137 1e+07 1e+07 1e+07 19621 3133 2246 1578 1302 1075 891 
