epsilon_k[0]0.1
epsilon_k[0]2.18e-05
epsilon_k[0]7.08e-05
epsilon_k[0]2.54e-05
epsilon_k[0]1e-05
epsilon_k[0]7.8e-06
epsilon_k[0]0.218
omega_x01.75929
omega_y01.94779
dx 0.01
n_theta 100
dtheta 0.00785398
epsilon 8
max_turns 10000000
from_angle 56
to_angle 64
0.439823 1e+07 327328 12995 4792 1663 1640 881 
0.447677 1e+07 709216 12945 4917 1679 1586 840 
0.455531 1e+07 748399 12947 4926 1688 1549 844 
0.463385 1e+07 233805 12950 4902 1783 1420 842 
0.471239 1e+07 410916 12993 4798 1751 1429 841 
0.479093 1e+07 256124 13118 4738 1747 1501 841 
0.486947 1e+07 290075 13084 4731 1735 1556 841 
0.494801 1e+07 284075 13220 4687 1744 1586 842 
