epsilon_k[0] 0.0001
epsilon_k[1] 2.18e-05
epsilon_k[2] 7.08e-05
epsilon_k[3] 2.54e-05
epsilon_k[4] 1e-05
epsilon_k[5] 7.8e-06
epsilon_k[6] 2.18e-05
omega_x0 0.28
omega_y0 0.31
dx 0.01
epsilon 32
max_turns 10000000
from_y 32
to_y 40
0.32 1e+07 1e+07 1e+07 1e+07 1e+07 1e+07 1e+07 1e+07 1e+07 1e+07 1e+07 1e+07 1e+07 3.90742e+06 1e+07 636350 267400 68597 2622 1736 74 71 56 54 67 107 1794 71 44 68 29 27 27 16 14 13 12 12 11 11 11 10 10 10 10 9 9 9 9 8 8 8 8 8 7 7 7 7 7 7 7 7 7 6 6 6 6 6 6 6 6 6 6 6 6 6 6 6 6 6 
0.33 8.39301e+06 1e+07 1e+07 1e+07 1e+07 1e+07 1e+07 1e+07 1e+07 1e+07 1e+07 1e+07 1e+07 1e+07 422787 265648 1.41765e+06 3496 2619 114 41 42 84 52 65 106 169 58 42 32 28 26 18 15 14 13 12 11 11 11 10 10 10 10 10 9 9 9 8 8 8 8 8 7 7 7 7 7 7 7 7 7 6 6 6 6 6 6 6 6 6 6 6 6 6 6 6 6 6 6 
0.34 1.43241e+06 6.34424e+06 1e+07 1e+07 1e+07 1e+07 1e+07 6.73401e+06 5.28166e+06 3.27192e+06 9.37398e+06 8.35742e+06 6.82689e+06 6.22356e+06 126764 728370 900 900 857 45 39 39 42 51 65 108 157 56 42 30 27 34 16 14 13 12 11 11 11 10 10 10 10 10 9 9 9 8 8 8 8 8 7 7 7 7 7 7 7 7 7 6 6 6 6 6 6 6 6 6 6 6 6 6 6 6 6 6 6 6 
0.35 936716 1.22145e+06 1e+07 4.98737e+06 3.07056e+06 4.64793e+06 1e+07 2.37346e+06 4.33541e+06 2.88218e+06 5.47002e+06 3.55758e+06 269133 3.01413e+06 4360 6955 1732 3545 58 859 39 37 39 52 66 119 85 48 51 28 26 18 15 13 12 12 11 11 10 10 10 10 10 9 9 9 9 8 8 8 8 8 7 7 7 7 7 7 7 7 7 6 6 6 6 6 6 6 6 6 6 6 6 6 6 6 6 6 6 6 
0.36 59046 38217 1.79268e+06 800433 951490 1e+07 1e+07 1.11208e+06 6.88854e+06 2.5766e+06 698855 381978 45154 60799 32 29 29 29 33 71 41 37 37 70 60 145 72 44 32 28 29 16 14 13 12 11 11 11 10 10 10 10 10 9 9 9 8 8 8 8 8 7 7 7 7 7 7 7 7 7 6 6 6 6 6 6 6 6 6 6 6 6 6 6 6 6 6 6 6 5 
0.37 28664 6960 77288 135441 822996 4.05587e+06 6.67673e+06 1.07908e+06 304713 85093 203161 111145 893 30 27 26 26 26 27 29 66 37 36 40 53 225 71 43 30 27 19 15 14 12 12 11 11 10 10 10 10 10 9 9 9 9 8 8 8 8 7 7 7 7 7 7 7 7 7 6 6 6 6 6 6 6 6 6 6 6 6 6 6 6 6 6 6 5 5 5 
0.38 22 1756 874 4353 10431 256982 513066 185804 36489 13892 111131 883 34 27 26 25 24 24 25 26 28 73 36 38 51 1483 59 42 29 27 17 14 13 12 11 11 10 10 10 10 10 9 9 9 9 8 8 8 8 8 7 7 7 7 7 7 7 7 6 6 6 6 6 6 6 6 6 6 6 6 6 6 6 6 6 6 5 5 5 5 
0.39 17 19 23 13045 864 12195 87717 19116 6090 2594 906 885 30 26 25 24 23 23 23 24 25 30 36 36 50 175 56 42 29 32 16 14 13 12 11 11 10 10 10 10 9 9 9 9 9 8 8 8 8 7 7 7 7 7 7 7 7 6 6 6 6 6 6 6 6 6 6 6 6 6 6 6 6 6 6 5 5 5 5 5 
