epsilon_k[0] 0.0001
epsilon_k[1] 2.18e-05
epsilon_k[2] 7.08e-05
epsilon_k[3] 2.54e-05
epsilon_k[4] 1e-05
epsilon_k[5] 7.8e-06
epsilon_k[6] 2.18e-05
omega_x0 0.168
omega_y0 0.201
dx 0.01
n_theta 100
dtheta 0.015708
epsilon 64
max_turns 10000000
from_angle 40
to_angle 45
0.628319 1e+07 1e+07 1e+07 1e+07 1e+07 1e+07 1e+07 1e+07 1e+07 1e+07 1e+07 1e+07 1e+07 1e+07 1e+07 1e+07 1e+07 1e+07 1e+07 1e+07 1e+07 1e+07 1e+07 1e+07 1e+07 6.40476e+06 1e+07 5.34127e+06 1.46315e+06 796583 1.29617e+06 482126 599280 821534 882748 369746 756544 379408 429131 208351 1.22562e+06 798119 474418 142917 63244 277109 1e+07 107344 65636 195631 19385 248251 18962 10227 10991 2221 5925 1139 2048 2541 1923 471 356 401 234 1345 97 77 311 699 242 234 133 294 92 164 63 295 84 32 119 119 58 164 26 21 47 24 17 16 32 19 16 15 14 28 16 12 17 16 
0.644026 1e+07 1e+07 1e+07 1e+07 1e+07 1e+07 1e+07 1e+07 1e+07 1e+07 1e+07 1e+07 1e+07 1e+07 1e+07 1e+07 1e+07 1e+07 1e+07 1e+07 1e+07 1e+07 1e+07 1e+07 1e+07 1e+07 8.33225e+06 1e+07 1.42535e+06 1.48871e+06 695757 1.14466e+06 667429 1.33652e+06 669378 304519 237298 1.90354e+06 556949 1.07184e+06 916431 1.17116e+06 284845 531014 742302 61374 836707 44080 81951 18764 61169 38729 36767 3788 27554 8019 2563 5057 818 11440 1854 1149 332 465 398 233 1963 349 71 51 49 83 116 50 117 162 65 62 32 100 93 43 43 25 120 33 44 21 26 16 16 23 19 18 15 16 42 12 16 24 
0.659734 1e+07 1e+07 1e+07 1e+07 1e+07 1e+07 1e+07 1e+07 1e+07 1e+07 1e+07 1e+07 1e+07 1e+07 1e+07 1e+07 1e+07 1e+07 1e+07 1e+07 1e+07 1e+07 1e+07 1e+07 1e+07 1e+07 3.58343e+06 1e+07 1.96443e+06 594139 3.77838e+06 805853 360536 1.57442e+06 358137 676998 689095 294243 7.71917e+06 226645 152780 551216 192573 1.31834e+06 845143 317704 684611 45346 227778 31607 37913 12617 31094 5836 3212 5972 7006 12130 8471 1213 377 194 167 1562 331 40 58 43 67 64 49 113 317 23 36 227 51 69 40 28 36 18 15 14 15 30 26 44 32 39 42 21 14 16 18 20 12 11 11 12 
0.675442 1e+07 1e+07 1e+07 1e+07 1e+07 1e+07 1e+07 1e+07 1e+07 1e+07 1e+07 1e+07 1e+07 1e+07 1e+07 1e+07 1e+07 1e+07 1e+07 1e+07 1e+07 1e+07 1e+07 1e+07 1e+07 1e+07 1e+07 1.41505e+06 1e+07 4.64088e+06 1.08927e+06 463846 332388 979055 473788 303122 846757 71389 607830 35249 190061 148062 329098 182623 486647 173765 129406 845085 48203 319934 18627 16161 6707 18547 9656 2218 1.26377e+06 577 924 232 715 601 157 1879 253 1086 327 299 26 66 155 19 18 17 17 17 16 16 16 17 25 25 22 21 18 14 13 12 12 12 12 12 13 18 15 25 14 14 18 11 
0.69115 1e+07 1e+07 1e+07 1e+07 1e+07 1e+07 1e+07 1e+07 1e+07 1e+07 1e+07 1e+07 1e+07 1e+07 1e+07 1e+07 1e+07 1e+07 1e+07 1e+07 1e+07 1e+07 1e+07 1e+07 1e+07 1e+07 1e+07 2.94074e+06 1.44462e+06 1e+07 2.08036e+06 2.628e+06 373434 341685 452709 904238 1.18881e+06 402983 165329 1.03611e+06 159149 235504 332565 3.99121e+06 65189 773656 27873 67267 50593 18481 56232 7845 5466 3462 3762 3862 1024 8798 445 394 296 4446 403 154 95 105 98 398 200 41 122 259 99 91 36 46 54 78 28 28 48 26 32 37 22 25 19 17 27 17 15 14 17 14 12 12 11 11 11 12 
