epsilon_k[0] 0.1
epsilon_k[0] 2.18e-05
epsilon_k[0] 7.08e-05
epsilon_k[0] 2.54e-05
epsilon_k[0] 1e-05
epsilon_k[0] 7.8e-06
epsilon_k[0] 0.218
omega_x0 0.28
omega_y0 0.31
dx 0.01
n_theta 100
dtheta 0.00785398
epsilon 32
max_turns 10000000
from_angle 72
to_angle 80
0.565487 1e+07 35041 6855 4568 2624 2624 1789 965 
0.573341 1e+07 35026 6810 5348 2624 2624 1654 945 
0.581195 1e+07 35144 6788 6067 2624 2612 1642 947 
0.589049 1e+07 35062 6783 6783 2626 2609 1586 926 
0.596903 1e+07 35530 6767 6767 2635 2609 1489 952 
0.604757 1e+07 39179 6598 6598 2658 2608 1481 908 
0.612611 1e+07 35228 6587 5969 2659 2609 1368 903 
0.620465 1e+07 32958 6591 5900 2718 2622 1328 898 
0.628319 1e+07 32527 6562 5908 2692 2689 1325 895 
