epsilon_k[0] 0.0001
epsilon_k[1] 2.18e-05
epsilon_k[2] 7.08e-05
epsilon_k[3] 2.54e-05
epsilon_k[4] 1e-05
epsilon_k[5] 7.8e-06
epsilon_k[6] 2.18e-05
omega_x0 0.168
omega_y0 0.201
dx 0.01
n_theta 100
dtheta 0.015708
epsilon 60
max_turns 10000000
from_angle 55
to_angle 60
0.863938 1e+07 1e+07 1e+07 1e+07 1e+07 1e+07 1e+07 1e+07 1e+07 1e+07 1e+07 1e+07 1e+07 1e+07 1e+07 1e+07 1e+07 1e+07 1e+07 1e+07 1e+07 1e+07 1e+07 1e+07 1e+07 1e+07 1e+07 1e+07 1e+07 4.44897e+06 3.47473e+06 1.81875e+06 185466 1.02984e+06 1.09628e+06 1e+07 1.30828e+06 356153 333737 957493 317536 70102 158979 26514 130902 30133 10481 36989 2248 2407 28171 1318 1885 2979 1875 2231 2453 768 556 163 221 575 41 27 18 18 17 17 17 17 24 22 22 154 27 18 15 28 12 12 12 18 16 14 29 20 14 13 15 10 10 9 8 8 7 7 7 7 6 6 
0.879646 1e+07 1e+07 1e+07 1e+07 1e+07 1e+07 1e+07 1e+07 1e+07 1e+07 1e+07 1e+07 1e+07 1e+07 1e+07 1e+07 1e+07 1e+07 1e+07 1e+07 1e+07 1e+07 1e+07 1e+07 1e+07 1e+07 1e+07 1e+07 1e+07 4.52514e+06 1e+07 1e+07 367346 379397 570881 168412 518544 223536 38780 354375 61182 143745 73640 14254 26480 66685 4116 7815 7255 263207 34774 8205 3688 2832 1522 1377 10652 1312 210 261 293 211 238 251 246 49 551 30 23 41 60 46 27 23 15 25 13 12 12 16 27 18 15 15 15 14 12 11 10 8 8 7 7 7 7 6 6 6 6 6 
0.895354 1e+07 1e+07 1e+07 1e+07 1e+07 1e+07 1e+07 1e+07 1e+07 1e+07 1e+07 1e+07 1e+07 1e+07 1e+07 1e+07 1e+07 1e+07 1e+07 1e+07 1e+07 1e+07 1e+07 1e+07 1e+07 1e+07 1e+07 1e+07 1e+07 1e+07 1e+07 2.45146e+06 2.3048e+06 1.53759e+06 377987 823434 162768 202556 331260 236071 1.51395e+06 86208 36056 403811 27065 13999 6195 49489 17943 12502 1637 114307 1190 1690 624 1149 6701 1615 525 398 493 180 266 195 35 55 45 183 405 55 68 38 15 26 13 12 13 20 17 18 28 19 13 25 11 13 10 8 8 7 7 7 7 6 6 6 6 6 6 6 
0.911062 1e+07 1e+07 1e+07 1e+07 1e+07 1e+07 1e+07 1e+07 1e+07 1e+07 1e+07 1e+07 1e+07 1e+07 1e+07 1e+07 1e+07 1e+07 1e+07 1e+07 1e+07 1e+07 1e+07 1e+07 1e+07 1e+07 1e+07 1e+07 1e+07 1e+07 1e+07 6.8134e+06 6.43543e+06 940802 723409 124319 135810 214076 371086 108483 186799 41832 21034 357790 11561 7254 8895 2515 3117 8983 3224 2358 1603 3558 10659 1646 2171 1114 516 127 264 97 39 133 117 36 72 53 73 50 16 21 22 13 13 15 19 29 75 24 13 17 12 13 10 8 8 7 7 7 7 6 6 6 6 6 6 6 6 6 
0.92677 1e+07 1e+07 1e+07 1e+07 1e+07 1e+07 1e+07 1e+07 1e+07 1e+07 1e+07 1e+07 1e+07 1e+07 1e+07 1e+07 1e+07 1e+07 1e+07 1e+07 1e+07 1e+07 1e+07 1e+07 1e+07 1e+07 1e+07 1e+07 1e+07 1e+07 1e+07 1e+07 1e+07 1.66616e+06 367593 1.44759e+06 1.95024e+06 45230 168864 69851 24497 55757 47036 37961 10917 6524 7286 24565 8075 1419 1583 3510 3941 400 1239 332 1440 723 453 655 368 134 140 237 45 358 73 36 120 16 24 21 14 14 25 48 67 25 15 16 18 17 14 8 8 7 7 7 7 6 6 6 6 6 6 6 6 6 6 6 
