epsilon_k[0] 0.0001
epsilon_k[1] 2.18e-05
epsilon_k[2] 7.08e-05
epsilon_k[3] 2.54e-05
epsilon_k[4] 1e-05
epsilon_k[5] 7.8e-06
epsilon_k[6] 2.18e-05
omega_x0 0.168
omega_y0 0.201
dx 0.001
epsilon 10
max_turns 10000000
from_y 640
to_y 720
0.64 227 229 390 621 130 214 722 2557 684 503 551 766 466 2200 628 1032 315 140 921 509 327 16786 356 225 307 218 125 400 205 308 200 205 183 492 197 1855 1208 133 104 120 103 139 85 146 332 161 172 208 97 106 190 119 114 992 167 140 192 152 55 52 90 78 224 66 60 105 167 250 77 107 134 111 214 85 314 94 105 135 173 91 
0.641 119 288 301 248 876 128 176 375 287 443 461 410 376 518 341 214 489 1341 531 130 364 294 237 739 268 187 163 204 119 99 460 1837 93 242 175 101 164 81 344 143 264 124 152 160 80 372 174 190 150 312 346 207 75 105 80 220 190 156 79 56 82 67 279 2166 66 129 154 259 119 296 172 61 100 82 356 339 103 226 228 169 
0.642 155 392 549 205 207 756 364 411 326 1962 1226 960 554 260 4025 427 227 404 317 2563 230 288 346 5620 406 255 464 143 335 95 98 385 471 239 166 143 207 183 77 168 163 243 90 85 91 120 162 245 286 172 86 222 96 167 100 202 243 104 237 127 72 65 44 81 93 102 110 177 152 92 144 502 146 90 553 228 227 203 117 84 
0.643 357 492 482 123 191 214 1165 122 125 737 1266 259 676 734 612 1364 342 824 110 352 342 154 377 965 182 20620 1901 164 307 111 164 312 171 756 244 306 53 281 60 82 343 860 168 109 104 121 142 142 147 161 263 89 259 142 94 241 266 73 353 95 151 418 88 75 80 81 113 174 177 138 132 290 133 75 110 268 150 1008 120 281 
0.644 494 286 948 306 335 283 141 138 458 319 569 2481 1269 320 216 16826 8616 1217 525 164 228 137 10948 534 90 2678 799 460 168 77 308 1043 281 103 1237 86 290 144 86 63 126 355 120 147 236 118 247 149 174 157 94 153 87 125 217 105 118 248 85 97 207 703 47 117 70 103 80 97 239 867 674 166 75 1141 145 181 160 156 234 71 
0.645 554 462 334 285 1044 232 196 158 689 115 308 440 186 10414 509 587 364 1318 432 248 2527 1752 566 437 208 112 2751 263 103 108 77 152 648 89 192 93 781 209 332 59 60 295 211 312 158 332 131 183 268 478 177 88 82 79 63 90 103 78 76 159 245 48 153 39 190 342 133 79 544 702 215 689 84 170 223 110 589 131 132 64 
0.646 335 163 191 329 283 552 287 151 213 312 590 268 190 433 1105 773 263 329 491 120 371 730 181 401 413 165 276 541 367 110 443 157 174 377 102 173 326 418 55 53 53 60 152 72 282 116 286 251 603 85 147 141 138 134 110 111 98 112 80 279 51 221 77 165 44 304 78 310 132 197 184 88 6378 134 181 247 148 204 148 114 
0.647 340 1071 219 327 431 2200 276 281 129 193 790 133 661 243 193 805 423 755 920 214 843 588 712 192 2425 985 206 134 230 147 154 99 126 199 135 1534 293 80 179 81 89 53 273 124 84 596 410 617 1723 584 96 600 125 81 81 117 323 887 282 98 77 454 102 122 38 51 66 173 213 304 78 50 338 304 104 134 79 7019 104 180 
0.648 277 213 996 188 110 446 271 400 621 688 229 240 130 820 334 250 683 902 1292 918 180 129 248 207 239 321 231 263 107 268 764 350 98 194 132 312 273 289 504 98 130 83 59 94 107 723 1002 4884 811 175 253 143 91 107 148 132 195 80 114 84 424 168 45 121 187 128 103 115 210 1071 154 78 167 196 203 163 277 573 538 82 
0.649 231 287 199 267 541 108 146 239 204 899 162 182 121 2366 174 213 2414 1356 596 227 417 180 373 199 260 96 343 168 696 208 659 148 95 68 163 127 110 4124 1749 127 75 121 88 95 96 192 104 342 134 138 160 145 201 68 237 363 131 108 1068 62 70 90 55 108 87 39 52 106 265 245 275 69 465 127 139 178 204 90 85 144 
0.65 731 186 649 393 141 202 119 126 374 183 461 238 141 126 154 614 311 10822 260 587 934 232 306 162 185 640 138 233 532 71 357 230 167 296 266 122 220 111 309 74 116 69 104 55 207 104 140 222 286 273 332 119 239 88 175 297 199 91 112 160 108 81 48 82 80 202 82 60 68 109 109 285 266 460 69 132 71 745 141 147 
0.651 195 230 431 262 433 142 497 309 137 283 92 420 277 211 212 188 189 237 14968 346 266 518 93 2542 258 234 300 169 496 259 80 106 111 324 206 183 158 79 845 95 269 71 243 249 77 109 162 108 526 148 188 215 68 90 91 100 213 127 454 60 60 481 76 286 87 153 261 290 143 246 140 449 62 219 62 121 44 121 90 60 
0.652 191 231 376 288 171 154 123 203 177 118 201 411 369 569 169 166 115 368 232 207 201 985 207 327 705 257 468 217 198 189 97 150 112 248 175 3748 92 265 87 207 149 199 54 86 218 869 133 96 184 94 139 211 93 111 184 153 339 128 91 80 155 54 100 45 39 39 261 56 310 318 448 522 100 93 62 55 37 226 429 60 
0.653 132 115 113 160 165 114 340 177 191 239 178 174 351 488 121 573 191 148 523 316 772 150 549 129 366 129 854 335 264 74 336 588 343 124 609 261 120 636 200 325 183 158 474 86 122 53 52 145 94 132 227 83 168 161 257 130 181 220 168 145 95 97 62 189 71 54 62 185 60 152 277 147 224 221 179 105 36 82 189 83 
0.654 243 110 127 403 171 447 366 341 266 188 216 150 106 151 377 131 737 123 324 618 282 2804 7678 233 359 458 548 199 271 125 1273 77 148 161 163 182 248 2056 639 185 113 204 152 337 269 99 70 216 85 103 2075 325 266 573 72 55 113 73 91 57 93 64 51 185 66 41 38 67 81 115 261 161 139 135 424 116 36 8462 535 67 
0.655 91 136 116 298 553 153 141 139 109 238 205 624 166 177 97 113 162 178 170 152 365 2590 392 371 222 181 99 218 106 113 381 1142 265 232 22531 141 183 254 190 105 360 101 370 219 166 90 492 167 83 258 65 248 247 82 299 230 318 69 84 155 179 99 92 93 381 40 39 164 67 138 349 95 195 191 142 105 36 77 131 197 
0.656 143 92 158 205 206 145 828 87 212 98 86 120 271 244 204 161 107 114 265 246 240 309 214 2227 299 202 150 127 306 150 545 129 151 248 397 398 124 124 129 168 244 1179 1021 346 111 189 155 52 54 134 125 136 433 100 153 131 58 223 769 91 73 205 67 52 49 111 34 45 155 130 100 578 156 137 329 107 74 37 137 97 
0.657 191 157 82 247 148 143 91 146 264 93 121 86 89 137 17930 356 109 300 188 334 142 184 1791 330 1123 703 148 365 345 178 116 67 654 132 203 4040 364 322 343 1619 171 600 1368 847 295 103 196 123 59 78 210 112 150 256 152 106 131 82 79 92 64 165 246 154 54 39 33 47 38 147 76 155 593 73 105 233 184 36 244 194 
0.658 99 109 110 107 226 118 473 101 676 934 98 98 292 96 146 89 687 108 301 123 216 312 85 226 525 437 226 174 182 219 104 181 147 174 221 441 297 231 185 870 177 131 222 300 1786 103 158 299 1780 65 175 71 100 311 961 976 100 55 74 62 180 71 64 51 351 109 33 33 50 54 143 73 150 291 100 245 93 36 142 70 
0.659 204 346 99 469 80 130 338 79 157 194 226 421 85 92 87 127 190 114 242 1050 106 80 139 313 215 489 150 418 113 309 382 208 76 313 1425 366 176 178 300 246 248 162 274 204 266 3291 169 73 289 267 93 135 159 163 481 123 244 269 331 136 48 64 130 65 92 47 35 32 40 159 793 104 132 120 46 304 41 37 176 56 
0.66 728 244 335 152 201 215 148 164 250 132 103 258 96 109 113 100 108 319 415 335 119 102 101 113 266 870 229 175 165 1977 191 123 177 160 7093 959 448 586 170 269 83 159 136 313 175 211 282 453 124 496 252 88 114 161 127 201 70 472 112 67 128 183 60 64 53 49 172 32 35 38 78 84 90 80 162 200 72 37 220 277 
0.661 282 323 220 110 112 221 108 70 115 186 348 136 154 1233 102 110 161 198 115 153 1036 130 538 462 119 206 306 138924 298 163 236 90 500 124 263 286 232 824 304 149 185 268 346 416 2008 363 185 224 295 276 253 344 110 85 67 165 166 229 102 313 536 56 49 282 213 180 66 32 32 88 86 60 81 95 58 68 128 36 235 123 
0.662 122 122 301 140 358 96 183 119 178 118 201 265 103 154 248 217 112 203 130 96 133 110 105 91 144 262 144 661 396 202 110 238 111 3716 221 575 285 98 214 184 195 9476 254 1197 254 660 1361 371 357 270 249 270 116 65 173 120 96 104 259 81 73 46 291 117 192 53 230 32 32 78 99 113 154 112 92 147 86 35 77 53 
0.663 83 225 169 187 254 839 178 63 77 89 98 392 95 85 122 91 255 86 259 106 106 114 229 112 1729 87 294 451 313 351 205 378 127 94 492 210 386 237 146 149 317 180 481 722 1229 480 367 150 536 635 304 113 68 123 93 162 144 122 222 70 563 75 75 49 142 197 58 34 32 33 44 71 115 75 59 303 74 35 36 109 
0.664 88 65 121 151 152 171 730 138 62 340 76 138 175 239 392 149 86 117 92 147 116 113 366 185 216 100 271 117 465 423 282 167 201 365 155 347 1140 225 93 181 151 531 527 415 1869 146 155 270 172 221 132 212 152 219 70 60 83 248 165 81 139 65 58 195 185 64 81 71 32 32 55 96 50 167 110 103 358 35 51 200 
0.665 162 78 86 89 354 103 230 189 187 63 62 104 76 127 147 109 154 171 71 104 183 393 99 567 100 160 106 144 160 245 199 104 373 142 119 357 523 145 104 476 112 366 162 530 282 73 268 390 1078 209 139 190 119 166 315 421 60 272 457 150 67 181 132 65 67 233 142 134 32 32 54 58 62 74 174 337 130 36 72 394 
0.666 813 518 188 127 74 274 269 214 457 70 62 124 120 120 89 234 561 125 92 72 78 146 106 161 240 121 101 401 218 111 147 120 85 212 97 174 215 218 772 128 201 214 83 236 1043 1512 66 1069 73 132 661 126 84 81 102 194 465 65 250 118 156 127 383 47 58 215 64 250 32 32 33 69 97 118 233 88 1471 86 41 351 
0.667 600 68 395 419 345 152 605 166 283 626 62 62 396 81 345 182 115 66 175 245 154 146 174 119 105 261 100 85 330 294 443 208 120 125 245 156 569 446 260 218 153 98 175 109 580 325 202 141 85 131 503 214 246 174 72 282 83 58 90 120 210 111 99 50 60 154 97 207 164 32 32 91 72 140 76 106 69 396 52 883 
0.668 127 118 299 92 354 136 65 52 499 352 242 93 298 81 120 113 542 597 77 74 85 156 110 291 317 136 95 109 85 86 699 627 239 73 78 80 221 358 243 208 134 79 121 270 1305 491 290 212 168 452 314 140 210 517 103 473 641 79 58 103 1059 83 99 57 83 41 69 146 222 32 32 49 165 131 132 71 53 45 139 348 
0.669 89 55 187 49 273 209 100 465 78 165 100 195 147 87 124 125 166 180 122 314 228 174 268 98 125 111 92 208 158 94 98 196 252 131 184 78 248 1376 158 379 211 152 226 218 122 95 91 1398 106 173 129 184 124 143 85 91 116 110 95 331 105 181 254 125 46 138 125 65 53 32 33 79 74 65 88 208 129 105 42 128 
0.67 53 49 130 48 42 426 673 120 109 80 135 183 244 197 93 217 135 111 143 88 78 158 737 162 76 141 208 135 139 111 219 123 138 176 77 183 135 263 426 253 500 124 73 207 125 71 748 238 16041 103 127 206 107 199 169 367 304 245 136 85 181 106 57 103 160 61 126 72 46 32 55 32 106 73 150 187 84 185 84 44 
0.671 103 237 121 167 73 84 41 62 80 76 80 133 325 203 143 139 284 90 93 363 354 435 142 390 3228 152 205 100 100 92 98 243 166 335 302 146 370 80 692 146 72 468 123 382 523 94 1079 54 251 54 90 230 159 316 100 168 111 221 154 87 72 106 189 64 354 780 66 113 219 55 35 32 234 68 48 48 67 261 35 50 
0.672 164 104 166 117 67 345 123 56 48 83 98 106 106 225 103 98 2878 218 216 141 58 173 115 104 98 91 110 116 118 121 89 425 234 174 427 179 262 92 279 89 124 196 155 224 467 344 87 136 357 685 54 149 135 191 119 85 213 342 320 166 317 86 456 88 140 116 54 64 92 90 32 34 67 110 141 381 43 95 34 43 
0.673 88 70 93 359 96 399 188 53 46 41 128 77 96 122 77 174 94 115 322 87 119 236 66 84 261 95 97 130 76 144 100 111 201 167 146 980 117 126 77 314 356 126 101 74 197 110 87 94 260 140 132 155 394 211 250 97 1267 409 638 179 112 106 84 52 232 121 67 41 63 44 32 40 32 61 223 121 168 442 35 183 
0.674 121 126 83 57 54 81 149 275 47 70 112 41 334 107 293 89 105 224 190 134 144 137 77 85 144 128 66 400 94 185 158 83 86 171 126 78 113 241 88 263 161 235 129 165 289 121 250 55 117 144 180 154 99 172 237 322 169 127 795 140 159 280 80 390 61 109 75 308 83 54 72 48 32 41 133 295 67 148 45 262 
0.675 56 62 103 83 122 71 144 79 471 43 104 565 42 59 166 152 67 114 423 91 686 105 90 71 1944 372 144 79 85 306 71 172 188 140 400 469 136 186 183 189 211 106 66 217 91 102 106 418 237 222 312 165 170 189 342 163 127 753 264 178 174 193 89 134 107 224 245 87 59 76 1039 73 33 69 141 344 79 2520 40 91 
0.676 65 67 60 58 50 58 110 105 181 145 314 271 70 46 55 73 78 148 305 139 126 95 89 88 280 101 142 244 80 255 134 161 470 232 170 1006 92 202 217 146 234 347 87 71 125 329 124 91 366 314 1063 263 109 160 520 279 199 515 188 1858 108 108 230 106 343 460 94 81 542 139 53 32 132 90 111 60 61 93 63 80 
0.677 123 100 66 75 77 67 50 74 184 77 182 81 42 76 520 40 88 263 87 221 121 129 161 179 111 83 405 138 153 406 150 96 85 163 91 148 171 395 147 97 98 103 99 219 198 74 66 90 57 307 141 174 244 165 125 521 476 163 296 103 161 285 88 88 298 252 313 174 53 88 102 32 131 32 52 52 40 133 54 70 
0.678 106 88 68 61 59 168 75 68 55 59 50 99 137 282 98 200 96 118 161 73 125 125 111 125 132 623 96 112 639 72 516 352 119 170 100 166 149 308 88 145 98 179 83 168 360 172 200 395 171 427 86 159 101 167 75 92 105 90 104 169 97 146 192 71 56 176 219 84 56 166 56 45 92 32 59 121 214 109 178 125 
0.679 434 266 61 191 74 76 59 108 87 72 50 93 102 72 208 52 60 61 92 114 194 61 541 224 266 231 105 58 89 145 597 166 92 227 274 275 172 1124 137 292 766 156 78 153 203 99 172 60 69 212 52 275 65 1933 227 90 125 548 350 228 156 669 61 142 91 180 120 196 123 56 89 52 53 49 56 271 104 120 240 36 
0.68 87 67 106 92 92 59 69 100 54 135 54 98 55 49 92 80 41 230 367 39 53 245 546 222 120 857 195 80 127 134 178 246 301 199 334 71 161 826 137 195 173 177 127 779 219 66 83 492 169 507 203 149 96 523 60 1062 74 87 655 182 57 192 241 426 55 91 96 48 130 51 174 118 32 356 128 89 108 108 110 34 
0.681 99 199 72 69 109 299 79 59 76 62 68 54 70 59 69 144 166 95 80 53 41 80 83 90 95 319 199 213 116 239 74 132 96 119 108 271 98 136 306 106 274 136 60 114 117 221 223 74 73 78 161 140 40 64 55 78 142 295 111 119 145 74 127 168 65 57 145 90 291 266 341 57 32 62 32 219 88 157 262 66 
0.682 72 152 137 104 161 66 124 109 136 63 127 60 55 67 313 66 91 105 153 129 46 47 46 167 162 115 412 188 175 185 159 68 131 99 168 176 74 86 82 234 6676 114 272 215 97 109 91 91 64 59 89 82 40 80 71 145 319 79 355 221 102 138 256 142 102 72 161 127 402 53 100 110 45 53 33 61 195 101 326 147 
0.683 92 198 122 144 141 535 82 66 354 107 98 69 274 54 69 108 95 243 93 139 46 50 334 146 70 236 87 75 102 209 115 157 83 135 80 108 94 172 92 180 287 240 85 62 354 156 296 203 511 366 175 156 42 40 137 437 317 155 216 401 299 168 75 207 69 98 162 229 1871 154 58 65 50 428 129 83 79 132 65 101 
0.684 278 102 118 181 252 122 100 132 75 85 132 244 63 65 59 84 137 60 75 76 111 133 48 58 46 140 190 73 198 683 160 83 88 403 747 81 169 313 272 178 12017 116 115 82 138 116 147 92 74 64 332 285 50 41 65 194 424 138 89 93 119 88 1402 77 171 87 160 254 102 275 112 46 143 32 130 139 66 478 75 138 
0.685 110 142 120 91 177 235 112 152 174 72 107 131 118 171 66 141 55 114 108 55 71 138 177 145 51 56 80 464 98 194 282 75 116 78 350 399 149 185 208 97 151 140 470 357 65 101 77 207 148 92 185 166 91 183 1295 120 186 104 87 98 252 403 556 47 157 60 95 163 148 316 171 95 82 101 51 32 59 56 324 108 
0.686 311 247 180 497 183 170 176 181 115 859 182 121 161 184 163 92 75 58 75 118 515 127 105 107 67 50 41 1944 180 104 303 185 127 69 200 341 251 101 351 197 67 174 145 187 169 155 59 199 259 96 68 174 76 123 132 71 193 72 111 74 165 138 251 237 122 56 167 71 123 360 89 63 142 76 186 32 114 77 37 178 
0.687 360 267 329 104 125 303 179 137 185 226 192 190 133 185 106 99 98 169 64 74 88 403 54 135 264 105 41 40 115 129 264 76 260 142 71 66 271 89 1469 87 91 99 173 159 315 45 417 89 121 455 396 130 46 73 51 89 112 53 54 383 99 68 69 71 171 127 77 327 66 80 70 52 58 127 73 322 39 128 145 116 
0.688 177 521 392 173 110 340 167 114 207 197 120 105 147 342 123 276 119 693 98 69 71 61 62 51 64 242 124 40 40 193 127 220 199 139 113 137 69 1037 172 390 100 160 418 89 228 207 251 56 275 111 137 135 99 39 135 204 103 117 118 80 73 345 462 155 142 106 170 112 84 78 245 289 68 150 32 101 157 103 187 137 
0.689 298 275 228 142 283 272 112 74 86 91 105 302 75 164 102 142 141 117 109 212 70 98 92 63 118 99 97 134 411 41 527 155 103 256 86 97 132 72 69 230 277 162 139 362 145 76 46 75 81 127 111 65 185 123 372 269 372 59 239 305 71 109 53 254 234 48 110 142 159 57 382 509 53 61 105 77 35 69 1041 258 
0.69 134 78 110 128 326 159 141 84 67 63 59 77 184 186 189 509 88 69 96 127 215 130 76 143 91 65 60 54 94 93 48 199 107 75 118 153 50 77 65 153 86 289 342 67 278 151 97 99 75 208 92 75 281 120 68 82 310 44 267 101 44 236 96 59 59 48 47 381 57 92 56 484 56 94 74 59 32 89 79 54 
0.691 98 105 140 98 293 137 167 299 76 136 66 59 117 76 113 113 67 66 86 133 607 250 157 65 1090 64 58 222 57 85 60 93 356 127 152 103 105 63 69 138 138 140 110 115 87 85 105 99 57 775 136 121 177 177 634 124 97 115 42 47 42 53 55 161 295 66 52 89 193 132 56 73 124 136 85 52 75 124 113 53 
0.692 98 167 152 174 78 122 197 128 81 80 96 61 98 344 101 73 113 101 197 470 856 133 154 260 203 108 81 54 69 76 101 67 56 100 70 163 111 55 57 137 98 187 263 143 69 419 80 110 191 60 660 144 160 73 58 1139 172 190 63 95 170 56 158 168 216 52 83 126 78 97 53 98 154 44 52 32 83 231 86 39 
0.693 181 271 332 165 124 141 767 370 266 70 74 77 74 102 101 79 162 105 84 454 95 79 168 203 192 131 162 108 65 89 72 79 64 77 127 108 355 361 50 115 197 159 182 207 116 106 134 200 63 93 125 407 105 96 52 323 107 138 184 37 90 36 81 71 101 53 178 107 160 80 75 49 49 67 41 38 77 40 109 45 
0.694 60 338 337 184 140 393 117 164 155 150 79 58 86 134 119 120 110 64 75 76 122 70 197 97 175 131 236 105 97 78 62 185 83 60 86 122 113 106 88 62 109 83 176 277 205 268 103 298 108 1129 88 167 148 181 117 35 54 207 266 138 36 36 815 282 36 500 39 257 339 162 283 50 90 124 96 107 203 33 72 39 
0.695 34 111 76 91 174 70 138 309 144 375 151 156 72 190 126 100 127 62 109 103 73 288 137 102 139 119 225 141 153 161 60 72 72 195 44 66 112 163 255 45 55 148 92 107 105 208 170 130 222 99 88 209 866 84 93 54 1347 34 44 36 39 31 31 36 365 35 112 103 216 109 86 85 69 481 51 55 87 33 89 82 
0.696 44 41 33 36 95 139 798 156 79 325 77 149 164 581 90 49 49 50 105 63 381 158 102 123 108 91 105 94 116 117 129 58 79 141 119 57 59 126 139 78 117 38 79 93 122 86 112 192 89 167 491 211 235 157 109 46 598 41 334 272 30 29 29 28 251 105 135 100 98 52 88 95 86 104 52 52 94 56 132 77 
0.697 135 103 60 45 34 34 39 103 121 155 80 231 132 730 114 49 49 83 140 60 292 479 248 351 147 96 100 95 290 90 188 102 64 75 481 64 91 49 284 360 92 36 39 527 88 110 130 226 562 687 129 393 268 124 107 159 36 118 224 220 30 30 29 28 28 37 259 54 149 97 65 135 60 52 167 43 79 63 104 216 
0.698 85 58 132 118 50 43 34 34 81 171 87 142 396 367 313 158 111 123 130 174 141 134 80 102 181 171 257 203 140 102 102 368 249 71 63 141 105 313 58 57 53 52 37 44 101 71 67 222 232 105 605 121 370 184 85 76 74 54 46 31 30 38 127 28 28 28 36 34 173 52 42 71 55 102 62 78 63 252 40 120 
0.699 112 54 47 159 319 60 58 38 35 34 54 171 185 130 189 273 73 51 185 366 62 180 143 164 146 289 626 78 125 94 428 80 153 210 126 71 114 41 60 87 1091 135 36 84 321 101 133 73 162 106 113 110 96 272 524 92 179 57 65 30 29 81 294 41 28 27 28 127 63 67 72 66 77 61 109 161 57 123 33 95 
0.7 49 32 60 86 165 242 57 57 167 39 34 104 65 95 90 172 129 140 49 231 141 206 110 121 247 179 196 126 172 302 2746 1495 157 143 174 631 57 63 42 134 174 45 83 37 39 78 55 68 402 88 108 292 927 178 200 102 611 101 34 162 29 70 115 91 118 27 27 28 143 127 55 133 75 112 41 133 73 38 96 435 
0.701 69 62 80 73 32 55 50 238 268 63 53 55 33 69 611 184 265 197 81 90 79 63 102 87 173 116 419 1051 396 321 295 253 89 154 377 267 161 73 53 37 511 77 143 65 50 37 470 194 75 137 146 354 165 87 151 150 53 58 144 36 28 46 34 34 94 29 27 27 29 33 46 44 63 113 2768 43 65 31 182 160 
0.702 34 30 31 58 94 83 33 97 90 187 276 82 40 54 34 47 181 110 176 97 79 153 113 97 82 105 84 190 94 26323 205 113 235 126 119 99 160 107 72 181 36 125 49 763 36 312 329 172 73 85 126 106 157 102 129 510 181 271 50 37 28 446 40 130 40 50 28 27 27 392 53 685 47 80 80 317 43 97 56 109 
0.703 28 51 41 31 42 31 92 169 140 33 101 75 211 236 39 34 152 175 51 238 118 88 89 57 106 66 423 302 212 408 387 75 78 108 81 66 130 93 248 102 300 62 53 104 57 65 69 172 58 76 376 219 166 80 147 314 111 135 88 46 28 192 91 231 131 174 88 27 27 27 82 59 66 88 907 106 90 100 64 296 
0.704 26 26 26 27 39 52 31 30 221 46 38 32 47 43 121 142 61 33 64 172 84 202 151 55 223 120 80 104 114 215 403 106 107 63 119 140 860 56 76 248 283 113 136 105 43 85 48 39 131 109 149 239 80 189 282 1193 91 73 337 40 28 35 72 39 131 93 149 29 27 27 84 58 37 118 109 89 164 60 117 33 
0.705 37 120 226 27 26 26 27 47 84 38 45 97 38 40 66 43 205 62 35 41 209 108 215 60 53 86 77 155 73 611 348 1453 71 260 204 136 239 114 171 89 136 63 136 50 49 53 37 54 75 199 397 135 116 62 188 278 229 95 206 85 29 78 67 37 33 33 144 36 27 26 27 83 40 54 96 303 99 51 90 48 
0.706 64 86 80 47 59 300 28 26 26 27 40 39 33 224 48 63 42 45 96 158 34 80 51 147 49 354 58 88 279 81 182 265 544 157 188 126 103 75 157 108 57 142 98 40 158 61 214 104 74 63 107 84 135 152 88 70 127 153 953 88 501 28 152 33 38 43 32 43 62 27 26 28 53 44 115 1016 81 77 85 67 
0.707 48 126 65 90 47 127 191 63 35 27 26 27 38 34 38 142 32 103 78 88 105 33 47 51 121 49 593 66 53 146 113 288 140 218 143 86 96 74 73 252 277 94 293 80 35 313 159 38 122 37 126 122 77 96 80 89 112 170 113 137 42 27 41 33 116 63 173 32 64 28 26 27 61 32 39 192 48 86 341 139 
0.708 35 31 431 99 137 70 148 66 86 206 65 27 26 26 35 39 47 48 32 231 65 123 40 99 164 181 62 118 55 137 74 155 102 332 83 103 144 121 54 141 96 136 268 127 56 61 71 103 38 40 528 60 155 187 93 77 282 713 229 142 88 27 34 33 77 98 61 104 78 137 27 26 27 52 157 179 79 99 81 62 
0.709 125 28 27 27 57 32 83 124 81 105 95 71 32 28 26 27 57 30 159 39 64 63 159 57 34 131 89 71 141 52 49 176 75 98 811 84 208 168 59 58 78 379 184 80 133 83 126 454 121 59 104 370 67 143 102 234 75 217 94 176 32 29 35 33 60 119 138 103 41 395 28 26 26 44 44 81 113 71 71 98 
0.71 43 62 55 45 202 29 27 37 32 65 111 53 51 179 44 28 26 27 44 30 83 31 43 57 69 33 70 59 109 383 43 40 47 170 201 163 230 86 191 112 65 149 62 367 115 69 40 60 68 37 61 68 98 250 434 125 90 61 87 513 122 55 27 62 64 85 118 222 69 32 67 27 26 27 469 68 256 93 49 31 
0.711 43 49 37 46 28 31 49 69 36 27 33 50 54 54 1477 168 32 27 26 49 40 50 42 52 159 107 57 47 51 85 261 40 40 138 97 200 482 216 65 64 147 54 101 269 182 99 52 76 107 150 51 58 142 131 129 155 70 179 105 94 104 64 27 281 58 170 139 84 57 122 49 28 26 26 33 87 345 40 112 48 
0.712 21 22 22 22 24 33 33 42 62 97 51 27 48 55 79 130 51 49 85 26 26 38 30 68 32 73 221 65 40 75 295 1122 40 40 79 84 368 200 72 740 549 139 53 207 251 154 133 139 61 69 61 65 39 148 96 71 114 418 64 145 437 32 27 107 88 84 139 136 90 119 50 77 26 26 28 32 52 49 56 63 
0.713 21 21 21 21 21 22 22 23 53 78 28 94 67 29 28 40 73 105 67 51 95 26 27 31 63 39 62 465 113 51 103 184 363 42 41 59 173 7634 85 89 97 110 114 91 62 184 104 139 134 289 125 37 68 69 163 112 86 84 110 200 131 306 58 93 91 176 88 310 86 52 80 50 27 26 26 195 123 62 188 290 
0.714 21 21 21 21 21 21 21 21 22 22 23 39 43 41 46 51 28 58 110 51 47 47 27 26 35 30 58 39 132 130 33 396 286 228 48 42 85 100 165 59 128 51 143 135 66 692 103 265 173 213 67 161 44 255 87 66 102 84 622 304 76 255 164 27 40 67 68 123 89 48 224 39 136 26 26 35 48 85 46 50 
0.715 20 20 20 21 21 21 21 21 21 21 21 22 22 64 124 118 46 103 30 80 76 38 75 59 26 27 37 66 32 107 83 34 85 205 83 162 42 344 68 103 112 140 88 108 52 60 119 67 269 153 34 53 37 58 47 108 82 116 67 70 302 113 33 26 39 53 189 92 67 50 55 88 388 27 26 26 56 46 211 64 
0.716 20 20 20 20 20 20 20 21 21 21 21 21 21 22 22 62 78 47 107 28 43 93 93 55 58 28 26 52 46 49 145 206 38 192 466 52 125 41 89 10114 99 140 119 126 94 76 99 60 103 230 57 57 59 37 54 240 60 619 85 151 131 723 44 159 67 74 155 53 52 125 144 118 32 56 26 26 33 75 78 47 
0.717 20 20 20 20 20 20 20 20 20 21 21 21 21 21 21 21 22 63 70 49 49 27 48 119 162 220 45 26 37 30 162 67 49 109 93 149 68 105 41 121 149 110 100 154 1533 90 45 60 81 86 189 89 51 57 54 84 60 82 189 174 117 68 126 108 27 41 254 136 1635 127 53 179 99 39 27 26 27 31 106 63 
0.718 20 20 20 20 20 20 20 20 20 20 20 20 21 21 21 21 21 21 22 413 79 76 105 27 96 86 65 53 27 26 31 153 55 356 77 87 117 79 114 41 136 127 93 158 61 73 55 45 83 79 179 130 41 67 218 41 342 61 139 143 102 151 66 65 26 140 82 504 53 51 75 53 74 61 28 26 26 37 76 96 
0.719 21 21 21 21 21 20 20 20 20 20 20 20 20 20 21 21 21 21 21 22 23 71 29 66 50 81 98 110 236 77 26 44 54 32 360 55 301 125 74 57 41 107 53 144 78 42 120 52 49 83 63 63 75 141 93 65 121 91 90 101 94 113 88 80 29 117 58 94 49 35 44 43 212 38 60 26 26 80 88 167 
