epsilon_k[0] 0.0001
epsilon_k[1] 2.18e-05
epsilon_k[2] 7.08e-05
epsilon_k[3] 2.54e-05
epsilon_k[4] 1e-05
epsilon_k[5] 7.8e-06
epsilon_k[6] 2.18e-05
omega_x0 0.168
omega_y0 0.201
dx 0.01
n_theta 100
dtheta 0.015708
epsilon 10
max_turns 10000000
from_angle 35
to_angle 40
0.549779 1e+07 1e+07 1e+07 1e+07 1e+07 1e+07 1e+07 1e+07 1e+07 1e+07 1e+07 1e+07 1e+07 1e+07 1e+07 1e+07 1e+07 1e+07 1e+07 1e+07 1e+07 1e+07 1e+07 1e+07 1e+07 1e+07 1e+07 1e+07 1e+07 1e+07 1e+07 1e+07 1e+07 1e+07 1e+07 1e+07 1e+07 1e+07 1e+07 1e+07 1e+07 1e+07 1e+07 1e+07 1e+07 1e+07 4.08216e+06 2.48996e+06 2.56125e+06 1e+07 303667 805782 144154 16336 10404 7500 109471 221777 1416 3190 585 952 359 264 156 214 633 411 342 495 55 151 159 86 448 56 70 78 136 53 29 74 81 85 40 55 22 35 50 24 16 13 10 9 9 8 8 8 8 8 
0.565487 1e+07 1e+07 1e+07 1e+07 1e+07 1e+07 1e+07 1e+07 1e+07 1e+07 1e+07 1e+07 1e+07 1e+07 1e+07 1e+07 1e+07 1e+07 1e+07 1e+07 1e+07 1e+07 1e+07 1e+07 1e+07 1e+07 1e+07 1e+07 1e+07 1e+07 1e+07 1e+07 1e+07 1e+07 1e+07 1e+07 1e+07 1e+07 1e+07 1e+07 1e+07 1e+07 1e+07 1e+07 1e+07 1.97819e+06 1e+07 1.15726e+06 2.02689e+06 1.10736e+06 1.73184e+06 280529 100738 29988 13943 4515 2995 36196 944 2653 5567 919 1144 622 386 286 609 761 152 76 81 146 153 82 157 63 29 107 34 29 74 87 29 39 69 62 31 39 55 124 19 77 10 9 9 8 8 8 8 8 
0.581195 1e+07 1e+07 1e+07 1e+07 1e+07 1e+07 1e+07 1e+07 1e+07 1e+07 1e+07 1e+07 1e+07 1e+07 1e+07 1e+07 1e+07 1e+07 1e+07 1e+07 1e+07 1e+07 1e+07 1e+07 1e+07 1e+07 1e+07 1e+07 1e+07 1e+07 1e+07 1e+07 1e+07 1e+07 1e+07 1e+07 1e+07 1e+07 1e+07 1e+07 1e+07 1e+07 1e+07 1e+07 2.96489e+06 2.58386e+06 1.6691e+06 669408 1.22842e+06 1.41623e+06 450367 56421 75438 7690 12582 3004 2055 28389 5725 5851 3347 1843 1428 1406 451 996 124 194 525 221 147 63 190 68 181 27 64 162 96 50 25 25 33 48 34 150 67 24 24 33 40 24 19 10 9 8 8 8 8 8 
0.596903 1e+07 1e+07 1e+07 1e+07 1e+07 1e+07 1e+07 1e+07 1e+07 1e+07 1e+07 1e+07 1e+07 1e+07 1e+07 1e+07 1e+07 1e+07 1e+07 1e+07 1e+07 1e+07 1e+07 1e+07 1e+07 1e+07 1e+07 1e+07 1e+07 1e+07 1e+07 1e+07 1e+07 1e+07 1e+07 1e+07 1e+07 1e+07 1e+07 1e+07 1e+07 1e+07 1e+07 7.78166e+06 1e+07 1e+07 3.61718e+06 1.84366e+06 1.15388e+06 244676 867937 134055 10510 18817 45290 4116 196179 22571 2595 2063 454 2810 724 764 349 1311 653 231 341 382 1114 438 84 41 671 236 28 28 94 38 29 70 73 73 62 78 132 50 28 18 67 26 19 47 10 9 9 8 8 8 
0.612611 1e+07 1e+07 1e+07 1e+07 1e+07 1e+07 1e+07 1e+07 1e+07 1e+07 1e+07 1e+07 1e+07 1e+07 1e+07 1e+07 1e+07 1e+07 1e+07 1e+07 1e+07 1e+07 1e+07 1e+07 1e+07 1e+07 1e+07 1e+07 1e+07 1e+07 1e+07 1e+07 1e+07 1e+07 1e+07 1e+07 1e+07 1e+07 1e+07 1e+07 1e+07 1e+07 1e+07 1e+07 1e+07 2.69273e+06 1e+07 1.55378e+06 612502 167409 1.23159e+06 39616 109446 15540 4457 5925 4726 5282 861 3796 1174 626 572 1120 1286 919 487 280 410 218 238 442 586 291 164 39 38 121 112 219 62 82 68 63 40 30 22 473 42 20 24 19 16 46 25 18 10 9 9 8 
