epsilon_k[0] 0.0001
epsilon_k[1] 2.18e-05
epsilon_k[2] 7.08e-05
epsilon_k[3] 2.54e-05
epsilon_k[4] 1e-05
epsilon_k[5] 7.8e-06
epsilon_k[6] 2.18e-05
omega_x0 0.168
omega_y0 0.201
dx 0.01
n_theta 100
dtheta 0.015708
epsilon 12
max_turns 10000000
from_angle 95
to_angle 101
1.49226 1e+07 1e+07 1e+07 1e+07 1e+07 1e+07 1e+07 1e+07 1e+07 1e+07 1e+07 1e+07 1e+07 1e+07 1e+07 1e+07 1e+07 1e+07 1e+07 1e+07 1e+07 1e+07 1e+07 1e+07 1e+07 1e+07 1e+07 1e+07 1e+07 1e+07 1e+07 1e+07 1e+07 1e+07 1e+07 1e+07 1e+07 1e+07 1e+07 1e+07 1e+07 1e+07 1e+07 1e+07 1e+07 7.91152e+06 2.95112e+06 6.43462e+06 245924 471284 505415 204341 80244 4994 1697 645 752 769 4235 277 3057 314 561 166 179 105 146 224 83 299 694 54 109 79 35 39 52 134 21 45 29 16 32 28 12 11 10 10 10 9 9 9 9 9 9 9 9 9 8 8 
1.50796 1e+07 1e+07 1e+07 1e+07 1e+07 1e+07 1e+07 1e+07 1e+07 1e+07 1e+07 1e+07 1e+07 1e+07 1e+07 1e+07 1e+07 1e+07 1e+07 1e+07 1e+07 1e+07 1e+07 1e+07 1e+07 1e+07 1e+07 1e+07 1e+07 1e+07 1e+07 1e+07 1e+07 1e+07 1e+07 1e+07 1e+07 1e+07 1e+07 1e+07 1e+07 1e+07 1e+07 1e+07 7.99902e+06 5.93181e+06 1e+07 4.78686e+06 1.2458e+06 3.30378e+06 79037 213429 54954 257521 2782 10275 2731 730 488 510 740 957 1183 244 712 224 216 158 119 140 68 221 42 398 21 28 51 136 37 20 16 56 30 12 11 10 10 10 10 10 9 9 9 9 9 9 9 9 9 9 
1.52367 1e+07 1e+07 1e+07 1e+07 1e+07 1e+07 1e+07 1e+07 1e+07 1e+07 1e+07 1e+07 1e+07 1e+07 1e+07 1e+07 1e+07 1e+07 1e+07 1e+07 1e+07 1e+07 1e+07 1e+07 1e+07 1e+07 1e+07 1e+07 1e+07 1e+07 1e+07 1e+07 1e+07 1e+07 1e+07 1e+07 1e+07 1e+07 1e+07 1e+07 1e+07 1e+07 1e+07 1e+07 1e+07 1e+07 1.07378e+06 9.32407e+06 611908 227960 1.5585e+06 99712 20418 27295 26391 2023 1021 5026 2635 1016 328 3255 1263 284 388 97 103 83 231 78 2042 142 43 21 80 27 22 39 31 48 17 31 55 97 13 11 11 11 10 10 10 10 10 10 10 10 10 10 11 11 
1.53938 1e+07 1e+07 1e+07 1e+07 1e+07 1e+07 1e+07 1e+07 1e+07 1e+07 1e+07 1e+07 1e+07 1e+07 1e+07 1e+07 1e+07 1e+07 1e+07 1e+07 1e+07 1e+07 1e+07 1e+07 1e+07 1e+07 1e+07 1e+07 1e+07 1e+07 1e+07 1e+07 1e+07 1e+07 1e+07 1e+07 1e+07 1e+07 1e+07 1e+07 1e+07 1e+07 1e+07 1e+07 1e+07 1e+07 2.55812e+06 1.37756e+06 615296 359441 318550 268794 132586 10206 75477 7142 1197 9433 653 724 5062 374 510 586 555 188 114 224 51 97 531 2758 58 21 54 221 24 127 48 33 52 28 58 72 22 30 22 26 31 18 18 20 17 18 14 15 13 12 11 11 
1.55509 1e+07 1e+07 1e+07 1e+07 1e+07 1e+07 1e+07 1e+07 1e+07 1e+07 1e+07 1e+07 1e+07 1e+07 1e+07 1e+07 1e+07 1e+07 1e+07 1e+07 1e+07 1e+07 1e+07 1e+07 1e+07 1e+07 1e+07 1e+07 1e+07 1e+07 1e+07 1e+07 1e+07 1e+07 1e+07 1e+07 1e+07 1e+07 1e+07 1e+07 1e+07 1e+07 1e+07 1e+07 1e+07 1e+07 7.2468e+06 4.29988e+06 1.26755e+06 813889 2.0942e+06 734778 1.12607e+06 48603 5017 5884 3964 839 7803 986 300 479 336 260 338 802 103 87 163 92 96 37 20 28 59 549 62 124 36 20 24 47 45 19 17 17 19 15 13 13 12 12 12 12 12 17 15 18 17 30 
1.5708 1e+07 1e+07 1e+07 1e+07 1e+07 1e+07 1e+07 1e+07 1e+07 1e+07 1e+07 1e+07 1e+07 1e+07 1e+07 1e+07 1e+07 1e+07 1e+07 1e+07 1e+07 1e+07 1e+07 1e+07 1e+07 1e+07 1e+07 1e+07 1e+07 1e+07 1e+07 1e+07 1e+07 1e+07 1e+07 1e+07 1e+07 1e+07 1e+07 1e+07 1e+07 1e+07 1e+07 1e+07 1e+07 1e+07 3.44698e+06 6.66089e+06 1.2714e+06 1e+07 1e+07 89071 460402 222094 55310 6280 392706 11690 5173 2534 2847 33702 1743 2157 230 154 2841 60 153 103 32 31 21 34 60 28 42 42 17 15 14 14 13 13 13 13 13 13 14 66 19 16 18 29 20 21 17 12 11 11 
1.5865 1e+07 1e+07 1e+07 1e+07 1e+07 1e+07 1e+07 1e+07 1e+07 1e+07 1e+07 1e+07 1e+07 1e+07 1e+07 1e+07 1e+07 1e+07 1e+07 1e+07 1e+07 1e+07 1e+07 1e+07 1e+07 1e+07 1e+07 1e+07 1e+07 1e+07 1e+07 1e+07 1e+07 1e+07 1e+07 1e+07 1e+07 1e+07 1e+07 1e+07 1e+07 1e+07 1e+07 1e+07 1e+07 1e+07 1e+07 1e+07 1e+07 3.27251e+06 1.83079e+06 228167 158507 486379 507204 19685 14728 6620 5331 48607 3472 1261 1550 2533 523 211 285 73 73 136 75 39 20 54 31 24 28 21 17 15 15 15 16 49 50 20 17 33 17 30 38 20 19 13 12 12 12 13 53 29 
