epsilon_k[0] 0.0001
epsilon_k[1] 2.18e-05
epsilon_k[2] 7.08e-05
epsilon_k[3] 2.54e-05
epsilon_k[4] 1e-05
epsilon_k[5] 7.8e-06
epsilon_k[6] 2.18e-05
omega_x0 0.28
omega_y0 0.31
dx 0.01
epsilon 2
max_turns 10000000
from_y 16
to_y 24
0.16 1e+07 1e+07 1e+07 1e+07 1e+07 1e+07 1e+07 1e+07 1e+07 1e+07 1e+07 1e+07 1e+07 1e+07 1e+07 1e+07 1e+07 1e+07 1e+07 1e+07 1e+07 1e+07 1e+07 1e+07 1e+07 1e+07 1e+07 1e+07 1e+07 1e+07 664 170 121 109 154 1e+07 1e+07 1e+07 1e+07 500059 2.70705e+06 1.45626e+06 1347 6702 4848 110 138 44 27 24 22 21 23 31 49 29 18 16 15 13 12 11 11 11 11 11 10 9 9 9 8 8 8 8 8 8 8 8 8 7 
0.17 1e+07 1e+07 1e+07 1e+07 1e+07 1e+07 1e+07 1e+07 1e+07 1e+07 1e+07 1e+07 1e+07 1e+07 1e+07 1e+07 1e+07 1e+07 1e+07 1e+07 1e+07 1e+07 1e+07 1e+07 1e+07 1e+07 1e+07 1e+07 1e+07 1e+07 994 155 107 93 111 1e+07 1e+07 1e+07 7.19348e+06 496337 2.31661e+06 44681 363 3107 2346 77 80 69 32 32 28 40 35 22 19 17 16 15 13 12 11 11 11 11 10 9 9 9 8 8 8 8 8 8 8 8 7 7 7 7 
0.18 1e+07 1e+07 1e+07 1e+07 1e+07 1e+07 1e+07 1e+07 1e+07 1e+07 1e+07 1e+07 1e+07 1e+07 1e+07 1e+07 1e+07 1e+07 1e+07 1e+07 1e+07 1e+07 1e+07 1e+07 1e+07 1e+07 1e+07 1e+07 1e+07 1873 683 133 113 85 78 104 73508 1e+07 608871 1.01706e+06 358476 3815 395 346 89 85 77 97 398 40 44 21 19 18 17 15 14 13 12 11 11 10 10 9 9 9 8 8 8 8 8 8 8 7 7 7 7 7 7 7 
0.19 1e+07 1e+07 1e+07 1e+07 1e+07 1e+07 1e+07 1e+07 1e+07 1e+07 1e+07 1e+07 1e+07 1e+07 1e+07 1e+07 1e+07 1e+07 1e+07 1e+07 1e+07 1e+07 1e+07 1e+07 1e+07 1e+07 1e+07 1e+07 8.1379e+06 304 349 118 90 77 68 70 399 1e+07 246044 545648 14073 809 183 66 102 69 41 29 27 21 20 19 18 16 15 14 12 11 11 10 10 9 9 9 8 8 8 8 8 8 8 7 7 7 7 7 7 7 7 7 
0.2 1e+07 1e+07 1e+07 1e+07 1e+07 1e+07 1e+07 1e+07 1e+07 1e+07 1e+07 1e+07 1e+07 1e+07 1e+07 1e+07 1e+07 1e+07 1e+07 1e+07 1e+07 1e+07 1e+07 1e+07 1e+07 1e+07 1e+07 1e+07 150226 251 247 106 79 66 64 64 63 4799 24097 1.41601e+06 8139 196 44 41 35 37 24 21 20 19 18 17 16 15 14 12 11 10 10 10 9 9 9 8 8 8 8 8 8 7 7 7 7 7 7 7 7 7 7 7 
0.21 1e+07 1e+07 1e+07 1e+07 1e+07 1e+07 1e+07 1e+07 1e+07 1e+07 1e+07 1e+07 1e+07 1e+07 1e+07 1e+07 1e+07 1e+07 1e+07 1e+07 1e+07 1e+07 1e+07 1e+07 1e+07 1e+07 1e+07 1e+07 59949 232 195 94 82 64 53 51 50 51 112 210 71 142 55 41 24 22 21 20 19 19 18 17 15 14 12 11 10 10 9 9 9 8 8 8 8 8 8 7 7 7 7 7 7 7 7 7 7 7 7 7 
0.22 1e+07 1e+07 1e+07 1e+07 1e+07 1e+07 1e+07 1e+07 1e+07 1e+07 1e+07 1e+07 1e+07 1e+07 1e+07 1e+07 1e+07 1e+07 1e+07 1e+07 1e+07 1e+07 1e+07 1e+07 1e+07 1e+07 1e+07 622848 192 229 157 93 66 54 51 55 41 40 39 38 36 30 25 23 21 20 20 21 35 31 21 15 15 12 11 10 10 9 9 9 8 8 8 8 8 8 7 7 7 7 7 7 7 7 7 7 7 7 7 7 
0.23 1e+07 1e+07 1e+07 1e+07 1e+07 1e+07 1e+07 1e+07 1e+07 1e+07 1e+07 1e+07 1e+07 1e+07 1e+07 1e+07 1e+07 1e+07 1e+07 1e+07 1e+07 1e+07 1e+07 1e+07 1e+07 8.73423e+06 1e+07 4142 171 241 132 79 65 52 48 40 38 37 36 30 26 24 22 21 20 24 18 16 14 15 21 19 11 10 10 9 9 9 8 8 8 8 8 8 7 7 7 7 7 7 7 7 7 7 7 7 7 7 7 7 
