epsilon_k[0] 0.1
epsilon_k[0] 2.18e-05
epsilon_k[0] 7.08e-05
epsilon_k[0] 2.54e-05
epsilon_k[0] 1e-05
epsilon_k[0] 7.8e-06
epsilon_k[0] 0.218
omega_x0 0.168
omega_y0 0.201
dx 0.01
n_theta 100
dtheta 0.00785398
epsilon 14
max_turns 10000000
from_angle 32
to_angle 40
0.251327 1e+07 144355 19122 17328 4047 3413 1734 991 
0.259181 1e+07 314572 17817 11222 4001 3213 1435 951 
0.267035 1e+07 304687 26023 9177 4407 3030 1346 892 
0.274889 1e+07 280513 18858 7552 4574 2823 1209 907 
0.282743 1e+07 223358 25935 7416 4226 2569 1052 848 
0.290597 1e+07 734537 27078 7358 3928 2421 1069 832 
0.298451 1e+07 330642 39737 7725 3841 2086 1007 832 
0.306305 1e+07 307423 24689 7941 3829 2012 996 
