epsilon_k[0] 0.0001
epsilon_k[1] 2.18e-05
epsilon_k[2] 7.08e-05
epsilon_k[3] 2.54e-05
epsilon_k[4] 1e-05
epsilon_k[5] 7.8e-06
epsilon_k[6] 2.18e-05
omega_x0 0.168
omega_y0 0.201
dx 0.01
n_theta 100
dtheta 0.015708
epsilon 64
max_turns 10000000
from_angle 20
to_angle 25
0.314159 1e+07 1e+07 1e+07 1e+07 1e+07 1e+07 1e+07 1e+07 1e+07 1e+07 1e+07 1e+07 1e+07 1e+07 1e+07 1e+07 1e+07 1e+07 1e+07 1e+07 1e+07 1e+07 1e+07 1e+07 1e+07 1e+07 7.37733e+06 1e+07 3.83466e+06 2.04436e+06 2.8817e+06 1.87594e+06 1.36715e+06 4.53601e+06 1.27764e+06 1.1126e+06 1e+07 4.91256e+06 335731 391409 919126 320512 567744 163233 64121 89438 1.91186e+06 906305 24061 40355 55979 76144 27167 166030 108691 417890 22943 25935 27305 55099 4382 4108 4176 261 3284 1027 789 747 5006 3055 187 901 551 401 174 163 571 436 216 247 173 162 127 218 60 48 59 53 590 25 93 33 23 45 79 13 13 116 117 30 
0.329867 1e+07 1e+07 1e+07 1e+07 1e+07 1e+07 1e+07 1e+07 1e+07 1e+07 1e+07 1e+07 1e+07 1e+07 1e+07 1e+07 1e+07 1e+07 1e+07 1e+07 1e+07 1e+07 1e+07 1e+07 1e+07 1e+07 5.63014e+06 7.82911e+06 1e+07 5.5643e+06 4.70558e+06 1.9988e+06 4.60566e+06 705460 4.34978e+06 1.55186e+06 782033 670795 1.00833e+06 302458 190532 290985 245253 428560 2.14889e+06 424828 182662 28838 112163 399387 23721 10635 7893 223107 24365 10094 228190 18777 11084 11722 13864 1936 2829 787 1293 589 1278 511 2499 10708 696 702 335 263 212 176 622 41 50 40 32 22 63 31 204 98 358 200 66 372 34 69 29 66 18 18 18 12 12 14 
0.345575 1e+07 1e+07 1e+07 1e+07 1e+07 1e+07 1e+07 1e+07 1e+07 1e+07 1e+07 1e+07 1e+07 1e+07 1e+07 1e+07 1e+07 1e+07 1e+07 1e+07 1e+07 1e+07 1e+07 1e+07 1e+07 1e+07 1e+07 1e+07 1.73593e+06 1.11658e+06 5.44897e+06 7.69783e+06 1.81058e+06 3.72236e+06 1.26783e+06 785832 3.08877e+06 1.8783e+06 299649 1.00974e+06 581881 418465 897843 450129 163492 646731 90200 179838 99401 38104 42364 26458 5880 39495 34051 42908 80067 39555 2176 1276 3620 1318 3305 585 1473 1671 4647 272 401 392 424 109 472 322 2041 188 311 30 64 473 409 26 15 17 50 20 46 257 81 64 144 25 43 37 214 155 25 15 17 18 
0.361283 1e+07 1e+07 1e+07 1e+07 1e+07 1e+07 1e+07 1e+07 1e+07 1e+07 1e+07 1e+07 1e+07 1e+07 1e+07 1e+07 1e+07 1e+07 1e+07 1e+07 1e+07 1e+07 1e+07 1e+07 1e+07 1e+07 8.48834e+06 3.84794e+06 3.48033e+06 4.41157e+06 1.22694e+06 9.66054e+06 1.02299e+06 3.77883e+06 1.41389e+06 1.58022e+06 5.98373e+06 2.17977e+06 4.42939e+06 4.16548e+06 1.63948e+06 370015 495143 438479 779031 725785 85460 28109 199024 19374 2.27106e+06 205656 30834 33082 6847 5923 4091 7185 3328 1863 7449 542 25794 1013 7171 644 506 3280 560 475 285 281 312 533 55 220 240 36 44 120 67 552 15 13 13 13 47 20 122 183 395 71 64 35 21 30 73 44 31 32 
0.376991 1e+07 1e+07 1e+07 1e+07 1e+07 1e+07 1e+07 1e+07 1e+07 1e+07 1e+07 1e+07 1e+07 1e+07 1e+07 1e+07 1e+07 1e+07 1e+07 1e+07 1e+07 1e+07 1e+07 1e+07 1e+07 1e+07 1e+07 1e+07 1.48945e+06 2.38719e+06 658246 2.84783e+06 1.17426e+06 2.10599e+06 1.3417e+06 1.11903e+06 392258 1.06783e+06 2.11304e+06 2.3567e+06 1.45802e+06 818717 970131 456231 564873 218030 774233 799773 903734 283812 210225 14003 9065 20314 3606 10403 7270 34738 3047 1224 1247 454 3524 915 1980 1158 1947 324 104 778 81 101 40 138 43 620 50 171 89 88 22 138 20 15 13 12 12 12 14 27 76 20 90 28 39 33 59 37 32 40 
