epsilon_k[0] 0.1
epsilon_k[0] 2.18e-05
epsilon_k[0] 7.08e-05
epsilon_k[0] 2.54e-05
epsilon_k[0] 1e-05
epsilon_k[0] 7.8e-06
epsilon_k[0] 0.218
omega_x0 0.28
omega_y0 0.31
dx 0.01
n_theta 100
dtheta 0.00785398
epsilon 8
max_turns 10000000
from_angle 64
to_angle 72
0.502655 1e+07 187904 13404 4659 1779 1637 842 
0.510509 1e+07 717888 13483 4656 1833 1558 843 
0.518363 1e+07 790586 13513 4659 2579 1511 856 
0.526217 1e+07 255877 13494 4678 2508 1512 881 
0.534071 1e+07 164211 13481 4684 3489 1584 897 
0.541925 1e+07 110373 13359 4708 2690 1822 1162 841 
0.549779 1e+07 110369 13261 4722 2729 1707 1632 842 
0.557633 1e+07 125205 13233 4725 2784 1680 1675 858 
0.565487 1e+07 184853 13192 4723 2879 1689 1629 878 
