epsilon_k[0]0.1
epsilon_k[0]2.18e-05
epsilon_k[0]7.08e-05
epsilon_k[0]2.54e-05
epsilon_k[0]1e-05
epsilon_k[0]7.8e-06
epsilon_k[0]0.218
omega_x01.94779
omega_y02.01062
dx 0.01
n_theta 100
dtheta 0.00785398
epsilon 64
max_turns 10000000
from_angle 72
to_angle 80
0.565487 1e+07 49003 19604 19199 15724 5924 3919 3919 985 
0.573341 1e+07 48884 19581 18141 15817 7730 3508 2950 1017 1017 839 
0.581195 1e+07 48692 19461 15677 15677 13568 3470 2270 1412 1412 840 
0.589049 1e+07 48282 19407 15622 15622 15199 3610 2145 1159 1159 839 
0.596903 1e+07 48982 19397 15616 15616 15616 3920 2316 1464 1249 839 
0.604757 1e+07 51005 19390 15651 15651 15651 4006 2789 2604 1305 841 
0.612611 1e+07 49190 19380 15811 15811 15811 4015 3092 2468 1131 849 
0.620465 1e+07 46768 19324 16391 16391 12954 4323 3267 2111 1099 918 
0.628319 1e+07 45044 19282 17706 17706 9117 4763 4763 1930 1162 916 
