epsilon_k[0] 0.1
epsilon_k[0] 2.18e-05
epsilon_k[0] 7.08e-05
epsilon_k[0] 2.54e-05
epsilon_k[0] 1e-05
epsilon_k[0] 7.8e-06
epsilon_k[0] 0.218
omega_x0 0.28
omega_y0 0.31
dx 0.01
n_theta 100
dtheta 0.00785398
epsilon 8
max_turns 10000000
from_angle 8
to_angle 16
0.0628319 1e+07 59641 48961 4036 1902 1855 1799 822 
0.0706858 1e+07 99012 17500 3840 2160 2160 1257 822 
0.0785398 1e+07 61685 16420 3815 1865 1687 1164 859 
0.0863938 1e+07 46340 18273 3882 2012 1676 1157 827 
0.0942478 1e+07 44215 15511 3794 2371 1429 979 
0.102102 1e+07 43000 13934 3802 2581 1258 932 
0.109956 1e+07 42718 13088 4220 2332 1289 916 
0.11781 1e+07 43871 12870 5787 2338 1639 916 
0.125664 1e+07 45671 11148 4462 4462 1671 915 
