epsilon_k[0] 0.0001
epsilon_k[1] 2.18e-05
epsilon_k[2] 7.08e-05
epsilon_k[3] 2.54e-05
epsilon_k[4] 1e-05
epsilon_k[5] 7.8e-06
epsilon_k[6] 2.18e-05
omega_x0 0.168
omega_y0 0.201
dx 0.01
epsilon 14
max_turns 10000000
from_y 32
to_y 40
0.32 1e+07 1e+07 1e+07 1e+07 1e+07 1e+07 1e+07 1e+07 1e+07 1e+07 1e+07 1e+07 1e+07 1e+07 1e+07 1e+07 1e+07 1e+07 1e+07 1e+07 1e+07 1e+07 1e+07 1e+07 178638 139273 108575 662475 82088 552960 143605 168446 92573 64217 173782 93770 121972 35243 17158 55495 261924 19691 9104 5627 4107 3805 4588 9799 12075 668 988 2526 743 1124 655 192 162 170 221 139 354 38 34 149 156 203 88 139 108 99 156 26 60 21 81 57 35 56 13 12 
0.33 1e+07 1e+07 1e+07 1e+07 1e+07 1e+07 1e+07 1e+07 1e+07 1e+07 1e+07 1e+07 1e+07 1e+07 1e+07 1e+07 1e+07 1e+07 1e+07 1e+07 1e+07 1e+07 1e+07 2.1727e+06 1.60627e+06 243517 77380 251561 35450 46906 190552 51982 122181 11721 54584 30061 131234 58678 11726 11896 4392 7220 6841 5997 3416 11457 5996 4208 1195 22063 9199 784 3482 517 1668 530 8543 836 211 478 1732 45 32 46 45 131 88 32 33 135 111 106 70 59 19 157 212 92 14 12 
0.34 1e+07 1e+07 1e+07 1e+07 1e+07 1e+07 1e+07 1e+07 1e+07 1e+07 1e+07 1e+07 1e+07 1e+07 1e+07 1e+07 1e+07 9.59769e+06 1e+07 3.11534e+06 6.34725e+06 1e+07 1.52052e+06 966831 180241 424811 176308 354677 21976 84292 217755 33749 18386 1.66285e+06 38255 6067 11022 5106 8852 6643 16475 6177 896 2272 4075 1708 1309 3740 6942 356 578 320 157 10967 395 402 189 641 3249 165 174 80 57 48 34 50 43 300 91 52 43 97 94 63 41 18 35 24 24 13 
0.35 1e+07 1e+07 1e+07 1e+07 1e+07 1e+07 1e+07 1e+07 1e+07 1e+07 1e+07 1e+07 1e+07 1e+07 1e+07 2.83726e+06 2.26806e+06 4.70849e+06 1.01348e+06 7.77699e+06 1.23498e+06 511462 1.55743e+06 210990 83336 385377 141113 21467 97347 810813 49014 160152 1e+07 332089 20879 11986 15552 9370 20588 2992 1566 957 719 3726 1134 1496 1679 6093 684 4609 4735 590 1163 363 254 302 1522 317 296 246 406 106 74 108 81 74 72 74 125 116 44 84 37 55 33 27 18 33 19 32 
0.36 1e+07 1e+07 1e+07 1e+07 1e+07 1e+07 1e+07 1e+07 1e+07 1e+07 1e+07 2.49078e+06 2.95593e+06 1e+07 1e+07 2.79445e+06 355479 1.87557e+06 781817 1e+07 156820 51943 571566 319888 153131 14451 77715 117459 64786 20859 93555 1.99936e+06 326251 54916 4946 5586 2708 2212 7738 6345 1595 406 3042 1589 3732 2797 1470 2270 2174 443 538 192 876 130 454 141 554 241 709 116 255 82 180 178 110 113 157 130 243 49 75 163 117 115 25 40 38 17 44 54 
0.37 1e+07 1e+07 1e+07 1e+07 1e+07 1e+07 1e+07 1e+07 1e+07 1e+07 1.28106e+06 2.00257e+06 649684 389944 947352 135435 394121 888377 415650 2.54962e+06 100915 175449 66874 55807 16574 9881 171334 15138 1.2642e+06 121820 15131 109813 19512 6415 8415 52321 2326 4668 5508 2859 1557 680 2654 1819 260 1049 4999 803 437 459 1089 387 158 1691 2933 141 1348 350 104 317 53 1264 262 65 56 40 52 145 216 137 83 65 60 102 40 44 86 138 17 46 
0.38 1e+07 1e+07 1e+07 1e+07 1e+07 1e+07 1e+07 1e+07 1e+07 2.43544e+06 1e+07 910080 1.05569e+06 158908 72070 442782 48368 309964 125781 82932 159144 20430 20365 11250 359534 15033 16325 36890 1.14656e+06 79271 74261 43049 13529 14278 11463 5194 2944 1063 10863 1166 12768 74332 414 1173 440 888 317 186 638 267 252 3665 1100 152 355 100 538 205 133 59 154 197 62 221 141 102 41 34 100 63 86 48 193 139 106 53 118 67 27 17 
0.39 1e+07 1e+07 1e+07 1e+07 1e+07 1e+07 1e+07 1e+07 1e+07 7.07695e+06 1.05039e+06 2.08309e+06 1.56977e+06 43770 182121 55307 60180 36072 29273 31069 19913 31032 12358 696764 45394 39091 14088 10978 20530 29162 5786 4221 29388 8760 2382 1571 1527 1300 2223 1655 1284 110 303 272 15971 191 1783 1440 253 2913 415 166 601 558 58 195 341 108 242 321 53 335 113 2195 32 33 51 105 239 54 114 37 62 201 45 123 127 36 24 16 
