epsilon_k[0]0.1
epsilon_k[0]2.18e-05
epsilon_k[0]7.08e-05
epsilon_k[0]2.54e-05
epsilon_k[0]1e-05
epsilon_k[0]7.8e-06
epsilon_k[0]0.218
omega_x01.75929
omega_y01.94779
dx 0.01
n_theta 100
dtheta 0.00785398
epsilon 12
max_turns 10000000
from_angle 88
to_angle 96
0.69115 1e+07 132337 73077 4363 2670 1532 1195 1136 835 
0.699004 1e+07 112337 43961 4448 2569 1447 1192 1136 799 
0.706858 1e+07 83833 39572 4299 2557 1426 1189 1136 783 
0.714712 1e+07 81120 32471 4164 2549 1412 1186 1138 758 
0.722566 1e+07 183536 27978 4109 2547 1410 1184 1139 747 
0.73042 1e+07 165521 27236 4069 2550 1411 1183 1139 738 
0.738274 1e+07 188743 27817 4055 2543 1380 1183 1140 734 
0.746128 1e+07 244003 53399 4049 2547 1363 1183 1141 737 
0.753982 1e+07 349551 38037 4047 2563 1358 1183 1142 712 
