epsilon_k[0] 0.0001
epsilon_k[1] 2.18e-05
epsilon_k[2] 7.08e-05
epsilon_k[3] 2.54e-05
epsilon_k[4] 1e-05
epsilon_k[5] 7.8e-06
epsilon_k[6] 2.18e-05
omega_x0 0.168
omega_y0 0.201
dx 0.01
n_theta 100
dtheta 0.015708
epsilon 4
max_turns 10000000
from_angle 30
to_angle 35
0.471239 1e+07 1e+07 1e+07 1e+07 1e+07 1e+07 1e+07 1e+07 1e+07 1e+07 1e+07 1e+07 1e+07 1e+07 1e+07 1e+07 1e+07 1e+07 1e+07 1e+07 1e+07 1e+07 1e+07 1e+07 1e+07 1e+07 1e+07 1e+07 1e+07 1e+07 1e+07 1e+07 1e+07 1e+07 1e+07 1e+07 1e+07 1e+07 1e+07 1e+07 1e+07 1e+07 1e+07 1e+07 1e+07 1e+07 1e+07 1e+07 1e+07 6.31743e+06 3.43509e+06 1.6516e+06 58045 44396 66560 4494 4636 3772 1103 1216 1027 293 3937 1375 232 298 442 160 136 32 67 369 51 84 113 318 58 334 52 51 60 80 41 108 205 52 53 58 39 453 22 15 14 14 15 16 23 16 13 11 
0.486947 1e+07 1e+07 1e+07 1e+07 1e+07 1e+07 1e+07 1e+07 1e+07 1e+07 1e+07 1e+07 1e+07 1e+07 1e+07 1e+07 1e+07 1e+07 1e+07 1e+07 1e+07 1e+07 1e+07 1e+07 1e+07 1e+07 1e+07 1e+07 1e+07 1e+07 1e+07 1e+07 1e+07 1e+07 1e+07 1e+07 1e+07 1e+07 1e+07 1e+07 1e+07 1e+07 1e+07 1e+07 1e+07 1e+07 1e+07 1e+07 7.61193e+06 431117 1.74771e+06 1.45727e+06 341846 67731 37744 7526 10024 2305 2410 602 1461 1866 1384 4888 1227 431 502 338 134 98 31 31 33 31 50 93 89 366 72 106 124 66 78 43 59 74 41 77 37 52 23 586 67 24 20 19 19 28 17 15 
0.502655 1e+07 1e+07 1e+07 1e+07 1e+07 1e+07 1e+07 1e+07 1e+07 1e+07 1e+07 1e+07 1e+07 1e+07 1e+07 1e+07 1e+07 1e+07 1e+07 1e+07 1e+07 1e+07 1e+07 1e+07 1e+07 1e+07 1e+07 1e+07 1e+07 1e+07 1e+07 1e+07 1e+07 1e+07 1e+07 1e+07 1e+07 1e+07 1e+07 1e+07 1e+07 1e+07 1e+07 1e+07 1e+07 1e+07 9.97199e+06 1e+07 6.84927e+06 3.85469e+06 2.51291e+06 315704 610133 200129 3768 8395 5154 19440 2540 1947 5113 1019 1213 9083 564 450 261 1625 244 172 201 44 184 51 51 121 84 101 223 137 69 195 131 58 241 40 74 209 16 15 15 15 16 18 31 22 22 27 15 14 
0.518363 1e+07 1e+07 1e+07 1e+07 1e+07 1e+07 1e+07 1e+07 1e+07 1e+07 1e+07 1e+07 1e+07 1e+07 1e+07 1e+07 1e+07 1e+07 1e+07 1e+07 1e+07 1e+07 1e+07 1e+07 1e+07 1e+07 1e+07 1e+07 1e+07 1e+07 1e+07 1e+07 1e+07 1e+07 1e+07 1e+07 1e+07 1e+07 1e+07 1e+07 1e+07 1e+07 1e+07 1e+07 1e+07 1e+07 1e+07 1e+07 2.75985e+06 1e+07 9.20959e+06 526441 1.8261e+06 32742 11333 46036 9067 2722 2235 2736 2172 2102 2271 598 937 289 215 11600 267 420 103 164 384 70 202 208 104 46 50 34 243 87 79 53 48 80 32 47 19 28 22 19 29 24 26 11 10 10 9 9 
0.534071 1e+07 1e+07 1e+07 1e+07 1e+07 1e+07 1e+07 1e+07 1e+07 1e+07 1e+07 1e+07 1e+07 1e+07 1e+07 1e+07 1e+07 1e+07 1e+07 1e+07 1e+07 1e+07 1e+07 1e+07 1e+07 1e+07 1e+07 1e+07 1e+07 1e+07 1e+07 1e+07 1e+07 1e+07 1e+07 1e+07 1e+07 1e+07 1e+07 1e+07 1e+07 1e+07 1e+07 1e+07 1e+07 1e+07 1e+07 1e+07 1.987e+06 1e+07 2.51471e+06 1e+07 2.08358e+06 33242 8797 7553 7169 4007 2538 3061 1743 1057 923 1010 2026 575 252 203 295 278 349 136 226 155 140 147 181 183 103 179 88 89 32 126 137 32 35 30 44 19 18 19 11 10 9 9 9 8 8 8 
