epsilon_k[0] 0.0001
epsilon_k[1] 2.18e-05
epsilon_k[2] 7.08e-05
epsilon_k[3] 2.54e-05
epsilon_k[4] 1e-05
epsilon_k[5] 7.8e-06
epsilon_k[6] 2.18e-05
omega_x0 0.168
omega_y0 0.201
dx 0.01
n_theta 100
dtheta 0.015708
epsilon 16
max_turns 10000000
from_angle 40
to_angle 45
0.628319 1e+07 1e+07 1e+07 1e+07 1e+07 1e+07 1e+07 1e+07 1e+07 1e+07 1e+07 1e+07 1e+07 1e+07 1e+07 1e+07 1e+07 1e+07 1e+07 1e+07 1e+07 1e+07 1e+07 1e+07 1e+07 1e+07 1e+07 1e+07 1e+07 1e+07 1e+07 1e+07 1e+07 1e+07 1e+07 1e+07 1e+07 1e+07 1e+07 1e+07 1e+07 6.97496e+06 1e+07 1e+07 8.88085e+06 1.35642e+06 1e+07 454053 253374 343947 77834 22315 18360 29117 12702 1314 2117 1820 2043 1012 647 705 198 1015 406 129 142 254 1141 208 145 143 337 187 244 436 84 106 108 60 602 96 43 87 67 42 16 16 16 16 23 22 22 36 29 25 14 230 23 10 
0.644026 1e+07 1e+07 1e+07 1e+07 1e+07 1e+07 1e+07 1e+07 1e+07 1e+07 1e+07 1e+07 1e+07 1e+07 1e+07 1e+07 1e+07 1e+07 1e+07 1e+07 1e+07 1e+07 1e+07 1e+07 1e+07 1e+07 1e+07 1e+07 1e+07 1e+07 1e+07 1e+07 1e+07 1e+07 1e+07 1e+07 1e+07 1e+07 1e+07 1e+07 1e+07 1e+07 1e+07 9.09857e+06 1e+07 1e+07 574585 989305 384264 67058 55398 9655 136267 5915 12678 5090 2120 1316 1722 1250 428 645 5795 724 218 774 155 76 964 2465 124 301 18120 132 217 337 30 130 1075 85 111 63 37 27 111 135 58 53 15 15 20 19 22 15 16 16 14 15 15 12 
0.659734 1e+07 1e+07 1e+07 1e+07 1e+07 1e+07 1e+07 1e+07 1e+07 1e+07 1e+07 1e+07 1e+07 1e+07 1e+07 1e+07 1e+07 1e+07 1e+07 1e+07 1e+07 1e+07 1e+07 1e+07 1e+07 1e+07 1e+07 1e+07 1e+07 1e+07 1e+07 1e+07 1e+07 1e+07 1e+07 1e+07 1e+07 1e+07 1e+07 1e+07 1e+07 1e+07 1e+07 2.17018e+06 1.86478e+06 2.75427e+06 358798 2.2588e+06 267410 1.45837e+06 798362 32565 18220 13277 2365 1095 2766 1458 147 355 136 240 1485 622 202 408 492 156 152 587 104 78 138 108 65 93 127 64 66 148 49 27 23 105 418 42 40 24 36 18 29 15 15 26 19 21 14 14 17 14 
0.675442 1e+07 1e+07 1e+07 1e+07 1e+07 1e+07 1e+07 1e+07 1e+07 1e+07 1e+07 1e+07 1e+07 1e+07 1e+07 1e+07 1e+07 1e+07 1e+07 1e+07 1e+07 1e+07 1e+07 1e+07 1e+07 1e+07 1e+07 1e+07 1e+07 1e+07 1e+07 1e+07 1e+07 1e+07 1e+07 1e+07 1e+07 1e+07 1e+07 1e+07 9.08704e+06 1e+07 6.53277e+06 1e+07 2.82206e+06 244707 5.12485e+06 842154 243706 331841 17647 6671 13729 1506 1421 2903 2746 488 4050 2274 1094 634 552 403 72374 477 73 704 243 75 107 201 20 19 18 18 18 31 56 45 26 62 118 28 15 13 13 13 12 12 13 13 33 17 16 17 14 15 19 12 
0.69115 1e+07 1e+07 1e+07 1e+07 1e+07 1e+07 1e+07 1e+07 1e+07 1e+07 1e+07 1e+07 1e+07 1e+07 1e+07 1e+07 1e+07 1e+07 1e+07 1e+07 1e+07 1e+07 1e+07 1e+07 1e+07 1e+07 1e+07 1e+07 1e+07 1e+07 1e+07 1e+07 1e+07 1e+07 1e+07 1e+07 1e+07 1e+07 1e+07 1e+07 1e+07 1.71901e+06 1e+07 1.59582e+06 1.78575e+06 522020 2.30556e+06 102685 239850 150287 10485 18563 7003 3798 2619 2641 693 11404 334 1927 1031 1685 8557 267 51 52 51 116 323 88 362 31 56 51 167 88 48 49 40 49 22 22 23 33 26 22 28 17 17 15 14 16 15 13 12 12 11 11 11 12 
