epsilon_k[0] 0.0001
epsilon_k[1] 2.18e-05
epsilon_k[2] 7.08e-05
epsilon_k[3] 2.54e-05
epsilon_k[4] 1e-05
epsilon_k[5] 7.8e-06
epsilon_k[6] 2.18e-05
omega_x0 0.168
omega_y0 0.201
dx 0.01
n_theta 100
dtheta 0.015708
epsilon 28
max_turns 10000000
from_angle 90
to_angle 95
1.41372 1e+07 1e+07 1e+07 1e+07 1e+07 1e+07 1e+07 1e+07 1e+07 1e+07 1e+07 1e+07 1e+07 1e+07 1e+07 1e+07 1e+07 1e+07 1e+07 1e+07 1e+07 1e+07 1e+07 1e+07 1e+07 1e+07 1e+07 1e+07 1e+07 1e+07 1e+07 1e+07 1e+07 1e+07 1e+07 1e+07 1e+07 1e+07 6.29327e+06 3.8139e+06 3.59238e+06 6.09003e+06 1e+07 2.2543e+06 744029 236742 131584 38255 118978 3582 11588 41002 568 508 2269 1195 1433 1315 368 328 125 1632 166 186 755 365 185 167 65 89 59 24 135 187 112 127 18 24 16 15 19 28 21 14 21 23 34 14 11 11 10 10 10 10 10 10 10 10 10 11 
1.42942 1e+07 1e+07 1e+07 1e+07 1e+07 1e+07 1e+07 1e+07 1e+07 1e+07 1e+07 1e+07 1e+07 1e+07 1e+07 1e+07 1e+07 1e+07 1e+07 1e+07 1e+07 1e+07 1e+07 1e+07 1e+07 1e+07 1e+07 1e+07 1e+07 1e+07 1e+07 1e+07 1e+07 1e+07 1e+07 1e+07 1e+07 1e+07 1e+07 8.61048e+06 1e+07 1e+07 1.13105e+06 1.63115e+06 663788 1.25325e+06 581231 163446 57100 78166 12547 112520 807 865 946 634 1275 752 2435 847 198 161 355 135 104 86 97 557 100 66 71 50 80 42 35 24 68 15 14 14 14 14 15 19 20 16 14 17 17 14 13 13 14 15 12 11 10 10 10 10 
1.44513 1e+07 1e+07 1e+07 1e+07 1e+07 1e+07 1e+07 1e+07 1e+07 1e+07 1e+07 1e+07 1e+07 1e+07 1e+07 1e+07 1e+07 1e+07 1e+07 1e+07 1e+07 1e+07 1e+07 1e+07 1e+07 1e+07 1e+07 1e+07 1e+07 1e+07 1e+07 1e+07 1e+07 1e+07 1e+07 1e+07 1e+07 1e+07 1e+07 1e+07 1e+07 3.95125e+06 3.30577e+06 9.27146e+06 1.84818e+06 1.53145e+06 68500 883526 69900 81064 7849 4360 9672 2231 751 530 6116 1863 651 1507 2223 735 655 145 89 92 48 57 122 70 54 29 132 177 174 45 23 53 141 58 19 21 15 13 13 13 12 12 12 12 12 12 12 11 11 11 11 11 11 11 
1.46084 1e+07 1e+07 1e+07 1e+07 1e+07 1e+07 1e+07 1e+07 1e+07 1e+07 1e+07 1e+07 1e+07 1e+07 1e+07 1e+07 1e+07 1e+07 1e+07 1e+07 1e+07 1e+07 1e+07 1e+07 1e+07 1e+07 1e+07 1e+07 1e+07 1e+07 1e+07 1e+07 1e+07 1e+07 1e+07 1e+07 1e+07 1e+07 1e+07 1e+07 1e+07 4.16554e+06 2.06355e+06 1.77745e+06 3.66574e+06 1.0495e+06 606716 157195 713873 167147 262774 5879 2770 1181 1030 2637 2189 859 697 8758 265 420 368 68 268 243 220 149 55 32 63 62 44 90 26 40 30 28 24 24 19 19 32 20 17 20 19 14 13 13 14 16 25 15 13 11 10 10 10 9 
1.47655 1e+07 1e+07 1e+07 1e+07 1e+07 1e+07 1e+07 1e+07 1e+07 1e+07 1e+07 1e+07 1e+07 1e+07 1e+07 1e+07 1e+07 1e+07 1e+07 1e+07 1e+07 1e+07 1e+07 1e+07 1e+07 1e+07 1e+07 1e+07 1e+07 1e+07 1e+07 1e+07 1e+07 1e+07 1e+07 1e+07 1e+07 1e+07 1e+07 1e+07 1e+07 1e+07 5.04253e+06 5.23722e+06 2.52494e+06 1.92908e+06 1.39941e+06 3.08644e+06 196361 1e+07 49832 45339 24887 1375 3823 3194 2197 349 457 172 488 346 284 250 67 94 167 48 63 318 119 29 383 263 51 135 42 51 38 45 23 15 15 18 16 19 16 11 11 10 10 10 9 9 9 9 9 9 9 9 
1.49226 1e+07 1e+07 1e+07 1e+07 1e+07 1e+07 1e+07 1e+07 1e+07 1e+07 1e+07 1e+07 1e+07 1e+07 1e+07 1e+07 1e+07 1e+07 1e+07 1e+07 1e+07 1e+07 1e+07 1e+07 1e+07 1e+07 1e+07 1e+07 1e+07 1e+07 1e+07 1e+07 1e+07 1e+07 1e+07 1e+07 1e+07 1e+07 1e+07 6.46777e+06 6.2299e+06 9.37091e+06 4.24007e+06 6.73949e+06 2.41316e+06 1.06294e+06 1.84758e+06 406303 451755 131205 40072 182778 6895 4898 5571 870 778 460 485 1830 952 226 131 78 100 208 72 195 117 39 212 190 117 114 35 24 21 154 230 38 29 17 20 20 12 11 10 10 10 10 9 9 9 9 9 9 9 9 8 8 
