epsilon_k[0]0.1
epsilon_k[0]2.18e-05
epsilon_k[0]7.08e-05
epsilon_k[0]2.54e-05
epsilon_k[0]1e-05
epsilon_k[0]7.8e-06
epsilon_k[0]0.218
omega_x01.75929
omega_y01.94779
dx 0.01
n_theta 100
dtheta 0.00785398
epsilon 14
max_turns 10000000
from_angle 24
to_angle 32
0.188496 1e+07 106322 5646 4203 4203 763 
0.19635 1e+07 122643 5671 4142 4142 726 
0.204204 1e+07 155864 5848 4046 4046 717 
0.212058 1e+07 144803 5859 4013 4013 718 
0.219911 1e+07 98314 5995 4012 4012 751 
0.227765 1e+07 115923 6039 4012 4012 764 
0.235619 1e+07 157885 6238 4013 4013 766 
0.243473 1e+07 123272 6701 4013 4013 762 
