epsilon_k[0] 0.1
epsilon_k[0] 2.18e-05
epsilon_k[0] 7.08e-05
epsilon_k[0] 2.54e-05
epsilon_k[0] 1e-05
epsilon_k[0] 7.8e-06
epsilon_k[0] 0.218
omega_x0 0.31
omega_y0 0.32
dx 0.01
n_theta 100
dtheta 0.00785398
epsilon 16
max_turns 10000000
from_angle 16
to_angle 24
0.125664 1e+07 12208 5454 3400 1107 714 
0.133518 1e+07 12210 5462 3226 1336 715 
0.141372 1e+07 12184 5497 3870 1180 716 
0.149226 1e+07 12523 5528 4066 1239 717 
0.15708 1e+07 12173 5561 4264 1378 724 
0.164934 1e+07 12083 5590 3671 1527 727 
0.172788 1e+07 12054 5722 3307 1557 728 
0.180642 1e+07 12082 6082 3803 1485 731 
