epsilon_k[0] 0.0001
epsilon_k[1] 2.18e-05
epsilon_k[2] 7.08e-05
epsilon_k[3] 2.54e-05
epsilon_k[4] 1e-05
epsilon_k[5] 7.8e-06
epsilon_k[6] 2.18e-05
omega_x0 0.168
omega_y0 0.201
dx 0.01
n_theta 100
dtheta 0.015708
epsilon 10
max_turns 10000000
from_angle 20
to_angle 25
0.314159 1e+07 1e+07 1e+07 1e+07 1e+07 1e+07 1e+07 1e+07 1e+07 1e+07 1e+07 1e+07 1e+07 1e+07 1e+07 1e+07 1e+07 1e+07 1e+07 1e+07 1e+07 1e+07 1e+07 1e+07 1e+07 1e+07 1e+07 1e+07 1e+07 1e+07 1e+07 1e+07 1e+07 1e+07 1e+07 1e+07 1e+07 1e+07 1e+07 1e+07 1e+07 1e+07 1e+07 1e+07 1e+07 1e+07 8.09618e+06 9.77553e+06 7.74467e+06 2.95722e+06 114542 83707 46595 69102 26984 10656 13353 38386 30005 3018 1671 10154 10756 3083 11185 1582 1532 439 840 608 782 169 1262 139 634 437 255 122 39 209 1136 156 147 64 29 41 178 87 26 36 48 69 337 15 13 20 48 88 325 15 
0.329867 1e+07 1e+07 1e+07 1e+07 1e+07 1e+07 1e+07 1e+07 1e+07 1e+07 1e+07 1e+07 1e+07 1e+07 1e+07 1e+07 1e+07 1e+07 1e+07 1e+07 1e+07 1e+07 1e+07 1e+07 1e+07 1e+07 1e+07 1e+07 1e+07 1e+07 1e+07 1e+07 1e+07 1e+07 1e+07 1e+07 1e+07 1e+07 1e+07 1e+07 1e+07 1e+07 1e+07 1e+07 1e+07 1e+07 1e+07 6.84603e+06 1e+07 1.161e+06 1.34919e+06 1.06881e+06 1.56264e+06 57860 65126 85609 34200 7861 3665 4957 4106 4421 2877 5641 620 1602 616 419 1132 942 742 475 632 160 524 265 1271 803 51 184 287 118 157 121 163 42 53 207 31 156 327 141 54 42 42 14 13 50 80 41 
0.345575 1e+07 1e+07 1e+07 1e+07 1e+07 1e+07 1e+07 1e+07 1e+07 1e+07 1e+07 1e+07 1e+07 1e+07 1e+07 1e+07 1e+07 1e+07 1e+07 1e+07 1e+07 1e+07 1e+07 1e+07 1e+07 1e+07 1e+07 1e+07 1e+07 1e+07 1e+07 1e+07 1e+07 1e+07 1e+07 1e+07 1e+07 1e+07 1e+07 1e+07 1e+07 1e+07 1e+07 1e+07 1e+07 1e+07 1e+07 4.56903e+06 6.33707e+06 1.34152e+06 717989 686774 146522 55617 43818 57463 6787 9184 3853 3133 2977 8069 2138 5913 6810 3398 329 3669 177 533 1308 227 1253 118 63 115 73 54 236 52 24 17 102 307 20 559 174 46 245 55 24 135 67 87 119 165 39 26 12 13 
0.361283 1e+07 1e+07 1e+07 1e+07 1e+07 1e+07 1e+07 1e+07 1e+07 1e+07 1e+07 1e+07 1e+07 1e+07 1e+07 1e+07 1e+07 1e+07 1e+07 1e+07 1e+07 1e+07 1e+07 1e+07 1e+07 1e+07 1e+07 1e+07 1e+07 1e+07 1e+07 1e+07 1e+07 1e+07 1e+07 1e+07 1e+07 1e+07 1e+07 1e+07 1e+07 1e+07 1e+07 1e+07 1e+07 1e+07 1e+07 6.67514e+06 7.49176e+06 1e+07 5.24155e+06 1.12545e+06 533424 193446 194734 20110 10476 5393 673005 14754 8251 11103 2650 5471 617 284 1146 184 844 511 1197 1316 808 225 470 127 159 312 47 279 23 23 14 13 14 207 37 182 90 35 36 57 85 38 133 43 155 31 16 26 
0.376991 1e+07 1e+07 1e+07 1e+07 1e+07 1e+07 1e+07 1e+07 1e+07 1e+07 1e+07 1e+07 1e+07 1e+07 1e+07 1e+07 1e+07 1e+07 1e+07 1e+07 1e+07 1e+07 1e+07 1e+07 1e+07 1e+07 1e+07 1e+07 1e+07 1e+07 1e+07 1e+07 1e+07 1e+07 1e+07 1e+07 1e+07 1e+07 1e+07 1e+07 1e+07 1e+07 1e+07 1e+07 1e+07 1e+07 1e+07 4.13578e+06 8.06811e+06 1.95683e+06 8.73842e+06 1.37418e+06 282198 3.01033e+06 19680 26204 9798 4016 4541 4799 8502 1890 1282 7054 525 834 1167 1315 1561 182 109 648 266 79 130 360 321 50 72 137 186 104 84 13 13 13 13 222 59 72 367 330 41 51 26 37 37 23 29 22 
