epsilon_k[0] 0.0001
epsilon_k[1] 2.18e-05
epsilon_k[2] 7.08e-05
epsilon_k[3] 2.54e-05
epsilon_k[4] 1e-05
epsilon_k[5] 7.8e-06
epsilon_k[6] 2.18e-05
omega_x0 0.28
omega_y0 0.31
dx 0.01
epsilon 64
max_turns 10000000
from_y 16
to_y 24
0.16 1e+07 1e+07 1e+07 1e+07 1e+07 1e+07 1e+07 1e+07 1e+07 1e+07 1e+07 1e+07 1e+07 1e+07 1e+07 1e+07 1e+07 1e+07 1e+07 1.18066e+06 1e+07 49509 48628 62492 7826 28014 3508 6060 814 138 345 210 254 222 264 298 456 3493 490 56 22 19 18 17 17 17 17 18 20 32 23 20 19 19 18 17 15 14 12 11 11 10 10 10 9 9 9 8 8 8 8 8 8 8 7 7 7 7 7 7 
0.17 1e+07 1e+07 1e+07 1e+07 1e+07 1e+07 1e+07 1e+07 1e+07 1e+07 1e+07 1e+07 1e+07 1e+07 1e+07 1e+07 1e+07 1e+07 1e+07 725755 112008 160635 5211 39961 8422 3543 1824 921 127 114 176 193 180 209 252 300 1317 452 2212 32 21 19 18 18 18 20 34 23 20 19 27 17 17 17 22 15 14 12 11 10 10 10 9 9 9 8 8 8 8 8 8 7 7 7 7 7 7 7 7 7 
0.18 1e+07 1e+07 1e+07 1e+07 1e+07 1e+07 1e+07 1e+07 1e+07 1e+07 1e+07 1e+07 1e+07 1e+07 1e+07 1e+07 1e+07 4.15657e+06 787404 3.06708e+06 54690 69435 31279 6122 3486 5208 6995 873 114 99 147 185 154 220 201 6580 236 435 140 23 21 20 21 31 38 22 20 18 17 15 13 13 13 14 15 14 11 10 10 10 9 9 9 8 8 8 8 8 8 8 7 7 7 7 7 7 7 7 7 7 
0.19 1e+07 1e+07 1e+07 1e+07 1e+07 1e+07 1e+07 1e+07 1e+07 1e+07 1e+07 1e+07 1e+07 1e+07 1e+07 1e+07 1e+07 6.55867e+06 4.93181e+06 511337 723168 8679 14758 8711 14788 1764 1770 934 98 87 102 195 141 236 155 218 214 432 454 25 24 707 28 22 22 16 16 14 13 12 12 12 13 20 13 11 10 10 9 9 9 9 8 8 8 8 8 8 7 7 7 7 7 7 7 7 7 7 7 7 
0.2 1e+07 1e+07 1e+07 1e+07 1e+07 1e+07 1e+07 1e+07 1e+07 1e+07 1e+07 1e+07 1e+07 1e+07 1e+07 1e+07 1e+07 2.02013e+06 1.45759e+06 49501 64242 6963 2644 6066 9590 1731 3477 118 85 84 85 265 129 118 148 197 245 434 139 864 51 23 20 16 15 14 13 12 12 12 12 12 18 12 11 10 10 9 9 9 8 8 8 8 8 8 7 7 7 7 7 7 7 7 7 7 7 7 7 7 
0.21 1e+07 1e+07 1e+07 1e+07 1e+07 1e+07 1e+07 1e+07 1e+07 1e+07 1e+07 1e+07 1e+07 1e+07 1e+07 1e+07 1e+07 391536 1e+07 40841 31258 9553 9552 6987 2624 1744 866 101 76 71 72 151 119 104 137 184 143 144 38 25 32 16 15 14 13 12 12 12 11 12 12 14 11 10 10 9 9 9 9 8 8 8 8 8 8 7 7 7 7 7 7 7 7 7 7 7 7 7 7 7 
0.22 1e+07 1e+07 1e+07 1e+07 1e+07 1e+07 1e+07 1e+07 1e+07 1e+07 1e+07 1e+07 1e+07 1e+07 1e+07 1e+07 7.46672e+06 235293 160621 24322 35601 11290 18236 2669 1733 5257 812 86 71 74 85 87 118 92 81 64 50 28 24 18 15 15 13 12 12 12 11 11 11 12 12 11 10 10 9 9 9 8 8 8 8 8 8 7 7 7 7 7 7 7 7 7 7 7 7 7 7 7 6 6 
0.23 1e+07 1e+07 1e+07 1e+07 1e+07 1e+07 1e+07 1e+07 1e+07 1e+07 1e+07 1e+07 1e+07 1e+07 1e+07 1e+07 8.66995e+06 175380 116338 14781 3482 3503 1755 5224 932 1764 602 74 63 57 57 59 136 91 78 42 26 29 17 15 14 13 12 12 11 11 11 11 11 11 11 10 10 9 9 9 8 8 8 8 8 8 7 7 7 7 7 7 7 7 7 7 7 7 7 6 6 6 6 6 
