epsilon_k[0] 0.1
epsilon_k[0] 2.18e-05
epsilon_k[0] 7.08e-05
epsilon_k[0] 2.54e-05
epsilon_k[0] 1e-05
epsilon_k[0] 7.8e-06
epsilon_k[0] 0.218
omega_x0 0.28
omega_y0 0.31
dx 0.01
n_theta 100
dtheta 0.00785398
epsilon 8
max_turns 10000000
from_angle 96
to_angle 101
0.753982 1e+07 146624 10794 9762 3279 1920 1774 1262 1250 1250 887 
0.761836 1e+07 74089 10788 9590 3172 1854 1817 1465 1255 1255 880 
0.76969 1e+07 71258 10793 9455 3151 1826 1756 1756 1756 1254 1254 768 
0.777544 1e+07 125126 10801 8875 3378 1834 1710 1585 1442 1208 1208 769 
0.785398 1e+07 75555 10803 8977 2702 1825 1691 1558 1440 1350 1350 772 
0.793252 1e+07 77524 10873 10873 2704 1833 1730 1598 1598 1157 1157 877 
