epsilon_k[0] 0.0001
epsilon_k[1] 2.18e-05
epsilon_k[2] 7.08e-05
epsilon_k[3] 2.54e-05
epsilon_k[4] 1e-05
epsilon_k[5] 7.8e-06
epsilon_k[6] 2.18e-05
omega_x0 0.28
omega_y0 0.31
dx 0.01
epsilon 12
max_turns 10000000
from_y 32
to_y 40
0.32 1e+07 1e+07 1e+07 1e+07 1e+07 1e+07 1e+07 1e+07 1e+07 1e+07 1e+07 1e+07 1e+07 1e+07 1e+07 1e+07 1e+07 615499 615499 184948 962 
0.33 1e+07 1e+07 1e+07 1e+07 1e+07 1e+07 1e+07 1e+07 1e+07 1e+07 1e+07 1e+07 1e+07 1e+07 1e+07 1e+07 1e+07 2.13646e+06 536562 18285 163 
0.34 1e+07 1e+07 1e+07 1e+07 1e+07 1e+07 1e+07 1e+07 1e+07 1e+07 1e+07 1e+07 1e+07 1e+07 1e+07 6.00657e+06 1.01305e+06 269997 10432 165 
0.35 1e+07 1e+07 1e+07 1e+07 1e+07 1e+07 1e+07 1e+07 1e+07 1e+07 1e+07 1e+07 1e+07 1e+07 1.74238e+06 1.74238e+06 47759 896 
0.36 6.9936e+06 6.9936e+06 6.9936e+06 6.9936e+06 6.9936e+06 6.9936e+06 6.9936e+06 6.9936e+06 6.9936e+06 6.9936e+06 6.9936e+06 4.51076e+06 2.01492e+06 2.01492e+06 2.01492e+06 369780 851 
0.37 1.43442e+06 1.30806e+06 1.30806e+06 1.30806e+06 1.30806e+06 1.30806e+06 1.30806e+06 1.30806e+06 1.30806e+06 1.30806e+06 815249 815249 815249 159766 3491 28 
0.38 125906 52119 52119 52119 52119 52119 52119 52119 52119 52119 52119 52119 52119 3481 27 
0.39 6977 6977 5239 5239 5239 5239 5239 5239 5239 5239 880 
