epsilon_k[0] 0.0001
epsilon_k[1] 2.18e-05
epsilon_k[2] 7.08e-05
epsilon_k[3] 2.54e-05
epsilon_k[4] 1e-05
epsilon_k[5] 7.8e-06
epsilon_k[6] 2.18e-05
omega_x0 0.168
omega_y0 0.201
dx 0.01
n_theta 100
dtheta 0.015708
epsilon 48
max_turns 10000000
from_angle 95
to_angle 101
1.49226 1e+07 1e+07 1e+07 1e+07 1e+07 1e+07 1e+07 1e+07 1e+07 1e+07 1e+07 1e+07 1e+07 1e+07 1e+07 1e+07 1e+07 1e+07 1e+07 1e+07 1e+07 1e+07 1e+07 1e+07 1e+07 1e+07 1e+07 1e+07 1e+07 1e+07 1e+07 1e+07 1e+07 1e+07 1e+07 1e+07 1e+07 9.38271e+06 3.32052e+06 3.98386e+06 3.778e+06 5.81052e+06 703396 721490 277857 1.04235e+06 1.3937e+06 157060 53154 100780 38674 207623 49605 3767 7888 1188 1098 707 4392 502 134 1076 93 116 342 202 111 128 269 63 190 183 90 88 31 37 20 42 40 30 137 28 26 39 15 11 10 10 10 10 9 9 9 9 9 9 9 9 8 8 
1.50796 1e+07 1e+07 1e+07 1e+07 1e+07 1e+07 1e+07 1e+07 1e+07 1e+07 1e+07 1e+07 1e+07 1e+07 1e+07 1e+07 1e+07 1e+07 1e+07 1e+07 1e+07 1e+07 1e+07 1e+07 1e+07 1e+07 1e+07 1e+07 1e+07 1e+07 1e+07 1e+07 1e+07 1e+07 1e+07 1e+07 1e+07 1e+07 1e+07 2.79405e+06 1.87871e+06 1.25478e+06 1e+07 7.57435e+06 2.28866e+06 332686 4.60805e+06 272910 1.29147e+06 176225 33046 22128 37029 7498 118802 23383 2139 771 696 1146 1078 214 1126 590 431 157 339 171 394 126 147 56 71 67 31 22 39 73 42 120 30 22 28 21 11 11 10 10 10 10 9 9 9 9 9 9 9 9 9 9 
1.52367 1e+07 1e+07 1e+07 1e+07 1e+07 1e+07 1e+07 1e+07 1e+07 1e+07 1e+07 1e+07 1e+07 1e+07 1e+07 1e+07 1e+07 1e+07 1e+07 1e+07 1e+07 1e+07 1e+07 1e+07 1e+07 1e+07 1e+07 1e+07 1e+07 1e+07 1e+07 1e+07 1e+07 1e+07 1e+07 1e+07 1e+07 1e+07 6.86956e+06 2.39469e+06 1e+07 7.50528e+06 2.14855e+06 3.62988e+06 1.67881e+06 785846 1.30951e+06 806522 133412 42020 396012 1.99445e+06 23641 63448 14930 7069 3367 6820 3849 954 465 622 950 124 7358 988 81 331 483 42 69 135 31 23 21 209 22 161 59 21 27 22 25 27 54 12 11 11 11 10 10 10 10 10 10 10 10 10 10 11 
1.53938 1e+07 1e+07 1e+07 1e+07 1e+07 1e+07 1e+07 1e+07 1e+07 1e+07 1e+07 1e+07 1e+07 1e+07 1e+07 1e+07 1e+07 1e+07 1e+07 1e+07 1e+07 1e+07 1e+07 1e+07 1e+07 1e+07 1e+07 1e+07 1e+07 1e+07 1e+07 1e+07 1e+07 1e+07 1e+07 1e+07 1e+07 1e+07 1e+07 2.34381e+06 6.19283e+06 7.28021e+06 1.23912e+06 3.72707e+06 1e+07 631388 1.38485e+06 713344 296109 7.13872e+06 103532 25335 17199 106615 17523 1916 1099 5195 711 822 625 1506 495 562 143 184 1144 5000 178 69 80 45 30 20 64 68 77 27 52 32 27 57 40 53 23 34 22 19 19 19 17 17 15 17 18 14 17 12 12 11 
1.55509 1e+07 1e+07 1e+07 1e+07 1e+07 1e+07 1e+07 1e+07 1e+07 1e+07 1e+07 1e+07 1e+07 1e+07 1e+07 1e+07 1e+07 1e+07 1e+07 1e+07 1e+07 1e+07 1e+07 1e+07 1e+07 1e+07 1e+07 1e+07 1e+07 1e+07 1e+07 1e+07 1e+07 1e+07 1e+07 1e+07 1e+07 1e+07 7.97462e+06 1e+07 1e+07 1e+07 1.3775e+06 1e+07 814669 1.89989e+06 931927 978569 1e+07 542296 144223 474735 8809 52697 4887 5483 8126 528 1185 1619 1615 9582 539 690 548 6073 579 75 50 578 129 26 20 98 95 101 52 37 36 19 33 18 18 77 29 17 16 24 14 13 12 12 12 12 12 12 15 15 17 18 
1.5708 1e+07 1e+07 1e+07 1e+07 1e+07 1e+07 1e+07 1e+07 1e+07 1e+07 1e+07 1e+07 1e+07 1e+07 1e+07 1e+07 1e+07 1e+07 1e+07 1e+07 1e+07 1e+07 1e+07 1e+07 1e+07 1e+07 1e+07 1e+07 1e+07 1e+07 1e+07 1e+07 1e+07 1e+07 1e+07 1e+07 1e+07 1e+07 1e+07 9.22971e+06 1e+07 2.01339e+06 1.61532e+06 6.0116e+06 1.55072e+06 930992 2.06057e+06 627230 210025 255558 1.28148e+06 43483 57115 92970 21151 4513 2587 9955 2751 441 219 826 228 1217 532 175 218 60 63 78 76 44 20 40 32 25 27 22 16 15 14 14 13 13 13 13 13 13 13 13 16 20 15 27 24 34 30 13 11 11 
1.5865 1e+07 1e+07 1e+07 1e+07 1e+07 1e+07 1e+07 1e+07 1e+07 1e+07 1e+07 1e+07 1e+07 1e+07 1e+07 1e+07 1e+07 1e+07 1e+07 1e+07 1e+07 1e+07 1e+07 1e+07 1e+07 1e+07 1e+07 1e+07 1e+07 1e+07 1e+07 1e+07 1e+07 1e+07 1e+07 1e+07 1e+07 1e+07 1e+07 7.58072e+06 9.68479e+06 3.57223e+06 1e+07 775801 1e+07 2.67314e+06 1e+07 8.08103e+06 474917 524140 1.08863e+06 112661 55910 113165 32631 11355 153569 3617 986 10356 4035 4585 584 1205 451 312 201 122 114 60 39 59 20 27 31 25 37 27 15 14 14 14 14 15 24 36 19 17 54 18 27 20 21 29 13 12 12 12 28 41 
