epsilon_k[0] 0.0001
epsilon_k[1] 2.18e-05
epsilon_k[2] 7.08e-05
epsilon_k[3] 2.54e-05
epsilon_k[4] 1e-05
epsilon_k[5] 7.8e-06
epsilon_k[6] 2.18e-05
omega_x0 0.168
omega_y0 0.201
dx 0.001
epsilon 12
max_turns 10000000
from_y 640
to_y 720
0.64 225 152 322 447 767 226 250 268 517 3178 617 341 220 485 2470 1794 211 296 1026 947 141 193 397 373 112 392 584 212 248 414 149 155 96 178 296 146 174 109 1481 1217 76 488 104 198 1188 778 219 190 71 184 98 215 89 152 99 385 103 100 116 53 329 70 239 97 109 198 232 254 147 115 771 200 179 63 235 112 243 166 241 197 
0.641 219 155 127 448 798 1036 507 416 1048 265 516 915 213 283 514 1757 395 322 186 162 309 168 939 232 347 2015 561 408 199 154 121 212 2261 532 143 106 119 65 165 874 175 79 174 119 79 275 161 101 157 127 189 86 105 144 242 1066 101 168 105 179 442 134 223 491 86 282 123 162 265 81 204 72 179 149 643 242 742 220 70 129 
0.642 427 199 490 200 207 300 324 651 443 246 1135 993 3632 576 1073 183 240 371 438 590 246 292 486 288 177 185 145 183 186 127 355 820 119 477 228 109 500 247 121 794 350 591 83 679 142 191 152 173 79 68 78 125 94 204 112 105 143 84 1032 79 261 72 44 257 67 270 258 115 405 250 109 80 205 176 59 326 215 87 141 145 
0.643 538 146 311 134 227 215 318 319 176 521 516 242 596 509 276 2110 748 275 94 223 204 387 6439 303 148 352 1440 1151 91 99 120 2420 355 105 160 274 62 170 171 94 258 320 681 100 81 123 190 212 105 119 61 174 111 173 108 97 508 94 78 52 174 46 106 182 119 68 74 97 1564 314 335 408 108 173 54 96 121 150 98 108 
0.644 320 530 379 115 339 337 132 333 919 405 565 1332 654 732 253 280 8935 142 631 157 273 222 495 1079 357 423 486 364 152 107 77 320 111 143 196 557 230 4539 99 2429 144 164 267 120 1468 94 148 211 107 212 210 61 118 128 93 97 340 109 165 52 115 49 68 86 52 68 52 99 423 123 519 118 61 442 96 136 1913 154 100 75 
0.645 296 203 236 251 102 277 171 142 294 213 1366 1904 861 253 463 765 198 691 218 164 296 236 246 4710 176 2490 331 1098 351 216 105 97 191 209 209 186 308 492 465 68 88 87 165 371 1338 228 169 252 827 159 101 433 74 286 207 128 322 138 276 60 89 101 62 40 112 238 69 322 196 86 921 163 118 332 128 85 87 144 214 84 
0.646 348 336 829 496 219 219 150 182 245 154 229 286 242 414 998 294 309 1169 168 277 245 1184 332 935 243 291 116 181 183 214 134 343 250 80 98 95 193 109 55 53 52 75 78 158 558 199 117 134 250 104 146 254 426 72 62 108 134 130 84 183 59 188 95 93 43 138 98 243 156 89 347 63 167 504 96 213 79 750 107 133 
0.647 190 118 1477 483 170 946 583 173 213 264 185 244 396 429 704 10985 279 314 296 138 236 845 353 280 1112 110 91 329 543 204 2034 94 89 153 422 104 71 175 159 84 168 52 110 83 231 336 187 86 4497 314 81 116 271 92 169 246 124 148 102 94 53 231 70 73 39 51 77 52 201 190 170 172 80 221 109 87 96 159 230 170 
0.648 142 226 658 159 326 370 300 405 153 120 274 1098 234 937 230 357 1107 741 1257 1060 243 1412 1499 89 331 92 335 409 492 305 727 1055 219 160 134 119 386 978 115 54 56 162 52 145 83 334 1525 89 107 170 614 104 107 247 74 110 196 124 390 61 75 93 257 120 106 49 99 128 94 263 113 306 93 71 96 162 127 343 81 64 
0.649 113 248 134 240 125 345 970 205 343 610 115 246 223 291 322 1060 279 1100 482 417 1277 546 270 728 530 810 164 139 293 188 179 469 127 1295 538 120 161 88 872 138 53 107 55 97 65 640 129 461 73 718 425 76 220 104 199 97 71 538 635 153 219 100 55 129 357 39 51 82 99 198 427 200 126 192 240 50 117 81 147 78 
0.65 154 236 247 151 140 218 159 1456 2679 137 1328 175 153 116 385 628 888 576 353 125 205 155 145 321 167 445 98 112 151 502 263 320 243 448 770 262 365 217 420 296 282 54 236 57 84 197 470 357 319 109 336 156 112 72 98 100 223 223 133 242 183 1031 447 71 181 179 58 104 64 88 984 224 137 122 114 63 167 169 77 104 
0.651 165 123 160 125 138 478 190 190 280 239 187 2248 269 101 563 194 185 5100 3207 2680 167 142 91 227 502 768 128 204 171 93 93 99 204 139 149 205 284 66 379 119 134 97 54 56 137 292 6610 186 114 362 111 211 254 585 112 111 1000 57 133 336 67 88 512 64 84 58 76 161 113 316 1373 252 64 82 2040 59 58 207 234 116 
0.652 204 1795 1253 454 544 368 102 288 144 157 144 135 205 967 181 205 543 198 142 476 531 292 905 434 173 401 189 142 268 130 690 921 126 282 154 344 177 284 478 94 555 184 246 53 121 135 66 113 175 137 457 369 152 353 54 72 188 285 109 381 97 135 88 45 39 38 222 50 62 87 225 147 98 138 596 82 46 144 769 140 
0.653 196 245 373 29991 152 164 114 245 172 365 170 507 195 160 1072 204 387 392 187 260 567 290 4603 346 307 1458 823 91 16218 851 248 77 217 308 185 187 167 965 3605 387 80 98 404 82 53 54 84 73 203 162 171 274 135 109 151 65 78 120 81 283 94 68 57 109 102 60 121 63 87 51 105 236 90 55 123 162 76 124 312 77 
0.654 569 473 622 358 168 284 273 259 269 198 465 144 139 309 174 160 103 421 169 139 552 981 207 383 201 2549 116 378 4973 243 386 129 146 371 181 117 163 586 315 235 438 331 279 257 55 64 103 86 153 90 441 95 167 162 80 178 130 204 4519 6926 59 99 95 142 59 298 39 38 82 141 110 309 488 82 108 82 106 147 595 146 
0.655 234 433 424 327 2610 466 222 119 418 205 429 299 144 262 147 184 332 310 194 322 361 219 158 116 1107 497 167 257 1297 401 645 150 267 168 175 221 241 238 316 190 616 544 134 105 190 53 369 79 207 288 142 257 112 461 503 101 141 101 201 157 283 286 57 52 285 43 41 75 67 101 90 265 224 267 220 184 102 191 410 94 
0.656 112 131 450 987 873 172 296 913 125 111 239 128 225 218 87 305 188 185 652 114 125 280 285 328 150100 132 233 91 410 754 76 182 286 135 136 290 219 179 135 287 108 538 361 116 101 593 141 229 76 217 127 171 580 295 102 158 89 595 84 346 190 102 137 109 47 79 34 48 73 94 57 223 140 43 94 238 42 36 127 70 
0.657 104 731 272 126 106 364 697 397 216 141 91 132 150 183 185 112 174 359 569 185 1970 544 299 665 171 217 89 346 430 270 309 264 194 208 127 192 207 163 165 128 225 261 147 654 357 103 306 172 68 81 73 104 638 126 791 107 213 87 120 80 86 133 95 117 82 39 33 84 38 392 51 109 56 166 90 115 63 36 172 160 
0.658 300 105 93 105 114 271 503 238 165 216 128 136 98 158 269 89 208 152 97 87 387 109 548 194 477 289 180 135 417 313 327 268 178 117 348 414 223 139 1490 201 155 444 289 434 344 191 184 189 254 53 175 260 184 99 181 219 226 225 187 49 163 56 75 195 86 314 33 33 71 50 125 96 101 362 513 70 42 36 105 246 
0.659 238 100 117 96 107 78 382 290 323 132 145 109 101 86 156 168 196 149 110 178 304 247 139 348 272 699 192 110 128 347 279 191 202 142 542 181 514 757 180 605 353 227 238 489 1695 164 696 108 434 273 92 81 78 228 343 292 146 171 93 48 117 60 138 179 51 71 35 32 88 56 64 346 104 192 214 299 158 36 159 437 
0.66 795 277 105 168 234 94 89 260 129 397 203 102 144 85 93 96 146 107 214 178 138 92 92 337 490 9521 586 249 145 571 216 265 166 435 633 621 192 230 203 193 155 518 169 586 298 383 105 545 239 610 195 101 60 127 164 120 184 472 61 109 56 87 592 90 52 50 287 32 33 38 213 53 108 96 151 208 73 35 89 97 
0.661 509 468 162 127 116 476 73 247 169 100 281 275 93 128 85 308 277 236 162 823 121 3229 876 143 219 222 257 540 258 118 216 209 139 251 876 275 1394 213 158 117 112 222 429 331 164 717 311 251 210 117 71 142 162 83 110 918 108 67 93 100 83 48 116 92 103 168 223 32 32 178 47 65 145 69 43 224 94 35 105 84 
0.662 89 173 342 111 144 535 102 99 80 181 111 363 243 185 352 175 289 147 163 96 107 97 115 137 169 233 252 4022 115 70 293 256 107 266 180 308 227 214 148 202 306 116 219 379 290 425 461 461 260 401 329 264 450 406 93 89 297 97 444 56 50 102 73 69 150 99 127 32 32 45 254 64 126 117 104 126 189 35 36 180 
0.663 91 155 79 496 682 329 88 62 74 170 179 162 76 85 105 147 159 117 186 235 176 146 305 177 143 181 81 169 2217 361 124 122 74 300 146 514 474 148 225 164 341 1897 473 419 723 601 242 349 219 784 104 111 169 133 71 90 233 361 145 247 262 71 82 47 201 61 99 34 32 32 38 72 199 133 419 187 96 35 164 101 
0.664 140 114 115 122 201 174 513 94 169 162 78 293 147 202 131 144 98 135 536 86 218 175 458 126 131 141 115 387 242 134 340 273 112 164 320 146 208 243 284 107 148 176 177 675 110 161 292 229 1850 251 142 419 66 582 118 198 65 148 1458 194 128 81 83 54 111 73 151 48 32 32 55 882 85 181 111 55 65 36 137 86 
0.665 134 86 139 89 171 170 369 133 96 119 64 118 112 128 85 404 89 71 86 263 169 663 154 114 94 165 107 236 191 117 214 109 349 103 220 126 196 275 269 213 160 137 90 128 187 73 521 108 927 348 193 236 423 154 447 454 58 193 329 79 259 313 67 82 80 64 206 134 32 32 65 58 77 111 175 393 110 41 124 128 
0.666 171 196 111 169 208 383 98 132 208 242 120 93 133 136 155 116 104 176 140 71 730 131 128 128 109 173 134 106 154 125 798 112 97 305 549 129 389 285 246 145 266 217 544 156 86 427 1237 174 94 150 332 358 153 188 528 59 59 148 147 117 124 137 71 67 97 183 46 78 32 32 32 54 85 54 67 43 101 204 41 141 
0.667 139 799 134 157 77 70 83 99 409 258 84 132 115 74 225 367 98 107 87 121 94 85 98 140 119 88 102 107 111 234 170 499 1013 275 184 92 793 547 19472 181 121 306 406 308 292 222 139 129 226 332 764 265 243 671 74 129 91 60 132 177 286 184 231 60 105 240 51 72 82 32 32 167 74 85 73 102 197 104 42 93 
0.668 1229 189 190 512 297 71 306 118 103 1397 114 82 70 82 93 315 114 225 66 79 122 77 116 176 109 91 118 99 86 139 157 205 1004 73 156 1174 231 318 109 158 82 73 304 135 1570 914 540 127 192 150 102 2870 296 4466 133 89 184 302 123 65 108 176 99 55 50 41 106 452 97 32 32 39 305 70 354 74 137 49 49 139 
0.669 50 100 49 380 281 503 181 103 91 526 886 3210 163 62 143 110 177 1359 142 87 226 138 316 96 117 224 677 1647 96 154 298 123 159 270 89 161 1148 484 111 123 187 105 120 124 347 91 204 282 994 308 383 111 160 246 157 102 118 94 355 152 151 127 74 168 56 48 188 118 47 32 33 33 87 115 131 90 56 76 156 126 
0.67 60 88 93 55 97 107 228 97 90 72 157 103 488 83 196 155 95 140 86 121 101 205 114 125 236 156 110 183 123 193 127 148 96 298 150 176 211 248 276 107 101 76 173 94 171 311 563 92 87 290 201 143 110 405 274 158 107 182 184 387 75308 3938 119 94 120 56 42 62 104 32 110 32 38 127 68 139 89 114 36 38 
0.671 235 279 599 91 48 75 177 1154 152 73 123 51 436 158 285 643 253 87 110 258 88 76 69 233 191 165 166 80 126 101 108 97 93 101 823 108 358 71 808 115 123 121 80 113 361 174 254 53 87 274 524 189 145 72 765 453 188 199 242 111 97 79 191 223 239 47 82 53 216 42 106 32 57 177 61 47 972 66 34 84 
0.672 66 96 800 472 92 660 102 49 48 65 244 109 85 223 105 146 146 156 109 281 85 65 78 106 95 96 88 123 92 93 123 104 111 78 260 119 436 134 1002 133 190 72 120 116 231 281 73 107 94 76 177 247 214 131 135 365 227 273 870 168 680 122 177 200 224 50 46 70 68 54 32 70 290 53 67 225 166 280 35 81 
0.673 61 188 59 120 107 159 238 249 110 41 76 108 111 151 150 181 73 154 246 195 170 68 116 69 91 102 210 93 134 89 125 120 86 115 92 262 119 471 143 176 96 196 251 105 2479 136 415 120 121 333 238 80 229 95 384 121 103 635 514 180 177 150 91 376 275 682 118 42 66 45 32 54 32 54 98 229 182 203 110 630 
0.674 119 54 65 85 130 222 91 68 136 117 206 48 129 91 126 108 130 232 94 239 536 182 77 113 81 125 66 136 782 209 145 89 179 155 151 112 159 176 165 176 133 120 112 86 96 104 83 69 132 153 237 211 65 184 619 314 60 174 181 280 126 111 105 84 48 109 192 56 204 178 49 495 32 39 64 263 68 168 58 118 
0.675 73 58 56 188 161 286 55 154 107 75 47 79 40 146 75 105 91 199 104 175 146 78 64 113 61 82 110 72 194 312 106 138 214 99 113 134 253 96 222 136 1332 144 236 120 129 115 125 54 181 85 102 74 151 62 65 312 212 200 273 1199 715 192 927 144 125 98 69 163 83 90 44 43 329 57 71 73 39 193 79 90 
0.676 62 54 55 56 50 110 119 88 425 114 1389 60 122 68 193 229 84 60 166 123 94 70 116 114 79 110 189 104 124 218 129 93 115 90 142 91 115 147 94 159 462 251 82 167 139 289 69 62 280 85 127 167 354 146 157 382 332 131 105 176 348 228 163 190 142 48 244 216 71 82 64 32 326 35 200 1386 97 86 118 131 
0.677 138 91 145 54 61 332 67 82 62 360 119 160 41 55 141 40 215 677 231 143 148 115 79 310 123 158 163 313 127 72 130 109 105 145 125 203 163 276 288 115 196 116 121 266 215 158 91 359 115 106 133 1637 288 3950 211 439 406 254 137 125 310 66 86 100 137 112 62 666 65 185 181 32 45 32 58 114 145 324 296 89 
0.678 203 60 157 67 109 77 55 62 67 67 559 191 806 115 82 179 73 138 262 114 143 98 123 94 166 283 175 123 137 174 93 136 124 115 90 93 578 398 106 321 184 102 179 271 198 82 87 558 210 97 101 145 110 127 281 216 218 135 288 231 220 225 171 90 80 61 55 106 47 94 92 46 87 33 39 71 72 280 235 43 
0.679 73 205 103 193 151 74 120 106 155 79 62 111 63 90 290 302 154 1634 52 103 75 168 238 82 109 85 194 73 124 86 67 211 83 100 96 317 134 267 127 167 210 259 72 85 185 165 86 369 53 252 203 182 96 144 161 215 229 108 144 82 195 116 180 87 107 329 285 392 66 86 73 99 177 508 174 318 289 78 531 34 
0.68 153 537 268 114 384 102 59 76 70 65 119 1878 51 249 310 93 41 228 239 40 196 220 158 163 75 75 88 108 264 739 316 678 101 194 107 171 118 165 221 145 274 558 148 100 137 89 176 67 984 107 959 279 207 40 223 129 94 126 459 170 88 144 219 146 59 55 91 465 336 71 183 47 32 73 34 63 138 38 132 36 
0.681 106 91 190 175 172 133 103 313 59 65 63 85 64 59 112 68 97 109 108 100 41 93 266 110 352 150 202 207 58 464 136 298 284 95 105 197 225 125 191 87 180 67 59 199 110 452 179 90 173 109 146 126 1398 110 60 89 140 92 1053 603 292 184 214 85 84 64 122 213 108 149 70 314 32 134 32 83 51 44 123 72 
0.682 113 285 189 70 75 221 124 305 130 191 59 64 56 80 145 55 58 58 194 72 82 46 48 159 71 82 669 217 828 351 84 310 158 268 268 577 152 121 117 451 254 200 108 126 338 136 280 115 85 94 222 158 98 60 95 53 118 90 293 108 172 55 125 309 76 56 62 186 63 68 52 377 45 44 34 38 218 39 78 41 
0.683 75 161 9645 91 70 324 306 105 136 107 123 214 80 66 54 113 92 64 65 76 179 47 1043 75 145 168 138 62 145 87 102 85 120 92 96 113 95 89 140 198 161 348 356 184 267 202 916 167 86 83 103 185 113 94 837 126 251 338 2685 169 170 86 223 129 57 60 116 61 125 218 85 57 51 190 63 184 59 267 44 55 
0.684 127 132 226 198 115 419 77 242 149 389 226 155 72 433 75 54 225 80 104 49 78 40 54 160 70 109 114 108 331 717 240 177 218 179 153 153 71 254 77 210 272 113 165 237 379 62 150 123 351 65 224 69 122 41 120 163 102 309 99 236 101 227 60 56 83 62 80 129 283 293 68 59 163 32 108 90 290 262 67 121 
0.685 175 147 136 124 187 84 210 377 140 88 321 175 139 152 188 72 93 823 58 61 70 93 73 632 66 41 110 115 93 88 174 239 71 84 154 125 1728 199 152 79 137 98 448 1974 46 105 100 173 95 123 96 365 128 50 400 249 98 84 229 754 996 296 142 92 277 136 74 126 156 273 161 80 58 39 430 32 260 212 64 78 
0.686 389 370 158 108 136 110 174 1352 352 94 111 76 110 76 69 175 194 84 61 83 55 319 394 113 113 46 40 79 371 241 80 407 126 94 98 107 86 307 121 144 287 403 320 1546 161 78 55 173 172 74 647 199 91 58 213 93 97 574 101 61 115 242 95 104 100 89 99 101 111 102 152 122 220 51 51 34 139 121 45 116 
0.687 395 269 411 179 112 84 120 142 176 413 353 343 138 128 146 113 80 112 120 103 241 70 179 99 126 88 40 39 214 81 319 70 88 100 735 131 99 194 134 132 180 102 513 244 790 46 161 77 335 99 183 54 110 40 15610 81 110 178 185 72 59 152 198 55 69 68 237 225 115 136 70 80 73 108 109 203 121 151 78 98 
0.688 202 445 105 1239 166 134 142 143 133 350 165 95 117 121 95 195 92 70 139 98 75 120 64 113 79 67 78 41 39 120 145 263 128 114 317 112 65 294 77 121 162 328 126 339 144 93 158 55 198 127 91 87 124 112 48 107 230 53 156 201 109 65 61 195 157 121 68 190 120 68 138 102 52 67 32 125 40 150 66 130 
0.689 96 152 417 493 157 307 493 138 266 208 138 115 176 128 169 72 340 78 235 620 234 85 212 73 63 51 53 96 115 39 187 540 114 204 100 75 85 151 106 102 155 601 84 204 81 71 101 379 71 154 161 89 246 54 91 94 362 432 464 51 243 96 70 194 147 47 59 104 186 68 85 115 116 175 38 111 32 127 149 100 
0.69 103 364 71 160 278 147 581 110 86 93 104 104 258 173 137 130 205 189 70 206 260 126 101 143 87 50 91 84 61 58 40 92 89 509 100 126 194 234 132 110 160 91 150 211 128 174 155 96 72 346 93 343 89 57 51 153 52 1142 91 111 59 426 96 174 85 232 90 147 265 149 87 475 83 48 68 144 33 765 191 72 
0.691 98 131 274 139 256 193 176 183 488 171 131 77 63 76 250 182 231 98 320 185 136 120 281 114 93 61 51 75 167 54 68 41 197 107 760 57 91 76 68 2009 196 313 185 97 129 70 192 587 82 84 422 93 57 64 39 133 72 105 108 254 66 53 239 120 118 260 50 86 108 65 46 80 214 60 94 157 63 60 312 38 
0.692 151 320 148 300 203 162 274 142 164 322 82 172 80 87 59 245 131 123 465 144 175 3610 152 166 87 111 119 51 64 229 47 44 46 109 91 361 102 52 64 206 306 274 276 104 485 204 70 170 54 136 134 733 236 354 99 138 150 102 196 68 165 84 803 263 53 304 47 66 174 119 68 416 84 43 52 32 46 56 137 65 
0.693 348 210 200 412 109 300 151 218 192 140 135 76 71 75 75 183 76 155 68 203 118 102 158 107 734 529 174 469 68 70 89 67 47 62 98 80 886 116 94 54 98 97 209 102 128 66 241 331 136 70 173 775 145 52 55 84 94 43 55 59 52 56 41 122 116 58 85 256 114 84 45 48 125 390 42 54 103 47 94 136 
0.694 170 188 159 138 78 180 326 162 664 897 230 86 65 60 83 57 70 98 117 173 154 112 125 445 205 168 219 165 95 62 88 118 82 44 82 141 143 563 165 48 117 536 90 195 219 152 122 284 67 47 107 197 145 614 186 80 89 54 56 36 76 222 209 130 165 177 335 73 66 73 132 48 385 169 57 59 57 32 73 584 
0.695 34 55 53 102 365 649 160 89 148 111 153 129 63 71 198 93 186 134 63 123 296 154 300 98 85 99 149 121 2471 95 89 51 55 45 57 58 282 168 79 111 61 121 106 133 113 108 180 99 125 89 69 257 174 150 156 83 96 102 46 684 37 37 134 35 61 71 114 243 61 247 89 48 52 65 227 44 51 62 66 127 
0.696 52 35 33 76 75 56 152 178 118 308 90 205 321 76 63 54 49 97 55 77 232 108 77 534 96 98 79 80 84 91 139 106 56 71 140 100 147 199 86 211 66 108 57 630 162 118 90 114 98 93 226 68 167 313 217 103 355 221 93 109 57 51 30 37 45 169 85 39 49 225 151 59 661 58 122 94 34 67 41 99 
0.697 58 69 63 47 33 35 46 518 137 112 124 110 125 165 71 63 57 50 49 51 78 94 185 86 140 192 99 90 145 332 680 173 87 81 145 176 43 48 173 197 83 37 143 165 117 68 100 120 77 187 131 84 154 140 329 85 36 128 242 38 31 30 29 28 29 35 34 113 200 132 194 84 140 56 169 42 39 258 105 69 
0.698 84 53 61 152 81 254 34 34 87 95 78 186 1232 113 129 58 50 51 170 90 55 55 150 82 219 435 250 108 509 96 177 176 373 306 62 475 79 57 49 48 152 45 36 257 80 111 90 339 93 124 151 46 166 190 127 84 521 63 48 36 29 31 30 28 28 29 67 76 174 172 41 89 45 98 127 82 101 177 41 168 
0.699 414 56 499 99 112 66 219 39 34 35 47 82 51 323 178 291 77 72 142 67 67 112 245 196 86 327 201 88 70 107 418 165 191 132 362 74 56 49 39 99 79 266 38 37 132 248 152 111 73 102 110 93 158 222 98 254 195 132 34 36 29 144 213 30 28 28 29 54 88 90 255 111 71 166 146 93 75 57 32 140 
0.7 32 33 44 42 873 432 107 48 129 67 33 3874 169 117 51 119 147 54 72 117 68 70 1058 394 228 86 446 203 99 93 229 146 484 69 202 218 68 154 81 98 228 499 130 36 37 98 55 73 86 106 128 495 133 112 328 359 164 33 69 96 28 584 81 36 29 27 27 39 34 164 39 54 73 259 480 87 80 71 107 295 
0.701 156 95 64 32 51 201 523 218 107 92 44 118 33 50 215 78 177 274 105 84 127 137 55 117 193 136 84 444 96 305 201 241 104 82 542 234 231 100 179 67 139 110 112 42 439 37 149 118 73 205 301 99 66 239 380 240 100 38 102 36 28 212 136 76 39 28 27 27 75 109 52 61 77 83 104 44 68 32 45 62 
0.702 60 30 101 69 177 46 31 44 208 147 579 74 40 39 34 88 61 60 133 373 125 102 221 53 78 489 166 330 242 235 124 112 218 76 88 98 592 129 118 57 35 186 143 207 36 230 238 1476 87 97 183 214 115 86 119 420 107 302 78 66 28 121 35 85 34 93 27 27 27 91 193 43 40 66 46 46 63 62 53 62 
0.703 34 43 43 35 30 56 46 58 32 58 659 105 69 57 40 34 43 87 50 1110 167 76 52 93 114 94 68 141 101 133 289 110 136 77 157 57 77 106 171 97 60 44 65 108 290 45 71 63 157 84 121 332 74 75 94 100 216 49 33 34 28 52 35 237 46 34 45 27 27 29 57 34 400 102 59 40 63 473 105 53 
0.704 26 26 26 27 41 78 40 30 53 144 33 47 51 133 192 53 52 34 56 81 265 131 105 55 167 138 54 107 191 117 247 128 121 96 82 91 88 57 70 284 151 55 108 274 50 117 120 38 86 81 132 140 187 92 84 173 111 134 58 118 29 30 40 149 87 206 279 28 27 27 34 226 138 50 107 107 90 143 77 32 
0.705 33 82 43 27 26 26 27 33 33 30 45 231 32 57 107 334 534 123 34 48 1375 59 309 101 109 74 200 118 218 217 214 230 92 154 481 116 807 270 101 93 157 75 41 117 88 76 36 62 343 56 62 106 96 162 111 255 465 143 75 141 82 28 42 124 60 51 144 74 27 27 27 33 33 67 68 64 204 57 32 103 
0.706 230 117 105 52 33 41 27 26 26 43 66 31 47 55 31 42 45 71 145 53 35 227 50 172 338 102 52 106 1313 91 384 357 139 75 87 306 93 79 110 241 56 156 63 126 91 85 82 491 63 102 133 70 232 138 237 105 1867 167 151 33 111 27 34 39 33 33 72 110 29 27 27 46 58 48 780 238 65 40 47 52 
0.707 47 61 48 43 77 187 71 33 35 26 26 27 40 31 55 82 31 138 43 244 68 33 155 65 123 50 131 74 92 279 561 303 1907 15033 95 170 208 151 323 98 177 72 164 48 35 163 98 51 76 38 94 64 239 106 94 966 175 103 519 73 39 27 164 75 116 61 150 282 34 27 26 27 33 44 92 120 174 102 47 248 
0.708 30 57 84 46 133 114 269 73 140 39 69 27 26 27 40 30 73 86 45 60 69 63 60 66 243 503 83 2327 51 70 81 129 404 481 190 62 83 75 54 55 194 130 86 199 50 37 101 101 37 54 80 72 122 112 316 70 116 85 98 639 84 28 35 64 103 683 329 41 43 98 27 26 40 169 42 114 120 243 55 69 
0.709 111 27 27 42 40 43 54 320 71 81 126 85 70 27 26 27 41 29 170 31 186 73 1264 537 35 117 70 75 146 71 54 215 172 161 2176 185 269 64 54 77 102 290 232 79 205 46 41 307 58 62 115 120 79 111 111 109 93 165 115 101 87 42 28 108 71 54 45 64 32 57 27 26 27 33 118 104 189 57 47 400 
0.71 31 98 48 149 34 27 27 44 39 51 141 84 55 232 128 27 26 29 31 38 54 44 118 88 190 33 105 50 97 171 40 40 69 700 315 142 117 87 102 59 84 77 461 64 199 60 162 50 42 37 41 280 60 319 125 137 81 115 188 316 62 33 27 87 81 39 147 42 113 62 35 26 26 32 40 39 107 49 42 31 
0.711 47 30 71 62 29 46 44 48 28 27 41 83 99 60 44 87 78 27 26 48 33 104 32 131 159 128 39 253 50 225 157 40 40 158 156 171 97 117 190 821 114 53 93 91 346 102 52 95 63 110 39 46 65 69 88 87 406 45 86 80 85 60 27 144 90 85 46 230 84 146 92 27 26 27 36 111 90 89 131 126 
0.712 22 22 22 23 25 49 88 28 41 55 68 27 47 71 79 62 83 66 53 26 26 51 30 63 61 83 59 69 76 143 74 175 42 41 116 16099 127 174 155 59 109 202 63 54 133 128 132 109 35 151 169 84 53 78 88 93 85 48 205 115 172 61 29 85 49 114 109 90 865 45 33 36 26 26 36 42 73 96 74 80 
0.713 21 21 21 21 21 22 22 23 42 45 28 69 63 27 63 47 111 42 74 836 96 26 33 51 47 31 49 219 500 98 154 154 81 62 57 59 79 136 175 274 114 220 95 133 140 131 502 97 48 53 42 37 94 85 76 117 261 71 59 128 78 71 102 27 122 58 169 408 66 524 416 149 27 26 27 62 42 176 332 40 
0.714 21 21 21 21 21 21 21 21 22 22 24 32 65 83 38 28 38 78 66 69 91 38 27 26 48 48 48 89 138 115 34 71 319 80 434 129 55 88 145 113 280 162 52 57 53 94 114 151 56 95 104 90 592 59 53 73 91 195 208 100 68 124 80 26 71 103 112 102 243 156 48 32 127 26 26 54 33 99 89 93 
0.715 20 20 20 21 21 21 21 21 21 21 21 22 23 69 110 42 53 28 33 247 70 64 62 88 26 31 31 84 47 54 572 33 93 420 73 271 49 110 106 63 162 243 67 46 65 58 95 148 75 168 34 60 37 103 76 94 150 423 167 80 58 100 49 27 76 66 113 104 176 133 64 61 87 27 26 27 32 70 109 61 
0.716 20 20 20 20 20 20 20 21 21 21 21 21 21 22 22 118 80 66 37 27 40 70 53 56 68 27 26 43 61 31 234 61 34 83 121 110 56 69 114 157 84 78 95 66 68 52 63 75 90 138 61 42 226 37 37 117 79 83 174 89 180 92 700 67 36 52 122 341 146 102 126 164 33 29 26 26 36 44 116 65 
0.717 20 20 20 20 20 20 20 20 20 20 21 21 21 21 21 22 22 65 43 42 100 27 30 66 44 125 53 26 39 30 65 43 97 76 110 128 67 428 41 145 306 167 67 57 380 92 126 55 89 93 158 86 197 144 194 80 97 223 100 111 146 109 118 78 26 74 169 166 411 41 55 163 175 34 26 26 28 30 79 62 
0.718 20 20 20 20 20 20 20 20 20 20 20 20 21 21 21 21 21 22 22 31 36 55 49 28 62 93 64 57 26 27 36 82 66 42 40 126 131 103 176 41 94 202 79 262 69 51 423 79 144 73 157 420 40 64 38 38 134 163 81 147 157 100 118 127 26 37 59 341 162 57 75 82 49 50 27 26 26 41 116 40 
0.719 21 21 21 20 20 20 20 20 20 20 20 20 20 20 21 21 21 21 21 22 23 60 28 42 28 33 69 44 70 77 26 55 47 45 61 389 153 113 40 70 41 60 51 1054 55 185 124 149 51 47 81 67 111 103 119 51 91 58 64 124 42 220 375 189 43 41 39 89 46 46 47 91 102 58 88 26 26 49 44 300 
