epsilon_k[0] 0.0001
epsilon_k[1] 2.18e-05
epsilon_k[2] 7.08e-05
epsilon_k[3] 2.54e-05
epsilon_k[4] 1e-05
epsilon_k[5] 7.8e-06
epsilon_k[6] 2.18e-05
omega_x0 0.168
omega_y0 0.201
dx 0.01
n_theta 100
dtheta 0.015708
epsilon 32
max_turns 10000000
from_angle 40
to_angle 45
0.628319 1e+07 1e+07 1e+07 1e+07 1e+07 1e+07 1e+07 1e+07 1e+07 1e+07 1e+07 1e+07 1e+07 1e+07 1e+07 1e+07 1e+07 1e+07 1e+07 1e+07 1e+07 1e+07 1e+07 1e+07 1e+07 1e+07 1e+07 1e+07 1e+07 1e+07 1e+07 1e+07 1e+07 1e+07 1e+07 1e+07 2.30272e+06 6.50002e+06 3.98933e+06 1e+07 3.67256e+06 4.9049e+06 6.73598e+06 5.62456e+06 712461 1.66436e+06 374426 1e+07 218999 314902 45706 38923 6254 32984 6245 3131 6472 4127 534 901 1403 2738 461 502 192 81 95 104 368 195 253 122 143 1851 75 143 78 47 34 37 220 293 67 37 22 183 18 16 16 16 31 19 19 15 19 15 14 23 310 23 
0.644026 1e+07 1e+07 1e+07 1e+07 1e+07 1e+07 1e+07 1e+07 1e+07 1e+07 1e+07 1e+07 1e+07 1e+07 1e+07 1e+07 1e+07 1e+07 1e+07 1e+07 1e+07 1e+07 1e+07 1e+07 1e+07 1e+07 1e+07 1e+07 1e+07 1e+07 1e+07 1e+07 1e+07 3.56873e+06 1e+07 5.42484e+06 3.8235e+06 1e+07 3.30028e+06 1e+07 9.40764e+06 4.82081e+06 7.60075e+06 1e+07 1.45162e+06 960155 2.38333e+06 162043 68274 6.27907e+06 144734 28019 61913 8426 4094 2863 2523 25106 734 3346 559 283 302 520 1521 101 187 166 234 147 112 93 87 203 198 76 58 31 48 62 154 66 26 52 50 119 23 46 16 15 16 20 18 16 15 20 14 13 23 13 
0.659734 1e+07 1e+07 1e+07 1e+07 1e+07 1e+07 1e+07 1e+07 1e+07 1e+07 1e+07 1e+07 1e+07 1e+07 1e+07 1e+07 1e+07 1e+07 1e+07 1e+07 1e+07 1e+07 1e+07 1e+07 1e+07 1e+07 1e+07 1e+07 1e+07 1e+07 1e+07 8.71743e+06 1e+07 1e+07 4.13431e+06 5.06015e+06 1e+07 1e+07 1.69939e+06 5.90611e+06 3.19393e+06 1e+07 7.37637e+06 1e+07 1e+07 3.59886e+06 352081 81538 268531 188962 152075 32886 10365 25696 9469 13753 10265 4072 1863 270 2960 111 211 220 2111 129 711 150 1052 91 51 111 31 103 339 208 161 180 52 40 42 48 23 66 25 23 23 30 26 52 61 16 15 19 17 19 13 12 14 16 
0.675442 1e+07 1e+07 1e+07 1e+07 1e+07 1e+07 1e+07 1e+07 1e+07 1e+07 1e+07 1e+07 1e+07 1e+07 1e+07 1e+07 1e+07 1e+07 1e+07 1e+07 1e+07 1e+07 1e+07 1e+07 1e+07 1e+07 1e+07 1e+07 1e+07 1e+07 1e+07 1e+07 1e+07 1e+07 9.66544e+06 1e+07 8.59507e+06 6.80038e+06 3.09346e+06 1e+07 1e+07 1.77274e+06 2.45215e+06 472214 1.06348e+06 1e+07 512681 85763 158606 49360 31214 37285 6658 6745 24262 2064 1873 759 490 209 1101 1903 227 216 447 336 107 292 5986 137 447 28 19 18 17 17 17 18 47 28 21 18 24 19 102 13 13 13 12 12 12 13 14 17 15 18 14 15 18 11 
0.69115 1e+07 1e+07 1e+07 1e+07 1e+07 1e+07 1e+07 1e+07 1e+07 1e+07 1e+07 1e+07 1e+07 1e+07 1e+07 1e+07 1e+07 1e+07 1e+07 1e+07 1e+07 1e+07 1e+07 1e+07 1e+07 1e+07 1e+07 1e+07 1e+07 1e+07 1e+07 1e+07 8.65375e+06 6.06116e+06 1.03291e+06 1e+07 882799 1e+07 2.2388e+06 3.25575e+06 1e+07 1e+07 2.98072e+06 704948 491160 949579 522481 230135 80745 115021 6371 3901 18818 2656 30545 2884 595 3155 1259 376 2345 314 491 236 231 85 443 76 74 56 150 47 198 101 36 85 44 44 29 29 23 23 26 26 21 25 34 29 18 15 14 15 16 13 12 12 11 11 11 12 
