epsilon_k[0] 0.0001
epsilon_k[1] 2.18e-05
epsilon_k[2] 7.08e-05
epsilon_k[3] 2.54e-05
epsilon_k[4] 1e-05
epsilon_k[5] 7.8e-06
epsilon_k[6] 2.18e-05
omega_x0 0.168
omega_y0 0.201
dx 0.01
n_theta 100
dtheta 0.015708
epsilon 40
max_turns 10000000
from_angle 80
to_angle 85
1.25664 1e+07 1e+07 1e+07 1e+07 1e+07 1e+07 1e+07 1e+07 1e+07 1e+07 1e+07 1e+07 1e+07 1e+07 1e+07 1e+07 1e+07 1e+07 1e+07 1e+07 1e+07 1e+07 1e+07 1e+07 1e+07 1e+07 1e+07 1e+07 1e+07 1e+07 1e+07 1e+07 1e+07 1e+07 1e+07 5.70706e+06 1.72615e+06 1.24922e+06 451618 7.79225e+06 498656 270826 592884 14150 5267 4888 12197 3055 1200 3930 1981 5278 5936 2006 238 262 361 403 130 64 89 33 135 161 77 162 77 34 298 90 1216 24 22 25 43 34 9 8 8 7 7 7 7 7 6 6 6 6 6 6 6 6 6 6 6 6 6 5 5 5 
1.27235 1e+07 1e+07 1e+07 1e+07 1e+07 1e+07 1e+07 1e+07 1e+07 1e+07 1e+07 1e+07 1e+07 1e+07 1e+07 1e+07 1e+07 1e+07 1e+07 1e+07 1e+07 1e+07 1e+07 1e+07 1e+07 1e+07 1e+07 1e+07 1e+07 1e+07 1e+07 1e+07 7.59034e+06 1e+07 7.17735e+06 4.72876e+06 3.91122e+06 1.67248e+06 698396 799211 946075 382131 36604 115036 175441 6133 5354 8549 7401 1735 2396 6018 775 2621 241 1081 550 2100 379 136 559 221 109 31 51 58 117 183 73 271 56 40 22 20 44 17 48 9 8 8 7 7 7 7 7 7 6 6 6 6 6 6 6 6 6 6 6 6 5 5 
1.28805 1e+07 1e+07 1e+07 1e+07 1e+07 1e+07 1e+07 1e+07 1e+07 1e+07 1e+07 1e+07 1e+07 1e+07 1e+07 1e+07 1e+07 1e+07 1e+07 1e+07 1e+07 1e+07 1e+07 1e+07 1e+07 1e+07 1e+07 1e+07 1e+07 1e+07 1e+07 1e+07 1e+07 1e+07 1e+07 1e+07 2.8439e+06 4.22071e+06 6.02852e+06 571939 1.42733e+06 943618 38788 25245 93541 21137 5697 7727 3589 2235 901 937 2847 3779 676 500 490 182 308 111 113 87 49 99 37 88 44 33 87 41 28 60 488 20 25 76 26 18 9 8 8 7 7 7 7 7 7 6 6 6 6 6 6 6 6 6 6 6 6 6 
1.30376 1e+07 1e+07 1e+07 1e+07 1e+07 1e+07 1e+07 1e+07 1e+07 1e+07 1e+07 1e+07 1e+07 1e+07 1e+07 1e+07 1e+07 1e+07 1e+07 1e+07 1e+07 1e+07 1e+07 1e+07 1e+07 1e+07 1e+07 1e+07 1e+07 1e+07 1e+07 1e+07 1e+07 1e+07 1e+07 1e+07 1.5609e+06 3.19678e+06 865565 461787 458872 126082 154201 72421 72415 284062 9301 28057 15597 1671 1048 3428 1770 1338 2205 212 230 429 312 375 1024 294 47 68 101 43 39 71 190 184 29 70 98 46 29 20 15 45 109 10 9 8 8 7 7 7 7 7 6 6 6 6 6 6 6 6 6 6 6 6 
1.31947 1e+07 1e+07 1e+07 1e+07 1e+07 1e+07 1e+07 1e+07 1e+07 1e+07 1e+07 1e+07 1e+07 1e+07 1e+07 1e+07 1e+07 1e+07 1e+07 1e+07 1e+07 1e+07 1e+07 1e+07 1e+07 1e+07 1e+07 1e+07 1e+07 1e+07 1e+07 1e+07 1e+07 9.32466e+06 1e+07 3.63552e+06 6.32386e+06 7.72031e+06 4.68628e+06 460645 530338 211119 66740 6.57781e+06 16284 297937 20903 6661 15644 3316 6322 7575 1203 1239 427 1052 1023 1551 150 324 164 172 270 2533 71 136 43 180 68 107 93 43 41 21 26 17 17 14 32 15 18 9 8 8 7 7 7 7 7 7 6 6 6 6 6 6 6 6 6 6 
1.33518 1e+07 1e+07 1e+07 1e+07 1e+07 1e+07 1e+07 1e+07 1e+07 1e+07 1e+07 1e+07 1e+07 1e+07 1e+07 1e+07 1e+07 1e+07 1e+07 1e+07 1e+07 1e+07 1e+07 1e+07 1e+07 1e+07 1e+07 1e+07 1e+07 1e+07 1e+07 1e+07 5.27249e+06 1e+07 1e+07 1e+07 2.94455e+06 4.98274e+06 4.61698e+06 664004 1.27553e+06 494965 109907 25067 62540 46602 7652 222847 11693 1326 615 816 1178 2999 2931 373 305 257 171 194 466 121 70 24 125 85 24 52 24 157 40 99 48 62 18 18 18 15 16 13 31 14 18 9 8 8 7 7 7 7 7 7 6 6 6 6 6 6 6 6 
