epsilon_k[0] 0.0001
epsilon_k[1] 2.18e-05
epsilon_k[2] 7.08e-05
epsilon_k[3] 2.54e-05
epsilon_k[4] 1e-05
epsilon_k[5] 7.8e-06
epsilon_k[6] 2.18e-05
omega_x0 0.168
omega_y0 0.201
dx 0.01
n_theta 100
dtheta 0.015708
epsilon 16
max_turns 10000000
from_angle 50
to_angle 55
0.785398 1e+07 1e+07 1e+07 1e+07 1e+07 1e+07 1e+07 1e+07 1e+07 1e+07 1e+07 1e+07 1e+07 1e+07 1e+07 1e+07 1e+07 1e+07 1e+07 1e+07 1e+07 1e+07 1e+07 1e+07 1e+07 1e+07 1e+07 1e+07 1e+07 1e+07 1e+07 1e+07 1e+07 1e+07 1e+07 1e+07 1e+07 1e+07 7.67086e+06 3.46571e+06 831068 1.5761e+06 408234 228268 227665 141311 396998 26175 355748 29697 2011 5496 3992 1465 1187 505 842 489 369 1025 408 92 89 168 136 129 131 69 20 13 12 11 11 11 10 10 10 10 10 10 10 10 10 9 9 9 9 9 9 9 9 9 10 10 10 10 11 12 16 12 
0.801106 1e+07 1e+07 1e+07 1e+07 1e+07 1e+07 1e+07 1e+07 1e+07 1e+07 1e+07 1e+07 1e+07 1e+07 1e+07 1e+07 1e+07 1e+07 1e+07 1e+07 1e+07 1e+07 1e+07 1e+07 1e+07 1e+07 1e+07 1e+07 1e+07 1e+07 1e+07 1e+07 1e+07 1e+07 1e+07 1e+07 1e+07 1e+07 2.69496e+06 3.75466e+06 1.2875e+06 93461 331218 282685 207280 67359 48062 204513 34147 15832 21263 5595 5149 2417 5745 1088 617 3994 1129 248 86 260 247 64 127 1406 104 355 20 15 12 11 11 11 11 10 10 10 10 10 10 10 10 10 10 11 12 12 18 13 13 19 16 11 11 11 13 13 12 11 
0.816814 1e+07 1e+07 1e+07 1e+07 1e+07 1e+07 1e+07 1e+07 1e+07 1e+07 1e+07 1e+07 1e+07 1e+07 1e+07 1e+07 1e+07 1e+07 1e+07 1e+07 1e+07 1e+07 1e+07 1e+07 1e+07 1e+07 1e+07 1e+07 1e+07 1e+07 1e+07 1e+07 1e+07 1e+07 1e+07 1e+07 9.41698e+06 7.38741e+06 1e+07 2.88082e+06 841616 462804 98401 64410 213713 151556 16777 60993 43937 9966 10194 6853 14040 1724 5081 531 397 525 258 128 407 76 969 261 71 53 25 18 82 19 57 13 12 12 12 12 12 12 13 14 14 18 19 13 14 18 17 12 11 11 12 14 12 14 10 10 10 10 10 11 
0.832522 1e+07 1e+07 1e+07 1e+07 1e+07 1e+07 1e+07 1e+07 1e+07 1e+07 1e+07 1e+07 1e+07 1e+07 1e+07 1e+07 1e+07 1e+07 1e+07 1e+07 1e+07 1e+07 1e+07 1e+07 1e+07 1e+07 1e+07 1e+07 1e+07 1e+07 1e+07 1e+07 1e+07 1e+07 8.66606e+06 1e+07 7.72433e+06 5.38994e+06 4.85618e+06 1.00684e+06 2.42618e+06 4.61337e+06 462185 514713 47889 422746 62521 31758 12320 42510 3533 10947 3666 2740 515 5082 422 428 405 496 355 147 122 157 190 95 221 55 69 19 18 18 17 25 21 26 22 18 14 14 26 14 20 12 11 12 13 15 13 21 11 10 10 12 12 12 10 9 9 8 
0.84823 1e+07 1e+07 1e+07 1e+07 1e+07 1e+07 1e+07 1e+07 1e+07 1e+07 1e+07 1e+07 1e+07 1e+07 1e+07 1e+07 1e+07 1e+07 1e+07 1e+07 1e+07 1e+07 1e+07 1e+07 1e+07 1e+07 1e+07 1e+07 1e+07 1e+07 1e+07 1e+07 1e+07 1e+07 1e+07 2.73164e+06 2.87976e+06 2.18168e+06 1e+07 1.07982e+06 336014 222817 411743 75632 68721 200062 35812 12953 36768 11708 6208 5500 25811 3403 1649 1517 1399 1485 277 112 112 145 20 20 36 114 223 37 61 161 225 42 16 21 21 15 36 19 15 17 12 12 12 16 21 14 21 12 14 14 12 12 10 10 9 8 7 7 7 7 
