epsilon_k[0] 0.0001
epsilon_k[1] 2.18e-05
epsilon_k[2] 7.08e-05
epsilon_k[3] 2.54e-05
epsilon_k[4] 1e-05
epsilon_k[5] 7.8e-06
epsilon_k[6] 2.18e-05
omega_x0 0.31
omega_y0 0.32
dx 0.01
epsilon 32
max_turns 10000000
from_y 24
to_y 32
0.24 20 20 21 22 23 24 26 28 33 69 49 47 50 124 30 24 22 20 18 17 16 16 15 14 14 13 13 12 12 12 11 11 11 11 10 10 10 10 10 9 9 9 9 9 9 9 8 8 8 8 8 8 8 8 8 8 7 7 7 7 7 7 7 7 7 7 7 7 6 6 6 6 6 6 6 6 6 6 6 6 
0.25 19 19 20 20 21 22 23 25 27 32 70 47 49 688 28 23 21 19 18 17 16 15 15 14 14 13 13 12 12 12 11 11 11 11 10 10 10 10 9 9 9 9 9 9 9 8 8 8 8 8 8 8 8 8 8 7 7 7 7 7 7 7 7 7 7 7 7 6 6 6 6 6 6 6 6 6 6 6 6 6 
0.26 18 18 19 19 20 20 21 22 24 26 31 61 49 87 27 23 21 19 18 17 16 15 14 14 13 13 12 12 12 11 11 11 11 10 10 10 10 10 9 9 9 9 9 9 8 8 8 8 8 8 8 8 8 8 7 7 7 7 7 7 7 7 7 7 7 7 6 6 6 6 6 6 6 6 6 6 6 6 6 6 
0.27 17 17 18 18 18 19 20 20 22 23 25 31 50 43 26 22 20 19 17 16 16 15 14 14 13 13 12 12 12 11 11 11 11 10 10 10 10 9 9 9 9 9 9 9 8 8 8 8 8 8 8 8 8 7 7 7 7 7 7 7 7 7 7 7 7 6 6 6 6 6 6 6 6 6 6 6 6 6 6 6 
0.28 16 16 17 17 17 18 18 19 20 21 22 25 32 40 26 22 20 18 17 16 15 15 14 13 13 13 12 12 11 11 11 11 10 10 10 10 10 9 9 9 9 9 9 8 8 8 8 8 8 8 8 8 7 7 7 7 7 7 7 7 7 7 7 7 6 6 6 6 6 6 6 6 6 6 6 6 6 6 6 6 
0.29 16 16 16 16 17 17 17 18 18 19 20 22 25 58 26 22 20 18 17 16 15 14 14 13 13 12 12 12 11 11 11 11 10 10 10 10 9 9 9 9 9 9 8 8 8 8 8 8 8 8 8 8 7 7 7 7 7 7 7 7 7 7 7 6 6 6 6 6 6 6 6 6 6 6 6 6 6 6 6 6 
0.3 15 15 15 16 16 16 16 17 17 18 19 20 22 25 26 22 19 18 17 16 15 14 14 13 13 12 12 12 11 11 11 10 10 10 10 10 9 9 9 9 9 9 8 8 8 8 8 8 8 8 8 7 7 7 7 7 7 7 7 7 7 7 6 6 6 6 6 6 6 6 6 6 6 6 6 6 6 6 6 6 
0.31 14 15 15 15 15 15 16 16 16 17 18 18 20 21 34 22 19 18 17 16 15 14 14 13 13 12 12 11 11 11 11 10 10 10 10 9 9 9 9 9 9 8 8 8 8 8 8 8 8 8 7 7 7 7 7 7 7 7 7 7 7 7 6 6 6 6 6 6 6 6 6 6 6 6 6 6 6 6 6 6 
