epsilon_k[0] 0.0001
epsilon_k[1] 2.18e-05
epsilon_k[2] 7.08e-05
epsilon_k[3] 2.54e-05
epsilon_k[4] 1e-05
epsilon_k[5] 7.8e-06
epsilon_k[6] 2.18e-05
omega_x0 0.168
omega_y0 0.201
dx 0.01
n_theta 100
dtheta 0.015708
epsilon 30
max_turns 10000000
from_angle 35
to_angle 40
0.549779 1e+07 1e+07 1e+07 1e+07 1e+07 1e+07 1e+07 1e+07 1e+07 1e+07 1e+07 1e+07 1e+07 1e+07 1e+07 1e+07 1e+07 1e+07 1e+07 1e+07 1e+07 1e+07 1e+07 1e+07 1e+07 1e+07 1e+07 1e+07 1e+07 1e+07 1e+07 1e+07 1e+07 1e+07 1e+07 1e+07 1e+07 1e+07 4.41254e+06 1e+07 1e+07 1e+07 8.11279e+06 3.4593e+06 1e+07 3.13604e+06 546904 968328 267925 223758 391387 613454 37148 220586 3139 4400 7175 8137 1453 2094 1229 1191 212 15198 528 372 291 320 470 183 420 162 137 258 82 47 47 40 226 29 28 29 27 123 140 24 25 21 35 19 28 661 10 9 9 8 8 8 8 8 
0.565487 1e+07 1e+07 1e+07 1e+07 1e+07 1e+07 1e+07 1e+07 1e+07 1e+07 1e+07 1e+07 1e+07 1e+07 1e+07 1e+07 1e+07 1e+07 1e+07 1e+07 1e+07 1e+07 1e+07 1e+07 1e+07 1e+07 1e+07 1e+07 1e+07 1e+07 1e+07 1e+07 1e+07 1e+07 1e+07 1e+07 1e+07 1e+07 1e+07 1e+07 4.06062e+06 5.96401e+06 2.22953e+06 1e+07 2.0766e+06 4.9074e+06 4.80271e+06 838644 6.88158e+06 4.08147e+06 207429 69850 154161 12109 49772 38813 4211 1714 7407 1272 1749 1762 3566 942 723 179 287 314 160 75 316 95 220 39 206 76 99 40 22 22 22 32 119 38 102 31 24 18 30 21 17 95 10 9 9 8 8 8 8 8 
0.581195 1e+07 1e+07 1e+07 1e+07 1e+07 1e+07 1e+07 1e+07 1e+07 1e+07 1e+07 1e+07 1e+07 1e+07 1e+07 1e+07 1e+07 1e+07 1e+07 1e+07 1e+07 1e+07 1e+07 1e+07 1e+07 1e+07 1e+07 1e+07 1e+07 1e+07 1e+07 8.72612e+06 1e+07 1e+07 1e+07 1e+07 1e+07 8.65902e+06 1e+07 1e+07 9.74238e+06 3.13072e+06 4.32246e+06 1e+07 776448 766030 2.46747e+06 1.33244e+06 225751 836378 210299 130480 44260 604698 19054 23990 12157 1532 4379 3519 2462 1104 635 470 5107 259 151 1401 302 366 319 186 117 95 179 47 28 61 36 43 44 68 27 21 85 97 35 88 18 45 59 17 64 10 9 9 8 8 8 8 
0.596903 1e+07 1e+07 1e+07 1e+07 1e+07 1e+07 1e+07 1e+07 1e+07 1e+07 1e+07 1e+07 1e+07 1e+07 1e+07 1e+07 1e+07 1e+07 1e+07 1e+07 1e+07 1e+07 1e+07 1e+07 1e+07 1e+07 1e+07 1e+07 1e+07 1e+07 1e+07 1e+07 9.98028e+06 1e+07 9.10942e+06 5.82854e+06 1e+07 5.76678e+06 2.8594e+06 1e+07 4.85581e+06 5.05681e+06 1e+07 4.40152e+06 3.74209e+06 4.21241e+06 1.42444e+06 503389 1e+07 727753 79870 70689 71383 28570 27516 10968 1768 13434 6400 485 18892 1461 1169 171 959 910 671 116 301 376 614 150 37 69 396 59 54 42 46 46 56 38 131 39 49 40 30 23 25 32 57 28 39 15 15 9 9 8 8 8 
0.612611 1e+07 1e+07 1e+07 1e+07 1e+07 1e+07 1e+07 1e+07 1e+07 1e+07 1e+07 1e+07 1e+07 1e+07 1e+07 1e+07 1e+07 1e+07 1e+07 1e+07 1e+07 1e+07 1e+07 1e+07 1e+07 1e+07 1e+07 1e+07 1e+07 1e+07 1e+07 1e+07 1e+07 1e+07 1e+07 1e+07 1e+07 1e+07 7.81275e+06 1e+07 1e+07 1e+07 8.53706e+06 3.32577e+06 2.12755e+06 638171 281082 6.22229e+06 163939 55783 145416 139956 96274 7784 41822 12155 3433 1732 2425 2180 414 946 822 1247 529 165 292 273 148 213 609 115 84 448 128 228 139 51 308 110 124 29 45 23 45 38 22 21 21 77 28 55 34 22 21 16 17 9 9 8 
