epsilon_k[0]0.1
epsilon_k[0]2.18e-05
epsilon_k[0]7.08e-05
epsilon_k[0]2.54e-05
epsilon_k[0]1e-05
epsilon_k[0]7.8e-06
epsilon_k[0]0.218
omega_x01.05558
omega_y01.26292
dx 0.01
n_theta 100
dtheta 0.00785398
epsilon 14
max_turns 10000000
from_angle 16
to_angle 24
0.125664 1e+07 712587 15324 15324 7839 3596 2509 1258 678 
0.133518 1e+07 373748 15338 15338 8343 3382 2521 1246 693 
0.141372 1e+07 289468 15342 15342 6225 3382 2569 1270 753 
0.149226 1e+07 231575 15368 15368 4654 3409 2597 1315 754 
0.15708 1e+07 329261 15342 15342 4180 3573 2786 1437 756 
0.164934 1e+07 633801 15476 15476 3919 3770 3061 1704 789 
0.172788 1e+07 171425 15537 15537 3764 3764 3276 1693 845 
0.180642 1e+07 282940 15537 15537 3686 3686 3281 2573 784 
