epsilon_k[0] 0.0001
epsilon_k[1] 2.18e-05
epsilon_k[2] 7.08e-05
epsilon_k[3] 2.54e-05
epsilon_k[4] 1e-05
epsilon_k[5] 7.8e-06
epsilon_k[6] 2.18e-05
omega_x0 0.168
omega_y0 0.201
dx 0.01
n_theta 100
dtheta 0.015708
epsilon 2
max_turns 10000000
from_angle 55
to_angle 60
0.863938 1e+07 1e+07 1e+07 1e+07 1e+07 1e+07 1e+07 1e+07 1e+07 1e+07 1e+07 1e+07 1e+07 1e+07 1e+07 1e+07 1e+07 1e+07 1e+07 1e+07 1e+07 1e+07 1e+07 1e+07 1e+07 1e+07 1e+07 1e+07 1e+07 1e+07 1e+07 1e+07 1e+07 1e+07 1e+07 1e+07 1e+07 1e+07 3.46238e+06 4.84213e+06 5.49746e+06 4.57445e+06 6.03134e+06 8.80173e+06 1.27627e+06 786569 93070 158191 18315 13060 15435 1063 1552 1682 204 254 343 615 362 185 83 85 56 19 18 18 18 17 18 43 45 22 28 61 21 15 20 13 12 12 17 58 15 15 15 20 12 14 11 12 10 8 8 7 7 7 7 7 6 6 
0.879646 1e+07 1e+07 1e+07 1e+07 1e+07 1e+07 1e+07 1e+07 1e+07 1e+07 1e+07 1e+07 1e+07 1e+07 1e+07 1e+07 1e+07 1e+07 1e+07 1e+07 1e+07 1e+07 1e+07 1e+07 1e+07 1e+07 1e+07 1e+07 1e+07 1e+07 1e+07 1e+07 1e+07 1e+07 1e+07 1e+07 1e+07 1e+07 1e+07 1e+07 7.16995e+06 1.4665e+06 1.63703e+06 1.25087e+06 851714 1e+07 106051 152175 18721 20297 3790 1595 2749 4943 926 3982 255 163 239 480 51 1002 255 117 70 62 27 52 126 112 76 40 48 16 34 13 13 13 27 20 26 16 17 13 15 12 14 11 9 8 7 7 7 7 7 6 6 6 6 6 
0.895354 1e+07 1e+07 1e+07 1e+07 1e+07 1e+07 1e+07 1e+07 1e+07 1e+07 1e+07 1e+07 1e+07 1e+07 1e+07 1e+07 1e+07 1e+07 1e+07 1e+07 1e+07 1e+07 1e+07 1e+07 1e+07 1e+07 1e+07 1e+07 1e+07 1e+07 1e+07 1e+07 1e+07 1e+07 1e+07 1e+07 1e+07 1e+07 1e+07 1e+07 710689 2.6382e+06 1.2869e+06 3.80233e+06 731505 611032 1.01932e+06 190077 10053 5091 9845 9600 470 1491 1125 1756 119 542 598 129 46 43 30 148 31 120 64 34 33 49 36 16 18 15 13 14 29 66 50 19 17 13 15 12 16 10 8 8 7 7 7 7 6 6 6 6 6 6 6 6 
0.911062 1e+07 1e+07 1e+07 1e+07 1e+07 1e+07 1e+07 1e+07 1e+07 1e+07 1e+07 1e+07 1e+07 1e+07 1e+07 1e+07 1e+07 1e+07 1e+07 1e+07 1e+07 1e+07 1e+07 1e+07 1e+07 1e+07 1e+07 1e+07 1e+07 1e+07 1e+07 1e+07 1e+07 1e+07 1e+07 1e+07 1e+07 1e+07 1e+07 1e+07 1e+07 1.14239e+06 4.24581e+06 364023 2.36003e+06 272641 70167 69340 73505 22185 8557 2867 3166 1450 2542 3913 400 1037 400 140 161 91 76 51 10561 55 87 246 44 16 30 49 15 14 59 32 56 20 30 13 23 14 21 9 8 8 7 7 7 7 6 6 6 6 6 6 6 6 6 6 
0.92677 1e+07 1e+07 1e+07 1e+07 1e+07 1e+07 1e+07 1e+07 1e+07 1e+07 1e+07 1e+07 1e+07 1e+07 1e+07 1e+07 1e+07 1e+07 1e+07 1e+07 1e+07 1e+07 1e+07 1e+07 1e+07 1e+07 1e+07 1e+07 1e+07 1e+07 1e+07 1e+07 1e+07 1e+07 1e+07 1e+07 1e+07 1e+07 1e+07 1e+07 1e+07 1.13211e+06 817508 371540 2.4445e+06 831125 1.23914e+06 11809 11772 6198 13609 7980 6699 3126 949 1406 303 92 379 57 90 56 38 67 63 36 102 55 16 45 90 23 25 34 34 41 41 14 18 17 27 10 8 8 7 7 7 7 7 6 6 6 6 6 6 6 6 6 6 6 
