epsilon_k[0] 0.0001
epsilon_k[1] 2.18e-05
epsilon_k[2] 7.08e-05
epsilon_k[3] 2.54e-05
epsilon_k[4] 1e-05
epsilon_k[5] 7.8e-06
epsilon_k[6] 2.18e-05
omega_x0 0.168
omega_y0 0.201
dx 0.01
n_theta 100
dtheta 0.015708
epsilon 4
max_turns 10000000
from_angle 25
to_angle 30
0.392699 1e+07 1e+07 1e+07 1e+07 1e+07 1e+07 1e+07 1e+07 1e+07 1e+07 1e+07 1e+07 1e+07 1e+07 1e+07 1e+07 1e+07 1e+07 1e+07 1e+07 1e+07 1e+07 1e+07 1e+07 1e+07 1e+07 1e+07 1e+07 1e+07 1e+07 1e+07 1e+07 1e+07 1e+07 1e+07 1e+07 1e+07 1e+07 1e+07 1e+07 1e+07 1e+07 1e+07 1e+07 1e+07 1e+07 1e+07 1e+07 1e+07 2.11516e+06 415672 2.27196e+06 7.43135e+06 110653 78208 4217 16429 15021 3089 19833 736 6065 1752 3059 1516 3630 1637 2742 913 107 101 226 52 48 60 33 209 1237 88 207 150 179 76 27 13 12 12 12 12 15 20 77 46 59 75 44 42 43 33 16 
0.408407 1e+07 1e+07 1e+07 1e+07 1e+07 1e+07 1e+07 1e+07 1e+07 1e+07 1e+07 1e+07 1e+07 1e+07 1e+07 1e+07 1e+07 1e+07 1e+07 1e+07 1e+07 1e+07 1e+07 1e+07 1e+07 1e+07 1e+07 1e+07 1e+07 1e+07 1e+07 1e+07 1e+07 1e+07 1e+07 1e+07 1e+07 1e+07 1e+07 1e+07 1e+07 1e+07 1e+07 1e+07 1e+07 1e+07 1e+07 1e+07 9.98573e+06 1.79332e+06 313845 158249 46727 106434 21193 62402 7661 6128 9224 3241 1060 4594 3085 1090 305 580 210 225 335 88 1225 501 275 215 111 242 92 99 28 26 78 242 113 57 33 63 13 12 12 12 12 12 23 68 18 40 24 170 16 22 
0.424115 1e+07 1e+07 1e+07 1e+07 1e+07 1e+07 1e+07 1e+07 1e+07 1e+07 1e+07 1e+07 1e+07 1e+07 1e+07 1e+07 1e+07 1e+07 1e+07 1e+07 1e+07 1e+07 1e+07 1e+07 1e+07 1e+07 1e+07 1e+07 1e+07 1e+07 1e+07 1e+07 1e+07 1e+07 1e+07 1e+07 1e+07 1e+07 1e+07 1e+07 1e+07 1e+07 1e+07 1e+07 1e+07 1e+07 1e+07 1e+07 1e+07 3.53959e+06 3.1488e+06 1.07828e+06 64928 79357 859139 7794 13180 7937 2185 1559 1301 771 1042 2769 1100 542 591 201 415 46 160 94 124 53 275 39 31 251 26 97 378 20 19 175 142 181 20 125 13 12 11 11 11 11 12 13 180 18 178 34 
0.439823 1e+07 1e+07 1e+07 1e+07 1e+07 1e+07 1e+07 1e+07 1e+07 1e+07 1e+07 1e+07 1e+07 1e+07 1e+07 1e+07 1e+07 1e+07 1e+07 1e+07 1e+07 1e+07 1e+07 1e+07 1e+07 1e+07 1e+07 1e+07 1e+07 1e+07 1e+07 1e+07 1e+07 1e+07 1e+07 1e+07 1e+07 1e+07 1e+07 1e+07 1e+07 1e+07 1e+07 1e+07 1e+07 1e+07 1e+07 1e+07 7.54059e+06 1.10085e+06 1.52002e+06 635017 427695 489134 33330 35259 19197 2900 11153 11328 3982 2232 649 1653 550 1393 334 578 146 665 297 179 64 147 365 113 297 227 225 368 83 96 100 68 49 18 110 67 58 26 43 12 11 11 11 11 11 11 11 12 
0.455531 1e+07 1e+07 1e+07 1e+07 1e+07 1e+07 1e+07 1e+07 1e+07 1e+07 1e+07 1e+07 1e+07 1e+07 1e+07 1e+07 1e+07 1e+07 1e+07 1e+07 1e+07 1e+07 1e+07 1e+07 1e+07 1e+07 1e+07 1e+07 1e+07 1e+07 1e+07 1e+07 1e+07 1e+07 1e+07 1e+07 1e+07 1e+07 1e+07 1e+07 1e+07 1e+07 1e+07 1e+07 1e+07 1e+07 1e+07 1e+07 5.83413e+06 9.37153e+06 2.55442e+06 177018 127506 60750 66718 11909 11898 6065 1767 2598 2271 1252 2105 751 3494 436 895 87 35 114 1773 216 244 617 37 271 55 92 69 452 146 191 36 27 32 46 25 120 40 28 17 38 26 21 12 11 11 10 10 10 
