epsilon_k[0] 0.0001
epsilon_k[1] 2.18e-05
epsilon_k[2] 7.08e-05
epsilon_k[3] 2.54e-05
epsilon_k[4] 1e-05
epsilon_k[5] 7.8e-06
epsilon_k[6] 2.18e-05
omega_x0 0.168
omega_y0 0.201
dx 0.01
n_theta 100
dtheta 0.015708
epsilon 20
max_turns 10000000
from_angle 40
to_angle 45
0.628319 1e+07 1e+07 1e+07 1e+07 1e+07 1e+07 1e+07 1e+07 1e+07 1e+07 1e+07 1e+07 1e+07 1e+07 1e+07 1e+07 1e+07 1e+07 1e+07 1e+07 1e+07 1e+07 1e+07 1e+07 1e+07 1e+07 1e+07 1e+07 1e+07 1e+07 1e+07 1e+07 1e+07 1e+07 1e+07 1e+07 1e+07 1e+07 1e+07 1e+07 1e+07 7.16545e+06 4.54363e+06 1.61528e+06 6.36414e+06 2.46916e+06 801252 456657 267170 227163 137775 94485 4942 6464 31198 18610 4758 2333 5158 2696 344 313 211 4663 539 190 254 50 107 155 83 419 168 309 143 211 142 319 46 71 143 91 37 73 37 39 16 16 16 16 24 22 22 17 21 26 14 44 23 10 
0.644026 1e+07 1e+07 1e+07 1e+07 1e+07 1e+07 1e+07 1e+07 1e+07 1e+07 1e+07 1e+07 1e+07 1e+07 1e+07 1e+07 1e+07 1e+07 1e+07 1e+07 1e+07 1e+07 1e+07 1e+07 1e+07 1e+07 1e+07 1e+07 1e+07 1e+07 1e+07 1e+07 1e+07 1e+07 1e+07 1e+07 1e+07 6.87948e+06 3.80129e+06 1e+07 1e+07 1e+07 1e+07 3.32512e+06 1.16898e+06 559759 757366 313951 688652 82224 36601 15647 7266 2938 5754 5770 2146 2234 887 866 2872 8930 477 4019 1102 814 1184 135 1401 142 328 440 74 175 69 89 76 140 77 33 167 74 63 27 620 27 21 150 16 15 18 22 20 15 16 16 14 14 15 12 
0.659734 1e+07 1e+07 1e+07 1e+07 1e+07 1e+07 1e+07 1e+07 1e+07 1e+07 1e+07 1e+07 1e+07 1e+07 1e+07 1e+07 1e+07 1e+07 1e+07 1e+07 1e+07 1e+07 1e+07 1e+07 1e+07 1e+07 1e+07 1e+07 1e+07 1e+07 1e+07 1e+07 1e+07 1e+07 1e+07 1e+07 1e+07 1e+07 1e+07 1e+07 1e+07 5.23888e+06 6.83375e+06 1.39548e+06 1e+07 1.24512e+06 1.56905e+06 1e+07 421684 86477 113830 102926 44816 9834 6723 4037 5563 6726 829 2083 183 246 265 172 264 524 162 163 123 64 421 170 103 74 524 60 174 108 53 234 211 40 22 39 41 24 21 28 21 61 29 15 15 20 17 25 13 13 20 14 
0.675442 1e+07 1e+07 1e+07 1e+07 1e+07 1e+07 1e+07 1e+07 1e+07 1e+07 1e+07 1e+07 1e+07 1e+07 1e+07 1e+07 1e+07 1e+07 1e+07 1e+07 1e+07 1e+07 1e+07 1e+07 1e+07 1e+07 1e+07 1e+07 1e+07 1e+07 1e+07 1e+07 1e+07 1e+07 1e+07 1e+07 1e+07 1e+07 1e+07 1e+07 2.63336e+06 8.27415e+06 1e+07 9.16643e+06 1.47353e+06 3.262e+06 1e+07 677327 151693 50884 71889 14473 3933 8618 4667 4283 2583 408 2710 39881 344 469 1722 439 280 1421 134 296 305 114 127 210 20 18 18 18 18 36 28 57 27 21 42 23 16 13 13 13 12 12 12 13 20 20 15 17 14 15 19 12 
0.69115 1e+07 1e+07 1e+07 1e+07 1e+07 1e+07 1e+07 1e+07 1e+07 1e+07 1e+07 1e+07 1e+07 1e+07 1e+07 1e+07 1e+07 1e+07 1e+07 1e+07 1e+07 1e+07 1e+07 1e+07 1e+07 1e+07 1e+07 1e+07 1e+07 1e+07 1e+07 1e+07 1e+07 1e+07 1e+07 1e+07 1e+07 1e+07 1e+07 3.74167e+06 1e+07 2.62395e+06 1e+07 1.33152e+06 418298 376811 255655 387719 148841 63641 117391 7912 83467 7925 6550 1170 1649 2491 1803 380 2501 229 305 729 53 213 98 39 112 594 45 32 41 88 89 72 41 41 55 38 22 22 22 28 27 36 20 18 18 15 14 15 15 13 12 12 11 11 11 12 
