epsilon_k[0]0.1
epsilon_k[0]2.18e-05
epsilon_k[0]7.08e-05
epsilon_k[0]2.54e-05
epsilon_k[0]1e-05
epsilon_k[0]7.8e-06
epsilon_k[0]0.218
omega_x01.94779
omega_y02.01062
dx 0.01
n_theta 100
dtheta 0.00785398
epsilon 4
max_turns 10000000
from_angle 96
to_angle 101
0.753982 1e+07 3.23064e+06 15578 15578 8358 1668 1287 1287 1287 477 
0.761836 1e+07 2.83591e+06 15542 15542 9084 1739 1278 1202 675 
0.76969 1e+07 2.40972e+06 52781 16249 14690 1773 1251 1251 626 
0.777544 1e+07 4.49719e+06 16106 16106 11697 2080 1211 1211 602 
0.785398 1e+07 1e+07 16027 16027 5765 1625 1208 1208 560 
0.793252 1e+07 1e+07 18122 18122 4867 1468 1206 1190 557 
