epsilon_k[0]0.1
epsilon_k[0]2.18e-05
epsilon_k[0]7.08e-05
epsilon_k[0]2.54e-05
epsilon_k[0]1e-05
epsilon_k[0]7.8e-06
epsilon_k[0]0.218
omega_x01.05558
omega_y01.26292
dx 0.01
n_theta 100
dtheta 0.00785398
epsilon 10
max_turns 10000000
from_angle 40
to_angle 48
0.314159 1e+07 79963 4763 4763 4763 2015 1916 1916 1916 766 
0.322013 1e+07 100816 4767 4767 4542 2050 1884 1884 1733 764 
0.329867 1e+07 75695 4766 4766 4766 2125 1842 1842 1669 764 
0.337721 1e+07 113542 4764 4764 4764 2142 1715 1715 1715 768 
0.345575 1e+07 181028 4763 4763 4763 2122 1596 1596 1327 775 
0.353429 1e+07 133199 4764 4764 3596 2138 1555 1555 1255 797 
0.361283 1e+07 180981 4764 4005 3393 2330 1552 1552 1287 800 
0.369137 1e+07 117174 4768 3933 3030 2679 1552 1552 1552 804 
