epsilon_k[0]0.1
epsilon_k[0]2.18e-05
epsilon_k[0]7.08e-05
epsilon_k[0]2.54e-05
epsilon_k[0]1e-05
epsilon_k[0]7.8e-06
epsilon_k[0]0.218
omega_x01.94779
omega_y02.01062
dx 0.01
n_theta 100
dtheta 0.00785398
epsilon 8
max_turns 10000000
from_angle 88
to_angle 96
0.69115 1e+07 23310 7718 3560 1022 732 
0.699004 1e+07 29730 8495 3613 990 
0.706858 1e+07 127062 11678 3858 969 
0.714712 1e+07 121799 11018 3446 955 
0.722566 1e+07 35409 10999 3431 958 
0.73042 1e+07 80881 11099 3501 950 
0.738274 1e+07 83045 11036 3595 955 
0.746128 1e+07 57049 10986 3339 982 
0.753982 1e+07 45150 11394 3337 956 
