epsilon_k[0] 0.0001
epsilon_k[1] 2.18e-05
epsilon_k[2] 7.08e-05
epsilon_k[3] 2.54e-05
epsilon_k[4] 1e-05
epsilon_k[5] 7.8e-06
epsilon_k[6] 2.18e-05
omega_x0 0.168
omega_y0 0.201
dx 0.01
n_theta 100
dtheta 0.015708
epsilon 28
max_turns 10000000
from_angle 35
to_angle 40
0.549779 1e+07 1e+07 1e+07 1e+07 1e+07 1e+07 1e+07 1e+07 1e+07 1e+07 1e+07 1e+07 1e+07 1e+07 1e+07 1e+07 1e+07 1e+07 1e+07 1e+07 1e+07 1e+07 1e+07 1e+07 1e+07 1e+07 1e+07 1e+07 1e+07 1e+07 1e+07 1e+07 1e+07 1e+07 1e+07 1e+07 9.41104e+06 1e+07 1e+07 1e+07 1e+07 5.09495e+06 1e+07 1e+07 7.97235e+06 1.40884e+06 775130 3.75262e+06 472793 578680 1e+07 281486 137385 27647 18316 31816 3870 2099 14579 1469 957 550 3296 4078 748 260 387 171 158 275 100 111 58 275 913 47 35 43 207 62 28 75 28 49 45 26 27 36 42 19 23 24 10 9 9 8 8 8 8 8 
0.565487 1e+07 1e+07 1e+07 1e+07 1e+07 1e+07 1e+07 1e+07 1e+07 1e+07 1e+07 1e+07 1e+07 1e+07 1e+07 1e+07 1e+07 1e+07 1e+07 1e+07 1e+07 1e+07 1e+07 1e+07 1e+07 1e+07 1e+07 1e+07 1e+07 1e+07 1e+07 1e+07 1e+07 1e+07 1e+07 1e+07 1e+07 7.5141e+06 1e+07 1e+07 9.98293e+06 1e+07 7.63949e+06 4.39263e+06 8.04313e+06 3.27862e+06 929931 1e+07 3.33411e+06 307419 596279 55353 60450 95017 6475 9790 19241 7386 1426 8505 2145 576 385 2689 2421 259 155 140 3909 114 224 95 1039 39 284 40 38 72 22 22 22 184 46 35 32 82 24 18 37 20 17 43 10 9 9 8 8 8 8 8 
0.581195 1e+07 1e+07 1e+07 1e+07 1e+07 1e+07 1e+07 1e+07 1e+07 1e+07 1e+07 1e+07 1e+07 1e+07 1e+07 1e+07 1e+07 1e+07 1e+07 1e+07 1e+07 1e+07 1e+07 1e+07 1e+07 1e+07 1e+07 1e+07 1e+07 1e+07 1e+07 1e+07 1e+07 1e+07 1e+07 1e+07 1e+07 1e+07 1e+07 1e+07 1e+07 1e+07 3.56535e+06 1e+07 4.56074e+06 1.4387e+06 1.68968e+06 2.53424e+06 370503 359147 170725 130305 69437 16060 14170 2658 6769 1556 2936 3598 7772 637 406 554 415 297 133 275 146 235 235 141 196 106 85 59 29 159 28 61 39 37 73 21 46 48 29 28 18 32 30 17 44 10 9 9 8 8 8 8 
0.596903 1e+07 1e+07 1e+07 1e+07 1e+07 1e+07 1e+07 1e+07 1e+07 1e+07 1e+07 1e+07 1e+07 1e+07 1e+07 1e+07 1e+07 1e+07 1e+07 1e+07 1e+07 1e+07 1e+07 1e+07 1e+07 1e+07 1e+07 1e+07 1e+07 1e+07 1e+07 1e+07 1e+07 1e+07 1e+07 1e+07 1e+07 1e+07 4.01102e+06 1e+07 1e+07 1e+07 1e+07 4.49204e+06 3.0579e+06 2.22596e+06 2.7651e+06 870761 207842 76419 266573 48322 39268 25591 15506 6207 32998 1829 780 2239 1476 2740 8944 256 789 794 2688 198 303 193 161 108 36 108 39 100 59 267 41 207 39 78 51 41 32 47 26 22 28 87 31 21 34 15 12 9 9 8 8 8 
0.612611 1e+07 1e+07 1e+07 1e+07 1e+07 1e+07 1e+07 1e+07 1e+07 1e+07 1e+07 1e+07 1e+07 1e+07 1e+07 1e+07 1e+07 1e+07 1e+07 1e+07 1e+07 1e+07 1e+07 1e+07 1e+07 1e+07 1e+07 1e+07 1e+07 1e+07 1e+07 1e+07 1e+07 1e+07 1e+07 1e+07 1e+07 3.81571e+06 9.9989e+06 1e+07 1e+07 8.75407e+06 1.59622e+06 7.04301e+06 6.19745e+06 644278 931058 8.14474e+06 1e+07 1.19144e+06 439310 31009 11382 46996 65777 17921 4713 2851 1294 2796 354 4079 663 288 716 512 381 3909 630 115 864 292 266 169 125 49 69 278 223 152 75 28 62 22 26 44 22 20 22 24 23 44 33 21 21 15 25 9 9 8 
