epsilon_k[0]0.1
epsilon_k[0]2.18e-05
epsilon_k[0]7.08e-05
epsilon_k[0]2.54e-05
epsilon_k[0]1e-05
epsilon_k[0]7.8e-06
epsilon_k[0]0.218
omega_x01.75929
omega_y01.94779
dx 0.01
n_theta 100
dtheta 0.00785398
epsilon 16
max_turns 10000000
from_angle 80
to_angle 88
0.628319 1e+07 277833 2841 1961 1233 933 
0.636173 1e+07 1.31129e+06 2807 1962 1236 935 
0.644026 1e+07 1.33303e+06 2804 1965 1432 937 
0.65188 1e+07 357983 2828 1972 1327 937 
0.659734 1e+07 363964 2886 1979 1359 937 
0.667588 1e+07 7.14176e+06 2763 1979 1292 939 
0.675442 1e+07 675082 2742 1985 1294 939 
0.683296 1e+07 876925 2734 2016 1292 941 
0.69115 1e+07 1.90533e+06 2728 2055 1457 942 
