epsilon_k[0] 0.0001
epsilon_k[1] 2.18e-05
epsilon_k[2] 7.08e-05
epsilon_k[3] 2.54e-05
epsilon_k[4] 1e-05
epsilon_k[5] 7.8e-06
epsilon_k[6] 2.18e-05
omega_x0 0.168
omega_y0 0.201
dx 0.01
epsilon 64
max_turns 10000000
from_y 32
to_y 40
0.32 1e+07 1e+07 1e+07 1e+07 1e+07 1e+07 5.4614e+06 1.43375e+06 2.99075e+06 397820 1.64853e+06 1.28151e+06 500997 89624 4.75864e+06 263337 339508 3.03502e+06 158699 269205 269203 134161 687754 68350 144724 13531 94035 26407 56095 30455 17626 18894 240846 48857 13188 567573 12689 7096 18274 24869 201367 9664 12738 11940 3853 24533 1894 41116 2209 8407 1061 1949 1467 408 453 18129 2169 2724 289 713 305 175 285 67 39 105 31 31 39 306 69 45 128 18 24 34 43 94 14 12 
0.33 1e+07 1e+07 1e+07 1e+07 1e+07 1e+07 2.69647e+06 3.82151e+06 804399 1.37865e+06 217106 1.09156e+06 2.73115e+06 455815 321824 609490 2.33395e+06 274084 118420 45229 195559 34286 52296 38710 109179 62817 41686 23305 36159 32268 15663 19240 11867 18771 192851 9833 10955 43924 7199 9301 3058 6151 50942 52317 1284 12382 2011 3176 3938 20106 3131 280 809 2103 466 1401 6760 612 1310 351 1124 71 91 565 90 165 102 280 143 71 52 175 40 24 18 23 34 18 40 12 
0.34 1e+07 1e+07 1e+07 1e+07 1e+07 1e+07 1e+07 6.23926e+06 3.59164e+06 441131 3.60991e+06 329977 313832 57716 80852 481758 67199 77518 59257 197436 73770 27075 35842 11692 40788 10957 7419 17321 44230 6266 36197 16937 5386 22084 42644 10783 37114 7287 152311 18630 1667 2075 5694 1568 17192 27948 3997 1077 1317 3172 419 133 2162 503 575 6853 2047 305 776 237 8532 182 65 248 147 184 112 130 46 249 158 195 372 123 45 18 40 40 25 16 
0.35 1e+07 1e+07 1e+07 1e+07 4.41706e+06 2.49938e+06 1.81447e+06 1.35007e+06 547409 530479 903453 263984 224778 320540 46143 206674 29230 43273 24406 134424 17741 117548 16495 55027 17999 450121 5959 51795 16062 26549 14963 3633 45814 22761 2854 6853 7632 3917 796 2509 100751 2150 9731 6079 5765 4532 2077 1641 16609 3911 1536 7359 1984 10964 1522 378 480 1674 486 148 316 96 77 484 523 31 68 42 100 68 67 40 91 32 92 48 20 31 65 89 
0.36 9.66656e+06 1e+07 1e+07 1e+07 3.13657e+06 3.16847e+06 920514 408973 1.41336e+06 339548 471383 330889 49659 74803 48929 32230 5096 32758 69502 19921 10527 23665 4678 12776 8834 3143 14978 7506 15460 6443 13081 9967 1310 128956 14049 4208 15011 1709 1682 33437 1795 2371 4450 1773 2305 3777 813 1799 1389 391 6728 3111 114 373 3779 310 293 330 295 252 1888 311 151 191 52 75 36 30 54 25 86 184 151 403 33 60 100 26 80 53 
0.37 1e+07 1e+07 1e+07 5.1187e+06 9.24911e+06 635784 292308 564829 225534 246574 452903 118433 370282 67714 66687 13460 29979 13463 8372 12272 31440 10796 15584 32042 6173 21399 11359 9949 12778 8840 1198 2201 10281 1135 6097 3626 4479 4623 759 1151 2692 2864 4368 1680 1598 1702 2527 187 1301 788 327 242 280 3787 357 245 695 661 158 196 106 474 199 834 94 43 113 45 53 49 45 36 24 60 60 24 80 25 22 28 
0.38 7.05092e+06 5.37899e+06 1.46458e+06 4.00029e+06 1.35353e+06 470923 4.52422e+06 502717 110840 395917 64299 81671 92423 54095 68413 9711 7483 1794 6672 5256 3056 4583 10655 26641 5735 3452 16548 9946 3821 54821 8742 7346 2974 16150 1153 1628 4459 1228 4308 3520 3432 1114 435 293 181 629 793 468 203 238 622 570 69 350 255 259 1555 268 180 147 74 121 259 195 70 110 48 69 44 120 36 106 93 42 37 30 57 27 15 38 
0.39 1.21377e+06 987859 1.80256e+06 4.45844e+06 674168 6.80879e+06 1.25536e+06 527150 99192 963662 107200 270607 140664 231386 290897 133758 6348 7015 5685 16303 6560 38865 3983 20967 70465 10260 2709 6319 21782 9940 15340 48397 50681 2875 1235 1219 7316 6250 6092 1638 14065 577 609 1118 1019 577 6015 1184 592 203 51 115 170 168 207 153 88 163 183 200 333 85 125 32 163 228 73 213 291 61 156 215 221 159 55 37 39 51 72 14 
