epsilon_k[0] 0.0001
epsilon_k[1] 2.18e-05
epsilon_k[2] 7.08e-05
epsilon_k[3] 2.54e-05
epsilon_k[4] 1e-05
epsilon_k[5] 7.8e-06
epsilon_k[6] 2.18e-05
omega_x0 0.168
omega_y0 0.201
dx 0.001
epsilon 8
max_turns 10000000
from_y 640
to_y 720
0.64 230 1671 155 669 346 547 396 494 355 1222 473 1165 1051 2059 583 486 274 109 225 269 121 198 1098 742 279 258 136 92 133 163 114 393 408 94 189 3117 65 261 451 179 164 173 74 204 224 163 127 101 110 67 119 114 99 267 115 139 160 82 64 52 316 55 157 96 173 156 154 329 192 151 71 114 141 92 133 676 125 219 144 176 
0.641 159 1065 638 255 398 132 233 334 712 224 1038 278 362 841 3585 271 307 238 247 630 418 235 297 1108 174 100 841 132 132 706 1356 1419 234 309 360 257 233 65 103 214 535 235 134 82 235 279 154 98 164 111 86 340 167 101 198 224 83 519 80 92 62 275 394 150 82 423 217 245 195 327 126 167 212 123 149 261 251 137 166 126 
0.642 1151 220 167 123 837 395 188 351 379 275 718 3885 377 3076 276 195 702 332 4606 240 471 212 25450 333 138 272 655 122 88 125 108 4733 101 62 56 159 335 169 92 205 373 838 181 112 229 333 188 185 253 89 95 174 220 171 102 98 199 70 163 57 134 197 44 308 61 94 208 335 178 430 110 90 123 70 133 272 224 151 233 131 
0.643 405 962 975 319 462 292 267 194 211 1031 358 3812 385 584 442 286 319 389 175 423 215 234 281 434 113 190 208 114 120 118 1964 210 1006 99 246 465 54 281 62 66 90 299 105 184 132 365 136 220 112 168 206 74 65 260 119 208 480 79 97 52 79 47 85 209 220 60 280 205 114 267 119 307 137 74 584 205 249 178 59 83 
0.644 756 277 280 272 109 706 194 371 149 296 233 347 747 251 255 1134 853 288 565 394 598 129 556 391 116 1390 530 89 135 246 99 392 87 249 78 2705 1662 82 97 219 228 234 542 548 1975 92 292 195 81 215 500 197 75 77 220 255 112 89 63 82 141 55 48 45 218 87 103 89 300 158 136 392 100 75 64 276 901 278 171 104 
0.645 138 661 420 277 233 267 267 261 564 240 7372 404 664 918 663 474 178 438 287 184 549 189 544 1117 80 147 115 153 178 348 158 164 804 205 484 234 354 461 693 117 74 619 35473 422 78 154 424 168 222 98 92 136 124 285 145 155 88 135 133 149 61 71 47 39 109 191 98 83 114 160 123 158 119 2205 348 194 75 318 71 101 
0.646 300 133 541 229 252 850 429 211 228 604 339 359 315 252 3913 218 276 633 793 125 635 106 190 379 85 932 174 165 133 126 179 219 186 380 306 91 108 211 53 90 263 115 176 494 143 81 339 203 261 93 263 153 94 124 168 91 155 145 78 79 167 156 178 82 66 140 73 156 147 631 114 356 79 119 127 366 562 127 86 432 
0.647 260 254 175 117 189 145 363 234 189 327 230 333 1462 244 557 1920 351 1371 1126 156 156 263 207 180 177 160 101 218 126 159 153 182 150 881 1106 218 85 229 140 387 53 114 78 152 449 303 234 88 732 106 85 345 150 120 124 88 242 87 90 444 51 65 445 155 38 159 105 284 212 215 85 191 66 671 160 113 129 393 136 141 
0.648 130 358 126 274 137 116 124 157 1553 297 444 4773 332 1294 372 430 721 821 436 835 162 523 710 168 430 285 409 118 108 303 214 79 78 120 101 96 218 1249 71 129 264 53 59 91 2048 158 148 100 266 545 833 277 351 190 147 163 77 107 192 67 60 83 46 734 91 58 67 159 206 232 115 62 114 169 248 114 91 349 130 145 
0.649 146 133 204 1238 159 297 97 207 101 343 853 278 224 132 425 963 187 747 209 232 1462 557 456 304 312 98 390 848 182 185 66 161 175 69 155 240 129 227 123 94 132 128 202 185 96 99 203 238 409 315 264 99 204 68 174 137 275 151 65 126 66 1035 48 120 162 59 53 95 116 269 353 71 238 90 103 60 57 191 261 203 
0.65 261 324 174 744 157 340 217 150 225 124 199 392 254 123 459 171 167 576 566 559 711 327 131 394 232 475 148 187 175 74 171 222 196 333 446 183 155 264 120 233 55 186 53 73 501 219 383 175 107 231 421 105 105 140 189 193 146 74 209 85 69 561 46 167 61 73 51 61 124 169 592 158 360 215 376 82 53 117 276 65 
0.651 288 299 129 675 202 599 297 239 101 92 266 224 216 401 393 184 305 492 612 659 1740 769 119 530 352 1264 244 251 1666 188 274 109 138 303 92 159 164 2260 132 120 162 80 388 233 107 213 485 82 199 84 128 226 89 144 147 129 210 112 136 71 89 86 52 148 40 118 43 184 100 336 373 143 95 79 109 84 187 194 64 163 
0.652 144 255 155 334 567 121 164 630 122 116 779 254 98 808 372 191 322 302 424 906 915 436 669 289 1088 355 314 270 785 496 128 1150 86 121 95 303 280 578 234 66 192 501 106 158 333 52 71 167 240 92 224 130 207 95 233 437 302 111 121 63 102 59 259 45 39 39 40 175 97 340 139 382 1415 123 193 49 36 235 252 164 
0.653 107 188 512 257 243 329 156 186 145 193 173 199 147 140 399 223 177 1727 237 2277 3004 2055 655 95 277 129 4905 123 118 598 234 124 432 108 147 202 134 211 158 104 121 143 279 465 64 196 59 162 98 98 225 155 693 174 134 79 65 257 148 316 257 158 53 386 343 52 148 100 267 64 193 76 285 139 144 184 35 187 213 64 
0.654 757 691 327 296 140 307 86 94 157 206 129 229 213 227 132 178 360 229 1917 939 9189 315 137 295 119 1143 322 91 194 108 130077 85 214 200 165 142 156 347 362 479 396 163 189 176 110 53 63 76 194 72 386 1013 229 112 926 61 131 98 141 114 80 105 84 66 69 42 39 57 100 116 78 489 414 48 194 52 35 126 679 160 
0.655 93 213 510 291 321 580 498 187 248 186 173 101 180 214 132 117 130 225 127 268 387 619 301 668 601 138 421 229 616 189 1880 242 159 227 224 442 268 166 153 672 508 125 300 380 165 270 618 74 976 114 243 506 317 123 176 2042 68 75 134 78 120 70 100 70 79 39 156 131 83 101 96 128 590 198 512 328 35 82 150 67 
0.656 506 121 186 328 1432 209 329 126 237 85 169 86 160 326 138 324 84 85 399 182 231 320 239 155 167 220 475 147 116 95 567 7310 212 278 245 362 278 318 129 229 385 315 171 723 146 71 157 104 249 59 237 107 300 272 224 160 104 136 48 129 179 91 124 51 127 246 35 60 418 113 92 168 225 99 61 346 35 67 133 131 
0.657 204 181 349 133 895 82 118 331 345 147 98 166 86 566 120 357 717 230 86 292 109 173 204 756 312 1001 245 433 304 133 135 411 129 164 188 186 166 550 296 186 203 367 972 639 1275 193 138 367 247 177 174 107 210 493 547 158 207 122 49 60 62 74 223 135 49 39 33 55 45 114 94 118 334 50 123 13431 68 36 121 133 
0.658 203 115 108 159 87 142 570 280 353 381 147 94 130 121 162 104 233 159 244 152 78 126 86 296 533 205 288 131 465 361 82 67 255 132 230 614 675 199 271 164 177 299 514 353 2111 301 180 228 143 198 214 60 90 169 216 76 287 376 77 88 84 86 376 51 127 66 33 34 145 77 86 80 64 58 151 104 152 36 733 120 
0.659 193 190 104 111 135 142 127 89 132 197 146 94 86 147 197 306 99 86 111 212 181 214 195 230 503 343 217 93 170 158 213 123 85 383 290 318 440 248 192 261 321 230 332 690 395 162 495 105 232 125 240 81 359 93 532 185 122 127 267 55 165 65 464 68 92 106 35 32 40 53 65 251 309 126 446 96 68 55 158 127 
0.66 286 191 71 96 866 73 87 215 153 177 202 145 85 108 174 99 93 150 161 189 112 351 275 333 178 109 92 162 139 263 732 4768 204 107 966 151 680 424 348 300 132 540 246 719 268 288 293 129 116 145 106 293 148 145 98 250 101 105 75 102 124 101 72 10167 53 251 64 32 72 83 75 754 155 171 429 130 41 190 204 91 
0.661 269 355 177 65 116 119 147 281 77 178 211 2907 112 192 129 200 116 92 232 92 236 130 86 96 233 284 213 1438 327 399 218 150 164 207 268 587 236 213 923 239 263 104 482 395 216 391 705 250 310 171 60 139 163 104 111 94 681 179 113 382 93 73 712 205 158 64 66 32 32 66 1387 138 84 95 77 215 490 396 60 74 
0.662 132 874 382 250 328 134 76 82 201 128 107 174 159 106 140 90 109 125 126 181 200 200 104 169 121 491 162 297 874 117 192 790 2322 342 142 362 295 303 118 279 309 1252 674 452 129 1190 444 181 234 200 317 93 330 303 88 70 221 485 76 109 219 77 62 204 111 198 57 32 32 38 137 80 93 89 90 70 64 39 51 124 
0.663 80 134 697 365 87 1053 113 145 100 87 80 1600 277 246 180 154 98 82 154 182 118 92 93 186 130 398 89 396 306 305 121 461 90 167 1374 4970 446 521 235 202 164 218 157 480 160 141 385 1755 143 116 195 301 190 59 59 66 121 289 139 213 126 76 46 43 56 53 64 34 32 35 44 595 366 224 322 80 83 35 48 60 
0.664 269 137 64 316 249 142 93 88 92 91 91 250 85 188 157 181 158 73 205 164 193 138 98 177 361 3909 285 174 214 212 92 1493 142 96 77 356 194 189 201 158 165 97 268 429 105 175 313 190 229 341 218 179 130 221 90 514 90 199 165 231 90 72 210 101 80 146 52 40 32 32 85 96 124 309 101 150 95 35 36 85 
0.665 383 93 71 421 450 231 108 360 64 491 62 154 306 158 108 195 205 120 73 71 104 144 211 95 96 159 174 121 261 267 150 137 198 535 272 145 3104 394 109 157 149 272 174 231 331 73 73 122 346 191 246 342 319 73 263 157 160 92 136 119 179 136 56 66 41 194 205 147 32 32 97 231 216 121 651 197 185 35 42 100 
0.666 265 148 83 152 149 256 120 170 157 101 103 75 152 361 250 487 72 164 3467 98 190 134 271 120 100 95 106 169 143 138 455 127 135 449 92 127 671 132 268 85 108 168 71 231 188 1293 128 506 72 429 195 286 131 225 121 256 146 58 158 390 325 89 91 58 80 77 74 104 32 32 100 118 149 183 442 51 201 37 94 76 
0.667 86 79 392 746 99 133 533 589 359 81 275 284 355 439 225 188 110 65 1105 95 80 173 96 83 96 108 108 174 135 155 135 179 109 139 198 165 851 263 476 394 224 135 461 123 96 272 240 146 130 79 100 637 288 110 171 148 80 72 93 331 219 116 190 80 50 91 110 602 155 32 32 38 59 99 130 43 246 65 86 68 
0.668 130 49 298 211 159 109 89 171 489 179 159 151 96 132 75 244 143 132 68 90 122 196 87 102 109 124 92 100 207 185 276 288 382 152 150 144 303 478 219 132 161 225 148 214 186 100 215 159 577 362 258 101 113 203 298 151 268 220 117 190 70 61 305 72 65 61 212 53 69 32 32 150 323 143 342 90 97 40 303 127 
0.669 50 48 156 492 79 311 94 165 689 69 5074 170 310 130 81 136 117 1123 72 77 205 172 372 243 76 125 102 117 206 93 265 283 1597 178 421 118 262 334 251 345 366 79 220 89 217 619 269 187 477 1163 128 207 69 143 925 95 428 320 259 77 383 286 119 236 73 45 83 90 167 32 32 41 92 235 100 407 268 57 89 618 
0.67 83 226 48 132 43 49 60 235 187 88 170 582 281 165 88 121 68 86 161 64 107 222 155 87 169 108 191 111 85 86 114 78 113 465 114 392 99 241 237 91 266 117 103 74 307 108 270 118 314 54 315 1365 113 142 332 201 1634 1020 525 217 91 171 154 143 67 93 60 101 46 32 33 32 138 109 146 54 234 104 147 134 
0.671 187 102 92 241 129 95 41 166 223 272 143 302 182 210 111 87 251 115 358 134 83 69 225 122 195 117 71 248 88 87 100 85 116 92 601 252 79 175 226 113 158 176 76 288 208 180 63 183 54 207 97 111 296 654 114 851 320 412 208 163 184 59 60 128 146 131 47 98 54 49 33 32 80 148 125 40 58 187 156 36 
0.672 65 151 69 68 129 105 46 59 42 64 81 324 188 100 221 253 106 88 72 260 223 116 223 127 125 84 194 108 198 154 92 134 135 100 235 207 194 70 246 113 158 206 191 91 104 124 62 93 166 390 312 94 645 539 85 65 2905 876 228 194 110 124 150 333 130 127 124 41 140 64 32 33 102 117 626 113 116 139 35 98 
0.673 68 88 57 445 200 361 42 46 154 59 81 68 419 64 95 218 96 168 355 300 115 141 71 62 78 242 89 248 131 321 285 86 212 325 344 409 341 324 88 177 96 258 209 90 83 199 85 134 101 122 423 136 426 711 312 85 177 185 105 122 100 209 86 164 104 244 53 100 104 44 32 98 34 124 64 490 63 92 34 89 
0.674 70 167 107 71 144 163 178 89 71 102 46 40 84 113 250 247 179 233 93 97 78 84 78 120 137 112 108 325 97 74 137 276 141 281 136 101 218 319 55 3109 82 67 78 120 116 346 212 54 165 207 402 240 146 128 125 214 96 77 686 206 92 116 147 229 1392 404 106 54 489 81 60 40 32 44 76 62 287 102 487 6527 
0.675 60 60 54 314 116 62 60 70 165 41 73 71 64 169 112 430 76 149 146 82 63 87 75 152 210 131 395 221 299 304 296 251 109 285 118 119 1091 148 238 67 147 138 116 126 74 156 470 80 95 55 152 512 280 129 87 201 229 164 341 116 191 102 134 168 110 83 153 56 284 44 61 234 32 105 196 222 53 220 96 168 
0.676 54 77 60 51 63 104 221 97 200 171 85 46 1877 63 41 62 132 67 104 151 94 110 205 125 438 103 205 206 369 125 272 127 148 187 107 330 366 259 116 55 249 66 112 269 320 107 266 224 78 78 2443 90 260 98 141 87 168 85 88 152 195 122 71 94 223 206 308 80 68 123 47 32 47 162 88 48 39 73 51 51 
0.677 64 97 54 67 97 56 52 289 49 117 102 85 49 125 526 40 123 88 84 298 139 84 175 161 765 119 211 351 112 188 86 284 124 157 95 248 107 233 139 148 113 207 323 186 102 113 66 490 475 206 375 158 123 371 894 77 71 142 71 82 204 212 216 86 112 1630 161 179 54 117 166 32 149 33 72 92 106 82 48 52 
0.678 72 84 78 62 84 59 71 82 58 89 58 220 228 179 232 135 60 64 87 169 276 260 77 313 185 192 183 891 143 168 214 104 273 97 150 158 635 205 107 1157 266 162 325 143 69 301 2309 67 251 261 790 76 73 86 83 124 108 297 163 185 357 121 399 147 56 185 204 186 112 62 61 57 101 32 44 134 51 57 70 168 
0.679 133 59 59 65 67 91 89 140 96 55 58 247 182 96 151 137 100 173 42 89 126 60 235 141 71 143 119 120 105 238 255 154 98 622 517 91 216 533 146 398 177 131 1498 231 615 107 102 114 464 120 134 95 41 150 132 117 113 76 66 121 111 322 125 76 152 471 138 199 129 41 73 113 40 92 71 235 211 93 290 42 
0.68 215 163 224 62 59 119 88 64 151 293 104 126 64 49 290 93 174 106 512 39 70 261 122 249 69 123 410 89 143 75 224 145 233 83 389 133 117 91 164 211 143 401 375 111 155 100 240 1455 63 75 60 178 304 148 118 1050 609 2009 114 226 576 127 195 81 73 76 92 154 971 64 683 73 32 111 40 63 76 93 361 35 
0.681 66 125 272 152 139 98 63 81 534 54 92 71 55 49 146 55 56 603 207 70 41 67 300 64 127 240 213 105 84 66 100 122 178 308 87 95 117 105 165 162 446 152 60 116 161 274 151 162 131 656 171 113 120 105 189 238 412 128 113 274 239 123 94 85 62 210 128 239 203 134 71 63 32 40 33 85 139 38 62 35 
0.682 277 104 66 76 175 145 119 66 160 177 134 201 54 63 66 65 63 314 92 105 64 78 45 668 68 125 97 157 119 309 97 537 148 84 127 172 86 78 455 143 425 106 126 219 104 115 73 74 109 149 167 416 121 53 199 79 125 228 273 69 341 291 120 92 70 83 109 107 48 274 66 328 49 39 32 78 112 73 107 43 
0.683 117 138 82 66 68 293 446 262 95 83 70 118 60 54 62 102 49 99 119 112 53 41 84 61 151 128 108 116 193 99 170 94 137 143 84 124 225 82 179 108 260 142 254 73 289 104 328 148 262 53 295 142 71 249 312 207 97 247 128 143 77 129 54 249 64 171 207 149 63 409 84 152 63 83 47 56 171 40 130 57 
0.684 96 94 325 197 67 82 454 164 222 1013 65 96 239 290 54 84 160 79 146 66 80 68 40 57 59 165 471 107 113 253 182 75 94 120 117 232 1371 147 102 120 332 705 320 86 176 60 111 66 80 93 66 70 80 204 520 176 376 84 58 219 99 220 153 66 119 381 96 298 91 60 87 41 47 32 54 151 78 123 177 97 
0.685 223 363 303 198 125 136 235 93 248 94 105 174 63 79 121 77 91 79 72 103 64 65 40 41 77 57 137 106 62 531 74 169 115 209 222 331 81 71 128 73 542 554 194 129 78 120 8717 250 563 80 55 75 93 218 86 130 75 87 236 104 146 204 67 127 413 127 182 59 256 127 500 158 56 44 467 34 145 73 146 54 
0.686 219 208 85 129 147 108 124 149 118 188 138 215 313 81 137 100 228 55 142 63 153 73 78 375 47 50 47 262 337 113 146 107 248 99 155 114 111 250 84 88 209 148 141 236 98 74 110 132 73 95 271 80 86 41 119 167 164 53 91 144 65 145 413 278 82 57 142 137 87 113 87 783 349 86 638 32 431 79 59 113 
0.687 152 244 135 789 164 90 131 146 318 220 185 289 87 125 84 63 77 146 108 124 83 108 215 120 106 48 74 64 103 143 109 71 78 196 235 221 258 296 65 95 159 93 114 94 166 111 95 109 95 168 65 3507 349 66 817 372 70 145 328 73 74 204 108 350 240 88 299 171 135 92 86 176 66 170 61 40 47 388 109 101 
0.688 119 191 736 106 346 114 254 154 110 97 105 119 109 123 177 308 96 67 72 97 61 79 88 67 108 243 54 40 51 153 89 153 204 2246 93 170 90 352 369 70 253 133 70 81 190 98 220 108 86 86 101 461 58 60 158 138 252 153 121 78 280 141 203 150 279 77 62 153 92 349 106 145 68 49 32 55 60 91 89 93 
0.689 151 190 139 157 156 369 268 109 206 196 203 66 82 101 225 105 148 354 81 64 127 66 174 91 85 308 134 53 40 46 150 155 114 378 166 83 115 146 164 204 146 82 98 334 107 215 45 60 275 248 178 86 945 71 140 153 88 44 259 91 255 1255 244 127 181 89 669 110 442 50 75 81 45 93 122 95 77 65 45 98 
0.69 193 180 156 223 116 100 78 89 182 90 91 120 180 73 82 74 124 2868 91 950 116 157 58 93 133 180 50 56 74 48 67 79 161 56 144 165 202 153 103 94 303 97 180 114 430 244 104 364 132 125 108 96 73 74 61 116 85 42 41 42 116 66 1260 216 95 2281 455 165 63 54 52 85 190 43 84 51 32 77 96 203 
0.691 72 79 217 185 259 327 254 69 59 128 77 61 109 76 136 95 217 83 90 67 125 961 94 274 77 63 117 90 166 72 48 45 78 61 264 137 88 261 111 69 104 99 81 78 85 144 117 46 55 741 4782 124 71 208 54 185 99 58 106 67 166 44 105 428 153 124 113 46 169 103 56 70 284 82 143 73 64 115 177 56 
0.692 111 2153 562 117 225 149 302 163 94 97 116 696 71 109 74 95 70 80 120 315 186 87 126 179 99 59 66 61 66 378 119 64 101 65 235 783 150 63 44 121 181 147 79 133 114 207 113 144 133 161 119 203 263 55 203 65 1688 97 70 125 44 45 167 46 154 48 193 287 152 326 202 73 66 44 67 32 48 40 149 38 
0.693 499 182 69 97 127 77 109 567 89 75 80 133 173 89 262 139 197 110 66 92 138 165 207 98 174 123 127 139 58 49 85 164 98 59 343 294 121 247 200 72 132 359 149 132 96 150 150 327 168 148 76 156 183 181 143 602 123 169 36 63 36 192 96 88 48 401 70 127 66 72 81 49 184 81 51 64 46 114 100 50 
0.694 127 220 107 163 91 431 184 221 155 976 102 59 92 159 102 99 77 88 71 63 132 244 95 217 249 74 145 96 79 55 240 52 74 40 89 187 107 418 1337 62 54 104 408 154 95 160 82 174 101 182 144 369 436 58 47 40 60 156 56 856 46 30 39 125 427 294 301 334 93 65 162 47 281 244 45 50 208 79 531 65 
0.695 34 112 52 75 104 263 127 230 305 360 155 82 87 72 49 51 94 55 62 150 65 83 340 286 100 247 343 183 318 122 55 59 52 178 46 62 143 149 257 59 37 216 82 199 88 222 91 422 178 57 94 1328 268 94 179 266 81 90 129 104 30 29 28 29 51 73 60 181 44 40 85 98 48 133 79 64 106 32 102 69 
0.696 38 45 33 34 515 130 149 113 346 186 419 1192 130 82 49 69 98 84 100 83 124 287 117 167 403 100 130 200 122 184 257 65 55 75 52 70 76 77 51 213 37 37 99 168 125 86 133 164 89 76 80 99 200 107 302 59 174 84 49 30 30 29 28 28 28 151 34 113 68 50 122 89 67 106 51 43 61 64 113 95 
0.697 98 64 45 47 34 34 89 107 161 240 384 72 128 124 57 49 154 67 67 329 110 273 325 295 85 117 340 250 83 129 140 111 58 50 53 80 141 66 744 97 198 36 37 173 115 60 134 269 171 135 72 68 303 774 118 121 59 129 116 29 211 181 29 28 27 28 35 50 39 102 39 67 47 88 105 52 34 62 370 61 
0.698 159 69 107 71 77 38 42 34 41 106 173 153 311 286 109 64 57 1346 98 120 1315 139 389 225 211 127 135 552 268 121 147 83 406 75 82 87 40 39 67 87 74 53 39 47 408 72 83 145 134 219 75 78 245 236 148 71 96 59 36 29 283 36 117 29 27 27 28 67 112 62 89 79 126 180 88 43 63 84 93 62 
0.699 52 129 255 73 50 63 90 39 52 34 54 133 349 175 190 148 57 88 97 112 113 180 266 565 187 134 94 11002 138 163 135 117 224 124 104 85 81 62 88 290 135 150 36 112 127 243 83 74 166 86 77 169 107 399 116 207 39 175 149 29 37 71 183 44 28 27 27 30 33 57 54 78 68 68 68 117 46 122 35 217 
0.7 52 220 32 47 60 256 76 103 64 39 35 35 49 1852 232 103 186 172 104 958 55 93 224 96 1434 119 116 476 389 530 934 204 152 191 155 183 66 63 62 290 212 44 140 75 44 56 55 209 122 782 130 267 83 1731 288 101 106 68 96 28 47 179 34 35 475 28 27 27 89 46 37 225 147 157 53 86 134 59 33 219 
0.701 125 160 840 71 33 41 45 48 69 107 106 87 33 128 890 174 268 122 59 93 62 53 459 72 70 192 225 204 310 601 290 113 83 168 99 279 124 75 53 38 113 71 878 85 80 37 127 91 64 100 184 244 260 117 346 131 50 43 53 29 31 35 59 76 34 48 27 27 27 274 103 90 104 89 110 43 67 31 78 1352 
0.702 31 36 30 73 212 101 38 32 97 65 67 274 91 47 33 51 162 100 254 59 76 95 87 54 80 72 124 267 1273 260 96 315 86 97 1631 273 97 161 98 54 70 102 169 112 37 62 124 176 71 152 89 142 95 95 214 517 94 67 113 45 29 34 239 108 160 34 29 27 27 29 39 42 66 111 72 64 50 50 62 112 
0.703 27 46 43 90 35 30 58 99 101 32 58 52 222 498 39 36 43 79 187 81 97 97 115 800 179 314 92 133 109 496 458 117 151 126 84 74 140 103 281 62 149 52 46 43 342 125 123 225 98 61 352 172 624 79 106 3135 342 467 65 35 28 34 193 118 39 50 52 27 27 27 38 83 62 168 108 49 116 65 163 153 
0.704 27 26 26 26 28 33 36 40 44 89 85 32 48 133 87 75 69 33 110 194 158 1924 137 72 92 256 92 86 110 234 377 147 91 105 326 362 153 58 241 119 86 40 39 110 48 39 48 168 137 85 68 117 95 199 99 169 112 126 39 153 27 121 370 33 33 76 70 36 27 26 27 42 95 51 229 60 611 42 62 143 
0.705 45 32 181 30 27 26 26 29 44 36 30 103 83 32 80 129 96 43 41 74 338 162 260 304 75 168 285 172 67 251 112 429 135 64 141 143 85 112 1175 89 165 49 113 133 73 50 37 54 119 239 69 88 110 173 58 202 138 99 198 78 28 46 192 50 41 116 36 49 28 26 27 35 109 46 69 116 63 57 56 33 
0.706 50 111 201 135 55 72 2891 26 26 27 33 31 30 114 96 33 47 168 83 65 34 139 91 240 1409 108 65 64 309 178 628 145 187 140 359 98 655 120 94 76 56 158 132 52 70 98 154 50 64 60 56 445 164 148 91 161 137 161 221 229 70 43 242 75 210 126 56 48 133 27 26 27 37 90 48 62 40 260 264 146 
0.707 95 99 47 66 49 121 82 43 207 27 26 26 142 31 30 47 63 73 77 229 146 34 120 138 266 61 126 57 83 53 75 192 256 192 98 93 309 61 91 74 115 77 660 50 35 165 157 37 81 37 108 86 188 65 92 58 220 110 87 43 57 27 85 49 70 73 61 709 49 29 26 26 54 55 54 92 77 81 266 63 
0.708 85 31 93 58 100 96 58 93 146 89 32 157 26 26 55 32 43 61 32 94 126 68 58 232 158 252 57 63 46 63 172 129 1153 239 184 89 108 88 573 164 105 99 468 196 96 45 83 53 40 43 113 80 370 101 153 210 174 187 101 168 55 27 53 49 41 173 225 99 32 34 27 26 27 135 39 261 95 56 38 49 
0.709 104 92 27 27 34 31 84 58 103 67 102 85 52 101 26 26 32 41 50 89 80 101 189 64 34 161 1077 101 134 80 88 128 138 233 261 107 65 79 170 109 56 87 155 151 82 67 45 62 428 63 70 200 170 81 165 92 45 102 77 176 105 27 34 84 40 46 232 66 125 46 29 26 26 35 44 106 238 87 48 54 
0.71 28 49 147 46 103 56 27 32 31 72 47 92 42 174 88 125 26 27 38 30 83 33 1624 83 81 34 94 130 104 419 78 41 46 210 319 139 115 267 99 101 85 62 82 56 66 58 59 124 68 37 37 107 314 78 116 161 96 392 107 180 37 75 37 72 243 47 98 271 118 38 64 27 26 27 60 37 255 118 180 32 
0.711 26 31 29 40 29 51 88 59 93 27 42 77 69 67 308 199 159 29 26 28 32 82 51 45 56 104 82 67 212 258 4341 41 40 231 123 144 84 122 221 204 60 69 101 84 135 90 51 41 141 73 72 43 66 64 97 87 72 74 111 99 91 66 27 260 55 96 160 482 99 69 247 29 26 26 80 119 81 49 66 47 
0.712 21 22 22 22 23 38 31 68 77 55 70 28 28 31 66 72 86 340 32 27 26 50 32 327 32 120 161 47 409 126 162 240 40 40 64 133 151 222 93 74 117 80 78 179 101 85 116 160 45 86 44 100 37 57 77 108 269 237 111 129 134 39 27 138 41 154 164 191 115 189 211 58 27 26 27 124 44 178 88 58 
0.713 21 21 21 21 21 22 22 23 39 37 42 85 66 173 27 30 180 93 52 46 62 26 27 76 92 71 40 99 72 34 135 213 95 40 40 83 177 195 115 97 98 51 194 63 109 160 177 257 211 99 58 37 87 54 126 67 73 128 77 78 112 113 32 33 42 89 135 191 131 79 41 102 28 26 26 46 38 54 71 61 
0.714 21 21 21 21 21 21 21 21 21 22 23 37 41 87 64 60 27 31 99 55 60 52 117 26 46 31 278 34 102 155 33 102 632 231 41 41 66 98 536 535 108 123 52 52 67 79 80 94 346 42 221 79 65 61 112 64 155 70 57 73 168 75 47 28 210 104 100 48 127 212 79 214 100 26 26 28 44 128 1276 53 
0.715 20 20 20 21 21 21 21 21 21 21 21 22 22 167 78 92 43 143 28 42 127 53 121 32 26 27 33 78 36 211 143 34 120 187 639 605 41 67 350 79 109 97 66 56 103 172 97 65 89 105 34 165 37 48 76 185 75 90 208 95 74 154 55 26 76 112 82 90 67 259 61 40 117 27 26 26 67 40 54 43 
0.716 20 20 20 20 20 20 21 21 21 21 21 21 21 22 22 25 61 271 42 136 46 4132 54 84 235 78 26 32 30 60 150 1340 42 59 109 167 48 41 63 222 79 151 169 65 86 102 100 235 117 297 164 81 43 37 54 193 52 121 73 142 72 73 99 27 227 39 359 78 53 39 44 92 40 54 26 26 274 39 319 104 
0.717 20 20 20 20 20 20 20 20 20 21 21 21 21 21 21 21 22 25 129 110 37 27 32 162 60 74 63 26 27 86 107 104 71 40 201 250 243 57 41 108 231 90 231 63 69 182 249 91 95 268 117 53 89 56 37 70 48 103 80 42 231 73 81 33 53 99 52 180 56 40 112 44 189 176 27 26 27 38 120 54 
0.718 20 20 20 20 20 20 20 20 20 20 20 21 21 21 21 21 21 21 22 28 39 54 56 27 57 56 41 139 38 26 42 183 32 208 130 55 240 124 48 41 63 139 59 111 161 68 116 121 60 118 231 521 37 62 57 54 106 79 80 156 50 100 93 32 26 99 235 47 93 54 40 85 160 53 28 26 26 218 83 150 
0.719 21 21 21 21 21 21 21 20 20 20 20 20 20 21 21 21 21 21 21 22 22 40 37 59 249 84 78 46 66 40 26 34 113 41 94 105 109 180 46 52 42 229 77 84 96 49 35 40 58 190 237 64 114 68 112 66 47 168 72 738 64 279 39 44 26 67 49 67 60 34 31 73 150 45 160 26 26 49 94 98 
