epsilon_k[0] 0.0001
epsilon_k[1] 2.18e-05
epsilon_k[2] 7.08e-05
epsilon_k[3] 2.54e-05
epsilon_k[4] 1e-05
epsilon_k[5] 7.8e-06
epsilon_k[6] 2.18e-05
omega_x0 0.168
omega_y0 0.201
dx 0.01
n_theta 100
dtheta 0.015708
epsilon 12
max_turns 10000000
from_angle 5
to_angle 10
0.0785398 1e+07 1e+07 1e+07 1e+07 1e+07 1e+07 1e+07 1e+07 1e+07 1e+07 1e+07 1e+07 1e+07 1e+07 1e+07 1e+07 1e+07 1e+07 1e+07 1e+07 1e+07 1e+07 1e+07 1e+07 1e+07 1e+07 1e+07 1e+07 1e+07 1e+07 1e+07 1e+07 1e+07 1e+07 1e+07 1e+07 1e+07 1e+07 1e+07 1e+07 1e+07 1e+07 1e+07 1e+07 1e+07 1e+07 1e+07 1e+07 1e+07 1e+07 1e+07 1e+07 1e+07 1e+07 1e+07 1e+07 1e+07 1e+07 8.85121e+06 450967 32872 52272 30216 3950 2725 16297 1236 5699 3681 1609 727 1697 1624 1306 851 930 1074 313 111 582 179 890 34 168 114 154 9 7 7 6 6 6 6 6 6 5 5 5 5 5 
0.0942478 1e+07 1e+07 1e+07 1e+07 1e+07 1e+07 1e+07 1e+07 1e+07 1e+07 1e+07 1e+07 1e+07 1e+07 1e+07 1e+07 1e+07 1e+07 1e+07 1e+07 1e+07 1e+07 1e+07 1e+07 1e+07 1e+07 1e+07 1e+07 1e+07 1e+07 1e+07 1e+07 1e+07 1e+07 1e+07 1e+07 1e+07 1e+07 1e+07 1e+07 1e+07 1e+07 1e+07 1e+07 1e+07 1e+07 9.08682e+06 1e+07 1e+07 1e+07 1e+07 1e+07 1e+07 1e+07 1e+07 1e+07 1e+07 6.9199e+06 7.88221e+06 2.68873e+06 7.4573e+06 40763 24763 1674 4557 2278 2038 3626 539 5385 9413 6302 1817 2171 2180 488 213 267 101 107 170 1801 186 49 1747 310 10 8 7 7 6 6 6 6 6 5 5 5 5 5 
0.109956 1e+07 1e+07 1e+07 1e+07 1e+07 1e+07 1e+07 1e+07 1e+07 1e+07 1e+07 1e+07 1e+07 1e+07 1e+07 1e+07 1e+07 1e+07 1e+07 1e+07 1e+07 1e+07 1e+07 1e+07 1e+07 1e+07 1e+07 1e+07 1e+07 1e+07 1e+07 1e+07 1e+07 1e+07 1e+07 1e+07 1e+07 1e+07 1e+07 1e+07 1e+07 1e+07 1e+07 1e+07 1e+07 1e+07 3.55778e+06 1e+07 1e+07 1e+07 1e+07 1e+07 1e+07 1e+07 1e+07 6.60218e+06 1e+07 2.48803e+06 519616 66017 75304 11260 20478 6317 2066 33590 4838 5995 48263 1012 1746 4830 1293 884 1365 318 557 282 303 367 195 52 807 66 180 16 424 8 7 7 6 6 6 6 6 6 5 5 5 5 
0.125664 1e+07 1e+07 1e+07 1e+07 1e+07 1e+07 1e+07 1e+07 1e+07 1e+07 1e+07 1e+07 1e+07 1e+07 1e+07 1e+07 1e+07 1e+07 1e+07 1e+07 1e+07 1e+07 1e+07 1e+07 1e+07 1e+07 1e+07 1e+07 1e+07 1e+07 1e+07 1e+07 1e+07 1e+07 1e+07 1e+07 1e+07 1e+07 1e+07 1e+07 1e+07 1e+07 1e+07 1e+07 1e+07 3.83848e+06 907390 2.56424e+06 1e+07 1e+07 1e+07 1e+07 1e+07 1e+07 1e+07 1e+07 1e+07 928067 1.92938e+06 56343 54458 79415 13198 3114 17163 8731 6588 8687 5473 4530 126808 2528 470 203 966 191 92 804 410 406 319 4404 174 1075 581 263 38 9 8 7 7 6 6 6 6 6 5 5 5 5 
0.141372 1e+07 1e+07 1e+07 1e+07 1e+07 1e+07 1e+07 1e+07 1e+07 1e+07 1e+07 1e+07 1e+07 1e+07 1e+07 1e+07 1e+07 1e+07 1e+07 1e+07 1e+07 1e+07 1e+07 1e+07 1e+07 1e+07 1e+07 1e+07 1e+07 1e+07 1e+07 1e+07 1e+07 1e+07 1e+07 1e+07 1e+07 1e+07 1e+07 1e+07 1e+07 1e+07 1e+07 1e+07 1e+07 6.37884e+06 2.36026e+06 1.2947e+06 2.81773e+06 1e+07 1e+07 1e+07 1e+07 1e+07 1e+07 7.10798e+06 5.45113e+06 899792 906435 112932 25490 137273 5101 6040 13234 3193 6586 8799 1206 4765 2799 2577 282 11895 354 129 435 230 277 105 375 58 122 68 37 719 16 163 8 7 7 6 6 6 6 6 6 5 5 5 
0.15708 1e+07 1e+07 1e+07 1e+07 1e+07 1e+07 1e+07 1e+07 1e+07 1e+07 1e+07 1e+07 1e+07 1e+07 1e+07 1e+07 1e+07 1e+07 1e+07 1e+07 1e+07 1e+07 1e+07 1e+07 1e+07 1e+07 1e+07 1e+07 1e+07 1e+07 1e+07 1e+07 1e+07 1e+07 1e+07 1e+07 1e+07 1e+07 1e+07 1e+07 1e+07 1e+07 1e+07 1e+07 1e+07 9.72094e+06 2.15262e+06 172422 2.50299e+06 1e+07 1e+07 1e+07 1e+07 1e+07 1e+07 7.91019e+06 1.76572e+06 824037 315755 471136 61323 36013 9664 9216 7300 1528 10463 2612 5120 1788 17088 137464 372 514 2145 993 2515 641 361 282 195 1083 215 26 116 426 138 67 11 8 7 7 6 6 6 6 6 5 5 5 
