epsilon_k[0] 0.1
epsilon_k[0] 2.18e-05
epsilon_k[0] 7.08e-05
epsilon_k[0] 2.54e-05
epsilon_k[0] 1e-05
epsilon_k[0] 7.8e-06
epsilon_k[0] 0.218
omega_x0 0.31
omega_y0 0.32
dx 0.01
n_theta 100
dtheta 0.00785398
epsilon 32
max_turns 10000000
from_angle 48
to_angle 56
0.376991 1e+07 36710 7726 5725 3716 2635 1868 1405 802 
0.384845 1e+07 36701 7727 6357 3693 2663 1873 1485 838 
0.392699 1e+07 36615 7711 7711 3698 2669 1874 1874 835 
0.400553 1e+07 36602 7746 7415 3597 2672 1970 1694 854 
0.408407 1e+07 36574 7730 7587 3606 2731 1918 1892 879 
0.416261 1e+07 36572 7746 7746 3701 2836 1922 1756 889 
0.424115 1e+07 36569 7763 7763 3707 3482 1933 1756 902 
0.431969 1e+07 36567 7765 7765 3794 3005 1955 1935 943 
