epsilon_k[0] 0.1
epsilon_k[0] 2.18e-05
epsilon_k[0] 7.08e-05
epsilon_k[0] 2.54e-05
epsilon_k[0] 1e-05
epsilon_k[0] 7.8e-06
epsilon_k[0] 0.218
omega_x0 0.28
omega_y0 0.31
dx 0.01
n_theta 100
dtheta 0.00785398
epsilon 32
max_turns 10000000
from_angle 0
to_angle 8
0 1e+07 10439 9803 2351 1893 1368 1036 716 
0.00785398 1e+07 10440 6073 2352 1932 1343 1036 716 
0.015708 1e+07 10444 5881 2354 2354 1315 1037 717 
0.0235619 1e+07 10479 6197 2369 1823 1303 1038 718 
0.0314159 1e+07 10551 5924 2422 1847 1253 1041 734 
0.0392699 1e+07 10889 5655 2423 1799 1284 1043 790 
0.0471239 1e+07 11630 5651 2433 1803 1189 1047 766 
0.0549779 1e+07 10901 5649 2642 1797 1173 1070 768 
0.0628319 1e+07 10886 5623 2644 1804 1157 1080 745 
