epsilon_k[0]0.1
epsilon_k[0]2.18e-05
epsilon_k[0]7.08e-05
epsilon_k[0]2.54e-05
epsilon_k[0]1e-05
epsilon_k[0]7.8e-06
epsilon_k[0]0.218
omega_x01.94779
omega_y02.01062
dx 0.01
n_theta 100
dtheta 0.00785398
epsilon 12
max_turns 10000000
from_angle 48
to_angle 56
0.376991 1e+07 2.14757e+06 93482 12181 4204 2422 1601 1017 689 
0.384845 1e+07 1.44214e+06 51876 11491 4261 2445 1521 1086 759 
0.392699 1e+07 882037 49796 11248 4380 2297 1516 1359 656 
0.400553 1e+07 518290 46701 11322 4740 2265 1848 1066 648 
0.408407 1e+07 3.11534e+06 45410 11842 4653 2300 1453 1154 643 
0.416261 1e+07 5.54369e+06 45183 13176 3589 1958 1324 1023 729 
0.424115 1e+07 533501 61163 15463 3411 2494 1273 1026 697 
0.431969 1e+07 2.05498e+06 43126 18609 2888 2847 1261 1033 707 
