epsilon_k[0]0.1
epsilon_k[0]2.18e-05
epsilon_k[0]7.08e-05
epsilon_k[0]2.54e-05
epsilon_k[0]1e-05
epsilon_k[0]7.8e-06
epsilon_k[0]0.218
omega_x01.75929
omega_y01.94779
dx 0.01
n_theta 100
dtheta 0.00785398
epsilon 8
max_turns 10000000
from_angle 16
to_angle 24
0.125664 1e+07 45671 11148 4462 4462 1671 915 
0.133518 1e+07 53399 10898 4052 4052 1165 990 
0.141372 1e+07 65307 10605 4027 3778 1152 1152 820 
0.149226 1e+07 50833 10444 4060 4060 1120 993 
0.15708 1e+07 45216 9937 4314 2666 1055 991 
0.164934 1e+07 42474 9885 4493 2843 1055 1055 815 
0.172788 1e+07 41965 9869 5297 5297 1052 1052 806 
0.180642 1e+07 42376 9856 5255 3180 1066 991 
