epsilon_k[0] 0.0001
epsilon_k[1] 2.18e-05
epsilon_k[2] 7.08e-05
epsilon_k[3] 2.54e-05
epsilon_k[4] 1e-05
epsilon_k[5] 7.8e-06
epsilon_k[6] 2.18e-05
omega_x0 0.168
omega_y0 0.201
dx 0.01
n_theta 100
dtheta 0.015708
epsilon 64
max_turns 10000000
from_angle 32
to_angle 40
0.502655 1e+07 1e+07 1e+07 1e+07 1e+07 1e+07 1e+07 1e+07 1e+07 1e+07 1e+07 1e+07 1e+07 1e+07 1e+07 1e+07 1e+07 1e+07 1e+07 1e+07 1e+07 1e+07 1e+07 1e+07 1e+07 7.25948e+06 7.25948e+06 1.48105e+06 1.33274e+06 1.33274e+06 1.33274e+06 1.16998e+06 1.16998e+06 1.16998e+06 1.16998e+06 766198 766198 173026 173026 173026 173026 173026 173026 173026 173026 70583 70583 70583 70583 70583 70583 70583 70583 34438 15569 3715 3715 3715 2757 2757 2757 2757 1452 614 
0.518363 1e+07 1e+07 1e+07 1e+07 1e+07 1e+07 1e+07 1e+07 1e+07 1e+07 1e+07 1e+07 1e+07 1e+07 1e+07 1e+07 1e+07 1e+07 1e+07 1e+07 1e+07 1e+07 1e+07 1e+07 1e+07 1e+07 4.36338e+06 3.61896e+06 2.64981e+06 2.64981e+06 394481 394481 394481 394481 394481 183328 183328 183328 183328 183328 183328 183328 183328 183328 74543 74543 74543 74543 74543 74543 74543 42159 19366 19366 19366 19366 7879 4369 1702 1702 851 
0.534071 1e+07 1e+07 1e+07 1e+07 1e+07 1e+07 1e+07 1e+07 1e+07 1e+07 1e+07 1e+07 1e+07 1e+07 1e+07 1e+07 1e+07 1e+07 1e+07 1e+07 1e+07 1e+07 1e+07 1e+07 8.5128e+06 6.9265e+06 6.9265e+06 1.70781e+06 1.70781e+06 1.49229e+06 1.49229e+06 1.49229e+06 737725 737725 616623 616623 616623 539235 539235 505881 501655 501655 434245 434245 434245 91365 91365 91365 30385 30385 30385 30385 30385 30385 2636 2636 2636 2636 2636 2636 880 
0.549779 1e+07 1e+07 1e+07 1e+07 1e+07 1e+07 1e+07 1e+07 1e+07 1e+07 1e+07 1e+07 1e+07 1e+07 1e+07 1e+07 1e+07 1e+07 1e+07 1e+07 1e+07 1e+07 1e+07 1e+07 1e+07 1e+07 4.0494e+06 3.44859e+06 3.44859e+06 1.21948e+06 1.21948e+06 1.21948e+06 936128 936128 771967 402019 262083 122815 122815 122815 122815 122815 122815 122815 122815 122815 122815 122815 68381 44437 44437 24695 24695 24695 24695 13525 1370 1370 1370 1370 1281 1281 1281 270 
0.565487 1e+07 1e+07 1e+07 1e+07 1e+07 1e+07 1e+07 1e+07 1e+07 1e+07 1e+07 1e+07 1e+07 1e+07 1e+07 1e+07 1e+07 1e+07 1e+07 1e+07 1e+07 1e+07 1e+07 1e+07 9.3485e+06 9.3485e+06 6.70484e+06 1.31216e+06 797946 797946 611992 611992 611992 611992 349609 349609 349609 349609 349609 132172 132172 132172 132172 132172 132172 132172 132172 132172 132172 132172 132172 104616 104616 73466 6432 6432 3287 3287 1987 1170 1170 1170 367 
0.581195 1e+07 1e+07 1e+07 1e+07 1e+07 1e+07 1e+07 1e+07 1e+07 1e+07 1e+07 1e+07 1e+07 1e+07 1e+07 1e+07 1e+07 1e+07 1e+07 1e+07 1e+07 1e+07 1e+07 1e+07 1e+07 4.55942e+06 1.65154e+06 1.65154e+06 858119 858119 858119 858119 491153 395468 395468 395468 395468 395468 205149 205149 205149 205149 205149 78759 78759 78759 69916 69916 69916 69916 69916 69916 14929 3078 3078 3078 2071 2071 2071 1732 1732 1422 1422 1422 1079 987 
0.596903 1e+07 1e+07 1e+07 1e+07 1e+07 1e+07 1e+07 1e+07 1e+07 1e+07 1e+07 1e+07 1e+07 1e+07 1e+07 1e+07 1e+07 1e+07 1e+07 1e+07 1e+07 1e+07 1e+07 1e+07 1e+07 6.22846e+06 1.10205e+06 1.10205e+06 1.10205e+06 1.10205e+06 1.10205e+06 1.10205e+06 658626 658626 165712 165712 165712 165712 165712 140164 140164 140164 140164 140164 140164 140164 136396 136396 136396 136396 136396 81084 20415 17520 5765 5765 5765 5765 4016 650 
0.612611 1e+07 1e+07 1e+07 1e+07 1e+07 1e+07 1e+07 1e+07 1e+07 1e+07 1e+07 1e+07 1e+07 1e+07 1e+07 1e+07 1e+07 1e+07 1e+07 1e+07 1e+07 1e+07 1e+07 1e+07 2.93353e+06 2.93353e+06 2.93353e+06 2.93353e+06 2.3484e+06 2.17548e+06 2.17548e+06 841717 531785 531785 531785 531785 194110 194110 194110 194110 194110 194110 194110 101344 101344 101344 101344 101344 101344 98939 33000 13917 12595 8496 8496 1464 1149 1149 1149 1082 1082 201 
