epsilon_k[0] 0.0001
epsilon_k[1] 2.18e-05
epsilon_k[2] 7.08e-05
epsilon_k[3] 2.54e-05
epsilon_k[4] 1e-05
epsilon_k[5] 7.8e-06
epsilon_k[6] 2.18e-05
omega_x0 0.28
omega_y0 0.31
dx 0.01
epsilon 2
max_turns 10000000
from_y 48
to_y 56
0.48 11 11 11 12 12 12 13 13 14 14 15 18 58 27 30 35 22 20 19 19 18 18 18 19 19 20 22 32 72 39 28 36 15 12 11 11 10 10 10 10 10 9 9 9 8 8 8 7 7 7 7 7 7 6 6 6 6 6 6 6 6 6 6 6 6 6 5 5 5 5 5 5 5 5 5 5 5 5 5 5 
0.49 11 11 11 11 11 12 12 12 13 13 14 15 17 51 26 32 34 21 19 19 18 18 18 18 19 19 21 32 68 39 29 25 15 12 11 11 10 10 10 10 10 9 9 9 8 8 8 7 7 7 7 7 7 6 6 6 6 6 6 6 6 6 6 6 6 5 5 5 5 5 5 5 5 5 5 5 5 5 5 5 
0.5 10 10 11 11 11 11 11 12 12 12 13 14 14 16 35 26 40 23 20 19 18 18 18 18 18 19 20 24 95 40 31 24 15 13 11 11 10 10 10 10 10 9 9 9 8 8 8 7 7 7 7 7 6 6 6 6 6 6 6 6 6 6 6 6 6 5 5 5 5 5 5 5 5 5 5 5 5 5 5 5 
0.51 10 10 10 10 10 11 11 11 11 12 12 13 13 14 16 36 25 33 21 19 18 18 17 17 18 18 19 21 32 42 38 25 15 13 11 11 10 10 10 10 10 9 9 9 8 8 7 7 7 7 7 7 6 6 6 6 6 6 6 6 6 6 6 6 5 5 5 5 5 5 5 5 5 5 5 5 5 5 5 5 
0.52 10 10 10 10 10 10 10 11 11 11 11 12 12 13 14 16 34 25 70 20 18 18 17 17 17 18 18 20 28 52 37 26 16 14 11 11 10 10 10 10 10 9 9 9 8 8 7 7 7 7 7 7 6 6 6 6 6 6 6 6 6 6 6 5 5 5 5 5 5 5 5 5 5 5 5 5 5 5 5 5 
0.53 9 9 10 10 10 10 10 10 10 11 11 11 12 12 13 14 16 48 25 22 18 18 17 17 17 17 18 19 21 65 37 34 22 15 12 11 10 10 10 10 10 10 10 9 8 8 7 7 7 7 7 6 6 6 6 6 6 6 6 6 6 6 6 5 5 5 5 5 5 5 5 5 5 5 5 5 5 5 5 5 
0.54 9 9 9 9 9 10 10 10 10 10 10 11 11 12 12 13 14 16 40 26 20 18 17 17 17 17 17 18 19 30 37 40 23 16 12 11 10 10 10 10 10 10 10 9 8 8 7 7 7 7 7 6 6 6 6 6 6 6 6 6 6 6 5 5 5 5 5 5 5 5 5 5 5 5 5 5 5 5 5 5 
0.55 9 9 9 9 9 9 9 10 10 10 10 10 11 11 11 12 13 14 16 26 31 18 17 17 16 17 17 17 18 21 43 39 27 16 12 11 11 10 10 10 10 10 12 9 8 8 7 7 7 7 7 6 6 6 6 6 6 6 6 6 6 6 5 5 5 5 5 5 5 5 5 5 5 5 5 5 5 5 5 5 
