epsilon_k[0] 0.1
epsilon_k[0] 2.18e-05
epsilon_k[0] 7.08e-05
epsilon_k[0] 2.54e-05
epsilon_k[0] 1e-05
epsilon_k[0] 7.8e-06
epsilon_k[0] 0.218
omega_x0 0.31
omega_y0 0.32
dx 0.01
n_theta 100
dtheta 0.00785398
epsilon 8
max_turns 10000000
from_angle 16
to_angle 24
0.125664 1e+07 5547 3156 2877 2757 2218 1179 949 
0.133518 1e+07 5540 3191 2956 2773 2468 1159 1159 952 
0.141372 1e+07 5539 3225 3089 3089 2471 1160 1160 938 
0.149226 1e+07 5539 3336 3224 2969 2423 1666 1451 896 
0.15708 1e+07 5541 3326 3326 3181 2379 1639 1024 914 
0.164934 1e+07 5550 3377 3377 2680 2380 1784 949 
0.172788 1e+07 5546 3376 3376 2459 2370 1850 951 
0.180642 1e+07 5553 3402 3402 2468 2468 1336 933 
