epsilon_k[0] 0.0001
epsilon_k[1] 2.18e-05
epsilon_k[2] 7.08e-05
epsilon_k[3] 2.54e-05
epsilon_k[4] 1e-05
epsilon_k[5] 7.8e-06
epsilon_k[6] 2.18e-05
omega_x0 0.168
omega_y0 0.201
dx 0.01
n_theta 100
dtheta 0.015708
epsilon 36
max_turns 10000000
from_angle 15
to_angle 20
0.235619 1e+07 1e+07 1e+07 1e+07 1e+07 1e+07 1e+07 1e+07 1e+07 1e+07 1e+07 1e+07 1e+07 1e+07 1e+07 1e+07 1e+07 1e+07 1e+07 1e+07 1e+07 1e+07 1e+07 1e+07 1e+07 1e+07 1e+07 1e+07 1e+07 1e+07 1e+07 1e+07 1e+07 1e+07 1e+07 1e+07 1e+07 1e+07 1e+07 1e+07 1e+07 1e+07 4.52314e+06 3.01999e+06 1.73251e+06 224627 473268 137664 44319 184235 45190 28542 76898 71299 15694 18078 103839 53895 13745 23083 5382 25653 3189 4033 1532 7205 2885 410 930 1447 624 975 1764 190 559 182 3031 1933 281 675 99 75 71 46 221 516 274 35 19 312 38 90 64 152 8 7 7 7 6 6 
0.251327 1e+07 1e+07 1e+07 1e+07 1e+07 1e+07 1e+07 1e+07 1e+07 1e+07 1e+07 1e+07 1e+07 1e+07 1e+07 1e+07 1e+07 1e+07 1e+07 1e+07 1e+07 1e+07 1e+07 1e+07 1e+07 1e+07 1e+07 1e+07 1e+07 1e+07 1e+07 1e+07 1e+07 1e+07 1e+07 1e+07 1e+07 1e+07 1e+07 1e+07 1e+07 6.12592e+06 2.0784e+06 4.54396e+06 672967 2.41829e+06 265329 303728 467764 34270 19920 583704 41287 19037 37897 56928 11194 9233 261069 8306 2242 22415 5158 12059 5002 5917 5512 1352 1796 422 1064 338 941 272 309 63 315 478 57 437 115 196 63 98 29 465 61 42 18 15 57 21 88 15 39 9 8 7 7 7 
0.267035 1e+07 1e+07 1e+07 1e+07 1e+07 1e+07 1e+07 1e+07 1e+07 1e+07 1e+07 1e+07 1e+07 1e+07 1e+07 1e+07 1e+07 1e+07 1e+07 1e+07 1e+07 1e+07 1e+07 1e+07 1e+07 1e+07 1e+07 1e+07 1e+07 1e+07 1e+07 1e+07 1e+07 1e+07 1e+07 1e+07 1e+07 1e+07 1e+07 1e+07 1e+07 1e+07 4.74898e+06 2.4272e+06 1.04545e+06 1e+07 302181 127189 69820 55024 116622 16656 77332 169718 267870 95026 9746 6476 33532 4688 48514 4911 5588 1804 1416 3665 2752 1575 2939 8283 2656 822 9900 945 857 152 521 218 265 369 101 151 1969 97 107 33 20 125 151 24 14 21 33 48 233 20 67 9 8 7 
0.282743 1e+07 1e+07 1e+07 1e+07 1e+07 1e+07 1e+07 1e+07 1e+07 1e+07 1e+07 1e+07 1e+07 1e+07 1e+07 1e+07 1e+07 1e+07 1e+07 1e+07 1e+07 1e+07 1e+07 1e+07 1e+07 1e+07 1e+07 1e+07 1e+07 1e+07 1e+07 1e+07 1e+07 1e+07 1e+07 1e+07 1e+07 1e+07 1e+07 1e+07 1e+07 1e+07 4.20042e+06 8.49568e+06 1.76277e+06 528084 957143 177367 523145 2.68544e+06 228256 129147 333491 210419 15714 49204 7673 5070 4688 8357 3054 4872 20984 1329 1342 4574 917 6747 2311 8617 451 363 1434 799 772 432 227 96 153 41 472 96 99 229 34 26 253 44 20 223 34 14 30 109 33 21 14 70 21 9 
0.298451 1e+07 1e+07 1e+07 1e+07 1e+07 1e+07 1e+07 1e+07 1e+07 1e+07 1e+07 1e+07 1e+07 1e+07 1e+07 1e+07 1e+07 1e+07 1e+07 1e+07 1e+07 1e+07 1e+07 1e+07 1e+07 1e+07 1e+07 1e+07 1e+07 1e+07 1e+07 1e+07 1e+07 1e+07 1e+07 1e+07 1e+07 1e+07 1e+07 1e+07 1e+07 5.68283e+06 2.45916e+06 1.74943e+06 1.43895e+06 1.30672e+06 630189 489386 48741 168199 146345 169727 14294 32330 25956 9937 30028 398261 18955 12505 2977 2169 986 1372 4463 2728 2877 688 3368 369 791 619 190 333 114 383 274 348 168 48 31 998 153 68 100 27 42 1204 69 39 54 68 15 13 22 33 100 36 14 49 
