epsilon_k[0] 0.0001
epsilon_k[1] 2.18e-05
epsilon_k[2] 7.08e-05
epsilon_k[3] 2.54e-05
epsilon_k[4] 1e-05
epsilon_k[5] 7.8e-06
epsilon_k[6] 2.18e-05
omega_x0 0.168
omega_y0 0.201
dx 0.01
n_theta 100
dtheta 0.015708
epsilon 60
max_turns 10000000
from_angle 40
to_angle 45
0.628319 1e+07 1e+07 1e+07 1e+07 1e+07 1e+07 1e+07 1e+07 1e+07 1e+07 1e+07 1e+07 1e+07 1e+07 1e+07 1e+07 1e+07 1e+07 1e+07 1e+07 1e+07 1e+07 1e+07 1e+07 1e+07 1e+07 1e+07 8.17343e+06 4.05869e+06 3.22979e+06 2.07303e+06 1.00724e+06 1e+07 462137 1.35562e+06 915061 1.60718e+06 596142 593547 451628 151196 246333 98623 940584 59770 2.05404e+06 161303 2.70566e+06 122067 67035 28542 40312 27660 5806 97508 4963 6558 1701 1431 1801 865 6990 2151 157 3498 78 149 116 194 180 104 160 204 129 82 63 588 112 222 33 97 363 4673 60 89 30 63 39 16 16 37 19 16 15 15 19 19 12 17 22 
0.644026 1e+07 1e+07 1e+07 1e+07 1e+07 1e+07 1e+07 1e+07 1e+07 1e+07 1e+07 1e+07 1e+07 1e+07 1e+07 1e+07 1e+07 1e+07 1e+07 1e+07 1e+07 1e+07 1e+07 1e+07 1e+07 2.92211e+06 1e+07 1e+07 4.55516e+06 2.78656e+06 1.1568e+06 2.68734e+06 2.99892e+06 393454 1.22922e+06 3.06749e+06 1.05269e+06 122797 344399 363700 2.48593e+06 1.05488e+06 996241 1.52488e+06 241523 6.02183e+06 316797 3.19181e+06 66621 95437 7218 13841 36541 6240 19713 7319 963 1189 717 824 16318 548 410 775 1328 204 1209 192 115 97 55 95 46 56 65 78 84 64 31 39 36 131 77 110 151 36 29 20 28 16 16 20 18 18 15 18 25 13 16 34 
0.659734 1e+07 1e+07 1e+07 1e+07 1e+07 1e+07 1e+07 1e+07 1e+07 1e+07 1e+07 1e+07 1e+07 1e+07 1e+07 1e+07 1e+07 1e+07 1e+07 1e+07 1e+07 1e+07 1e+07 1e+07 1e+07 1e+07 3.11011e+06 8.94085e+06 4.09325e+06 1.85952e+06 466441 476348 5.4151e+06 1.87603e+06 2.14274e+06 222143 1e+07 1.50894e+06 255077 168884 267978 1.48133e+06 479917 1.07927e+06 367005 408251 684896 50411 309122 231306 30809 54317 9088 2374 29861 4962 19100 3325 649 6421 800 264 239 181 455 138 37 98 46 64 61 116 110 23 34 60 503 120 28 24 45 35 15 15 15 32 22 21 20 26 30 19 14 16 18 23 12 11 11 13 
0.675442 1e+07 1e+07 1e+07 1e+07 1e+07 1e+07 1e+07 1e+07 1e+07 1e+07 1e+07 1e+07 1e+07 1e+07 1e+07 1e+07 1e+07 1e+07 1e+07 1e+07 1e+07 1e+07 1e+07 1e+07 1e+07 1e+07 1e+07 2.73206e+06 7.71855e+06 8.02133e+06 2.89182e+06 2.09053e+06 560403 4.3714e+06 3.23797e+06 783981 590664 914479 1.03498e+06 178952 502985 383288 1.47057e+06 187230 45590 198074 142889 55843 19229 122489 445045 56492 15710 3766 2550 1443 2002 729 947 311 747 420 239 378 358 102 306 182 26 161 186 20 18 17 17 17 16 16 16 18 20 19 23 24 19 14 13 12 12 12 12 12 13 19 15 24 14 14 18 11 
0.69115 1e+07 1e+07 1e+07 1e+07 1e+07 1e+07 1e+07 1e+07 1e+07 1e+07 1e+07 1e+07 1e+07 1e+07 1e+07 1e+07 1e+07 1e+07 1e+07 1e+07 1e+07 1e+07 1e+07 1e+07 1e+07 6.3205e+06 8.24383e+06 1.9445e+06 1.19658e+06 921529 1.27526e+06 1.89983e+06 556466 1.39187e+06 467970 738805 599978 2.82637e+06 1e+07 115051 653765 4.18262e+06 1e+07 1.5914e+06 80465 248378 377435 55650 98039 105086 11782 11525 2939 7631 12317 8410 7346 741 5546 243 1785 1415 1381 81 56 248 216 432 53 129 39 314 77 46 107 57 27 92 28 33 45 33 29 25 29 26 22 17 23 22 14 14 18 14 12 12 11 11 11 12 
