epsilon_k[0] 0.0001
epsilon_k[1] 2.18e-05
epsilon_k[2] 7.08e-05
epsilon_k[3] 2.54e-05
epsilon_k[4] 1e-05
epsilon_k[5] 7.8e-06
epsilon_k[6] 2.18e-05
omega_x0 0.168
omega_y0 0.201
dx 0.01
n_theta 100
dtheta 0.015708
epsilon 18
max_turns 10000000
from_angle 55
to_angle 60
0.863938 1e+07 1e+07 1e+07 1e+07 1e+07 1e+07 1e+07 1e+07 1e+07 1e+07 1e+07 1e+07 1e+07 1e+07 1e+07 1e+07 1e+07 1e+07 1e+07 1e+07 1e+07 1e+07 1e+07 1e+07 1e+07 1e+07 1e+07 1e+07 1e+07 1e+07 1e+07 1e+07 1e+07 1e+07 1e+07 3.91765e+06 983104 452815 1.93942e+06 1e+07 3.82051e+06 906112 207579 59993 86124 60543 22510 336404 309562 61726 5029 7069 3736 925 861 2028 1876 314 141 735 206 34 26 19 18 18 18 17 17 30 20 392 36 36 28 15 18 13 12 12 14 15 19 15 18 14 13 16 11 11 11 8 8 7 7 7 7 7 6 6 
0.879646 1e+07 1e+07 1e+07 1e+07 1e+07 1e+07 1e+07 1e+07 1e+07 1e+07 1e+07 1e+07 1e+07 1e+07 1e+07 1e+07 1e+07 1e+07 1e+07 1e+07 1e+07 1e+07 1e+07 1e+07 1e+07 1e+07 1e+07 1e+07 1e+07 1e+07 1e+07 1e+07 1e+07 1e+07 1e+07 1e+07 1e+07 6.21741e+06 1.48486e+06 447086 122489 284901 49035 106546 1.15889e+06 34607 539620 46214 170121 3224 7765 4923 1936 5785 1124 4286 1338 18680 12643 260 350 135 294 65 60 95 24 24 58 82 44 28 21 15 22 13 12 13 24 28 23 15 18 17 13 21 11 11 9 8 7 7 7 7 7 6 6 6 6 6 
0.895354 1e+07 1e+07 1e+07 1e+07 1e+07 1e+07 1e+07 1e+07 1e+07 1e+07 1e+07 1e+07 1e+07 1e+07 1e+07 1e+07 1e+07 1e+07 1e+07 1e+07 1e+07 1e+07 1e+07 1e+07 1e+07 1e+07 1e+07 1e+07 1e+07 1e+07 1e+07 1e+07 1e+07 1e+07 1e+07 1e+07 1e+07 4.91464e+06 1.28769e+06 848487 83211 203901 36888 48468 237521 48136 25049 92086 115083 34043 5025 8808 1986 3108 2860 290 494 466 545 648 100 49 524 42 47 67 142 70 60 285 44 16 21 23 13 13 98 58 45 49 20 13 16 12 14 12 8 8 7 7 7 7 7 6 6 6 6 6 6 6 
0.911062 1e+07 1e+07 1e+07 1e+07 1e+07 1e+07 1e+07 1e+07 1e+07 1e+07 1e+07 1e+07 1e+07 1e+07 1e+07 1e+07 1e+07 1e+07 1e+07 1e+07 1e+07 1e+07 1e+07 1e+07 1e+07 1e+07 1e+07 1e+07 1e+07 1e+07 1e+07 1e+07 1e+07 1e+07 1e+07 1e+07 1e+07 1e+07 3.22602e+06 7.87196e+06 81792 158952 112618 62973 161135 54041 164874 25407 12361 11224 155498 3731 2072 1666 2293 299 637 208 353 3771 170 59 37 44 36 62 206 146 30 18 16 27 15 13 16 55 123 52 18 14 17 13 14 12 8 8 7 7 7 7 7 6 6 6 6 6 6 6 6 6 
0.92677 1e+07 1e+07 1e+07 1e+07 1e+07 1e+07 1e+07 1e+07 1e+07 1e+07 1e+07 1e+07 1e+07 1e+07 1e+07 1e+07 1e+07 1e+07 1e+07 1e+07 1e+07 1e+07 1e+07 1e+07 1e+07 1e+07 1e+07 1e+07 1e+07 1e+07 1e+07 1e+07 1e+07 1e+07 1e+07 1e+07 1e+07 1e+07 1e+07 455893 105624 258373 906563 89384 179949 21489 129040 31521 20163 5070 5325 3987 1736 1092 639 1615 2323 6032 439 133 133 770 69 73 155 34 396 23 16 24 42 22 15 25 113 27 27 22 14 27 29 13 9 8 7 7 7 7 7 6 6 6 6 6 6 6 6 6 6 6 
