epsilon_k[0] 0.0001
epsilon_k[1] 2.18e-05
epsilon_k[2] 7.08e-05
epsilon_k[3] 2.54e-05
epsilon_k[4] 1e-05
epsilon_k[5] 7.8e-06
epsilon_k[6] 2.18e-05
omega_x0 0.168
omega_y0 0.201
dx 0.01
epsilon 32
max_turns 10000000
from_y 64
to_y 72
0.64 638 227 563 146 342 116 398 306 944 54 263 100 53 23 55 24 80 40 119 33 38 44 33 83 43 18 31 93 24 49 59 31 18 56 61 102 94 10 10 10 9 9 10 10 11 21 56 25 18 13 47 22 13 16 14 18 16 14 15 11 11 14 13 10 9 9 9 9 8 8 8 8 9 9 9 13 12 12 14 10 
0.65 342 5342 260 377 120 187 194 558 92 83 180 47 85 23 24 194 42 35 40 53 115 283 113 404 18 33 30 35 33 38 21 20 31 10 9 9 9 8 8 8 8 8 8 8 8 8 9 9 10 18 31 18 12 15 12 17 16 16 25 13 17 11 12 13 12 10 9 9 8 8 8 8 8 8 9 9 12 11 15 13 
0.66 98 466 389 160 187 67 62 172 100 88 171 45 27 40 107 25 85 94 40 96 91 57 246 88 21 33 29 48 62 40 51 9 9 8 8 8 8 8 8 8 8 8 8 8 8 8 8 8 8 8 9 9 15 13 11 14 13 16 13 11 18 13 13 11 14 15 10 9 9 8 8 8 8 8 8 9 9 12 11 13 
0.67 53 116 79 223 242 112 63 56 48 51 108 50 142 45 18 253 96 28 139 28 51 39 26 18 30 133 24 40 76 9 9 8 8 8 8 8 7 7 7 7 7 7 7 7 7 7 7 7 7 7 8 8 8 8 9 11 11 11 17 15 11 11 15 13 11 12 12 10 9 9 8 8 8 8 8 8 9 9 12 11 
0.68 82 51 372 250 4981 179 1210 160 35 285 71 57 46 38 17 92 29 146 98 308 76 91 17 26 44 17 39 11 9 8 8 8 8 7 7 7 7 7 7 7 7 7 7 7 7 7 7 7 7 7 7 7 7 7 8 8 9 10 11 10 13 16 10 10 15 14 11 19 11 9 9 8 8 8 8 8 8 9 9 18 
0.69 302 255 125 40 293 54 41 140 112 269 399 165 44 24 18 47 56 36 166 33 34 29 36 39 16 26 10 9 8 8 8 7 7 7 7 7 7 7 7 7 7 7 7 7 7 7 7 7 7 7 7 7 7 7 7 7 7 8 8 9 10 10 12 11 10 10 12 12 13 13 9 9 8 8 8 8 8 8 9 10 
0.7 139 68 96 113 78 194 83 70 67 61 53 87 35 17 169 29 27 76 47 54 86 20 26 31 30 10 9 8 8 8 7 7 7 7 7 7 7 7 7 7 7 7 7 7 7 7 6 7 7 7 7 7 7 7 7 7 7 7 7 7 8 9 10 10 15 10 10 11 15 11 13 10 9 8 8 8 8 8 8 9 
0.71 27 88 69 45 81 80 196 30 41 252 66 31 21 16 28 67 63 99 38 25 17 17 61 22 10 9 8 8 7 7 7 7 7 7 7 7 7 7 7 6 6 6 6 6 6 6 6 6 6 6 6 6 6 6 6 7 7 7 7 7 7 7 8 9 9 12 11 9 10 12 11 16 10 9 8 8 8 8 8 8 
