epsilon_k[0] 0.0001
epsilon_k[1] 2.18e-05
epsilon_k[2] 7.08e-05
epsilon_k[3] 2.54e-05
epsilon_k[4] 1e-05
epsilon_k[5] 7.8e-06
epsilon_k[6] 2.18e-05
omega_x0 0.168
omega_y0 0.201
dx 0.01
n_theta 100
dtheta 0.015708
epsilon 32
max_turns 10000000
from_angle 40
to_angle 48
0.628319 1e+07 1e+07 1e+07 1e+07 1e+07 1e+07 1e+07 1e+07 1e+07 1e+07 1e+07 1e+07 1e+07 1e+07 1e+07 1e+07 1e+07 1e+07 1e+07 1e+07 1e+07 1e+07 1e+07 1e+07 1e+07 1e+07 1e+07 1e+07 1e+07 1e+07 9.97137e+06 9.97137e+06 9.97137e+06 9.97137e+06 9.97137e+06 9.97137e+06 9.97137e+06 9.39214e+06 9.39214e+06 3.99265e+06 3.99265e+06 1.85921e+06 1.85921e+06 713745 713745 713745 405803 405803 189126 189126 189126 58074 5384 5384 5384 3131 3131 3131 534 
0.644026 1e+07 1e+07 1e+07 1e+07 1e+07 1e+07 1e+07 1e+07 1e+07 1e+07 1e+07 1e+07 1e+07 1e+07 1e+07 1e+07 1e+07 1e+07 1e+07 1e+07 1e+07 1e+07 1e+07 1e+07 1e+07 1e+07 1e+07 1e+07 1e+07 1e+07 1e+07 1e+07 1e+07 1e+07 3.26902e+06 3.26902e+06 2.25346e+06 2.25346e+06 2.25346e+06 2.25346e+06 2.25346e+06 1.78211e+06 1.55501e+06 456079 456079 456079 373670 373670 373670 54138 33479 22215 22215 12902 4094 2863 2523 2523 734 
0.659734 1e+07 1e+07 1e+07 1e+07 1e+07 1e+07 1e+07 1e+07 1e+07 1e+07 1e+07 1e+07 1e+07 1e+07 1e+07 1e+07 1e+07 1e+07 1e+07 1e+07 1e+07 1e+07 1e+07 1e+07 1e+07 1e+07 1e+07 1e+07 1e+07 1e+07 1e+07 1e+07 1e+07 1e+07 1e+07 6.74953e+06 6.74953e+06 5.02289e+06 5.02289e+06 5.02289e+06 5.02289e+06 4.18026e+06 599371 599371 599371 599371 503692 132825 132825 48428 48428 48428 7593 7593 7593 7593 7593 4072 1863 270 
0.675442 1e+07 1e+07 1e+07 1e+07 1e+07 1e+07 1e+07 1e+07 1e+07 1e+07 1e+07 1e+07 1e+07 1e+07 1e+07 1e+07 1e+07 1e+07 1e+07 1e+07 1e+07 1e+07 1e+07 1e+07 1e+07 1e+07 1e+07 1e+07 1e+07 1e+07 1e+07 1e+07 1e+07 1e+07 1e+07 1e+07 3.59849e+06 3.59849e+06 1.03605e+06 1.03605e+06 1.03605e+06 1.03605e+06 1.03605e+06 1.03605e+06 393094 329446 329446 90478 90478 90478 18843 18843 6658 6658 6658 2064 1873 759 
0.69115 1e+07 1e+07 1e+07 1e+07 1e+07 1e+07 1e+07 1e+07 1e+07 1e+07 1e+07 1e+07 1e+07 1e+07 1e+07 1e+07 1e+07 1e+07 1e+07 1e+07 1e+07 1e+07 1e+07 1e+07 1e+07 1e+07 1e+07 1e+07 1e+07 1e+07 1e+07 8.36625e+06 8.36625e+06 8.36625e+06 8.36625e+06 8.36625e+06 3.38255e+06 994738 994738 994738 724622 724622 724622 724622 724622 724622 724622 724622 85386 61588 5766 3901 3901 2656 2656 2656 595 
0.706858 1e+07 1e+07 1e+07 1e+07 1e+07 1e+07 1e+07 1e+07 1e+07 1e+07 1e+07 1e+07 1e+07 1e+07 1e+07 1e+07 1e+07 1e+07 1e+07 1e+07 1e+07 1e+07 1e+07 1e+07 1e+07 1e+07 1e+07 9.06712e+06 9.06712e+06 9.06712e+06 9.06712e+06 7.96657e+06 7.96657e+06 7.96657e+06 7.74394e+06 2.43273e+06 2.43273e+06 2.43273e+06 2.43273e+06 2.43273e+06 2.43273e+06 2.43273e+06 457406 162789 162789 162789 162789 162789 147428 54071 25563 25563 11387 1184 1184 1184 734 
0.722566 1e+07 1e+07 1e+07 1e+07 1e+07 1e+07 1e+07 1e+07 1e+07 1e+07 1e+07 1e+07 1e+07 1e+07 1e+07 1e+07 1e+07 1e+07 1e+07 1e+07 1e+07 1e+07 1e+07 1e+07 1e+07 1e+07 1e+07 1e+07 1e+07 1e+07 1e+07 4.61583e+06 4.61583e+06 4.61583e+06 1.1011e+06 1.1011e+06 1.1011e+06 1.1011e+06 1.1011e+06 1.1011e+06 1.1011e+06 1.1011e+06 769751 279246 279246 249437 249437 249437 110876 17411 17411 17411 9528 3700 3700 863 
0.738274 1e+07 1e+07 1e+07 1e+07 1e+07 1e+07 1e+07 1e+07 1e+07 1e+07 1e+07 1e+07 1e+07 1e+07 1e+07 1e+07 1e+07 1e+07 1e+07 1e+07 1e+07 1e+07 1e+07 1e+07 1e+07 1e+07 1e+07 1e+07 1e+07 9.55937e+06 9.55937e+06 7.93293e+06 1.79097e+06 1.79097e+06 1.79097e+06 1.79097e+06 1.79097e+06 1.79097e+06 1.79097e+06 1.79097e+06 1.79097e+06 242032 113981 113981 113981 113981 101303 101303 11283 11283 11283 2959 2959 1268 1268 1268 984 
