epsilon_k[0] 0.0001
epsilon_k[1] 2.18e-05
epsilon_k[2] 7.08e-05
epsilon_k[3] 2.54e-05
epsilon_k[4] 1e-05
epsilon_k[5] 7.8e-06
epsilon_k[6] 2.18e-05
omega_x0 0.168
omega_y0 0.201
dx 0.01
n_theta 100
dtheta 0.015708
epsilon 10
max_turns 10000000
from_angle 30
to_angle 35
0.471239 1e+07 1e+07 1e+07 1e+07 1e+07 1e+07 1e+07 1e+07 1e+07 1e+07 1e+07 1e+07 1e+07 1e+07 1e+07 1e+07 1e+07 1e+07 1e+07 1e+07 1e+07 1e+07 1e+07 1e+07 1e+07 1e+07 1e+07 1e+07 1e+07 1e+07 1e+07 1e+07 1e+07 1e+07 1e+07 1e+07 1e+07 1e+07 1e+07 1e+07 1e+07 1e+07 1e+07 1e+07 1e+07 1e+07 1e+07 1e+07 7.33644e+06 5.05684e+06 504365 1.91601e+06 193697 812260 51056 39398 2170 3333 5581 8351 5003 12220 940 442 176 90 369 77 4816 32 69 402 85 50 91 88 60 74 100 43 173 126 31 52 580 147 62 43 67 41 58 15 14 13 14 18 24 14 13 11 
0.486947 1e+07 1e+07 1e+07 1e+07 1e+07 1e+07 1e+07 1e+07 1e+07 1e+07 1e+07 1e+07 1e+07 1e+07 1e+07 1e+07 1e+07 1e+07 1e+07 1e+07 1e+07 1e+07 1e+07 1e+07 1e+07 1e+07 1e+07 1e+07 1e+07 1e+07 1e+07 1e+07 1e+07 1e+07 1e+07 1e+07 1e+07 1e+07 1e+07 1e+07 1e+07 1e+07 1e+07 1e+07 1e+07 1e+07 1e+07 1.35841e+06 3.22619e+06 470066 385560 367254 143841 74000 14188 4251 11290 6517 2940 3893 5163 652 1383 3059 7272 1030 427 360 207 45 31 32 159 329 30 184 89 59 82 58 178 89 64 46 85 130 35 38 28 57 23 28 41 20 27 29 19 27 16 19 
0.502655 1e+07 1e+07 1e+07 1e+07 1e+07 1e+07 1e+07 1e+07 1e+07 1e+07 1e+07 1e+07 1e+07 1e+07 1e+07 1e+07 1e+07 1e+07 1e+07 1e+07 1e+07 1e+07 1e+07 1e+07 1e+07 1e+07 1e+07 1e+07 1e+07 1e+07 1e+07 1e+07 1e+07 1e+07 1e+07 1e+07 1e+07 1e+07 1e+07 1e+07 1e+07 1e+07 1e+07 1e+07 1e+07 5.44439e+06 4.07882e+06 1e+07 2.53004e+06 986636 515700 78014 100265 103378 23995 10018 5200 6932 16423 11152 2895 633 1215 742 260 154 378 179 389 160 139 47 109 226 51 116 191 116 37 45 66 75 86 195 40 38 57 34 16 15 15 15 16 35 22 20 17 17 17 22 
0.518363 1e+07 1e+07 1e+07 1e+07 1e+07 1e+07 1e+07 1e+07 1e+07 1e+07 1e+07 1e+07 1e+07 1e+07 1e+07 1e+07 1e+07 1e+07 1e+07 1e+07 1e+07 1e+07 1e+07 1e+07 1e+07 1e+07 1e+07 1e+07 1e+07 1e+07 1e+07 1e+07 1e+07 1e+07 1e+07 1e+07 1e+07 1e+07 1e+07 1e+07 1e+07 1e+07 1e+07 1e+07 1e+07 3.52438e+06 2.15435e+06 1e+07 2.34636e+06 2.63641e+06 803176 174452 185083 38696 24012 3950 13844 3176 3037 3168 595 998 712495 426 4016 173 453 156 347 179 4107 88 220 111 92 451 33 301 40 70 78 63 45 107 48 32 27 29 18 23 31 21 29 32 48 11 10 10 9 9 
0.534071 1e+07 1e+07 1e+07 1e+07 1e+07 1e+07 1e+07 1e+07 1e+07 1e+07 1e+07 1e+07 1e+07 1e+07 1e+07 1e+07 1e+07 1e+07 1e+07 1e+07 1e+07 1e+07 1e+07 1e+07 1e+07 1e+07 1e+07 1e+07 1e+07 1e+07 1e+07 1e+07 1e+07 1e+07 1e+07 1e+07 1e+07 1e+07 1e+07 1e+07 1e+07 1e+07 1e+07 1e+07 1e+07 1e+07 1e+07 5.57167e+06 937366 3.14262e+06 1.42274e+06 246414 148920 36501 9061 9591 12264 2624 1699 1408 450 3225 1453 321 424 638 355 741 252 2559 567 53 49 87 134 44 90 55 140 54 80 73 263 59 48 37 21 36 35 19 19 23 11 10 9 9 9 8 8 8 
