epsilon_k[0] 0.1
epsilon_k[0] 2.18e-05
epsilon_k[0] 7.08e-05
epsilon_k[0] 2.54e-05
epsilon_k[0] 1e-05
epsilon_k[0] 7.8e-06
epsilon_k[0] 0.218
omega_x0 0.31
omega_y0 0.32
dx 0.01
n_theta 100
dtheta 0.00785398
epsilon 14
max_turns 10000000
from_angle 16
to_angle 24
0.125664 1e+07 12174 4723 2250 967 
0.133518 1e+07 12174 4724 2680 968 
0.141372 1e+07 12174 4729 2220 970 
0.149226 1e+07 12176 4733 2224 971 
0.15708 1e+07 12180 4740 2230 973 
0.164934 1e+07 12187 4761 2227 974 
0.172788 1e+07 12185 4838 2226 976 
0.180642 1e+07 12186 4915 2226 994 
