epsilon_k[0]0.1
epsilon_k[0]2.18e-05
epsilon_k[0]7.08e-05
epsilon_k[0]2.54e-05
epsilon_k[0]1e-05
epsilon_k[0]7.8e-06
epsilon_k[0]0.218
omega_x01.94779
omega_y02.01062
dx 0.01
n_theta 100
dtheta 0.00785398
epsilon 12
max_turns 10000000
from_angle 16
to_angle 24
0.125664 1e+07 3.2142e+06 47174 44491 4495 4495 2708 1052 529 
0.133518 1e+07 6.11468e+06 45933 38357 4503 4503 2633 969 
0.141372 1e+07 4.8828e+06 44151 43687 4531 4531 2277 943 
0.149226 1e+07 8.11691e+06 43414 39791 4537 4537 2096 905 
0.15708 1e+07 7.15501e+06 40747 22763 4562 4214 2425 934 
0.164934 1e+07 3.20853e+06 40461 24488 4638 3995 1957 949 
0.172788 1e+07 2.92107e+06 40106 23514 4764 3923 1955 998 
0.180642 1e+07 6.29984e+06 40173 31534 4902 4169 2006 992 
