epsilon_k[0] 0.1
epsilon_k[0] 2.18e-05
epsilon_k[0] 7.08e-05
epsilon_k[0] 2.54e-05
epsilon_k[0] 1e-05
epsilon_k[0] 7.8e-06
epsilon_k[0] 0.218
omega_x0 0.31
omega_y0 0.32
dx 0.01
n_theta 100
dtheta 0.00785398
epsilon 32
max_turns 10000000
from_angle 32
to_angle 40
0.251327 1e+07 37787 8331 3945 3274 2546 1777 1209 726 
0.259181 1e+07 37657 8345 3932 3269 2556 1777 1323 716 
0.267035 1e+07 37636 8314 3924 3271 2582 1777 1596 707 
0.274889 1e+07 37638 8416 3945 3306 2645 1778 1570 708 
0.282743 1e+07 37632 8109 4046 3319 2616 1784 1311 713 
0.290597 1e+07 37361 7976 4140 3335 2623 1795 1243 780 
0.298451 1e+07 37422 7922 4145 3403 2635 1808 1233 789 
0.306305 1e+07 37056 7926 4304 3490 2635 1801 1233 732 
