epsilon_k[0] 0.0001
epsilon_k[1] 2.18e-05
epsilon_k[2] 7.08e-05
epsilon_k[3] 2.54e-05
epsilon_k[4] 1e-05
epsilon_k[5] 7.8e-06
epsilon_k[6] 2.18e-05
omega_x0 0.168
omega_y0 0.201
dx 0.01
n_theta 100
dtheta 0.015708
epsilon 64
max_turns 10000000
from_angle 60
to_angle 65
0.942478 1e+07 1e+07 1e+07 1e+07 1e+07 1e+07 1e+07 1e+07 1e+07 1e+07 1e+07 1e+07 1e+07 1e+07 1e+07 1e+07 1e+07 1e+07 1e+07 1e+07 1e+07 1e+07 1e+07 1e+07 1e+07 1e+07 1e+07 1e+07 1e+07 1e+07 1e+07 1e+07 6.49593e+06 6.52865e+06 2.38188e+06 1.55781e+06 104858 147161 97060 98510 108289 50378 54441 13081 24541 15041 27499 9765 3142 3847 739 2541 5138 2024 370 1179 281 1181 606 173 191 317 347 450 134 80 38 59 16 28 36 14 14 27 26 47 31 13 18 18 34 9 8 8 7 7 7 7 6 6 6 6 6 6 6 6 6 6 6 5 
0.958186 1e+07 1e+07 1e+07 1e+07 1e+07 1e+07 1e+07 1e+07 1e+07 1e+07 1e+07 1e+07 1e+07 1e+07 1e+07 1e+07 1e+07 1e+07 1e+07 1e+07 1e+07 1e+07 1e+07 1e+07 1e+07 1e+07 1e+07 1e+07 1e+07 1e+07 1e+07 1e+07 1e+07 4.15341e+06 976932 196482 1.2301e+06 1.32259e+06 112213 17255 51631 200030 63647 8122 13190 9153 7409 74760 2899 5675 2790 3218 1452 1117 1282 1356 778 1199 665 228 393 2136 186 104 51 100 51 16 28 44 54 34 40 79 67 64 14 29 16 24 9 8 7 7 7 7 7 6 6 6 6 6 6 6 6 6 6 5 5 5 
0.973894 1e+07 1e+07 1e+07 1e+07 1e+07 1e+07 1e+07 1e+07 1e+07 1e+07 1e+07 1e+07 1e+07 1e+07 1e+07 1e+07 1e+07 1e+07 1e+07 1e+07 1e+07 1e+07 1e+07 1e+07 1e+07 1e+07 1e+07 1e+07 1e+07 1e+07 1e+07 1e+07 1e+07 7.37676e+06 2.91804e+06 1.70419e+06 411609 36617 184155 40584 41751 48367 15448 17609 18550 8230 44981 13082 5432 3205 757 6056 7773 740 1942 3934 781 9923 667 271 457 316 163 174 63 40 17 30 19 21 56 29 376 29 26 14 22 24 11 8 8 7 7 7 7 6 6 6 6 6 6 6 6 6 6 6 5 5 5 5 
0.989602 1e+07 1e+07 1e+07 1e+07 1e+07 1e+07 1e+07 1e+07 1e+07 1e+07 1e+07 1e+07 1e+07 1e+07 1e+07 1e+07 1e+07 1e+07 1e+07 1e+07 1e+07 1e+07 1e+07 1e+07 1e+07 1e+07 1e+07 1e+07 1e+07 1e+07 1e+07 1e+07 1e+07 1e+07 9.8367e+06 3.08192e+06 499708 470088 226136 37288 34012 50689 13448 18789 12722 20998 2949 3568 2274 1482 500 525 3865 816 792 3655 936 727 1471 1842 199 293 85 177 370 18 18 22 154 29 28 83 86 67 14 124 29 11 8 8 7 7 7 7 7 6 6 6 6 6 6 6 6 6 6 5 5 5 5 5 
1.00531 1e+07 1e+07 1e+07 1e+07 1e+07 1e+07 1e+07 1e+07 1e+07 1e+07 1e+07 1e+07 1e+07 1e+07 1e+07 1e+07 1e+07 1e+07 1e+07 1e+07 1e+07 1e+07 1e+07 1e+07 1e+07 1e+07 1e+07 1e+07 1e+07 1e+07 1e+07 1e+07 1e+07 6.096e+06 1e+07 1e+07 839082 817708 111094 73885 122039 169607 5132 6336 159847 12737 2114 5016 3360 10901 2217 430 1621 5455 2385 2440 1196 1741 240 472 277 75 122 24 26 17 23 137 170 26 88 56 34 14 18 18 59 9 8 7 7 7 7 7 6 6 6 6 6 6 6 6 6 6 5 5 5 5 5 5 
