epsilon_k[0]0.1
epsilon_k[0]2.18e-05
epsilon_k[0]7.08e-05
epsilon_k[0]2.54e-05
epsilon_k[0]1e-05
epsilon_k[0]7.8e-06
epsilon_k[0]0.218
omega_x01.05558
omega_y01.26292
dx 0.01
n_theta 100
dtheta 0.00785398
epsilon 16
max_turns 10000000
from_angle 64
to_angle 72
0.502655 1e+07 137249 9572 9203 8950 8950 1282 883 
0.510509 1e+07 596675 9560 7851 7851 7851 1275 880 
0.518363 1e+07 113124 9576 7818 7818 7818 1279 864 
0.526217 1e+07 73226 9601 8141 8141 8141 1295 861 
0.534071 1e+07 62811 9646 7156 7156 6263 1486 858 
0.541925 1e+07 59933 9687 7147 7147 4762 1212 858 
0.549779 1e+07 59725 9752 7188 7188 3488 1154 858 
0.557633 1e+07 69184 9761 7910 5779 2905 1132 859 
0.565487 1e+07 67923 9730 8180 5362 2687 1102 861 
