epsilon_k[0] 0.0001
epsilon_k[1] 2.18e-05
epsilon_k[2] 7.08e-05
epsilon_k[3] 2.54e-05
epsilon_k[4] 1e-05
epsilon_k[5] 7.8e-06
epsilon_k[6] 2.18e-05
omega_x0 0.168
omega_y0 0.201
dx 0.01
n_theta 100
dtheta 0.015708
epsilon 36
max_turns 10000000
from_angle 90
to_angle 95
1.41372 1e+07 1e+07 1e+07 1e+07 1e+07 1e+07 1e+07 1e+07 1e+07 1e+07 1e+07 1e+07 1e+07 1e+07 1e+07 1e+07 1e+07 1e+07 1e+07 1e+07 1e+07 1e+07 1e+07 1e+07 1e+07 1e+07 1e+07 1e+07 1e+07 1e+07 1e+07 1e+07 1e+07 1e+07 1e+07 1e+07 1e+07 4.15725e+06 9.59485e+06 4.26035e+06 1e+07 1.36582e+06 1e+07 402029 241061 710854 281412 2.55686e+06 18041 29516 3844 1405 2662 2658 1741 566 1925 1511 811 487 213 469 104 204 271 298 53 48 56 121 64 458 100 86 34 30 18 21 16 15 17 25 34 14 16 16 17 15 11 11 10 10 10 10 10 10 10 10 10 11 
1.42942 1e+07 1e+07 1e+07 1e+07 1e+07 1e+07 1e+07 1e+07 1e+07 1e+07 1e+07 1e+07 1e+07 1e+07 1e+07 1e+07 1e+07 1e+07 1e+07 1e+07 1e+07 1e+07 1e+07 1e+07 1e+07 1e+07 1e+07 1e+07 1e+07 1e+07 1e+07 1e+07 1e+07 1e+07 1e+07 1e+07 1e+07 1e+07 1e+07 4.40513e+06 6.27544e+06 1.82014e+06 7.41644e+06 3.54766e+06 1e+07 241895 89930 188215 43774 68962 4512 26192 402766 12202 714 467 2456 952 1684 1294 301 89 122 63 130 87 72 116 146 74 126 32 61 114 215 27 40 17 14 14 14 14 15 17 17 18 15 15 17 14 13 12 13 20 12 11 10 10 10 10 
1.44513 1e+07 1e+07 1e+07 1e+07 1e+07 1e+07 1e+07 1e+07 1e+07 1e+07 1e+07 1e+07 1e+07 1e+07 1e+07 1e+07 1e+07 1e+07 1e+07 1e+07 1e+07 1e+07 1e+07 1e+07 1e+07 1e+07 1e+07 1e+07 1e+07 1e+07 1e+07 1e+07 1e+07 1e+07 1e+07 1e+07 1e+07 1e+07 1e+07 1e+07 1e+07 2.85276e+06 827806 1.33962e+06 207501 1.80053e+06 804948 333901 367898 170196 102928 2598 12791 1300 14663 2311 1822 1207 1792 1316 715 286 725 1136 191 120 75 189 82 117 36 29 29 98 50 58 39 45 82 50 30 25 20 14 13 13 13 12 12 12 12 12 12 12 11 11 11 11 11 11 
1.46084 1e+07 1e+07 1e+07 1e+07 1e+07 1e+07 1e+07 1e+07 1e+07 1e+07 1e+07 1e+07 1e+07 1e+07 1e+07 1e+07 1e+07 1e+07 1e+07 1e+07 1e+07 1e+07 1e+07 1e+07 1e+07 1e+07 1e+07 1e+07 1e+07 1e+07 1e+07 1e+07 1e+07 1e+07 1e+07 1e+07 1e+07 1e+07 1e+07 1e+07 1.15459e+06 6.52805e+06 1e+07 1.61569e+06 1e+07 4.36922e+06 312445 55433 329145 19772 17440 9622 4014 2854 998 1703 7935 926 930 861 491 1093 134 206 371 509 95 74 48 66 52 38 77 126 26 40 30 52 24 29 19 20 25 18 17 21 19 14 13 13 14 17 16 14 14 11 10 10 10 10 
1.47655 1e+07 1e+07 1e+07 1e+07 1e+07 1e+07 1e+07 1e+07 1e+07 1e+07 1e+07 1e+07 1e+07 1e+07 1e+07 1e+07 1e+07 1e+07 1e+07 1e+07 1e+07 1e+07 1e+07 1e+07 1e+07 1e+07 1e+07 1e+07 1e+07 1e+07 1e+07 1e+07 1e+07 1e+07 1e+07 1e+07 1e+07 1e+07 1e+07 9.23231e+06 8.47062e+06 1e+07 1.41228e+06 1.06242e+06 1.26189e+06 442959 360497 578293 247309 37899 60474 6195 122815 1950 11927 2397 1363 343 1135 851 356 228 164 226 251 175 200 251 94 188 136 147 120 27 38 63 60 48 25 26 65 15 16 22 16 22 24 12 11 10 10 10 9 9 9 9 9 9 9 9 
1.49226 1e+07 1e+07 1e+07 1e+07 1e+07 1e+07 1e+07 1e+07 1e+07 1e+07 1e+07 1e+07 1e+07 1e+07 1e+07 1e+07 1e+07 1e+07 1e+07 1e+07 1e+07 1e+07 1e+07 1e+07 1e+07 1e+07 1e+07 1e+07 1e+07 1e+07 1e+07 1e+07 1e+07 1e+07 1e+07 1e+07 1e+07 1e+07 1e+07 1e+07 1e+07 3.43769e+06 1e+07 9.03669e+06 3.13194e+06 2.23673e+06 3.23031e+06 450413 638366 570024 60462 72506 27176 8173 3353 1094 506 480 852 405 141 662 135 339 138 216 83 199 65 61 183 66 65 74 32 41 20 53 71 64 25 18 25 17 12 11 10 10 10 10 9 9 9 9 9 9 9 9 8 8 
