epsilon_k[0] 0.0001
epsilon_k[1] 2.18e-05
epsilon_k[2] 7.08e-05
epsilon_k[3] 2.54e-05
epsilon_k[4] 1e-05
epsilon_k[5] 7.8e-06
epsilon_k[6] 2.18e-05
omega_x0 0.168
omega_y0 0.201
dx 0.01
epsilon 1
max_turns 10000000
from_y 24
to_y 32
0.24 1e+07 1e+07 1e+07 1e+07 1e+07 1e+07 1e+07 1e+07 1e+07 1e+07 1e+07 1e+07 1e+07 1e+07 1e+07 1e+07 1e+07 1e+07 1e+07 1e+07 1e+07 1e+07 1e+07 1e+07 1e+07 1e+07 1e+07 1e+07 1e+07 1e+07 1e+07 1e+07 1e+07 1e+07 1e+07 1e+07 1e+07 1e+07 1e+07 1e+07 1e+07 1e+07 1e+07 1e+07 6.37058e+06 1.22105e+06 336696 28998 34511 110343 23130 7290 23041 59523 1.51204e+06 5279 457 1214 3641 892 780 1237 492 988 73 95 923 388 202 280 260 408 186 394 1062 347 22 59 58 97 
0.25 1e+07 1e+07 1e+07 1e+07 1e+07 1e+07 1e+07 1e+07 1e+07 1e+07 1e+07 1e+07 1e+07 1e+07 1e+07 1e+07 1e+07 1e+07 1e+07 1e+07 1e+07 1e+07 1e+07 1e+07 1e+07 1e+07 1e+07 1e+07 1e+07 1e+07 1e+07 1e+07 1e+07 1e+07 1e+07 1e+07 1e+07 1e+07 1e+07 1e+07 1e+07 1e+07 1e+07 1e+07 1e+07 581112 2.47444e+06 2.00337e+06 27446 12621 7770 1725 8550 9126 1559 2283 3728 3219 1354 831 5388 1508 1485 501 60 78 312 608 835 68 145 92 475 91 320 57 705 95 152 166 
0.26 1e+07 1e+07 1e+07 1e+07 1e+07 1e+07 1e+07 1e+07 1e+07 1e+07 1e+07 1e+07 1e+07 1e+07 1e+07 1e+07 1e+07 1e+07 1e+07 1e+07 1e+07 1e+07 1e+07 1e+07 1e+07 1e+07 1e+07 1e+07 1e+07 1e+07 1e+07 1e+07 1e+07 1e+07 1e+07 1e+07 1e+07 1e+07 1e+07 1e+07 1e+07 1e+07 1e+07 1.34324e+06 1e+07 1e+07 1e+07 79516 10509 9591 5228 6365 2352 947 2365 1724 2863 7164 4379 1851 510 468 519 2212 152 102 667 185 710 611 90 73 83 85 52 317 76 39 115 86 
0.27 1e+07 1e+07 1e+07 1e+07 1e+07 1e+07 1e+07 1e+07 1e+07 1e+07 1e+07 1e+07 1e+07 1e+07 1e+07 1e+07 1e+07 1e+07 1e+07 1e+07 1e+07 1e+07 1e+07 1e+07 1e+07 1e+07 1e+07 1e+07 1e+07 1e+07 1e+07 1e+07 1e+07 1e+07 1e+07 6.56316e+06 1e+07 1e+07 8.66561e+06 1e+07 1e+07 1e+07 1e+07 1e+07 1e+07 1e+07 42498 8340 9326 5238 11542 2371 17140 3158 1216 44048 621 657 3703 262 515 285 978 304 152 124 82 147 111 407 102 439 96 222 200 33 24 67 21 190 
0.28 1e+07 1e+07 1e+07 1e+07 1e+07 1e+07 1e+07 1e+07 1e+07 1e+07 1e+07 1e+07 1e+07 1e+07 1e+07 1e+07 1e+07 1e+07 1e+07 1e+07 1e+07 1e+07 1e+07 1e+07 1e+07 1e+07 1e+07 1e+07 1e+07 1e+07 1e+07 1e+07 1e+07 6.71282e+06 3.50958e+06 7.99758e+06 4.93946e+06 1.41876e+06 3.64895e+06 4.51547e+06 1e+07 4.37376e+06 1e+07 1e+07 1e+07 19296 31191 4162 6870 6816 1135 1795 1770 1218 716 503 1001 2450 1796 183 858 150 74 276 158 252 235 54 138 236 404 1296 82 63 35 119 15 16 29 34 
0.29 1e+07 1e+07 1e+07 1e+07 1e+07 1e+07 1e+07 1e+07 1e+07 1e+07 1e+07 1e+07 1e+07 1e+07 1e+07 1e+07 1e+07 1e+07 1e+07 1e+07 1e+07 1e+07 1e+07 1e+07 1e+07 5.50821e+06 1e+07 1e+07 1e+07 4.11151e+06 7.92622e+06 1e+07 1e+07 6.26721e+06 2.28039e+06 700198 910719 1.77081e+06 3.00616e+06 2.631e+06 991125 899401 1e+07 413665 42385 11260 2328 26197 3361 2333 2662 5687 5789 1755 1309 534 4058 519 340 342 129 86 171 213 916 1382 88 720 65 129 93 243 128 95 325 23 15 14 16 902 
0.3 1e+07 1e+07 1e+07 1e+07 1e+07 1e+07 1e+07 1e+07 1e+07 1e+07 1e+07 1e+07 1e+07 1e+07 1e+07 1e+07 1e+07 1e+07 1e+07 1e+07 1e+07 1e+07 1e+07 1e+07 1e+07 7.956e+06 1.86241e+06 1e+07 1e+07 1e+07 1e+07 1e+07 6.68235e+06 1e+07 1.65029e+06 1.47683e+06 164593 165189 74284 202387 38749 3.05159e+06 313298 91345 32278 13441 9656 9311 7526 5678 1716 2991 756 1256 1674 2614 1485 427 575 227 91 33 63 256 90 174 314 375 1593 178 67 34 145 146 91 217 24 13 13 37 
0.31 1e+07 1e+07 1e+07 1e+07 1e+07 1e+07 1e+07 1e+07 1e+07 1e+07 1e+07 1e+07 1e+07 1e+07 1e+07 1e+07 1e+07 1e+07 1e+07 1e+07 1e+07 1e+07 1e+07 1e+07 1e+07 5.69972e+06 6.77762e+06 4.50594e+06 1e+07 4.54323e+06 1e+07 5.67964e+06 538155 1.82085e+06 738583 1.58732e+06 448784 12308 65418 13133 52275 140013 50841 10935 20796 9341 3287 4823 13146 2839 1086 2362 708 3334 932 5986 1833 522 4291 129 75 32 49 87 140 126 266 43 32 87 322 1021 36 53 74 20 55 14 13 13 
