epsilon_k[0] 0.0001
epsilon_k[1] 2.18e-05
epsilon_k[2] 7.08e-05
epsilon_k[3] 2.54e-05
epsilon_k[4] 1e-05
epsilon_k[5] 7.8e-06
epsilon_k[6] 2.18e-05
omega_x0 0.168
omega_y0 0.201
dx 0.01
n_theta 100
dtheta 0.015708
epsilon 52
max_turns 10000000
from_angle 50
to_angle 55
0.785398 1e+07 1e+07 1e+07 1e+07 1e+07 1e+07 1e+07 1e+07 1e+07 1e+07 1e+07 1e+07 1e+07 1e+07 1e+07 1e+07 1e+07 1e+07 1e+07 1e+07 1e+07 1e+07 1e+07 1e+07 1e+07 1e+07 1e+07 1e+07 8.47573e+06 6.22871e+06 4.61154e+06 2.54313e+06 1.11204e+06 901479 5.23683e+06 1e+07 951266 4.40204e+06 1.55228e+06 92065 204931 5.59874e+06 334169 207831 348926 84817 176371 10259 39064 5283 1901 2917 2189 3248 2842 4418 3108 208 458 1542 284 261 155 74 49 649 84 19 63 20 12 11 11 11 10 10 10 10 10 10 10 10 10 9 9 9 9 9 9 9 9 9 10 10 10 10 11 12 14 14 
0.801106 1e+07 1e+07 1e+07 1e+07 1e+07 1e+07 1e+07 1e+07 1e+07 1e+07 1e+07 1e+07 1e+07 1e+07 1e+07 1e+07 1e+07 1e+07 1e+07 1e+07 1e+07 1e+07 1e+07 1e+07 1e+07 1e+07 4.89218e+06 1e+07 3.1554e+06 1e+07 7.00758e+06 5.54594e+06 2.12811e+06 6.59007e+06 279118 1e+07 211836 337531 473396 783958 381894 43013 108396 37622 36206 14418 35210 231706 20333 4537 1713 1809 2176 2842 721 317 2830 601 526 107 67895 124 109 64 118 339 104 18 38 23 13 12 11 11 11 10 10 10 10 10 10 10 10 10 10 10 11 12 13 15 13 14 14 13 11 11 12 15 12 17 
0.816814 1e+07 1e+07 1e+07 1e+07 1e+07 1e+07 1e+07 1e+07 1e+07 1e+07 1e+07 1e+07 1e+07 1e+07 1e+07 1e+07 1e+07 1e+07 1e+07 1e+07 1e+07 1e+07 1e+07 1e+07 1e+07 1e+07 1e+07 5.91885e+06 1e+07 1e+07 3.36291e+06 989078 801807 582546 2.3094e+06 589241 2.54143e+06 1.19387e+06 3.45105e+06 5.78623e+06 276412 54078 143157 274390 60179 40102 23296 13602 12740 3367 20930 8308 2255 1019 406 934 1088 402 405 3309 67 777 885 52 266 180 235 44 221 25 28 13 12 12 11 11 11 11 12 12 14 14 16 17 13 18 14 15 12 11 11 15 13 13 11 10 10 9 9 10 
0.832522 1e+07 1e+07 1e+07 1e+07 1e+07 1e+07 1e+07 1e+07 1e+07 1e+07 1e+07 1e+07 1e+07 1e+07 1e+07 1e+07 1e+07 1e+07 1e+07 1e+07 1e+07 1e+07 1e+07 1e+07 1e+07 1e+07 1e+07 1e+07 1e+07 1.87354e+06 1.97624e+06 1e+07 1.93726e+06 1.27236e+06 621463 870657 879881 4.35452e+06 1.19067e+06 154018 226093 353546 110450 12272 30656 9494 41960 17196 18653 4850 6372 3343 1330 3535 1043 583 894 395 735 264 346 461 28 30 900 90 127 122 27 20 18 20 30 17 21 34 53 17 20 14 14 19 15 13 12 11 12 20 15 14 16 10 10 10 14 12 10 9 9 8 
0.84823 1e+07 1e+07 1e+07 1e+07 1e+07 1e+07 1e+07 1e+07 1e+07 1e+07 1e+07 1e+07 1e+07 1e+07 1e+07 1e+07 1e+07 1e+07 1e+07 1e+07 1e+07 1e+07 1e+07 1e+07 1e+07 1e+07 1e+07 1e+07 1e+07 5.27683e+06 4.02512e+06 4.98339e+06 1.94076e+06 1e+07 241939 1.36841e+06 700361 335571 6.1758e+06 88668 45050 789221 13412 7358 153829 12431 35583 31309 6071 3333 2142 5564 27636 931 2463 511 320 293 134 459 93 56 29 19 27 43 25 151 86 56 140 76 23 16 19 29 15 26 16 40 13 12 12 12 15 22 16 18 11 13 17 14 10 10 9 8 8 7 7 7 
