epsilon_k[0] 0.0001
epsilon_k[1] 2.18e-05
epsilon_k[2] 7.08e-05
epsilon_k[3] 2.54e-05
epsilon_k[4] 1e-05
epsilon_k[5] 7.8e-06
epsilon_k[6] 2.18e-05
omega_x0 0.168
omega_y0 0.201
dx 0.01
n_theta 100
dtheta 0.015708
epsilon 56
max_turns 10000000
from_angle 95
to_angle 101
1.49226 1e+07 1e+07 1e+07 1e+07 1e+07 1e+07 1e+07 1e+07 1e+07 1e+07 1e+07 1e+07 1e+07 1e+07 1e+07 1e+07 1e+07 1e+07 1e+07 1e+07 1e+07 1e+07 1e+07 1e+07 1e+07 1e+07 1e+07 1e+07 1e+07 1e+07 1e+07 1e+07 1e+07 1e+07 1e+07 1e+07 6.00381e+06 1e+07 3.447e+06 3.58432e+06 2.37248e+06 1.3871e+06 4.62786e+06 613927 1.232e+06 65417 88677 154165 48346 12315 207268 9649 21461 2219 1959 11638 1205 353 802 418 91 312 166 567 264 691 126 204 69 81 84 301 138 81 34 30 20 37 115 33 29 26 17 45 30 11 10 10 10 10 9 9 9 9 9 9 9 9 8 8 
1.50796 1e+07 1e+07 1e+07 1e+07 1e+07 1e+07 1e+07 1e+07 1e+07 1e+07 1e+07 1e+07 1e+07 1e+07 1e+07 1e+07 1e+07 1e+07 1e+07 1e+07 1e+07 1e+07 1e+07 1e+07 1e+07 1e+07 1e+07 1e+07 1e+07 1e+07 1e+07 1e+07 1e+07 1e+07 1e+07 1e+07 1e+07 1e+07 6.37657e+06 9.16685e+06 3.12616e+06 1.00992e+06 324725 671665 443129 1e+07 888214 745797 259118 13089 38377 21292 48976 3768 1338 18612 1014 1186 710 1134 2145 2003 1405 1452 406 114 175 62 90 5024 491 54 105 41 29 21 124 60 151 38 33 26 37 22 12 11 10 10 10 10 9 9 9 9 9 9 9 9 9 9 
1.52367 1e+07 1e+07 1e+07 1e+07 1e+07 1e+07 1e+07 1e+07 1e+07 1e+07 1e+07 1e+07 1e+07 1e+07 1e+07 1e+07 1e+07 1e+07 1e+07 1e+07 1e+07 1e+07 1e+07 1e+07 1e+07 1e+07 1e+07 1e+07 1e+07 1e+07 1e+07 1e+07 1e+07 1e+07 1e+07 1e+07 1e+07 6.97064e+06 8.70124e+06 7.49204e+06 2.47072e+06 1.63356e+06 1.85893e+06 1e+07 2.06121e+06 488670 2.45865e+06 100675 132037 61462 28529 381561 16184 22886 7928 4096 1478 4291 946 734 500 288 1716 986 198 251 109 128 560 49 202 102 41 30 20 61 22 30 34 21 43 37 30 25 369 13 11 11 11 10 10 10 10 10 10 10 10 10 10 11 
1.53938 1e+07 1e+07 1e+07 1e+07 1e+07 1e+07 1e+07 1e+07 1e+07 1e+07 1e+07 1e+07 1e+07 1e+07 1e+07 1e+07 1e+07 1e+07 1e+07 1e+07 1e+07 1e+07 1e+07 1e+07 1e+07 1e+07 1e+07 1e+07 1e+07 1e+07 1e+07 1e+07 1e+07 1e+07 1e+07 1e+07 1e+07 1e+07 1e+07 7.0164e+06 4.27483e+06 5.80003e+06 1.54284e+06 1.44902e+06 1.65542e+06 259234 348245 2.01934e+06 287025 65819 401719 30706 12191 50545 5272 10119 16523 12005 491 1446 3111 4999 288 676 1032 154 972 275 75 89 111 55 28 20 63 64 56 24 40 49 20 56 24 38 24 22 34 19 19 19 17 16 15 18 17 14 15 12 12 11 
1.55509 1e+07 1e+07 1e+07 1e+07 1e+07 1e+07 1e+07 1e+07 1e+07 1e+07 1e+07 1e+07 1e+07 1e+07 1e+07 1e+07 1e+07 1e+07 1e+07 1e+07 1e+07 1e+07 1e+07 1e+07 1e+07 1e+07 1e+07 1e+07 1e+07 1e+07 1e+07 1e+07 1e+07 1e+07 1e+07 1e+07 1e+07 1e+07 8.07615e+06 2.90918e+06 2.16029e+06 3.37278e+06 7.99376e+06 1.48402e+06 2.2733e+06 885580 530651 456736 416356 1.16299e+06 232705 84358 33576 7028 9728 23783 22448 4013 1428 1732 533 1035 286 132 172 216 410 87 79 69 209 28 20 67 64 69 99 43 65 19 82 18 18 47 22 18 16 16 15 13 12 12 12 12 12 12 14 15 17 20 
1.5708 1e+07 1e+07 1e+07 1e+07 1e+07 1e+07 1e+07 1e+07 1e+07 1e+07 1e+07 1e+07 1e+07 1e+07 1e+07 1e+07 1e+07 1e+07 1e+07 1e+07 1e+07 1e+07 1e+07 1e+07 1e+07 1e+07 1e+07 1e+07 1e+07 1e+07 1e+07 1e+07 1e+07 1e+07 1e+07 1e+07 1e+07 1e+07 1e+07 4.52344e+06 1e+07 1e+07 5.07477e+06 660102 790955 192930 1.10122e+06 808112 231324 761431 412477 1.41718e+06 74800 92275 54196 2706 15694 8014 64901 3650 1099 852 153 1594 896 413 336 126 96 97 44 43 20 95 30 26 26 24 16 15 14 14 13 13 13 13 13 12 13 13 14 17 15 147 26 20 19 19 11 11 
1.5865 1e+07 1e+07 1e+07 1e+07 1e+07 1e+07 1e+07 1e+07 1e+07 1e+07 1e+07 1e+07 1e+07 1e+07 1e+07 1e+07 1e+07 1e+07 1e+07 1e+07 1e+07 1e+07 1e+07 1e+07 1e+07 1e+07 1e+07 1e+07 1e+07 1e+07 1e+07 1e+07 1e+07 1e+07 1e+07 1e+07 1e+07 1e+07 1e+07 1e+07 1e+07 937797 2.69816e+06 2.62788e+06 696161 1.14259e+06 1.587e+06 244878 77333 639399 91009 166712 180653 16636 26145 17153 36385 18631 1000 1488 56186 316 1798 316 3710 359 204 83 64 58 305 1042 20 35 33 26 44 37 15 14 14 14 14 14 29 26 28 26 28 25 24 30 24 29 14 12 11 12 13 22 
