epsilon_k[0] 0.1
epsilon_k[0] 2.18e-05
epsilon_k[0] 7.08e-05
epsilon_k[0] 2.54e-05
epsilon_k[0] 1e-05
epsilon_k[0] 7.8e-06
epsilon_k[0] 0.218
omega_x0 0.168
omega_y0 0.201
dx 0.01
n_theta 100
dtheta 0.00785398
epsilon 2
max_turns 10000000
from_angle 56
to_angle 64
0.439823 1e+07 1e+07 1e+07 1e+07 1e+07 1e+07 1e+07 1e+07 9.82297e+06 536097 536097 344972 178445 178445 178445 23129 23129 15890 15890 2943 1351 1351 1351 1351 1351 1351 409 
0.447677 1e+07 1e+07 1e+07 1e+07 1e+07 1e+07 1e+07 8.68848e+06 8.68848e+06 1.2565e+06 547397 193131 172367 103719 67109 67109 17766 17766 9092 7246 1927 1927 1927 1418 1418 1205 1199 414 
0.455531 1e+07 1e+07 1e+07 1e+07 1e+07 1e+07 1e+07 1e+07 789382 789382 789382 146323 146323 88699 88699 26453 26300 13979 13979 3945 2144 2144 1355 1346 1346 1270 1209 402 
0.463385 1e+07 1e+07 1e+07 1e+07 1e+07 1e+07 1e+07 1e+07 731437 731437 314520 314520 102697 85562 85562 85562 18569 18569 18569 2220 2220 2220 1282 1275 1275 551 
0.471239 1e+07 1e+07 1e+07 1e+07 1e+07 1e+07 1e+07 4.17093e+06 1.59174e+06 1.41609e+06 231397 105379 92563 92563 92563 26197 21809 21809 17412 16832 16832 3486 2617 1278 1278 486 
0.479093 1e+07 1e+07 1e+07 1e+07 1e+07 1e+07 1e+07 1e+07 6.33594e+06 721820 116735 105381 105381 55565 28331 28331 28331 28331 28250 9955 4665 4665 2788 2788 2287 1129 406 
0.486947 1e+07 1e+07 1e+07 1e+07 1e+07 1e+07 1e+07 1e+07 1e+07 651646 28690 28690 23620 23620 23620 23620 23620 23620 15314 6151 5291 1205 1202 1202 1202 486 
0.494801 1e+07 1e+07 1e+07 1e+07 1e+07 1e+07 1e+07 1e+07 1e+07 4.8061e+06 190526 190526 190526 65444 64204 64204 64204 32449 9010 9010 5282 2001 1340 1340 1340 1340 482 
