epsilon_k[0] 0.0001
epsilon_k[1] 2.18e-05
epsilon_k[2] 7.08e-05
epsilon_k[3] 2.54e-05
epsilon_k[4] 1e-05
epsilon_k[5] 7.8e-06
epsilon_k[6] 2.18e-05
omega_x0 0.168
omega_y0 0.201
dx 0.01
n_theta 100
dtheta 0.015708
epsilon 60
max_turns 10000000
from_angle 50
to_angle 55
0.785398 1e+07 1e+07 1e+07 1e+07 1e+07 1e+07 1e+07 1e+07 1e+07 1e+07 1e+07 1e+07 1e+07 1e+07 1e+07 1e+07 1e+07 1e+07 1e+07 1e+07 1e+07 1e+07 1e+07 1e+07 1e+07 1e+07 1e+07 1e+07 9.28633e+06 9.78212e+06 4.09502e+06 1e+07 1.33627e+06 629657 779023 342624 296000 785540 5.25314e+06 302347 172311 1.83048e+06 92946 2.78612e+06 282235 18712 160591 22749 34153 10054 11298 8142 17665 1557 9645 28773 425 727 600 507 145 231 39 71 53 417 221 19 320 27 12 12 11 11 10 10 10 10 10 10 10 10 10 9 9 9 9 9 9 9 9 9 10 10 10 10 10 12 13 23 
0.801106 1e+07 1e+07 1e+07 1e+07 1e+07 1e+07 1e+07 1e+07 1e+07 1e+07 1e+07 1e+07 1e+07 1e+07 1e+07 1e+07 1e+07 1e+07 1e+07 1e+07 1e+07 1e+07 1e+07 1e+07 1e+07 1e+07 1e+07 1e+07 6.65686e+06 9.87692e+06 2.22525e+06 3.58153e+06 1.51748e+06 1.03036e+06 752869 754221 3.88812e+06 1e+07 1.24355e+06 172415 130253 147638 180673 30572 404869 34550 33916 6353 8121 7332 13991 6561 5376 2668 3840 949 1151 938 858 553 410 914 45 63 86 355 87 19 208 106 13 12 11 11 11 10 10 10 10 10 10 10 10 10 10 10 11 12 13 15 13 13 15 17 12 11 11 21 12 12 
0.816814 1e+07 1e+07 1e+07 1e+07 1e+07 1e+07 1e+07 1e+07 1e+07 1e+07 1e+07 1e+07 1e+07 1e+07 1e+07 1e+07 1e+07 1e+07 1e+07 1e+07 1e+07 1e+07 1e+07 1e+07 1e+07 1e+07 1e+07 5.48868e+06 1e+07 1e+07 752983 6.6519e+06 5.25319e+06 291170 3.80272e+06 325026 213904 847860 2.75418e+06 1.26753e+06 269443 110218 53279 403389 14412 38562 6450 9767 18847 4988 1751 3920 11594 2140 1576 8257 733 851 6456 210 91 170 165 44 103 74 220 57 19 68 31 14 12 12 11 11 11 11 12 12 13 14 17 23 13 14 15 25 12 11 11 15 14 12 12 10 10 9 9 10 
0.832522 1e+07 1e+07 1e+07 1e+07 1e+07 1e+07 1e+07 1e+07 1e+07 1e+07 1e+07 1e+07 1e+07 1e+07 1e+07 1e+07 1e+07 1e+07 1e+07 1e+07 1e+07 1e+07 1e+07 1e+07 1e+07 1e+07 1e+07 4.39021e+06 5.64438e+06 4.66579e+06 1e+07 3.86214e+06 646348 1.14867e+06 219187 106738 1.29374e+06 174229 66601 503613 539722 49890 544415 26079 77498 4783 13060 22516 5319 21681 14091 7246 2139 1430 1250 1579 10362 512 682 415 181 29 137 33 93 126 124 258 80 24 18 21 24 18 17 23 17 19 23 14 14 17 14 15 12 11 12 15 18 13 15 11 10 10 12 12 11 9 9 8 
0.84823 1e+07 1e+07 1e+07 1e+07 1e+07 1e+07 1e+07 1e+07 1e+07 1e+07 1e+07 1e+07 1e+07 1e+07 1e+07 1e+07 1e+07 1e+07 1e+07 1e+07 1e+07 1e+07 1e+07 1e+07 1e+07 1e+07 1e+07 1e+07 7.28777e+06 3.75116e+06 356087 1.69481e+06 4.25302e+06 1.16486e+06 524066 475452 870850 202755 507483 225568 104650 67655 169643 321208 37792 28070 2782 2718 8974 13051 2482 43578 36147 692 1569 298 597 1088 362 243 162 155 28 20 103 32 56 97 59 143 68 86 28 16 28 19 15 22 24 16 13 12 12 12 24 26 14 26 11 12 14 12 11 10 9 8 8 7 7 7 
