epsilon_k[0] 0.0001
epsilon_k[1] 2.18e-05
epsilon_k[2] 7.08e-05
epsilon_k[3] 2.54e-05
epsilon_k[4] 1e-05
epsilon_k[5] 7.8e-06
epsilon_k[6] 2.18e-05
omega_x0 0.168
omega_y0 0.201
dx 0.01
n_theta 100
dtheta 0.015708
epsilon 48
max_turns 10000000
from_angle 75
to_angle 80
1.1781 1e+07 1e+07 1e+07 1e+07 1e+07 1e+07 1e+07 1e+07 1e+07 1e+07 1e+07 1e+07 1e+07 1e+07 1e+07 1e+07 1e+07 1e+07 1e+07 1e+07 1e+07 1e+07 1e+07 1e+07 1e+07 1e+07 1e+07 1e+07 1e+07 1e+07 1e+07 1e+07 1e+07 2.13062e+06 1e+07 1.02364e+06 465806 145823 43343 82553 25630 20501 5752 13447 11998 10202 4807 5678 14365 7083 10686 713 1222 5716 593 201 179 424 72 260 35 129 31 73 46 30 72 183 28 24 147 137 23 25 9 8 8 7 7 7 7 6 6 6 6 6 6 6 6 6 6 6 6 5 5 5 5 5 5 5 
1.19381 1e+07 1e+07 1e+07 1e+07 1e+07 1e+07 1e+07 1e+07 1e+07 1e+07 1e+07 1e+07 1e+07 1e+07 1e+07 1e+07 1e+07 1e+07 1e+07 1e+07 1e+07 1e+07 1e+07 1e+07 1e+07 1e+07 1e+07 1e+07 1e+07 1e+07 1e+07 1e+07 1e+07 6.14844e+06 725925 414681 480035 156957 65883 223788 28297 9916 15216 9569 11106 2632 7647 3429 6247 2487 6787 1168 2274 2145 3133 209 1023 406 101 143 85 119 49 153 77 73 61 26 95 18 20 23 134 24 9 8 8 7 7 7 7 7 6 6 6 6 6 6 6 6 6 6 6 5 5 5 5 5 5 5 
1.20951 1e+07 1e+07 1e+07 1e+07 1e+07 1e+07 1e+07 1e+07 1e+07 1e+07 1e+07 1e+07 1e+07 1e+07 1e+07 1e+07 1e+07 1e+07 1e+07 1e+07 1e+07 1e+07 1e+07 1e+07 1e+07 1e+07 1e+07 1e+07 1e+07 1e+07 1e+07 1e+07 1e+07 5.86718e+06 2.3816e+06 1.13923e+06 176742 422834 231897 311925 229435 25796 48931 4806 11377 1790 4182 2281 2899 3553 11080 4366 319 567 1824 620 67 1020 189 426 49 187 215 55 35 236 41 44 74 64 39 21 48 23 10 8 8 7 7 7 7 7 6 6 6 6 6 6 6 6 6 6 6 6 5 5 5 5 5 5 
1.22522 1e+07 1e+07 1e+07 1e+07 1e+07 1e+07 1e+07 1e+07 1e+07 1e+07 1e+07 1e+07 1e+07 1e+07 1e+07 1e+07 1e+07 1e+07 1e+07 1e+07 1e+07 1e+07 1e+07 1e+07 1e+07 1e+07 1e+07 1e+07 1e+07 1e+07 1e+07 1e+07 1e+07 4.40075e+06 1.45228e+06 1.29163e+06 174353 1.4955e+06 238389 172615 190229 9642 11148 3956 23781 4643 5948 60274 4165 6684 1865 3169 866 2728 1678 390 163 291 413 287 91 83 71 110 229 72 37 69 30 41 17 20 42 17 24 9 8 8 7 7 7 7 7 6 6 6 6 6 6 6 6 6 6 6 6 5 5 5 5 5 
1.24093 1e+07 1e+07 1e+07 1e+07 1e+07 1e+07 1e+07 1e+07 1e+07 1e+07 1e+07 1e+07 1e+07 1e+07 1e+07 1e+07 1e+07 1e+07 1e+07 1e+07 1e+07 1e+07 1e+07 1e+07 1e+07 1e+07 1e+07 1e+07 1e+07 1e+07 1e+07 1e+07 1e+07 1.60855e+06 1.13671e+06 1.76236e+06 816270 1.25201e+06 118111 127647 35947 49034 10392 6416 17984 3333 5056 44556 2058 2122 13931 2842 798 2965 1566 397 306 106 683 79 51 33 90 45 495 660 94 71 51 53 32 17 22 161 17 12 9 8 8 7 7 7 7 7 6 6 6 6 6 6 6 6 6 6 6 6 5 5 5 5 
1.25664 1e+07 1e+07 1e+07 1e+07 1e+07 1e+07 1e+07 1e+07 1e+07 1e+07 1e+07 1e+07 1e+07 1e+07 1e+07 1e+07 1e+07 1e+07 1e+07 1e+07 1e+07 1e+07 1e+07 1e+07 1e+07 1e+07 1e+07 1e+07 1e+07 1e+07 1e+07 1e+07 2.25819e+06 2.98669e+06 8.01808e+06 1.51179e+06 574666 904478 78637 145073 192680 20747 74268 21304 9558 19836 4376 3456 41736 2913 3803 2286 1390 31428 982 7036 124 1333 119 59 239 44 70 139 218 132 88 70 69 163 135 24 18 23 88 26 10 8 8 7 7 7 7 7 7 6 6 6 6 6 6 6 6 6 6 6 6 5 5 5 
