epsilon_k[0] 0.0001
epsilon_k[1] 2.18e-05
epsilon_k[2] 7.08e-05
epsilon_k[3] 2.54e-05
epsilon_k[4] 1e-05
epsilon_k[5] 7.8e-06
epsilon_k[6] 2.18e-05
omega_x0 0.168
omega_y0 0.201
dx 0.001
epsilon 2
max_turns 10000000
from_y 640
to_y 720
0.64 196 562 404 149 354 236 364 948 1939 575 394 315 458 533 880 308 213 1183 765 313 6860 341 317 800 305 202 425 91 309 1681 117 144 127 451 67 83 111 84 156 564 400 97 189 245 320 148 159 307 127 87 145 103 400 85 84 229 101 368 175 65 105 51 730 128 217 140 2038 645 97 193 342 126 400 254 168 531 847 94 161 108 
0.641 358 1168 392 3295 562 803 615 445 941 920 274 620 213 366 5476 165 279 171 182 335 241 211 296 498 116 278 294 123 220 223 363 63 110 317 260 234 155 200 78 141 392 116 128 87 218 324 399 130 116 445 121 70 116 166 107 358 161 72 53 46 198 94 253 91 87 150 87 490 280 195 296 1311 195 94 245 522 281 176 79 101 
0.642 1449 623 391 257 795 157 244 203 667 376 1219 1321 485 234 271 1040 174 265 225 238 213 1180 428 110 2175 130 108 341 280 1840 1308 80 222 224 54 85 203 59 69 98 82 249 76 123 77 1493 119 67 150 234 273 122 112 149 203 919 237 85 83 64 53 48 43 53 319 95 93 274 229 182 270 147 114 383 110 105 222 97 146 77 
0.643 151 545 983 843 164 287 768 528 641 421 433 871 1145 317 389 381 857 307 217 754 343 4390 325 426 234 255 199 102 289 122 139 6151 425 184 85 236 52 1056 221 75 81 508 1679 197 194 118 288 253 92 92 102 161 159 61 230 344 224 156 77 81 64 117 45 135 165 64 202 773 217 238 162 99 115 219 99 180 297 140 64 156 
0.644 99 161 217 58604 322 1049 175 292 254 358 260 308 3044 1150 272 256 264 122 357 4887 418 140 347 3353 1196 157 149 247 223 88 86 870 949 184 113 309 114 130 84 60 72 92 571 310 184 127 277 237 178 384 128 159 92 420 87 86 320 68 71 94 143 355 48 60 79 87 128 128 109 341 71 160 125 144 67 223 89 444 66 171 
0.645 530 261 114 180 505 252 352 248 237 253 393 215 198 1693 430 320 260 1183 209 346 170 202 238 189 198 96 215 89 261 203 403 191 173 97 61 115 193 115 144 122 100 192 105 985 114 84 119 346 159 107 91 355 136 80 337 146 98 88 74 51 70 111 75 40 63 185 84 144 176 138 481 148 201 1112 144 43 99 87 95 153 
0.646 123 184 235 204 141 100 205 264 352 405 353 268 934 240 771 645 106 273 591 314 532 662 985 207 1058 196 91 89 132 297 150 194 196 396 113 375 54 91 86 251 131 184 347 215 254 162 268 885 200 107 224 111 258 182 153 95 147 78 66 108 82 47 760 85 77 258 251 100 122 715 96 298 149 69 220 252 184 231 141 608 
0.647 209 171 314 275 142 177 188 371 169 1861 378 237 4756 645 1259 664 1017 161 1508 431 544 622 191 470 266 112 98 165 96 709 103 126 89 158 116 980 165 113 168 89 114 108 59 73 104 157 315 93 1727 279 123 139 131 91 225 235 173 144 93 61 112 100 211 176 65 59 129 205 348 108 113 107 256 60 112 115 87 162 329 94 
0.648 567 228 204 468 1185 174 137 442 95 170 494 211 245 338 345 975 1402 438 237 382 660 3134 379 1749 229 300 102 1110 109 180 193 276 257 415 198 244 107 367 135 53 112 52 165 108 133 102 233 212 573 485 83 90 91 278 57 98 85 68 261 96 59 49 79 63 188 277 70 95 110 196 325 55 288 94 54 201 203 156 66 85 
0.649 284 194 291 873 311 294 199 141 118 130 252 4101 283 233 256 177 414 358 2503 176 230 432 497 139 258 154 124 159 110 595 1563 182 311 104 67 66 318 90 153 216 60 53 60 1573 64 160 390 295 142 82 241 154 153 240 393 719 108 260 166 91 52 111 97 68 55 148 94 227 1337 220 84 186 173 120 56 327 228 386 124 120 
0.65 526 263 180 116 140 190 231 251 191 426 239 160 472 398 144 579 226 196 704 187 146 104 382 291 167 172 102 1974 122 186 68 231 420 154 587 259 94 66 112 391 177 2135 146 296 273 136 98 123 98 268 249 112 93 404 382 148 137 278 255 124 96 101 88 129 86 117 86 91 502 221 127 71 120 616 325 88 43 396 105 130 
0.651 193 100 749 209 242 118 266 602 119 115 435 260 114 289 406 212 158 219 2525 116 943 307 308 580 3533 169 83 241 190 269 252 297 121 431 230 184 282 215 346 66 107 472 262 81 179 470 222 125 184 261 105 378 328 240 103 132 132 86 164 173 200 52 72 66 63 74 110 121 225 67 78 180 152 131 188 81 43 147 141 341 
0.652 623 185 16704 783 162 172 187 317 245 183 132 177 198 158 117 319 147 707 332 615 306 282 208 916 141 788 179 186 144 385 233 255 510 103 366 108 491 491 1587 176 274 309 152 4105 97 127 405 86 696 323 116 1751 111 61 138 105 52 1391 135 253 296 85 126 113 39 64 40 130 52 174 233 189 92 123 157 41 36 1149 63 61 
0.653 201 144 135 208 1899 157 142 265 406 146 369 134 328 106 121 168 158 134 319 338 496 380 2098 325 254 4425 182 692 183 202 104 1368 265 182 195 161 923 2713 149 112 310 73 197 139 316 192 179 134 72 137 239 579 105 154 138 144 123 50 243 167 87 52 86 116 214 53 430 188 79 182 58 152 50 463 93 126 35 64 108 108 
0.654 365 200 415 253 282 242 1210 3246 109 140 161 252 153 132 121 148 225 2796 1324 228 302 1488 171 404 494 197 96 1032 236 108 117 165 132 170 281 130 171 365 308 376 428 169 162 117 124 419 220 132 102 177 127 282 98 130 4291 120 308 81 103 75 155 352 181 135 84 61 60 77 83 69 224 116 65 437 169 47 35 193 126 57 
0.655 216 149 124 306 569 1780 263 679 212 195 188 187 193 99 230 291 91 88 885 199 845 262 408 503 155 231 201 168 103 178 79 398 124 574 419 153 691 560 317 157 409 156 181 148 234 270 73 188 124 85 148 174 252 556 942 189 118 68 144 71 123 105 68 138 202 176 247 38 123 103 112 222 74 267 160 72 35 179 154 70 
0.656 173 298 108 122 630 319 218 136 232 85 98 86 98 188 85 271 139 82 133 19922 374 284 487 2247 140 157 225 161 1524 1733 305 91 246 284 203 413 224 182 305 992 142 1244 413 2341 181 147 75 125 83 594 99 137 96 398 161 211 102 95 239 74 45 131 75 71 76 112 132 70 159 65 176 169 910 161 114 55 35 279 125 202 
0.657 131 167 166 137 80 430 113 212 143 155 113 89 85 147 287 124 131 120 124 109 1740 162 214 209 432 1109 159 392 148 85 97 332 104 198 283 195 251 143 157 284 153 145 417 963 472 242 580 244 99 135 59 952 64 178 166 133 89 360 65 70 442 68 171 61 84 42 34 39 110 98 100 253 410 140 107 56 35 115 177 107 
0.658 72 332 218 371 72 120 386 175 101 463 135 1340 112 125 95 111 85 204 99 236 99 531 253 254 568 258 198 258 223 66 209 111 159 115 347 288 197 183 129 83 134 126 117 239 120 220 978 101 218 59 85 529 128 206 235 198 423 126 77 69 82 65 410 155 309 118 33 53 38 149 678 86 236 79 66 173 35 37 100 123 
0.659 126 543 390 111 87 202 122 980 99 217 196 172 141 126 94 114 123 111 87 117 102 92 838 229 243 973 20952 70 178 99 528 170 345 163 724 227 228 244 267 124 158 236 271 144 171 195 118 142 173 230 364 239 73 82 502 255 152 141 716 73 52 164 105 96 117 63 48 33 115 182 51 113 83 93 450 100 35 36 64 116 
0.66 334 279 170 119 82 96 97 272 266 265 218 122 85 181 389 127 135 117 186 122 169 160 95 363 672 2937 752 244 544 317 117 130 265 241 174 285 200 249 427 164 197 152 307 295 213 241 310 188 241 146 136 244 111 140 111 120 92 146 142 197 62 110 47 662 82 660 249 32 55 113 73 177 91 90 73 95 36 53 188 77 
0.661 2499 493 173 301 131 114 97 111 70 168 225 79 85 124 176 124 111 95 138 131 123 118 136 150 329 1057 185 263 493 398 220 606 187 148 236 226 101 208 150 111 226 237 280 365 662 2084 500 161 182 84 90 132 259 102 119 112 185 317 99 203 261 65 78 140 52 59 105 32 35 38 169 136 170 59 46 146 120 496 85 69 
0.662 320 203 170 102 151 185 355 439 107 83 185 97 137 181 1058 260 144 294 745 129 1517 93 91 162 107 254 229 707 35620 71 334 112 422 545 172 293 141 126 209 410 195 223 1322 424 502 357 305 286 169 166 513 170 232 85 140 2074 151 320 66 61 144 75 66 67 140 53 41 32 32 104 1174 76 135 199 50 98 149 108 102 252 
0.663 228 134 133 147 307 162 110 238 80 343 71 89 93 259 187 125 116 89 147 160 139 99 148 324 95 204 522 138 220 532 119 231 77 123 287 173 182 165 163 138 121 126 248 210 279 253 257 398 306 356 122 188 230 167 71 393 123 246 154 435 256 110 50 47 84 73 216 219 32 171 130 120 72 365 103 92 46 54 166 201 
0.664 167 204 77 178 146 270 92 61 149 419 74 145 255 85 90 91 105 118 367 90 110 161 571 103 85 347 374 126 105 462 117 269 331 219 748 238 319 168 224 114 427 122 198 231 193 171 547 217 442 130 201 331 221 143 135 138 737 104 118 161 126 165 163 97 111 52 150 39 32 33 102 61 60 204 186 134 429 114 67 66 
0.665 8897 208 95 52 323 171 151 144 93 142 172 98 234 343 248 279 96 357 116 161 100 296 128 103 96 327 182 147 171 225 4300 162 147 357 133 303 221 232 130 211 144 185 337 161 341 185 74 547 103 104 454 248 148 251 180 6745 350 83 142 254 93 98 101 89 41 1346 97 61 32 32 143 146 210 132 109 200 218 43 973 78 
0.666 143 162 179 330 90 143 288 163 151 94 102 261 105 120 183 294 69 182 173 147 147 87 143 134 99 111 296 147 90 318 303 256 129 243 875 311 106 116 226 158 142 251 814 438 161 106 563 86 72 103 130 281 475 197 355 102 213 122 115 149 135 164 173 411 56 175 66 51 32 32 39 1172 287 1450 107 84 154 35 35 287 
0.667 174 150 329 253 175 176 68 136 766 182 174 99 63 840 180 140 140 71 77 78 94 1508 97 71 178 86 156 80 244 1008 252 213 309 232 208 238 341 239 237 214 74 103 3096 1127 73 108 136 130 176 341 73 351 171 552 231 132 237 144 161 82 245 49 128 92 95 41 73 92 95 32 34 79 142 247 96 84 94 35 58 110 
0.668 70 41 434 95 234 219 120 226 72 172 150 917 104 62 160 193 250 94 110 227 136 97 98 631 137 110 85 111 394 140 603 206 309 89 180 54 78 327 155 216 191 135 83 109 137 264 324 350 330 335 247 88 87 185 183 537 98 237 203 158 136 176 64 157 90 60 59 52 87 32 32 38 171 89 41 136 81 35 41 76 
0.669 47 158 77 40 176 60 117 189 64 146 128 138 83 124 62 115 96 470 133 73 61 76 95 74 373 88 137 85 143 234 515 172 1067 148 395 77 263 181 142 1065 182 131 256 88 92 120 173 427 197 157 146 131 119 17426 397 280 381 179 97 123 166 254 78 340 163 199 45 225 66 32 32 83 170 172 64 134 418 81 121 192 
0.67 283 43 94 47 60 40 876 149 172 66 290 190 114 79 94 62 85 251 83 73 115 79 108 156 80 135 83 671 96 337 139 205 198 119 291 189 242 103 480 342 170 397 237 285 119 484 280 55 73 281 982 1445 368 115 163 310 144 137 114 156 276 229 61 193 244 117 42 72 100 33 32 50 61 137 740 231 429 82 292 433 
0.671 78 68 162 63 152 69 113 126 82 106 123 192 202 225 94 414 62 116 222 4012 71 100 96 132 225 444 96 624 126 172 124 121 168 381 157 188 53 110 187 356 149 164 144 168 209 203 54 2679 70 128 136 227 279 186 120 382 805 158 65 74 131 170 96 133 1943 95 59 173 66 59 32 32 60 172 84 96 214 95 149 88 
0.672 101 88 283 72 49 157 192 91 40 525 201 391 90 99 136 165 133 69 271 124 157 170 86 228 113 2908 160 406 130 119 117 324 595 328 213 410 93 47 279 278 82 129 120 117 130 118 114 1363 73 322 469 537 470 678 93 291 294 213 179 72 128 89 208 73 87 119 122 84 51 59 32 32 75 65 86 38 143 231 82 141 
0.673 50 97 132 170 216 125 101 107 88 85 121 137 110 125 117 270 194 290 357 119 215 322 141 522 95 123 123 90 189 69 152 161 264 289 507 158 148 189 298 380 157 262 99 110 179 283 54 85 71 192 107 163 701 188 279 176 72 174 131 203 71 278 63 99 131 265 144 181 113 50 32 33 155 132 123 72 69 88 144 219 
0.674 87 146 128 114 59 156 615 49 97 145 137 40 46 875 145 98 82 156 107 235 76 137 378 109 306 122 85 97 144 272 69 249 128 143 133 556 103 220 47 234 170 120 150 117 98 183 146 240 89 118 8739 214 267 140 140 633 496 1010 188 297 108 91 113 116 124 105 124 138 225 110 40 34 34 95 52 143 80 99 113 35 
0.675 83 85 57 258 85 110 289 85 97 47 1334 364 123 47 211 138 109 125 704 316 108 238 169 154 500 181 98 149 73 140 943 74 374 275 136 248 172 132 91 111 302 249 110 105 77 549 190 172 113 689 154 222 104 97 197 376 562 57 218 245 61 93 91 170 96 174 197 97 66 215 39 33 32 158 150 115 415 85 35 74 
0.676 84 58 59 128 62 50 49 82 70 105 228 137 61 61 40 83 169 72 129 225 666 96 120 367 87 98 133 91 269 66 88 135 112 564 109 357 248 171 370 46 292 133 68 299 88 164 116 483 201 95 77 406 66 82 81 100 150 842 461 59 230 103 65 65 95 539 114 61 63 147 49 32 33 85 64 213 207 111 36 307 
0.677 85 85 63 69 93 77 80 106 63 193 64 152 46 72 139 40 46 131 284 141 277 100 359 242 78 114 136 173 232 1292 84 167 106 73 423 227 145 430 176 65 111 258 192 174 172 135 441 114 59 210 60 44 132 143 103 163 107 569 177 66 214 86 67 103 70 163 323 154 50 569 161 32 197 40 107 80 38 236 114 108 
0.678 100 66 63 74 101 72 68 70 145 108 78 96 940 51 80 71 153 65 481 301 153 140 83 71 528 123 108 151 182 297 104 105 90 105 67 209 113 292 822 63 45 944 106 102 84 316 148 216 136 568 296 71 80 283 334 213 84 119 55 1050 54 182 56 165 83 96 126 316 74 49 120 78 40 33 987 101 84 99 41 66 
0.679 79 100 85 72 68 55 63 56 116 91 49 53 329 135 106 258 87 79 46 89 130 87 121 205 71 143 239 674 101 144 394 109 174 430 861 165 186 123 170 100 73 49 148 332 117 224 171 219 130 55 219 122 96 568 181 92 62 103 321 60 50 155 56 108 152 306 80 176 142 46 66 63 50 32 53 81 336 240 80 52 
0.68 232 150 94 78 125 77 75 111 131 56 76 195 153 271 165 272 88 46 56 39 79 230 169 240 70 100 156 106 129 428 83 107 488 171 377 142 215 85 90 140 200 45 134 147 380 580 91 61 55 89 194 1686 836 394 48 58 480 791 71 237 2006 53 88 115 200 174 118 579 74 64 50 165 32 43 193 79 94 103 56 63 
0.681 273 66 152 84 78 59 68 74 54 337 76 55 72 56 123 75 60 59 66 111 39 51 181 214 67 1397 140 400 101 72 104 85 106 72 263 189 88 99 531 177 133 254 54 67 349 112 142 1235 327 174 238 230 870 129 742 78 60 79 184 176 184 103 47 70 273 377 243 94 87 95 109 117 32 286 39 171 112 147 81 49 
0.682 145 108 76 73 94 71 118 86 101 61 60 55 58 82 284 84 70 163 41 159 60 41 50 91 260 150 207 219 96 433 221 93 524 204 69 64 3288 147 233 212 75 652 70 124 104 259 675 94 1098 130 889 346 923 136 142 153 127 117 112 130 655 178 105 83 259 100 75 126 70 124 56 200 128 163 33 116 71 39 72 102 
0.683 215 193 131 206 230 141 93 59 91 125 61 57 86 74 67 103 103 67 53 48 189 40 78 45 158 138 92 99 204 109 98 70 66 126 123 94 216 216 88 95 81 543 114 244 215 94 169 96 71 54 61 41 604 92 97 96 118 75 84 104 298 102 46 199 60 139 250 124 149 116 80 65 99 71 32 558 140 732 73 35 
0.684 216 68 122 66 100 176 91 115 87 60 63 67 220 54 55 59 64 49 489 85 80 64 41 69 122 125 93 105 176 144 243 149 132 121 335 150 92 145 160 89 138 196 290 77 179 120 148 176 335 129 250 144 363 170 204 55 447 159 319 181 255 933 120 108 59 528 122 75 915 93 62 182 48 32 396 40 373 80 111 147 
0.685 79 69 142 77 71 173 91 126 94 115 442 151 63 125 62 120 60 85 239 77 79 88 101 50 135 100 133 139 225 82 267 149 258 73 66 116 295 100 114 422 82 152 166 194 184 107 117 198 170 59 195 109 40 126 178 446 210 172 118 82 133 133 88 63 80 127 99 122 105 143 176 60 45 36 337 149 208 52 98 91 
0.686 88 456 128 728 123 75 304 360 257 124 61 83 317 352 89 67 108 70 62 84 132 495 54 45 87 57 46 83 149 374 87 86 151 72 71 69 168 198 162 98 99 256 137 199 206 222 97 419 110 137 55 906 41 132 142 239 95 142 270 1560 88 85 100 74 116 271 539 205 74 135 102 194 169 90 48 37 230 97 53 47 
0.687 197 90 172 74 98 85 132 285 142 243 63 64 93 153 119 97 150 131 75 54 52 316 105 408 122 102 50 45 91 52 135 685 79 95 53 72 65 276 218 136 125 444 71 155 54 188 105 182 142 83 179 246 107 542 199 132 529 61 670 38 165 96 161 87 119 154 230 161 54 53 63 110 43 210 315 32 73 74 99 136 
0.688 91 166 159 94 63 124 141 147 74 635 94 148 90 213 62 157 81 60 58 69 73 64 198 85 79 40 42 93 54 198 59 165 197 169 393 79 68 77 338 182 64 260 80 82 233 198 200 128 224 475 113 422 110 124 244 79 347 111 332 67 232 122 194 67 87 498 73 119 234 283 71 311 77 219 32 143 119 51 37 106 
0.689 200 1189 331 84 249 158 87 138 103 4798 293 256 165 85 95 139 171 96 305 181 104 61 70 71 55 72 58 40 63 50 113 82 197 155 109 47 82 187 238 213 85 121 213 146 135 227 189 141 206 158 108 54 239 40 99 188 62 136 36 36 269 61 135 197 56 40 196 117 53 61 53 48 60 51 135 132 89 80 81 58 
0.69 178 171 337 191 80 165 220 162 275 118 100 138 262 173 122 65 95 71 193 69 76 58 59 81 63 80 151 121 40 103 54 1892 119 159 163 49 87 104 119 125 179 102 136 234 166 134 135 123 149 99 218 73 92 41 168 79 129 36 116 51 248 35 43 115 459 43 97 47 81 98 148 78 192 59 50 205 121 195 141 43 
0.691 170 260 116 185 113 75 1161 116 187 62 56 67 182 62 95 126 91 68 92 146 96 89 67 92 71 53 64 105 140 40 57 54 243 75 1008 109 46 43 359 109 189 131 113 88 169 70 176 137 215 173 90 77 556 58 95 319 48 127 110 40 30 38 44 173 115 44 650 45 86 53 46 228 97 107 269 148 33 64 69 116 
0.692 124 1466 403 992 181 139 106 98 276 151 77 68 92 71 113 102 210 113 494 74 191 130 71 295 121 66 181 102 391 129 40 76 196 166 76 367 106 48 57 79 178 261 59 64 113 884 224 144 112 110 254 272 802 47 50 156 64 62 123 29 28 28 29 178 108 60 42 48 39 547 153 49 239 46 41 33 135 474 106 106 
0.693 98 186 178 118 258 177 109 286 123 214 62 115 93 169 103 178 94 183 200 97 160 99 119 88 131 64 117 58 154 82 75 40 54 143 163 199 53 50 37 39 78 97 1420 273 131 73 114 86 53 73 978 163 348 120 48 146 48 102 31 29 28 28 28 28 36 35 142 97 59 68 65 54 106 225 157 33 205 87 88 119 
0.694 47 69 82 233 1175 184 174 455 141 87 158 65 244 120 65 831 239 188 231 310 728 217 109 364 129 104 103 166 55 125 2456 79 40 63 54 126 58 253 95 36 47 171 179 93 361 260 115 95 139 92 142 273 236 970 85 108 117 334 30 30 30 28 27 27 28 58 82 62 311 39 81 111 74 275 51 54 54 192 273 37 
0.695 34 34 80 84 164 91 389 768 167 112 194 422 121 89 188 94 102 421 135 161 226 149 150 88 1513 118 135 267 71 100 64 64 112 43 97 89 206 106 78 37 37 115 88 74 97 87 97 85 152 45 304 399 177 130 200 392 35 128 29 64 372 38 28 27 27 28 54 195 60 129 74 517 84 73 104 67 92 43 81 44 
0.696 70 60 35 34 42 215 105 141 809 154 356 309 113 123 108 131 207 92 263 82 119 175 298 114 91 1223 148 367 133 163 54 171 49 185 59 39 76 123 392 67 36 40 332 84 73 107 286 462 81 108 266 178 321 75 171 36 195 128 29 118 60 49 37 28 27 27 32 34 66 109 296 160 143 82 153 52 105 33 224 118 
0.697 194 121 47 39 94 34 103 103 85 220 143 374 194 104 188 622 113 128 163 111 80 95 438 255 167 148 667 171 1641 209 191 88 101 93 114 51 45 370 93 122 253 78 37 80 159 153 245 146 73 148 45 132 145 862 346 114 92 115 29 149 71 35 77 233 27 27 27 37 52 92 90 100 232 105 313 73 32 232 135 78 
0.698 111 57 48 182 70 148 45 34 42 70 82 194 547 146 97 216 91 123 173 101 100 172 116 96 125 171 124 316 119 70 372 93 85 109 114 66 69 114 112 104 2006 37 90 37 324 94 167 154 161 75 167 105 118 363 74 307 110 163 28 81 34 64 40 256 29 27 27 27 356 74 78 70 109 126 132 51 51 96 154 57 
0.699 62 79 42 49 45 220 259 100 42 34 201 175 85 109 149 85 585 252 223 460 69 85 223 596 91 132 129 798 153 118 133 70 113 315 84 50 95 41 84 481 209 57 38 72 107 83 52 112 91 257 310 46 585 154 82 106 34 34 29 230 38 160 71 53 42 28 27 27 29 182 48 153 60 131 184 50 46 73 62 266 
0.7 149 52 38 48 114 89 91 286 61 96 51 34 40 111 218 295 110 1062 102 82 95 475 134 244 1177 101 332 678 197 294 321 355 272 154 120 149 50 57 42 108 100 167 62 99 202 165 160 105 74 95 122 188 162 161 543 139 106 120 37 30 40 101 40 121 49 229 27 26 27 63 106 56 98 110 46 149 58 78 54 125 
0.701 30 83 64 155 78 67 33 74 45 131 68 57 36 36 53 154 111 133 298 115 228 172 112 134 98 173 127 1091 207 289 79 289 157 108 354 78 72 73 204 70 70 307 99 37 46 38 96 69 82 68 92 42 45 415 252 17633 262 178 90 28 55 72 33 33 272 81 56 27 26 27 64 51 50 71 251 43 130 32 33 80 
0.702 78 56 34 33 42 112 85 64 33 41 46 72 54 60 34 79 168 346 319 224 417 62 145 286 245 86 144 591 374 276 81 1007 75 69 89 157 209 165 75 41 64 75 64 148 78 54 172 167 84 76 65 74 88 58 153 112 300 33 53 28 34 236 89 39 294 57 41 27 26 27 36 68 71 103 100 82 65 48 68 2268 
0.703 26 27 28 419 52 33 31 40 138 227 35 41 106 60 127 40 34 101 119 193 142 111 189 145 83 94 92 96 791 151 287 90 80 127 94 144 86 72 109 73 109 39 61 88 50 89 76 106 197 147 99 75 42 44 101 210 73 134 424 28 87 52 43 227 102 79 47 253 27 26 27 45 78 99 161 49 87 91 101 55 
0.704 46 28 27 26 26 27 49 56 37 85 163 332 33 50 53 137 39 34 54 148 299 86 61 55 239 156 92 121 131 329 4684 182 104 327 128 227 102 256 146 310 56 112 132 99 80 37 79 38 67 130 69 131 99 69 137 159 142 107 60 30 37 39 68 122 137 65 80 51 28 26 26 54 70 40 77 189 370 45 51 183 
0.705 371 40 79 69 44 27 26 26 33 42 35 33 116 234 33 84 90 61 40 36 774 1157 167 95 143 228 64 2652 201 253 322 355 190 228 1028 246 139 197 1689 65 170 54 40 92 53 51 69 40 129 67 74 79 153 42 114 315 91 270 41 184 28 1358 63 40 182 268 148 32 35 27 26 27 51 120 64 537 453 254 257 121 
0.706 120 38 42 160 71 91 107 36 26 26 27 52 45 121 171 45 52 89 86 39 34 128 134 359 57 79 68 60 107 128 102 313 95 160 97 87 89 78 85 134 56 341 90 205 260 42 68 53 61 92 58 82 105 146 89 245 59 130 264 64 27 65 350 85 57 76 399 241 115 29 26 26 54 32 71 77 40 69 31 33 
0.707 101 90 84 73 44 56 71 102 120 101 27 26 27 35 48 60 110 48 67 61 193 47 74 164 308 559 155 256 70 85 76 179 228 126 193 112 334 72 108 173 155 544 196 73 66 135 411 37 110 81 56 118 106 110 42 45 206 183 404 97 27 62 61 212 228 103 112 68 162 73 27 26 27 143 32 296 114 113 170 62 
0.708 27 48 33 39 69 80 66 45 54 72 41 54 27 26 27 46 52 81 332 33 54 115 52 34 59 352 115 112 507 79 60 97 90 361 77 98 173 103 85 55 188 60 674 212 130 40 146 62 119 48 51 66 223 861 104 136 139 439 116 200 91 35 230 152 166 52 55 98 72 58 28 26 26 81 85 59 43 43 54 114 
0.709 43 143 41 28 27 34 31 74 57 63 39 48 210 88 27 26 27 101 31 272 37 71 103 47 34 73 1174 264 132 47 72 71 327 306 652 268 194 92 120 161 49 57 56 74 88 140 112 75 52 55 42 100 90 154 97 44 58 143 107 47 71 27 33 89 91 84 95 75 136 67 35 27 26 27 116 95 69 56 120 59 
0.71 68 28 96 54 44 47 42 27 35 33 75 65 98 66 81 301 27 26 40 32 94 95 33 84 48 41 71 119 189 94 71 48 54 270 133 121 381 86 182 91 159 48 203 85 93 95 45 119 123 37 78 75 51 87 82 56 155 198 189 162 83 27 213 96 145 101 89 68 89 49 89 28 26 26 116 30 77 75 525 1147 
0.711 23 24 46 30 72 29 41 199 76 29 27 35 283 209 45 245 170 58 27 26 32 37 128 39 47 190 50 71 80 147 105 743 48 77 162 322 141 383 62 56 75 60 51 134 81 247 59 51 67 67 111 53 58 214 196 59 43 89 224 118 101 29 41 39 107 268 41 52 50 59 54 52 26 26 27 44 145 106 94 32 
0.712 21 21 22 22 22 24 77 50 29 33 38 35 27 63 61 368 45 64 43 45 26 27 93 82 85 49 248 40 34 88 291 128 47 304 93 187 85 189 98 280 52 51 202 54 71 98 549 50 49 119 38 40 57 158 75 113 62 613 275 179 75 33 29 98 64 3104 1071 49 90 75 54 114 27 26 26 63 50 197 43 83 
0.713 21 21 21 21 21 21 22 22 23 109 52 38 70 230 27 41 67 49 180 55 192 28 26 55 46 102 54 73 64 34 69 272 145 64 42 676 133 195 210 104 52 50 62 105 90 66 108 95 56 192 932 37 89 88 63 58 120 42 386 105 109 45 26 52 81 139 60 48 56 87 88 35 73 26 26 45 30 97 136 44 
0.714 21 21 21 21 21 21 21 21 21 22 22 25 36 28 106 52 27 53 63 176 78 98 73 26 27 66 850 57 47 91 34 243 125 289 44 41 355 91 129 75 64 370 50 109 111 53 62 186 172 127 103 163 116 73 199 84 126 68 58 75 91 139 27 108 85 381 100 37 162 73 55 52 99 27 26 26 47 144 48 140 
0.715 20 21 21 21 21 21 21 21 21 21 21 22 22 24 30 29 44 92 27 38 60 111 94 43 36 26 176 49 57 56 65 61 73 224 112 41 41 178 115 100 113 64 75 91 72 52 53 79 140 172 54 113 38 44 108 48 65 159 68 229 136 119 33 104 60 87 65 90 39 37 52 47 182 28 26 26 105 79 163 69 
0.716 20 20 20 20 21 21 21 21 21 21 21 21 21 21 22 23 30 29 46 56 27 32 91 57 71 33 26 27 32 69 180 246 58 232 134 706 40 42 116 259 73 206 55 212 115 127 51 69 58 216 54 59 107 39 46 124 179 68 841 225 100 136 32 26 40 105 54 34 34 31 58 85 71 35 26 26 27 39 42 92 
0.717 20 20 20 20 20 20 21 21 21 21 21 21 21 21 21 21 22 23 30 29 134 127 117 99 173 80 80 40 26 45 126 37 41 168 62 140 197 41 42 53 185 84 148 56 43 59 212 51 209 129 298 114 84 38 54 115 65 184 75 506 751 90 167 27 54 87 77 38 27 51 51 37 53 116 27 26 26 57 42 192 
0.718 21 21 21 21 21 21 21 21 21 21 21 21 21 21 21 21 21 21 22 24 54 107 211 28 33 249 113 85 46 26 36 53 53 57 39 93 195 205 41 45 57 267 112 693 183 54 44 87 51 62 115 310 79 44 123 81 41 65 74 90 98 44 83 33 101 49 146 28 27 27 31 37 47 65 27 26 26 54 477 47 
0.719 21 21 21 21 21 21 21 21 21 21 21 21 21 21 21 21 21 21 21 22 22 25 49 51 62 27 53 193 55 86 27 27 37 78 59 95 42 147 115 41 149 99 71 85 69 42 37 34 73 61 206 97 125 67 82 59 51 46 139 51 167 91 221 33 27 38 856 29 28 27 95 49 55 33 28 27 26 27 39 216 
