epsilon_k[0] 0.0001
epsilon_k[1] 2.18e-05
epsilon_k[2] 7.08e-05
epsilon_k[3] 2.54e-05
epsilon_k[4] 1e-05
epsilon_k[5] 7.8e-06
epsilon_k[6] 2.18e-05
omega_x0 0.168
omega_y0 0.201
dx 0.01
n_theta 100
dtheta 0.015708
epsilon 48
max_turns 10000000
from_angle 30
to_angle 35
0.471239 1e+07 1e+07 1e+07 1e+07 1e+07 1e+07 1e+07 1e+07 1e+07 1e+07 1e+07 1e+07 1e+07 1e+07 1e+07 1e+07 1e+07 1e+07 1e+07 1e+07 1e+07 1e+07 1e+07 1e+07 1e+07 1e+07 1e+07 9.44162e+06 5.52331e+06 1e+07 1e+07 5.32431e+06 3.4597e+06 1e+07 9.07377e+06 5.2471e+06 4.44306e+06 3.81241e+06 3.0615e+06 1e+07 711200 1.56807e+06 579523 2.42143e+06 1.22287e+06 601649 870237 864484 4.94653e+06 103882 132844 98606 112382 58885 35565 7090 30437 50253 2354 5744 5101 5438 726 388 2187 2872 4181 198 147 130 59 105 562 101 67 91 37 284 58 32 66 40 25 33 57 37 62 35 40 49 42 21 14 13 13 13 13 21 17 14 
0.486947 1e+07 1e+07 1e+07 1e+07 1e+07 1e+07 1e+07 1e+07 1e+07 1e+07 1e+07 1e+07 1e+07 1e+07 1e+07 1e+07 1e+07 1e+07 1e+07 1e+07 1e+07 1e+07 1e+07 1e+07 1e+07 1e+07 1e+07 1e+07 6.23737e+06 2.46707e+06 3.70011e+06 5.83969e+06 1.41929e+06 6.73662e+06 1.79989e+06 2.65139e+06 1e+07 6.42088e+06 9.93066e+06 3.23574e+06 3.68954e+06 2.65123e+06 6.31885e+06 5.02728e+06 7.79732e+06 2.32894e+06 4.0924e+06 142098 164747 2.47291e+06 114847 79445 78803 368408 23540 8682 12254 2316 13957 16387 42040 9979 847 2937 2435 3132 184 763 129 3940 708 159 35 113 54 37 50 30 56 131 46 110 132 91 69 33 117 51 182 257 83 27 35 22 21 17 16 16 17 18 
0.502655 1e+07 1e+07 1e+07 1e+07 1e+07 1e+07 1e+07 1e+07 1e+07 1e+07 1e+07 1e+07 1e+07 1e+07 1e+07 1e+07 1e+07 1e+07 1e+07 1e+07 1e+07 1e+07 1e+07 1e+07 1e+07 1e+07 1e+07 7.97167e+06 4.5213e+06 1e+07 1e+07 7.70644e+06 6.60937e+06 3.33764e+06 3.03376e+06 2.4076e+06 1.02176e+06 2.51752e+06 1.61558e+06 1.41051e+06 5.31359e+06 3.19785e+06 845190 500810 911516 665808 1e+07 284162 127594 225454 123119 86789 56541 30634 8722 9175 8390 16317 10406 2361 2895 3539 502 505 3348 470 390 387 77 237 209 292 92 322 91 954 71 67 75 83 116 141 186 44 579 62 55 71 43 16 15 15 23 17 31 24 55 14 13 12 
0.518363 1e+07 1e+07 1e+07 1e+07 1e+07 1e+07 1e+07 1e+07 1e+07 1e+07 1e+07 1e+07 1e+07 1e+07 1e+07 1e+07 1e+07 1e+07 1e+07 1e+07 1e+07 1e+07 1e+07 1e+07 1e+07 1e+07 1e+07 1e+07 1e+07 1e+07 3.52322e+06 4.33266e+06 1e+07 1e+07 3.21998e+06 1.60685e+06 6.8347e+06 7.45074e+06 1.66702e+06 2.79579e+06 1e+07 3.80136e+06 2.82617e+06 5.38014e+06 145513 857445 3.51577e+06 2.70215e+06 221853 1.12331e+06 156733 114313 114848 33369 30399 67278 9263 17932 1605 6302 33528 1282 2037 1476 7322 627 402 441 173 272 190 191 90 51 38 94 39 81 35 145 36 170 74 96 209 80 41 31 21 32 25 26 18 45 33 10 10 9 9 9 
0.534071 1e+07 1e+07 1e+07 1e+07 1e+07 1e+07 1e+07 1e+07 1e+07 1e+07 1e+07 1e+07 1e+07 1e+07 1e+07 1e+07 1e+07 1e+07 1e+07 1e+07 1e+07 1e+07 1e+07 1e+07 1e+07 1e+07 1e+07 1e+07 1e+07 6.00632e+06 1e+07 2.74513e+06 4.20386e+06 2.18888e+06 1e+07 9.31781e+06 2.89107e+06 1e+07 5.88713e+06 2.67877e+06 2.01498e+06 1.02574e+06 582195 3.94485e+06 495142 461100 201301 379150 651219 8.96262e+06 163800 64199 61855 22184 10011 12373 270528 27741 6533 1921 1987 1104 498 2289 968 1954 2722 2359 257 2373 68 80 62 83 75 52 54 118 50 33 78 32 190 107 294 99 31 19 30 50 26 16 32 10 9 9 8 8 8 8 
