epsilon_k[0]0.1
epsilon_k[0]2.18e-05
epsilon_k[0]7.08e-05
epsilon_k[0]2.54e-05
epsilon_k[0]1e-05
epsilon_k[0]7.8e-06
epsilon_k[0]0.218
omega_x01.05558
omega_y01.26292
dx 0.01
n_theta 100
dtheta 0.00785398
epsilon 8
max_turns 10000000
from_angle 72
to_angle 80
0.565487 1e+07 1e+07 25497 3291 1863 1239 901 
0.573341 1e+07 1e+07 26019 3145 1862 1234 888 
0.581195 1e+07 1e+07 26810 3125 1875 1224 982 
0.589049 1e+07 1e+07 27728 3128 1984 1302 874 
0.596903 1e+07 1e+07 33363 3306 2125 1055 843 
0.604757 1e+07 1e+07 83465 3293 2508 1039 776 
0.612611 1e+07 1e+07 55353 3128 2652 1169 783 
0.620465 1e+07 1e+07 54127 3199 2631 1117 886 
0.628319 1e+07 1e+07 55136 3316 2220 1124 764 
