epsilon_k[0] 0.0001
epsilon_k[1] 2.18e-05
epsilon_k[2] 7.08e-05
epsilon_k[3] 2.54e-05
epsilon_k[4] 1e-05
epsilon_k[5] 7.8e-06
epsilon_k[6] 2.18e-05
omega_x0 0.168
omega_y0 0.201
dx 0.01
n_theta 100
dtheta 0.015708
epsilon 18
max_turns 10000000
from_angle 85
to_angle 90
1.33518 1e+07 1e+07 1e+07 1e+07 1e+07 1e+07 1e+07 1e+07 1e+07 1e+07 1e+07 1e+07 1e+07 1e+07 1e+07 1e+07 1e+07 1e+07 1e+07 1e+07 1e+07 1e+07 1e+07 1e+07 1e+07 1e+07 1e+07 1e+07 1e+07 1e+07 1e+07 1e+07 1e+07 1e+07 1e+07 1e+07 1e+07 7.20342e+06 8.50129e+06 1e+07 1.87896e+06 1.05542e+06 4.44697e+06 152381 28280 52819 33364 5640 71995 4418 5205 2901 957 1362 349 351 4818 723 163 297 529 92 62 32 83 99 31 42 55 60 109 25 147 35 17 17 26 30 15 25 19 18 10 9 8 8 7 7 7 7 7 7 6 6 6 6 6 6 6 6 
1.35088 1e+07 1e+07 1e+07 1e+07 1e+07 1e+07 1e+07 1e+07 1e+07 1e+07 1e+07 1e+07 1e+07 1e+07 1e+07 1e+07 1e+07 1e+07 1e+07 1e+07 1e+07 1e+07 1e+07 1e+07 1e+07 1e+07 1e+07 1e+07 1e+07 1e+07 1e+07 1e+07 1e+07 1e+07 1e+07 1e+07 1e+07 1e+07 1e+07 4.09012e+06 1.62794e+06 5.35905e+06 651303 299570 163387 44566 23402 60131 20169 5594 13343 3226 33886 31228 344 621 672 288 288 321 192 43 148 28 32 174 43 48 61 36 229 34 48 78 478 30 23 17 23 23 14 28 19 15 44 9 8 8 8 7 7 7 7 7 7 6 6 6 6 6 
1.36659 1e+07 1e+07 1e+07 1e+07 1e+07 1e+07 1e+07 1e+07 1e+07 1e+07 1e+07 1e+07 1e+07 1e+07 1e+07 1e+07 1e+07 1e+07 1e+07 1e+07 1e+07 1e+07 1e+07 1e+07 1e+07 1e+07 1e+07 1e+07 1e+07 1e+07 1e+07 1e+07 1e+07 1e+07 1e+07 1e+07 1e+07 1e+07 1e+07 1e+07 5.60624e+06 1.05467e+06 717549 2.15079e+06 309965 4.47212e+06 30818 7923 285471 3332 10838 11614 8284 10092 3094 333 792 356 144 650 193 309 222 36 30 23 57 24 19 18 75 110 22 37 53 53 26 28 21 14 18 18 16 13 17 15 13 12 10 8 8 8 7 7 7 7 7 7 6 6 
1.3823 1e+07 1e+07 1e+07 1e+07 1e+07 1e+07 1e+07 1e+07 1e+07 1e+07 1e+07 1e+07 1e+07 1e+07 1e+07 1e+07 1e+07 1e+07 1e+07 1e+07 1e+07 1e+07 1e+07 1e+07 1e+07 1e+07 1e+07 1e+07 1e+07 1e+07 1e+07 1e+07 1e+07 1e+07 1e+07 1e+07 1e+07 1e+07 1e+07 1e+07 1e+07 2.5308e+06 565670 319626 433182 2.2525e+06 324691 39814 18502 5173 1802 5098 2850 791 749 3599 793 537 345 242 103 249 173 123 40 34 57 26 24 33 18 17 18 36 21 35 105 53 21 18 12 12 11 12 13 13 13 12 15 12 17 11 9 9 8 8 7 7 7 7 
1.39801 1e+07 1e+07 1e+07 1e+07 1e+07 1e+07 1e+07 1e+07 1e+07 1e+07 1e+07 1e+07 1e+07 1e+07 1e+07 1e+07 1e+07 1e+07 1e+07 1e+07 1e+07 1e+07 1e+07 1e+07 1e+07 1e+07 1e+07 1e+07 1e+07 1e+07 1e+07 1e+07 1e+07 1e+07 1e+07 1e+07 1e+07 1e+07 1e+07 1e+07 1e+07 1e+07 832036 1e+07 916171 271414 231038 40598 178750 51372 12669 4823 10221 1517 14457 789 2144 434 290 1215 222 267 316 90 271 88 71 80 72 186 41 37 22 17 16 17 20 33 23 17 48 23 28 12 11 11 11 11 11 11 13 19 12 15 11 10 10 10 9 8 
1.41372 1e+07 1e+07 1e+07 1e+07 1e+07 1e+07 1e+07 1e+07 1e+07 1e+07 1e+07 1e+07 1e+07 1e+07 1e+07 1e+07 1e+07 1e+07 1e+07 1e+07 1e+07 1e+07 1e+07 1e+07 1e+07 1e+07 1e+07 1e+07 1e+07 1e+07 1e+07 1e+07 1e+07 1e+07 1e+07 1e+07 1e+07 1e+07 1e+07 1e+07 1e+07 9.0094e+06 1.87403e+06 1.84636e+06 5.79751e+06 378210 567417 65276 32755 452184 52193 3056 46232 894 599 5394 796 458 328 268 214 291 105 490 362 75 115 43 63 115 61 23 56 58 68 42 18 25 15 15 20 50 16 14 19 71 25 12 11 10 10 10 10 10 10 10 10 10 10 11 
