epsilon_k[0] 0.0001
epsilon_k[1] 2.18e-05
epsilon_k[2] 7.08e-05
epsilon_k[3] 2.54e-05
epsilon_k[4] 1e-05
epsilon_k[5] 7.8e-06
epsilon_k[6] 2.18e-05
omega_x0 0.168
omega_y0 0.201
dx 0.01
n_theta 100
dtheta 0.015708
epsilon 52
max_turns 10000000
from_angle 70
to_angle 75
1.09956 1e+07 1e+07 1e+07 1e+07 1e+07 1e+07 1e+07 1e+07 1e+07 1e+07 1e+07 1e+07 1e+07 1e+07 1e+07 1e+07 1e+07 1e+07 1e+07 1e+07 1e+07 1e+07 1e+07 1e+07 1e+07 1e+07 1e+07 1e+07 1e+07 1e+07 1e+07 1e+07 8.11962e+06 1e+07 1.81421e+06 943895 1.66902e+06 556962 83464 133971 147246 7981 5967 8949 3003 3173 3621 2774 1043 7280 20440 5548 565 3210 506 704 406 236 113 186 91 300 287 25 189 48 44 410 55 31 23 46 18 22 9 8 7 7 7 7 7 6 6 6 6 6 6 6 6 6 6 6 5 5 5 5 5 5 5 5 
1.11527 1e+07 1e+07 1e+07 1e+07 1e+07 1e+07 1e+07 1e+07 1e+07 1e+07 1e+07 1e+07 1e+07 1e+07 1e+07 1e+07 1e+07 1e+07 1e+07 1e+07 1e+07 1e+07 1e+07 1e+07 1e+07 1e+07 1e+07 1e+07 1e+07 1e+07 1e+07 4.95093e+06 1e+07 1e+07 2.03508e+06 2.58294e+06 144298 99901 599972 52270 52087 17019 4806 6936 9728 7056 1074 1638 5510 238804 4370 1315 3027 1464 18115 281 360 56 240 85 33 70 110 25 116 126 28 184 98 57 43 36 18 12 8 8 7 7 7 7 7 6 6 6 6 6 6 6 6 6 6 6 5 5 5 5 5 5 5 5 
1.13097 1e+07 1e+07 1e+07 1e+07 1e+07 1e+07 1e+07 1e+07 1e+07 1e+07 1e+07 1e+07 1e+07 1e+07 1e+07 1e+07 1e+07 1e+07 1e+07 1e+07 1e+07 1e+07 1e+07 1e+07 1e+07 1e+07 1e+07 1e+07 1e+07 1e+07 1e+07 1e+07 1e+07 7.56141e+06 5.63032e+06 835723 1.13468e+06 239670 145105 1.05543e+06 225216 59501 82152 30693 15951 6890 7287 1297 3607 2118 2153 780 705 788 599 7111 135 171 280 181 33 366 68 513 24 228 148 120 273 68 43 47 18 11 8 8 7 7 7 7 7 6 6 6 6 6 6 6 6 6 6 6 5 5 5 5 5 5 5 5 
1.14668 1e+07 1e+07 1e+07 1e+07 1e+07 1e+07 1e+07 1e+07 1e+07 1e+07 1e+07 1e+07 1e+07 1e+07 1e+07 1e+07 1e+07 1e+07 1e+07 1e+07 1e+07 1e+07 1e+07 1e+07 1e+07 1e+07 1e+07 1e+07 1e+07 1e+07 1e+07 1e+07 1e+07 1e+07 1e+07 881248 788484 445937 33676 493104 12225 34836 38925 57286 17372 15059 8426 10191 1e+07 2824 2583 1002 2830 1623 1112 209 547 174 141 151 33 85 606 659 101 37 178 203 121 20 28 43 22 11 8 8 7 7 7 7 7 6 6 6 6 6 6 6 6 6 6 6 5 5 5 5 5 5 5 5 
1.16239 1e+07 1e+07 1e+07 1e+07 1e+07 1e+07 1e+07 1e+07 1e+07 1e+07 1e+07 1e+07 1e+07 1e+07 1e+07 1e+07 1e+07 1e+07 1e+07 1e+07 1e+07 1e+07 1e+07 1e+07 1e+07 1e+07 1e+07 1e+07 1e+07 1e+07 1e+07 1e+07 1e+07 1e+07 5.64115e+06 1.46326e+06 1.0692e+06 1.14978e+06 5.47704e+06 10525 72236 11307 16111 2433 5937 9813 29841 3095 9862 1197 3130 614 902 1887 2388 147 121 383 216 279 33 77 48 69 301 157 223 150 64 23 21 112 41 22 9 8 7 7 7 7 7 6 6 6 6 6 6 6 6 6 6 6 5 5 5 5 5 5 5 5 
1.1781 1e+07 1e+07 1e+07 1e+07 1e+07 1e+07 1e+07 1e+07 1e+07 1e+07 1e+07 1e+07 1e+07 1e+07 1e+07 1e+07 1e+07 1e+07 1e+07 1e+07 1e+07 1e+07 1e+07 1e+07 1e+07 1e+07 1e+07 1e+07 1e+07 1e+07 1e+07 1e+07 1e+07 1e+07 4.98578e+06 5.19783e+06 1e+07 3.57522e+06 59837 23314 75605 7920 18547 6014 7000 4111 3235 1552 4687 3615 2973 1051 4265 2077 1118 170 925 261 133 177 35 328 40 189 101 321 87 181 27 61 33 37 61 28 9 8 8 7 7 7 7 7 6 6 6 6 6 6 6 6 6 6 6 5 5 5 5 5 5 5 
