epsilon_k[0] 0.0001
epsilon_k[1] 2.18e-05
epsilon_k[2] 7.08e-05
epsilon_k[3] 2.54e-05
epsilon_k[4] 1e-05
epsilon_k[5] 7.8e-06
epsilon_k[6] 2.18e-05
omega_x0 0.168
omega_y0 0.201
dx 0.01
epsilon 16
max_turns 10000000
from_y 56
to_y 64
0.56 210154 13021 2021 3735 955 41816 377 819 421 786 524 462 1399 18422 750 806 1755 78 611 99 107 297 115 58 124 143 801 158 79 233 60 46 359 41 87 43 61 453 39 146 213 1446 134 30 19 18 15 27 22 26 22 23 16 11 10 10 10 10 9 9 9 9 9 10 10 11 13 13 14 12 13 26 15 19 21 30 15 19 27 10 
0.57 8725 14980 655 5054 7209 1365 265 18546 7018 445 117 369 424 398 3684 126 50 293 34 59 137 329 97 99 60 31 80 441 76 109 94 41 132 95 105 150 123 34 159 58 37 25 39 15 14 15 23 24 16 16 21 14 16 20 11 10 10 10 9 9 9 9 9 9 9 10 10 12 13 14 12 13 42 14 17 23 16 18 13 23 
0.58 1343 9593 385135 1219 798 329 709 451 643 599 282 161 648 456 486 89 42 67 90 53 88 268 34 35 32 31 157 110 84 48 87 135 73 32 122 40 37 54 151 79 200 51 41 64 16 14 13 13 13 15 17 15 36 14 16 12 10 10 10 9 9 9 9 9 9 9 9 10 11 13 14 12 13 17 16 18 16 14 22 28 
0.59 3270 843 482 254 4430 776 597 247 881 201 224 1496 228 68 642 56 26 995 43 66 90 270 72 34 25 59 369 51 80 333 179 485 287 25 24 25 201 102 82 48 97 112 97 187 47 40 28 17 13 12 12 13 18 15 14 17 14 10 10 9 9 9 9 9 9 9 9 9 10 10 12 14 12 13 20 20 13 14 13 12 
0.6 4794 19134 2055 371 340 177 377 138 685 184 1014 181 420 64 158 25 84 46 349 73 42 415 114 125 441 33 126 198 154 2885 178 87 124 50 22 45 71 328 23 35 28 54 29 35 37 37 125 49 32 21 14 12 12 12 17 17 13 13 11 10 9 9 9 9 9 9 9 9 9 9 10 13 14 11 18 14 14 12 15 19 
0.61 16637 590 787 3502 157 252 295 197 1031 353 271 258 72 36 28 92 289 209 88 420 97 53 46 38 126 34 45 128 57 23 134 22 92 17 16 16 16 16 16 15 15 14 14 15 34 22 408 20 210 35 23 17 16 12 12 12 19 20 16 11 10 9 9 9 9 9 9 9 9 9 9 10 13 17 11 15 29 11 12 13 
0.62 1224 370 422 241 430 426 237 138 112 72 226 240 546 105 25 172 83 41 994 327 66 228 60 84 30 48 336 101 53 59 28 27 40 40 48 64 215 89 38 41 52 50 24 159 17 24 14 14 19 24 25 39 19 20 23 12 11 12 14 13 13 10 9 9 9 9 9 9 9 9 9 9 10 13 15 11 17 24 11 13 
0.63 426 403 373 838 178 297 283 85 136 337 145 57 115 28 148 37 210 25 174 104 126 88 106 71 24 23 28 20 34 36 57 99 109 18 31 32 182 52 58 25 25 94 78 30 61 18 28 17 21 14 13 17 18 15 14 18 15 12 11 12 22 15 10 9 9 9 9 9 8 8 9 9 9 9 13 13 11 14 11 10 
