epsilon_k[0] 0.0001
epsilon_k[1] 2.18e-05
epsilon_k[2] 7.08e-05
epsilon_k[3] 2.54e-05
epsilon_k[4] 1e-05
epsilon_k[5] 7.8e-06
epsilon_k[6] 2.18e-05
omega_x0 0.168
omega_y0 0.201
dx 0.01
epsilon 4
max_turns 10000000
from_y 48
to_y 56
0.48 1e+07 9.59171e+06 1.98384e+06 906672 906672 299412 199643 199643 12611 12611 12611 4289 4289 4289 4289 683 
0.49 3.19306e+06 3.19306e+06 1.57005e+06 261310 143044 101628 18702 18702 18702 18702 18702 10883 10883 2442 2442 1259 477 
0.5 936058 867823 867823 867823 247194 247194 83079 45204 1261 1261 1261 1261 1261 1102 596 
0.51 1.7871e+06 267973 115632 80210 19753 19753 2210 2210 2210 2210 2210 1347 1347 1347 914 
0.52 307204 307204 73661 37971 12143 12143 4105 3061 3061 3061 3061 572 
0.53 1.12216e+06 21335 21335 5080 1140 1140 1140 1140 1140 1140 1140 1140 454 
0.54 43163 41772 1973 688 
0.55 30493 10644 2305 2305 610 
