epsilon_k[0] 0.0001
epsilon_k[1] 2.18e-05
epsilon_k[2] 7.08e-05
epsilon_k[3] 2.54e-05
epsilon_k[4] 1e-05
epsilon_k[5] 7.8e-06
epsilon_k[6] 2.18e-05
omega_x0 0.31
omega_y0 0.32
dx 0.01
epsilon 16
max_turns 10000000
from_y 16
to_y 24
0.16 8.41558e+06 8.41558e+06 8.41558e+06 8.41558e+06 8.41558e+06 8.41558e+06 8.41558e+06 8.41558e+06 8.41558e+06 690203 82504 4371 865 
0.17 684114 684114 684114 684114 684114 684114 684114 684114 684114 663248 663248 868 
0.18 18245 18245 18245 18245 18245 18245 18245 18245 18245 18245 3515 117 
0.19 306 
0.2 34 
0.21 28 
0.22 25 
0.23 23 
