epsilon_k[0] 0.0001
epsilon_k[1] 2.18e-05
epsilon_k[2] 7.08e-05
epsilon_k[3] 2.54e-05
epsilon_k[4] 1e-05
epsilon_k[5] 7.8e-06
epsilon_k[6] 2.18e-05
omega_x0 0.168
omega_y0 0.201
dx 0.01
n_theta 100
dtheta 0.015708
epsilon 44
max_turns 10000000
from_angle 40
to_angle 50
0.628319 1e+07 1e+07 1e+07 1e+07 1e+07 1e+07 1e+07 1e+07 1e+07 1e+07 1e+07 1e+07 1e+07 1e+07 1e+07 1e+07 1e+07 1e+07 1e+07 1e+07 1e+07 1e+07 1e+07 1e+07 1e+07 1e+07 1e+07 1e+07 1e+07 1e+07 1e+07 4.50399e+06 4.50399e+06 4.50399e+06 2.22648e+06 2.22648e+06 2.22648e+06 2.06567e+06 2.06567e+06 2.06567e+06 2.06567e+06 1.29356e+06 1.29356e+06 570573 570573 242026 242026 238572 238572 220959 20624 20624 20624 20624 14288 2659 2659 1749 1749 1749 1749 596 
0.644026 1e+07 1e+07 1e+07 1e+07 1e+07 1e+07 1e+07 1e+07 1e+07 1e+07 1e+07 1e+07 1e+07 1e+07 1e+07 1e+07 1e+07 1e+07 1e+07 1e+07 1e+07 1e+07 1e+07 1e+07 1e+07 1e+07 1e+07 1e+07 1e+07 1e+07 7.36274e+06 7.36274e+06 7.36274e+06 1.52115e+06 1.52115e+06 1.52115e+06 1.52115e+06 1.52115e+06 1.52115e+06 586106 586106 586106 586106 586106 586106 586106 586106 586106 475903 123248 41171 9977 9977 9977 9977 2908 2908 2517 2517 2517 2517 1877 129 
0.659734 1e+07 1e+07 1e+07 1e+07 1e+07 1e+07 1e+07 1e+07 1e+07 1e+07 1e+07 1e+07 1e+07 1e+07 1e+07 1e+07 1e+07 1e+07 1e+07 1e+07 1e+07 1e+07 1e+07 1e+07 1e+07 1e+07 1e+07 1e+07 1e+07 1e+07 9.35647e+06 9.35647e+06 2.16074e+06 579756 579756 579756 579756 579756 579756 579756 579756 579756 373942 265682 265682 265682 265682 79600 79600 69890 17238 17238 14270 14270 14270 3177 1187 1187 1187 1187 1187 155 
0.675442 1e+07 1e+07 1e+07 1e+07 1e+07 1e+07 1e+07 1e+07 1e+07 1e+07 1e+07 1e+07 1e+07 1e+07 1e+07 1e+07 1e+07 1e+07 1e+07 1e+07 1e+07 1e+07 1e+07 1e+07 1e+07 1e+07 1e+07 1e+07 1e+07 1e+07 8.58769e+06 8.3083e+06 3.41808e+06 3.41808e+06 3.41808e+06 3.41808e+06 746779 746779 746779 746779 746779 547218 340632 340632 340632 340632 340632 55340 55340 55340 55340 10292 8898 4212 4144 2371 2371 2371 1275 424 
0.69115 1e+07 1e+07 1e+07 1e+07 1e+07 1e+07 1e+07 1e+07 1e+07 1e+07 1e+07 1e+07 1e+07 1e+07 1e+07 1e+07 1e+07 1e+07 1e+07 1e+07 1e+07 1e+07 1e+07 1e+07 1e+07 1e+07 1e+07 1e+07 1e+07 1e+07 1e+07 1e+07 1e+07 8.72225e+06 6.30583e+06 2.19834e+06 2.19834e+06 2.19834e+06 2.19834e+06 1.43559e+06 1.43559e+06 1.43559e+06 484432 214281 214281 214281 214281 164435 164435 49198 9001 3567 3567 2568 2568 954 
0.706858 1e+07 1e+07 1e+07 1e+07 1e+07 1e+07 1e+07 1e+07 1e+07 1e+07 1e+07 1e+07 1e+07 1e+07 1e+07 1e+07 1e+07 1e+07 1e+07 1e+07 1e+07 1e+07 1e+07 1e+07 1e+07 1e+07 1e+07 1e+07 1e+07 1e+07 4.20239e+06 4.20239e+06 2.08706e+06 1.68523e+06 1.06347e+06 1.06347e+06 1.06347e+06 1.06347e+06 1.06347e+06 1.06347e+06 608185 608185 262082 262082 47473 47473 47473 47473 47473 47473 47473 47473 5246 5246 1111 1111 755 
0.722566 1e+07 1e+07 1e+07 1e+07 1e+07 1e+07 1e+07 1e+07 1e+07 1e+07 1e+07 1e+07 1e+07 1e+07 1e+07 1e+07 1e+07 1e+07 1e+07 1e+07 1e+07 1e+07 1e+07 1e+07 1e+07 1e+07 1e+07 8.44395e+06 8.44395e+06 8.44395e+06 8.44395e+06 8.44395e+06 3.75672e+06 2.69384e+06 2.69384e+06 1.14647e+06 1.07373e+06 1.07373e+06 336802 336802 336802 336802 168028 125162 125162 125162 125162 101958 21396 21396 18305 18305 3565 3565 2563 2128 332 
0.738274 1e+07 1e+07 1e+07 1e+07 1e+07 1e+07 1e+07 1e+07 1e+07 1e+07 1e+07 1e+07 1e+07 1e+07 1e+07 1e+07 1e+07 1e+07 1e+07 1e+07 1e+07 1e+07 1e+07 1e+07 1e+07 1e+07 1e+07 1e+07 4.84374e+06 3.2031e+06 3.2031e+06 3.2031e+06 3.2031e+06 3.2031e+06 2.15818e+06 1.56218e+06 1.56218e+06 469629 469629 469629 469629 469629 469629 332876 332876 188784 188784 57126 42769 4991 4991 4991 4991 2302 2302 2302 428 
0.753982 1e+07 1e+07 1e+07 1e+07 1e+07 1e+07 1e+07 1e+07 1e+07 1e+07 1e+07 1e+07 1e+07 1e+07 1e+07 1e+07 1e+07 1e+07 1e+07 1e+07 1e+07 1e+07 1e+07 1e+07 1e+07 1e+07 1e+07 1e+07 1e+07 4.00972e+06 4.00972e+06 4.00972e+06 2.3164e+06 955493 771952 771952 285140 285140 285140 285140 285140 285140 266792 153012 153012 122217 122217 122217 22986 9103 3565 2307 2307 1694 1694 1291 1291 1291 1291 1291 256 
0.76969 1e+07 1e+07 1e+07 1e+07 1e+07 1e+07 1e+07 1e+07 1e+07 1e+07 1e+07 1e+07 1e+07 1e+07 1e+07 1e+07 1e+07 1e+07 1e+07 1e+07 1e+07 1e+07 1e+07 1e+07 1e+07 1e+07 1e+07 1e+07 4.15868e+06 4.15868e+06 4.15868e+06 1.63926e+06 1.19472e+06 1.19472e+06 1.19472e+06 1.17759e+06 709812 709812 709812 709812 709812 709812 169160 169160 34575 34575 34575 34575 34575 2834 2834 2834 1947 465 
