epsilon_k[0] 0.0001
epsilon_k[1] 2.18e-05
epsilon_k[2] 7.08e-05
epsilon_k[3] 2.54e-05
epsilon_k[4] 1e-05
epsilon_k[5] 7.8e-06
epsilon_k[6] 2.18e-05
omega_x0 0.28
omega_y0 0.31
dx 0.01
epsilon 1
max_turns 10000000
from_y 32
to_y 40
0.32 1e+07 1e+07 1e+07 1e+07 1e+07 1e+07 1e+07 1e+07 1e+07 1e+07 1e+07 1e+07 1e+07 1e+07 1e+07 1e+07 1e+07 1e+07 1e+07 1.71489e+06 1325 208 
0.33 1e+07 1e+07 1e+07 1e+07 1e+07 1e+07 1e+07 1e+07 1e+07 1e+07 1e+07 1e+07 1e+07 1e+07 1e+07 1e+07 1e+07 1e+07 1.52449e+06 49829 252 
0.34 1e+07 1e+07 1e+07 1e+07 1e+07 1e+07 1e+07 1e+07 1e+07 1e+07 1e+07 1e+07 1e+07 1e+07 1e+07 1e+07 1e+07 3.42666e+06 1.9718e+06 172 
0.35 1e+07 1e+07 1e+07 1e+07 1e+07 1e+07 1e+07 1e+07 1e+07 1e+07 1e+07 1e+07 1e+07 1e+07 1e+07 1e+07 3.25691e+06 1.1997e+06 2302 79 
0.36 1e+07 1e+07 1e+07 1e+07 1e+07 1e+07 1e+07 1e+07 1e+07 1e+07 1e+07 1e+07 1e+07 1e+07 1e+07 1e+07 2.28658e+06 610 
0.37 1e+07 1e+07 1e+07 1e+07 1e+07 1e+07 1e+07 1e+07 1e+07 1e+07 1e+07 1e+07 1e+07 6.00627e+06 6.00627e+06 289310 29 
0.38 2.56706e+06 2.56706e+06 2.56706e+06 2.56706e+06 2.56706e+06 2.56706e+06 2.56706e+06 2.56706e+06 2.56706e+06 2.56706e+06 2.56706e+06 2.56706e+06 2.56706e+06 2.12864e+06 2927 27 
0.39 1792 1792 1792 1792 1792 1792 1792 1792 1792 1792 1792 1792 89 
