epsilon_k[0] 0.0001
epsilon_k[1] 2.18e-05
epsilon_k[2] 7.08e-05
epsilon_k[3] 2.54e-05
epsilon_k[4] 1e-05
epsilon_k[5] 7.8e-06
epsilon_k[6] 2.18e-05
omega_x0 0.168
omega_y0 0.201
dx 0.001
epsilon 32
max_turns 10000000
from_y 720
to_y 800
0.72 20 20 20 20 20 20 20 20 20 20 20 20 20 20 20 20 20 20 21 21 21 23 36 31 84 27 74 58 184 39 26 40 43 80 25 36 33 50 40 183 65 85 215 58 113 125 103 243 47 2250 204 174 65 108 46 114 98 505 129 94 87 89 217 196 188 31 26 80 123 40 39 64 32 62 27 26 52 49 56 120 
0.721 21 21 21 20 20 20 20 20 20 20 20 20 20 20 20 20 20 20 20 21 21 21 22 24 39 61 27 30 36 57 34 26 31 105 233 25 35 33 436 195 518 94 72 263 241 111 94 62 88 107 87 100 145 983 89 40 36 53 80 169 102 95 46 134 97 129 57 49 124 53 91 39 49 43 28 26 27 45 185 59 
0.722 21 21 21 21 21 21 21 20 20 20 20 20 20 20 20 20 20 20 20 20 20 21 21 21 22 32 28 48 27 64 65 62 26 29 54 55 25 42 33 68 96 451 66 40 140 348 63 101 47 51 86 556 1147 909 87 80 54 117 137 126 237 86 42 414 481 385 41 26 61 125 67 670 48 32 108 26 26 67 38 52 
0.723 23 22 22 22 21 21 21 21 21 21 20 20 20 20 20 20 20 20 20 20 20 20 20 21 21 21 23 58 63 27 36 38 62 47 26 31 34 25 28 33 195 56 261 115 63 48 60 54 35 64 79 73 74 143 59 87 70 37 56 87 155 120 183 78 139 285 31 26 262 186 62 75 170 236 49 27 26 27 494 40 
0.724 85 121 30 51 37 23 22 22 21 21 21 21 21 20 20 20 20 20 20 20 20 20 20 20 20 21 21 22 27 28 54 32 38 109 31 26 28 47 25 26 33 119 100 156 55 193 94 82 35 33 137 48 657 231 129 76 70 81 36 154 82 151 109 193 157 89 40 26 101 88 60 121 147 40 32 58 26 26 33 62 
0.725 34 57 29 28 142 47 69 78 24 22 22 21 21 21 21 20 20 20 20 20 20 20 20 20 20 20 21 21 21 22 62 44 26 43 44 31 26 36 40 25 26 33 58 82 92 60 115 481 82 41 33 115 51 50 124 260 75 33 64 38 104 222 117 68 161 69 78 99 54 78 133 99 1548 119 58 61 27 26 28 41 
0.726 56 66 232 103 56 41 211 28 220 553 314 23 22 21 21 21 21 20 20 20 20 20 20 20 20 20 20 20 21 21 22 27 38 33 30 36 91 26 39 30 25 26 35 241 93 283 41 51 605 35 46 33 53 78 467 129 60 281 39 50 143 115 118 249 89 209 69 34 26 132 63 256 126 206 98 32 32 26 26 89 
0.727 153 142 63 47 58 38 54 102 48 114 29 81 29 25 22 21 21 21 21 20 20 20 20 20 20 20 20 20 20 21 21 21 23 50 39 33 33 99 27 32 31 25 26 63 80 158 179 606 76 52 199 153 33 87 73 552 294 107 64 71 41 99 63 140 78 271 38 40 26 114 279 107 129 118 186 132 35 26 26 74 
0.728 110 103 36 27 27 28 98 110 104 98 128 82 29 290 37 36 22 21 21 21 21 20 20 20 20 20 20 20 20 20 20 21 21 22 28 39 26 31 59 55 29 144 25 26 62 50 82 89 46 666 201 69 90 38 37 41 106 74 45 39 74 78 106 408 534 64 107 181 40 78 43 86 455 90 75 158 207 27 26 27 
0.729 186 85 436 50 57 51 50 27 27 474 115 57 90 350 31 40 149 25 22 21 21 21 21 20 20 20 20 20 20 20 20 20 21 21 21 29 32 34 70 54 37 26 66 25 27 51 38 282 73 155 88 84 55 92 88 34 42 103 130 55 119 34 72 193 184 42 77 67 53 27 38 152 62 232 199 90 37 52 26 26 
0.73 58 101 170 38 47 56 127 425 280 87 27 39 73 37 90 94 29 67 29 23 22 21 21 21 21 20 20 20 20 20 20 20 20 20 21 21 22 79 77 30 43 42 26 64 25 50 51 45 118 382 93 69 40 73 32 37 115 72 122 122 38 130 150 46 269 84 61 52 84 26 75 54 482 46 68 59 41 58 27 26 
0.731 214 42 57 34 35 49 47 52 88 54 33 49 27 177 321 37 216 104 28 59 135 23 22 21 21 21 21 20 20 20 20 20 20 20 20 21 21 22 31 50 31 34 30 26 50 24 35 46 51 206 42 101 82 41 32 45 51 108 76 60 65 43 31 74 178 140 120 118 46 27 144 77 724 77 73 138 216 33 31 26 
0.732 47 76 225 61 66 41 35 34 178 58 52 47 51 213 27 127 63 43 148 332 45 50 31 22 21 21 21 21 20 20 20 20 20 20 20 20 20 21 21 26 54 27 102 47 26 60 24 34 51 161 101 127 49 32 54 47 38 56 36 241 101 34 72 57 124 766 164 92 64 48 42 163 105 215 94 87 435 52 80 26 
0.733 108 116 63 72 133 68 156 50 89 34 45 49 62 285 85 44 27 114 68 79 100 31 51 29 23 22 21 21 21 21 20 20 20 20 20 20 20 20 21 21 23 33 26 43 93 26 30 24 40 43 159 102 52 172 33 63 39 36 65 63 167 134 105 31 130 88 119 58 39 30 26 79 84 149 88 77 73 89 47 28 
0.734 33 35 49 37 86 103 59 45 154 41 44 34 70 40 63 638 65 28 118 260 61 64 109 29 155 30 22 22 21 21 21 21 20 20 20 20 20 20 20 21 21 22 29 29 33 57 26 35 24 43 50 54 187 207 32 44 31 39 30 312 210 77 33 47 74 52 109 54 48 193 26 216 216 555 28 49 76 71 34 167 
0.735 32 31 31 31 31 32 42 184 51 89 100 62 35 34 83 45 47 34 90 28 41 122 289 309 81 63 29 23 22 21 21 21 21 20 20 20 20 20 20 20 21 21 22 43 38 57 43 26 33 24 54 68 40 113 62 49 97 49 29 29 67 71 69 44 30 122 101 132 41 57 59 35 76 103 27 62 81 170 35 33 
0.736 70 54 95 38 32 31 31 31 40 66 79 74 102 100 34 53 42 71 195 63 28 152 92 107 108 197 29 79 37 22 22 21 21 21 21 20 20 20 20 20 20 20 21 21 31 102 31 103 27 34 25 64 191 193 103 31 77 30 44 28 73 151 62 160 52 69 134 111 177 33 29 28 88 100 27 27 31 36 66 62 
0.737 38 153 63 91 89 45 38 31 30 31 41 59 63 88 101 36 34 101 65 111 45 29 50 112 74 93 70 29 209 29 24 22 21 21 21 21 21 20 20 20 20 20 20 21 21 37 38 31 61 36 26 26 47 39 117 409 41 65 31 27 28 43 178 70 49 42 203 481 199 66 47 25 127 47 28 28 52 43 168 43 
0.738 38 67 61 43 91 147 85 104 72 31 30 37 37 52 62 40 36 34 64 54 48 82 60 29 34 91 131 121 262 30 78 83 23 22 21 21 21 21 20 20 20 20 20 20 21 21 26 34 31 31 31 24 32 66 89 169 50 38 30 28 27 28 95 64 39 53 66 85 67 92 48 40 40 48 28 46 27 47 64 33 
0.739 40 57 53 74 57 87 39 50 84 50 32 30 32 37 65 55 109 39 35 47 159 48 69 84 28 48 156 70 63 147 28 109 75 35 22 22 21 21 21 21 20 20 20 20 20 21 21 24 53 36 38 28 24 33 61 121 41 35 63 38 27 27 54 63 59 93 36 184 427 47 32 31 59 49 27 68 31 31 103 37 
0.74 41 37 57 67 53 41 54 35 35 39 37 57 30 32 58 117 93 40 68 40 105 40 99 99 48 28 347 40 44 59 84 54 29 400 296 23 22 21 21 21 21 20 20 20 20 20 20 21 23 45 44 38 60 24 88 79 98 58 38 30 27 27 28 55 74 61 46 195 321 72 45 364 25 149 27 66 70 36 40 68 
0.741 42 37 66 57 175 86 52 35 41 42 35 61 75 30 33 59 65 49 71 58 63 40 410 48 51 49 28 58 98 53 181 53 246 29 56 43 33 23 22 21 21 21 21 20 20 20 20 20 21 23 33 98 26 33 24 77 43 94 52 35 29 27 28 29 146 47 42 82 58 272 245 103 26 36 80 159 59 27 37 392 
0.742 65 89 37 47 147 110 50 113 35 52 39 37 43 50 30 40 181 245 44 34 40 37 56 42 60 83 72 28 91 39 54 131 77 12653 79 28 62 119 49 22 22 21 21 21 20 20 20 20 20 21 23 45 49 25 26 86 40 185 69 27 35 27 29 29 38 120 32 32 64 73 92 254 52 39 61 192 210 57 82 196 
0.743 41 65 103 37 57 171 42 95 45 45 70 64 39 73 70 30 36 58 535 60 41 60 64 38 143 64 122 691 29 40 64 118 116 230 83 74 50 28 43 30 29 22 21 21 21 21 20 20 20 20 21 23 55 40 26 24 58 48 150 53 42 27 36 35 236 36 67 37 57 87 364 60 159 277 145 41 28 37 31 67 
0.744 91 48 61 156 37 41 47 136 58 41 54 76 39 47 42 31 31 58 40 60 34 57 60 79 38 41 60 242 44 29 69 68 41 91 151 92 132 59 36 28 477 29 24 22 21 21 21 20 20 20 20 21 24 27 38 28 24 97 82 164 26 32 29 83 58 70 120 45 31 52 87 138 36 25 49 82 35 28 27 46 
0.745 39 38 85 61 127 37 40 51 52 40 36 111 72 40 35 36 30 44 157 87 83 41 93 144 40 66 149 90 58 29 30 105 34 41 59 94 522 68 151 49 101 28 110 81 23 22 21 21 20 20 20 20 21 26 27 40 30 25 52 44 42 58 27 109 48 36 192 86 113 184 252 136 61 39 46 27 34 38 90 55 
0.746 47 30 44 98 117 62 37 57 62 47 62 77 45 82 47 46 31 34 49 150 76 42 44 73 49 49 61 45 147 44 28 110 58 34 96 41 40 93 137 366 268 80 93 28 65 233 22 21 21 20 20 20 20 21 34 62 26 25 49 74 70 25 39 99 64 39 55 55 47 56 151 114 173 41 96 123 28 32 37 62 
0.747 24 26 35 30 127 79 100 37 99 71 49 38 54 48 39 36 70 30 51 89 132 34 63 51 57 38 97 56 110 180 29 29 106 50 67 57 101 43 70 43 191 262 50 112 67 29 39 23 21 21 21 20 20 20 21 34 34 26 24 52 39 54 36 29 69 129 100 46 47 52 71 904 94 52 25 46 96 23 28 29 
0.748 24 24 24 36 33 38 99 61 90 44 100 50 61 51 44 47 36 30 106 73 122 33 69 74 159 39 61 547 72 454 29 29 36 35 81 48 99 33 84 46 44 42 71 127 90 48 81 52 40 22 21 21 20 20 20 21 41 34 35 24 44 74 25 32 38 33 55 35 101 36 74 143 77 43 26 57 57 22 32 26 
0.749 26 38 24 24 26 93 50 163 44 70 126 49 119 49 41 39 40 30 35 137 53 33 45 105 64 39 169 243 199 37 28 29 53 34 61 52 115 175 78 69 61 286 42 39 49 52 83 48 28 57 22 21 21 20 20 20 21 91 54 26 52 51 36 52 231 62 35 55 42 185 30 87 133 105 29 40 61 22 22 64 
0.75 41 102 26 27 24 27 90 55 109 45 45 69 56 55 35 81 35 31 45 78 92 34 81 51 51 85 178 273 57 29 29 78 53 67 51 77 98 42 36 47 53 31 30 38 59 72 54 41 382 150 38 23 21 21 20 20 20 22 28 25 24 39 59 25 28 62 113 64 93 74 65 47 147 70 30 46 27 23 21 30 
0.751 23 37 27 26 32 24 54 38 130 187 261 57 54 60 35 35 38 45 40 75 79 39 50 109 39 199 49 50 29 29 109 186 56 33 33 51 66 72 90 30 28 28 28 29 29 28 28 36 33 70 251 28 30 21 21 20 20 20 25 33 28 25 74 61 34 61 72 45 41 51 33 56 252 196 89 25 103 29 21 34 
0.752 21 22 28 27 26 25 24 38 88 63 41 78 47 142 36 38 47 86 35 107 57 63 49 51 53 91 86 29 31 82 33 456 71 64 60 74 63 71 34 30 28 29 140 73 195 61 583 80 29 29 56 275 63 29 21 21 20 20 21 27 44 24 92 88 25 27 33 35 64 72 59 40 230 93 150 30 46 28 21 22 
0.753 21 21 21 28 27 27 24 33 45 162 42 279 48 80 44 60 89 49 41 74 49 71 97 46 47 184 29 342 42 48 41 72 84 88 70 86 101 52 76 166 28 29 636 56 42 74 54 46 175 96 230 36 46 47 67 21 21 20 20 21 31 25 23 47 40 58 309 51 53 62 259 103 37 45 39 60 67 57 21 21 
0.754 21 21 21 21 29 34 31 24 40 62 38 44 48 195 39 40 66 32 35 97 33 346 181 45 127 31 54 37 603 216 68 50 111 397 133 683 60 75 94 44 29 28 50 163 105 92 47 40 46 50 150 76 29 43 59 137 21 20 20 20 21 31 41 48 51 25 120 58 76 39 99 37 472 116 120 149 27 27 21 21 
0.755 21 21 21 21 22 37 26 24 34 212 72 48 59 180 44 39 54 30 37 291 40 262 73 47 38 59 77 227 57 70 63 38 96 36 159 95 126 117 66 90 38 28 131 69 45 40 85 256 41 42 118 40 50 176 34 95 88 21 20 20 20 31 33 23 66 57 35 62 82 40 263 140 33 71 167 66 26 42 22 20 
0.756 23 21 21 21 21 27 47 34 25 80 56 67 53 43 48 42 46 30 55 52 111 92 118 35 58 42 109 76 47 28 239 208 60 62 76 28 67 86 135 98 44 77 28 140 45 46 173 34 34 34 34 35 221 45 74 28 202 69 21 20 20 20 33 25 25 66 25 52 57 181 91 36 38 47 56 146 69 79 70 20 
0.757 79 23 21 21 21 22 33 30 24 33 100 54 116 114 40 38 65 31 101 35 50 39 305 29 50 83 98 29 69 29 52 60 73 36 128 57 2070 28 42 50 355 36 28 35 41 49 364 35 56 35 35 38 39 179 70 41 29 141 42 21 20 20 21 32 25 36 42 40 62 150 35 47 217 29 36 83 89 68 46 20 
0.758 298 55 23 21 21 21 33 28 24 41 55 143 53 56 50 40 35 53 43 51 134 45 28 73 50 38 59 42 23 22 22 22 22 22 22 23 41 30 129 53 50 173 33 28 350 46 40 61 208 34 41 47 40 53 73 86 57 36 180 29 21 20 20 32 33 24 37 24 62 83 50 68 161 46 164 64 48 25 133 20 
0.759 53 102 58 22 21 21 23 48 25 52 114 123 54 47 193 79 162 48 50 89 39 48 91 75 28 40 23 22 22 21 21 21 21 21 21 22 22 23 187 39 28 51 257 65 29 60 49 50 93 37 34 41 39 43 58 59 76 49 89 152 25 20 20 20 27 41 67 50 27 155 213 69 94 34 46 106 58 30 31 21 
0.76 32 36 357 50 21 21 21 33 35 34 60 92 64 52 61 58 39 53 59 88 199 53 74 28 37 22 21 21 21 21 21 21 21 21 21 21 21 22 22 23 29 28 54 133 28 58 82 59 33 37 49 33 33 49 120 39 45 77 533 741 85 22 20 20 21 35 23 225 24 43 57 61 44 89 34 68 102 68 97 22 
0.761 30 49 127 45 22 21 21 31 36 34 96 50 95 82 31 38 30 55 48 39 29 215 68 59 22 21 21 21 21 21 21 21 21 21 21 21 21 21 21 22 22 81 29 127 69 27 34 35 49 36 47 31 36 39 322 47 54 43 85 293 112 109 21 20 20 27 32 33 34 102 51 58 87 45 41 242 90 33 103 82 
0.762 34 36 51 47 55 21 21 28 28 26 76 45 79 55 30 41 65 38 41 171 37 86 30 22 21 21 21 21 21 21 21 21 21 21 21 21 21 21 21 21 21 22 51 29 91 33 45 46 44 60 36 31 126 41 44 84 118 34 37 90 71 28 28 21 20 20 26 23 141 25 35 28 65 53 47 99 84 86 25 47 
0.763 78 43 33 61 67 21 21 24 26 25 83 65 202 53 30 40 42 84 40 28 60 170 22 21 21 21 21 21 21 21 21 22 22 22 22 21 21 21 21 21 21 21 22 38 28 45 61 42 222 55 39 31 63 51 39 31 31 30 36 44 96 72 55 120 20 20 22 25 33 37 33 33 33 46 247 38 31 77 47 31 
0.764 40 31 29 43 28 22 21 22 30 25 59 121 56 66 31 57 110 162 44 67 29 22 21 21 21 21 21 21 22 22 24 295 79 38 206 24 22 22 21 21 21 21 21 22 62 28 104 27 43 29 34 55 58 63 41 127 68 41 44 30 66 39 76 75 22 20 20 35 23 44 34 37 64 73 233 50 307 77 31 50 
0.765 30 90 82 140 46 23 21 21 31 25 71 110 99 31 31 30 45 53 28 55 24 21 21 21 21 21 21 23 43 77 43 89 28 29 51 105 110 67 24 22 21 21 21 21 22 49 77 66 51 48 40 46 39 72 45 77 63 107 69 44 37 42 75 219 148 21 20 21 25 86 30 89 45 33 41 137 82 41 30 35 
0.766 24 32 33 29 47 30 21 21 32 25 75 117 69 38 31 36 53 104 66 348 21 21 20 21 21 22 43 39 28 69 98 178 47 47 108 57 48 74 72 73 24 22 21 21 21 22 42 51 377 48 26 37 41 64 43 90 143 64 59 46 43 37 133 49 186 50 20 20 33 23 56 28 27 27 104 53 63 32 64 25 
0.767 27 43 79 32 59 79 21 21 51 25 39 62 45 36 51 54 47 28 95 22 21 20 21 21 22 34 28 131 55 151 49 28 27 28 28 35 266 101 82 260 64 97 22 21 21 21 22 47 55 27 56 32 31 570 42 234 119 140 317 76 60 91 41 38 116 129 21 20 21 25 49 24 28 49 46 42 45 31 56 29 
0.768 21 24 33 33 33 28 21 21 51 26 41 65 105 43 35 44 39 125 29 21 20 20 21 23 231 47 63 55 27 62 104 75 81 346 92 159 71 707 38 74 112 58 88 23 21 21 21 22 39 150 30 26 115 61 64 217 279 259 972 177 67 47 31 63 45 300 85 20 20 33 23 41 45 106 26 39 59 37 125 24 
0.769 21 25 30 62 34 68 21 21 86 34 76 46 73 35 30 46 58 67 22 21 20 21 22 49 212 41 27 74 48 57 71 36 84 61 62 44 43 39 96 50 56 153 214 155 32 22 21 21 22 28 59 151 59 42 50 59 228 84 41 184 215 56 66 38 43 78 70 46 20 20 25 51 25 27 29 39 140 41 87 85 
0.77 38 21 26 42 27 47 22 21 37 58 88 118 57 41 35 47 49 35 21 20 20 21 74 78 45 40 72 63 68 353 55 57 89 51 154 151 40 222 56 34 64 64 37 62 159 71 22 21 21 23 169 30 25 34 124 96 113 49 505 180 176 89 64 50 37 35 41 58 21 20 26 23 45 39 26 25 63 71 125 356 
0.771 27 21 27 40 34 60 22 21 41 54 250 113 56 97 74 50 47 22 20 20 21 28 99 35 77 40 50 81 99 231 357 88 60 58 43 45 43 40 102 87 115 123 69 321 146 56 31 22 21 21 38 82 67 66 55 51 1362 91 55 50 126 66 104 74 173 35 30 46 28 20 20 25 151 34 38 26 128 46 176 41 
0.772 25 26 22 38 32 60 23 21 35 47 124 201 32 42 56 36 68 21 20 21 27 31 57 76 40 177 160 71 122 52 53 46 44 58 104 75 63 49 33 45 39 50 103 275 89 39 88 29 21 21 21 101 27 25 31 63 85 59 54 65 45 77 111 64 38 63 61 38 96 21 20 45 24 25 29 35 28 100 37 31 
0.773 20 33 21 38 105 48 30 21 37 31 85 160 36 34 160 153 22 20 20 21 73 83 31 50 140 316 99 111 34 116 38 43 33 32 31 31 41 48 36 43 68 33 46 84 143 46 37 129 29 21 21 22 46 30 47 57 184 65 53 49 56 78 51 74 54 92 82 46 164 44 20 20 36 85 42 51 75 41 121 72 
0.774 19 30 21 25 40 34 37 21 32 53 38 78 48 36 89 140 21 20 20 69 47 38 60 401 47 76 53 60 38 31 47 33 36 41 42 35 41 86 52 32 33 95 51 43 37 42 81 36 82 50 21 21 23 159 25 56 123 54 54 48 73 225 72 58 70 39 45 31 61 55 22 20 26 42 25 27 24 77 147 46 
0.775 18 21 22 29 36 27 51 21 29 66 39 55 53 43 39 59 20 20 21 36 26 88 347 123 42 34 53 31 35 74 42 66 48 60 35 38 144 41 38 33 32 31 41 40 50 38 234 65 83 381 44 21 21 32 27 33 42 640 38 62 58 89 150 88 45 67 46 142 61 36 44 20 20 23 40 33 20 25 55 49 
0.776 18 19 24 24 40 27 59 21 27 62 32 68 32 34 34 22 20 20 28 54 31 45 248 1447 59 47 37 66 56 42 36 36 34 33 40 81 45 56 45 37 49 72 76 63 39 35 37 43 67 187 59 22 21 21 40 26 47 117 40 109 39 36 52 74 148 93 82 38 76 32 73 22 20 24 38 93 20 1564 105 87 
0.777 18 19 33 21 30 27 39 21 26 44 33 50 59 65 44 21 20 21 43 37 216 165 60 58 31 112 27 97 34 46 29 34 36 55 35 41 35 52 31 69 53 40 74 724 78 34 45 33 32 56 97 49 22 21 22 32 30 137 178 63 44 58 78 49 51 96 91 127 34 63 30 46 20 20 23 24 28 19 37 124 
0.778 17 18 29 21 37 28 109 21 36 64 42 36 48 38 52 20 20 44 72 43 41 58 34 31 26 28 33 37 28 37 37 122 61 39 48 58 108 35 282 41 35 48 36 48 130 119 157 50 74 79 56 298 52 21 21 38 31 69 58 55 36 34 156 39 46 67 35 72 38 78 38 52 22 20 30 159 28 19 157 77 
0.779 17 18 20 21 27 34 27 21 45 48 45 43 31 79 22 20 20 39 29 127 108 40 31 26 57 37 29 43 38 36 89 53 65 53 38 61 38 39 61 48 51 45 45 35 63 35 80 36 79 95 48 55 54 308 21 21 53 25 106 41 45 56 74 314 63 100 49 35 38 48 59 37 27 20 21 30 44 19 20 110 
0.78 16 17 19 21 43 31 35 21 25 87 45 31 51 34 21 20 22 65 26 45 51 34 26 35 75 29 49 54 195 63 72 41 61 92 36 31 32 43 89 50 147 32 73 143 34 61 97 63 37 106 39 44 40 28 41 21 22 42 54 91 43 38 58 126 34 24 43 76 54 63 40 31 78 22 20 30 37 43 19 28 
0.781 16 17 18 25 31 38 36 21 24 82 33 31 120 130 20 20 340 34 42 157 48 26 34 44 41 63 35 45 58 156 51 67 45 36 39 42 51 54 48 71 49 31 42 54 46 34 27 59 36 78 76 39 56 332 33 22 21 34 25 97 41 53 34 43 23 22 22 62 59 98 133 45 32 27 20 24 40 28 19 92 
0.782 16 16 18 23 24 41 56 21 24 31 37 38 66 87 20 20 36 25 53 112 41 26 32 94 33 35 171 60 34 51 32 35 113 64 56 50 39 45 43 40 39 31 37 135 34 165 60 51 59 130 39 68 180 37 26 88 21 21 27 193 31 58 33 141 22 22 22 22 54 79 40 49 42 86 21 20 22 32 19 19 
0.783 16 16 17 24 25 26 52 21 24 34 46 35 39 21 20 22 25 67 37 47 25 45 32 27 113 69 47 45 31 33 41 36 48 34 122 156 59 31 30 48 38 49 30 44 30 67 63 42 39 65 202 309 30 85 49 25 30 21 23 24 102 39 46 29 22 22 22 22 22 155 40 61 32 55 68 20 27 32 32 19 
0.784 15 16 17 34 24 25 62 21 25 77 31 32 31 20 20 37 37 96 44 25 43 39 32 48 77 66 43 40 40 45 30 438 38 54 53 49 41 102 77 61 46 32 59 34 63 41 30 60 62 46 64 34 53 63 125 42 42 22 21 73 212 45 41 26 22 22 35 35 23 22 94 170 45 40 70 20 20 39 43 18 
0.785 15 16 17 20 22 31 29 21 32 43 31 77 116 20 20 32 24 60 46 27 30 34 40 47 41 43 29 48 47 61 35 112 43 99 81 415 27 26 26 26 26 54 30 70 25 32 32 34 64 36 38 26 92 45 38 38 32 27 21 21 24 56 49 43 24 22 33 28 41 27 22 28 51 46 33 42 20 23 29 19 
0.786 15 16 16 19 21 35 27 21 38 44 45 37 41 20 21 25 57 53 25 30 30 166 37 161 48 27 41 34 68 95 41 39 55 74 50 41 56 31 47 29 74 41 44 102 26 29 25 78 33 40 61 35 26 61 350 45 124 64 54 20 27 58 43 32 116 21 28 45 42 26 23 23 98 61 40 72 20 24 51 20 
0.787 15 15 16 18 21 31 28 21 58 40 29 59 94 20 25 25 52 36 71 29 56 42 63 37 27 45 88 42 97 56 36 49 63 38 75 54 34 22 22 21 21 22 23 49 41 31 339 38 24 40 41 325 54 25 61 60 47 66 24 22 21 27 94 64 25 21 28 56 87 214 26 22 234 39 46 41 177 20 34 28 
0.788 15 15 16 18 20 25 33 21 150 32 26 46 21 20 33 24 39 25 39 27 70 124 40 28 47 131 64 94 63 49 60 27 68 22 21 21 21 21 21 21 21 21 20 20 21 21 23 89 45 29 24 64 51 129 25 93 71 40 58 41 21 23 40 41 32 22 56 65 33 45 64 31 22 49 34 36 49 20 25 25 
0.789 15 15 16 17 20 24 51 21 30 27 26 38 20 20 31 79 43 104 27 32 39 61 35 26 123 246 85 86 102 36 27 21 21 20 21 21 21 21 22 22 22 22 21 21 21 20 20 20 21 50 30 25 29 76 57 26 44 45 28 52 118 20 29 52 51 44 23 104 37 27 38 76 36 31 69 43 52 21 21 38 
0.79 15 15 16 17 20 25 75 21 39 27 25 101 20 20 28 52 31 27 28 47 53 31 25 169 37 125 93 44 27 22 21 20 20 21 22 56 29 329 48 90 28 28 52 117 29 24 21 20 20 20 21 41 29 33 31 42 64 43 45 42 31 21 21 122 55 35 21 43 31 24 28 72 40 22 109 94 27 26 19 23 
0.791 15 15 16 17 20 26 41 21 31 30 26 95 20 21 23 32 24 43 27 57 70 28 36 30 46 74 56 220 21 20 20 21 22 184 70 28 330 47 462 59 54 39 135 39 88 41 34 62 22 20 20 20 29 25 24 30 93 89 43 76 63 55 20 26 43 39 22 47 38 22 29 23 52 36 22 42 55 36 20 33 
0.792 15 15 15 16 21 28 33 21 43 46 34 92 20 35 26 44 36 36 31 34 30 25 63 60 74 36 107 21 20 20 21 32 323 28 263 58 39 86 138 31 74 34 25 24 26 31 39 72 52 32 21 20 20 21 67 23 31 30 37 182 45 39 32 21 73 42 24 26 46 23 50 67 23 102 24 56 34 26 42 20 
0.793 15 15 15 16 27 24 39 21 37 88 53 288 20 25 44 32 41 38 41 72 27 35 36 85 51 38 21 20 20 21 110 40 75 57 88 42 49 59 24 25 36 33 54 33 39 34 33 24 23 38 58 55 20 20 20 34 23 50 35 28 37 43 28 21 35 30 68 21 49 22 29 23 58 29 85 22 32 43 47 19 
0.794 14 15 15 16 21 22 29 21 29 34 36 21 20 25 37 24 104 40 39 31 25 73 57 27 55 21 20 20 21 208 27 49 77 47 38 48 25 41 48 92 92 58 52 26 25 25 41 46 46 28 23 44 78 21 20 20 31 23 65 31 67 26 27 26 20 69 40 27 28 22 23 27 28 62 53 37 164 25 25 20 
0.795 14 15 15 16 20 21 31 21 32 55 36 20 20 23 31 28 30 27 96 36 27 44 46 44 21 20 20 20 59 48 85 33 189 212 53 31 45 121 71 45 28 57 31 61 27 26 42 31 37 43 64 72 23 26 46 20 20 27 23 34 33 331 28 29 21 25 33 38 34 26 24 18 18 36 22 57 22 68 32 79 
0.796 14 15 15 16 19 20 26 21 25 61 83 20 20 23 40 42 69 31 103 25 36 44 46 42 20 20 20 55 159 63 43 164 60 41 32 87 41 45 113 27 36 19 18 18 18 18 18 18 18 19 32 40 67 27 23 33 20 20 31 31 65 38 39 30 23 20 30 37 21 45 22 17 17 17 29 77 148 93 25 31 
0.797 14 14 15 16 18 20 26 21 24 35 33 20 21 32 24 38 52 44 34 25 40 108 153 20 19 20 24 26 166 31 51 98 84 32 73 91 27 34 30 19 18 18 17 17 17 17 17 17 17 17 17 18 19 35 145 23 34 20 20 27 40 48 32 44 42 23 27 35 24 38 37 17 17 17 18 36 56 22 39 31 
0.798 14 14 15 15 18 19 36 21 24 43 30 20 39 39 25 29 73 42 26 42 50 49 22 20 19 21 106 140 27 51 37 31 34 48 31 42 64 19 18 18 18 17 17 17 17 17 17 17 17 17 17 17 17 18 21 24 35 32 20 20 35 36 41 36 44 26 20 55 28 22 22 18 16 16 17 24 172 34 41 58 
0.799 14 14 15 15 18 19 28 21 29 37 60 19 24 44 33 30 47 38 25 35 41 155 20 19 20 27 77 26 49 267 32 33 85 30 64 45 19 18 18 17 17 17 17 17 17 17 17 17 17 17 17 17 17 17 17 18 54 33 26 20 20 26 27 52 22 36 26 28 70 22 29 19 16 16 16 17 48 117 44 25 
