epsilon_k[0]0.1
epsilon_k[0]2.18e-05
epsilon_k[0]7.08e-05
epsilon_k[0]2.54e-05
epsilon_k[0]1e-05
epsilon_k[0]7.8e-06
epsilon_k[0]0.218
omega_x01.94779
omega_y02.01062
dx 0.01
n_theta 100
dtheta 0.00785398
epsilon 64
max_turns 10000000
from_angle 56
to_angle 64
0.439823 1e+07 53843 21151 21151 7548 4008 2758 1204 860 
0.447677 1e+07 53961 20959 20959 7719 4010 2772 1280 865 
0.455531 1e+07 53737 20451 20451 7712 4012 3178 1127 866 
0.463385 1e+07 53956 20199 20199 7691 4012 3136 1101 865 
0.471239 1e+07 53017 20167 20167 7680 4011 3075 1093 869 
0.479093 1e+07 52722 20052 20052 7692 4009 3072 1101 876 
0.486947 1e+07 52478 19991 19991 7764 4010 3139 1128 880 
0.494801 1e+07 51812 19950 19950 8029 4015 3474 1405 913 
