epsilon_k[0] 0.0001
epsilon_k[1] 2.18e-05
epsilon_k[2] 7.08e-05
epsilon_k[3] 2.54e-05
epsilon_k[4] 1e-05
epsilon_k[5] 7.8e-06
epsilon_k[6] 2.18e-05
omega_x0 0.168
omega_y0 0.201
dx 0.01
n_theta 100
dtheta 0.015708
epsilon 20
max_turns 10000000
from_angle 20
to_angle 25
0.314159 1e+07 1e+07 1e+07 1e+07 1e+07 1e+07 1e+07 1e+07 1e+07 1e+07 1e+07 1e+07 1e+07 1e+07 1e+07 1e+07 1e+07 1e+07 1e+07 1e+07 1e+07 1e+07 1e+07 1e+07 1e+07 1e+07 1e+07 1e+07 1e+07 1e+07 1e+07 1e+07 1e+07 1e+07 1e+07 1e+07 1e+07 1e+07 1e+07 1e+07 1e+07 1e+07 1e+07 1e+07 1e+07 4.91079e+06 5.00045e+06 392496 503005 611354 109738 956486 68563 90786 93708 55024 47356 54796 2709 5356 4805 31623 4690 13413 1456 1511 5137 1309 473 8787 692 110 851 300 235 430 231 1222 698 795 604 22 90 252 376 87 33 36 25 26 59 77 79 22 13 17 29 27 83 67 
0.329867 1e+07 1e+07 1e+07 1e+07 1e+07 1e+07 1e+07 1e+07 1e+07 1e+07 1e+07 1e+07 1e+07 1e+07 1e+07 1e+07 1e+07 1e+07 1e+07 1e+07 1e+07 1e+07 1e+07 1e+07 1e+07 1e+07 1e+07 1e+07 1e+07 1e+07 1e+07 1e+07 1e+07 1e+07 1e+07 1e+07 1e+07 1e+07 1e+07 1e+07 1e+07 1e+07 1e+07 1e+07 1e+07 3.64102e+06 9.40283e+06 5.39684e+06 603634 883265 188604 76330 149632 3.24188e+06 52905 14024 30451 30141 9795 6758 1526 4900 1216 1633 1968 487 5342 246 472 601 479 599 269 47 226 415 452 169 198 55 34 1676 89 91 117 27 606 97 34 42 44 45 26 334 196 54 13 14 20 28 
0.345575 1e+07 1e+07 1e+07 1e+07 1e+07 1e+07 1e+07 1e+07 1e+07 1e+07 1e+07 1e+07 1e+07 1e+07 1e+07 1e+07 1e+07 1e+07 1e+07 1e+07 1e+07 1e+07 1e+07 1e+07 1e+07 1e+07 1e+07 1e+07 1e+07 1e+07 1e+07 1e+07 1e+07 1e+07 1e+07 1e+07 1e+07 1e+07 1e+07 1e+07 1e+07 1e+07 1e+07 1e+07 1e+07 1e+07 5.74572e+06 502857 3.3735e+06 4.13616e+06 61021 159461 172110 299022 10584 27255 130021 6440 4712 1458 4175 1638 7440 702 1528 1241 506 260 1248 747 5696 229 530 235 292 128 230 293 52 33 48 19 25 22 20 147 26 23146 34 179 30 113 36 97 208 165 29 19 13 12 
0.361283 1e+07 1e+07 1e+07 1e+07 1e+07 1e+07 1e+07 1e+07 1e+07 1e+07 1e+07 1e+07 1e+07 1e+07 1e+07 1e+07 1e+07 1e+07 1e+07 1e+07 1e+07 1e+07 1e+07 1e+07 1e+07 1e+07 1e+07 1e+07 1e+07 1e+07 1e+07 1e+07 1e+07 1e+07 1e+07 1e+07 1e+07 1e+07 1e+07 1e+07 1e+07 1e+07 1e+07 1e+07 1e+07 2.26928e+06 2.6422e+06 1e+07 1.13582e+06 727204 314237 227607 194033 19298 75576 5854 182788 4093 6715 3963 3701 5918 2333 9584 2717 7758 349 399 164 447 1223 302 217 181 1565 144 283 382 31 70 67 60 14 13 14 30 20 82 130 121 56 24 29 23 58 65 29 130 23 44 
0.376991 1e+07 1e+07 1e+07 1e+07 1e+07 1e+07 1e+07 1e+07 1e+07 1e+07 1e+07 1e+07 1e+07 1e+07 1e+07 1e+07 1e+07 1e+07 1e+07 1e+07 1e+07 1e+07 1e+07 1e+07 1e+07 1e+07 1e+07 1e+07 1e+07 1e+07 1e+07 1e+07 1e+07 1e+07 1e+07 1e+07 1e+07 1e+07 1e+07 1e+07 5.43162e+06 1e+07 1e+07 1e+07 1e+07 1e+07 1e+07 5.74632e+06 2.02529e+06 1.12707e+06 1e+07 180566 186708 76759 29464 150701 37023 35717 7746 1359 4617 954 3645 3932 3698 6104 258 413 376 277 91 291 254 245 403 84 129 185 69 127 72 27 22 13 13 13 13 68 19 179 77 70 64 61 47 39 29 425 29 40 
