epsilon_k[0] 0.0001
epsilon_k[1] 2.18e-05
epsilon_k[2] 7.08e-05
epsilon_k[3] 2.54e-05
epsilon_k[4] 1e-05
epsilon_k[5] 7.8e-06
epsilon_k[6] 2.18e-05
omega_x0 0.168
omega_y0 0.201
dx 0.01
n_theta 100
dtheta 0.015708
epsilon 52
max_turns 10000000
from_angle 5
to_angle 10
0.0785398 1e+07 1e+07 1e+07 1e+07 1e+07 1e+07 1e+07 1e+07 1e+07 1e+07 1e+07 1e+07 1e+07 1e+07 1e+07 1e+07 1e+07 1e+07 1e+07 1e+07 1e+07 1e+07 1e+07 1e+07 1e+07 1e+07 1e+07 1e+07 1e+07 1e+07 1e+07 1e+07 1e+07 1e+07 1e+07 1e+07 1e+07 1e+07 1e+07 1e+07 1e+07 1e+07 1e+07 1e+07 1e+07 1e+07 2.42969e+06 3.82354e+06 2.54986e+06 2.34382e+06 1e+07 1e+07 1e+07 1e+07 1e+07 2.02514e+06 1.61995e+06 470281 396573 92449 237618 31598 87214 3154 1642 3016 12647 3555 1842 1936 5398 2189 1293 2119 1904 5191 566 190 431 397 158 482 473 215 298 18 17 8 7 7 6 6 6 6 6 5 5 5 5 5 
0.0942478 1e+07 1e+07 1e+07 1e+07 1e+07 1e+07 1e+07 1e+07 1e+07 1e+07 1e+07 1e+07 1e+07 1e+07 1e+07 1e+07 1e+07 1e+07 1e+07 1e+07 1e+07 1e+07 1e+07 1e+07 1e+07 1e+07 1e+07 1e+07 1e+07 1e+07 1e+07 1e+07 1e+07 1e+07 1e+07 1e+07 1e+07 1e+07 1e+07 1e+07 1e+07 1e+07 1e+07 1e+07 3.84774e+06 1.64262e+06 3.24048e+06 506442 340492 1.26656e+06 7.3816e+06 1e+07 9.55195e+06 1e+07 8.02e+06 3.66275e+06 805730 140907 435070 283346 30644 24901 38781 21929 5503 874 10624 2981 11242 1779 27320 1148 1291 9178 908 2152 402 118 191 170 554 213 1319 718 118 26 269 10 8 7 7 6 6 6 6 6 5 5 5 5 
0.109956 1e+07 1e+07 1e+07 1e+07 1e+07 1e+07 1e+07 1e+07 1e+07 1e+07 1e+07 1e+07 1e+07 1e+07 1e+07 1e+07 1e+07 1e+07 1e+07 1e+07 1e+07 1e+07 1e+07 1e+07 1e+07 1e+07 1e+07 1e+07 1e+07 1e+07 1e+07 1e+07 1e+07 1e+07 1e+07 1e+07 1e+07 1e+07 1e+07 1e+07 1e+07 1e+07 1e+07 1e+07 2.12894e+06 2.06643e+06 528674 1.66698e+06 1.56126e+06 474523 3.769e+06 3.22172e+06 4.56926e+06 3.05404e+06 659103 1.61718e+06 1.04934e+06 347614 98483 54220 150488 10238 79606 2198 3614 1426 2388 4430 4943 1507 2519 2655 2287 622 555 450 343 56 574 75 130 91 720 503 67 56 17 392 8 7 7 6 6 6 6 6 5 5 5 5 
0.125664 1e+07 1e+07 1e+07 1e+07 1e+07 1e+07 1e+07 1e+07 1e+07 1e+07 1e+07 1e+07 1e+07 1e+07 1e+07 1e+07 1e+07 1e+07 1e+07 1e+07 1e+07 1e+07 1e+07 1e+07 1e+07 1e+07 1e+07 1e+07 1e+07 1e+07 1e+07 1e+07 1e+07 1e+07 1e+07 1e+07 1e+07 1e+07 1e+07 1e+07 1e+07 1e+07 1e+07 1e+07 3.6498e+06 1.34831e+06 1.60667e+06 555878 1.07544e+06 411190 296236 541453 4.6881e+06 550645 494286 1.06376e+06 299852 240499 180187 41210 5699 7387 3577 3406 1336 3107 775 2940 1420 1448 3290 1313 3108 2442 591 1169 177 1176 335 433 209 588 414 116 36 778 91 35 9 8 7 7 6 6 6 6 6 5 5 5 
0.141372 1e+07 1e+07 1e+07 1e+07 1e+07 1e+07 1e+07 1e+07 1e+07 1e+07 1e+07 1e+07 1e+07 1e+07 1e+07 1e+07 1e+07 1e+07 1e+07 1e+07 1e+07 1e+07 1e+07 1e+07 1e+07 1e+07 1e+07 1e+07 1e+07 1e+07 1e+07 1e+07 1e+07 1e+07 1e+07 1e+07 1e+07 1e+07 1e+07 1e+07 1e+07 1e+07 1e+07 1e+07 284128 227999 489217 81023 534774 519137 529902 191613 5.51233e+06 134545 200595 458005 274806 3.32464e+06 40459 24545 39470 42146 8504 2721 17147 9131 5301 3072 8130 3612 1255 806 807 569 270 573 651 299 539 498 168 109 109 326 84 31 93 16 150 8 7 7 6 6 6 6 6 5 5 5 
0.15708 1e+07 1e+07 1e+07 1e+07 1e+07 1e+07 1e+07 1e+07 1e+07 1e+07 1e+07 1e+07 1e+07 1e+07 1e+07 1e+07 1e+07 1e+07 1e+07 1e+07 1e+07 1e+07 1e+07 1e+07 1e+07 1e+07 1e+07 1e+07 1e+07 1e+07 5.94881e+06 1e+07 1e+07 1e+07 1e+07 1e+07 1e+07 1e+07 1e+07 1e+07 1e+07 1e+07 1e+07 1e+07 2.07696e+06 206423 56692 90949 253695 1.47308e+06 584626 311000 1.70424e+06 165498 435252 837550 42403 66646 9914 49095 11597 10893 15476 3223 5779 1935 1194 8679 528 221 386 11144 1471 738 354 577 1050 1055 91 209 405 341 248 4034 185 41 79 310 78 11 8 7 7 6 6 6 6 6 5 5 
