epsilon_k[0] 0.0001
epsilon_k[1] 2.18e-05
epsilon_k[2] 7.08e-05
epsilon_k[3] 2.54e-05
epsilon_k[4] 1e-05
epsilon_k[5] 7.8e-06
epsilon_k[6] 2.18e-05
omega_x0 0.168
omega_y0 0.201
dx 0.01
n_theta 100
dtheta 0.015708
epsilon 56
max_turns 10000000
from_angle 30
to_angle 35
0.471239 1e+07 1e+07 1e+07 1e+07 1e+07 1e+07 1e+07 1e+07 1e+07 1e+07 1e+07 1e+07 1e+07 1e+07 1e+07 1e+07 1e+07 1e+07 1e+07 1e+07 1e+07 1e+07 1e+07 1e+07 1e+07 1e+07 1e+07 1.79362e+06 5.501e+06 2.68454e+06 2.75893e+06 4.22237e+06 1.2103e+06 5.76567e+06 1e+07 1.48075e+06 7.44572e+06 1e+07 4.54487e+06 1.53464e+06 1.99604e+06 1.42281e+06 3.9623e+06 1.80341e+06 5.01346e+06 441542 209957 154029 1.60776e+06 332722 199749 246782 574766 35227 30598 4508 134346 8907 2074 2882 1954 5195 759 2203 2042 937 277 240 174 200 85 39 110 94 84 49 118 195 109 116 109 60 25 24 29 148 41 37 49 23 38 26 15 14 13 13 13 14 15 14 
0.486947 1e+07 1e+07 1e+07 1e+07 1e+07 1e+07 1e+07 1e+07 1e+07 1e+07 1e+07 1e+07 1e+07 1e+07 1e+07 1e+07 1e+07 1e+07 1e+07 1e+07 1e+07 1e+07 1e+07 1e+07 1e+07 1e+07 1e+07 1e+07 1e+07 2.69552e+06 5.03976e+06 4.93404e+06 1e+07 6.90956e+06 919145 2.49479e+06 7.23405e+06 1.48752e+06 1e+07 4.56873e+06 1e+07 353100 552908 522357 414913 437192 544886 1.01469e+06 1e+07 125622 488924 230988 96193 202625 61244 16443 25775 128100 6833 10483 4643 5285 1444 1053 1375 741 1195 498 119 150 91 212 32 37 50 32 31 99 32 41 60 78 41 84 90 33 29 63 129 212 213 27 100 20 21 17 16 18 68 19 
0.502655 1e+07 1e+07 1e+07 1e+07 1e+07 1e+07 1e+07 1e+07 1e+07 1e+07 1e+07 1e+07 1e+07 1e+07 1e+07 1e+07 1e+07 1e+07 1e+07 1e+07 1e+07 1e+07 1e+07 1e+07 1e+07 1e+07 9.96274e+06 1e+07 1.79762e+06 1.55446e+06 2.43575e+06 1.89421e+06 1.72992e+06 2.83056e+06 1.37315e+06 5.72835e+06 3.28676e+06 575460 1.98396e+06 780344 739121 1e+07 694977 875856 380480 890681 820606 959314 373173 79132 371844 102792 50976 48555 9155 30736 33537 13565 1418 5261 1892 2343 6398 450 1150 1551 248 142 319 321 126 119 62 122 62 132 34 34 64 105 2203 68 283 57 169 31 128 30 22 16 15 15 24 18 20 19 15 13 12 12 
0.518363 1e+07 1e+07 1e+07 1e+07 1e+07 1e+07 1e+07 1e+07 1e+07 1e+07 1e+07 1e+07 1e+07 1e+07 1e+07 1e+07 1e+07 1e+07 1e+07 1e+07 1e+07 1e+07 1e+07 1e+07 1e+07 1e+07 1e+07 1e+07 7.40815e+06 1e+07 2.75054e+06 416926 808728 1.43158e+06 1e+07 4.13164e+06 8.46481e+06 1.05509e+06 1.3145e+06 1e+07 306900 3.4114e+06 946335 477127 1.02302e+06 2.25311e+06 413549 1.5973e+06 205826 491245 4.50511e+06 862015 131461 99400 39673 139083 6825 3778 3016 1659 1421 5944 1150 875 22725 680 740 6883 189 281 213 126 88 276 36 192 49 58 295 78 34 580 148 67 54 57 36 31 20 35 25 29 17 79 33 10 9 9 9 8 
0.534071 1e+07 1e+07 1e+07 1e+07 1e+07 1e+07 1e+07 1e+07 1e+07 1e+07 1e+07 1e+07 1e+07 1e+07 1e+07 1e+07 1e+07 1e+07 1e+07 1e+07 1e+07 1e+07 1e+07 1e+07 1e+07 1e+07 1e+07 1e+07 1e+07 3.73461e+06 3.68722e+06 2.21446e+06 1.00984e+06 6.73102e+06 1e+07 652894 8.17119e+06 1.90243e+06 1.59953e+06 1.9336e+06 1.23801e+06 187870 2.45689e+06 5.94411e+06 139191 1.274e+06 229679 1.27018e+06 614002 242245 683747 42974 141899 37042 15177 36850 8687 2639 3689 6586 943 673 2684 380 1358 1587 180 3308 7653 449 117 207 60 47 136 53 174 80 125 32 101 117 99 135 43 42 22 26 23 95 22 16 30 10 9 9 8 8 8 8 
