epsilon_k[0] 0.0001
epsilon_k[1] 2.18e-05
epsilon_k[2] 7.08e-05
epsilon_k[3] 2.54e-05
epsilon_k[4] 1e-05
epsilon_k[5] 7.8e-06
epsilon_k[6] 2.18e-05
omega_x0 0.168
omega_y0 0.201
dx 0.01
n_theta 100
dtheta 0.015708
epsilon 16
max_turns 10000000
from_angle 50
to_angle 55
0.785398 1e+07 1e+07 1e+07 1e+07 1e+07 1e+07 1e+07 1e+07 1e+07 1e+07 1e+07 1e+07 1e+07 1e+07 1e+07 1e+07 1e+07 1e+07 1e+07 1e+07 1e+07 1e+07 1e+07 1e+07 1e+07 1e+07 1e+07 1e+07 1e+07 1e+07 1e+07 1e+07 1e+07 1e+07 1e+07 5.17742e+06 1e+07 1e+07 1e+07 2.19897e+06 7.0983e+06 280182 250745 432072 276656 113721 271577 43826 49748 21027 2011 5496 3992 1465 1187 505 842 489 369 1025 408 92 89 168 136 129 131 69 20 13 12 11 11 11 10 10 10 10 10 10 10 10 10 9 9 9 9 9 9 9 9 9 10 10 10 10 11 12 16 12 
0.801106 1e+07 1e+07 1e+07 1e+07 1e+07 1e+07 1e+07 1e+07 1e+07 1e+07 1e+07 1e+07 1e+07 1e+07 1e+07 1e+07 1e+07 1e+07 1e+07 1e+07 1e+07 1e+07 1e+07 1e+07 1e+07 1e+07 1e+07 1e+07 1e+07 1e+07 1e+07 1e+07 1e+07 1e+07 1e+07 7.90126e+06 1e+07 5.51979e+06 1e+07 1.51979e+06 1.24343e+06 148669 4.78792e+06 272946 3.22469e+06 87052 98518 401561 40883 31621 45496 5595 5149 2417 5745 1088 617 3994 1129 248 86 260 247 64 127 1406 104 355 20 15 12 11 11 11 11 10 10 10 10 10 10 10 10 10 10 11 12 12 18 13 13 19 16 11 11 11 13 13 12 11 
0.816814 1e+07 1e+07 1e+07 1e+07 1e+07 1e+07 1e+07 1e+07 1e+07 1e+07 1e+07 1e+07 1e+07 1e+07 1e+07 1e+07 1e+07 1e+07 1e+07 1e+07 1e+07 1e+07 1e+07 1e+07 1e+07 1e+07 1e+07 1e+07 1e+07 1e+07 1e+07 1e+07 1e+07 1e+07 1e+07 1e+07 4.83068e+06 4.07462e+06 1e+07 112680 456186 1.23032e+06 487219 138497 98012 181636 22018 102906 37181 9983 10194 6853 15974 1724 5081 531 397 525 258 128 407 76 969 261 71 53 25 18 82 19 57 13 12 12 12 12 12 12 13 14 14 18 19 13 14 18 17 12 11 11 12 14 12 14 10 10 10 10 10 11 
0.832522 1e+07 1e+07 1e+07 1e+07 1e+07 1e+07 1e+07 1e+07 1e+07 1e+07 1e+07 1e+07 1e+07 1e+07 1e+07 1e+07 1e+07 1e+07 1e+07 1e+07 1e+07 1e+07 1e+07 1e+07 1e+07 1e+07 1e+07 1e+07 1e+07 1e+07 1e+07 1e+07 1e+07 1e+07 1e+07 4.66707e+06 9.09889e+06 9.17066e+06 1.07377e+06 1.13139e+06 663756 349874 753606 1e+07 81296 182469 153630 18649 12747 18525 3533 29283 3666 2740 515 5082 422 428 405 496 355 147 122 157 190 95 221 55 69 19 18 18 17 25 21 26 22 18 14 14 26 14 20 12 11 12 13 15 13 21 11 10 10 12 12 12 10 9 9 8 
0.84823 1e+07 1e+07 1e+07 1e+07 1e+07 1e+07 1e+07 1e+07 1e+07 1e+07 1e+07 1e+07 1e+07 1e+07 1e+07 1e+07 1e+07 1e+07 1e+07 1e+07 1e+07 1e+07 1e+07 1e+07 1e+07 1e+07 1e+07 1e+07 1e+07 1e+07 1e+07 1e+07 1e+07 1e+07 1e+07 1e+07 1e+07 794431 7.40037e+06 2.90162e+06 128642 127189 360248 72290 593351 111273 36975 12741 16253 11708 6208 5500 11499 3403 1649 1517 1399 1485 277 112 112 145 20 20 36 114 223 37 61 161 225 42 16 21 21 15 36 19 15 17 12 12 12 16 21 14 21 12 14 14 12 12 10 10 9 8 7 7 7 7 
