epsilon_k[0] 0.0001
epsilon_k[1] 2.18e-05
epsilon_k[2] 7.08e-05
epsilon_k[3] 2.54e-05
epsilon_k[4] 1e-05
epsilon_k[5] 7.8e-06
epsilon_k[6] 2.18e-05
omega_x0 0.28
omega_y0 0.31
dx 0.01
epsilon 4
max_turns 10000000
from_y 40
to_y 48
0.4 261 51 271 94 2008 372427 1e+07 72081 755 757 297 107 65 30 25 23 23 22 22 22 22 23 24 32 34 34 47 160 55 40 27 25 16 14 13 12 11 11 10 10 10 10 9 9 9 8 8 8 8 8 7 7 7 7 7 7 7 6 6 6 6 6 6 6 6 6 6 6 6 6 6 6 6 6 5 5 5 5 5 5 
0.41 18 21 135 47 62 810 560 885 133 285 42 137 54 28 24 23 22 21 21 21 21 22 23 25 36 33 47 132 54 40 27 25 15 14 12 11 11 10 10 10 10 10 9 9 9 8 8 8 8 7 7 7 7 7 7 7 7 6 6 6 6 6 6 6 6 6 6 6 6 6 6 6 6 5 5 5 5 5 5 5 
0.42 16 16 18 22 170 102 37 39 50 107 101 39 52 28 24 22 21 21 21 21 21 21 22 23 30 33 40 119 53 46 27 39 15 13 12 11 11 10 10 10 10 10 9 9 9 8 8 8 8 7 7 7 7 7 7 7 6 6 6 6 6 6 6 6 6 6 6 6 6 6 6 6 5 5 5 5 5 5 5 5 
0.43 14 15 15 17 18 27 44 33 32 63 129 38 41 33 24 22 21 21 20 20 20 20 21 22 24 33 36 118 53 35 26 21 15 13 12 11 11 10 10 10 10 9 9 9 8 8 8 8 8 7 7 7 7 7 7 6 6 6 6 6 6 6 6 6 6 6 6 6 6 6 6 5 5 5 5 5 5 5 5 5 
0.44 13 14 14 15 16 17 19 60 33 30 35 66 36 79 24 22 21 20 20 20 20 20 20 21 22 43 34 119 53 34 26 19 14 13 12 11 10 10 10 10 10 9 9 9 8 8 8 8 7 7 7 7 7 7 7 6 6 6 6 6 6 6 6 6 6 6 6 6 6 6 5 5 5 5 5 5 5 5 5 5 
0.45 13 13 13 14 14 15 16 18 25 65 29 31 50 36 26 22 21 20 20 19 19 19 20 20 21 25 33 132 53 34 26 18 14 12 11 11 10 10 10 10 10 9 9 9 8 8 8 8 7 7 7 7 7 7 6 6 6 6 6 6 6 6 6 6 6 6 6 6 6 5 5 5 5 5 5 5 5 5 5 5 
0.46 12 12 12 13 13 14 14 15 17 20 43 28 30 39 52 23 21 20 19 19 19 19 19 20 21 22 32 62 52 51 26 18 14 12 11 11 10 10 10 10 10 9 9 9 8 8 8 8 7 7 7 7 7 7 6 6 6 6 6 6 6 6 6 6 6 6 6 6 5 5 5 5 5 5 5 5 5 5 5 5 
0.47 11 12 12 12 12 13 13 14 15 16 18 59 28 29 35 26 21 20 19 19 19 19 19 19 20 21 31 46 53 39 26 18 14 12 11 11 10 10 10 10 10 9 9 9 8 8 8 7 7 7 7 7 7 7 6 6 6 6 6 6 6 6 6 6 6 6 6 5 5 5 5 5 5 5 5 5 5 5 5 5 
