epsilon_k[0]0.1
epsilon_k[0]2.18e-05
epsilon_k[0]7.08e-05
epsilon_k[0]2.54e-05
epsilon_k[0]1e-05
epsilon_k[0]7.8e-06
epsilon_k[0]0.218
omega_x01.05558
omega_y01.26292
dx 0.01
n_theta 100
dtheta 0.00785398
epsilon 6
max_turns 10000000
from_angle 72
to_angle 80
0.565487 1e+07 42176 10721 1639 889 
0.573341 1e+07 39459 10615 1639 868 
0.581195 1e+07 39038 10321 1639 845 
0.589049 1e+07 37840 10538 1639 844 
0.596903 1e+07 38618 9273 1640 844 
0.604757 1e+07 36882 9377 1640 844 
0.612611 1e+07 37079 11505 1641 844 
0.620465 1e+07 36012 9204 1642 844 
0.628319 1e+07 36155 9049 1643 844 
