epsilon_k[0] 0.1
epsilon_k[0] 2.18e-05
epsilon_k[0] 7.08e-05
epsilon_k[0] 2.54e-05
epsilon_k[0] 1e-05
epsilon_k[0] 7.8e-06
epsilon_k[0] 0.218
omega_x0 0.168
omega_y0 0.201
dx 0.01
n_theta 100
dtheta 0.00785398
epsilon 4
max_turns 10000000
from_angle 8
to_angle 16
0.0628319 1e+07 1e+07 3444 2575 2005 1137 562 
0.0706858 1e+07 757418 3436 2575 2004 1066 562 
0.0785398 1e+07 548206 3433 2575 2004 1126 563 
0.0863938 1e+07 1e+07 3432 2576 2004 1206 566 
0.0942478 1e+07 3.26122e+06 3432 2580 2004 1164 583 
0.102102 1e+07 1e+07 3431 2713 2004 1064 587 
0.109956 1e+07 1e+07 3431 2625 2004 1061 588 
0.11781 1e+07 4.38862e+06 3431 2642 2005 1060 590 
0.125664 1e+07 1e+07 3431 2721 2005 1060 607 
