epsilon_k[0] 0.1
epsilon_k[0] 2.18e-05
epsilon_k[0] 7.08e-05
epsilon_k[0] 2.54e-05
epsilon_k[0] 1e-05
epsilon_k[0] 7.8e-06
epsilon_k[0] 0.218
omega_x0 0.28
omega_y0 0.31
dx 0.01
n_theta 100
dtheta 0.00785398
epsilon 6
max_turns 10000000
from_angle 24
to_angle 32
0.188496 1e+07 8010 3728 2233 1480 1088 770 
0.19635 1e+07 8066 3907 2410 1504 1088 771 
0.204204 1e+07 8085 3670 2507 1521 1087 771 
0.212058 1e+07 8163 3671 2334 1523 1088 771 
0.219911 1e+07 8203 3699 2333 1539 1089 771 
0.227765 1e+07 8191 3727 2333 1566 1092 771 
0.235619 1e+07 8204 3730 2341 1567 1093 772 
0.243473 1e+07 8305 3744 2350 1568 1097 772 
