epsilon_k[0] 0.0001
epsilon_k[1] 2.18e-05
epsilon_k[2] 7.08e-05
epsilon_k[3] 2.54e-05
epsilon_k[4] 1e-05
epsilon_k[5] 7.8e-06
epsilon_k[6] 2.18e-05
omega_x0 0.168
omega_y0 0.201
dx 0.01
n_theta 100
dtheta 0.015708
epsilon 56
max_turns 10000000
from_angle 10
to_angle 15
0.15708 1e+07 1e+07 1e+07 1e+07 1e+07 1e+07 1e+07 1e+07 1e+07 1e+07 1e+07 1e+07 1e+07 1e+07 1e+07 1e+07 1e+07 1e+07 1e+07 1e+07 1e+07 1e+07 1e+07 1e+07 1e+07 1e+07 1e+07 1e+07 1e+07 1e+07 1e+07 1e+07 1e+07 1e+07 1e+07 1e+07 1e+07 1e+07 1e+07 1e+07 1e+07 1e+07 1e+07 1e+07 751141 82500 108674 144734 270021 90211 55008 221789 1.07031e+06 80312 279464 53025 71185 180912 72660 55639 12555 2285 2658 13155 1295 7136 2080 5177 3503 1409 6556 888 126875 3458 1247 296 1160 135 93 371 189 159 57 102 118 185 75 187 119 321 8 7 7 6 6 6 6 6 5 5 
0.172788 1e+07 1e+07 1e+07 1e+07 1e+07 1e+07 1e+07 1e+07 1e+07 1e+07 1e+07 1e+07 1e+07 1e+07 1e+07 1e+07 1e+07 1e+07 1e+07 1e+07 1e+07 1e+07 1e+07 1e+07 1e+07 1e+07 1e+07 1e+07 1e+07 1e+07 6.65765e+06 1e+07 1e+07 1e+07 1e+07 1e+07 1e+07 1e+07 1e+07 1e+07 1e+07 1e+07 1e+07 1e+07 1.08093e+06 345694 216020 405770 135402 418593 554042 137388 198449 105300 192936 219782 51362 114732 17151 11577 7385 50009 5646 2060 4630 122107 24023 2822 4629 1153 1391 19157 1570 1725 1017 230 899 160 1060 239 188 414 198 211 172 1808 23 34 560 237 9 8 7 7 6 6 6 6 6 5 
0.188496 1e+07 1e+07 1e+07 1e+07 1e+07 1e+07 1e+07 1e+07 1e+07 1e+07 1e+07 1e+07 1e+07 1e+07 1e+07 1e+07 1e+07 1e+07 1e+07 1e+07 1e+07 1e+07 1e+07 1e+07 1e+07 1e+07 1e+07 1e+07 1e+07 1e+07 1e+07 1e+07 1e+07 1e+07 1e+07 3.85324e+06 1e+07 8.86769e+06 1e+07 1e+07 1e+07 1e+07 1e+07 9.70321e+06 1e+07 184763 44627 44865 278083 116343 213452 75206 22329 160263 31909 15567 60239 18076 29364 15142 17148 8341 2645 4268 3081 14766 7367 4744 716 15680 4897 6416 653 416 1366 507 1014 291 1035 183 523 160 197 408 47 340 78 28 61 15 318 9 8 7 7 6 6 6 6 6 
0.204204 1e+07 1e+07 1e+07 1e+07 1e+07 1e+07 1e+07 1e+07 1e+07 1e+07 1e+07 1e+07 1e+07 1e+07 1e+07 1e+07 1e+07 1e+07 1e+07 1e+07 1e+07 1e+07 1e+07 1e+07 1e+07 1e+07 1e+07 1e+07 1e+07 1e+07 1e+07 1e+07 1e+07 1e+07 1e+07 3.69433e+06 1e+07 1e+07 1e+07 1e+07 1e+07 3.5057e+06 2.50286e+06 9.71724e+06 1e+07 132881 235986 91973 42504 135827 50366 36201 38598 310275 190117 28693 27642 9367 8304 56797 9265 8524 192299 1639 29606 5093 1567 901 1092 971 299 4932 2007 785 2289 1774 1242 2687 120 523 382 120 626 50 398 1273 59 85 45 99 15 66 9 8 7 7 6 6 6 6 
0.219911 1e+07 1e+07 1e+07 1e+07 1e+07 1e+07 1e+07 1e+07 1e+07 1e+07 1e+07 1e+07 1e+07 1e+07 1e+07 1e+07 1e+07 1e+07 1e+07 1e+07 1e+07 1e+07 1e+07 1e+07 1e+07 1e+07 1e+07 1e+07 1e+07 1e+07 1e+07 1e+07 1e+07 1e+07 1e+07 5.50627e+06 1e+07 1e+07 1e+07 2.72175e+06 7.53488e+06 843383 3.06465e+06 853188 1.39862e+06 331817 83609 28466 93437 95901 132158 230648 11092 19765 167825 103194 47188 20253 18480 23017 12172 60327 1946 2661 6403 476 1081 809 787 831 2295 330 6776 1317 574 643 1884 3346 222 166 781 83 137 84 126 54 159 17 106 683 40 15 94 9 8 7 7 6 6 6 
0.235619 1e+07 1e+07 1e+07 1e+07 1e+07 1e+07 1e+07 1e+07 1e+07 1e+07 1e+07 1e+07 1e+07 1e+07 1e+07 1e+07 1e+07 1e+07 1e+07 1e+07 1e+07 1e+07 1e+07 1e+07 1e+07 1e+07 1e+07 1e+07 1e+07 1e+07 1e+07 5.49535e+06 7.73572e+06 1e+07 1e+07 4.2658e+06 3.64134e+06 1.5224e+06 2.71876e+06 6.40743e+06 3.63678e+06 962812 1.6445e+06 648246 1.8755e+06 336995 1.7468e+06 28485 129098 19776 273723 12737 56373 35916 29868 159950 47941 175327 9944 4980 4280 13331 7332 3272 4889 2958 7095 606 332 599 816 2185 1436 1985 547 215 653 561 280 1430 116 111 340 63 125 84 29 75 15 31 213 123 15 60 18 8 7 7 7 6 
