epsilon_k[0]0.1
epsilon_k[0]2.18e-05
epsilon_k[0]7.08e-05
epsilon_k[0]2.54e-05
epsilon_k[0]1e-05
epsilon_k[0]7.8e-06
epsilon_k[0]0.218
omega_x01.75929
omega_y01.94779
dx 0.01
n_theta 100
dtheta 0.00785398
epsilon 14
max_turns 10000000
from_angle 96
to_angle 101
0.753982 1e+07 117747 33053 5069 2049 1324 815 
0.761836 1e+07 105006 22002 5020 2016 1302 796 
0.76969 1e+07 164556 20871 4961 2001 1294 750 
0.777544 1e+07 108965 20546 4821 1996 1291 681 
0.785398 1e+07 89169 21101 4818 1992 1291 672 
0.793252 1e+07 162476 21845 4770 1991 1291 667 
