epsilon_k[0] 0.1
epsilon_k[0] 2.18e-05
epsilon_k[0] 7.08e-05
epsilon_k[0] 2.54e-05
epsilon_k[0] 1e-05
epsilon_k[0] 7.8e-06
epsilon_k[0] 0.218
omega_x0 0.168
omega_y0 0.201
dx 0.01
n_theta 100
dtheta 0.00785398
epsilon 4
max_turns 10000000
from_angle 24
to_angle 32
0.188496 1e+07 4.68341e+06 3431 2720 2300 1430 697 
0.19635 1e+07 7.5335e+06 3431 2721 2642 1428 696 
0.204204 1e+07 1e+07 3431 2624 2624 1561 731 
0.212058 1e+07 1.90058e+06 3431 2609 2609 1707 752 
0.219911 1e+07 1e+07 3431 2576 2576 2576 739 
0.227765 1e+07 3.69903e+06 3431 2575 2575 2149 744 
0.235619 1e+07 8.87214e+06 3431 2564 2564 2564 752 
0.243473 1e+07 2.92532e+06 3432 2564 2564 2564 761 
