epsilon_k[0] 0.0001
epsilon_k[1] 2.18e-05
epsilon_k[2] 7.08e-05
epsilon_k[3] 2.54e-05
epsilon_k[4] 1e-05
epsilon_k[5] 7.8e-06
epsilon_k[6] 2.18e-05
omega_x0 0.168
omega_y0 0.201
dx 0.01
n_theta 100
dtheta 0.015708
epsilon 32
max_turns 10000000
from_angle 20
to_angle 25
0.314159 1e+07 1e+07 1e+07 1e+07 1e+07 1e+07 1e+07 1e+07 1e+07 1e+07 1e+07 1e+07 1e+07 1e+07 1e+07 1e+07 1e+07 1e+07 1e+07 1e+07 1e+07 1e+07 1e+07 1e+07 1e+07 1e+07 1e+07 1e+07 1e+07 1e+07 1e+07 1e+07 1e+07 1e+07 1e+07 1e+07 1e+07 1e+07 1e+07 1e+07 1e+07 1e+07 1e+07 900252 674560 3.25851e+06 392261 669928 186667 243429 54608 228240 39601 53689 17278 46572 21763 7674 2820 23668 11910 2834 3283 561 4048 393 195 1313 4307 364 739 3669 1152 408 475 103 67 277 197 218 98 21 359 113 95 28 79 53 25 25 29 37 60 118 13 13 105 29 31 30 
0.329867 1e+07 1e+07 1e+07 1e+07 1e+07 1e+07 1e+07 1e+07 1e+07 1e+07 1e+07 1e+07 1e+07 1e+07 1e+07 1e+07 1e+07 1e+07 1e+07 1e+07 1e+07 1e+07 1e+07 1e+07 1e+07 1e+07 1e+07 1e+07 1e+07 1e+07 1e+07 1e+07 1e+07 1e+07 1e+07 1e+07 1e+07 1e+07 1e+07 1e+07 1e+07 1e+07 7.22509e+06 1e+07 1e+07 1.42115e+06 1.17662e+06 893894 763306 119983 21642 89944 270600 41797 366959 80102 8313 6470 3096 3600 9247 3337 4980 1427 1306 1042 1590 1229 1184 247 274 470 133 490 153 1608 129 41 138 44 80 431 59 118 349 208 37 69 34 147 149 76 52 32 18 19 13 13 43 27 
0.345575 1e+07 1e+07 1e+07 1e+07 1e+07 1e+07 1e+07 1e+07 1e+07 1e+07 1e+07 1e+07 1e+07 1e+07 1e+07 1e+07 1e+07 1e+07 1e+07 1e+07 1e+07 1e+07 1e+07 1e+07 1e+07 1e+07 1e+07 1e+07 1e+07 1e+07 1e+07 1e+07 1e+07 1e+07 1e+07 1e+07 1e+07 1e+07 1e+07 1e+07 1e+07 5.62305e+06 7.33122e+06 1e+07 1.4471e+06 2.18765e+06 3.6078e+06 1.3136e+06 470342 544783 190361 53236 49417 24206 9912 15305 4729 18180 3408 2185 1778 1935 3180 1701 2071 2393 737 1767 734 289 281 468 2039 358 40 40 62 465 73 111 1012 333 16 30 82 82 44 169 160 38 164 47 27 34 39 37 26 34 14 12 
0.361283 1e+07 1e+07 1e+07 1e+07 1e+07 1e+07 1e+07 1e+07 1e+07 1e+07 1e+07 1e+07 1e+07 1e+07 1e+07 1e+07 1e+07 1e+07 1e+07 1e+07 1e+07 1e+07 1e+07 1e+07 1e+07 1e+07 1e+07 1e+07 1e+07 1e+07 1e+07 1e+07 1e+07 1e+07 1e+07 1e+07 1e+07 9.35359e+06 1e+07 9.97193e+06 1e+07 1e+07 1e+07 2.3642e+06 1e+07 5.92443e+06 439205 718726 377522 1e+07 274182 78397 49616 274279 15971 25881 4016 17826 11208 1808 1053 1261 1450 543 2683 728 926 171 62 110 366 88 1109 436 174 351 68 33 37 226 295 23 14 13 13 24 28 141 50 76 32 74 28 28 41 79 94 272 36 15 
0.376991 1e+07 1e+07 1e+07 1e+07 1e+07 1e+07 1e+07 1e+07 1e+07 1e+07 1e+07 1e+07 1e+07 1e+07 1e+07 1e+07 1e+07 1e+07 1e+07 1e+07 1e+07 1e+07 1e+07 1e+07 1e+07 1e+07 1e+07 1e+07 1e+07 1e+07 1e+07 1e+07 1e+07 1e+07 1e+07 1e+07 1e+07 1e+07 1e+07 1e+07 1e+07 1e+07 1e+07 8.4736e+06 1e+07 6.38207e+06 5.77515e+06 432009 785989 160046 307929 263464 248302 24912 30972 50104 37716 30564 4810 9050 5943 1320 1410 2259 1209 572 968 795 12600 313 412 137 171 215 196 108 386 372 181 36 21 112 69 14 13 12 13 14 201 68 41 72 64 35 21 22 31 687 35 48 
