epsilon_k[0]0.1
epsilon_k[0]2.18e-05
epsilon_k[0]7.08e-05
epsilon_k[0]2.54e-05
epsilon_k[0]1e-05
epsilon_k[0]7.8e-06
epsilon_k[0]0.218
omega_x01.05558
omega_y01.26292
dx 0.01
n_theta 100
dtheta 0.00785398
epsilon 32
max_turns 10000000
from_angle 96
to_angle 101
0.753982 1e+07 52270 3192 1985 1782 1782 992 
0.761836 1e+07 51153 3265 1986 1749 1749 993 
0.76969 1e+07 68125 3229 1986 1744 1744 997 
0.777544 1e+07 47279 3196 1986 1743 1743 1004 1004 980 
0.785398 1e+07 40319 3222 1985 1739 1739 1006 1006 1006 1006 811 
0.793252 1e+07 51896 3172 1985 1725 1725 1011 1011 1011 1011 853 
