epsilon_k[0] 0.0001
epsilon_k[1] 2.18e-05
epsilon_k[2] 7.08e-05
epsilon_k[3] 2.54e-05
epsilon_k[4] 1e-05
epsilon_k[5] 7.8e-06
epsilon_k[6] 2.18e-05
omega_x0 0.168
omega_y0 0.201
dx 0.01
n_theta 100
dtheta 0.015708
epsilon 30
max_turns 10000000
from_angle 10
to_angle 15
0.15708 1e+07 1e+07 1e+07 1e+07 1e+07 1e+07 1e+07 1e+07 1e+07 1e+07 1e+07 1e+07 1e+07 1e+07 1e+07 1e+07 1e+07 1e+07 1e+07 1e+07 1e+07 1e+07 1e+07 1e+07 1e+07 1e+07 1e+07 1e+07 1e+07 1e+07 1e+07 1e+07 1e+07 1e+07 1e+07 1e+07 1e+07 1e+07 1e+07 1e+07 1e+07 1e+07 1e+07 1e+07 958396 690897 645018 234369 63034 1.13503e+06 4.53758e+06 3.29157e+06 6.04549e+06 3.02914e+06 5.0578e+06 1.31533e+06 95874 40612 214343 38010 12908 27953 66036 2876 4534 5885 34730 1009 1494 1525 4681 1260 559 790 1290 351 11908 350 180 367 180 245 65 214 2199 146 82 16 18 8 7 7 6 6 6 6 6 6 5 5 
0.172788 1e+07 1e+07 1e+07 1e+07 1e+07 1e+07 1e+07 1e+07 1e+07 1e+07 1e+07 1e+07 1e+07 1e+07 1e+07 1e+07 1e+07 1e+07 1e+07 1e+07 1e+07 1e+07 1e+07 1e+07 1e+07 1e+07 1e+07 1e+07 1e+07 1e+07 1e+07 1e+07 1e+07 1e+07 1e+07 1e+07 1e+07 1e+07 1e+07 1e+07 1e+07 1e+07 1e+07 1e+07 2.12869e+06 1e+07 125142 27694 250029 174699 122312 452456 682909 541436 263313 120906 166927 336393 50896 15113 14347 9818 4055 7422 4490 4103 2410 2555 1465 4052 871 2805 1171 12684 927 287 306 395 128 189 129 120 1989 449 43 58 78 34 148 290 8 7 7 6 6 6 6 6 6 5 
0.188496 1e+07 1e+07 1e+07 1e+07 1e+07 1e+07 1e+07 1e+07 1e+07 1e+07 1e+07 1e+07 1e+07 1e+07 1e+07 1e+07 1e+07 1e+07 1e+07 1e+07 1e+07 1e+07 1e+07 1e+07 1e+07 1e+07 1e+07 1e+07 1e+07 1e+07 1e+07 1e+07 1e+07 1e+07 1e+07 1e+07 1e+07 1e+07 1e+07 1e+07 1e+07 1e+07 1e+07 1e+07 1.21978e+06 362856 5.15899e+06 176041 279386 188027 155914 234111 147540 1.96277e+06 2.61859e+06 3.72996e+06 95943 1.04292e+06 132278 10180 20348 8438 10934 10925 2759 5307 4805 1893 6865 837 1292 2014 222 883 959 8022 754 780 115 633 349 109 71 2731 218 25 37 40 65 257 11 8 7 7 6 6 6 6 6 6 
0.204204 1e+07 1e+07 1e+07 1e+07 1e+07 1e+07 1e+07 1e+07 1e+07 1e+07 1e+07 1e+07 1e+07 1e+07 1e+07 1e+07 1e+07 1e+07 1e+07 1e+07 1e+07 1e+07 1e+07 1e+07 1e+07 1e+07 1e+07 1e+07 1e+07 1e+07 1e+07 1e+07 1e+07 1e+07 1e+07 1e+07 1e+07 1e+07 1e+07 1e+07 1e+07 1e+07 1e+07 3.22458e+06 6.15056e+06 489697 583676 130768 830647 121460 50685 573944 50044 179610 1.35336e+06 1.05714e+06 87827 34064 88314 10635 19206 3258 7270 6684 1144 976 4563 4107 3831 1870 1064 3554 495 1139 2503 141 283 273 161 1436 1081 249 151 47 222 475 38 544 61 19 288 10 8 7 7 6 6 6 6 6 
0.219911 1e+07 1e+07 1e+07 1e+07 1e+07 1e+07 1e+07 1e+07 1e+07 1e+07 1e+07 1e+07 1e+07 1e+07 1e+07 1e+07 1e+07 1e+07 1e+07 1e+07 1e+07 1e+07 1e+07 1e+07 1e+07 1e+07 1e+07 1e+07 1e+07 1e+07 1e+07 1e+07 1e+07 1e+07 1e+07 1e+07 1e+07 1e+07 1e+07 1e+07 1e+07 1e+07 1e+07 1e+07 3.5341e+06 178679 295769 495988 28552 34419 193054 18372 72763 69686 58560 1.69949e+06 463881 170875 29144 712060 6150 11759 8317 14193 2299 398 3110 1262 1616 1533 4819 3908 894 3126 3203 625 1262 952 152 79 267 215 64 275 115 433 55 224 48 68 17 597 11 8 7 7 6 6 6 6 
0.235619 1e+07 1e+07 1e+07 1e+07 1e+07 1e+07 1e+07 1e+07 1e+07 1e+07 1e+07 1e+07 1e+07 1e+07 1e+07 1e+07 1e+07 1e+07 1e+07 1e+07 1e+07 1e+07 1e+07 1e+07 1e+07 1e+07 1e+07 1e+07 1e+07 1e+07 1e+07 1e+07 1e+07 1e+07 1e+07 1e+07 1e+07 1e+07 1e+07 1e+07 1e+07 1e+07 1e+07 1e+07 1.43763e+06 1.18857e+06 337325 364364 417852 82715 383512 34774 44154 32341 101789 49185 21040 36698 144469 7541 9794 3736 143149 26099 3998 2703 3089 1254 4405 183 2452 2905 830 530 20850 356 1928 270 1347 151 75 111 71 320 1011 40 105 16 119 99 79 80 236 17 8 7 7 7 6 6 
