epsilon_k[0] 0.0001
epsilon_k[1] 2.18e-05
epsilon_k[2] 7.08e-05
epsilon_k[3] 2.54e-05
epsilon_k[4] 1e-05
epsilon_k[5] 7.8e-06
epsilon_k[6] 2.18e-05
omega_x0 0.168
omega_y0 0.201
dx 0.01
n_theta 100
dtheta 0.015708
epsilon 64
max_turns 10000000
from_angle 75
to_angle 80
1.1781 1e+07 1e+07 1e+07 1e+07 1e+07 1e+07 1e+07 1e+07 1e+07 1e+07 1e+07 1e+07 1e+07 1e+07 1e+07 1e+07 1e+07 1e+07 1e+07 1e+07 1e+07 1e+07 1e+07 1e+07 1e+07 1e+07 1e+07 1e+07 1e+07 1e+07 1e+07 1e+07 1e+07 3.29278e+06 477624 160644 41723 137588 76502 39236 44373 157548 5510 1856 1972 9707 8900 3282 2797 1158 252911 2129 745 12578 546 318 275 423 151 62 231 100 48 88 43 58 56 103 65 104 41 33 58 31 9 8 8 7 7 7 7 7 6 6 6 6 6 6 6 6 6 6 6 5 5 5 5 5 5 5 
1.19381 1e+07 1e+07 1e+07 1e+07 1e+07 1e+07 1e+07 1e+07 1e+07 1e+07 1e+07 1e+07 1e+07 1e+07 1e+07 1e+07 1e+07 1e+07 1e+07 1e+07 1e+07 1e+07 1e+07 1e+07 1e+07 1e+07 1e+07 1e+07 1e+07 1e+07 1e+07 1e+07 1e+07 3.78862e+06 2.69566e+06 86016 39120 70804 937184 76494 30532 38283 10590 6951 3362 7782 4398 1361 2997 1631 5516 1501 1777 6761 295 1258 154 857 300 351 183 202 92 97 42 90 34 33 58 27 40 26 40 22 10 8 8 7 7 7 7 7 6 6 6 6 6 6 6 6 6 6 6 5 5 5 5 5 5 5 
1.20951 1e+07 1e+07 1e+07 1e+07 1e+07 1e+07 1e+07 1e+07 1e+07 1e+07 1e+07 1e+07 1e+07 1e+07 1e+07 1e+07 1e+07 1e+07 1e+07 1e+07 1e+07 1e+07 1e+07 1e+07 1e+07 1e+07 1e+07 1e+07 1e+07 1e+07 1e+07 1e+07 9.24102e+06 135299 362123 62537 241599 41841 29258 14855 23510 14976 5412 7621 3755 1.02719e+06 2667 5155 4601 2292 830 6607 10806 2552 980 357 357 1848 682 99 92 39 42 55 130 190 109 44 1123 148 18 35 22 17 390 9 8 8 7 7 7 7 6 6 6 6 6 6 6 6 6 6 6 6 5 5 5 5 5 5 
1.22522 1e+07 1e+07 1e+07 1e+07 1e+07 1e+07 1e+07 1e+07 1e+07 1e+07 1e+07 1e+07 1e+07 1e+07 1e+07 1e+07 1e+07 1e+07 1e+07 1e+07 1e+07 1e+07 1e+07 1e+07 1e+07 1e+07 1e+07 1e+07 1e+07 1e+07 1e+07 1e+07 706718 143370 1.0496e+06 2.37354e+06 75205 265710 87619 64156 99243 8757 11359 15071 6075 27799 12018 2579 3689 1980 2791 1287 1382 1656 3368 1301 483 513 254 100 79 32 198 52 31 142 92 51 35 36 27 52 44 38 20 10 8 8 7 7 7 7 7 6 6 6 6 6 6 6 6 6 6 6 6 5 5 5 5 5 
1.24093 1e+07 1e+07 1e+07 1e+07 1e+07 1e+07 1e+07 1e+07 1e+07 1e+07 1e+07 1e+07 1e+07 1e+07 1e+07 1e+07 1e+07 1e+07 1e+07 1e+07 1e+07 1e+07 1e+07 1e+07 1e+07 1e+07 1e+07 1e+07 1e+07 1e+07 1e+07 1e+07 447308 582960 479812 799630 574164 334615 58931 55837 239892 184879 29343 18757 6016 8028 3752 1986 3327 2010 3551 3967 7470 8326 693 597 192 2463 488 60 198 32 465 47 31 161 83 85 36 86 30 18 27 36 16 19 9 8 8 7 7 7 7 7 6 6 6 6 6 6 6 6 6 6 6 6 5 5 5 5 
1.25664 1e+07 1e+07 1e+07 1e+07 1e+07 1e+07 1e+07 1e+07 1e+07 1e+07 1e+07 1e+07 1e+07 1e+07 1e+07 1e+07 1e+07 1e+07 1e+07 1e+07 1e+07 1e+07 1e+07 1e+07 1e+07 1e+07 1e+07 1e+07 1e+07 1e+07 1e+07 3.37306e+06 3.51572e+06 3.38902e+06 597622 2.26236e+06 229342 88184 370063 67975 68642 6353 171889 6180 50797 10882 2951 3410 4149 8115 1280 2579 1401 1434 4192 203 163 198 45 349 106 119 187 140 71 87 273 143 40 108 73598 88 17 25 45 15 36 9 8 8 7 7 7 7 7 6 6 6 6 6 6 6 6 6 6 6 6 5 5 5 
