epsilon_k[0]0.1
epsilon_k[0]2.18e-05
epsilon_k[0]7.08e-05
epsilon_k[0]2.54e-05
epsilon_k[0]1e-05
epsilon_k[0]7.8e-06
epsilon_k[0]0.218
omega_x01.05558
omega_y01.26292
dx 0.01
n_theta 100
dtheta 0.00785398
epsilon 10
max_turns 10000000
from_angle 96
to_angle 101
0.753982 1e+07 33882 11822 4293 1847 1593 846 
0.761836 1e+07 31300 10426 5544 1788 1617 845 
0.76969 1e+07 28466 12201 4414 1774 1715 843 
0.777544 1e+07 31729 12638 4651 1736 1715 841 
0.785398 1e+07 31528 10113 5917 1733 1712 844 
0.793252 1e+07 31378 9713 7296 1738 1738 843 
