epsilon_k[0] 0.0001
epsilon_k[1] 2.18e-05
epsilon_k[2] 7.08e-05
epsilon_k[3] 2.54e-05
epsilon_k[4] 1e-05
epsilon_k[5] 7.8e-06
epsilon_k[6] 2.18e-05
omega_x0 0.28
omega_y0 0.31
dx 0.01
epsilon 1
max_turns 10000000
from_y 32
to_y 40
0.32 1e+07 1e+07 1e+07 1e+07 1e+07 1e+07 1e+07 1e+07 1e+07 1e+07 1e+07 1e+07 1e+07 1e+07 1e+07 1e+07 1e+07 1e+07 1e+07 1.71489e+06 1325 208 106 96 53 50 63 74 606 80 53 39 29 26 24 24 17 14 13 12 11 11 11 11 11 11 10 9 9 9 8 8 8 8 8 7 7 7 7 7 7 7 7 7 6 6 6 6 6 6 6 6 6 6 6 6 6 6 6 6 
0.33 1e+07 1e+07 1e+07 1e+07 1e+07 1e+07 1e+07 1e+07 1e+07 1e+07 1e+07 1e+07 1e+07 1e+07 1e+07 1e+07 1e+07 1e+07 1.52449e+06 49829 252 107 118 46 115 49 100 74 222 68 44 40 27 25 24 19 15 13 12 12 11 11 11 11 11 10 9 9 9 8 8 8 8 8 7 7 7 7 7 7 7 7 7 6 6 6 6 6 6 6 6 6 6 6 6 6 6 6 6 6 
0.34 1e+07 1e+07 1e+07 1e+07 1e+07 1e+07 1e+07 1e+07 1e+07 1e+07 1e+07 1e+07 1e+07 1e+07 1e+07 1e+07 1e+07 3.42666e+06 1.9718e+06 172 185 73 39 38 41 49 52 74 165 81 41 32 26 25 30 16 14 13 12 11 11 11 11 11 10 10 9 9 9 8 8 8 8 7 7 7 7 7 7 7 7 7 6 6 6 6 6 6 6 6 6 6 6 6 6 6 6 6 6 6 
0.35 1e+07 1e+07 1e+07 1e+07 1e+07 1e+07 1e+07 1e+07 1e+07 1e+07 1e+07 1e+07 1e+07 1e+07 1e+07 1e+07 3.25691e+06 1.1997e+06 2302 79 75 75 37 36 37 51 50 75 119 55 40 29 26 24 18 15 13 12 11 11 11 11 10 10 10 9 9 9 8 8 8 8 8 7 7 7 7 7 7 7 7 6 6 6 6 6 6 6 6 6 6 6 6 6 6 6 6 6 6 6 
0.36 1e+07 1e+07 1e+07 1e+07 1e+07 1e+07 1e+07 1e+07 1e+07 1e+07 1e+07 1e+07 1e+07 1e+07 1e+07 1e+07 2.28658e+06 610 253 81 51 85 37 35 35 42 48 76 96 53 39 28 25 28 16 14 12 12 11 11 11 10 10 10 10 9 9 8 8 8 8 8 7 7 7 7 7 7 7 7 6 6 6 6 6 6 6 6 6 6 6 6 6 6 6 6 6 6 6 6 
0.37 1e+07 1e+07 1e+07 1e+07 1e+07 1e+07 1e+07 1e+07 1e+07 1e+07 1e+07 1e+07 1e+07 6.00627e+06 8.87308e+06 289310 29 27 27 28 32 67 40 35 35 37 48 81 82 48 47 27 25 19 15 13 12 11 11 11 10 10 10 10 9 9 9 8 8 8 8 7 7 7 7 7 7 7 7 7 6 6 6 6 6 6 6 6 6 6 6 6 6 6 6 6 6 6 5 5 
0.38 2.56706e+06 1e+07 1e+07 1e+07 1e+07 1e+07 1e+07 1e+07 1e+07 1e+07 1e+07 6.13337e+06 6.98763e+06 2.12864e+06 2927 27 25 24 24 24 25 27 72 35 34 35 47 86 82 43 31 26 25 16 14 13 12 11 11 10 10 10 10 10 9 9 8 8 8 8 8 7 7 7 7 7 7 7 7 6 6 6 6 6 6 6 6 6 6 6 6 6 6 6 6 6 6 5 5 5 
0.39 1792 160021 917592 8.96422e+06 1e+07 1e+07 1e+07 1e+07 5.71969e+06 1.3135e+06 185819 233412 89 546 27 25 24 23 23 23 23 24 27 77 34 34 47 90 68 41 29 26 32 15 13 12 11 11 11 10 10 10 10 9 9 9 8 8 8 8 7 7 7 7 7 7 7 7 6 6 6 6 6 6 6 6 6 6 6 6 6 6 6 6 6 5 5 5 5 5 
