epsilon_k[0] 0.0001
epsilon_k[1] 2.18e-05
epsilon_k[2] 7.08e-05
epsilon_k[3] 2.54e-05
epsilon_k[4] 1e-05
epsilon_k[5] 7.8e-06
epsilon_k[6] 2.18e-05
omega_x0 0.168
omega_y0 0.201
dx 0.01
n_theta 100
dtheta 0.015708
epsilon 1
max_turns 10000000
from_angle 55
to_angle 60
0.863938 1e+07 1e+07 1e+07 1e+07 1e+07 1e+07 1e+07 1e+07 1e+07 1e+07 1e+07 1e+07 1e+07 1e+07 1e+07 1e+07 1e+07 1e+07 1e+07 1e+07 1e+07 1e+07 1e+07 1e+07 1e+07 1e+07 1e+07 1e+07 1e+07 1e+07 1e+07 1e+07 1e+07 1e+07 1e+07 1e+07 1e+07 1e+07 3.11355e+06 1e+07 752278 1e+07 1e+07 1e+07 1e+07 3.46408e+06 207901 1.20806e+06 90484 57351 5712 2514 2370 1189 781 635 408 598 53 7098 133 57 40 19 18 18 18 17 18 36 63 22 29 32 21 15 20 13 12 12 17 25 15 15 15 21 12 14 11 13 10 8 8 7 7 7 7 6 6 6 
0.879646 1e+07 1e+07 1e+07 1e+07 1e+07 1e+07 1e+07 1e+07 1e+07 1e+07 1e+07 1e+07 1e+07 1e+07 1e+07 1e+07 1e+07 1e+07 1e+07 1e+07 1e+07 1e+07 1e+07 1e+07 1e+07 1e+07 1e+07 1e+07 1e+07 1e+07 1e+07 1e+07 1e+07 1e+07 1e+07 1e+07 1e+07 1e+07 1e+07 2.8572e+06 810748 1.99861e+06 4.45072e+06 1.29153e+06 5.87987e+06 1e+07 762657 965849 27523 4286 6961 10683 11935 1324 511 555 828 204 190 214 158 218 373 115 68 30 72 61 87 105 46 60 47 16 32 13 13 13 25 21 26 16 18 13 16 12 16 11 9 8 7 7 7 7 7 6 6 6 6 6 
0.895354 1e+07 1e+07 1e+07 1e+07 1e+07 1e+07 1e+07 1e+07 1e+07 1e+07 1e+07 1e+07 1e+07 1e+07 1e+07 1e+07 1e+07 1e+07 1e+07 1e+07 1e+07 1e+07 1e+07 1e+07 1e+07 1e+07 1e+07 1e+07 1e+07 1e+07 1e+07 1e+07 1e+07 1e+07 1e+07 1e+07 1e+07 1e+07 1e+07 1e+07 5.47456e+06 629532 2.89463e+06 9.7417e+06 1e+07 7.99274e+06 238549 38589 10627 24682 6084 4049 5355 3645 645 461 303 926 1815 112 315 124 30 86 31 108 109 36 61 172 42 16 18 15 13 14 24 52 112 19 18 13 15 12 16 10 8 8 7 7 7 7 6 6 6 6 6 6 6 6 
0.911062 1e+07 1e+07 1e+07 1e+07 1e+07 1e+07 1e+07 1e+07 1e+07 1e+07 1e+07 1e+07 1e+07 1e+07 1e+07 1e+07 1e+07 1e+07 1e+07 1e+07 1e+07 1e+07 1e+07 1e+07 1e+07 1e+07 1e+07 1e+07 1e+07 1e+07 1e+07 1e+07 1e+07 1e+07 1e+07 1e+07 1e+07 1e+07 1e+07 1e+07 1e+07 1e+07 2.38072e+06 1.44222e+06 758549 4.02564e+06 61638 332014 20587 18610 3344 23576 1172 2292 1419 36419 304 465 460 247 65 57 161 92 102 91 32 88 28 16 23 38 15 14 25 31 83 20 30 13 19 14 25 9 8 8 7 7 7 7 6 6 6 6 6 6 6 6 6 6 
0.92677 1e+07 1e+07 1e+07 1e+07 1e+07 1e+07 1e+07 1e+07 1e+07 1e+07 1e+07 1e+07 1e+07 1e+07 1e+07 1e+07 1e+07 1e+07 1e+07 1e+07 1e+07 1e+07 1e+07 1e+07 1e+07 1e+07 1e+07 1e+07 1e+07 1e+07 1e+07 1e+07 1e+07 1e+07 1e+07 1e+07 1e+07 1e+07 1e+07 1e+07 1e+07 1e+07 4.18095e+06 1e+07 7.4285e+06 114655 4.7002e+06 65602 7704 3697 4757 6354 1201 1970 813 634 689 122 119 72 215 60 57 204 382 71 40 311 16 28 93 23 28 29 62 55 30 14 17 17 23 10 8 8 7 7 7 7 7 6 6 6 6 6 6 6 6 6 6 6 
