epsilon_k[0]0.1
epsilon_k[0]2.18e-05
epsilon_k[0]7.08e-05
epsilon_k[0]2.54e-05
epsilon_k[0]1e-05
epsilon_k[0]7.8e-06
epsilon_k[0]0.218
omega_x01.05558
omega_y01.26292
dx 0.01
n_theta 100
dtheta 0.00785398
epsilon 16
max_turns 10000000
from_angle 72
to_angle 80
0.565487 1e+07 67923 9730 8180 5362 2687 1102 861 
0.573341 1e+07 144201 9699 6040 5126 2807 1089 873 
0.581195 1e+07 89982 9601 5889 4679 2656 1110 881 
0.589049 1e+07 89370 9577 5560 4235 2520 1081 891 
0.596903 1e+07 91098 9562 5399 3664 2285 1102 949 
0.604757 1e+07 80787 9588 5363 3425 1901 1072 891 
0.612611 1e+07 69897 9556 5358 3327 1819 1068 882 
0.620465 1e+07 60092 9575 5362 3187 1830 1058 879 
0.628319 1e+07 60001 9580 5356 3164 1810 1051 878 
