epsilon_k[0]0.1
epsilon_k[0]2.18e-05
epsilon_k[0]7.08e-05
epsilon_k[0]2.54e-05
epsilon_k[0]1e-05
epsilon_k[0]7.8e-06
epsilon_k[0]0.218
omega_x01.75929
omega_y01.94779
dx 0.01
n_theta 100
dtheta 0.00785398
epsilon 6
max_turns 10000000
from_angle 96
to_angle 101
0.753982 1e+07 291524 21297 9382 4009 2438 1566 1330 771 
0.761836 1e+07 712178 65857 8086 3993 2496 1569 1215 774 
0.76969 1e+07 682382 52856 6834 3991 2006 1564 1191 813 
0.777544 1e+07 472580 32737 6296 4147 1976 1560 1191 811 
0.785398 1e+07 615379 79673 6345 3938 1903 1559 1216 877 
0.793252 1e+07 453653 121630 11079 3936 1778 1559 1214 1214 596 
