epsilon_k[0] 0.0001
epsilon_k[1] 2.18e-05
epsilon_k[2] 7.08e-05
epsilon_k[3] 2.54e-05
epsilon_k[4] 1e-05
epsilon_k[5] 7.8e-06
epsilon_k[6] 2.18e-05
omega_x0 0.168
omega_y0 0.201
dx 0.01
n_theta 100
dtheta 0.015708
epsilon 14
max_turns 10000000
from_angle 10
to_angle 15
0.15708 1e+07 1e+07 1e+07 1e+07 1e+07 1e+07 1e+07 1e+07 1e+07 1e+07 1e+07 1e+07 1e+07 1e+07 1e+07 1e+07 1e+07 1e+07 1e+07 1e+07 1e+07 1e+07 1e+07 1e+07 1e+07 1e+07 1e+07 1e+07 1e+07 1e+07 1e+07 1e+07 1e+07 1e+07 1e+07 1e+07 1e+07 1e+07 1e+07 1e+07 1e+07 1e+07 1e+07 1e+07 1e+07 2.0038e+06 2.25419e+06 2.10904e+06 555827 1e+07 1e+07 1e+07 1e+07 1e+07 6.20415e+06 2.54041e+06 415820 310500 57100 3.06195e+06 10931 19980 7722 42244 10022 5041 6287 5613 7781 4250 2340 41878 670 1155 1014 334 1585 285 56 1317 120 221 97 25 691 110 107 2914 12 8 7 7 6 6 6 6 6 6 5 5 
0.172788 1e+07 1e+07 1e+07 1e+07 1e+07 1e+07 1e+07 1e+07 1e+07 1e+07 1e+07 1e+07 1e+07 1e+07 1e+07 1e+07 1e+07 1e+07 1e+07 1e+07 1e+07 1e+07 1e+07 1e+07 1e+07 1e+07 1e+07 1e+07 1e+07 1e+07 1e+07 1e+07 1e+07 1e+07 1e+07 1e+07 1e+07 1e+07 1e+07 1e+07 1e+07 1e+07 1e+07 1e+07 1e+07 4.31873e+06 2.67383e+06 549859 5.38516e+06 1.57658e+06 1e+07 1e+07 1e+07 1e+07 1e+07 1.35308e+06 1.55051e+06 89450 49867 14353 16080 5660 3967 1307 4573 1522 2069 2871 2635 8080 2355 2881 2334 1228 495 1073 288 145 2274 112 50 534 204 146 25 41 49 17 155 9 8 7 7 6 6 6 6 6 5 5 
0.188496 1e+07 1e+07 1e+07 1e+07 1e+07 1e+07 1e+07 1e+07 1e+07 1e+07 1e+07 1e+07 1e+07 1e+07 1e+07 1e+07 1e+07 1e+07 1e+07 1e+07 1e+07 1e+07 1e+07 1e+07 1e+07 1e+07 1e+07 1e+07 1e+07 1e+07 1e+07 1e+07 1e+07 1e+07 1e+07 1e+07 1e+07 1e+07 1e+07 1e+07 1e+07 1e+07 1e+07 1e+07 1e+07 9.97859e+06 2.15716e+06 2.3069e+06 704252 513973 483233 1e+07 1e+07 1e+07 8.42982e+06 232644 490468 252136 60142 46405 16630 135490 10015 5445 1229 1551 1904 705 4202 3997 11479 12195 501 3586 691 947 668 157 87 139 52 118 164 227 25 540 81 109 15 16 9 7 7 7 6 6 6 6 6 5 
0.204204 1e+07 1e+07 1e+07 1e+07 1e+07 1e+07 1e+07 1e+07 1e+07 1e+07 1e+07 1e+07 1e+07 1e+07 1e+07 1e+07 1e+07 1e+07 1e+07 1e+07 1e+07 1e+07 1e+07 1e+07 1e+07 1e+07 1e+07 1e+07 1e+07 1e+07 1e+07 1e+07 1e+07 1e+07 1e+07 1e+07 1e+07 1e+07 1e+07 1e+07 1e+07 1e+07 1e+07 1e+07 1e+07 6.51788e+06 2.45502e+06 374430 279359 142346 336010 318968 8.03318e+06 6.53325e+06 2.77725e+06 1.50497e+06 256600 74569 34530 185489 6926 3143 18733 4838 767 983 1307 448 6282 933 3152 1920 2335 933 651 918 1849 2835 3994 235 198 281 39 47 71 17 661 51 99 15 17 8 7 7 7 6 6 6 6 6 
0.219911 1e+07 1e+07 1e+07 1e+07 1e+07 1e+07 1e+07 1e+07 1e+07 1e+07 1e+07 1e+07 1e+07 1e+07 1e+07 1e+07 1e+07 1e+07 1e+07 1e+07 1e+07 1e+07 1e+07 1e+07 1e+07 1e+07 1e+07 1e+07 1e+07 1e+07 1e+07 1e+07 1e+07 1e+07 1e+07 1e+07 1e+07 1e+07 1e+07 1e+07 1e+07 1e+07 1e+07 1e+07 1e+07 1e+07 9.55532e+06 1e+07 111160 218220 134409 154225 250295 362302 423803 422511 185259 1.02784e+06 36718 8679 13123 25248 13453 2985 2410 1898 3036 12876 2100 13564 5513 932 1109 546 1417 8380 160 154 162 246 768 300 240 65 66 2384 15 108 130 55 15 16 8 7 7 7 6 6 6 6 
0.235619 1e+07 1e+07 1e+07 1e+07 1e+07 1e+07 1e+07 1e+07 1e+07 1e+07 1e+07 1e+07 1e+07 1e+07 1e+07 1e+07 1e+07 1e+07 1e+07 1e+07 1e+07 1e+07 1e+07 1e+07 1e+07 1e+07 1e+07 1e+07 1e+07 1e+07 1e+07 1e+07 1e+07 1e+07 1e+07 1e+07 1e+07 1e+07 1e+07 1e+07 1e+07 1e+07 1e+07 1e+07 1e+07 1e+07 6.41976e+06 1e+07 4.11883e+06 84948 54599 48777 63783 121398 321026 57786 116360 58956 30915 19974 5406 3956 8484 6962 9296 4073 67895 3668 999 383 1322 863 14763 6124 157 151 182 434 294 250 131 328 134 583 114 312 283 15 208 53 39 15 79 9 8 7 7 6 6 6 
