epsilon_k[0] 0.0001
epsilon_k[1] 2.18e-05
epsilon_k[2] 7.08e-05
epsilon_k[3] 2.54e-05
epsilon_k[4] 1e-05
epsilon_k[5] 7.8e-06
epsilon_k[6] 2.18e-05
omega_x0 0.168
omega_y0 0.201
dx 0.01
n_theta 100
dtheta 0.015708
epsilon 44
max_turns 10000000
from_angle 20
to_angle 25
0.314159 1e+07 1e+07 1e+07 1e+07 1e+07 1e+07 1e+07 1e+07 1e+07 1e+07 1e+07 1e+07 1e+07 1e+07 1e+07 1e+07 1e+07 1e+07 1e+07 1e+07 1e+07 1e+07 1e+07 1e+07 1e+07 1e+07 1e+07 1e+07 1e+07 1e+07 1e+07 1e+07 1e+07 1e+07 1e+07 1e+07 7.96861e+06 1e+07 8.54722e+06 3.08889e+06 9.63409e+06 1e+07 6.19396e+06 3.94197e+06 1.19202e+06 672175 244385 111124 99047 127295 40704 19942 83865 413956 51073 32181 34056 501976 4049 4558 3530 901 37822 8567 1479 531 2240 796 1394 2217 1110 1509 247 112 297 607 573 58 815 274 363 22 471 63 187 121 142 51 26 25 46 86 18 53 14 13 190 63 30 24 
0.329867 1e+07 1e+07 1e+07 1e+07 1e+07 1e+07 1e+07 1e+07 1e+07 1e+07 1e+07 1e+07 1e+07 1e+07 1e+07 1e+07 1e+07 1e+07 1e+07 1e+07 1e+07 1e+07 1e+07 1e+07 1e+07 1e+07 1e+07 1e+07 1e+07 1e+07 1e+07 1e+07 4.18902e+06 1e+07 1e+07 1e+07 9.30688e+06 6.62632e+06 6.49044e+06 3.15394e+06 1e+07 2.6855e+06 1.17134e+06 763049 2.27679e+06 2.14306e+06 2.68427e+06 124150 86800 436971 123989 89684 24074 85204 11806 23647 7552 30946 4704 14263 3585 2524 920 3959 1055 1296 380 3216 342 1049 419 342 721 1404 189 61 97 105 71 95 332 23 52 21 171 74 53 63 207 43 36 39 60 28 21 39 14 12 14 20 
0.345575 1e+07 1e+07 1e+07 1e+07 1e+07 1e+07 1e+07 1e+07 1e+07 1e+07 1e+07 1e+07 1e+07 1e+07 1e+07 1e+07 1e+07 1e+07 1e+07 1e+07 1e+07 1e+07 1e+07 1e+07 1e+07 1e+07 1e+07 1e+07 1e+07 1e+07 1e+07 1e+07 1e+07 9.38198e+06 1e+07 3.32263e+06 1e+07 1e+07 1e+07 1e+07 2.4396e+06 4.20974e+06 5.11663e+06 2.01258e+06 1.13115e+06 889284 602758 2.04698e+06 76449 34190 23083 43357 44555 12114 17739 24898 12642 26526 4436 63943 1844 4874 1293 510 3241 1021 364 125 606 368 256 435 652 647 89 180 543 205 98 50 142 41 15 51 214 81 46 64 530 32 107 42 28 58 66 121 16 18 51 12 
0.361283 1e+07 1e+07 1e+07 1e+07 1e+07 1e+07 1e+07 1e+07 1e+07 1e+07 1e+07 1e+07 1e+07 1e+07 1e+07 1e+07 1e+07 1e+07 1e+07 1e+07 1e+07 1e+07 1e+07 1e+07 1e+07 1e+07 1e+07 1e+07 1e+07 1e+07 1e+07 1e+07 1e+07 1e+07 1e+07 8.96342e+06 1e+07 2.95878e+06 2.0978e+06 1.64702e+06 1e+07 6.87441e+06 2.29551e+06 868632 807556 982615 93860 158492 197987 77850 372901 32967 21476 206911 39298 38818 4289 5291 3268 3003 1333 925 607 9138 4958 1213 4071 1517 122 175 326 176 2333 294 260 199 377 57 46 137 519 86 14 13 13 15 293 65 140 37 65 86 57 43 70 31 89 38 48 23 
0.376991 1e+07 1e+07 1e+07 1e+07 1e+07 1e+07 1e+07 1e+07 1e+07 1e+07 1e+07 1e+07 1e+07 1e+07 1e+07 1e+07 1e+07 1e+07 1e+07 1e+07 1e+07 1e+07 1e+07 1e+07 1e+07 1e+07 1e+07 1e+07 1e+07 1e+07 1e+07 1e+07 9.16321e+06 1e+07 3.92948e+06 9.34445e+06 1e+07 6.70838e+06 3.47382e+06 4.77557e+06 3.83786e+06 6.00088e+06 785693 1.28939e+06 2.18961e+06 731817 258226 5.82496e+06 215307 1e+07 71760 13391 64769 18086 15540 2576 16276 20945 2391 3874 3186 3261 532 6076 793 3194 307 534 728 203 180 154 113 88 47 166 488 141 41 70 20 43 35 14 13 12 12 13 33 96 115 64 53 44 27 28 31 43 37 34 
