epsilon_k[0] 0.0001
epsilon_k[1] 2.18e-05
epsilon_k[2] 7.08e-05
epsilon_k[3] 2.54e-05
epsilon_k[4] 1e-05
epsilon_k[5] 7.8e-06
epsilon_k[6] 2.18e-05
omega_x0 0.168
omega_y0 0.201
dx 0.01
n_theta 100
dtheta 0.015708
epsilon 12
max_turns 10000000
from_angle 30
to_angle 35
0.471239 1e+07 1e+07 1e+07 1e+07 1e+07 1e+07 1e+07 1e+07 1e+07 1e+07 1e+07 1e+07 1e+07 1e+07 1e+07 1e+07 1e+07 1e+07 1e+07 1e+07 1e+07 1e+07 1e+07 1e+07 1e+07 1e+07 1e+07 1e+07 1e+07 1e+07 1e+07 1e+07 1e+07 1e+07 1e+07 1e+07 1e+07 1e+07 1e+07 1e+07 1e+07 1e+07 1e+07 1e+07 1e+07 1e+07 1e+07 1.58202e+06 777642 1.22678e+06 1.13432e+06 348855 254306 19653 31606 8877 6242 5407 2025 1001 2925 2942 7208 1959 205 1840 970 75 40 32 650 224 77 61 107 82 84 195 43 50 58 153 31 41 125 96 64 38 38 51 42 15 14 13 14 21 19 14 13 11 
0.486947 1e+07 1e+07 1e+07 1e+07 1e+07 1e+07 1e+07 1e+07 1e+07 1e+07 1e+07 1e+07 1e+07 1e+07 1e+07 1e+07 1e+07 1e+07 1e+07 1e+07 1e+07 1e+07 1e+07 1e+07 1e+07 1e+07 1e+07 1e+07 1e+07 1e+07 1e+07 1e+07 1e+07 1e+07 1e+07 1e+07 1e+07 1e+07 1e+07 1e+07 1e+07 1e+07 1e+07 1e+07 1e+07 8.25936e+06 3.91038e+06 6.82986e+06 1.30017e+06 3.10254e+06 5.68757e+06 126951 113386 79146 6122 4765 8756 14291 7815 2171 1947 2076 1766 1180 1052 1741 605 169 296 59 31 32 161 148 30 36 92 96 124 92 299 82 120 41 119 78 34 55 28 63 24 27 37 20 37 21 25 18 18 19 
0.502655 1e+07 1e+07 1e+07 1e+07 1e+07 1e+07 1e+07 1e+07 1e+07 1e+07 1e+07 1e+07 1e+07 1e+07 1e+07 1e+07 1e+07 1e+07 1e+07 1e+07 1e+07 1e+07 1e+07 1e+07 1e+07 1e+07 1e+07 1e+07 1e+07 1e+07 1e+07 1e+07 1e+07 1e+07 1e+07 1e+07 1e+07 1e+07 1e+07 1e+07 1e+07 1e+07 1e+07 1e+07 1e+07 8.35689e+06 1.1309e+06 2.92761e+06 2.83142e+06 3.17187e+06 5.85481e+06 241804 408343 66267 10115 7815 5644 2557 6933 4001 15214 3345 8341 704 431 629 618 496 735 51 281 59 74 66 51 159 93 161 144 222 74 38 50 97 96 52 78 35 16 15 15 15 16 22 20 18 17 17 17 16 
0.518363 1e+07 1e+07 1e+07 1e+07 1e+07 1e+07 1e+07 1e+07 1e+07 1e+07 1e+07 1e+07 1e+07 1e+07 1e+07 1e+07 1e+07 1e+07 1e+07 1e+07 1e+07 1e+07 1e+07 1e+07 1e+07 1e+07 1e+07 1e+07 1e+07 1e+07 1e+07 1e+07 1e+07 1e+07 1e+07 1e+07 1e+07 1e+07 1e+07 1e+07 1e+07 1e+07 1e+07 1e+07 1e+07 1e+07 6.57153e+06 9.86464e+06 1.06732e+06 1.1121e+06 966366 380979 222777 33866 140876 2706 7610 14425 2502 637 730 838 1032 1124 293 710 636 861 1409 1272 205 160 305 224 91 273 33 113 41 105 178 56 537 534 94 32 25 28 18 23 26 23 31 45 131 11 10 10 9 9 
0.534071 1e+07 1e+07 1e+07 1e+07 1e+07 1e+07 1e+07 1e+07 1e+07 1e+07 1e+07 1e+07 1e+07 1e+07 1e+07 1e+07 1e+07 1e+07 1e+07 1e+07 1e+07 1e+07 1e+07 1e+07 1e+07 1e+07 1e+07 1e+07 1e+07 1e+07 1e+07 1e+07 1e+07 1e+07 1e+07 1e+07 1e+07 1e+07 1e+07 1e+07 1e+07 1e+07 1e+07 8.82902e+06 4.95059e+06 1e+07 4.26171e+06 5.03224e+06 1e+07 1.17548e+06 1.44138e+06 369475 1.07613e+06 19785 6490 7.24211e+06 13270 3151 2470 5388 17753 4926 1582 2729 513 8300 307 390 616 508 114 70 63 172 233 70 101 41 96 70 82 58 112 192 38 34 21 30 25 19 22 21 11 10 9 9 9 8 8 8 
