epsilon_k[0] 0.0001
epsilon_k[1] 2.18e-05
epsilon_k[2] 7.08e-05
epsilon_k[3] 2.54e-05
epsilon_k[4] 1e-05
epsilon_k[5] 7.8e-06
epsilon_k[6] 2.18e-05
omega_x0 0.168
omega_y0 0.201
dx 0.01
n_theta 100
dtheta 0.015708
epsilon 4
max_turns 10000000
from_angle 15
to_angle 20
0.235619 1e+07 1e+07 1e+07 1e+07 1e+07 1e+07 1e+07 1e+07 1e+07 1e+07 1e+07 1e+07 1e+07 1e+07 1e+07 1e+07 1e+07 1e+07 1e+07 1e+07 1e+07 1e+07 1e+07 1e+07 1e+07 1e+07 1e+07 1e+07 1e+07 1e+07 1e+07 1e+07 1e+07 1e+07 1e+07 1e+07 1e+07 1e+07 1e+07 1e+07 1e+07 1e+07 1e+07 1e+07 1e+07 1e+07 1e+07 2.40703e+06 1.15678e+06 142788 453162 411998 894255 1e+07 1.12997e+06 325998 386469 11675 22209 51091 2820 8490 22863 6654 1105 2633 542 5660 1574 6536 4637 3725 854 4554 138 233 352 277 142 288 56 246 87 1021 140 171 98 15 32 41 170 29 194 8 7 7 7 6 6 6 
0.251327 1e+07 1e+07 1e+07 1e+07 1e+07 1e+07 1e+07 1e+07 1e+07 1e+07 1e+07 1e+07 1e+07 1e+07 1e+07 1e+07 1e+07 1e+07 1e+07 1e+07 1e+07 1e+07 1e+07 1e+07 1e+07 1e+07 1e+07 1e+07 1e+07 1e+07 1e+07 1e+07 1e+07 1e+07 1e+07 1e+07 1e+07 1e+07 1e+07 1e+07 1e+07 1e+07 1e+07 1e+07 1e+07 1e+07 1e+07 1e+07 928236 515586 615512 276226 418160 959056 781185 317596 158100 30643 7661 24459 10302 3486 22879 3211 2808 1455 6144 1863 1766 888 424 642 1231 1318 354 534 110 225 226 652 109 117 43 150 57 134 96 74 14 21 21 200 15 18 9 8 7 7 6 6 
0.267035 1e+07 1e+07 1e+07 1e+07 1e+07 1e+07 1e+07 1e+07 1e+07 1e+07 1e+07 1e+07 1e+07 1e+07 1e+07 1e+07 1e+07 1e+07 1e+07 1e+07 1e+07 1e+07 1e+07 1e+07 1e+07 1e+07 1e+07 1e+07 1e+07 1e+07 1e+07 1e+07 1e+07 1e+07 1e+07 1e+07 1e+07 1e+07 1e+07 1e+07 1e+07 1e+07 1e+07 1e+07 1e+07 1e+07 1e+07 1e+07 2.34652e+06 1.51162e+06 362515 907019 664271 361375 156466 83573 8127 446364 20675 22454 28705 1879 10558 3820 2016 1674 6014 2513 2237 3969 235 841 190 593 188 258 61 224 205 292 401 170 29 40 26 36 67 41 38 14 788 20 110 16 131 17 8 7 7 7 
0.282743 1e+07 1e+07 1e+07 1e+07 1e+07 1e+07 1e+07 1e+07 1e+07 1e+07 1e+07 1e+07 1e+07 1e+07 1e+07 1e+07 1e+07 1e+07 1e+07 1e+07 1e+07 1e+07 1e+07 1e+07 1e+07 1e+07 1e+07 1e+07 1e+07 1e+07 1e+07 1e+07 1e+07 1e+07 1e+07 1e+07 1e+07 1e+07 1e+07 1e+07 1e+07 1e+07 1e+07 1e+07 1e+07 1e+07 1e+07 1e+07 1e+07 1.9036e+06 128630 649457 909298 291690 1.06666e+06 560308 151238 451395 15060 7693 7810 6277 2916 58997 9183 805 922 1318 2022 3686 4565 115 268 739 643 75 1013 83 413 103 448 725 128 59 117 30 26 27 225 36 14 15 1558 225 29 14 170 14 8 7 
0.298451 1e+07 1e+07 1e+07 1e+07 1e+07 1e+07 1e+07 1e+07 1e+07 1e+07 1e+07 1e+07 1e+07 1e+07 1e+07 1e+07 1e+07 1e+07 1e+07 1e+07 1e+07 1e+07 1e+07 1e+07 1e+07 1e+07 1e+07 1e+07 1e+07 1e+07 1e+07 1e+07 1e+07 1e+07 1e+07 1e+07 1e+07 1e+07 1e+07 1e+07 1e+07 1e+07 1e+07 1e+07 1e+07 1e+07 1e+07 1e+07 1e+07 2.8694e+06 384498 934952 528264 61652 611669 324941 699848 18181 10489 11413 8744 9563 4586 7554 3184 4051 1453 497 2408 4390 1401 11061 206 852 287 1557 1044 261 383 34 65 87 65 85 46 149 92 73 101 91 128 23 13 112 64 69 63 15 41 16 
