epsilon_k[0] 0.1
epsilon_k[0] 2.18e-05
epsilon_k[0] 7.08e-05
epsilon_k[0] 2.54e-05
epsilon_k[0] 1e-05
epsilon_k[0] 7.8e-06
epsilon_k[0] 0.218
omega_x0 0.31
omega_y0 0.32
dx 0.01
n_theta 100
dtheta 0.00785398
epsilon 12
max_turns 10000000
from_angle 72
to_angle 80
0.565487 1e+07 1.85441e+06 32651 16718 2323 1772 1346 1113 1113 1113 1042 1042 697 
0.573341 1e+07 3.41806e+06 31952 16164 2321 1772 1411 1112 1112 1112 1034 1034 679 
0.581195 1e+07 5.63967e+06 31565 14949 2320 1778 1363 1130 1130 1130 1091 1091 589 
0.589049 1e+07 2.24611e+06 31315 14434 2317 1779 1362 1151 1151 1151 1151 1151 586 
0.596903 1e+07 4.58117e+06 31317 14389 2309 1817 1341 1157 1157 1157 1157 1157 585 
0.604757 1e+07 1.50812e+06 31294 14393 2304 1794 1340 1164 1164 1164 1164 1164 588 
0.612611 1e+07 1.82583e+06 31487 16487 2318 1777 1341 1176 1176 1176 1176 1176 577 
0.620465 1e+07 4.76558e+06 31600 13838 2281 1825 1362 1211 1211 1211 1211 1211 575 
0.628319 1e+07 3.88957e+06 30921 14752 2276 1888 1363 1207 1207 1207 1207 1207 576 
