epsilon_k[0] 0.0001
epsilon_k[1] 2.18e-05
epsilon_k[2] 7.08e-05
epsilon_k[3] 2.54e-05
epsilon_k[4] 1e-05
epsilon_k[5] 7.8e-06
epsilon_k[6] 2.18e-05
omega_x0 0.168
omega_y0 0.201
dx 0.01
n_theta 100
dtheta 0.015708
epsilon 8
max_turns 10000000
from_angle 30
to_angle 35
0.471239 1e+07 1e+07 1e+07 1e+07 1e+07 1e+07 1e+07 1e+07 1e+07 1e+07 1e+07 1e+07 1e+07 1e+07 1e+07 1e+07 1e+07 1e+07 1e+07 1e+07 1e+07 1e+07 1e+07 1e+07 1e+07 1e+07 1e+07 1e+07 1e+07 1e+07 1e+07 1e+07 1e+07 1e+07 1e+07 1e+07 1e+07 1e+07 1e+07 1e+07 1e+07 1e+07 1e+07 1e+07 1e+07 1e+07 1e+07 1e+07 4.28697e+06 1.46888e+06 1.47632e+06 192213 53877 18912 27207 4011 12696 10150 2046 3439 1036 1127 44533 889 193 124 620 134 193 32 519 759 58 57 211 56 146 252 70 48 137 44 32 59 59 111 164 82 249 40 24 15 14 14 14 21 25 14 13 11 
0.486947 1e+07 1e+07 1e+07 1e+07 1e+07 1e+07 1e+07 1e+07 1e+07 1e+07 1e+07 1e+07 1e+07 1e+07 1e+07 1e+07 1e+07 1e+07 1e+07 1e+07 1e+07 1e+07 1e+07 1e+07 1e+07 1e+07 1e+07 1e+07 1e+07 1e+07 1e+07 1e+07 1e+07 1e+07 1e+07 1e+07 1e+07 1e+07 1e+07 1e+07 1e+07 1e+07 1e+07 1e+07 1e+07 1e+07 1e+07 4.39663e+06 4.10027e+06 1.28472e+06 1.56989e+06 221617 881916 51593 13086 22615 2790 1893 3501 521 930 5945 1746 2084 896 415 770 632 267 38 31 32 234 32 31 64 107 60 74 161 135 84 98 43 94 68 93 46 28 53 23 57 38 21 48 28 18 37 16 16 
0.502655 1e+07 1e+07 1e+07 1e+07 1e+07 1e+07 1e+07 1e+07 1e+07 1e+07 1e+07 1e+07 1e+07 1e+07 1e+07 1e+07 1e+07 1e+07 1e+07 1e+07 1e+07 1e+07 1e+07 1e+07 1e+07 1e+07 1e+07 1e+07 1e+07 1e+07 1e+07 1e+07 1e+07 1e+07 1e+07 1e+07 1e+07 1e+07 1e+07 1e+07 1e+07 1e+07 1e+07 1e+07 1e+07 1e+07 2.99417e+06 7.3813e+06 1.07363e+06 640049 760191 256451 118493 69288 19841 8408 4096 83419 4198 797 3791 2130 672 912 703 633 221 5878 4227 93 62 48 311 152 51 185 98 38 37 48 259 127 171 417 132 78 30 73 16 15 15 15 16 27 29 23 19 18 19 18 
0.518363 1e+07 1e+07 1e+07 1e+07 1e+07 1e+07 1e+07 1e+07 1e+07 1e+07 1e+07 1e+07 1e+07 1e+07 1e+07 1e+07 1e+07 1e+07 1e+07 1e+07 1e+07 1e+07 1e+07 1e+07 1e+07 1e+07 1e+07 1e+07 1e+07 1e+07 1e+07 1e+07 1e+07 1e+07 1e+07 1e+07 1e+07 1e+07 1e+07 1e+07 1e+07 1e+07 1e+07 1e+07 1e+07 1e+07 1e+07 3.70834e+06 1.03501e+06 2.9559e+06 871506 1.07553e+06 438052 193653 6804 5679 5767 1827 823 1466 1765 3637 1074 429 435 688 786 735 602 423 73 84 190 57 99 166 34 66 40 85 97 211 97 46 62 55 32 40 18 26 28 20 38 46 27 11 10 10 9 9 
0.534071 1e+07 1e+07 1e+07 1e+07 1e+07 1e+07 1e+07 1e+07 1e+07 1e+07 1e+07 1e+07 1e+07 1e+07 1e+07 1e+07 1e+07 1e+07 1e+07 1e+07 1e+07 1e+07 1e+07 1e+07 1e+07 1e+07 1e+07 1e+07 1e+07 1e+07 1e+07 1e+07 1e+07 1e+07 1e+07 1e+07 1e+07 1e+07 1e+07 1e+07 1e+07 1e+07 1e+07 1e+07 1e+07 1e+07 1e+07 3.73972e+06 2.22734e+06 3.71156e+06 1.56583e+06 551891 1.22775e+06 86482 9699 8202 10003 8323 13222 4238 3191 2533 393 868 750 1263 222 272 2759 186 156 133 192 112 253 104 154 58 133 76 110 42 181 393 35 30 30 30 70 19 18 28 11 10 9 9 9 8 8 8 
