epsilon_k[0] 0.0001
epsilon_k[1] 2.18e-05
epsilon_k[2] 7.08e-05
epsilon_k[3] 2.54e-05
epsilon_k[4] 1e-05
epsilon_k[5] 7.8e-06
epsilon_k[6] 2.18e-05
omega_x0 0.168
omega_y0 0.201
dx 0.01
n_theta 100
dtheta 0.015708
epsilon 24
max_turns 10000000
from_angle 55
to_angle 60
0.863938 1e+07 1e+07 1e+07 1e+07 1e+07 1e+07 1e+07 1e+07 1e+07 1e+07 1e+07 1e+07 1e+07 1e+07 1e+07 1e+07 1e+07 1e+07 1e+07 1e+07 1e+07 1e+07 1e+07 1e+07 1e+07 1e+07 1e+07 1e+07 1e+07 1e+07 1e+07 1e+07 1e+07 1e+07 1e+07 1e+07 472309 1e+07 211897 2.73012e+06 139528 151000 55484 114960 66829 202457 141136 29907 20632 95344 2039 4620 4656 1258 2290 6348 1019 1123 204 651 364 26 27 19 18 18 17 17 17 26 20 135 52 113 48 15 18 13 12 12 13 16 20 14 31 14 21 13 12 11 13 9 8 7 7 7 7 7 6 6 
0.879646 1e+07 1e+07 1e+07 1e+07 1e+07 1e+07 1e+07 1e+07 1e+07 1e+07 1e+07 1e+07 1e+07 1e+07 1e+07 1e+07 1e+07 1e+07 1e+07 1e+07 1e+07 1e+07 1e+07 1e+07 1e+07 1e+07 1e+07 1e+07 1e+07 1e+07 1e+07 1e+07 1e+07 1e+07 1e+07 7.15825e+06 1e+07 1.40765e+06 1e+07 265894 114956 237753 86216 22856 46061 56002 46283 140326 32453 2974 12499 2821 2780 4477 3017 8432 1243 3562 23396 168 177 377 791 37 45 107 23 22 42 152 240 38 28 15 18 14 12 13 23 17 19 15 15 29 12 21 11 13 9 8 7 7 7 7 7 6 6 6 6 6 
0.895354 1e+07 1e+07 1e+07 1e+07 1e+07 1e+07 1e+07 1e+07 1e+07 1e+07 1e+07 1e+07 1e+07 1e+07 1e+07 1e+07 1e+07 1e+07 1e+07 1e+07 1e+07 1e+07 1e+07 1e+07 1e+07 1e+07 1e+07 1e+07 1e+07 1e+07 1e+07 1e+07 1e+07 1e+07 1e+07 1e+07 1e+07 3.09149e+06 436669 3.63793e+06 735844 30637 59387 22310 35173 152915 129702 10947 66783 3366 3759 5666 3922 3641 24562 552 431 241 3054 317 136 111 96 68 50 18135 99 127 95 800 27 16 20 24 13 13 42 29 34 27 22 14 17 13 16 14 9 8 7 7 7 7 7 6 6 6 6 6 6 6 
0.911062 1e+07 1e+07 1e+07 1e+07 1e+07 1e+07 1e+07 1e+07 1e+07 1e+07 1e+07 1e+07 1e+07 1e+07 1e+07 1e+07 1e+07 1e+07 1e+07 1e+07 1e+07 1e+07 1e+07 1e+07 1e+07 1e+07 1e+07 1e+07 1e+07 1e+07 1e+07 1e+07 1e+07 1e+07 1e+07 1e+07 1e+07 1e+07 312892 1.09124e+06 66783 62478 105349 33054 28388 62000 46039 41107 4967 5909 4701 6390 1677 1239 1433 214 193 748 184 1372 272 88 152 63 31 173 35 63 83 49 16 19 16 13 14 22 45 26 28 14 20 16 18 18 9 8 7 7 7 7 7 6 6 6 6 6 6 6 6 6 
0.92677 1e+07 1e+07 1e+07 1e+07 1e+07 1e+07 1e+07 1e+07 1e+07 1e+07 1e+07 1e+07 1e+07 1e+07 1e+07 1e+07 1e+07 1e+07 1e+07 1e+07 1e+07 1e+07 1e+07 1e+07 1e+07 1e+07 1e+07 1e+07 1e+07 1e+07 1e+07 1e+07 1e+07 1e+07 1e+07 1e+07 1e+07 1e+07 1e+07 1.82065e+06 102300 492462 345367 20509 12207 13473 6940 15355 9805 7332 6181 18526 702 1577 1409 2537 1720 843 261 89 268 91 225 107 192 34 70 55 17 18 39 22 14 38 50 43 33 18 14 16 17 19 9 8 7 7 7 7 7 6 6 6 6 6 6 6 6 6 6 6 
