epsilon_k[0] 0.0001
epsilon_k[1] 2.18e-05
epsilon_k[2] 7.08e-05
epsilon_k[3] 2.54e-05
epsilon_k[4] 1e-05
epsilon_k[5] 7.8e-06
epsilon_k[6] 2.18e-05
omega_x0 0.168
omega_y0 0.201
dx 0.01
n_theta 100
dtheta 0.015708
epsilon 60
max_turns 10000000
from_angle 95
to_angle 101
1.49226 1e+07 1e+07 1e+07 1e+07 1e+07 1e+07 1e+07 1e+07 1e+07 1e+07 1e+07 1e+07 1e+07 1e+07 1e+07 1e+07 1e+07 1e+07 1e+07 1e+07 1e+07 1e+07 1e+07 1e+07 1e+07 1e+07 1e+07 1e+07 1e+07 1e+07 1e+07 1e+07 1e+07 1e+07 1e+07 1e+07 1e+07 7.44988e+06 1.7425e+06 1.4556e+06 1e+07 1.99997e+06 918165 641969 192856 575603 178606 292301 583083 89739 218836 33693 70375 28055 1021 3347 18653 573 1128 2068 137 490 8191 493 5704 129 504 594 62 94 103 185 146 204 36 62 20 40 49 28 146 21 17 35 18 11 11 10 10 10 9 9 9 9 9 9 9 9 8 8 
1.50796 1e+07 1e+07 1e+07 1e+07 1e+07 1e+07 1e+07 1e+07 1e+07 1e+07 1e+07 1e+07 1e+07 1e+07 1e+07 1e+07 1e+07 1e+07 1e+07 1e+07 1e+07 1e+07 1e+07 1e+07 1e+07 1e+07 1e+07 1e+07 1e+07 1e+07 1e+07 1e+07 1e+07 1e+07 1e+07 1e+07 1e+07 1e+07 3.21732e+06 2.68341e+06 4.39973e+06 574751 2.76971e+06 9.02923e+06 508783 1.12496e+06 825119 113790 1.83388e+06 22126 394302 11272 521817 5865 50901 1003 864 6732 2123 1643 380 293 2035 548 194 113 385 678 107 527 892 60 148 40 26 21 77 57 140 39 27 19 41 29 12 11 10 10 10 10 9 9 9 9 9 9 9 9 9 9 
1.52367 1e+07 1e+07 1e+07 1e+07 1e+07 1e+07 1e+07 1e+07 1e+07 1e+07 1e+07 1e+07 1e+07 1e+07 1e+07 1e+07 1e+07 1e+07 1e+07 1e+07 1e+07 1e+07 1e+07 1e+07 1e+07 1e+07 1e+07 1e+07 1e+07 1e+07 1e+07 1e+07 1e+07 1e+07 1e+07 1e+07 1e+07 1e+07 3.22106e+06 4.01516e+06 4.12517e+06 475082 8.78076e+06 2.02847e+06 660807 627558 359714 383924 665751 40285 111266 6163 42262 81830 4910 16614 1031 48699 974 1945 513 1205 285 4210 2818 330 182 5465 159 1243 190 83 39 26 20 100 22 26 218 33 54 45 32 66 23 13 11 11 11 10 10 10 10 10 10 10 10 10 10 11 
1.53938 1e+07 1e+07 1e+07 1e+07 1e+07 1e+07 1e+07 1e+07 1e+07 1e+07 1e+07 1e+07 1e+07 1e+07 1e+07 1e+07 1e+07 1e+07 1e+07 1e+07 1e+07 1e+07 1e+07 1e+07 1e+07 1e+07 1e+07 1e+07 1e+07 1e+07 1e+07 1e+07 1e+07 1e+07 1e+07 1e+07 1e+07 1e+07 1e+07 1.89691e+06 5.286e+06 9.5253e+06 4.27124e+06 1.45772e+06 2.35435e+06 1.69278e+06 163751 1.18166e+06 131171 66916 288270 168141 24832 2937 17675 18312 8142 923 1329 2249 2764 1871 405 1341 438 142 1593 307 67 95 75 36 29 20 234 62 27 21 35 47 19 40 25 151 30 21 26 23 19 20 17 15 14 25 21 14 15 12 12 11 
1.55509 1e+07 1e+07 1e+07 1e+07 1e+07 1e+07 1e+07 1e+07 1e+07 1e+07 1e+07 1e+07 1e+07 1e+07 1e+07 1e+07 1e+07 1e+07 1e+07 1e+07 1e+07 1e+07 1e+07 1e+07 1e+07 1e+07 1e+07 1e+07 1e+07 1e+07 1e+07 1e+07 1e+07 1e+07 1e+07 1e+07 1e+07 1e+07 1e+07 3.3362e+06 2.32053e+06 1.3344e+06 931538 1e+07 1.95918e+06 9.24058e+06 540895 2.06135e+06 77385 118376 723212 52232 191103 117017 51269 4445 18475 7924 4729 827 857 534 627 353 632 4425 1206 163 56 57 421 32 20 50 43 37 45 113 26 19 29 18 18 69 32 19 16 16 15 13 12 12 12 12 12 12 14 15 21 25 
1.5708 1e+07 1e+07 1e+07 1e+07 1e+07 1e+07 1e+07 1e+07 1e+07 1e+07 1e+07 1e+07 1e+07 1e+07 1e+07 1e+07 1e+07 1e+07 1e+07 1e+07 1e+07 1e+07 1e+07 1e+07 1e+07 1e+07 1e+07 1e+07 1e+07 1e+07 1e+07 1e+07 1e+07 1e+07 1e+07 1e+07 1e+07 1e+07 8.82365e+06 1e+07 1.9579e+06 3.36558e+06 1.43906e+06 2.61491e+06 306179 218724 890638 123327 174644 628580 822173 25292 584058 26154 13172 7.08265e+06 2720 1768 1854 22727 580 298 102 805 578 155 176 194 55 282 38 85 20 59 30 48 26 30 16 15 14 14 13 13 13 13 13 12 13 13 14 16 16 23 24 18 40 110 11 11 
1.5865 1e+07 1e+07 1e+07 1e+07 1e+07 1e+07 1e+07 1e+07 1e+07 1e+07 1e+07 1e+07 1e+07 1e+07 1e+07 1e+07 1e+07 1e+07 1e+07 1e+07 1e+07 1e+07 1e+07 1e+07 1e+07 1e+07 1e+07 1e+07 1e+07 1e+07 1e+07 1e+07 1e+07 1e+07 1e+07 1e+07 1e+07 1e+07 1e+07 6.5502e+06 2.69386e+06 7.72456e+06 5.24071e+06 1.3106e+06 296798 2.56103e+06 696396 263284 4.87371e+06 50639 95632 53631 170247 1.02356e+06 59223 11595 2782 8627 10912 558 577 818 1761 512 952 722 121 1040 122 59 41 360 20 71 38 34 62 34 15 14 14 14 14 14 17 21 126 22 18 26 21 40 35 61 25 12 11 12 13 27 
