epsilon_k[0] 0.0001
epsilon_k[1] 2.18e-05
epsilon_k[2] 7.08e-05
epsilon_k[3] 2.54e-05
epsilon_k[4] 1e-05
epsilon_k[5] 7.8e-06
epsilon_k[6] 2.18e-05
omega_x0 0.168
omega_y0 0.201
dx 0.01
n_theta 100
dtheta 0.015708
epsilon 32
max_turns 10000000
from_angle 48
to_angle 56
0.753982 1e+07 1e+07 1e+07 1e+07 1e+07 1e+07 1e+07 1e+07 1e+07 1e+07 1e+07 1e+07 1e+07 1e+07 1e+07 1e+07 1e+07 1e+07 1e+07 1e+07 1e+07 1e+07 1e+07 1e+07 1e+07 1e+07 1e+07 1e+07 1e+07 1e+07 1e+07 1e+07 1e+07 1e+07 1e+07 3.63327e+06 3.63327e+06 299438 299438 299438 299438 299438 299438 299438 79691 79691 79691 40036 17788 17788 6255 6255 3443 3443 1922 1654 1654 1654 1654 1265 177 
0.76969 1e+07 1e+07 1e+07 1e+07 1e+07 1e+07 1e+07 1e+07 1e+07 1e+07 1e+07 1e+07 1e+07 1e+07 1e+07 1e+07 1e+07 1e+07 1e+07 1e+07 1e+07 1e+07 1e+07 1e+07 1e+07 1e+07 1e+07 1e+07 1e+07 1e+07 1e+07 1e+07 1e+07 4.51229e+06 4.51229e+06 901945 901945 901945 901945 901945 901945 786916 786916 248831 248831 248831 106195 14072 14072 14072 11428 11162 3530 2817 2176 2176 2176 2176 1835 294 
0.785398 1e+07 1e+07 1e+07 1e+07 1e+07 1e+07 1e+07 1e+07 1e+07 1e+07 1e+07 1e+07 1e+07 1e+07 1e+07 1e+07 1e+07 1e+07 1e+07 1e+07 1e+07 1e+07 1e+07 1e+07 1e+07 1e+07 1e+07 1e+07 1e+07 7.20338e+06 7.20338e+06 7.20338e+06 3.04896e+06 3.04896e+06 3.04896e+06 3.04896e+06 636227 636227 636227 636227 163913 163913 163913 163913 163913 22328 22328 15106 15106 4201 3855 3855 1300 1300 1300 1300 303 
0.801106 1e+07 1e+07 1e+07 1e+07 1e+07 1e+07 1e+07 1e+07 1e+07 1e+07 1e+07 1e+07 1e+07 1e+07 1e+07 1e+07 1e+07 1e+07 1e+07 1e+07 1e+07 1e+07 1e+07 1e+07 1e+07 1e+07 1e+07 1e+07 1e+07 8.97464e+06 8.97464e+06 6.97066e+06 6.97066e+06 6.97066e+06 6.97066e+06 2.57026e+06 2.39566e+06 2.38554e+06 431561 431561 431561 431561 431561 158396 158396 56431 56431 56431 10401 10401 10401 10401 3248 3248 3248 3248 3248 1995 465 
0.816814 1e+07 1e+07 1e+07 1e+07 1e+07 1e+07 1e+07 1e+07 1e+07 1e+07 1e+07 1e+07 1e+07 1e+07 1e+07 1e+07 1e+07 1e+07 1e+07 1e+07 1e+07 1e+07 1e+07 1e+07 1e+07 1e+07 1e+07 1e+07 1e+07 1e+07 1e+07 1e+07 1e+07 734563 734563 734563 734563 734563 685017 327348 327348 236793 236793 124963 102850 102850 17940 6144 6144 6144 4524 4524 2015 1549 723 
0.832522 1e+07 1e+07 1e+07 1e+07 1e+07 1e+07 1e+07 1e+07 1e+07 1e+07 1e+07 1e+07 1e+07 1e+07 1e+07 1e+07 1e+07 1e+07 1e+07 1e+07 1e+07 1e+07 1e+07 1e+07 1e+07 1e+07 1e+07 1e+07 1e+07 1e+07 1e+07 1e+07 3.88467e+06 3.88467e+06 3.88467e+06 1.25073e+06 1.25073e+06 1.25073e+06 1.25073e+06 593942 533120 191257 191257 126338 118505 69411 24055 24055 5448 5448 5448 2899 810 
0.84823 1e+07 1e+07 1e+07 1e+07 1e+07 1e+07 1e+07 1e+07 1e+07 1e+07 1e+07 1e+07 1e+07 1e+07 1e+07 1e+07 1e+07 1e+07 1e+07 1e+07 1e+07 1e+07 1e+07 1e+07 1e+07 1e+07 1e+07 1e+07 1e+07 1e+07 1e+07 1e+07 8.56337e+06 4.06344e+06 895360 895360 895360 895360 715126 715126 69088 45228 45228 45228 45228 45228 33801 11542 7516 7516 7516 5858 1979 1233 1233 1233 363 
0.863938 1e+07 1e+07 1e+07 1e+07 1e+07 1e+07 1e+07 1e+07 1e+07 1e+07 1e+07 1e+07 1e+07 1e+07 1e+07 1e+07 1e+07 1e+07 1e+07 1e+07 1e+07 1e+07 1e+07 1e+07 1e+07 1e+07 1e+07 1e+07 1e+07 1e+07 1e+07 1e+07 1e+07 1e+07 2.98146e+06 2.98146e+06 2.98146e+06 2.98146e+06 1.01926e+06 110915 110915 84287 57382 57382 39442 7348 7348 7348 7348 7348 7348 7348 6652 4566 1780 1780 1780 249 
