epsilon_k[0] 0.0001
epsilon_k[1] 2.18e-05
epsilon_k[2] 7.08e-05
epsilon_k[3] 2.54e-05
epsilon_k[4] 1e-05
epsilon_k[5] 7.8e-06
epsilon_k[6] 2.18e-05
omega_x0 0.168
omega_y0 0.201
dx 0.01
n_theta 100
dtheta 0.015708
epsilon 32
max_turns 10000000
from_angle 24
to_angle 32
0.376991 1e+07 1e+07 1e+07 1e+07 1e+07 1e+07 1e+07 1e+07 1e+07 1e+07 1e+07 1e+07 1e+07 1e+07 1e+07 1e+07 1e+07 1e+07 1e+07 1e+07 1e+07 1e+07 1e+07 1e+07 1e+07 1e+07 1e+07 1e+07 1e+07 1e+07 1e+07 1e+07 1e+07 1e+07 1e+07 1e+07 1e+07 1e+07 1e+07 6.53015e+06 6.53015e+06 6.53015e+06 6.53015e+06 6.53015e+06 6.53015e+06 6.53015e+06 1.4614e+06 927344 238332 160046 160046 36279 36279 23809 19253 19253 4795 4795 4795 1351 1351 1320 995 
0.392699 1e+07 1e+07 1e+07 1e+07 1e+07 1e+07 1e+07 1e+07 1e+07 1e+07 1e+07 1e+07 1e+07 1e+07 1e+07 1e+07 1e+07 1e+07 1e+07 1e+07 1e+07 1e+07 1e+07 1e+07 1e+07 1e+07 1e+07 1e+07 1e+07 1e+07 1e+07 1e+07 1e+07 1e+07 1e+07 1e+07 1e+07 1e+07 1e+07 1e+07 2.67588e+06 2.67588e+06 2.67588e+06 2.67588e+06 2.67588e+06 2.67588e+06 2.67588e+06 1.7626e+06 256912 256912 256912 73861 73861 73861 7403 7403 7403 7403 7403 7403 489 
0.408407 1e+07 1e+07 1e+07 1e+07 1e+07 1e+07 1e+07 1e+07 1e+07 1e+07 1e+07 1e+07 1e+07 1e+07 1e+07 1e+07 1e+07 1e+07 1e+07 1e+07 1e+07 1e+07 1e+07 1e+07 1e+07 1e+07 1e+07 1e+07 1e+07 1e+07 1e+07 1e+07 1e+07 1e+07 1e+07 1e+07 1e+07 1e+07 6.02617e+06 6.02617e+06 6.02617e+06 2.61583e+06 2.61583e+06 2.61583e+06 2.61583e+06 1.07364e+06 1.07364e+06 456923 193171 193171 102138 102138 19884 12411 12411 12411 8478 8293 8293 572 
0.424115 1e+07 1e+07 1e+07 1e+07 1e+07 1e+07 1e+07 1e+07 1e+07 1e+07 1e+07 1e+07 1e+07 1e+07 1e+07 1e+07 1e+07 1e+07 1e+07 1e+07 1e+07 1e+07 1e+07 1e+07 1e+07 1e+07 1e+07 1e+07 1e+07 1e+07 1e+07 1e+07 1e+07 1e+07 1e+07 1e+07 1e+07 1e+07 1e+07 1e+07 4.51755e+06 4.51755e+06 4.51755e+06 3.22014e+06 1.55882e+06 1.55882e+06 761198 750631 693291 622775 196350 108013 108013 13102 13102 6433 3611 3611 3171 3171 3171 3005 2128 2128 1061 590 
0.439823 1e+07 1e+07 1e+07 1e+07 1e+07 1e+07 1e+07 1e+07 1e+07 1e+07 1e+07 1e+07 1e+07 1e+07 1e+07 1e+07 1e+07 1e+07 1e+07 1e+07 1e+07 1e+07 1e+07 1e+07 1e+07 1e+07 1e+07 1e+07 1e+07 1e+07 1e+07 1e+07 1e+07 1e+07 1e+07 1e+07 1e+07 1e+07 1e+07 1e+07 2.60727e+06 2.60727e+06 2.60727e+06 2.60727e+06 2.60727e+06 2.60727e+06 2.60727e+06 1.02619e+06 1.02619e+06 271786 120052 103136 25102 15588 7416 7416 7416 2084 2084 2084 2084 2013 514 
0.455531 1e+07 1e+07 1e+07 1e+07 1e+07 1e+07 1e+07 1e+07 1e+07 1e+07 1e+07 1e+07 1e+07 1e+07 1e+07 1e+07 1e+07 1e+07 1e+07 1e+07 1e+07 1e+07 1e+07 1e+07 1e+07 1e+07 1e+07 1e+07 1e+07 1e+07 1e+07 1e+07 1e+07 1e+07 1e+07 1e+07 1e+07 1e+07 1e+07 1e+07 1e+07 1e+07 1e+07 985330 985330 985330 985330 985330 133188 133188 115872 33293 33293 33293 6305 6305 6305 6305 1767 1014 1014 1014 1014 749 
0.471239 1e+07 1e+07 1e+07 1e+07 1e+07 1e+07 1e+07 1e+07 1e+07 1e+07 1e+07 1e+07 1e+07 1e+07 1e+07 1e+07 1e+07 1e+07 1e+07 1e+07 1e+07 1e+07 1e+07 1e+07 1e+07 1e+07 1e+07 1e+07 1e+07 1e+07 1e+07 1e+07 1e+07 1e+07 1e+07 1e+07 1e+07 1e+07 1e+07 3.49556e+06 3.49556e+06 3.49556e+06 3.49556e+06 3.49556e+06 734720 734720 734720 734720 734720 185157 185157 184669 40617 40617 40617 5171 5171 3314 1636 1636 817 
0.486947 1e+07 1e+07 1e+07 1e+07 1e+07 1e+07 1e+07 1e+07 1e+07 1e+07 1e+07 1e+07 1e+07 1e+07 1e+07 1e+07 1e+07 1e+07 1e+07 1e+07 1e+07 1e+07 1e+07 1e+07 1e+07 1e+07 1e+07 1e+07 1e+07 1e+07 1e+07 1e+07 1e+07 1e+07 1e+07 1e+07 1e+07 7.62553e+06 5.29721e+06 5.29721e+06 2.48609e+06 2.48609e+06 1.63342e+06 1.63342e+06 1.63342e+06 748634 748634 748634 574249 574249 240725 205340 135881 110758 11985 11985 6274 4581 4581 1239 1239 1239 1239 1239 660 
