epsilon_k[0] 0.0001
epsilon_k[1] 2.18e-05
epsilon_k[2] 7.08e-05
epsilon_k[3] 2.54e-05
epsilon_k[4] 1e-05
epsilon_k[5] 7.8e-06
epsilon_k[6] 2.18e-05
omega_x0 0.168
omega_y0 0.201
dx 0.01
n_theta 100
dtheta 0.015708
epsilon 64
max_turns 10000000
from_angle 16
to_angle 24
0.251327 1e+07 1e+07 1e+07 1e+07 1e+07 1e+07 1e+07 1e+07 1e+07 1e+07 1e+07 1e+07 1e+07 1e+07 1e+07 1e+07 1e+07 1e+07 1e+07 1e+07 1e+07 1e+07 1e+07 1e+07 1e+07 1e+07 1e+07 1e+07 1e+07 4.72691e+06 4.72691e+06 2.55761e+06 2.55761e+06 2.55761e+06 2.55761e+06 1.56634e+06 1.56634e+06 932217 932217 353747 353747 353747 353747 353747 126664 126664 126664 126664 126664 43903 12470 12470 12470 10296 10296 5926 5926 5926 5926 5926 2194 2194 2194 1017 1017 1017 1017 1017 268 
0.267035 1e+07 1e+07 1e+07 1e+07 1e+07 1e+07 1e+07 1e+07 1e+07 1e+07 1e+07 1e+07 1e+07 1e+07 1e+07 1e+07 1e+07 1e+07 1e+07 1e+07 1e+07 1e+07 1e+07 1e+07 1e+07 1e+07 1e+07 1e+07 5.72464e+06 5.72464e+06 4.54758e+06 4.54758e+06 762331 762331 762331 762331 762331 762331 762331 762331 478936 478936 144427 144427 144427 144427 67655 67655 16748 16748 16748 16748 16748 16748 16748 16479 16479 16479 10035 2692 2692 2692 1248 1248 1248 1248 1188 1063 1063 1063 594 
0.282743 1e+07 1e+07 1e+07 1e+07 1e+07 1e+07 1e+07 1e+07 1e+07 1e+07 1e+07 1e+07 1e+07 1e+07 1e+07 1e+07 1e+07 1e+07 1e+07 1e+07 1e+07 1e+07 1e+07 1e+07 1e+07 1.28006e+06 1.28006e+06 1.28006e+06 1.28006e+06 1.28006e+06 1.28006e+06 611403 611403 611403 611403 611403 611403 611403 611403 611403 611403 611403 206613 206613 126421 126421 126421 126421 126421 96177 35842 26692 26692 10891 7345 7345 5830 5830 5830 5830 3310 3310 3310 1604 1604 1604 1604 1604 495 
0.298451 1e+07 1e+07 1e+07 1e+07 1e+07 1e+07 1e+07 1e+07 1e+07 1e+07 1e+07 1e+07 1e+07 1e+07 1e+07 1e+07 1e+07 1e+07 1e+07 1e+07 1e+07 1e+07 1e+07 1e+07 1e+07 1e+07 7.1084e+06 5.07498e+06 5.07498e+06 2.90431e+06 2.90431e+06 2.90431e+06 2.15515e+06 1.10356e+06 1.10356e+06 1.10356e+06 1.10356e+06 1.10356e+06 809030 809030 809030 560163 560163 560163 560163 201541 96717 96717 31144 31144 31144 19204 19204 7053 7053 7053 7053 7053 7053 5729 3992 2792 2589 1005 1005 342 
0.314159 1e+07 1e+07 1e+07 1e+07 1e+07 1e+07 1e+07 1e+07 1e+07 1e+07 1e+07 1e+07 1e+07 1e+07 1e+07 1e+07 1e+07 1e+07 1e+07 1e+07 1e+07 1e+07 1e+07 1e+07 1e+07 1e+07 5.37364e+06 4.3688e+06 4.3688e+06 3.03021e+06 2.38464e+06 2.38464e+06 2.38464e+06 1.56569e+06 1.27764e+06 1.27764e+06 976400 976400 526894 526894 526894 320512 320512 155694 155694 155694 155694 155694 24061 15287 15287 15287 15287 15287 15287 15287 15287 15287 2866 2866 2866 2866 1285 308 
0.329867 1e+07 1e+07 1e+07 1e+07 1e+07 1e+07 1e+07 1e+07 1e+07 1e+07 1e+07 1e+07 1e+07 1e+07 1e+07 1e+07 1e+07 1e+07 1e+07 1e+07 1e+07 1e+07 1e+07 1e+07 1e+07 1e+07 1.6886e+06 1.6886e+06 1.6886e+06 1.6886e+06 1.6886e+06 1.6886e+06 1.6886e+06 850924 850924 850924 850924 303348 303348 303348 303348 240645 240645 240645 240645 240645 137485 24384 24384 24384 24384 7725 7725 7725 7725 7725 7725 7725 7725 6557 5068 2559 2559 536 
0.345575 1e+07 1e+07 1e+07 1e+07 1e+07 1e+07 1e+07 1e+07 1e+07 1e+07 1e+07 1e+07 1e+07 1e+07 1e+07 1e+07 1e+07 1e+07 1e+07 1e+07 1e+07 1e+07 1e+07 1e+07 1e+07 1e+07 6.56473e+06 1.95395e+06 1.95395e+06 1.11658e+06 1.11658e+06 1.11658e+06 1.11658e+06 616316 616316 616316 616316 616316 616316 616316 351333 60006 60006 60006 60006 60006 60006 60006 60006 60006 60006 26458 26458 25890 25890 6416 6416 6416 2121 2121 1348 1348 899 
0.361283 1e+07 1e+07 1e+07 1e+07 1e+07 1e+07 1e+07 1e+07 1e+07 1e+07 1e+07 1e+07 1e+07 1e+07 1e+07 1e+07 1e+07 1e+07 1e+07 1e+07 1e+07 1e+07 1e+07 1e+07 1e+07 1e+07 1e+07 3.32919e+06 3.32919e+06 3.28684e+06 3.11219e+06 3.11219e+06 1.2594e+06 1.2594e+06 1.2594e+06 1.2594e+06 1.2594e+06 1.2594e+06 668034 668034 668034 668034 668034 541038 61785 61785 61785 28109 28109 28109 28109 28109 16184 7732 3784 3784 3784 3784 3784 815 
