epsilon_k[0] 0.0001
epsilon_k[1] 2.18e-05
epsilon_k[2] 7.08e-05
epsilon_k[3] 2.54e-05
epsilon_k[4] 1e-05
epsilon_k[5] 7.8e-06
epsilon_k[6] 2.18e-05
omega_x0 0.168
omega_y0 0.201
dx 0.01
n_theta 100
dtheta 0.015708
epsilon 64
max_turns 10000000
from_angle 48
to_angle 56
0.753982 1e+07 1e+07 1e+07 1e+07 1e+07 1e+07 1e+07 1e+07 1e+07 1e+07 1e+07 1e+07 1e+07 1e+07 1e+07 1e+07 1e+07 1e+07 1e+07 1e+07 1e+07 1e+07 1e+07 1e+07 1e+07 1e+07 1e+07 1e+07 1e+07 5.90376e+06 833397 671797 671797 280601 280601 280601 280601 280601 280601 280601 280601 280601 68424 36983 36983 36983 11285 8559 6477 6477 6477 1231 1231 1231 1231 1231 430 
0.76969 1e+07 1e+07 1e+07 1e+07 1e+07 1e+07 1e+07 1e+07 1e+07 1e+07 1e+07 1e+07 1e+07 1e+07 1e+07 1e+07 1e+07 1e+07 1e+07 1e+07 1e+07 1e+07 1e+07 1e+07 1e+07 1e+07 1e+07 1e+07 1e+07 9.69098e+06 4.80258e+06 2.03403e+06 2.03403e+06 1.05956e+06 1.05956e+06 976197 976197 329579 329579 329579 79434 56679 56679 56679 33084 27011 27011 7077 7077 7077 7077 2715 1355 1355 1251 976 
0.785398 1e+07 1e+07 1e+07 1e+07 1e+07 1e+07 1e+07 1e+07 1e+07 1e+07 1e+07 1e+07 1e+07 1e+07 1e+07 1e+07 1e+07 1e+07 1e+07 1e+07 1e+07 1e+07 1e+07 1e+07 1e+07 1e+07 1e+07 1e+07 1e+07 1e+07 3.64231e+06 3.64231e+06 3.64231e+06 3.64231e+06 3.64231e+06 3.15672e+06 1.91634e+06 1.41454e+06 100403 100403 100403 100403 47068 47068 31563 31563 31563 14847 14847 14847 14847 4923 1564 1564 700 
0.801106 1e+07 1e+07 1e+07 1e+07 1e+07 1e+07 1e+07 1e+07 1e+07 1e+07 1e+07 1e+07 1e+07 1e+07 1e+07 1e+07 1e+07 1e+07 1e+07 1e+07 1e+07 1e+07 1e+07 1e+07 1e+07 1e+07 1e+07 1e+07 1e+07 4.66579e+06 4.66579e+06 4.66579e+06 1.32456e+06 514621 293481 293481 150205 150205 137913 137913 30112 30112 30112 30112 30112 12495 12495 12495 8770 8770 6525 2814 2814 2814 2090 2090 185 
0.816814 1e+07 1e+07 1e+07 1e+07 1e+07 1e+07 1e+07 1e+07 1e+07 1e+07 1e+07 1e+07 1e+07 1e+07 1e+07 1e+07 1e+07 1e+07 1e+07 1e+07 1e+07 1e+07 1e+07 1e+07 1e+07 1e+07 1e+07 1e+07 1e+07 1e+07 1e+07 6.41762e+06 344914 344914 333076 333076 171650 171650 171650 171650 91340 78823 39544 39544 39544 39544 14900 8137 8137 6165 2069 1875 1875 1391 1391 1391 714 
0.832522 1e+07 1e+07 1e+07 1e+07 1e+07 1e+07 1e+07 1e+07 1e+07 1e+07 1e+07 1e+07 1e+07 1e+07 1e+07 1e+07 1e+07 1e+07 1e+07 1e+07 1e+07 1e+07 1e+07 1e+07 1e+07 1e+07 1e+07 8.73605e+06 8.21611e+06 7.49487e+06 5.63609e+06 2.32425e+06 1.289e+06 303586 303586 303586 303586 232548 185393 185393 168745 139436 139436 41417 19381 15356 15356 13549 13549 3215 2357 2357 2357 2357 2357 1248 1248 872 
0.84823 1e+07 1e+07 1e+07 1e+07 1e+07 1e+07 1e+07 1e+07 1e+07 1e+07 1e+07 1e+07 1e+07 1e+07 1e+07 1e+07 1e+07 1e+07 1e+07 1e+07 1e+07 1e+07 1e+07 1e+07 1e+07 1e+07 1e+07 1e+07 1e+07 1e+07 1.26361e+06 1.26361e+06 393157 393157 393157 393157 171225 156845 156845 156845 156845 39926 39926 24573 9578 9578 9578 9578 9578 7768 7768 2926 1504 1504 1504 1147 449 
0.863938 1e+07 1e+07 1e+07 1e+07 1e+07 1e+07 1e+07 1e+07 1e+07 1e+07 1e+07 1e+07 1e+07 1e+07 1e+07 1e+07 1e+07 1e+07 1e+07 1e+07 1e+07 1e+07 1e+07 1e+07 1e+07 1e+07 1e+07 1e+07 1e+07 1e+07 2.4274e+06 1.4468e+06 1.4468e+06 1.4468e+06 184482 184482 120145 120145 120145 104298 104298 82738 82738 15364 15364 15364 15364 12810 3900 3389 1860 1860 1860 1860 979 
